<?xml version="1.0" encoding="UTF-8"?>
<testsuite xmlns:xsi="http://www.w3.org/2001/XMLSchema-instance" xsi:noNamespaceSchemaLocation="https://maven.apache.org/surefire/maven-surefire-plugin/xsd/surefire-test-report-3.0.xsd" version="3.0" name="TestSuite" time="138.638" tests="4" errors="0" skipped="0" failures="2">
  <properties>
    <property name="gopherProxySet" value="false"/>
    <property name="awt.toolkit" value="sun.lwawt.macosx.LWCToolkit"/>
    <property name="file.encoding.pkg" value="sun.io"/>
    <property name="java.specification.version" value="1.8"/>
    <property name="webdriver.chrome.driver" value="src/test/resources/drivers/chromedriver_mac_2"/>
    <property name="sun.cpu.isalist" value=""/>
    <property name="sun.jnu.encoding" value="UTF-8"/>
    <property name="java.class.path" value="/Users/minhdao/Minh-selenium-cucumber-java/target/test-classes:/Users/minhdao/Minh-selenium-cucumber-java/target/classes:/Users/minhdao/.m2/repository/io/cucumber/cucumber-java/6.11.0/cucumber-java-6.11.0.jar:/Users/minhdao/.m2/repository/io/cucumber/cucumber-core/6.11.0/cucumber-core-6.11.0.jar:/Users/minhdao/.m2/repository/io/cucumber/cucumber-gherkin/6.11.0/cucumber-gherkin-6.11.0.jar:/Users/minhdao/.m2/repository/io/cucumber/cucumber-gherkin-messages/6.11.0/cucumber-gherkin-messages-6.11.0.jar:/Users/minhdao/.m2/repository/io/cucumber/messages/15.0.0/messages-15.0.0.jar:/Users/minhdao/.m2/repository/io/cucumber/tag-expressions/3.0.1/tag-expressions-3.0.1.jar:/Users/minhdao/.m2/repository/io/cucumber/cucumber-expressions/10.3.0/cucumber-expressions-10.3.0.jar:/Users/minhdao/.m2/repository/io/cucumber/datatable/3.5.0/datatable-3.5.0.jar:/Users/minhdao/.m2/repository/io/cucumber/cucumber-plugin/6.11.0/cucumber-plugin-6.11.0.jar:/Users/minhdao/.m2/repository/io/cucumber/docstring/6.11.0/docstring-6.11.0.jar:/Users/minhdao/.m2/repository/io/cucumber/html-formatter/13.0.0/html-formatter-13.0.0.jar:/Users/minhdao/.m2/repository/io/cucumber/create-meta/4.0.0/create-meta-4.0.0.jar:/Users/minhdao/.m2/repository/org/apiguardian/apiguardian-api/1.1.2/apiguardian-api-1.1.2.jar:/Users/minhdao/.m2/repository/org/apache/poi/poi-ooxml/4.1.0/poi-ooxml-4.1.0.jar:/Users/minhdao/.m2/repository/org/apache/poi/poi/4.1.0/poi-4.1.0.jar:/Users/minhdao/.m2/repository/commons-codec/commons-codec/1.12/commons-codec-1.12.jar:/Users/minhdao/.m2/repository/org/apache/commons/commons-collections4/4.3/commons-collections4-4.3.jar:/Users/minhdao/.m2/repository/org/apache/commons/commons-math3/3.6.1/commons-math3-3.6.1.jar:/Users/minhdao/.m2/repository/org/apache/poi/poi-ooxml-schemas/4.1.0/poi-ooxml-schemas-4.1.0.jar:/Users/minhdao/.m2/repository/org/apache/xmlbeans/xmlbeans/3.1.0/xmlbeans-3.1.0.jar:/Users/minhdao/.m2/repository/org/apache/commons/commons-compress/1.18/commons-compress-1.18.jar:/Users/minhdao/.m2/repository/com/github/virtuald/curvesapi/1.06/curvesapi-1.06.jar:/Users/minhdao/.m2/repository/com/fasterxml/jackson/core/jackson-databind/2.12.3/jackson-databind-2.12.3.jar:/Users/minhdao/.m2/repository/com/fasterxml/jackson/core/jackson-annotations/2.12.3/jackson-annotations-2.12.3.jar:/Users/minhdao/.m2/repository/com/fasterxml/jackson/core/jackson-core/2.12.3/jackson-core-2.12.3.jar:/Users/minhdao/.m2/repository/org/seleniumhq/selenium/selenium-java/4.0.0/selenium-java-4.0.0.jar:/Users/minhdao/.m2/repository/org/seleniumhq/selenium/selenium-api/4.0.0/selenium-api-4.0.0.jar:/Users/minhdao/.m2/repository/org/seleniumhq/selenium/selenium-chrome-driver/4.0.0/selenium-chrome-driver-4.0.0.jar:/Users/minhdao/.m2/repository/com/google/auto/service/auto-service-annotations/1.0/auto-service-annotations-1.0.jar:/Users/minhdao/.m2/repository/com/google/auto/service/auto-service/1.0/auto-service-1.0.jar:/Users/minhdao/.m2/repository/com/google/auto/auto-common/1.0/auto-common-1.0.jar:/Users/minhdao/.m2/repository/com/google/guava/guava/31.0.1-jre/guava-31.0.1-jre.jar:/Users/minhdao/.m2/repository/com/google/guava/failureaccess/1.0.1/failureaccess-1.0.1.jar:/Users/minhdao/.m2/repository/com/google/guava/listenablefuture/9999.0-empty-to-avoid-conflict-with-guava/listenablefuture-9999.0-empty-to-avoid-conflict-with-guava.jar:/Users/minhdao/.m2/repository/org/checkerframework/checker-qual/3.12.0/checker-qual-3.12.0.jar:/Users/minhdao/.m2/repository/com/google/errorprone/error_prone_annotations/2.7.1/error_prone_annotations-2.7.1.jar:/Users/minhdao/.m2/repository/com/google/j2objc/j2objc-annotations/1.3/j2objc-annotations-1.3.jar:/Users/minhdao/.m2/repository/org/seleniumhq/selenium/selenium-chromium-driver/4.0.0/selenium-chromium-driver-4.0.0.jar:/Users/minhdao/.m2/repository/org/seleniumhq/selenium/selenium-json/4.0.0/selenium-json-4.0.0.jar:/Users/minhdao/.m2/repository/org/seleniumhq/selenium/selenium-devtools-v85/4.0.0/selenium-devtools-v85-4.0.0.jar:/Users/minhdao/.m2/repository/org/seleniumhq/selenium/selenium-devtools-v93/4.0.0/selenium-devtools-v93-4.0.0.jar:/Users/minhdao/.m2/repository/org/seleniumhq/selenium/selenium-devtools-v94/4.0.0/selenium-devtools-v94-4.0.0.jar:/Users/minhdao/.m2/repository/org/seleniumhq/selenium/selenium-devtools-v95/4.0.0/selenium-devtools-v95-4.0.0.jar:/Users/minhdao/.m2/repository/org/seleniumhq/selenium/selenium-edge-driver/4.0.0/selenium-edge-driver-4.0.0.jar:/Users/minhdao/.m2/repository/org/seleniumhq/selenium/selenium-firefox-driver/4.0.0/selenium-firefox-driver-4.0.0.jar:/Users/minhdao/.m2/repository/org/seleniumhq/selenium/selenium-firefox-xpi-driver/4.0.0/selenium-firefox-xpi-driver-4.0.0.jar:/Users/minhdao/.m2/repository/org/seleniumhq/selenium/selenium-ie-driver/4.0.0/selenium-ie-driver-4.0.0.jar:/Users/minhdao/.m2/repository/org/seleniumhq/selenium/selenium-opera-driver/4.0.0/selenium-opera-driver-4.0.0.jar:/Users/minhdao/.m2/repository/org/seleniumhq/selenium/selenium-remote-driver/4.0.0/selenium-remote-driver-4.0.0.jar:/Users/minhdao/.m2/repository/io/netty/netty-buffer/4.1.68.Final/netty-buffer-4.1.68.Final.jar:/Users/minhdao/.m2/repository/io/netty/netty-codec-http/4.1.67.Final/netty-codec-http-4.1.67.Final.jar:/Users/minhdao/.m2/repository/io/netty/netty-codec/4.1.67.Final/netty-codec-4.1.67.Final.jar:/Users/minhdao/.m2/repository/io/netty/netty-handler/4.1.67.Final/netty-handler-4.1.67.Final.jar:/Users/minhdao/.m2/repository/io/netty/netty-common/4.1.68.Final/netty-common-4.1.68.Final.jar:/Users/minhdao/.m2/repository/io/netty/netty-transport-native-epoll/4.1.67.Final/netty-transport-native-epoll-4.1.67.Final.jar:/Users/minhdao/.m2/repository/io/netty/netty-transport-native-kqueue/4.1.67.Final/netty-transport-native-kqueue-4.1.67.Final.jar:/Users/minhdao/.m2/repository/io/netty/netty-transport-native-unix-common/4.1.67.Final/netty-transport-native-unix-common-4.1.67.Final.jar:/Users/minhdao/.m2/repository/io/netty/netty-transport/4.1.68.Final/netty-transport-4.1.68.Final.jar:/Users/minhdao/.m2/repository/io/netty/netty-resolver/4.1.68.Final/netty-resolver-4.1.68.Final.jar:/Users/minhdao/.m2/repository/io/opentelemetry/opentelemetry-api/1.6.0/opentelemetry-api-1.6.0.jar:/Users/minhdao/.m2/repository/io/opentelemetry/opentelemetry-context/1.6.0/opentelemetry-context-1.6.0.jar:/Users/minhdao/.m2/repository/io/opentelemetry/opentelemetry-exporter-logging/1.6.0/opentelemetry-exporter-logging-1.6.0.jar:/Users/minhdao/.m2/repository/io/opentelemetry/opentelemetry-sdk-metrics/1.6.0-alpha/opentelemetry-sdk-metrics-1.6.0-alpha.jar:/Users/minhdao/.m2/repository/io/opentelemetry/opentelemetry-sdk-common/1.6.0/opentelemetry-sdk-common-1.6.0.jar:/Users/minhdao/.m2/repository/io/opentelemetry/opentelemetry-sdk-extension-autoconfigure-spi/1.6.0/opentelemetry-sdk-extension-autoconfigure-spi-1.6.0.jar:/Users/minhdao/.m2/repository/io/opentelemetry/opentelemetry-sdk-extension-autoconfigure/1.6.0-alpha/opentelemetry-sdk-extension-autoconfigure-1.6.0-alpha.jar:/Users/minhdao/.m2/repository/io/opentelemetry/opentelemetry-sdk-trace/1.6.0/opentelemetry-sdk-trace-1.6.0.jar:/Users/minhdao/.m2/repository/io/opentelemetry/opentelemetry-api-metrics/1.6.0-alpha/opentelemetry-api-metrics-1.6.0-alpha.jar:/Users/minhdao/.m2/repository/io/opentelemetry/opentelemetry-sdk/1.6.0/opentelemetry-sdk-1.6.0.jar:/Users/minhdao/.m2/repository/io/opentelemetry/opentelemetry-semconv/1.6.0-alpha/opentelemetry-semconv-1.6.0-alpha.jar:/Users/minhdao/.m2/repository/io/ous/jtoml/2.0.0/jtoml-2.0.0.jar:/Users/minhdao/.m2/repository/net/bytebuddy/byte-buddy/1.11.19/byte-buddy-1.11.19.jar:/Users/minhdao/.m2/repository/org/apache/commons/commons-exec/1.3/commons-exec-1.3.jar:/Users/minhdao/.m2/repository/org/asynchttpclient/async-http-client/2.12.3/async-http-client-2.12.3.jar:/Users/minhdao/.m2/repository/org/asynchttpclient/async-http-client-netty-utils/2.12.3/async-http-client-netty-utils-2.12.3.jar:/Users/minhdao/.m2/repository/io/netty/netty-codec-socks/4.1.60.Final/netty-codec-socks-4.1.60.Final.jar:/Users/minhdao/.m2/repository/io/netty/netty-handler-proxy/4.1.60.Final/netty-handler-proxy-4.1.60.Final.jar:/Users/minhdao/.m2/repository/io/netty/netty-transport-native-epoll/4.1.60.Final/netty-transport-native-epoll-4.1.60.Final-linux-x86_64.jar:/Users/minhdao/.m2/repository/io/netty/netty-transport-native-kqueue/4.1.60.Final/netty-transport-native-kqueue-4.1.60.Final-osx-x86_64.jar:/Users/minhdao/.m2/repository/org/reactivestreams/reactive-streams/1.0.3/reactive-streams-1.0.3.jar:/Users/minhdao/.m2/repository/com/typesafe/netty/netty-reactive-streams/2.0.4/netty-reactive-streams-2.0.4.jar:/Users/minhdao/.m2/repository/com/sun/activation/jakarta.activation/1.2.2/jakarta.activation-1.2.2.jar:/Users/minhdao/.m2/repository/org/seleniumhq/selenium/selenium-http/4.0.0/selenium-http-4.0.0.jar:/Users/minhdao/.m2/repository/org/seleniumhq/selenium/selenium-safari-driver/4.0.0/selenium-safari-driver-4.0.0.jar:/Users/minhdao/.m2/repository/org/seleniumhq/selenium/selenium-support/4.0.0/selenium-support-4.0.0.jar:/Users/minhdao/.m2/repository/org/seleniumhq/selenium/selenium-server/4.0.0-alpha-2/selenium-server-4.0.0-alpha-2.jar:/Users/minhdao/.m2/repository/org/seleniumhq/selenium/grid/4.0.0-alpha-2/grid-4.0.0-alpha-2.jar:/Users/minhdao/.m2/repository/org/seleniumhq/selenium/selenium-edgehtml-driver/4.0.0-alpha-2/selenium-edgehtml-driver-4.0.0-alpha-2.jar:/Users/minhdao/.m2/repository/org/seleniumhq/selenium/jetty-repacked/9.4.12.v20180830.1/jetty-repacked-9.4.12.v20180830.1.jar:/Users/minhdao/.m2/repository/javax/servlet/javax.servlet-api/3.1.0/javax.servlet-api-3.1.0.jar:/Users/minhdao/.m2/repository/org/zeromq/jeromq/0.5.1/jeromq-0.5.1.jar:/Users/minhdao/.m2/repository/eu/neilalexander/jnacl/1.0.0/jnacl-1.0.0.jar:/Users/minhdao/.m2/repository/net/jcip/jcip-annotations/1.0/jcip-annotations-1.0.jar:/Users/minhdao/.m2/repository/org/yaml/snakeyaml/1.24/snakeyaml-1.24.jar:/Users/minhdao/.m2/repository/com/paulhammant/ngwebdriver/1.0/ngwebdriver-1.0.jar:/Users/minhdao/.m2/repository/tech/grasshopper/extentreports-cucumber6-adapter/2.8.4/extentreports-cucumber6-adapter-2.8.4.jar:/Users/minhdao/.m2/repository/com/aventstack/extentreports/5.0.8/extentreports-5.0.8.jar:/Users/minhdao/.m2/repository/io/reactivex/rxjava3/rxjava/3.0.4/rxjava-3.0.4.jar:/Users/minhdao/.m2/repository/org/freemarker/freemarker/2.3.30/freemarker-2.3.30.jar:/Users/minhdao/.m2/repository/org/projectlombok/lombok/1.18.12/lombok-1.18.12.jar:/Users/minhdao/.m2/repository/com/google/code/gson/gson/2.8.6/gson-2.8.6.jar:/Users/minhdao/.m2/repository/tech/grasshopper/extent-pdf-report/1.7.4/extent-pdf-report-1.7.4.jar:/Users/minhdao/.m2/repository/tech/grasshopper/cucumber-pdf-report/2.2.4/cucumber-pdf-report-2.2.4.jar:/Users/minhdao/.m2/repository/org/apache/pdfbox/pdfbox/2.0.22/pdfbox-2.0.22.jar:/Users/minhdao/.m2/repository/org/apache/pdfbox/fontbox/2.0.22/fontbox-2.0.22.jar:/Users/minhdao/.m2/repository/org/knowm/xchart/xchart/3.8.0/xchart-3.8.0.jar:/Users/minhdao/.m2/repository/de/erichseifert/vectorgraphics2d/VectorGraphics2D/0.13/VectorGraphics2D-0.13.jar:/Users/minhdao/.m2/repository/de/rototor/pdfbox/graphics2d/0.30/graphics2d-0.30.jar:/Users/minhdao/.m2/repository/com/madgag/animated-gif-lib/1.4/animated-gif-lib-1.4.jar:/Users/minhdao/.m2/repository/tech/grasshopper/table-layout/1.2.0/table-layout-1.2.0.jar:/Users/minhdao/.m2/repository/org/jsoup/jsoup/1.13.1/jsoup-1.13.1.jar:/Users/minhdao/.m2/repository/com/aventstack/klov-reporter/5.0.8/klov-reporter-5.0.8.jar:/Users/minhdao/.m2/repository/org/mongodb/bson/3.6.4/bson-3.6.4.jar:/Users/minhdao/.m2/repository/org/mongodb/mongodb-driver/3.3.0/mongodb-driver-3.3.0.jar:/Users/minhdao/.m2/repository/org/mongodb/mongodb-driver-core/3.3.0/mongodb-driver-core-3.3.0.jar:/Users/minhdao/.m2/repository/io/rest-assured/rest-assured/4.4.0/rest-assured-4.4.0.jar:/Users/minhdao/.m2/repository/org/codehaus/groovy/groovy/3.0.8/groovy-3.0.8.jar:/Users/minhdao/.m2/repository/org/codehaus/groovy/groovy-xml/3.0.8/groovy-xml-3.0.8.jar:/Users/minhdao/.m2/repository/org/apache/httpcomponents/httpclient/4.5.13/httpclient-4.5.13.jar:/Users/minhdao/.m2/repository/org/apache/httpcomponents/httpcore/4.4.13/httpcore-4.4.13.jar:/Users/minhdao/.m2/repository/commons-logging/commons-logging/1.2/commons-logging-1.2.jar:/Users/minhdao/.m2/repository/org/apache/httpcomponents/httpmime/4.5.13/httpmime-4.5.13.jar:/Users/minhdao/.m2/repository/org/hamcrest/hamcrest/2.1/hamcrest-2.1.jar:/Users/minhdao/.m2/repository/org/ccil/cowan/tagsoup/tagsoup/1.2.1/tagsoup-1.2.1.jar:/Users/minhdao/.m2/repository/io/rest-assured/json-path/4.4.0/json-path-4.4.0.jar:/Users/minhdao/.m2/repository/io/rest-assured/rest-assured-common/4.4.0/rest-assured-common-4.4.0.jar:/Users/minhdao/.m2/repository/io/rest-assured/xml-path/4.4.0/xml-path-4.4.0.jar:/Users/minhdao/.m2/repository/org/apache/commons/commons-lang3/3.11/commons-lang3-3.11.jar:/Users/minhdao/.m2/repository/jakarta/xml/bind/jakarta.xml.bind-api/2.3.3/jakarta.xml.bind-api-2.3.3.jar:/Users/minhdao/.m2/repository/jakarta/activation/jakarta.activation-api/1.2.2/jakarta.activation-api-1.2.2.jar:/Users/minhdao/.m2/repository/com/sun/xml/bind/jaxb-impl/2.3.3/jaxb-impl-2.3.3.jar:/Users/minhdao/.m2/repository/net/serenity-bdd/serenity-rest-assured/2.6.0/serenity-rest-assured-2.6.0.jar:/Users/minhdao/.m2/repository/net/serenity-bdd/serenity-core/2.6.0/serenity-core-2.6.0.jar:/Users/minhdao/.m2/repository/net/serenity-bdd/serenity-model/2.6.0/serenity-model-2.6.0.jar:/Users/minhdao/.m2/repository/org/apache/commons/commons-text/1.9/commons-text-1.9.jar:/Users/minhdao/.m2/repository/commons-net/commons-net/3.6/commons-net-3.6.jar:/Users/minhdao/.m2/repository/com/google/inject/guice/5.0.1/guice-5.0.1.jar:/Users/minhdao/.m2/repository/com/thoughtworks/xstream/xstream/1.4.18/xstream-1.4.18.jar:/Users/minhdao/.m2/repository/io/github/x-stream/mxparser/1.2.2/mxparser-1.2.2.jar:/Users/minhdao/.m2/repository/xmlpull/xmlpull/1.1.3.1/xmlpull-1.1.3.1.jar:/Users/minhdao/.m2/repository/com/typesafe/config/1.3.1/config-1.3.1.jar:/Users/minhdao/.m2/repository/org/imgscalr/imgscalr-lib/4.2/imgscalr-lib-4.2.jar:/Users/minhdao/.m2/repository/org/awaitility/awaitility/4.0.3/awaitility-4.0.3.jar:/Users/minhdao/.m2/repository/org/reflections/reflections/0.9.12/reflections-0.9.12.jar:/Users/minhdao/.m2/repository/org/javassist/javassist/3.26.0-GA/javassist-3.26.0-GA.jar:/Users/minhdao/.m2/repository/net/sourceforge/jexcelapi/jxl/2.6.12/jxl-2.6.12.jar:/Users/minhdao/.m2/repository/org/asciidoctor/asciidoctorj/2.5.1/asciidoctorj-2.5.1.jar:/Users/minhdao/.m2/repository/org/asciidoctor/asciidoctorj-api/2.5.1/asciidoctorj-api-2.5.1.jar:/Users/minhdao/.m2/repository/org/jruby/jruby/9.2.17.0/jruby-9.2.17.0.jar:/Users/minhdao/.m2/repository/org/jruby/jruby-core/9.2.17.0/jruby-core-9.2.17.0.jar:/Users/minhdao/.m2/repository/com/github/jnr/jnr-netdb/1.2.0/jnr-netdb-1.2.0.jar:/Users/minhdao/.m2/repository/com/github/jnr/jnr-enxio/0.32.3/jnr-enxio-0.32.3.jar:/Users/minhdao/.m2/repository/com/github/jnr/jnr-unixsocket/0.38.5/jnr-unixsocket-0.38.5.jar:/Users/minhdao/.m2/repository/com/github/jnr/jnr-posix/3.1.4/jnr-posix-3.1.4.jar:/Users/minhdao/.m2/repository/com/github/jnr/jnr-constants/0.10.1/jnr-constants-0.10.1.jar:/Users/minhdao/.m2/repository/com/github/jnr/jffi/1.3.1/jffi-1.3.1.jar:/Users/minhdao/.m2/repository/com/github/jnr/jffi/1.3.1/jffi-1.3.1-native.jar:/Users/minhdao/.m2/repository/org/jruby/joni/joni/2.1.31/joni-2.1.31.jar:/Users/minhdao/.m2/repository/org/jruby/jcodings/jcodings/1.0.46/jcodings-1.0.46.jar:/Users/minhdao/.m2/repository/org/jruby/dirgra/0.3/dirgra-0.3.jar:/Users/minhdao/.m2/repository/com/headius/invokebinder/1.11/invokebinder-1.11.jar:/Users/minhdao/.m2/repository/com/headius/options/1.4/options-1.4.jar:/Users/minhdao/.m2/repository/com/jcraft/jzlib/1.1.3/jzlib-1.1.3.jar:/Users/minhdao/.m2/repository/com/martiansoftware/nailgun-server/0.9.1/nailgun-server-0.9.1.jar:/Users/minhdao/.m2/repository/com/headius/backport9/1.8/backport9-1.8.jar:/Users/minhdao/.m2/repository/javax/annotation/javax.annotation-api/1.3.1/javax.annotation-api-1.3.1.jar:/Users/minhdao/.m2/repository/org/jruby/jruby-stdlib/9.2.17.0/jruby-stdlib-9.2.17.0.jar:/Users/minhdao/.m2/repository/net/bytebuddy/byte-buddy-agent/1.11.1/byte-buddy-agent-1.11.1.jar:/Users/minhdao/.m2/repository/org/objenesis/objenesis/3.1/objenesis-3.1.jar:/Users/minhdao/.m2/repository/net/serenity-bdd/serenity-reports/2.6.0/serenity-reports-2.6.0.jar:/Users/minhdao/.m2/repository/net/serenity-bdd/serenity-stats/2.6.0/serenity-stats-2.6.0.jar:/Users/minhdao/.m2/repository/org/jetbrains/kotlin/kotlin-stdlib/1.5.0/kotlin-stdlib-1.5.0.jar:/Users/minhdao/.m2/repository/org/jetbrains/annotations/13.0/annotations-13.0.jar:/Users/minhdao/.m2/repository/org/jetbrains/kotlin/kotlin-stdlib-common/1.5.0/kotlin-stdlib-common-1.5.0.jar:/Users/minhdao/.m2/repository/net/serenity-bdd/serenity-reports-configuration/2.6.0/serenity-reports-configuration-2.6.0.jar:/Users/minhdao/.m2/repository/com/vladsch/flexmark/flexmark-all/0.34.30/flexmark-all-0.34.30.jar:/Users/minhdao/.m2/repository/com/vladsch/flexmark/flexmark/0.34.30/flexmark-0.34.30.jar:/Users/minhdao/.m2/repository/com/vladsch/flexmark/flexmark-ext-abbreviation/0.34.30/flexmark-ext-abbreviation-0.34.30.jar:/Users/minhdao/.m2/repository/com/vladsch/flexmark/flexmark-ext-admonition/0.34.30/flexmark-ext-admonition-0.34.30.jar:/Users/minhdao/.m2/repository/com/vladsch/flexmark/flexmark-ext-anchorlink/0.34.30/flexmark-ext-anchorlink-0.34.30.jar:/Users/minhdao/.m2/repository/com/vladsch/flexmark/flexmark-ext-aside/0.34.30/flexmark-ext-aside-0.34.30.jar:/Users/minhdao/.m2/repository/com/vladsch/flexmark/flexmark-ext-attributes/0.34.30/flexmark-ext-attributes-0.34.30.jar:/Users/minhdao/.m2/repository/com/vladsch/flexmark/flexmark-ext-autolink/0.34.30/flexmark-ext-autolink-0.34.30.jar:/Users/minhdao/.m2/repository/org/nibor/autolink/autolink/0.6.0/autolink-0.6.0.jar:/Users/minhdao/.m2/repository/com/vladsch/flexmark/flexmark-ext-definition/0.34.30/flexmark-ext-definition-0.34.30.jar:/Users/minhdao/.m2/repository/com/vladsch/flexmark/flexmark-ext-emoji/0.34.30/flexmark-ext-emoji-0.34.30.jar:/Users/minhdao/.m2/repository/com/vladsch/flexmark/flexmark-ext-enumerated-reference/0.34.30/flexmark-ext-enumerated-reference-0.34.30.jar:/Users/minhdao/.m2/repository/com/vladsch/flexmark/flexmark-ext-escaped-character/0.34.30/flexmark-ext-escaped-character-0.34.30.jar:/Users/minhdao/.m2/repository/com/vladsch/flexmark/flexmark-ext-footnotes/0.34.30/flexmark-ext-footnotes-0.34.30.jar:/Users/minhdao/.m2/repository/com/vladsch/flexmark/flexmark-ext-gfm-issues/0.34.30/flexmark-ext-gfm-issues-0.34.30.jar:/Users/minhdao/.m2/repository/com/vladsch/flexmark/flexmark-ext-gfm-strikethrough/0.34.30/flexmark-ext-gfm-strikethrough-0.34.30.jar:/Users/minhdao/.m2/repository/com/vladsch/flexmark/flexmark-ext-gfm-tables/0.34.30/flexmark-ext-gfm-tables-0.34.30.jar:/Users/minhdao/.m2/repository/com/vladsch/flexmark/flexmark-ext-gfm-tasklist/0.34.30/flexmark-ext-gfm-tasklist-0.34.30.jar:/Users/minhdao/.m2/repository/com/vladsch/flexmark/flexmark-ext-gfm-users/0.34.30/flexmark-ext-gfm-users-0.34.30.jar:/Users/minhdao/.m2/repository/com/vladsch/flexmark/flexmark-ext-gitlab/0.34.30/flexmark-ext-gitlab-0.34.30.jar:/Users/minhdao/.m2/repository/com/vladsch/flexmark/flexmark-ext-jekyll-front-matter/0.34.30/flexmark-ext-jekyll-front-matter-0.34.30.jar:/Users/minhdao/.m2/repository/com/vladsch/flexmark/flexmark-ext-jekyll-tag/0.34.30/flexmark-ext-jekyll-tag-0.34.30.jar:/Users/minhdao/.m2/repository/com/vladsch/flexmark/flexmark-ext-media-tags/0.34.30/flexmark-ext-media-tags-0.34.30.jar:/Users/minhdao/.m2/repository/com/vladsch/flexmark/flexmark-test-util/0.34.30/flexmark-test-util-0.34.30.jar:/Users/minhdao/.m2/repository/com/vladsch/flexmark/flexmark-ext-ins/0.34.30/flexmark-ext-ins-0.34.30.jar:/Users/minhdao/.m2/repository/com/vladsch/flexmark/flexmark-ext-xwiki-macros/0.34.30/flexmark-ext-xwiki-macros-0.34.30.jar:/Users/minhdao/.m2/repository/com/vladsch/flexmark/flexmark-ext-superscript/0.34.30/flexmark-ext-superscript-0.34.30.jar:/Users/minhdao/.m2/repository/com/vladsch/flexmark/flexmark-ext-tables/0.34.30/flexmark-ext-tables-0.34.30.jar:/Users/minhdao/.m2/repository/com/vladsch/flexmark/flexmark-ext-toc/0.34.30/flexmark-ext-toc-0.34.30.jar:/Users/minhdao/.m2/repository/com/vladsch/flexmark/flexmark-ext-typographic/0.34.30/flexmark-ext-typographic-0.34.30.jar:/Users/minhdao/.m2/repository/com/vladsch/flexmark/flexmark-ext-wikilink/0.34.30/flexmark-ext-wikilink-0.34.30.jar:/Users/minhdao/.m2/repository/com/vladsch/flexmark/flexmark-ext-yaml-front-matter/0.34.30/flexmark-ext-yaml-front-matter-0.34.30.jar:/Users/minhdao/.m2/repository/com/vladsch/flexmark/flexmark-ext-youtube-embedded/0.34.30/flexmark-ext-youtube-embedded-0.34.30.jar:/Users/minhdao/.m2/repository/com/vladsch/flexmark/flexmark-formatter/0.34.30/flexmark-formatter-0.34.30.jar:/Users/minhdao/.m2/repository/com/vladsch/flexmark/flexmark-html-parser/0.34.30/flexmark-html-parser-0.34.30.jar:/Users/minhdao/.m2/repository/com/vladsch/flexmark/flexmark-jira-converter/0.34.30/flexmark-jira-converter-0.34.30.jar:/Users/minhdao/.m2/repository/com/vladsch/flexmark/flexmark-pdf-converter/0.34.30/flexmark-pdf-converter-0.34.30.jar:/Users/minhdao/.m2/repository/com/openhtmltopdf/openhtmltopdf-core/0.0.1-RC13/openhtmltopdf-core-0.0.1-RC13.jar:/Users/minhdao/.m2/repository/com/openhtmltopdf/openhtmltopdf-pdfbox/0.0.1-RC13/openhtmltopdf-pdfbox-0.0.1-RC13.jar:/Users/minhdao/.m2/repository/org/apache/pdfbox/xmpbox/2.0.8/xmpbox-2.0.8.jar:/Users/minhdao/.m2/repository/com/openhtmltopdf/openhtmltopdf-rtl-support/0.0.1-RC13/openhtmltopdf-rtl-support-0.0.1-RC13.jar:/Users/minhdao/.m2/repository/com/ibm/icu/icu4j/59.1/icu4j-59.1.jar:/Users/minhdao/.m2/repository/com/openhtmltopdf/openhtmltopdf-jsoup-dom-converter/0.0.1-RC13/openhtmltopdf-jsoup-dom-converter-0.0.1-RC13.jar:/Users/minhdao/.m2/repository/com/vladsch/flexmark/flexmark-profile-pegdown/0.34.30/flexmark-profile-pegdown-0.34.30.jar:/Users/minhdao/.m2/repository/com/vladsch/flexmark/flexmark-util/0.34.30/flexmark-util-0.34.30.jar:/Users/minhdao/.m2/repository/com/vladsch/flexmark/flexmark-youtrack-converter/0.34.30/flexmark-youtrack-converter-0.34.30.jar:/Users/minhdao/.m2/repository/es/nitaur/markdown/txtmark/0.16/txtmark-0.16.jar:/Users/minhdao/.m2/repository/net/serenity-bdd/serenity-report-resources/2.6.0/serenity-report-resources-2.6.0.jar:/Users/minhdao/.m2/repository/commons-io/commons-io/2.8.0/commons-io-2.8.0.jar:/Users/minhdao/.m2/repository/net/sourceforge/htmlunit/htmlunit/2.47.1/htmlunit-2.47.1.jar:/Users/minhdao/.m2/repository/xalan/xalan/2.7.2/xalan-2.7.2.jar:/Users/minhdao/.m2/repository/xalan/serializer/2.7.2/serializer-2.7.2.jar:/Users/minhdao/.m2/repository/net/sourceforge/htmlunit/htmlunit-core-js/2.47.0/htmlunit-core-js-2.47.0.jar:/Users/minhdao/.m2/repository/net/sourceforge/htmlunit/neko-htmlunit/2.47.1/neko-htmlunit-2.47.1.jar:/Users/minhdao/.m2/repository/xerces/xercesImpl/2.12.0/xercesImpl-2.12.0.jar:/Users/minhdao/.m2/repository/xml-apis/xml-apis/1.4.01/xml-apis-1.4.01.jar:/Users/minhdao/.m2/repository/net/sourceforge/htmlunit/htmlunit-cssparser/1.7.0/htmlunit-cssparser-1.7.0.jar:/Users/minhdao/.m2/repository/org/brotli/dec/0.1.2/dec-0.1.2.jar:/Users/minhdao/.m2/repository/com/shapesecurity/salvation2/3.0.0/salvation2-3.0.0.jar:/Users/minhdao/.m2/repository/org/eclipse/jetty/websocket/websocket-client/9.4.36.v20210114/websocket-client-9.4.36.v20210114.jar:/Users/minhdao/.m2/repository/org/eclipse/jetty/jetty-client/9.4.36.v20210114/jetty-client-9.4.36.v20210114.jar:/Users/minhdao/.m2/repository/org/eclipse/jetty/jetty-http/9.4.36.v20210114/jetty-http-9.4.36.v20210114.jar:/Users/minhdao/.m2/repository/org/eclipse/jetty/jetty-util/9.4.36.v20210114/jetty-util-9.4.36.v20210114.jar:/Users/minhdao/.m2/repository/org/eclipse/jetty/jetty-io/9.4.36.v20210114/jetty-io-9.4.36.v20210114.jar:/Users/minhdao/.m2/repository/org/eclipse/jetty/websocket/websocket-common/9.4.36.v20210114/websocket-common-9.4.36.v20210114.jar:/Users/minhdao/.m2/repository/org/eclipse/jetty/websocket/websocket-api/9.4.36.v20210114/websocket-api-9.4.36.v20210114.jar:/Users/minhdao/.m2/repository/org/seleniumhq/selenium/htmlunit-driver/2.47.1/htmlunit-driver-2.47.1.jar:/Users/minhdao/.m2/repository/com/codeborne/phantomjsdriver/1.4.4/phantomjsdriver-1.4.4.jar:/Users/minhdao/.m2/repository/io/appium/java-client/7.5.1/java-client-7.5.1.jar:/Users/minhdao/.m2/repository/commons-validator/commons-validator/1.7/commons-validator-1.7.jar:/Users/minhdao/.m2/repository/commons-digester/commons-digester/2.1/commons-digester-2.1.jar:/Users/minhdao/.m2/repository/net/sf/opencsv/opencsv/2.0/opencsv-2.0.jar:/Users/minhdao/.m2/repository/commons-beanutils/commons-beanutils/1.9.4/commons-beanutils-1.9.4.jar:/Users/minhdao/.m2/repository/commons-collections/commons-collections/3.2.2/commons-collections-3.2.2.jar:/Users/minhdao/.m2/repository/org/fluentlenium/fluentlenium-core/0.10.2/fluentlenium-core-0.10.2.jar:/Users/minhdao/.m2/repository/io/github/bonigarcia/webdrivermanager/4.4.1/webdrivermanager-4.4.1.jar:/Users/minhdao/.m2/repository/org/apache/httpcomponents/client5/httpclient5/5.0.3/httpclient5-5.0.3.jar:/Users/minhdao/.m2/repository/org/apache/httpcomponents/core5/httpcore5/5.0.2/httpcore5-5.0.2.jar:/Users/minhdao/.m2/repository/org/apache/httpcomponents/core5/httpcore5-h2/5.0.2/httpcore5-h2-5.0.2.jar:/Users/minhdao/.m2/repository/org/rauschig/jarchivelib/1.1.0/jarchivelib-1.1.0.jar:/Users/minhdao/.m2/repository/com/jhlabs/filters/2.0.235/filters-2.0.235.jar:/Users/minhdao/.m2/repository/joda-time/joda-time/2.8.2/joda-time-2.8.2.jar:/Users/minhdao/.m2/repository/com/google/jimfs/jimfs/1.1/jimfs-1.1.jar:/Users/minhdao/.m2/repository/org/mockito/mockito-core/3.3.3/mockito-core-3.3.3.jar:/Users/minhdao/.m2/repository/org/assertj/assertj-core/3.18.0/assertj-core-3.18.0.jar:/Users/minhdao/.m2/repository/javax/xml/bind/jaxb-api/2.3.1/jaxb-api-2.3.1.jar:/Users/minhdao/.m2/repository/javax/activation/javax.activation-api/1.2.0/javax.activation-api-1.2.0.jar:/Users/minhdao/.m2/repository/com/sun/xml/bind/jaxb-core/2.3.0.1/jaxb-core-2.3.0.1.jar:/Users/minhdao/.m2/repository/javax/activation/activation/1.1.1/activation-1.1.1.jar:/Users/minhdao/.m2/repository/org/codehaus/groovy/groovy-json/3.0.8/groovy-json-3.0.8.jar:/Users/minhdao/.m2/repository/org/opentest4j/opentest4j/1.2.0/opentest4j-1.2.0.jar:/Users/minhdao/.m2/repository/org/json/json/20210307/json-20210307.jar:/Users/minhdao/.m2/repository/mysql/mysql-connector-java/8.0.27/mysql-connector-java-8.0.27.jar:/Users/minhdao/.m2/repository/com/google/protobuf/protobuf-java/3.11.4/protobuf-java-3.11.4.jar:/Users/minhdao/.m2/repository/org/skyscreamer/jsonassert/1.5.0/jsonassert-1.5.0.jar:/Users/minhdao/.m2/repository/com/vaadin/external/google/android-json/0.0.20131108.vaadin1/android-json-0.0.20131108.vaadin1.jar:/Users/minhdao/.m2/repository/org/apache/maven/plugins/maven-surefire-plugin/3.0.0-M5/maven-surefire-plugin-3.0.0-M5.jar:/Users/minhdao/.m2/repository/org/apache/maven/surefire/maven-surefire-common/3.0.0-M5/maven-surefire-common-3.0.0-M5.jar:/Users/minhdao/.m2/repository/org/apache/maven/surefire/surefire-api/3.0.0-M5/surefire-api-3.0.0-M5.jar:/Users/minhdao/.m2/repository/org/apache/maven/surefire/surefire-logger-api/3.0.0-M5/surefire-logger-api-3.0.0-M5.jar:/Users/minhdao/.m2/repository/org/apache/maven/surefire/surefire-extensions-api/3.0.0-M5/surefire-extensions-api-3.0.0-M5.jar:/Users/minhdao/.m2/repository/org/apache/maven/surefire/surefire-booter/3.0.0-M5/surefire-booter-3.0.0-M5.jar:/Users/minhdao/.m2/repository/org/apache/maven/surefire/surefire-extensions-spi/3.0.0-M5/surefire-extensions-spi-3.0.0-M5.jar:/Users/minhdao/.m2/repository/org/apache/maven/maven-toolchain/3.0-alpha-2/maven-toolchain-3.0-alpha-2.jar:/Users/minhdao/.m2/repository/org/apache/maven/shared/maven-artifact-transfer/0.11.0/maven-artifact-transfer-0.11.0.jar:/Users/minhdao/.m2/repository/org/apache/maven/shared/maven-common-artifact-filters/3.0.1/maven-common-artifact-filters-3.0.1.jar:/Users/minhdao/.m2/repository/org/apache/maven/maven-model/3.0/maven-model-3.0.jar:/Users/minhdao/.m2/repository/org/apache/maven/maven-plugin-api/3.0/maven-plugin-api-3.0.jar:/Users/minhdao/.m2/repository/org/sonatype/sisu/sisu-inject-plexus/1.4.2/sisu-inject-plexus-1.4.2.jar:/Users/minhdao/.m2/repository/org/codehaus/plexus/plexus-classworlds/2.2.3/plexus-classworlds-2.2.3.jar:/Users/minhdao/.m2/repository/org/sonatype/sisu/sisu-inject-bean/1.4.2/sisu-inject-bean-1.4.2.jar:/Users/minhdao/.m2/repository/org/sonatype/sisu/sisu-guice/2.1.7/sisu-guice-2.1.7-noaop.jar:/Users/minhdao/.m2/repository/org/apache/maven/shared/maven-shared-utils/3.1.0/maven-shared-utils-3.1.0.jar:/Users/minhdao/.m2/repository/org/codehaus/plexus/plexus-java/1.0.5/plexus-java-1.0.5.jar:/Users/minhdao/.m2/repository/org/ow2/asm/asm/7.2/asm-7.2.jar:/Users/minhdao/.m2/repository/com/thoughtworks/qdox/qdox/2.0-M9/qdox-2.0-M9.jar:/Users/minhdao/.m2/repository/org/apache/maven/surefire/surefire-shared-utils/3.0.0-M4/surefire-shared-utils-3.0.0-M4.jar:/Users/minhdao/.m2/repository/org/testng/testng/7.1.0/testng-7.1.0.jar:/Users/minhdao/.m2/repository/com/beust/jcommander/1.72/jcommander-1.72.jar:/Users/minhdao/.m2/repository/com/google/inject/guice/4.1.0/guice-4.1.0-no_aop.jar:/Users/minhdao/.m2/repository/javax/inject/javax.inject/1/javax.inject-1.jar:/Users/minhdao/.m2/repository/aopalliance/aopalliance/1.0/aopalliance-1.0.jar:/Users/minhdao/.m2/repository/io/cucumber/cucumber-testng/6.11.0/cucumber-testng-6.11.0.jar:/Users/minhdao/.m2/repository/com/epam/reportportal/agent-java-cucumber6/5.1.0-RC-4/agent-java-cucumber6-5.1.0-RC-4.jar:/Users/minhdao/.m2/repository/com/epam/reportportal/client-java/5.1.0-RC-12/client-java-5.1.0-RC-12.jar:/Users/minhdao/.m2/repository/io/reactivex/rxjava2/rxjava/2.2.10/rxjava-2.2.10.jar:/Users/minhdao/.m2/repository/com/squareup/retrofit2/retrofit/2.9.0/retrofit-2.9.0.jar:/Users/minhdao/.m2/repository/com/squareup/okhttp3/okhttp/3.14.9/okhttp-3.14.9.jar:/Users/minhdao/.m2/repository/com/squareup/okio/okio/1.17.2/okio-1.17.2.jar:/Users/minhdao/.m2/repository/org/aspectj/aspectjrt/1.9.2/aspectjrt-1.9.2.jar:/Users/minhdao/.m2/repository/com/squareup/retrofit2/converter-scalars/2.9.0/converter-scalars-2.9.0.jar:/Users/minhdao/.m2/repository/com/squareup/retrofit2/converter-jackson/2.9.0/converter-jackson-2.9.0.jar:/Users/minhdao/.m2/repository/com/squareup/retrofit2/adapter-rxjava2/2.9.0/adapter-rxjava2-2.9.0.jar:/Users/minhdao/.m2/repository/com/squareup/okhttp3/logging-interceptor/3.14.9/logging-interceptor-3.14.9.jar:/Users/minhdao/.m2/repository/org/aspectj/aspectjweaver/1.9.2/aspectjweaver-1.9.2.jar:/Users/minhdao/.m2/repository/com/epam/reportportal/commons-model/5.0.0/commons-model-5.0.0.jar:/Users/minhdao/.m2/repository/io/swagger/swagger-annotations/1.5.24/swagger-annotations-1.5.24.jar:/Users/minhdao/.m2/repository/javax/validation/validation-api/2.0.1.Final/validation-api-2.0.1.Final.jar:/Users/minhdao/.m2/repository/com/google/code/findbugs/jsr305/3.0.2/jsr305-3.0.2.jar:/Users/minhdao/.m2/repository/org/slf4j/slf4j-api/1.7.25/slf4j-api-1.7.25.jar:/Users/minhdao/.m2/repository/com/epam/reportportal/allure-common/5.1.0-BETA-2/allure-common-5.1.0-BETA-2.jar:/Users/minhdao/.m2/repository/io/qameta/allure/allure-java-commons/2.14.0/allure-java-commons-2.14.0.jar:/Users/minhdao/.m2/repository/io/qameta/allure/allure-model/2.14.0/allure-model-2.14.0.jar:/Users/minhdao/.m2/repository/org/apache/tika/tika-core/1.26/tika-core-1.26.jar:/Users/minhdao/.m2/repository/org/jooq/joor-java-8/0.9.14/joor-java-8-0.9.14.jar:"/>
    <property name="java.vm.vendor" value="Oracle Corporation"/>
    <property name="sun.arch.data.model" value="64"/>
    <property name="java.vendor.url" value="http://java.oracle.com/"/>
    <property name="user.timezone" value="Asia/Ho_Chi_Minh"/>
    <property name="java.vm.specification.version" value="1.8"/>
    <property name="os.name" value="Mac OS X"/>
    <property name="user.country" value="US"/>
    <property name="sun.java.launcher" value="SUN_STANDARD"/>
    <property name="sun.boot.library.path" value="/Library/Java/JavaVirtualMachines/jdk1.8.0_301.jdk/Contents/Home/jre/lib"/>
    <property name="sun.java.command" value="/Users/minhdao/Minh-selenium-cucumber-java/target/surefire/surefirebooter1938547004160723531.jar /Users/minhdao/Minh-selenium-cucumber-java/target/surefire 2021-11-09T16-44-01_708-jvmRun1 surefire4220745696182880133tmp surefire_01661834071406177757tmp"/>
    <property name="surefire.test.class.path" value="/Users/minhdao/Minh-selenium-cucumber-java/target/test-classes:/Users/minhdao/Minh-selenium-cucumber-java/target/classes:/Users/minhdao/.m2/repository/io/cucumber/cucumber-java/6.11.0/cucumber-java-6.11.0.jar:/Users/minhdao/.m2/repository/io/cucumber/cucumber-core/6.11.0/cucumber-core-6.11.0.jar:/Users/minhdao/.m2/repository/io/cucumber/cucumber-gherkin/6.11.0/cucumber-gherkin-6.11.0.jar:/Users/minhdao/.m2/repository/io/cucumber/cucumber-gherkin-messages/6.11.0/cucumber-gherkin-messages-6.11.0.jar:/Users/minhdao/.m2/repository/io/cucumber/messages/15.0.0/messages-15.0.0.jar:/Users/minhdao/.m2/repository/io/cucumber/tag-expressions/3.0.1/tag-expressions-3.0.1.jar:/Users/minhdao/.m2/repository/io/cucumber/cucumber-expressions/10.3.0/cucumber-expressions-10.3.0.jar:/Users/minhdao/.m2/repository/io/cucumber/datatable/3.5.0/datatable-3.5.0.jar:/Users/minhdao/.m2/repository/io/cucumber/cucumber-plugin/6.11.0/cucumber-plugin-6.11.0.jar:/Users/minhdao/.m2/repository/io/cucumber/docstring/6.11.0/docstring-6.11.0.jar:/Users/minhdao/.m2/repository/io/cucumber/html-formatter/13.0.0/html-formatter-13.0.0.jar:/Users/minhdao/.m2/repository/io/cucumber/create-meta/4.0.0/create-meta-4.0.0.jar:/Users/minhdao/.m2/repository/org/apiguardian/apiguardian-api/1.1.2/apiguardian-api-1.1.2.jar:/Users/minhdao/.m2/repository/org/apache/poi/poi-ooxml/4.1.0/poi-ooxml-4.1.0.jar:/Users/minhdao/.m2/repository/org/apache/poi/poi/4.1.0/poi-4.1.0.jar:/Users/minhdao/.m2/repository/commons-codec/commons-codec/1.12/commons-codec-1.12.jar:/Users/minhdao/.m2/repository/org/apache/commons/commons-collections4/4.3/commons-collections4-4.3.jar:/Users/minhdao/.m2/repository/org/apache/commons/commons-math3/3.6.1/commons-math3-3.6.1.jar:/Users/minhdao/.m2/repository/org/apache/poi/poi-ooxml-schemas/4.1.0/poi-ooxml-schemas-4.1.0.jar:/Users/minhdao/.m2/repository/org/apache/xmlbeans/xmlbeans/3.1.0/xmlbeans-3.1.0.jar:/Users/minhdao/.m2/repository/org/apache/commons/commons-compress/1.18/commons-compress-1.18.jar:/Users/minhdao/.m2/repository/com/github/virtuald/curvesapi/1.06/curvesapi-1.06.jar:/Users/minhdao/.m2/repository/com/fasterxml/jackson/core/jackson-databind/2.12.3/jackson-databind-2.12.3.jar:/Users/minhdao/.m2/repository/com/fasterxml/jackson/core/jackson-annotations/2.12.3/jackson-annotations-2.12.3.jar:/Users/minhdao/.m2/repository/com/fasterxml/jackson/core/jackson-core/2.12.3/jackson-core-2.12.3.jar:/Users/minhdao/.m2/repository/org/seleniumhq/selenium/selenium-java/4.0.0/selenium-java-4.0.0.jar:/Users/minhdao/.m2/repository/org/seleniumhq/selenium/selenium-api/4.0.0/selenium-api-4.0.0.jar:/Users/minhdao/.m2/repository/org/seleniumhq/selenium/selenium-chrome-driver/4.0.0/selenium-chrome-driver-4.0.0.jar:/Users/minhdao/.m2/repository/com/google/auto/service/auto-service-annotations/1.0/auto-service-annotations-1.0.jar:/Users/minhdao/.m2/repository/com/google/auto/service/auto-service/1.0/auto-service-1.0.jar:/Users/minhdao/.m2/repository/com/google/auto/auto-common/1.0/auto-common-1.0.jar:/Users/minhdao/.m2/repository/com/google/guava/guava/31.0.1-jre/guava-31.0.1-jre.jar:/Users/minhdao/.m2/repository/com/google/guava/failureaccess/1.0.1/failureaccess-1.0.1.jar:/Users/minhdao/.m2/repository/com/google/guava/listenablefuture/9999.0-empty-to-avoid-conflict-with-guava/listenablefuture-9999.0-empty-to-avoid-conflict-with-guava.jar:/Users/minhdao/.m2/repository/org/checkerframework/checker-qual/3.12.0/checker-qual-3.12.0.jar:/Users/minhdao/.m2/repository/com/google/errorprone/error_prone_annotations/2.7.1/error_prone_annotations-2.7.1.jar:/Users/minhdao/.m2/repository/com/google/j2objc/j2objc-annotations/1.3/j2objc-annotations-1.3.jar:/Users/minhdao/.m2/repository/org/seleniumhq/selenium/selenium-chromium-driver/4.0.0/selenium-chromium-driver-4.0.0.jar:/Users/minhdao/.m2/repository/org/seleniumhq/selenium/selenium-json/4.0.0/selenium-json-4.0.0.jar:/Users/minhdao/.m2/repository/org/seleniumhq/selenium/selenium-devtools-v85/4.0.0/selenium-devtools-v85-4.0.0.jar:/Users/minhdao/.m2/repository/org/seleniumhq/selenium/selenium-devtools-v93/4.0.0/selenium-devtools-v93-4.0.0.jar:/Users/minhdao/.m2/repository/org/seleniumhq/selenium/selenium-devtools-v94/4.0.0/selenium-devtools-v94-4.0.0.jar:/Users/minhdao/.m2/repository/org/seleniumhq/selenium/selenium-devtools-v95/4.0.0/selenium-devtools-v95-4.0.0.jar:/Users/minhdao/.m2/repository/org/seleniumhq/selenium/selenium-edge-driver/4.0.0/selenium-edge-driver-4.0.0.jar:/Users/minhdao/.m2/repository/org/seleniumhq/selenium/selenium-firefox-driver/4.0.0/selenium-firefox-driver-4.0.0.jar:/Users/minhdao/.m2/repository/org/seleniumhq/selenium/selenium-firefox-xpi-driver/4.0.0/selenium-firefox-xpi-driver-4.0.0.jar:/Users/minhdao/.m2/repository/org/seleniumhq/selenium/selenium-ie-driver/4.0.0/selenium-ie-driver-4.0.0.jar:/Users/minhdao/.m2/repository/org/seleniumhq/selenium/selenium-opera-driver/4.0.0/selenium-opera-driver-4.0.0.jar:/Users/minhdao/.m2/repository/org/seleniumhq/selenium/selenium-remote-driver/4.0.0/selenium-remote-driver-4.0.0.jar:/Users/minhdao/.m2/repository/io/netty/netty-buffer/4.1.68.Final/netty-buffer-4.1.68.Final.jar:/Users/minhdao/.m2/repository/io/netty/netty-codec-http/4.1.67.Final/netty-codec-http-4.1.67.Final.jar:/Users/minhdao/.m2/repository/io/netty/netty-codec/4.1.67.Final/netty-codec-4.1.67.Final.jar:/Users/minhdao/.m2/repository/io/netty/netty-handler/4.1.67.Final/netty-handler-4.1.67.Final.jar:/Users/minhdao/.m2/repository/io/netty/netty-common/4.1.68.Final/netty-common-4.1.68.Final.jar:/Users/minhdao/.m2/repository/io/netty/netty-transport-native-epoll/4.1.67.Final/netty-transport-native-epoll-4.1.67.Final.jar:/Users/minhdao/.m2/repository/io/netty/netty-transport-native-kqueue/4.1.67.Final/netty-transport-native-kqueue-4.1.67.Final.jar:/Users/minhdao/.m2/repository/io/netty/netty-transport-native-unix-common/4.1.67.Final/netty-transport-native-unix-common-4.1.67.Final.jar:/Users/minhdao/.m2/repository/io/netty/netty-transport/4.1.68.Final/netty-transport-4.1.68.Final.jar:/Users/minhdao/.m2/repository/io/netty/netty-resolver/4.1.68.Final/netty-resolver-4.1.68.Final.jar:/Users/minhdao/.m2/repository/io/opentelemetry/opentelemetry-api/1.6.0/opentelemetry-api-1.6.0.jar:/Users/minhdao/.m2/repository/io/opentelemetry/opentelemetry-context/1.6.0/opentelemetry-context-1.6.0.jar:/Users/minhdao/.m2/repository/io/opentelemetry/opentelemetry-exporter-logging/1.6.0/opentelemetry-exporter-logging-1.6.0.jar:/Users/minhdao/.m2/repository/io/opentelemetry/opentelemetry-sdk-metrics/1.6.0-alpha/opentelemetry-sdk-metrics-1.6.0-alpha.jar:/Users/minhdao/.m2/repository/io/opentelemetry/opentelemetry-sdk-common/1.6.0/opentelemetry-sdk-common-1.6.0.jar:/Users/minhdao/.m2/repository/io/opentelemetry/opentelemetry-sdk-extension-autoconfigure-spi/1.6.0/opentelemetry-sdk-extension-autoconfigure-spi-1.6.0.jar:/Users/minhdao/.m2/repository/io/opentelemetry/opentelemetry-sdk-extension-autoconfigure/1.6.0-alpha/opentelemetry-sdk-extension-autoconfigure-1.6.0-alpha.jar:/Users/minhdao/.m2/repository/io/opentelemetry/opentelemetry-sdk-trace/1.6.0/opentelemetry-sdk-trace-1.6.0.jar:/Users/minhdao/.m2/repository/io/opentelemetry/opentelemetry-api-metrics/1.6.0-alpha/opentelemetry-api-metrics-1.6.0-alpha.jar:/Users/minhdao/.m2/repository/io/opentelemetry/opentelemetry-sdk/1.6.0/opentelemetry-sdk-1.6.0.jar:/Users/minhdao/.m2/repository/io/opentelemetry/opentelemetry-semconv/1.6.0-alpha/opentelemetry-semconv-1.6.0-alpha.jar:/Users/minhdao/.m2/repository/io/ous/jtoml/2.0.0/jtoml-2.0.0.jar:/Users/minhdao/.m2/repository/net/bytebuddy/byte-buddy/1.11.19/byte-buddy-1.11.19.jar:/Users/minhdao/.m2/repository/org/apache/commons/commons-exec/1.3/commons-exec-1.3.jar:/Users/minhdao/.m2/repository/org/asynchttpclient/async-http-client/2.12.3/async-http-client-2.12.3.jar:/Users/minhdao/.m2/repository/org/asynchttpclient/async-http-client-netty-utils/2.12.3/async-http-client-netty-utils-2.12.3.jar:/Users/minhdao/.m2/repository/io/netty/netty-codec-socks/4.1.60.Final/netty-codec-socks-4.1.60.Final.jar:/Users/minhdao/.m2/repository/io/netty/netty-handler-proxy/4.1.60.Final/netty-handler-proxy-4.1.60.Final.jar:/Users/minhdao/.m2/repository/io/netty/netty-transport-native-epoll/4.1.60.Final/netty-transport-native-epoll-4.1.60.Final-linux-x86_64.jar:/Users/minhdao/.m2/repository/io/netty/netty-transport-native-kqueue/4.1.60.Final/netty-transport-native-kqueue-4.1.60.Final-osx-x86_64.jar:/Users/minhdao/.m2/repository/org/reactivestreams/reactive-streams/1.0.3/reactive-streams-1.0.3.jar:/Users/minhdao/.m2/repository/com/typesafe/netty/netty-reactive-streams/2.0.4/netty-reactive-streams-2.0.4.jar:/Users/minhdao/.m2/repository/com/sun/activation/jakarta.activation/1.2.2/jakarta.activation-1.2.2.jar:/Users/minhdao/.m2/repository/org/seleniumhq/selenium/selenium-http/4.0.0/selenium-http-4.0.0.jar:/Users/minhdao/.m2/repository/org/seleniumhq/selenium/selenium-safari-driver/4.0.0/selenium-safari-driver-4.0.0.jar:/Users/minhdao/.m2/repository/org/seleniumhq/selenium/selenium-support/4.0.0/selenium-support-4.0.0.jar:/Users/minhdao/.m2/repository/org/seleniumhq/selenium/selenium-server/4.0.0-alpha-2/selenium-server-4.0.0-alpha-2.jar:/Users/minhdao/.m2/repository/org/seleniumhq/selenium/grid/4.0.0-alpha-2/grid-4.0.0-alpha-2.jar:/Users/minhdao/.m2/repository/org/seleniumhq/selenium/selenium-edgehtml-driver/4.0.0-alpha-2/selenium-edgehtml-driver-4.0.0-alpha-2.jar:/Users/minhdao/.m2/repository/org/seleniumhq/selenium/jetty-repacked/9.4.12.v20180830.1/jetty-repacked-9.4.12.v20180830.1.jar:/Users/minhdao/.m2/repository/javax/servlet/javax.servlet-api/3.1.0/javax.servlet-api-3.1.0.jar:/Users/minhdao/.m2/repository/org/zeromq/jeromq/0.5.1/jeromq-0.5.1.jar:/Users/minhdao/.m2/repository/eu/neilalexander/jnacl/1.0.0/jnacl-1.0.0.jar:/Users/minhdao/.m2/repository/net/jcip/jcip-annotations/1.0/jcip-annotations-1.0.jar:/Users/minhdao/.m2/repository/org/yaml/snakeyaml/1.24/snakeyaml-1.24.jar:/Users/minhdao/.m2/repository/com/paulhammant/ngwebdriver/1.0/ngwebdriver-1.0.jar:/Users/minhdao/.m2/repository/tech/grasshopper/extentreports-cucumber6-adapter/2.8.4/extentreports-cucumber6-adapter-2.8.4.jar:/Users/minhdao/.m2/repository/com/aventstack/extentreports/5.0.8/extentreports-5.0.8.jar:/Users/minhdao/.m2/repository/io/reactivex/rxjava3/rxjava/3.0.4/rxjava-3.0.4.jar:/Users/minhdao/.m2/repository/org/freemarker/freemarker/2.3.30/freemarker-2.3.30.jar:/Users/minhdao/.m2/repository/org/projectlombok/lombok/1.18.12/lombok-1.18.12.jar:/Users/minhdao/.m2/repository/com/google/code/gson/gson/2.8.6/gson-2.8.6.jar:/Users/minhdao/.m2/repository/tech/grasshopper/extent-pdf-report/1.7.4/extent-pdf-report-1.7.4.jar:/Users/minhdao/.m2/repository/tech/grasshopper/cucumber-pdf-report/2.2.4/cucumber-pdf-report-2.2.4.jar:/Users/minhdao/.m2/repository/org/apache/pdfbox/pdfbox/2.0.22/pdfbox-2.0.22.jar:/Users/minhdao/.m2/repository/org/apache/pdfbox/fontbox/2.0.22/fontbox-2.0.22.jar:/Users/minhdao/.m2/repository/org/knowm/xchart/xchart/3.8.0/xchart-3.8.0.jar:/Users/minhdao/.m2/repository/de/erichseifert/vectorgraphics2d/VectorGraphics2D/0.13/VectorGraphics2D-0.13.jar:/Users/minhdao/.m2/repository/de/rototor/pdfbox/graphics2d/0.30/graphics2d-0.30.jar:/Users/minhdao/.m2/repository/com/madgag/animated-gif-lib/1.4/animated-gif-lib-1.4.jar:/Users/minhdao/.m2/repository/tech/grasshopper/table-layout/1.2.0/table-layout-1.2.0.jar:/Users/minhdao/.m2/repository/org/jsoup/jsoup/1.13.1/jsoup-1.13.1.jar:/Users/minhdao/.m2/repository/com/aventstack/klov-reporter/5.0.8/klov-reporter-5.0.8.jar:/Users/minhdao/.m2/repository/org/mongodb/bson/3.6.4/bson-3.6.4.jar:/Users/minhdao/.m2/repository/org/mongodb/mongodb-driver/3.3.0/mongodb-driver-3.3.0.jar:/Users/minhdao/.m2/repository/org/mongodb/mongodb-driver-core/3.3.0/mongodb-driver-core-3.3.0.jar:/Users/minhdao/.m2/repository/io/rest-assured/rest-assured/4.4.0/rest-assured-4.4.0.jar:/Users/minhdao/.m2/repository/org/codehaus/groovy/groovy/3.0.8/groovy-3.0.8.jar:/Users/minhdao/.m2/repository/org/codehaus/groovy/groovy-xml/3.0.8/groovy-xml-3.0.8.jar:/Users/minhdao/.m2/repository/org/apache/httpcomponents/httpclient/4.5.13/httpclient-4.5.13.jar:/Users/minhdao/.m2/repository/org/apache/httpcomponents/httpcore/4.4.13/httpcore-4.4.13.jar:/Users/minhdao/.m2/repository/commons-logging/commons-logging/1.2/commons-logging-1.2.jar:/Users/minhdao/.m2/repository/org/apache/httpcomponents/httpmime/4.5.13/httpmime-4.5.13.jar:/Users/minhdao/.m2/repository/org/hamcrest/hamcrest/2.1/hamcrest-2.1.jar:/Users/minhdao/.m2/repository/org/ccil/cowan/tagsoup/tagsoup/1.2.1/tagsoup-1.2.1.jar:/Users/minhdao/.m2/repository/io/rest-assured/json-path/4.4.0/json-path-4.4.0.jar:/Users/minhdao/.m2/repository/io/rest-assured/rest-assured-common/4.4.0/rest-assured-common-4.4.0.jar:/Users/minhdao/.m2/repository/io/rest-assured/xml-path/4.4.0/xml-path-4.4.0.jar:/Users/minhdao/.m2/repository/org/apache/commons/commons-lang3/3.11/commons-lang3-3.11.jar:/Users/minhdao/.m2/repository/jakarta/xml/bind/jakarta.xml.bind-api/2.3.3/jakarta.xml.bind-api-2.3.3.jar:/Users/minhdao/.m2/repository/jakarta/activation/jakarta.activation-api/1.2.2/jakarta.activation-api-1.2.2.jar:/Users/minhdao/.m2/repository/com/sun/xml/bind/jaxb-impl/2.3.3/jaxb-impl-2.3.3.jar:/Users/minhdao/.m2/repository/net/serenity-bdd/serenity-rest-assured/2.6.0/serenity-rest-assured-2.6.0.jar:/Users/minhdao/.m2/repository/net/serenity-bdd/serenity-core/2.6.0/serenity-core-2.6.0.jar:/Users/minhdao/.m2/repository/net/serenity-bdd/serenity-model/2.6.0/serenity-model-2.6.0.jar:/Users/minhdao/.m2/repository/org/apache/commons/commons-text/1.9/commons-text-1.9.jar:/Users/minhdao/.m2/repository/commons-net/commons-net/3.6/commons-net-3.6.jar:/Users/minhdao/.m2/repository/com/google/inject/guice/5.0.1/guice-5.0.1.jar:/Users/minhdao/.m2/repository/com/thoughtworks/xstream/xstream/1.4.18/xstream-1.4.18.jar:/Users/minhdao/.m2/repository/io/github/x-stream/mxparser/1.2.2/mxparser-1.2.2.jar:/Users/minhdao/.m2/repository/xmlpull/xmlpull/1.1.3.1/xmlpull-1.1.3.1.jar:/Users/minhdao/.m2/repository/com/typesafe/config/1.3.1/config-1.3.1.jar:/Users/minhdao/.m2/repository/org/imgscalr/imgscalr-lib/4.2/imgscalr-lib-4.2.jar:/Users/minhdao/.m2/repository/org/awaitility/awaitility/4.0.3/awaitility-4.0.3.jar:/Users/minhdao/.m2/repository/org/reflections/reflections/0.9.12/reflections-0.9.12.jar:/Users/minhdao/.m2/repository/org/javassist/javassist/3.26.0-GA/javassist-3.26.0-GA.jar:/Users/minhdao/.m2/repository/net/sourceforge/jexcelapi/jxl/2.6.12/jxl-2.6.12.jar:/Users/minhdao/.m2/repository/org/asciidoctor/asciidoctorj/2.5.1/asciidoctorj-2.5.1.jar:/Users/minhdao/.m2/repository/org/asciidoctor/asciidoctorj-api/2.5.1/asciidoctorj-api-2.5.1.jar:/Users/minhdao/.m2/repository/org/jruby/jruby/9.2.17.0/jruby-9.2.17.0.jar:/Users/minhdao/.m2/repository/org/jruby/jruby-core/9.2.17.0/jruby-core-9.2.17.0.jar:/Users/minhdao/.m2/repository/com/github/jnr/jnr-netdb/1.2.0/jnr-netdb-1.2.0.jar:/Users/minhdao/.m2/repository/com/github/jnr/jnr-enxio/0.32.3/jnr-enxio-0.32.3.jar:/Users/minhdao/.m2/repository/com/github/jnr/jnr-unixsocket/0.38.5/jnr-unixsocket-0.38.5.jar:/Users/minhdao/.m2/repository/com/github/jnr/jnr-posix/3.1.4/jnr-posix-3.1.4.jar:/Users/minhdao/.m2/repository/com/github/jnr/jnr-constants/0.10.1/jnr-constants-0.10.1.jar:/Users/minhdao/.m2/repository/com/github/jnr/jffi/1.3.1/jffi-1.3.1.jar:/Users/minhdao/.m2/repository/com/github/jnr/jffi/1.3.1/jffi-1.3.1-native.jar:/Users/minhdao/.m2/repository/org/jruby/joni/joni/2.1.31/joni-2.1.31.jar:/Users/minhdao/.m2/repository/org/jruby/jcodings/jcodings/1.0.46/jcodings-1.0.46.jar:/Users/minhdao/.m2/repository/org/jruby/dirgra/0.3/dirgra-0.3.jar:/Users/minhdao/.m2/repository/com/headius/invokebinder/1.11/invokebinder-1.11.jar:/Users/minhdao/.m2/repository/com/headius/options/1.4/options-1.4.jar:/Users/minhdao/.m2/repository/com/jcraft/jzlib/1.1.3/jzlib-1.1.3.jar:/Users/minhdao/.m2/repository/com/martiansoftware/nailgun-server/0.9.1/nailgun-server-0.9.1.jar:/Users/minhdao/.m2/repository/com/headius/backport9/1.8/backport9-1.8.jar:/Users/minhdao/.m2/repository/javax/annotation/javax.annotation-api/1.3.1/javax.annotation-api-1.3.1.jar:/Users/minhdao/.m2/repository/org/jruby/jruby-stdlib/9.2.17.0/jruby-stdlib-9.2.17.0.jar:/Users/minhdao/.m2/repository/net/bytebuddy/byte-buddy-agent/1.11.1/byte-buddy-agent-1.11.1.jar:/Users/minhdao/.m2/repository/org/objenesis/objenesis/3.1/objenesis-3.1.jar:/Users/minhdao/.m2/repository/net/serenity-bdd/serenity-reports/2.6.0/serenity-reports-2.6.0.jar:/Users/minhdao/.m2/repository/net/serenity-bdd/serenity-stats/2.6.0/serenity-stats-2.6.0.jar:/Users/minhdao/.m2/repository/org/jetbrains/kotlin/kotlin-stdlib/1.5.0/kotlin-stdlib-1.5.0.jar:/Users/minhdao/.m2/repository/org/jetbrains/annotations/13.0/annotations-13.0.jar:/Users/minhdao/.m2/repository/org/jetbrains/kotlin/kotlin-stdlib-common/1.5.0/kotlin-stdlib-common-1.5.0.jar:/Users/minhdao/.m2/repository/net/serenity-bdd/serenity-reports-configuration/2.6.0/serenity-reports-configuration-2.6.0.jar:/Users/minhdao/.m2/repository/com/vladsch/flexmark/flexmark-all/0.34.30/flexmark-all-0.34.30.jar:/Users/minhdao/.m2/repository/com/vladsch/flexmark/flexmark/0.34.30/flexmark-0.34.30.jar:/Users/minhdao/.m2/repository/com/vladsch/flexmark/flexmark-ext-abbreviation/0.34.30/flexmark-ext-abbreviation-0.34.30.jar:/Users/minhdao/.m2/repository/com/vladsch/flexmark/flexmark-ext-admonition/0.34.30/flexmark-ext-admonition-0.34.30.jar:/Users/minhdao/.m2/repository/com/vladsch/flexmark/flexmark-ext-anchorlink/0.34.30/flexmark-ext-anchorlink-0.34.30.jar:/Users/minhdao/.m2/repository/com/vladsch/flexmark/flexmark-ext-aside/0.34.30/flexmark-ext-aside-0.34.30.jar:/Users/minhdao/.m2/repository/com/vladsch/flexmark/flexmark-ext-attributes/0.34.30/flexmark-ext-attributes-0.34.30.jar:/Users/minhdao/.m2/repository/com/vladsch/flexmark/flexmark-ext-autolink/0.34.30/flexmark-ext-autolink-0.34.30.jar:/Users/minhdao/.m2/repository/org/nibor/autolink/autolink/0.6.0/autolink-0.6.0.jar:/Users/minhdao/.m2/repository/com/vladsch/flexmark/flexmark-ext-definition/0.34.30/flexmark-ext-definition-0.34.30.jar:/Users/minhdao/.m2/repository/com/vladsch/flexmark/flexmark-ext-emoji/0.34.30/flexmark-ext-emoji-0.34.30.jar:/Users/minhdao/.m2/repository/com/vladsch/flexmark/flexmark-ext-enumerated-reference/0.34.30/flexmark-ext-enumerated-reference-0.34.30.jar:/Users/minhdao/.m2/repository/com/vladsch/flexmark/flexmark-ext-escaped-character/0.34.30/flexmark-ext-escaped-character-0.34.30.jar:/Users/minhdao/.m2/repository/com/vladsch/flexmark/flexmark-ext-footnotes/0.34.30/flexmark-ext-footnotes-0.34.30.jar:/Users/minhdao/.m2/repository/com/vladsch/flexmark/flexmark-ext-gfm-issues/0.34.30/flexmark-ext-gfm-issues-0.34.30.jar:/Users/minhdao/.m2/repository/com/vladsch/flexmark/flexmark-ext-gfm-strikethrough/0.34.30/flexmark-ext-gfm-strikethrough-0.34.30.jar:/Users/minhdao/.m2/repository/com/vladsch/flexmark/flexmark-ext-gfm-tables/0.34.30/flexmark-ext-gfm-tables-0.34.30.jar:/Users/minhdao/.m2/repository/com/vladsch/flexmark/flexmark-ext-gfm-tasklist/0.34.30/flexmark-ext-gfm-tasklist-0.34.30.jar:/Users/minhdao/.m2/repository/com/vladsch/flexmark/flexmark-ext-gfm-users/0.34.30/flexmark-ext-gfm-users-0.34.30.jar:/Users/minhdao/.m2/repository/com/vladsch/flexmark/flexmark-ext-gitlab/0.34.30/flexmark-ext-gitlab-0.34.30.jar:/Users/minhdao/.m2/repository/com/vladsch/flexmark/flexmark-ext-jekyll-front-matter/0.34.30/flexmark-ext-jekyll-front-matter-0.34.30.jar:/Users/minhdao/.m2/repository/com/vladsch/flexmark/flexmark-ext-jekyll-tag/0.34.30/flexmark-ext-jekyll-tag-0.34.30.jar:/Users/minhdao/.m2/repository/com/vladsch/flexmark/flexmark-ext-media-tags/0.34.30/flexmark-ext-media-tags-0.34.30.jar:/Users/minhdao/.m2/repository/com/vladsch/flexmark/flexmark-test-util/0.34.30/flexmark-test-util-0.34.30.jar:/Users/minhdao/.m2/repository/com/vladsch/flexmark/flexmark-ext-ins/0.34.30/flexmark-ext-ins-0.34.30.jar:/Users/minhdao/.m2/repository/com/vladsch/flexmark/flexmark-ext-xwiki-macros/0.34.30/flexmark-ext-xwiki-macros-0.34.30.jar:/Users/minhdao/.m2/repository/com/vladsch/flexmark/flexmark-ext-superscript/0.34.30/flexmark-ext-superscript-0.34.30.jar:/Users/minhdao/.m2/repository/com/vladsch/flexmark/flexmark-ext-tables/0.34.30/flexmark-ext-tables-0.34.30.jar:/Users/minhdao/.m2/repository/com/vladsch/flexmark/flexmark-ext-toc/0.34.30/flexmark-ext-toc-0.34.30.jar:/Users/minhdao/.m2/repository/com/vladsch/flexmark/flexmark-ext-typographic/0.34.30/flexmark-ext-typographic-0.34.30.jar:/Users/minhdao/.m2/repository/com/vladsch/flexmark/flexmark-ext-wikilink/0.34.30/flexmark-ext-wikilink-0.34.30.jar:/Users/minhdao/.m2/repository/com/vladsch/flexmark/flexmark-ext-yaml-front-matter/0.34.30/flexmark-ext-yaml-front-matter-0.34.30.jar:/Users/minhdao/.m2/repository/com/vladsch/flexmark/flexmark-ext-youtube-embedded/0.34.30/flexmark-ext-youtube-embedded-0.34.30.jar:/Users/minhdao/.m2/repository/com/vladsch/flexmark/flexmark-formatter/0.34.30/flexmark-formatter-0.34.30.jar:/Users/minhdao/.m2/repository/com/vladsch/flexmark/flexmark-html-parser/0.34.30/flexmark-html-parser-0.34.30.jar:/Users/minhdao/.m2/repository/com/vladsch/flexmark/flexmark-jira-converter/0.34.30/flexmark-jira-converter-0.34.30.jar:/Users/minhdao/.m2/repository/com/vladsch/flexmark/flexmark-pdf-converter/0.34.30/flexmark-pdf-converter-0.34.30.jar:/Users/minhdao/.m2/repository/com/openhtmltopdf/openhtmltopdf-core/0.0.1-RC13/openhtmltopdf-core-0.0.1-RC13.jar:/Users/minhdao/.m2/repository/com/openhtmltopdf/openhtmltopdf-pdfbox/0.0.1-RC13/openhtmltopdf-pdfbox-0.0.1-RC13.jar:/Users/minhdao/.m2/repository/org/apache/pdfbox/xmpbox/2.0.8/xmpbox-2.0.8.jar:/Users/minhdao/.m2/repository/com/openhtmltopdf/openhtmltopdf-rtl-support/0.0.1-RC13/openhtmltopdf-rtl-support-0.0.1-RC13.jar:/Users/minhdao/.m2/repository/com/ibm/icu/icu4j/59.1/icu4j-59.1.jar:/Users/minhdao/.m2/repository/com/openhtmltopdf/openhtmltopdf-jsoup-dom-converter/0.0.1-RC13/openhtmltopdf-jsoup-dom-converter-0.0.1-RC13.jar:/Users/minhdao/.m2/repository/com/vladsch/flexmark/flexmark-profile-pegdown/0.34.30/flexmark-profile-pegdown-0.34.30.jar:/Users/minhdao/.m2/repository/com/vladsch/flexmark/flexmark-util/0.34.30/flexmark-util-0.34.30.jar:/Users/minhdao/.m2/repository/com/vladsch/flexmark/flexmark-youtrack-converter/0.34.30/flexmark-youtrack-converter-0.34.30.jar:/Users/minhdao/.m2/repository/es/nitaur/markdown/txtmark/0.16/txtmark-0.16.jar:/Users/minhdao/.m2/repository/net/serenity-bdd/serenity-report-resources/2.6.0/serenity-report-resources-2.6.0.jar:/Users/minhdao/.m2/repository/commons-io/commons-io/2.8.0/commons-io-2.8.0.jar:/Users/minhdao/.m2/repository/net/sourceforge/htmlunit/htmlunit/2.47.1/htmlunit-2.47.1.jar:/Users/minhdao/.m2/repository/xalan/xalan/2.7.2/xalan-2.7.2.jar:/Users/minhdao/.m2/repository/xalan/serializer/2.7.2/serializer-2.7.2.jar:/Users/minhdao/.m2/repository/net/sourceforge/htmlunit/htmlunit-core-js/2.47.0/htmlunit-core-js-2.47.0.jar:/Users/minhdao/.m2/repository/net/sourceforge/htmlunit/neko-htmlunit/2.47.1/neko-htmlunit-2.47.1.jar:/Users/minhdao/.m2/repository/xerces/xercesImpl/2.12.0/xercesImpl-2.12.0.jar:/Users/minhdao/.m2/repository/xml-apis/xml-apis/1.4.01/xml-apis-1.4.01.jar:/Users/minhdao/.m2/repository/net/sourceforge/htmlunit/htmlunit-cssparser/1.7.0/htmlunit-cssparser-1.7.0.jar:/Users/minhdao/.m2/repository/org/brotli/dec/0.1.2/dec-0.1.2.jar:/Users/minhdao/.m2/repository/com/shapesecurity/salvation2/3.0.0/salvation2-3.0.0.jar:/Users/minhdao/.m2/repository/org/eclipse/jetty/websocket/websocket-client/9.4.36.v20210114/websocket-client-9.4.36.v20210114.jar:/Users/minhdao/.m2/repository/org/eclipse/jetty/jetty-client/9.4.36.v20210114/jetty-client-9.4.36.v20210114.jar:/Users/minhdao/.m2/repository/org/eclipse/jetty/jetty-http/9.4.36.v20210114/jetty-http-9.4.36.v20210114.jar:/Users/minhdao/.m2/repository/org/eclipse/jetty/jetty-util/9.4.36.v20210114/jetty-util-9.4.36.v20210114.jar:/Users/minhdao/.m2/repository/org/eclipse/jetty/jetty-io/9.4.36.v20210114/jetty-io-9.4.36.v20210114.jar:/Users/minhdao/.m2/repository/org/eclipse/jetty/websocket/websocket-common/9.4.36.v20210114/websocket-common-9.4.36.v20210114.jar:/Users/minhdao/.m2/repository/org/eclipse/jetty/websocket/websocket-api/9.4.36.v20210114/websocket-api-9.4.36.v20210114.jar:/Users/minhdao/.m2/repository/org/seleniumhq/selenium/htmlunit-driver/2.47.1/htmlunit-driver-2.47.1.jar:/Users/minhdao/.m2/repository/com/codeborne/phantomjsdriver/1.4.4/phantomjsdriver-1.4.4.jar:/Users/minhdao/.m2/repository/io/appium/java-client/7.5.1/java-client-7.5.1.jar:/Users/minhdao/.m2/repository/commons-validator/commons-validator/1.7/commons-validator-1.7.jar:/Users/minhdao/.m2/repository/commons-digester/commons-digester/2.1/commons-digester-2.1.jar:/Users/minhdao/.m2/repository/net/sf/opencsv/opencsv/2.0/opencsv-2.0.jar:/Users/minhdao/.m2/repository/commons-beanutils/commons-beanutils/1.9.4/commons-beanutils-1.9.4.jar:/Users/minhdao/.m2/repository/commons-collections/commons-collections/3.2.2/commons-collections-3.2.2.jar:/Users/minhdao/.m2/repository/org/fluentlenium/fluentlenium-core/0.10.2/fluentlenium-core-0.10.2.jar:/Users/minhdao/.m2/repository/io/github/bonigarcia/webdrivermanager/4.4.1/webdrivermanager-4.4.1.jar:/Users/minhdao/.m2/repository/org/apache/httpcomponents/client5/httpclient5/5.0.3/httpclient5-5.0.3.jar:/Users/minhdao/.m2/repository/org/apache/httpcomponents/core5/httpcore5/5.0.2/httpcore5-5.0.2.jar:/Users/minhdao/.m2/repository/org/apache/httpcomponents/core5/httpcore5-h2/5.0.2/httpcore5-h2-5.0.2.jar:/Users/minhdao/.m2/repository/org/rauschig/jarchivelib/1.1.0/jarchivelib-1.1.0.jar:/Users/minhdao/.m2/repository/com/jhlabs/filters/2.0.235/filters-2.0.235.jar:/Users/minhdao/.m2/repository/joda-time/joda-time/2.8.2/joda-time-2.8.2.jar:/Users/minhdao/.m2/repository/com/google/jimfs/jimfs/1.1/jimfs-1.1.jar:/Users/minhdao/.m2/repository/org/mockito/mockito-core/3.3.3/mockito-core-3.3.3.jar:/Users/minhdao/.m2/repository/org/assertj/assertj-core/3.18.0/assertj-core-3.18.0.jar:/Users/minhdao/.m2/repository/javax/xml/bind/jaxb-api/2.3.1/jaxb-api-2.3.1.jar:/Users/minhdao/.m2/repository/javax/activation/javax.activation-api/1.2.0/javax.activation-api-1.2.0.jar:/Users/minhdao/.m2/repository/com/sun/xml/bind/jaxb-core/2.3.0.1/jaxb-core-2.3.0.1.jar:/Users/minhdao/.m2/repository/javax/activation/activation/1.1.1/activation-1.1.1.jar:/Users/minhdao/.m2/repository/org/codehaus/groovy/groovy-json/3.0.8/groovy-json-3.0.8.jar:/Users/minhdao/.m2/repository/org/opentest4j/opentest4j/1.2.0/opentest4j-1.2.0.jar:/Users/minhdao/.m2/repository/org/json/json/20210307/json-20210307.jar:/Users/minhdao/.m2/repository/mysql/mysql-connector-java/8.0.27/mysql-connector-java-8.0.27.jar:/Users/minhdao/.m2/repository/com/google/protobuf/protobuf-java/3.11.4/protobuf-java-3.11.4.jar:/Users/minhdao/.m2/repository/org/skyscreamer/jsonassert/1.5.0/jsonassert-1.5.0.jar:/Users/minhdao/.m2/repository/com/vaadin/external/google/android-json/0.0.20131108.vaadin1/android-json-0.0.20131108.vaadin1.jar:/Users/minhdao/.m2/repository/org/apache/maven/plugins/maven-surefire-plugin/3.0.0-M5/maven-surefire-plugin-3.0.0-M5.jar:/Users/minhdao/.m2/repository/org/apache/maven/surefire/maven-surefire-common/3.0.0-M5/maven-surefire-common-3.0.0-M5.jar:/Users/minhdao/.m2/repository/org/apache/maven/surefire/surefire-api/3.0.0-M5/surefire-api-3.0.0-M5.jar:/Users/minhdao/.m2/repository/org/apache/maven/surefire/surefire-logger-api/3.0.0-M5/surefire-logger-api-3.0.0-M5.jar:/Users/minhdao/.m2/repository/org/apache/maven/surefire/surefire-extensions-api/3.0.0-M5/surefire-extensions-api-3.0.0-M5.jar:/Users/minhdao/.m2/repository/org/apache/maven/surefire/surefire-booter/3.0.0-M5/surefire-booter-3.0.0-M5.jar:/Users/minhdao/.m2/repository/org/apache/maven/surefire/surefire-extensions-spi/3.0.0-M5/surefire-extensions-spi-3.0.0-M5.jar:/Users/minhdao/.m2/repository/org/apache/maven/maven-toolchain/3.0-alpha-2/maven-toolchain-3.0-alpha-2.jar:/Users/minhdao/.m2/repository/org/apache/maven/shared/maven-artifact-transfer/0.11.0/maven-artifact-transfer-0.11.0.jar:/Users/minhdao/.m2/repository/org/apache/maven/shared/maven-common-artifact-filters/3.0.1/maven-common-artifact-filters-3.0.1.jar:/Users/minhdao/.m2/repository/org/apache/maven/maven-model/3.0/maven-model-3.0.jar:/Users/minhdao/.m2/repository/org/apache/maven/maven-plugin-api/3.0/maven-plugin-api-3.0.jar:/Users/minhdao/.m2/repository/org/sonatype/sisu/sisu-inject-plexus/1.4.2/sisu-inject-plexus-1.4.2.jar:/Users/minhdao/.m2/repository/org/codehaus/plexus/plexus-classworlds/2.2.3/plexus-classworlds-2.2.3.jar:/Users/minhdao/.m2/repository/org/sonatype/sisu/sisu-inject-bean/1.4.2/sisu-inject-bean-1.4.2.jar:/Users/minhdao/.m2/repository/org/sonatype/sisu/sisu-guice/2.1.7/sisu-guice-2.1.7-noaop.jar:/Users/minhdao/.m2/repository/org/apache/maven/shared/maven-shared-utils/3.1.0/maven-shared-utils-3.1.0.jar:/Users/minhdao/.m2/repository/org/codehaus/plexus/plexus-java/1.0.5/plexus-java-1.0.5.jar:/Users/minhdao/.m2/repository/org/ow2/asm/asm/7.2/asm-7.2.jar:/Users/minhdao/.m2/repository/com/thoughtworks/qdox/qdox/2.0-M9/qdox-2.0-M9.jar:/Users/minhdao/.m2/repository/org/apache/maven/surefire/surefire-shared-utils/3.0.0-M4/surefire-shared-utils-3.0.0-M4.jar:/Users/minhdao/.m2/repository/org/testng/testng/7.1.0/testng-7.1.0.jar:/Users/minhdao/.m2/repository/com/beust/jcommander/1.72/jcommander-1.72.jar:/Users/minhdao/.m2/repository/com/google/inject/guice/4.1.0/guice-4.1.0-no_aop.jar:/Users/minhdao/.m2/repository/javax/inject/javax.inject/1/javax.inject-1.jar:/Users/minhdao/.m2/repository/aopalliance/aopalliance/1.0/aopalliance-1.0.jar:/Users/minhdao/.m2/repository/io/cucumber/cucumber-testng/6.11.0/cucumber-testng-6.11.0.jar:/Users/minhdao/.m2/repository/com/epam/reportportal/agent-java-cucumber6/5.1.0-RC-4/agent-java-cucumber6-5.1.0-RC-4.jar:/Users/minhdao/.m2/repository/com/epam/reportportal/client-java/5.1.0-RC-12/client-java-5.1.0-RC-12.jar:/Users/minhdao/.m2/repository/io/reactivex/rxjava2/rxjava/2.2.10/rxjava-2.2.10.jar:/Users/minhdao/.m2/repository/com/squareup/retrofit2/retrofit/2.9.0/retrofit-2.9.0.jar:/Users/minhdao/.m2/repository/com/squareup/okhttp3/okhttp/3.14.9/okhttp-3.14.9.jar:/Users/minhdao/.m2/repository/com/squareup/okio/okio/1.17.2/okio-1.17.2.jar:/Users/minhdao/.m2/repository/org/aspectj/aspectjrt/1.9.2/aspectjrt-1.9.2.jar:/Users/minhdao/.m2/repository/com/squareup/retrofit2/converter-scalars/2.9.0/converter-scalars-2.9.0.jar:/Users/minhdao/.m2/repository/com/squareup/retrofit2/converter-jackson/2.9.0/converter-jackson-2.9.0.jar:/Users/minhdao/.m2/repository/com/squareup/retrofit2/adapter-rxjava2/2.9.0/adapter-rxjava2-2.9.0.jar:/Users/minhdao/.m2/repository/com/squareup/okhttp3/logging-interceptor/3.14.9/logging-interceptor-3.14.9.jar:/Users/minhdao/.m2/repository/org/aspectj/aspectjweaver/1.9.2/aspectjweaver-1.9.2.jar:/Users/minhdao/.m2/repository/com/epam/reportportal/commons-model/5.0.0/commons-model-5.0.0.jar:/Users/minhdao/.m2/repository/io/swagger/swagger-annotations/1.5.24/swagger-annotations-1.5.24.jar:/Users/minhdao/.m2/repository/javax/validation/validation-api/2.0.1.Final/validation-api-2.0.1.Final.jar:/Users/minhdao/.m2/repository/com/google/code/findbugs/jsr305/3.0.2/jsr305-3.0.2.jar:/Users/minhdao/.m2/repository/org/slf4j/slf4j-api/1.7.25/slf4j-api-1.7.25.jar:/Users/minhdao/.m2/repository/com/epam/reportportal/allure-common/5.1.0-BETA-2/allure-common-5.1.0-BETA-2.jar:/Users/minhdao/.m2/repository/io/qameta/allure/allure-java-commons/2.14.0/allure-java-commons-2.14.0.jar:/Users/minhdao/.m2/repository/io/qameta/allure/allure-model/2.14.0/allure-model-2.14.0.jar:/Users/minhdao/.m2/repository/org/apache/tika/tika-core/1.26/tika-core-1.26.jar:/Users/minhdao/.m2/repository/org/jooq/joor-java-8/0.9.14/joor-java-8-0.9.14.jar:"/>
    <property name="sun.cpu.endian" value="little"/>
    <property name="user.home" value="/Users/minhdao"/>
    <property name="user.language" value="en"/>
    <property name="java.specification.vendor" value="Oracle Corporation"/>
    <property name="java.home" value="/Library/Java/JavaVirtualMachines/jdk1.8.0_301.jdk/Contents/Home/jre"/>
    <property name="basedir" value="/Users/minhdao/Minh-selenium-cucumber-java"/>
    <property name="file.separator" value="/"/>
    <property name="line.separator" value="&#10;"/>
    <property name="java.vm.specification.vendor" value="Oracle Corporation"/>
    <property name="java.specification.name" value="Java Platform API Specification"/>
    <property name="java.awt.graphicsenv" value="sun.awt.CGraphicsEnvironment"/>
    <property name="surefire.real.class.path" value="/Users/minhdao/Minh-selenium-cucumber-java/target/surefire/surefirebooter1938547004160723531.jar"/>
    <property name="sun.boot.class.path" value="/Library/Java/JavaVirtualMachines/jdk1.8.0_301.jdk/Contents/Home/jre/lib/resources.jar:/Library/Java/JavaVirtualMachines/jdk1.8.0_301.jdk/Contents/Home/jre/lib/rt.jar:/Library/Java/JavaVirtualMachines/jdk1.8.0_301.jdk/Contents/Home/jre/lib/sunrsasign.jar:/Library/Java/JavaVirtualMachines/jdk1.8.0_301.jdk/Contents/Home/jre/lib/jsse.jar:/Library/Java/JavaVirtualMachines/jdk1.8.0_301.jdk/Contents/Home/jre/lib/jce.jar:/Library/Java/JavaVirtualMachines/jdk1.8.0_301.jdk/Contents/Home/jre/lib/charsets.jar:/Library/Java/JavaVirtualMachines/jdk1.8.0_301.jdk/Contents/Home/jre/lib/jfr.jar:/Library/Java/JavaVirtualMachines/jdk1.8.0_301.jdk/Contents/Home/jre/classes"/>
    <property name="sun.management.compiler" value="HotSpot 64-Bit Tiered Compilers"/>
    <property name="java.runtime.version" value="1.8.0_301-b09"/>
    <property name="user.name" value="minhdao"/>
    <property name="path.separator" value=":"/>
    <property name="os.version" value="10.16"/>
    <property name="java.endorsed.dirs" value="/Library/Java/JavaVirtualMachines/jdk1.8.0_301.jdk/Contents/Home/jre/lib/endorsed"/>
    <property name="java.runtime.name" value="Java(TM) SE Runtime Environment"/>
    <property name="file.encoding" value="UTF-8"/>
    <property name="sun.nio.ch.bugLevel" value=""/>
    <property name="java.vm.name" value="Java HotSpot(TM) 64-Bit Server VM"/>
    <property name="localRepository" value="/Users/minhdao/.m2/repository"/>
    <property name="java.vendor.url.bug" value="http://bugreport.sun.com/bugreport/"/>
    <property name="java.io.tmpdir" value="/var/folders/bp/l9qv2lc13mb1sd9pyj2jvkq00000gn/T/"/>
    <property name="idea.version" value="2021.2.1"/>
    <property name="java.version" value="1.8.0_301"/>
    <property name="user.dir" value="/Users/minhdao/Minh-selenium-cucumber-java"/>
    <property name="os.arch" value="x86_64"/>
    <property name="java.vm.specification.name" value="Java Virtual Machine Specification"/>
    <property name="java.awt.printerjob" value="sun.lwawt.macosx.CPrinterJob"/>
    <property name="sun.os.patch.level" value="unknown"/>
    <property name="java.library.path" value="/Users/minhdao/Library/Java/Extensions:/Library/Java/Extensions:/Network/Library/Java/Extensions:/System/Library/Java/Extensions:/usr/lib/java:."/>
    <property name="java.vm.info" value="mixed mode"/>
    <property name="java.vendor" value="Oracle Corporation"/>
    <property name="java.vm.version" value="25.301-b09"/>
    <property name="java.ext.dirs" value="/Users/minhdao/Library/Java/Extensions:/Library/Java/JavaVirtualMachines/jdk1.8.0_301.jdk/Contents/Home/jre/lib/ext:/Library/Java/Extensions:/Network/Library/Java/Extensions:/System/Library/Java/Extensions:/usr/lib/java"/>
    <property name="sun.io.unicode.encoding" value="UnicodeBig"/>
    <property name="java.class.version" value="52.0"/>
  </properties>
  <testcase name="runScenario[&quot;Login successfully scenario&quot;, &quot;Optional[Login saucedemo website]&quot;](1)" classname="info.seleniumcucumber.RunnerTestNG" time="8.397">
    <system-out><![CDATA[
Scenario: Search location scenario # src/test/resources/features/weather-intercept.feature:6

Scenario Outline: Purchase successfull scenario              # src/test/resources/features/Purchase.feature:25

Scenario Outline: Login successfully scenario # src/test/resources/features/saucedemo-login.feature:13

Scenario Outline: Purchase successfull scenario              # src/test/resources/features/Purchase2.feature:25
  And I want to go to saucedemo website       # info.seleniumcucumber.steps.NavigationSteps.i_want_to_go_to_automationpractice_website()
  When I login saucedemo with "standard"      # info.seleniumcucumber.steps.SaucedemoLoginSteps.i_login_saucedemo_with(java.lang.String)
]]></system-out>
    <system-err><![CDATA[SLF4J: Failed to load class "org.slf4j.impl.StaticLoggerBinder".
SLF4J: Defaulting to no-operation (NOP) logger implementation
SLF4J: See http://www.slf4j.org/codes.html#StaticLoggerBinder for further details.
SSStttaaarrtrtitiningng g C ChCrhormhoemDerDrirvoiemvree 94rD. r09.i4v.e40r. 49640.600.664.6.4411 ( 03(3633.e4835d31fe 38(c539dbf36335ce698bb556d158f6b3b5c591b86bf5516fb1a5ad1dd8d5bf55ff21f4af6d23d46565f3bf6625c4b266c32645-br6ecf2s4/-bra4r-nerfecsfh/s-b/hrbearanadcnshc/-h4-6h0e6ha@de{sa#/d84s64/0546}6@0){6# @8o{4n#5 8}p4)o5 ro}tn)   5poo6rn0t 6 p86o
2rO9tn2 l36
y4O 5nl3lo9yc
 aOllon clcayol n lncoeoccnatnlie occtnoisno nneasc tairoen re allowed.
Please see htallowedS.t
Pltaearstpe isn:/s/c hromedrivegr. Cseaec rhhhertr otomapmisleu:lDm/or/.wicoehrvrgdeo/.rms
 eP9edl4creu.iar0vsi.eet4ry .6-c0csh6ore.no4sme1ii d uhem(trt3a.p3tos3ir:eog8/n/5/ssdc ehffcro3uorcm res9idubrtgi6gyve5-es6rtc.iboco5hnn1rss8oi bmdo5ienur mkaf.eot1eiarpogidnn/dgss e5 cCffohufrrr2 ios4umtg6eyg3e-Ds6crt5ioibov6nnecssr2 i o4sdn- eakrfreeeaepf.tis
in/ogbCn rCshahr rnofocmmohere-DD hrsreuiagvdisgev/er4es 6wrt isoa0nsf6 e@on{ #.84
a5k}sC)e h roesonmp tepiaDornrritgvt e e5rC5 d1wh 1ars0so
 uOsmcntelacDyre trsleiodscv faseluu rclcc olensysnse.af
fculetli.oy
n.s
 arCeh raolmleoDwreidv.e
rPlease see https://chromedrive r.cwhraomsi ums.otrag/sretcuerdit y-scuoncsciedesrastfiounlsl yf.or
 suggestions on keeping ChromeDriver safe.
ChromeDriver was started successfully.
[1636451048.162][WARNING]: This version of ChromeDriver has not been tested with Chrome version 95.
[1636451048.218][WARNING]: This version of ChromeDriver has not been tested with Chrome version 95.
[1636451048.226][WARNING]: This version of ChromeDriver has not been tested with Chrome version 95.
[1636451048.276][WARNING]: This version of ChromeDriver has not been tested with Chrome version 95.
Nov 09, 2021 4:44:08 PM org.openqa.selenium.remote.ProtocolHandshake createSession
INFO: Detected dialect: W3C
Nov 09, 2021 4:44:08 PM org.openqa.selenium.remote.ProtocolHandshake createSession
INFO: Detected dialect: W3C
Nov 09, 2021 4:44:08 PM org.openqa.selenium.remote.ProtocolHandshake createSession
INFO: Detected dialect: W3C
Nov 09, 2021 4:44:08 PM org.openqa.selenium.remote.ProtocolHandshake createSession
INFO: Detected dialect: W3C
Nov 09, 2021 4:44:08 PM org.openqa.selenium.devtools.CdpVersionFinder findNearestMatch
INFO: Found exact CDP implementation for version 95
Nov 09, 2021 4:44:08 PM org.openqa.selenium.devtools.CdpVersionFinder findNearestMatch
INFO: Found exact CDP implementation for version 95
Nov 09, 2021 4:44:08 PM org.openqa.selenium.devtools.CdpVersionFinder findNearestMatch
INFO: Found exact CDP implementation for version 95
Nov 09, 2021 4:44:08 PM org.openqa.selenium.devtools.CdpVersionFinder findNearestMatch
INFO: Found exact CDP implementation for version 95
]]></system-err>
  </testcase>
  <testcase name="runScenario[&quot;Search location scenario&quot;, &quot;Optional[weather website]&quot;](2)" classname="info.seleniumcucumber.RunnerTestNG" time="20.802">
    <failure message="expected [a string containing &quot;delicious cheese!&quot;] but found [&lt;html dir=&quot;ltr&quot; lang=&quot;en-US&quot;&gt;&lt;head&gt;&#10;      &lt;meta data-react-helmet=&quot;true&quot; charset=&quot;utf-8&quot;&gt;&lt;meta data-react-helmet=&quot;true&quot; name=&quot;viewport&quot; content=&quot;width=device-width, initial-scale=1, viewport-fit=cover&quot;&gt;&lt;meta data-react-helmet=&quot;true&quot; name=&quot;robots&quot; content=&quot;max-image-preview:large&quot;&gt;&lt;meta data-react-helmet=&quot;true&quot; name=&quot;robots&quot; content=&quot;index, follow&quot;&gt;&lt;meta data-react-helmet=&quot;true&quot; name=&quot;referrer&quot; content=&quot;origin&quot;&gt;&lt;meta data-react-helmet=&quot;true&quot; name=&quot;description&quot; content=&quot;The Weather Channel and weather.com provide a national and local weather forecast for cities, as well as weather radar, report and hurricane coverage&quot;&gt;&lt;meta data-react-helmet=&quot;true&quot; name=&quot;msapplication-TileColor&quot; content=&quot;#ffffff&quot;&gt;&lt;meta data-react-helmet=&quot;true&quot; name=&quot;msapplication-TileImage&quot; content=&quot;/daybreak-home/assets/ms-icon-144x144.d353af.png&quot;&gt;&lt;meta data-react-helmet=&quot;true&quot; name=&quot;theme-color&quot; content=&quot;#ffffff&quot;&gt;&lt;meta data-react-helmet=&quot;true&quot; property=&quot;og:title&quot; content=&quot;National and Local Weather Radar, Daily Forecast, Hurricane and information from The Weather Channel and weather.com&quot;&gt;&lt;meta data-react-helmet=&quot;true&quot; property=&quot;og:image&quot; content=&quot;https://s.w-x.co/240x180_twc_default.png&quot;&gt;&lt;meta data-react-helmet=&quot;true&quot; property=&quot;og:image:url&quot; content=&quot;https://s.w-x.co/240x180_twc_default.png&quot;&gt;&lt;meta data-react-helmet=&quot;true&quot; property=&quot;og:image:secure_url&quot; content=&quot;https://s.w-x.co/240x180_twc_default.png&quot;&gt;&lt;meta data-react-helmet=&quot;true&quot; property=&quot;og:site_name&quot; content=&quot;The Weather Channel&quot;&gt;&lt;meta data-react-helmet=&quot;true&quot; property=&quot;og:type&quot; content=&quot;article&quot;&gt;&lt;meta data-react-helmet=&quot;true&quot; property=&quot;og:locale&quot; content=&quot;en_US&quot;&gt;&lt;meta data-react-helmet=&quot;true&quot; property=&quot;og:description&quot; content=&quot;The Weather Channel and weather.com provide a national and local weather forecast for cities, as well as weather radar, report and hurricane coverage&quot;&gt;&lt;meta data-react-helmet=&quot;true&quot; property=&quot;og:url&quot; content=&quot;https://weather.com/&quot;&gt;&#10;      &lt;title data-react-helmet=&quot;true&quot;&gt;National and Local Weather Radar, Daily Forecast, Hurricane and information from The Weather Channel and weather.com&lt;/title&gt;&#10;      &lt;link rel=&quot;preload&quot; as=&quot;script&quot; href=&quot;//confiant-integrations.global.ssl.fastly.net/sM1wMdWIAB1LeJwC9QvIgGUpPQ0/gpt_and_prebid/config.js&quot;&gt;&lt;link rel=&quot;preload&quot; as=&quot;script&quot; href=&quot;//c.amazon-adsystem.com/aax2/apstag.js&quot;&gt;&lt;link rel=&quot;preload&quot; as=&quot;script&quot; href=&quot;//cdn.adsafeprotected.com/iasPET.1.js&quot;&gt;&lt;link data-react-helmet=&quot;true&quot; rel=&quot;canonical&quot; href=&quot;https://weather.com/&quot;&gt;&lt;link data-react-helmet=&quot;true&quot; rel=&quot;icon&quot; sizes=&quot;192x192&quot; href=&quot;/daybreak-home/assets/android-icon-192x192.59ccbc.png&quot;&gt;&lt;link data-react-helmet=&quot;true&quot; rel=&quot;apple-touch-icon&quot; sizes=&quot;114x114&quot; href=&quot;/daybreak-home/assets/apple-icon-114x114.1354cc.png&quot;&gt;&lt;link data-react-helmet=&quot;true&quot; rel=&quot;apple-touch-icon&quot; sizes=&quot;120x120&quot; href=&quot;/daybreak-home/assets/apple-icon-120x120.ba15c8.png&quot;&gt;&lt;link data-react-helmet=&quot;true&quot; rel=&quot;apple-touch-icon&quot; sizes=&quot;144x144&quot; href=&quot;/daybreak-home/assets/apple-icon-144x144.d353af.png&quot;&gt;&lt;link data-react-helmet=&quot;true&quot; rel=&quot;apple-touch-icon&quot; sizes=&quot;152x152&quot; href=&quot;/daybreak-home/assets/apple-icon-152x152.3eb488.png&quot;&gt;&lt;link data-react-helmet=&quot;true&quot; rel=&quot;apple-touch-icon&quot; sizes=&quot;180x180&quot; href=&quot;/daybreak-home/assets/apple-icon-180x180.f0f315.png&quot;&gt;&lt;link data-react-helmet=&quot;true&quot; rel=&quot;apple-touch-icon&quot; sizes=&quot;57x57&quot; href=&quot;/daybreak-home/assets/apple-icon-57x57.57039f.png&quot;&gt;&lt;link data-react-helmet=&quot;true&quot; rel=&quot;apple-touch-icon&quot; sizes=&quot;60x60&quot; href=&quot;/daybreak-home/assets/apple-icon-60x60.97d314.png&quot;&gt;&lt;link data-react-helmet=&quot;true&quot; rel=&quot;apple-touch-icon&quot; sizes=&quot;72x72&quot; href=&quot;/daybreak-home/assets/apple-icon-72x72.77210f.png&quot;&gt;&lt;link data-react-helmet=&quot;true&quot; rel=&quot;apple-touch-icon&quot; sizes=&quot;76x76&quot; href=&quot;/daybreak-home/assets/apple-icon-76x76.625d0f.png&quot;&gt;&lt;link data-react-helmet=&quot;true&quot; rel=&quot;icon&quot; sizes=&quot;16x16&quot; href=&quot;/daybreak-home/assets/favicon-16x16.ff392a.png&quot;&gt;&lt;link data-react-helmet=&quot;true&quot; rel=&quot;icon&quot; sizes=&quot;32x32&quot; href=&quot;/daybreak-home/assets/favicon-32x32.c1752b.png&quot;&gt;&lt;link data-react-helmet=&quot;true&quot; rel=&quot;icon&quot; sizes=&quot;96x96&quot; href=&quot;/daybreak-home/assets/favicon-96x96.e407ed.png&quot;&gt;&lt;link data-react-helmet=&quot;true&quot; rel=&quot;manifest&quot; href=&quot;/manifest.json&quot;&gt;&#10;      &lt;link rel=&quot;preload&quot; as=&quot;script&quot; href=&quot;/daybreak-home/assets/main.1c834db10af7ef5f5601.js&quot;&gt;&#10;      &lt;style type=&quot;text/css&quot;&gt;:root{--border-radius:6px;color:var(--textDefault);--textBrand:#1b4de4;--textDefault:#2b2b2b;--textDark:#000;--textMedium:#2b2b2b;--textLight:#6f7585;--textOverlay:#fff;--textDisabled:#43454e;--borderDefault:#dedede;--borderLight:#f0f0f0;--backgroundDefault:#fff;--backgroundCard:#fff;--backgroundBrand:#039;--backgroundActive:#1b4de4;--backgroundBrandAccent:#1b4de4;--backgroundInverse:#000;--backgroundOverlay:#fff;--backgroundModalOverlay:rgba(0,0,0,0.8);--backgroundTableBody:#f1f1f1;--buttonBackground:#fff;--buttonText:#1b4de4;--primaryButtonBackground:#1b4de4;--primaryButtonText:#fff;--secondaryButtonBackground:#fff;--secondaryButtonText:#1b4de4;--buttonTrack:#6f7585;--buttonThumb:#fff;--buttonDisabled:#b1b1b1}html{line-height:1.5;-webkit-text-size-adjust:100%;font-family:-apple-system,BlinkMacSystemFont,Segoe UI,Roboto,Oxygen,Ubuntu,Cantarell,Fira Sans,Droid Sans,Helvetica Neue,sans-serif}[dir] body{margin:0}header,main{display:block;position:relative}h1{font-size:2em}[dir] h1{margin:.67em 0}hr{box-sizing:initial;height:0;overflow:visible}pre{font-family:monospace;font-size:1em}a{text-decoration:none}[dir] a{background-color:initial}abbr[title]{text-decoration:underline;-webkit-text-decoration:underline dotted;text-decoration:underline dotted}[dir] abbr[title]{border-bottom:none}b,strong{font-weight:bolder}code,kbd,samp{font-family:monospace;font-size:1em}small{font-size:80%}sub,sup{font-size:75%;line-height:0;position:relative;vertical-align:initial}sub{bottom:-.25em}sup{top:-.5em}[dir] img{border-style:none}button,input,optgroup,select,textarea{font-family:inherit;font-size:100%;line-height:1.15}[dir] button, [dir] input, [dir] optgroup, [dir] select, [dir] textarea{margin:0}button,input{overflow:visible;-webkit-tap-highlight-color:rgba(0,0,0,.2)}button:focus,input:focus{outline:5px auto #1b4de4}button,select{text-transform:none}[type=button],[type=reset],[type=submit],button{-webkit-appearance:button}[dir] [type=button]::-moz-focus-inner, [dir] [type=reset]::-moz-focus-inner, [dir] [type=submit]::-moz-focus-inner, [dir] button::-moz-focus-inner{border-style:none;padding:0}[type=button]:-moz-focusring,[type=reset]:-moz-focusring,[type=submit]:-moz-focusring,button:-moz-focusring{outline:1px dotted ButtonText}[dir] fieldset{padding:.35em .75em .625em}legend{box-sizing:border-box;color:inherit;display:table;max-width:100%;white-space:normal}[dir] legend{padding:0}progress{vertical-align:initial}textarea{overflow:auto}[type=checkbox],[type=radio]{box-sizing:border-box}[dir] [type=checkbox], [dir] [type=radio]{padding:0}[type=number]::-webkit-inner-spin-button,[type=number]::-webkit-outer-spin-button{height:auto}[type=search]{-webkit-appearance:textfield;outline-offset:-2px}[type=search]::-webkit-search-decoration{-webkit-appearance:none}::-webkit-file-upload-button{-webkit-appearance:button;font:inherit}details{display:block}summary{display:list-item}[hidden],template{display:none}.tp-modal .tp-close{top:unset!important}[dir] .tp-modal .tp-close{box-shadow:none!important;background:url(&apos;data:image/svg+xml;charset=utf-8,&lt;svg width=&quot;18&quot; height=&quot;18&quot; xmlns=&quot;http://www.w3.org/2000/svg&quot;&gt;&lt;path d=&quot;M9 7.468L15.817.65a1.083 1.083 0 011.532 1.532L10.532 9l6.817 6.817a1.083 1.083 0 11-1.532 1.532L9 10.532 2.183 17.35A1.083 1.083 0 11.65 15.817L7.468 9 .65 2.183A1.083 1.083 0 012.183.65L9 7.468z&quot; fill=&quot;%231B4DE4&quot; fill-rule=&quot;evenodd&quot;/&gt;&lt;/svg&gt;&apos;) 50% no-repeat!important}[dir=ltr] .tp-modal .tp-close{right:0!important}[dir=rtl] .tp-modal .tp-close{left:0!important}[dir=ltr] .tp-modal .tp-close{right:16px!important;top:12px!important}[dir=rtl] .tp-modal .tp-close{left:16px!important;top:12px!important}@media screen and (max-width:480px){[dir=ltr] .tp-modal .tp-close{right:0!important}[dir=rtl] .tp-modal .tp-close{left:0!important}#checkout-container{width:unset!important}[dir] #checkout-container{margin:auto 30px}}html{color:var(--textDefault);scroll-behavior:smooth}:focus{outline:1px dotted #212121;outline:5px auto -webkit-focus-ring-color}body.modalOpen{overflow:hidden;width:100%;height:100%;-webkit-overflow-scrolling:touch}[dir] .DaybreakLargeScreen--appWrapper--O_upA{background-attachment:fixed;background-position:50%;background-size:cover}.DaybreakLargeScreen--regionMeta--3xkV8{display:none}.DaybreakLargeScreen--regionTopAds--3wIMe{overflow:hidden}[dir] .DaybreakLargeScreen--regionTopAds--3wIMe{background-color:#fff}.DaybreakLargeScreen--regionHeaderSticky--1mg4O{z-index:100;top:0;position:-webkit-sticky;position:sticky}#wx-hero-content{grid-column-start:1;grid-column-end:3}.DaybreakLargeScreen--gridWrapper--3wzvS{display:grid;grid-template-columns:minmax(0,1fr) 350px;grid-column-gap:12px;max-width:1162px;z-index:100}[dir] .DaybreakLargeScreen--gridWrapper--3wzvS{margin:12px auto!important}[dir] .DaybreakLargeScreen--gridWrapper--3wzvS .adWrapper.card, [dir] .DaybreakLargeScreen--gridWrapper--3wzvS .card{margin:0!important}.DaybreakLargeScreen--gridWrapper--3wzvS .card h2{font-size:1.25rem}.DaybreakLargeScreen--gridWrapper--3wzvS .fullWidth{grid-column:span 12}.DaybreakLargeScreen--gridWrapper--3wzvS .halfWidth{grid-column:span 6}@media only screen and (max-width:1008px){.DaybreakLargeScreen--gridWrapper--3wzvS .halfWidth{grid-column:span 12}}@media only screen and (max-width:641px){.DaybreakLargeScreen--gridWrapper--3wzvS{grid-template-columns:minmax(0,17fr) minmax(0,8fr)}}@media only screen and (max-width:427.6666666667px){.DaybreakLargeScreen--gridWrapper--3wzvS{display:block}[dir=ltr] .DaybreakLargeScreen--gridWrapper--3wzvS .regionMain{margin-right:12px}[dir=rtl] .DaybreakLargeScreen--gridWrapper--3wzvS .regionMain{margin-left:12px}[dir=ltr] .DaybreakLargeScreen--gridWrapper--3wzvS .regionSidebar{margin-left:12px}[dir=rtl] .DaybreakLargeScreen--gridWrapper--3wzvS .regionSidebar{margin-right:12px}}.DaybreakLargeScreen--gridWrapper--3wzvS .oneThirdWidth{grid-column:span 4}.DaybreakLargeScreen--gridWrapper--3wzvS .twoThirdWidth{grid-column:span 8}.DaybreakLargeScreen--gridWrapper--3wzvS .oneFourthWidth{grid-column:span 3}.DaybreakLargeScreen--gridWrapper--3wzvS .threeFourthWidth{grid-column:span 9}.DaybreakLargeScreen--regionMain--1F19m{display:grid;grid-column-start:1;grid-column-end:2;grid-template-columns:repeat(12,1fr);grid-column-gap:12px;grid-auto-rows:max-content}[dir=ltr] .DaybreakLargeScreen--regionMain--1F19m{margin-left:12px}[dir=rtl] .DaybreakLargeScreen--regionMain--1F19m{margin-right:12px}.DaybreakLargeScreen--regionMain--1F19m&gt;div{width:100%;grid-column:span 12}.DaybreakLargeScreen--regionMain--1F19m&gt;div&gt;:first-child{height:100%;box-sizing:border-box}.DaybreakLargeScreen--removeGridStyles--rOiCU{display:block}[dir=ltr] .DaybreakLargeScreen--removeGridStyles--rOiCU{margin-left:unset}[dir=rtl] .DaybreakLargeScreen--removeGridStyles--rOiCU{margin-right:unset}.DaybreakLargeScreen--regionContentBottom--eIwFn,.DaybreakLargeScreen--regionContentTop--35bjX{z-index:0;max-width:1138px}[dir] .DaybreakLargeScreen--regionContentBottom--eIwFn, [dir] .DaybreakLargeScreen--regionContentTop--35bjX{margin:12px auto}@media only screen and (max-width:1023px){[dir] .DaybreakLargeScreen--regionContentBottom--eIwFn{margin:12px}}.DaybreakLargeScreen--regionSidebar--2kFGB{position:relative;grid-column-start:2;grid-column-end:3;display:grid;grid-auto-rows:max-content;grid-auto-columns:100%;grid-column-gap:12px}[dir=ltr] .DaybreakLargeScreen--regionSidebar--2kFGB{margin-right:12px}[dir=rtl] .DaybreakLargeScreen--regionSidebar--2kFGB{margin-left:12px}[dir] .DaybreakLargeScreen--regionMain--1F19m&gt;div:not(:last-child):not([id^=WxuAd]), [dir] .DaybreakLargeScreen--regionSidebar--2kFGB&gt;div:not(:last-child):not([id^=WxuAd]){margin-bottom:12px}[dir] .DaybreakLargeScreen--regionFooter--3zJxU{background-color:#fff;margin-top:48px}.removeIfEmpty:empty{display:none}@media only screen and (min-width:1440px){.DaybreakLargeScreen--clearNight--3pohZ,.DaybreakLargeScreen--cloudyFoggyDay--3gcca,.DaybreakLargeScreen--cloudyFoggyNight--1E5zA,.DaybreakLargeScreen--default--HLWoE,.DaybreakLargeScreen--rainyDay--31_-7,.DaybreakLargeScreen--rainyNight--22sHa,.DaybreakLargeScreen--snowyIcyDay--1-A4x,.DaybreakLargeScreen--snowyIcyNight--3U1lA,.DaybreakLargeScreen--sunnyDay--3mLLX{opacity:.6}.DaybreakLargeScreen--severe--1L0oQ{opacity:.2}}.TwcCopyright--copyright--3c6z9{font-size:.8125rem}.LinkList--LinkList--2qcvb{list-style:none}[dir] .LinkList--LinkList--2qcvb{padding:0}.LinkList--Link--3c6QD{text-decoration:none;color:#2b2b2b}.LinkList--default--3tsgi .LinkList--Link--3c6QD{display:block}[dir] .LinkList--default--3tsgi .LinkList--Link--3c6QD{padding:5px 16px}.LinkList--button--2jxAm{font-weight:700;line-height:1.5}[dir] .LinkList--button--2jxAm{border:none;background:none;border-radius:0;padding:0 .5em}.LinkList--columns-2--b7jSd{column-count:2;grid-column-gap:0;column-gap:0}.LinkList--columns-2--b7jSd .LinkList--Link--3c6QD{display:inline-block}[dir] .LinkList--columns-2--b7jSd .LinkList--Link--3c6QD{padding:5px 0}.LinkList--inline--ctyWE{display:flex;flex-flow:row wrap}.LinkList--inline--ctyWE .LinkList--Link--3c6QD{display:inline-block}[dir] .LinkList--inline--ctyWE .LinkList--Link--3c6QD{padding:0 .5em;margin-top:10px}[dir=ltr] .LinkList--inline--ctyWE .LinkList--Link--3c6QD{border-right:1px solid}[dir=rtl] .LinkList--inline--ctyWE .LinkList--Link--3c6QD{border-left:1px solid}[dir=ltr] .LinkList--inline--ctyWE :last-child .LinkList--Link--3c6QD{border-right:0}[dir=rtl] .LinkList--inline--ctyWE :last-child .LinkList--Link--3c6QD{border-left:0}.LinkList--inline-no-border--3rBYV{display:flex;flex-flow:row wrap;justify-content:center}.LinkList--inline-no-border--3rBYV .LinkList--Link--3c6QD{display:inline-block}[dir] .LinkList--inline-no-border--3rBYV .LinkList--Link--3c6QD{padding:0 .5em;margin-top:10px}.LinkList--inlineIcon--htdap,.LinkList--inlineIconContainer--1__vR{display:flex}.LinkList--inlineIcon--htdap{flex-direction:row;align-items:center}[dir] .Footer--container--17QeH{border-top:1px solid #dedede}.Footer--Footer--1HyT6{color:#2b2b2b;font-size:.875rem;max-width:1138px}[dir] .Footer--Footer--1HyT6{padding:30px;margin:0 auto}[dir=ltr] .Footer--Footer--1HyT6{text-align:left}[dir=rtl] .Footer--Footer--1HyT6{text-align:right}.Footer--iconWeatherCompany--I4AuQ{width:70px!important;height:70px!important}.Footer--iconWeatherChannel--2edFl{width:35px!important;height:35px!important}.Footer--iconWunderground--1Uqi0{width:50px!important;height:50px!important}.Footer--georgiaIcon--2T2M6{width:100px!important;height:34px!important}.Footer--essentialIcon--1hN7e{width:60px!important;height:23px!important}.Footer--ibmCloudIcon--KaA3A{width:143px!important;height:51px!important}.Footer--socialLogos--2MwDy{display:flex;align-items:center;justify-content:space-between}.Footer--socialLogos--2MwDy .Footer--socialContainer--2gmQD{display:flex;flex-grow:1}[dir] .Footer--socialLogos--2MwDy .Footer--socialLinks--3gaYZ{margin:0}.Footer--socialLogos--2MwDy .Footer--socialLinks--3gaYZ li{display:flex;align-items:center}[dir] .Footer--socialLogos--2MwDy .Footer--socialLinks--3gaYZ a{padding:0}[dir=ltr] .Footer--socialLogos--2MwDy .Footer--socialLinks--3gaYZ a{margin:0 0 0 10px}[dir=rtl] .Footer--socialLogos--2MwDy .Footer--socialLinks--3gaYZ a{margin:0 10px 0 0}.Footer--connect--x2PKn{font-size:1.125rem;font-weight:700;align-self:center}.Footer--socialLinks--3gaYZ .Footer--icon--256Lh{width:24px!important;height:24px!important}[dir] .Footer--socialLinks--3gaYZ .Footer--icon--256Lh{padding:10px;border-radius:100vw;background-color:#cfdaf9}[dir] .Footer--socialLinks--3gaYZ .Footer--icon--256Lh:hover{background-color:#1b4de4}.Footer--socialLinks--3gaYZ .Footer--icon--256Lh:hover path{fill:#fff}ul.Footer--linklist--1oQyV{justify-content:start;font-weight:700}ul.Footer--corporateLinks--9iyOo{font-weight:400}[dir] ul.Footer--corporateLinks--9iyOo{margin-top:35px}[dir=ltr] ul.Footer--legalLinks--2UpxR{margin:10px 0 10px -.5em}[dir=rtl] ul.Footer--legalLinks--2UpxR{margin:10px -.5em 10px 0}[dir] ul.Footer--legalLinks--2UpxR .Footer--link--1Fxpr{margin-top:10px}[dir=ltr] ul.Footer--privacyLinks--2uIcT{margin-left:-.5em}[dir=rtl] ul.Footer--privacyLinks--2uIcT{margin-right:-.5em}[dir] ul.Footer--privacyLinks--2uIcT .Footer--link--1Fxpr{margin-top:10px}[dir] ul .Footer--link--1Fxpr{margin:0}ul .Footer--link--1Fxpr:hover{color:#446de9}[dir] .Footer--externalAttribution--1iRqW{margin:7px 0 0}[dir] .Footer--externalAttribution--1iRqW .Footer--georgiaLogo--1iWRu{margin-top:10px}[dir=ltr] .Footer--externalAttribution--1iRqW .Footer--georgiaLogo--1iWRu{padding-left:10px}[dir=rtl] .Footer--externalAttribution--1iRqW .Footer--georgiaLogo--1iWRu{padding-right:10px}.Footer--privacyLinksParagraph--1qtvH{line-height:1.4}[dir] .Footer--privacyLinksParagraph--1qtvH{margin:18px 0 0}[dir] .Footer--attribution--t2lCS{margin:20px 0 0}.Footer--attribution--t2lCS .Footer--ibmLink--3l-1p{display:inline-flex;align-items:center;color:#2b2b2b;text-decoration:none}[dir] .Footer--attribution--t2lCS .Footer--ibmLink--3l-1p{margin-top:10px}[dir=ltr] .Footer--attribution--t2lCS .Footer--poweredBy--Zzdv2{padding:5px 10px 0 0}[dir=rtl] .Footer--attribution--t2lCS .Footer--poweredBy--Zzdv2{padding:5px 0 0 10px}.Footer--logoLockup--2C7WO{display:flex;align-items:center}[dir=ltr] .Footer--logoLockup--2C7WO :not(:first-child){margin-left:10px}[dir=rtl] .Footer--logoLockup--2C7WO :not(:first-child){margin-right:10px}[dir] .Footer--logoLockup--2C7WO.Footer--linkSpacing--l05S2{margin:0 auto}@media only screen and (min-width:1023px){[dir] .Footer--Footer--1HyT6{text-align:center}ul.Footer--linklist--1oQyV{justify-content:center}[dir] ul.Footer--legalLinks--2UpxR, [dir] ul.Footer--privacyLinks--2uIcT .Footer--link--1Fxpr{margin:10px 0 0}[dir] .Footer--georgiaLogo--1iWRu{margin-top:10px}}[id*=WxuFooter-sidebar] .Footer--socialContainer--2gmQD{display:block}[dir] [id*=WxuFooter-sidebar] .Footer--socialContainer--2gmQD{margin-bottom:20px}[id*=WxuFooter-sidebar] .Footer--socialLogos--2MwDy{display:block}[id*=WxuFooter-sidebar] .Footer--connect--x2PKn{display:block}[dir] [id*=WxuFooter-sidebar] .Footer--connect--x2PKn{margin-bottom:10px}[id*=WxuFooter-sidebar] .Footer--logoLockup--2C7WO{display:flex;justify-content:space-between}[dir] [id*=WxuFooter-sidebar] .Footer--logoLockup--2C7WO{padding:0 25px;margin-bottom:10px}[dir] .PromoDriver--card--L3N9x{margin:10px}[dir] .PromoDriver--cardRadar--3shnw{margin:10px 0!important}[dir] .PromoDriver--cardHeader--18cFA{padding:16px 16px 0!important}[dir] .PromoDriver--cardContent--3d1dY{padding:0 16px 16px;text-align:center}.PromoDriver--fallbackAndAd--1oRGC{display:inline-block;overflow:hidden;position:relative;top:0;width:285px;height:100px}[dir] .PromoDriver--fallbackAndAd--1oRGC{cursor:pointer}[dir=ltr] .PromoDriver--fallbackAndAd--1oRGC{left:0}[dir=rtl] .PromoDriver--fallbackAndAd--1oRGC{right:0}[dir] .PromoDriver--missingTitle--1KwDj{margin-top:16px}.PromoDriver--fallback--3TL5h{top:3px}.PromoDriver--ad--uS0ol,.PromoDriver--fallback--3TL5h{position:absolute;width:285px}[dir=ltr] .PromoDriver--ad--uS0ol, [dir=ltr] .PromoDriver--fallback--3TL5h{left:0}[dir=rtl] .PromoDriver--ad--uS0ol, [dir=rtl] .PromoDriver--fallback--3TL5h{right:0}.PromoDriver--ad--uS0ol{top:0}.MapboxAttribution--Attribution--1vD2Z{position:absolute;z-index:2;width:100%}.MapboxAttribution--Attribution--1vD2Z.MapboxAttribution--topleft--2xDnS{top:10px}[dir=ltr] .MapboxAttribution--Attribution--1vD2Z.MapboxAttribution--topleft--2xDnS{left:5px}[dir=rtl] .MapboxAttribution--Attribution--1vD2Z.MapboxAttribution--topleft--2xDnS{right:5px}.MapboxAttribution--Attribution--1vD2Z.MapboxAttribution--topright--3JfbO{top:10px}[dir=ltr] .MapboxAttribution--Attribution--1vD2Z.MapboxAttribution--topright--3JfbO{right:5px}[dir=rtl] .MapboxAttribution--Attribution--1vD2Z.MapboxAttribution--topright--3JfbO{left:5px}.MapboxAttribution--Attribution--1vD2Z.MapboxAttribution--bottomleft--3XCHf{bottom:5px}[dir=ltr] .MapboxAttribution--Attribution--1vD2Z.MapboxAttribution--bottomleft--3XCHf{left:5px}[dir=rtl] .MapboxAttribution--Attribution--1vD2Z.MapboxAttribution--bottomleft--3XCHf{right:5px}.MapboxAttribution--Attribution--1vD2Z.MapboxAttribution--bottomright--2dCKP{bottom:5px}[dir=ltr] .MapboxAttribution--Attribution--1vD2Z.MapboxAttribution--bottomright--2dCKP{right:5px}[dir=rtl] .MapboxAttribution--Attribution--1vD2Z.MapboxAttribution--bottomright--2dCKP{left:5px}.MapboxAttribution--buttonAndLogo--jhR2l{display:flex;align-items:center}.MapboxAttribution--Attribution--1vD2Z.MapboxAttribution--bottomright--2dCKP .MapboxAttribution--buttonAndLogo--jhR2l,.MapboxAttribution--Attribution--1vD2Z.MapboxAttribution--topright--3JfbO .MapboxAttribution--buttonAndLogo--jhR2l{justify-content:flex-end}.MapboxAttribution--buttonAndLogo--jhR2l .MapboxAttribution--mapboxLogo--2dmD6{position:relative;top:1px}[dir] .MapboxAttribution--buttonAndLogo--jhR2l .MapboxAttribution--mapboxLogo--2dmD6{border:0;background:none;cursor:pointer;padding:0}.MapboxAttribution--buttonAndLogo--jhR2l .MapboxAttribution--mapboxLogo--2dmD6 svg{width:75px;height:auto;opacity:.75;filter:drop-shadow(0 0 2px black)}.MapboxAttribution--buttonAndLogo--jhR2l .MapboxAttribution--mapboxLogo--2dmD6.MapboxAttribution--blue--16_2f{fill:#4264fb}.MapboxAttribution--buttonAndLogo--jhR2l .MapboxAttribution--mapboxLogo--2dmD6.MapboxAttribution--white--2kOId{fill:#fff}.MapboxAttribution--mapboxlinks--2ovD2{visibility:hidden;opacity:.8;font-size:.625rem;z-index:999}[dir] .MapboxAttribution--mapboxlinks--2ovD2{padding:5px;margin:7px 0;background:hsla(0,0%,100%,.8)}.MapboxAttribution--mapboxlinks--2ovD2.MapboxAttribution--stack--TRFcZ{display:flex!important;flex-direction:column}[dir=ltr] .MapboxAttribution--mapboxlinks--2ovD2.MapboxAttribution--stack--TRFcZ{text-align:right}[dir=rtl] .MapboxAttribution--mapboxlinks--2ovD2.MapboxAttribution--stack--TRFcZ{text-align:left}.MapboxAttribution--mapboxlinks--2ovD2 a{text-decoration:none;color:#2b2b2b}.MapboxAttribution--mapboxlinks--2ovD2.MapboxAttribution--show--2_KKv{display:inline-block;visibility:inherit}.MapboxAttribution--mapboxlinks--2ovD2.MapboxAttribution--hide--3WTWm{display:none}[dir] .MapboxAttribution--mapboxlinks--2ovD2 .MapboxAttribution--separator--LOEAa{padding:0 5px}.Wind--windWrapper--3aqXJ svg{width:17px;height:auto}[dir=ltr] .Wind--windWrapper--3aqXJ svg{margin-right:5px}[dir=rtl] .Wind--windWrapper--3aqXJ svg{margin-left:5px}.Mobile .Wind--windWrapper--3aqXJ svg{vertical-align:middle}.HurricaneTrackerCard--mapImage--3bPqE{height:320px;width:100%;z-index:0}[dir] .HurricaneTrackerCard--mapImage--3bPqE{background-position:50%;background-size:cover;margin-bottom:10px}.HurricaneTrackerCard--gradient--1z83d{position:absolute;height:100%;width:100%}[dir] .HurricaneTrackerCard--gradient--1z83d{background:#000;background:linear-gradient(0deg,#000,transparent 20%,transparent 80%,#000)}.HurricaneTrackerCard--stormDetailsHeader--2epC1{display:flex;position:absolute;max-width:60%;top:0;color:#fff;line-height:1.25;font-size:.875rem;z-index:1}[dir=ltr] .HurricaneTrackerCard--stormDetailsHeader--2epC1{margin:12px 0 0 16px}[dir=rtl] .HurricaneTrackerCard--stormDetailsHeader--2epC1{margin:12px 16px 0 0}.HurricaneTrackerCard--stormIcon--2dyhh{display:flex;height:35px;width:35px;min-width:35px;justify-content:center;align-items:center;line-height:1;box-sizing:border-box;font-weight:700}[dir] .HurricaneTrackerCard--stormIcon--2dyhh{border:2.25px solid #fff;border-radius:22.5px;background:grey;padding:2px;text-align:center}[dir] .HurricaneTrackerCard--stormIcon--2dyhh.HurricaneTrackerCard--ts--165D3{border-color:#61c747;background:#224818}[dir] .HurricaneTrackerCard--stormIcon--2dyhh.HurricaneTrackerCard--l--29MMX{border-color:#25bef7;background:#093b4d}.HurricaneTrackerCard--stormIcon--2dyhh.HurricaneTrackerCard--cat1--2aj_t{font-size:.625rem}[dir] .HurricaneTrackerCard--stormIcon--2dyhh.HurricaneTrackerCard--cat1--2aj_t{border-color:#ebdb02;background:#494501}.HurricaneTrackerCard--stormIcon--2dyhh.HurricaneTrackerCard--cat2--2FQ19{font-size:.625rem}[dir] .HurricaneTrackerCard--stormIcon--2dyhh.HurricaneTrackerCard--cat2--2FQ19{border-color:#ebb700;background:#524000}.HurricaneTrackerCard--stormIcon--2dyhh.HurricaneTrackerCard--cat3--2Oaco{font-size:.625rem}[dir] .HurricaneTrackerCard--stormIcon--2dyhh.HurricaneTrackerCard--cat3--2Oaco{border-color:#fc8800;background:#502c02}.HurricaneTrackerCard--stormIcon--2dyhh.HurricaneTrackerCard--cat4--2L5Xg{font-size:.625rem}[dir] .HurricaneTrackerCard--stormIcon--2dyhh.HurricaneTrackerCard--cat4--2L5Xg{border-color:#fc5e00;background:#511e00}.HurricaneTrackerCard--stormIcon--2dyhh.HurricaneTrackerCard--cat5--3SNLi{font-size:.625rem}[dir] .HurricaneTrackerCard--stormIcon--2dyhh.HurricaneTrackerCard--cat5--3SNLi{border-color:#ed2325;background:#4f0c0d}.HurricaneTrackerCard--stormName--GnxI5{font-weight:700;font-size:1rem;line-height:1.15}.HurricaneTrackerCard--stormDate--SnZCG{font-size:.75rem}.HurricaneTrackerCard--stormDetailsList--1M-cR{position:absolute;display:flex;flex-direction:row;width:100%;bottom:0;list-style-type:none;box-sizing:border-box;color:#fff;line-height:1.25;font-size:.875rem;z-index:1}[dir] .HurricaneTrackerCard--stormDetailsList--1M-cR{padding:0 16px}[dir=ltr] .HurricaneTrackerCard--stormDetailsList--1M-cR li{margin-right:32px}[dir=rtl] .HurricaneTrackerCard--stormDetailsList--1M-cR li{margin-left:32px}[dir=ltr] .HurricaneTrackerCard--stormDetailsList--1M-cR li:last-of-type{margin-right:0}[dir=rtl] .HurricaneTrackerCard--stormDetailsList--1M-cR li:last-of-type{margin-left:0}.HurricaneTrackerCard--bodyWrapper--KBdzt{position:relative}.HurricaneTrackerCard--textWrapper--1Hz_q{display:flex;flex-direction:column}[dir=ltr] .HurricaneTrackerCard--textWrapper--1Hz_q{margin-left:10px}[dir=rtl] .HurricaneTrackerCard--textWrapper--1Hz_q{margin-right:10px}.HurricaneTrackerCard--label--mO3OW{font-size:.75rem}.HurricaneTrackerCard--value--2WPHH{font-weight:700}.HurricaneTrackerCard--attributionPositionOverride--2MP4j{top:13px!important;z-index:1}[dir=ltr] .HurricaneTrackerCard--attributionPositionOverride--2MP4j{right:16px!important}[dir=rtl] .HurricaneTrackerCard--attributionPositionOverride--2MP4j{left:16px!important}[dir] .HurricaneTrackerCard--attributionPositionOverride--2MP4j button{padding:0!important}.Ellipsis--ellipsis--1sNTm{display:-webkit-box;display:-webkit-inline-box;-webkit-box-orient:vertical;overflow:hidden}.Image--intrinsicRatioRoot--1I6CT{position:relative;width:100%}.Image--intrinsicRatioElement--eptTV{display:block;position:absolute;top:0;width:100%;height:100%}[dir=ltr] .Image--intrinsicRatioElement--eptTV{left:0}[dir=rtl] .Image--intrinsicRatioElement--eptTV{right:0}[dir] .Image--rounded--2t_Qb{border-radius:6px}.Image--gradient--2COra{width:100%}[dir=ltr] .Image--gradient--2COra{background:linear-gradient(135deg,#f3f3f3,#e5e5e5 50%,#e5e5e5 51%,#f3f3f3)}[dir=rtl] .Image--gradient--2COra{background:linear-gradient(-135deg,#f3f3f3,#e5e5e5 50%,#e5e5e5 51%,#f3f3f3)}.MediaObject--mediaTitle--d3_JC{color:var(--textDefault);line-height:1.25em}[dir] .MediaObject--mediaTitle--d3_JC{margin:0}.Mobile .MediaObject--mediaTitle--d3_JC{display:inline-block}.LargeScreen .MediaObject--mediaTitle--d3_JC{display:block}.MediaObject--mediaCaption---lC-b{display:inline-block;color:var(--textDefault)}[dir] .MediaObject--mediaCaption---lC-b{margin-top:15px}[dir=ltr] .MediaObject--mediaCaption---lC-b{text-align:left}[dir=rtl] .MediaObject--mediaCaption---lC-b{text-align:right}[dir] .LargeScreen .MediaObject--mediaCaption---lC-b{margin-top:2px}.MediaObject--mediaCaptionCTA--jKhn8{color:#3e68f1}.MediaObject--mediaLink--330_t{text-decoration:none;display:block}.MediaObject--mediaLink--330_t:hover .MediaObject--mediaTitle--d3_JC{color:var(--textBrand)}.MediaObject--mediaImg--1zbhQ{display:flex;justify-content:center;align-items:center;position:relative}.MediaObject--mediaIcon--2Ge4G{align-self:center;position:absolute}.MediaObject--imageContainer--2G54J{max-width:100%}.MediaObject--smallMedia--jGsoI{width:147px;flex:1 0 50%}.MediaObject--smallMedia--jGsoI .MediaObject--mediaTitle--d3_JC{font-size:.875rem}[dir] .MediaObject--smallMedia--jGsoI .MediaObject--mediaTitle--d3_JC{margin:0 0 10px}[dir] .MediaObject--smallMedia--jGsoI .MediaObject--mediaImg--1zbhQ{margin-bottom:8px}.MediaObject--smallMedia--jGsoI .MediaObject--mediaIcon--2Ge4G{width:32px;height:32px}[dir] .MediaObject--smallMedia--jGsoI .MediaObject--mediaCategory--QpPav{margin:0 0 3px}.MediaObject--largeMedia--Ax2Ve{width:275px;flex:1 0 100%}[dir] .MediaObject--largeMedia--Ax2Ve .MediaObject--mediaImg--1zbhQ{margin-bottom:8px}.MediaObject--largeMedia--Ax2Ve .MediaObject--mediaTitle--d3_JC{font-size:1rem}[dir] .MediaObject--largeMedia--Ax2Ve .MediaObject--mediaTitle--d3_JC{margin-bottom:15px}.MediaObject--largeMedia--Ax2Ve .MediaObject--mediaIcon--2Ge4G{width:58px;height:58px}[dir] .MediaObject--largeMedia--Ax2Ve .MediaObject--mediaCategory--QpPav{margin:0 0 15px}[dir] .MediaObject--fullMedia--1jrAm .MediaObject--mediaImg--1zbhQ{margin-bottom:8px}.MediaObject--fullMedia--1jrAm .MediaObject--mediaTitle--d3_JC{font-size:1rem}[dir] .MediaObject--fullMedia--1jrAm .MediaObject--mediaTitle--d3_JC{margin:0 0 15px}.MediaObject--fullMedia--1jrAm .MediaObject--mediaIcon--2Ge4G{width:58px;height:58px}[dir] .MediaObject--fullMedia--1jrAm .MediaObject--mediaCategory--QpPav{margin:0 0 15px}.MediaObject--ctaButton--1NLAm{position:absolute;bottom:5px}[dir=ltr] .MediaObject--ctaButton--1NLAm{left:5px}[dir=rtl] .MediaObject--ctaButton--1NLAm{right:5px}.MediaObject--overlay--2IBdV{height:100%;position:absolute}[dir] .MediaObject--overlay--2IBdV{border-radius:6px;background:rgba(0,0,0,.15)}.MediaObject--fullWidthMediaList--2O8AG,.MediaObject--overlay--2IBdV{width:100%}[dir] .LargeScreen .MediaObject--fullWidthMediaList--2O8AG .MediaObject--mediaTitle--d3_JC{margin-bottom:2px}[dir] .LargeScreen .MediaObject--fullWidthMediaList--2O8AG .MediaObject--mediaCategory--QpPav{margin:0 0 2px}.MediaObject--mediaCategory--QpPav{color:var(--textLight);font-size:.8125rem}.MediaObject--mediaPublishDate--RQLhR{color:var(--textLight);font-size:.875rem}[dir] .MediaObject--mediaPublishDate--RQLhR{margin-top:10px}.Card--card--HiWPW{overflow:hidden}[dir] .Card--card--HiWPW{margin:12px 10px;border-radius:6px;box-shadow:0 0 12px 0 rgba(0,0,0,.2);background-color:var(--backgroundCard)}[dir] .moduleServiceWrapper .card{margin:0;box-shadow:none;padding-top:0;border-radius:0}[dir] .Card--cardHeader--1QwR4{padding:16px}.Card--cardHeading--5_qfE{font-size:1.125rem;flex-grow:1;color:var(--textDark)}[dir] .Card--cardHeading--5_qfE{margin:0}.LargeScreen .Card--cardHeading--5_qfE{font-size:1.25rem}.Card--cardFooter--rsrd-{display:flex;flex-flow:row nowrap;align-items:center}[dir=ltr] .Card--cardFooter--rsrd-{padding:0 16px 11px 11px}[dir=rtl] .Card--cardFooter--rsrd-{padding:0 11px 11px 16px}.Card--cardFooterJustifyBetween--1rujR{justify-content:space-between}.Card--cardPadded--2oS21{}[dir] .Card--cardPadded--2oS21{padding:16px}[dir] .Card--cardPadded--2oS21 .Card--cardHeader--1QwR4{padding:0 0 16px}[dir] .Card--cardPadded--2oS21 .Card--cardFooter--rsrd-, [dir] .Card--cardPadded--2oS21 .Card--cardHeading--5_qfE{padding:0}.Card--returnTo--2Wve5{position:relative;width:40px;height:10px}[dir] .Card--returnTo--2Wve5{margin:5px 0 15px}.Card--returnTo--2Wve5 .Card--returnToIcon--1AO-k{position:absolute;top:3px;width:15px!important}[dir=ltr] .Card--returnTo--2Wve5 .Card--returnToIcon--1AO-k{left:0}[dir=rtl] .Card--returnTo--2Wve5 .Card--returnToIcon--1AO-k{right:0}.Card--returnTo--2Wve5 .Card--returnToText--2VgKI{position:absolute;font-size:.875rem;font-weight:600;color:var(--textBrand)}[dir=ltr] .Card--returnTo--2Wve5 .Card--returnToText--2VgKI{left:20px}[dir=rtl] .Card--returnTo--2Wve5 .Card--returnToText--2VgKI{right:20px}.ContentMedia--overflowSlider--3qoB6.ContentMedia--overflowSlider--3qoB6{width:calc(100% + 16px)}[dir] .ContentMedia--overflowSlider--3qoB6.ContentMedia--overflowSlider--3qoB6{padding:2px;margin:-2px}.ContentMedia--imageContainer--GB5T_{max-width:100%}.ContentMedia--mediaListItem--19sj1{flex:1 1 0px}[dir] .ContentMedia--mediaListItem--19sj1:first-child{border-top:0!important}[dir=ltr] .ContentMedia--mediaListItem--19sj1:not(:first-of-type){margin-left:16px}[dir=rtl] .ContentMedia--mediaListItem--19sj1:not(:first-of-type){margin-right:16px}[dir=ltr] .Mobile .ContentMedia--mediaListItem--19sj1:last-child{padding-right:16px}[dir=rtl] .Mobile .ContentMedia--mediaListItem--19sj1:last-child{padding-left:16px}.ContentMedia--mediaListItem--19sj1 button{width:100%}@media only screen and (max-width:850px){.LargeScreen .ContentMedia--mediaListItem--19sj1{flex:0 0 calc(50% - 8px)}[dir] .LargeScreen .ContentMedia--mediaListItem--19sj1{margin-bottom:16px}[dir=ltr] .LargeScreen .ContentMedia--mediaListItem--19sj1:nth-child(3){margin-left:0}[dir=rtl] .LargeScreen .ContentMedia--mediaListItem--19sj1:nth-child(3){margin-right:0}}[dir=ltr] .ContentMedia--removePadding--1VezH{padding-left:0!important;padding-right:0!important}[dir=rtl] .ContentMedia--removePadding--1VezH{padding-right:0!important;padding-left:0!important}.ContentMedia--moduleInSidebar--jS_Y2{flex:0 0 calc(50% - 8px)}[dir] .ContentMedia--moduleInSidebar--jS_Y2{margin-bottom:16px}[dir=ltr] .ContentMedia--moduleInSidebar--jS_Y2:nth-child(odd){margin-left:0}[dir=rtl] .ContentMedia--moduleInSidebar--jS_Y2:nth-child(odd){margin-right:0}.ContentMedia--flexwrap--1ZmD4{flex-wrap:wrap}.ContentMedia--attribution--2QiFW{height:20px;position:relative}[dir] .ContentMedia--attribution--2QiFW{margin-top:10px}.ContentMedia--attribution--2QiFW .ContentMedia--attrLink--3Vs3Y{font-size:.75rem;color:#1b4de4}[dir=ltr] .ContentMedia--attribution--2QiFW .ContentMedia--attrText--3xEYU{padding-left:2px}[dir=rtl] .ContentMedia--attribution--2QiFW .ContentMedia--attrText--3xEYU{padding-right:2px}.ContentMedia--mediaInline--2c2lM,.ContentMedia--mediaStacked--Lf1F-{display:flex;flex-direction:row}.ContentMedia--mediaInline--2c2lM a,.ContentMedia--mediaStacked--Lf1F- a{width:auto}@media only screen and (max-width:850px){.LargeScreen .ContentMedia--mediaStacked--Lf1F-{flex-wrap:wrap}}.ContentMedia--mediaTitle--3QRq6{font-weight:400}.ContentMedia--impactNotice--vXNEt{color:#da291c!important;text-transform:uppercase}.LargeScreen .ContentMedia--impactNotice--vXNEt{letter-spacing:0;font-size:1.125rem;font-weight:700;line-height:1.61em}.Mobile .ContentMedia--impactNotice--vXNEt{letter-spacing:.34px;font-size:1.125rem;font-weight:600;line-height:1.11em}.ContentMedia--impactTitle--3ineG{color:#2b2b2b}.LargeScreen .ContentMedia--impactTitle--3ineG{letter-spacing:.44px;font-size:2.5625rem!important;font-weight:600;line-height:1em}.Mobile .ContentMedia--impactTitle--3ineG{letter-spacing:.33px;font-size:1.5rem;font-weight:600;line-height:1.083em}.ContentMedia--impactTitleHref--3EM2w,.ContentMedia--impactTitleHref--3EM2w:visited{color:#2b2b2b}.ContentMedia--impactDescription--2SC0q{font-size:.875rem;font-weight:400;line-height:normal}[dir] .ContentMedia--impactDescription--2SC0q{margin:0}.ContentMedia--sponsorContainer--3whUC{display:flex;align-items:center}.ContentMedia--sponsorContainer--3whUC .ContentMedia--sponsorText--14zXs{font-size:.8125rem;font-weight:600;letter-spacing:-.08px;line-height:1.1538em;z-index:10}[dir=ltr] .ContentMedia--sponsorContainer--3whUC .ContentMedia--sponsorText--14zXs{margin-right:10px}[dir=rtl] .ContentMedia--sponsorContainer--3whUC .ContentMedia--sponsorText--14zXs{margin-left:10px}[dir] .ContentMedia--sponsorContainer--3whUC .ContentMedia--sponsorAd--2bVdC{margin:0;padding:0}.ContentMedia--sponsorContainer--3whUC .ContentMedia--sponsorAd--2bVdC.ContentMedia--placeholder--cCurh{min-height:36px}.ContentMedia--sponsorContainer--3whUC .ContentMedia--sponsorIcon--2vbiJ{height:14px!important;width:auto!important}.ContentMedia--sponsorContainer--3whUC .ContentMedia--sponsorLogo--1atG5{height:24px}.ContentMedia--listItemsContainer--1lFeF{grid-column:1/2}[dir] .ContentMedia--listItemsContainer--1lFeF{margin-bottom:16px}.ContentMedia--listItem--xVM3X{display:flex!important;align-items:center}[dir] .ContentMedia--listItem--xVM3X:first-of-type{border-top:0}.ContentMedia--listItem--xVM3X .ContentMedia--listItemIcon--3Ot8T{flex:none}[dir=ltr] .ContentMedia--listItem--xVM3X .ContentMedia--listItemTitle--2FvDz{padding-left:10px}[dir=rtl] .ContentMedia--listItem--xVM3X .ContentMedia--listItemTitle--2FvDz{padding-right:10px}.ContentMedia--listItem--xVM3X:hover .ContentMedia--listItemIcon--3Ot8T,.ContentMedia--listItem--xVM3X:hover .ContentMedia--listItemTitle--2FvDz{color:#1b4de4}[dir] .ContentMedia--cmCtaButton--1u_8O{margin-top:10px}[dir] .ContentMedia--listViewContainer--388fl{margin-bottom:16px}.ContentMedia--listView--2ckqh.ContentMedia--listView--2ckqh{display:flex;align-items:flex-start}[dir] .ContentMedia--listView--2ckqh.ContentMedia--listView--2ckqh{border-top:0!important;padding:8px 0}.ContentMedia--listView--2ckqh.ContentMedia--listView--2ckqh:hover .ContentMedia--listViewBody--1FJtN{color:#1b4de4}.ContentMedia--listViewImg--3-7Nd.ContentMedia--listViewImg--3-7Nd{width:80px;height:80px;flex-shrink:0}[dir] .ContentMedia--listViewImg--3-7Nd.ContentMedia--listViewImg--3-7Nd{padding-top:6px}.ContentMedia--listViewBody--1FJtN{font-size:.875rem}[dir] .ContentMedia--listViewBody--1FJtN{margin:0}[dir=ltr] .ContentMedia--listViewBody--1FJtN{padding-left:16px}[dir=rtl] .ContentMedia--listViewBody--1FJtN{padding-right:16px}.ContentMedia--listViewTitle--1NXBb{font-weight:700}@media only screen and (min-width:851px){[dir] .ContentMedia--fullMedia--1cXPO{padding:0;margin-bottom:16px}[dir] .regionSidebar .ContentMedia--fullMedia--1cXPO{margin-bottom:0}.ContentMedia--fullMedia--1cXPO .ContentMedia--mediaTitle--3QRq6{font-weight:700;font-size:1.5rem}[dir] .ContentMedia--fullMedia--1cXPO .ContentMedia--mediaTitle--3QRq6{margin:10px 0 15px}.regionSidebar .ContentMedia--fullMedia--1cXPO .ContentMedia--mediaTitle--3QRq6{font-size:.875rem;font-weight:400}[dir] .regionSidebar .ContentMedia--fullMedia--1cXPO .ContentMedia--mediaTitle--3QRq6{margin:0 0 10px}[dir] .ContentMedia--fullMedia--1cXPO .ContentMedia--mediaImg--327bx{margin-bottom:9px}.ContentMedia--fullMedia--1cXPO .ContentMedia--mediaIcon--1S_z0{width:58px;height:58px}[dir] .ContentMedia--fullMedia--1cXPO .ContentMedia--mediaCategory--3xXEE{margin:0 0 3px}.ContentMedia--stackedInSidebar--emhvx{grid-column:1/3!important}[dir=ltr] .ContentMedia--stackedInSidebar--emhvx{margin-left:0!important}[dir=rtl] .ContentMedia--stackedInSidebar--emhvx{margin-right:0!important}.ContentMedia--sidebarContainer--31D-6{display:grid;grid-template-columns:4fr 1fr}.ContentMedia--sidebarContainer--31D-6.ContentMedia--listItemFull--3hjif .ContentMedia--secondaryContainer--3kFQZ{grid-row:1/2}.ContentMedia--sidebarContainer--31D-6.ContentMedia--listItemFull--3hjif .ContentMedia--listItemsContainer--1lFeF{grid-column:1/3;grid-row:3/4}.ContentMedia--sidebarContainer--31D-6.ContentMedia--listItem2--1PE5v{grid-template-columns:2fr 1fr}.ContentMedia--sidebarContainer--31D-6.ContentMedia--listItem2--1PE5v .ContentMedia--secondaryContainer--3kFQZ{grid-row:1/3}.ContentMedia--sidebarContainer--31D-6.ContentMedia--listItem3--UHvP8{grid-template-columns:2fr 1fr}.ContentMedia--sidebarContainer--31D-6.ContentMedia--listItem3--UHvP8 .ContentMedia--secondaryContainer--3kFQZ{grid-row:1/3}.ContentMedia--sidebarContainer--31D-6.ContentMedia--listItem4--1pbwC{grid-template-columns:3fr 1fr}.ContentMedia--sidebarContainer--31D-6.ContentMedia--listItem4--1pbwC .ContentMedia--secondaryContainer--3kFQZ{grid-row:1/3}.ContentMedia--sidebarContainer--31D-6 .ContentMedia--primaryContainer--16gwV{grid-column:1/2;grid-row:1/2}[dir=ltr] .ContentMedia--sidebarContainer--31D-6 .ContentMedia--primaryContainer--16gwV{margin-right:8px}[dir=rtl] .ContentMedia--sidebarContainer--31D-6 .ContentMedia--primaryContainer--16gwV{margin-left:8px}.ContentMedia--sidebarContainer--31D-6 .ContentMedia--secondaryContainer--3kFQZ{grid-column:2/3;grid-row:1/2}[dir=ltr] .ContentMedia--sidebarContainer--31D-6 .ContentMedia--secondaryContainer--3kFQZ{margin-left:8px}[dir=rtl] .ContentMedia--sidebarContainer--31D-6 .ContentMedia--secondaryContainer--3kFQZ{margin-right:8px}[dir=ltr] .ContentMedia--sidebarContainer--31D-6 .ContentMedia--secondaryContainer--3kFQZ .ContentMedia--mediaListItem--19sj1{margin-left:0}[dir=rtl] .ContentMedia--sidebarContainer--31D-6 .ContentMedia--secondaryContainer--3kFQZ .ContentMedia--mediaListItem--19sj1{margin-right:0}.ContentMedia--sidebarContainer--31D-6 .ContentMedia--mediaSidebar--iK8Q7{flex-direction:column!important}.ContentMedia--sidebarContainer--31D-6 .ContentMedia--listItemsContainer--1lFeF{grid-column:1/2;grid-row:2/3}.ContentMedia--sidebarContainer--31D-6 .ContentMedia--smallMedia--2HRCw{width:auto;flex:1 0 50%}[dir] .ContentMedia--sidebarContainer--31D-6 .ContentMedia--smallMedia--2HRCw{margin-bottom:16px}.ContentMedia--sidebarContainer--31D-6 .ContentMedia--smallMedia--2HRCw .ContentMedia--mediaTitle--3QRq6{font-size:.9375rem;font-weight:400}[dir] .ContentMedia--sidebarContainer--31D-6 .ContentMedia--smallMedia--2HRCw .ContentMedia--mediaImg--327bx{margin-bottom:9px}.ContentMedia--sidebarContainer--31D-6 .ContentMedia--smallMedia--2HRCw .ContentMedia--mediaIcon--1S_z0{width:32px;height:32px}[dir] .ContentMedia--sidebarContainer--31D-6 .ContentMedia--primaryContainerCompact--12y2O{margin-bottom:9}}.styles--root--3eGVf{position:relative;z-index:2}.styles--fullText--V-nzm,.styles--shortText--2pzBL{display:none}@media(min-width:630px)and (max-width:794px){.styles--shortText--2pzBL{display:inherit}}@media(min-width:795px){.styles--fullText--V-nzm{display:inherit}}.styles--button--2ZsPl{height:40px;display:flex;outline:0;color:#fff!important;align-items:center}[dir] .styles--button--2ZsPl{background:none;border:0;cursor:pointer;border-bottom:2px solid transparent}[dir=ltr] .styles--button--2ZsPl{padding:0 65px 0 20px}[dir=rtl] .styles--button--2ZsPl{padding:0 20px 0 65px}.styles--button--2ZsPl&gt;*{align-self:center}.styles--rootMoreMenu--2Efmg{position:absolute}.styles--expandableMenu--1G_Bu{top:0}[dir] .styles--expandableMenu--1G_Bu{background-color:#fff!important;border-radius:0 0 6px 6px}.styles--expandableMenuOutline--2CHC3{top:0}.styles--nav--3FRvC{width:320px;display:flex;flex-flow:row wrap}.styles--nav--3FRvC&gt;.styles--listItem--uZTeJ{font-size:1rem;flex:1 0 160px;position:relative;display:block}[dir] .styles--nav--3FRvC&gt;.styles--listItem--uZTeJ{background-color:initial;padding:0;border:0!important}[dir=ltr] .styles--nav--3FRvC&gt;.styles--listItem--uZTeJ{text-align:left}[dir=rtl] .styles--nav--3FRvC&gt;.styles--listItem--uZTeJ{text-align:right}.styles--nav--3FRvC&gt;.styles--listItem--uZTeJ:active,.styles--nav--3FRvC&gt;.styles--listItem--uZTeJ:focus,.styles--nav--3FRvC&gt;.styles--listItem--uZTeJ:hover{color:#1b4de4!important}[dir] .styles--nav--3FRvC&gt;.styles--listItem--uZTeJ:active, [dir] .styles--nav--3FRvC&gt;.styles--listItem--uZTeJ:focus, [dir] .styles--nav--3FRvC&gt;.styles--listItem--uZTeJ:hover{cursor:pointer}[dir] .styles--nav--3FRvC&gt;.styles--listItem--uZTeJ:focus{background:#fff}.styles--item--a-T_N{display:block;line-height:1.4em}[dir] .styles--item--a-T_N{padding:5px 15px}.styles--navHeader--2rbZM{font-size:1.125rem;font-weight:700;text-transform:uppercase}[dir] .styles--navHeader--2rbZM{padding:6px 15px 8px;margin:0}[dir=ltr] .styles--navHeader--2rbZM{text-align:left}[dir=rtl] .styles--navHeader--2rbZM{text-align:right}.styles--buttonIcon--nMAqA{fill:#fff;width:17px!important}[dir=ltr] .styles--buttonIcon--nMAqA{padding-left:5px}[dir=rtl] .styles--buttonIcon--nMAqA{padding-right:5px}.styles--navLinkIcon--1KMmJ{display:inline-block;position:relative;fill:#1b4de4;width:17px!important;vertical-align:text-bottom}[dir] .styles--navLinkIcon--1KMmJ{margin-top:-1px}[dir=ltr] .styles--navLinkIcon--1KMmJ{margin-left:5px}[dir=rtl] .styles--navLinkIcon--1KMmJ{margin-right:5px}.styles--OverflowNav--1Zocx{display:flex;list-style:none;flex-wrap:wrap;align-items:stretch;justify-content:space-around;overflow:hidden}[dir] .styles--OverflowNav--1Zocx{margin:0;padding:0}[dir] .styles--OverflowNav--1Zocx .styles--listItem--3b2Ko.styles--severeLink--qnj1Q{background-color:#fff!important}.styles--OverflowNav--1Zocx .styles--listItem--3b2Ko.styles--severeLink--qnj1Q .styles--liContent--3i8m_{color:#ba0d00!important}.styles--OverflowNav--1Zocx .styles--listItem--3b2Ko.styles--severeLink--qnj1Q .styles--videoIcon--LpXDU{fill:#ba0d00!important;color:#ba0d00!important}[dir] .styles--OverflowNav--1Zocx .styles--listItem--3b2Ko.styles--severeLink--qnj1Q.styles--active--3X9QA, [dir] .styles--OverflowNav--1Zocx .styles--listItem--3b2Ko.styles--severeLink--qnj1Q:focus, [dir] .styles--OverflowNav--1Zocx .styles--listItem--3b2Ko.styles--severeLink--qnj1Q:hover{border-bottom:2px solid #ba0d00!important;background-color:#fff!important}.styles--OverflowNav--1Zocx&gt;.styles--listItem--3b2Ko{font-size:1rem;display:flex;align-items:center;height:100%;color:#fff!important;position:relative;justify-content:center}[dir] .styles--OverflowNav--1Zocx&gt;.styles--listItem--3b2Ko{padding:0 15px;cursor:pointer;border:0!important}[dir] .styles--OverflowNav--1Zocx&gt;.styles--listItem--3b2Ko.styles--active--3X9QA, [dir] .styles--OverflowNav--1Zocx&gt;.styles--listItem--3b2Ko:focus, [dir] .styles--OverflowNav--1Zocx&gt;.styles--listItem--3b2Ko:hover{border-bottom:2px solid #fff!important;padding-top:2px}[dir=ltr] .styles--videoIcon--LpXDU{padding-right:5px}[dir=rtl] .styles--videoIcon--LpXDU{padding-left:5px}.styles--LocalsuiteNav--26ACm{width:100%;position:relative;z-index:199}[dir] .styles--LocalsuiteNav--26ACm{background:rgba(0,0,0,.4)}.styles--inner--1IZYn{display:flex;max-width:1280px}[dir] .styles--inner--1IZYn{margin:auto}.styles--overflowNav--3zKoS{height:40px;width:100%}.styles--moreForecastsNav--3jQjH{flex-shrink:0}.alerts--alert-1-color--2w_rS{color:#aa050e!important}.alerts--alert-1-fill--2fIrB{fill:#aa050e!important}[dir] .alerts--alert-1-background--1InP_{background:#aa050e!important}.alerts--alert-2-color--3swQb{color:#e6731f!important}.alerts--alert-2-fill--1fyQb{fill:#e6731f!important}[dir] .alerts--alert-2-background--1FIK9{background:#e6731f!important}.alerts--alert-3-color--2oM30{color:#ebbb02!important}.alerts--alert-3-fill--3f8g1{fill:#ebbb02!important}[dir] .alerts--alert-3-background--3QEh-{background:#ebbb02!important}.alerts--alert-4-color--1SyoP{color:#a51ccb!important}.alerts--alert-4-fill--1e_LX{fill:#a51ccb!important}[dir] .alerts--alert-4-background--JxHiI{background:#a51ccb!important}.styles--LocationCardComponent--2M_BE{display:flex;flex-direction:column;width:100%;overflow:hidden}[dir] .styles--LocationCardComponent--2M_BE{padding:5px 15px}.styles--locationNameBadge--2NmL_{display:flex;align-items:center;color:#fff!important;width:100%;overflow:hidden}[dir] .styles--locationNameBadge--2NmL_{cursor:pointer}.styles--locationName--DD-D9{font-size:1rem;text-overflow:ellipsis;overflow:hidden;width:auto}.styles--alertsBadge--1ae0i{font-size:.875rem}[dir] .styles--alertsBadge--1ae0i{border-radius:20px;padding:0 6px;text-shadow:0 1px 1px rgba(0,0,0,.5)}[dir=ltr] .styles--alertsBadge--1ae0i{margin-left:5px}[dir=rtl] .styles--alertsBadge--1ae0i{margin-right:5px}[dir] .styles--alertsBadge--1ae0i.styles--alertCount1--3aqGJ{padding:0 7px}.styles--weatherData--5tCnE{display:flex;align-items:center;color:#fff!important}[dir] .styles--weatherData--5tCnE{padding:3px 0;cursor:pointer}.styles--weatherData--5tCnE&gt;:first-child{width:32px;height:32px}[dir=ltr] .styles--weatherData--5tCnE&gt;:first-child{margin-right:10px}[dir=rtl] .styles--weatherData--5tCnE&gt;:first-child{margin-left:10px}.styles--temperature--3MBn3{font-size:1.875rem;font-weight:200}.styles--LocationCardComponent--2M_BE.styles--mini--3ZGda{flex-direction:row;align-items:center;flex:1 0 calc(100% - 50px)}[dir=ltr] .styles--mini--3ZGda .styles--weatherData--5tCnE{padding-right:5px}[dir=rtl] .styles--mini--3ZGda .styles--weatherData--5tCnE{padding-left:5px}.styles--mini--3ZGda .styles--weatherData--5tCnE&gt;:first-child{width:18px;height:18px}[dir=ltr] .styles--mini--3ZGda .styles--weatherData--5tCnE&gt;:first-child{margin-right:5px}[dir=rtl] .styles--mini--3ZGda .styles--weatherData--5tCnE&gt;:first-child{margin-left:5px}.styles--mini--3ZGda .styles--temperature--3MBn3{font-size:.875rem}.styles--mini--3ZGda .styles--locationNameBadge--2NmL_{width:calc(100% - 50px)}.styles--mini--3ZGda .styles--locationName--DD-D9{font-size:.875rem}.styles--LocationCard--2vjvQ{display:flex;white-space:nowrap;height:100%;align-items:flex-start;justify-content:flex-end}.styles--moreButton--dMRGF{vertical-align:middle;width:36px;position:absolute}[dir] .styles--moreButton--dMRGF{background:transparent;border-radius:50%}[dir=ltr] .styles--moreButton--dMRGF{right:0;left:auto}[dir=rtl] .styles--moreButton--dMRGF{left:0;right:auto}.styles--removeButton--28vcv{height:40px;width:auto;overflow:hidden;font-size:.875rem;white-space:nowrap;color:#000;visibility:hidden;position:absolute;top:-100%;opacity:0}[dir] .styles--removeButton--28vcv{padding:0 6px;background:#fff;border-radius:2px;cursor:pointer}[dir=ltr] .styles--removeButton--28vcv{right:-100%;transition:top .3s ease-out,right .3s ease-out,opacity .3s ease-out}[dir=rtl] .styles--removeButton--28vcv{left:-100%;transition:top .3s ease-out,left .3s ease-out,opacity .3s ease-out}.styles--removeButton--28vcv:hover{color:#1b4de4}[dir] .styles--removeButton--28vcv:hover{background:#fff}.styles--removeButton--28vcv.styles--active--2ULa2{top:0;opacity:1;color:#007aff;visibility:visible;height:100%;width:auto}[dir] .styles--removeButton--28vcv.styles--active--2ULa2{background:#fff}[dir=ltr] .styles--removeButton--28vcv.styles--active--2ULa2{right:0}[dir=rtl] .styles--removeButton--28vcv.styles--active--2ULa2{left:0}.styles--moreMenu--GEYkc{width:100%;height:100%;display:flex;align-items:center}.styles--buttonText--1Sn3F{flex-grow:1;display:block}.styles--root--12yl6{position:relative;z-index:3;height:40px;overflow:hidden}.styles--cards--2hNpO,.styles--root--12yl6{display:flex;width:100%}[dir] .styles--cards--2hNpO{transition-duration:.5s;transition-timing-function:cubic-bezier(.25,.8,.25,1);transition-property:transform}[dir=ltr] .styles--cards--2hNpO{margin-left:60px}[dir=rtl] .styles--cards--2hNpO{margin-right:60px}.styles--card--3wj9l{flex-shrink:0;position:relative;overflow:hidden;width:300px;box-sizing:border-box}.styles--arrow--204Rq{width:40px;position:absolute;top:0;bottom:0;display:flex;align-items:center;justify-content:center;opacity:0;z-index:100}[dir] .styles--arrow--204Rq{cursor:pointer;transition-duration:375ms;transition-timing-function:cubic-bezier(.25,.8,.25,1);transition-property:transform,opacity}.styles--arrow--204Rq.styles--visible--2q_xt{opacity:1}[dir] .styles--arrow--204Rq.styles--visible--2q_xt{transform:translateX(0)!important}[dir=ltr] .styles--arrow--204Rq.styles--left--aHaxA{left:0;transform:translateX(-50px);border-right:1px solid hsla(0,0%,100%,.4)}[dir=rtl] .styles--arrow--204Rq.styles--left--aHaxA{right:0;transform:translateX(50px);border-left:1px solid hsla(0,0%,100%,.4)}.styles--arrow--204Rq.styles--left--aHaxA:after,.styles--arrow--204Rq.styles--left--aHaxA:before{position:absolute;top:0;bottom:0;z-index:204;content:&quot;&quot;}.styles--arrow--204Rq.styles--left--aHaxA:after{position:absolute;top:0;bottom:0;width:100%}[dir] .styles--arrow--204Rq.styles--left--aHaxA:after{background:hsla(0,0%,100%,.2)}[dir=ltr] .styles--arrow--204Rq.styles--left--aHaxA:after{right:0}[dir=rtl] .styles--arrow--204Rq.styles--left--aHaxA:after{left:0}.styles--arrow--204Rq.styles--left--aHaxA:before{height:40px;width:30px}[dir=ltr] .styles--arrow--204Rq.styles--left--aHaxA:before{background-image:linear-gradient(90deg,rgba(0,0,0,.2),transparent);right:-31px}[dir=rtl] .styles--arrow--204Rq.styles--left--aHaxA:before{background-image:linear-gradient(-90deg,rgba(0,0,0,.2),transparent);left:-31px}[dir=ltr] .styles--arrow--204Rq.styles--right--2pLKS{right:0;transform:translateX(50px);border-left:1px solid hsla(0,0%,100%,.4)}[dir=rtl] .styles--arrow--204Rq.styles--right--2pLKS{left:0;transform:translateX(-50px);border-right:1px solid hsla(0,0%,100%,.4)}.styles--arrow--204Rq.styles--right--2pLKS:after,.styles--arrow--204Rq.styles--right--2pLKS:before{position:absolute;top:0;bottom:0}.styles--arrow--204Rq.styles--right--2pLKS:after{width:100%;content:&quot;&quot;;z-index:204}[dir] .styles--arrow--204Rq.styles--right--2pLKS:after{background:hsla(0,0%,100%,.2)}[dir=ltr] .styles--arrow--204Rq.styles--right--2pLKS:after{left:0}[dir=rtl] .styles--arrow--204Rq.styles--right--2pLKS:after{right:0}.styles--arrow--204Rq.styles--right--2pLKS:before{content:&quot;&quot;;height:40px;width:30px}[dir=ltr] .styles--arrow--204Rq.styles--right--2pLKS:before{background-image:linear-gradient(90deg,transparent,rgba(0,0,0,.2));left:-31px}[dir=rtl] .styles--arrow--204Rq.styles--right--2pLKS:before{background-image:linear-gradient(-90deg,transparent,rgba(0,0,0,.2));right:-31px}html[dir=rtl] .styles--arrow--204Rq.styles--left--aHaxA{border-left:1px solid #fff}html[dir=rtl] .styles--arrow--204Rq.styles--right--2pLKS{border-right:1px solid #fff}.styles--arrow--204Rq .icon{height:auto;width:21px}.styles--arrow--204Rq.styles--mini--2h5Ri .icon{width:16px}.styles--SavedLocations--2TuU_{color:#fff;position:relative;z-index:203;height:40px}[dir] .styles--SavedLocations--2TuU_{background:hsla(0,0%,100%,.2)}[dir=ltr] .styles--SavedLocations--2TuU_:before{left:0}[dir=rtl] .styles--SavedLocations--2TuU_:before{right:0}.styles--SavedLocations--2TuU_:after,.styles--SavedLocations--2TuU_:before{position:absolute;top:0;bottom:0;width:calc(50% - 640px);content:&quot;&quot;;z-index:204}[dir=ltr] .styles--SavedLocations--2TuU_:after{right:0}[dir=rtl] .styles--SavedLocations--2TuU_:after{left:0}.styles--wrapper--30pBt{max-width:1280px}[dir] .styles--wrapper--30pBt{margin:0 auto}.styles--cardCarousel--3xhQl&gt;*{box-sizing:border-box;flex-shrink:0;max-width:calc(100% - 50px)}[dir=ltr] .styles--cardCarousel--3xhQl&gt;*{border-right:1px solid hsla(0,0%,100%,.2)}[dir=rtl] .styles--cardCarousel--3xhQl&gt;*{border-left:1px solid hsla(0,0%,100%,.2)}.SiteNavigationLinks--Navigation--3Fz1b{display:flex;align-items:flex-start;flex-wrap:wrap;width:100%;box-sizing:border-box;max-width:1280px;justify-content:flex-start}[dir] .SiteNavigationLinks--Navigation--3Fz1b{padding:22px 11px 11px}.SiteNavigationLinks--Navigation--3Fz1b.SiteNavigationLinks--fourBlock--UjeR1{justify-content:space-evenly}.SiteNavigationLinks--Navigation--3Fz1b.SiteNavigationLinks--noWrap--JTMps{flex-wrap:nowrap}[dir] .SiteNavigationLinks--categoryMenu--tVNlN{padding:14px 0 30px}.SiteNavigationLinks--title--_kIVC{font-weight:700;font-size:1.125rem;text-transform:uppercase}[dir] .SiteNavigationLinks--title--_kIVC{background-color:initial}.SiteNavigationLinks--navigationList--VYZkB{flex-wrap:wrap;flex:0 1 calc(20% - 20px)}[dir=ltr] .SiteNavigationLinks--navigationList--VYZkB{padding:4px 0 14px 48px}[dir=rtl] .SiteNavigationLinks--navigationList--VYZkB{padding:4px 48px 14px 0}@media(max-width:1024px){.SiteNavigationLinks--navigationList--VYZkB{flex:0 1 calc(25% - 20px)}[dir=ltr] .SiteNavigationLinks--navigationList--VYZkB{padding:4px 0 14px 20px}[dir=rtl] .SiteNavigationLinks--navigationList--VYZkB{padding:4px 20px 14px 0}}.SiteNavigationLinks--navigationItem--2fxdn{display:block;color:#000!important;line-height:1.4;max-width:224px}[dir] .SiteNavigationLinks--navigationItem--2fxdn{background-color:initial;padding:6px 0}.SiteNavigationLinks--navigationItem--2fxdn:active,.SiteNavigationLinks--navigationItem--2fxdn:focus,.SiteNavigationLinks--navigationItem--2fxdn:hover{color:#1b4de4!important}[dir] .SiteNavigationLinks--navigationItem--2fxdn:focus{background:#fff}.SiteNavigationLinks--navLinkIcon--3ffNT{display:inline-block;fill:#1b4de4;width:16px;vertical-align:text-bottom}[dir=ltr] .SiteNavigationLinks--navLinkIcon--3ffNT{margin-left:6px}[dir=rtl] .SiteNavigationLinks--navLinkIcon--3ffNT{margin-right:6px}.SiteNavigationLinks--menu--AwUVS{max-width:1280px;box-sizing:border-box}[dir] .SiteNavigationLinks--menu--AwUVS{margin:auto;padding:0 60px}.SiteNavigationLinks--navigationListItems--7Iux3{max-width:224px}.SiteNavigationLinks--loginButton--WD-EN{font-size:.875rem!important;font-weight:600!important;letter-spacing:-.28px!important}[dir] .SiteNavigationLinks--loginButton--WD-EN{margin:15px 0 10px;padding:8px 34px}.SiteNavigationLinks--alreadyMemberText--21ThA,.SiteNavigationLinks--loginLink--3Zm5G{font-size:.9375rem!important;letter-spacing:-.3px}.SiteNavigationLinks--loginLink--3Zm5G{color:#1b4de4}[dir] .SiteNavigationLinks--loginLink--3Zm5G{padding:0!important}.SiteNavigationLinks--loginLink--3Zm5G:hover{text-decoration:underline}[dir] .SiteNavigationLinks--accountItem--3NFzo{padding-top:10px!important}.MainMenu--rootMenu--3XK92{position:absolute;width:100%;top:100%}[dir=ltr] .MainMenu--rootMenu--3XK92{left:0;right:0}[dir=rtl] .MainMenu--rootMenu--3XK92{right:0;left:0}.MainMenu--menuContainer--2BnBr&gt;div{display:flex;justify-content:center}.MainMenu--menu--1aEwb{display:flex;justify-content:flex-start;align-items:flex-start;flex-wrap:wrap}[dir] .MainMenu--menu--1aEwb{padding:0}.MainMenu--menu--1aEwb .MainMenu--fourBlock--1bgnE{justify-content:space-between}[dir=ltr] .MainMenu--menuInner--zXZM2{padding-left:0;padding-right:0}[dir=rtl] .MainMenu--menuInner--zXZM2{padding-right:0;padding-left:0}.MainMenu--menuInner--zXZM2&gt;*{max-width:none!important}.MainMenu--menuButton--2eJBA{-webkit-appearance:none;appearance:none;outline:0;transition:.3s;display:flex;justify-content:center;align-items:center;-webkit-user-select:none;user-select:none;height:30px;width:30px;flex-direction:column}[dir] .MainMenu--menuButton--2eJBA{border:0;cursor:pointer;margin-top:10px}[dir=ltr] .MainMenu--menuButton--2eJBA{margin-right:11px;margin-left:25px}[dir=rtl] .MainMenu--menuButton--2eJBA{margin-left:11px;margin-right:25px}[dir] .MainMenu--icon--KnYY0, [dir] .MainMenu--menuButton--2eJBA:after, [dir] .MainMenu--menuButton--2eJBA:before{background:#fff}.MainMenu--icon--KnYY0{display:inline-block;height:3px;width:30px;transition:.3s;position:relative}[dir] .MainMenu--icon--KnYY0{border-radius:2px;margin:3px 0 12px}[dir] .MainMenu--icon--KnYY0.MainMenu--active--1y_DU{background:transparent;margin:0}.MainMenu--icon--KnYY0.MainMenu--active--1y_DU:after,.MainMenu--icon--KnYY0.MainMenu--active--1y_DU:before{top:0;width:30px}[dir] .MainMenu--icon--KnYY0.MainMenu--active--1y_DU:after, [dir] .MainMenu--icon--KnYY0.MainMenu--active--1y_DU:before{transform-origin:50% 50%;background:#fff}[dir=ltr] .MainMenu--icon--KnYY0.MainMenu--active--1y_DU:before{transform:rotate(45deg)}[dir=rtl] .MainMenu--icon--KnYY0.MainMenu--active--1y_DU:before{transform:rotate(-45deg)}[dir=ltr] .MainMenu--icon--KnYY0.MainMenu--active--1y_DU:after{transform:rotate(-45deg)}[dir=rtl] .MainMenu--icon--KnYY0.MainMenu--active--1y_DU:after{transform:rotate(45deg)}.MainMenu--icon--KnYY0:after,.MainMenu--icon--KnYY0:before{display:inline-block;height:3px;transition:.3s;content:&quot;&quot;;position:absolute;width:100%;max-width:30px}[dir] .MainMenu--icon--KnYY0:after, [dir] .MainMenu--icon--KnYY0:before{border-radius:2px;background:#fff;transform-origin:2px center}[dir=ltr] .MainMenu--icon--KnYY0:after, [dir=ltr] .MainMenu--icon--KnYY0:before{left:0}[dir=rtl] .MainMenu--icon--KnYY0:after, [dir=rtl] .MainMenu--icon--KnYY0:before{right:0}.MainMenu--icon--KnYY0:before{top:8px}.MainMenu--icon--KnYY0:after{top:-8px}.MainMenu--hiddenLabel--OLPHi{clip:rect(0 0 0 0);height:1px;overflow:hidden;position:absolute;width:1px}[dir] .MainMenu--hiddenLabel--OLPHi{border:0;margin:-1px;padding:0}[dir] .MainMenu--categoryMenu--3uckv{padding:14px 0 30px}.MainMenu--title--2W4pS{font-weight:700;font-size:1rem;text-transform:uppercase}[dir] .MainMenu--navigationItem--3qV7j, [dir] .MainMenu--title--2W4pS{background-color:initial}.MainMenu--navigationItem--3qV7j{display:block;color:#000!important}[dir] .MainMenu--navigationItem--3qV7j{padding:6px 0}.MainMenu--navigationItem--3qV7j:active,.MainMenu--navigationItem--3qV7j:focus,.MainMenu--navigationItem--3qV7j:hover{color:#1b4de4}[dir] .MainMenu--navigationItem--3qV7j:focus{background:#fff}.MainMenu--navLinkIcon--3Q1un{display:inline-block;fill:#1b4de4;width:16px}[dir=ltr] .MainMenu--navLinkIcon--3Q1un{margin-left:6px}[dir=rtl] .MainMenu--navLinkIcon--3Q1un{margin-right:6px}.AccountLinks--AccountLinks--3T5c9{position:relative}[dir=ltr] .AccountLinks--AccountLinks--3T5c9{padding:0 0 0 15px}[dir=rtl] .AccountLinks--AccountLinks--3T5c9{padding:0 15px 0 0}.AccountLinks--AccountLink--3jMzB{height:50px!important;font-size:.875rem!important;width:200px!important;font-weight:600;color:#000!important}[dir] .AccountLinks--AccountLink--3jMzB{padding:15px 24px!important}[dir] .AccountLinks--AccountLink--3jMzB:first-child{border-top:none!important}.AccountLinks--AccountLink--3jMzB:active,.AccountLinks--AccountLink--3jMzB:hover{color:#1b4de4!important}.AccountLinks--ExistingAccountLink--u-mwR{font-size:.875rem!important;font-weight:500;color:#000!important;white-space:nowrap}[dir] .AccountLinks--ExistingAccountLink--u-mwR{padding:13px 21px 15px!important}[dir] .AccountLinks--ExistingAccountLink--u-mwR:first-child{border-top:none!important;padding-top:12px!important;padding-bottom:12px!important}.AccountLinks--ExistingAccountLink--u-mwR:hover .AccountLinks--loginLink--1UZnx{text-decoration:underline}.AccountLinks--ExistingAccountLinkWrapper--2bc00{min-height:44px}[dir] .AccountLinks--ExistingAccountLinkWrapper--2bc00{padding:0!important}.AccountLinks--ExistingAccountLinkWrapper--2bc00 .AccountLinks--ExistingAccountLink--u-mwR{width:100%}[dir] .AccountLinks--ExistingAccountLinkWrapper--2bc00 .AccountLinks--ExistingAccountLink--u-mwR{padding-bottom:15px}[dir=ltr] .AccountLinks--ExistingAccountLinkWrapper--2bc00 .AccountLinks--ExistingAccountLink--u-mwR{text-align:left}[dir=rtl] .AccountLinks--ExistingAccountLinkWrapper--2bc00 .AccountLinks--ExistingAccountLink--u-mwR{text-align:right}.AccountLinks--PremiumLink--218wL{color:#000!important}[dir=ltr] .AccountLinks--PremiumLink--218wL{border-top-left-radius:5px;border-top-right-radius:5px}[dir=rtl] .AccountLinks--PremiumLink--218wL{border-top-right-radius:5px;border-top-left-radius:5px}.AccountLinks--PremiumLink--218wL,.AccountLinks--SignUpLink--1aoDr{font-size:.875rem!important}[dir] .AccountLinks--PremiumLink--218wL, [dir] .AccountLinks--SignUpLink--1aoDr{padding:15px 20px!important}.AccountLinks--SignUpLink--1aoDr{color:#2b2b2b!important}[dir] .AccountLinks--SignUpLink--1aoDr{background-color:#ebecee}.AccountLinks--linksMenuInner--1GnW8,.AccountLinks--premiumMenuInner--12pdj{max-width:270px!important;min-width:235px;top:15px}[dir] .AccountLinks--linksMenuInner--1GnW8, [dir] .AccountLinks--premiumMenuInner--12pdj{margin-top:0!important}[dir=ltr] .AccountLinks--linksMenuInner--1GnW8, [dir=ltr] .AccountLinks--premiumMenuInner--12pdj{right:15px!important;left:auto}[dir=rtl] .AccountLinks--linksMenuInner--1GnW8, [dir=rtl] .AccountLinks--premiumMenuInner--12pdj{left:15px!important;right:auto}.AccountLinks--loginLink--1UZnx{color:#1b4de4}.AccountLinks--accountButtonInner--3fU0J{flex-shrink:0;color:#fff;display:flex}[dir] .AccountLinks--accountButtonInner--3fU0J{background:transparent!important}[dir=ltr] .AccountLinks--accountButtonInner--3fU0J span{padding:0 10px 0 5px!important}[dir=rtl] .AccountLinks--accountButtonInner--3fU0J span{padding:0 5px 0 10px!important}.AccountLinks--premiumText--2SEbG{height:13px;width:72px}.AccountLinks--accountButton--17iFL,.AccountLinks--premiumText--2SEbG{text-transform:uppercase;white-space:nowrap}.AccountLinks--accountButton--17iFL{font-size:.625rem;font-weight:600;letter-spacing:.7;height:24px;color:#000}[dir] .AccountLinks--accountButton--17iFL{background-color:#fff;border-radius:20px;padding:0 7px!important}.AccountLinks--premiumCheck--1UINs{position:absolute;width:15px!important}[dir] .AccountLinks--premiumCheck--1UINs{margin-top:-16px}[dir=ltr] .AccountLinks--premiumCheck--1UINs{margin-left:-6px}[dir=rtl] .AccountLinks--premiumCheck--1UINs{margin-right:-6px}.AccountLinks--signUpButton--M1tmh{display:block;width:125px;color:#1b4de4;font-size:.875rem;font-weight:600;letter-spacing:-.28px}[dir] .AccountLinks--signUpButton--M1tmh{background-color:#fff;border-color:#1b4de4;padding:8px 10px!important;text-align:center}[dir=ltr] .AccountLinks--signUpButton--M1tmh{margin-left:1px!important}[dir=rtl] .AccountLinks--signUpButton--M1tmh{margin-right:1px!important}.AccountLinks--checkMarkIcon--30ahu{height:21px!important;width:14px!important;color:#1b4de4}[dir=ltr] .AccountLinks--checkMarkIcon--30ahu{padding:0 9px 0 1px}[dir=rtl] .AccountLinks--checkMarkIcon--30ahu{padding:0 1px 0 9px}.AccountLinks--greenCheckMarkIcon--1609P{width:12px!important}.AccountLinks--header--21hk8{display:block}.AccountLinks--title--lRHOC{display:inline-block;font-size:1.25rem!important}[dir] .AccountLinks--title--lRHOC{margin-top:0!important;margin-bottom:.5em!important}.AccountLinks--subTitle--2a3qO,.AccountLinks--title--lRHOC{font-weight:600;letter-spacing:.38px;color:#000!important}.AccountLinks--subTitle--2a3qO{font-size:1rem!important}[dir=ltr] .AccountLinks--subTitle--2a3qO{padding-left:5px}[dir=rtl] .AccountLinks--subTitle--2a3qO{padding-right:5px}.AccountLinks--arrowIcon--2yLRx{display:flex;align-self:baseline;width:28px!important;fill:#fff!important}[dir] .AccountLinks--arrowIcon--2yLRx{padding:0}[dir=ltr] .AccountLinks--arrowIcon--2yLRx{margin-left:auto;margin-right:27px}[dir=rtl] .AccountLinks--arrowIcon--2yLRx{margin-right:auto;margin-left:27px}.AccountLinks--iconDiv--1ixOJ{display:flex;justify-content:flex-end;height:19px}[dir] .AccountLinks--iconDiv--1ixOJ{background-color:initial;margin-top:-17px}.AccountLinks--text--2LINT{display:inline-flex;width:220px;font-weight:500;flex-wrap:wrap}[dir=ltr] .AccountLinks--text--2LINT{padding-right:15px}[dir=rtl] .AccountLinks--text--2LINT{padding-left:15px}.AccountLinks--textBlock--Wq3hZ{column-count:2}[dir] .AccountLinks--textBlock--Wq3hZ{padding-bottom:5px}.AccountLinks--standardText--2KYYp{display:inline-flex;font-size:.875rem;font-weight:500}[dir] .AccountLinks--standardText--2KYYp{padding-bottom:5px}[dir=ltr] .AccountLinks--standardText--2KYYp{padding-left:2px}[dir=rtl] .AccountLinks--standardText--2KYYp{padding-right:2px}.ListItem--listItem--2wQRK{display:block;text-decoration:none;color:#2b2b2b!important;box-sizing:border-box}[dir] .ListItem--listItem--2wQRK{padding:10px 16px;border-top:1px solid #dedede!important}.ListItem--listItem--2wQRK:focus{color:#fff;outline:5px auto #1b4de4}[dir] .ListItem--listItem--2wQRK:first-child{border-top:none}[dir] .ListItem--listItem--2wQRK.ListItem--outerBorder--3YSZm:first-child{border-top:1px solid #dedede!important}[dir] .ListItem--listItem--2wQRK.ListItem--outerBorder--3YSZm:last-child{border-bottom:1px solid #dedede!important}[dir] .ListItem--listItem--2wQRK.ListItem--disableBorder--DPmOK{border-top:none!important;border-bottom:none!important}button.ListItem--listItem--2wQRK{width:100%}[dir=ltr] button.ListItem--listItem--2wQRK{text-align:left}[dir=rtl] button.ListItem--listItem--2wQRK{text-align:right}.Disclosure--Summary--UuybP{list-style:none;box-sizing:border-box}[dir] .Disclosure--Summary--UuybP{cursor:pointer;padding:10px 16px}.Disclosure--Summary--UuybP::-webkit-details-marker{display:none}.Disclosure--SummaryDefault--3xAWB{display:flex;align-items:center;justify-content:space-between;flex-direction:row}.Disclosure--SummaryIcon--1kGJk{fill:#1b4de4;width:18px!important;flex-shrink:0}[dir=ltr] .Disclosure--SummaryIcon--1kGJk{margin-left:16px}[dir=rtl] .Disclosure--SummaryIcon--1kGJk{margin-right:16px}.Mobile .Disclosure--SummaryIcon--1kGJk{position:relative}[dir=ltr] .Mobile .Disclosure--SummaryIcon--1kGJk{right:-3px}[dir=rtl] .Mobile .Disclosure--SummaryIcon--1kGJk{left:-3px}[dir] .Disclosure--themeList--25Q0H{border-top:1px solid #dedede}.Disclosure--themeList--25Q0H .Disclosure--Summary--UuybP{color:#2b2b2b}.Disclosure--themeList--25Q0H .Disclosure--Summary--UuybP:focus{outline:1px dotted #212121;outline:5px auto -webkit-focus-ring-color}[dir] .Disclosure--themeList--25Q0H[open]&gt;.Disclosure--Summary--UuybP:not(.Disclosure--hideBorderOnSummaryOpen--ZdSDc){border-bottom:1px solid #dedede}[dir] .Disclosure--themeList--25Q0H.Disclosure--disableBorder--24EOy{border-top:none!important}[dir] .Disclosure--themeList--25Q0H:first-child{border-top:0}[dir] .Disclosure--themeList--25Q0H.Disclosure--outerBorder--3dRUK:first-child{border-top:1px solid #dedede}[dir] .Disclosure--themeList--25Q0H.Disclosure--outerBorder--3dRUK:last-child{border-bottom:1px solid #dedede}.Disclosure--positionShowOpenSummaryContainer--Qou6d{position:relative}[dir] .Disclosure--positionShowOpenSummaryContainer--Qou6d{padding-bottom:0}.Disclosure--positionShowOpenSummaryContainer--Qou6d .Disclosure--positionShowOpenSummary--C1hiI{height:15px}.Disclosure--positionShowOpenSummaryContainer--Qou6d .Disclosure--positionShowOpenSummary--C1hiI .Disclosure--SummaryIcon--1kGJk{position:absolute;top:20px}[dir=ltr] .Disclosure--positionShowOpenSummaryContainer--Qou6d .Disclosure--positionShowOpenSummary--C1hiI .Disclosure--SummaryIcon--1kGJk{right:16px}[dir=rtl] .Disclosure--positionShowOpenSummaryContainer--Qou6d .Disclosure--positionShowOpenSummary--C1hiI .Disclosure--SummaryIcon--1kGJk{left:16px}.Disclosure--positionShowOpenSummaryContainer--Qou6d:focus{outline:none!important}.Disclosure--positionShowOpenSummaryContainer--Qou6d:focus .Disclosure--SummaryIcon--1kGJk{outline:5px auto #1b4de4}[dir] .Disclosure--contentBgGray--1v8-j{background:#f1f1f1}[dir=ltr] .LargeScreen .Disclosure--SummaryIcon--1kGJk{margin-left:6px}[dir=rtl] .LargeScreen .Disclosure--SummaryIcon--1kGJk{margin-right:6px}@media screen and (max-width:320px){.Disclosure--SummaryIcon--1kGJk{width:9.75px!important}[dir=ltr] .Disclosure--SummaryIcon--1kGJk{margin-left:0;right:-15px!important}[dir=rtl] .Disclosure--SummaryIcon--1kGJk{margin-right:0;left:-15px!important}.Disclosure--positionShowOpenSummaryContainer--Qou6d .Disclosure--positionShowOpenSummary--C1hiI .Disclosure--SummaryIcon--1kGJk{position:absolute;top:15px}[dir=ltr] .Disclosure--positionShowOpenSummaryContainer--Qou6d .Disclosure--positionShowOpenSummary--C1hiI .Disclosure--SummaryIcon--1kGJk{right:1px!important}[dir=rtl] .Disclosure--positionShowOpenSummaryContainer--Qou6d .Disclosure--positionShowOpenSummary--C1hiI .Disclosure--SummaryIcon--1kGJk{left:1px!important}}[dir] .CountryList--Summary--CQ0mX{padding:10px 31px!important}[dir=ltr] .CountryList--DisclosureLink--2_CS1{padding:10px 15px 10px 60px!important}[dir=rtl] .CountryList--DisclosureLink--2_CS1{padding:10px 60px 10px 15px!important}@media screen and (min-width:768px){[dir] .CountryList--DisclosureLink--2_CS1{padding:7px 0!important}}@media screen and (min-width:768px){.CountryList--listContainer--22BSI{column-width:300px}[dir] .CountryList--listContainer--22BSI{padding:10px 33px}}.UnitSelector--UnitSelector--3kjjU{display:flex;align-items:flex-start}[dir] .UnitSelector--UnitSelector--3kjjU{padding:0 30px 20px}.UnitSelector--UnitSelectorHeading--6J4Up{display:inline-block;position:relative;font-size:.875rem;font-weight:400}[dir] .UnitSelector--UnitSelectorHeading--6J4Up{margin:0}[dir=ltr] .UnitSelector--UnitSelectorHeading--6J4Up{padding:3px 5px 0 0}[dir=rtl] .UnitSelector--UnitSelectorHeading--6J4Up{padding:3px 0 0 5px}.UnitSelector--TabListWrapper--2P9kq{display:inline-block}[dir] .UnitSelector--UnitSelectorTabList--2IR0h{margin:0}.UnitSelector--UnitSelectorButtonList--2CI6c{display:flex;align-items:center}.UnitSelector--UnitSelectorTabs--FdQhC{font-size:1rem!important}.UnitSelector--UnitSelectorButton--3T5e1{outline:none;position:relative;font-size:1rem;height:32px;width:32px;line-height:2em;color:#6f7585}[dir] .UnitSelector--UnitSelectorButton--3T5e1{background-color:#fff;text-align:center;cursor:pointer;border:1px solid #dedede;border-radius:100%}.UnitSelector--UnitSelectorButton--3T5e1.UnitSelector--selected--G1371{color:#fff}[dir] .UnitSelector--UnitSelectorButton--3T5e1.UnitSelector--selected--G1371{background-color:#1b4de4;border:1px solid #1b4de4}[dir=ltr] .UnitSelector--UnitSelectorButton--3T5e1:focus{background-image:linear-gradient(90deg,rgba(27,77,228,.2),rgba(27,77,228,.1))}[dir=rtl] .UnitSelector--UnitSelectorButton--3T5e1:focus{background-image:linear-gradient(-90deg,rgba(27,77,228,.2),rgba(27,77,228,.1))}[dir=ltr] .UnitSelector--UnitSelectorButton--3T5e1:first-child{margin-right:8px}[dir=rtl] .UnitSelector--UnitSelectorButton--3T5e1:first-child{margin-left:8px}.UnitSelector--UnitSelectorButtonTextC--3bate,.UnitSelector--UnitSelectorButtonTextF--2KVHq{position:absolute;top:-1px}[dir=ltr] .UnitSelector--UnitSelectorButtonTextC--3bate{left:4px}[dir=rtl] .UnitSelector--UnitSelectorButtonTextC--3bate{right:4px}[dir=ltr] .UnitSelector--UnitSelectorButtonTextF--2KVHq{left:6px}[dir=rtl] .UnitSelector--UnitSelectorButtonTextF--2KVHq{right:6px}.UnitSelector--UnitSelectorPanel--QINRG{font-size:.6875rem}[dir] .UnitSelector--UnitSelectorPanel--QINRG{text-align:center;padding-top:5px}.UnitSelector--divider--18ehy{color:#6f7585;font-size:1.125rem}[dir=ltr] .UnitSelector--divider--18ehy{margin-right:5px}[dir=rtl] .UnitSelector--divider--18ehy{margin-left:5px}.ExpandableMenu--ExpandableMenu--2HGl7{pointer-events:none;width:100%;z-index:300;top:100%;position:absolute}.ExpandableMenu--ExpandableMenu--2HGl7.ExpandableMenu--open--2oMlM{pointer-events:auto}.ExpandableMenu--ExpandableMenu--2HGl7.ExpandableMenu--fullWidth--1M1DN{width:100vw}[dir=ltr] .ExpandableMenu--ExpandableMenu--2HGl7.ExpandableMenu--fullWidth--1M1DN{left:50%;transform:translate(-50%,50%)}[dir=rtl] .ExpandableMenu--ExpandableMenu--2HGl7.ExpandableMenu--fullWidth--1M1DN{right:50%;transform:translate(50%,50%)}.ExpandableMenu--inner--39JQs{color:#2b2b2b;transition:clip .3s cubic-bezier(.4,0,.2,1),opacity .3s cubic-bezier(.4,0,.2,1);opacity:0}.ExpandableMenu--inner--39JQs.ExpandableMenu--fullWidthInner--1_Onm{width:100%}[dir] .ExpandableMenu--inner--39JQs.ExpandableMenu--bottomRoundBorder--NTgMw{border-radius:0 0 6px 6px}[dir] .ExpandableMenu--inner--39JQs.ExpandableMenu--allRoundBorder--1fa7X{border-radius:6px}.ExpandableMenu--inner--39JQs.ExpandableMenu--fullWidthInner--1_Onm&gt;*{max-width:1280px}[dir] .ExpandableMenu--inner--39JQs.ExpandableMenu--fullWidthInner--1_Onm&gt;*{margin:auto}[dir] .ExpandableMenu--innerPadding--1vQiV{padding:10px 15px}[dir=ltr] .ExpandableMenu--ExpandableMenu--2HGl7.ExpandableMenu--reverse--3t0b2&gt;.ExpandableMenu--inner--39JQs{left:auto;right:0}[dir=rtl] .ExpandableMenu--ExpandableMenu--2HGl7.ExpandableMenu--reverse--3t0b2&gt;.ExpandableMenu--inner--39JQs{right:auto;left:0}.ExpandableMenu--ExpandableMenu--2HGl7.ExpandableMenu--open--2oMlM&gt;.ExpandableMenu--inner--39JQs{opacity:1}[dir] .ExpandableMenu--ExpandableMenu--2HGl7.ExpandableMenu--open--2oMlM&gt;.ExpandableMenu--inner--39JQs{background-color:#fff}.ExpandableMenu--outline--CVSXy{transition:transform .3s cubic-bezier(.4,0,.2,1),opacity .3s cubic-bezier(.4,0,.2,1);position:absolute;top:0;display:block;opacity:0}[dir] .ExpandableMenu--outline--CVSXy{box-shadow:0 2px 12px 0 rgba(0,0,0,.2);transform:scaleY(0)}[dir=ltr] .ExpandableMenu--outline--CVSXy{left:0;transform-origin:0 0}[dir=rtl] .ExpandableMenu--outline--CVSXy{right:0;transform-origin:100% 0}.ExpandableMenu--ExpandableMenu--2HGl7.ExpandableMenu--open--2oMlM&gt;.ExpandableMenu--outline--CVSXy{opacity:1}[dir] .ExpandableMenu--ExpandableMenu--2HGl7.ExpandableMenu--open--2oMlM&gt;.ExpandableMenu--outline--CVSXy{transform:scaleY(1)}[dir=ltr] .ExpandableMenu--ExpandableMenu--2HGl7.ExpandableMenu--reverse--3t0b2&gt;.ExpandableMenu--outline--CVSXy{left:auto;right:0}[dir=rtl] .ExpandableMenu--ExpandableMenu--2HGl7.ExpandableMenu--reverse--3t0b2&gt;.ExpandableMenu--outline--CVSXy{right:auto;left:0}[dir] .LanguageSelector--LanguageSelector--2-lpw{padding:10px 0 0}.LanguageSelector--LanguageSelectorMenu--274U0{position:absolute}[dir] .LanguageSelector--LanguageSelectorMenu--274U0 .LanguageSelector--LanguageSection--3gFMn:last-child{border-bottom:none}.LanguageSelector--LanguageSelectorStatus--mXkYQ{display:inline-block;font-size:1rem}[dir] .LanguageSelector--LanguageSelectorStatus--mXkYQ{margin:0}.LanguageSelector--Summary--58hmO{font-size:1.125rem;font-weight:700;text-transform:uppercase}[dir] .LanguageSelector--Summary--58hmO{padding:10px 31px!important}.LanguageSelector--Summary--58hmO:hover{color:#1b4de4!important}[dir] .LanguageSelector--Summary--58hmO:hover{cursor:pointer}[dir] .LanguageSelector--Content--YveVL{padding:10px 21px!important}[dir] .LanguageSelector--RegionBlock--3xzbe{padding:10px 10px 30px!important}.LanguageSelector--RegionLink--2I-tU{color:#000;line-height:1.3em}[dir] .LanguageSelector--RegionLink--2I-tU{margin:0}.LanguageSelector--RegionLink--2I-tU:active,.LanguageSelector--RegionLink--2I-tU:focus,.LanguageSelector--RegionLink--2I-tU:hover{color:#1b4de4!important}[dir] .LanguageSelector--RegionLink--2I-tU:focus{background-color:initial!important}.LanguageSelector--RegionLink--2I-tU&gt;*{display:block;font-size:.875rem}[dir] .LanguageSelector--RegionLink--2I-tU&gt;*{padding:10px}.LanguageSelector--RegionLink--2I-tU&gt;:active,.LanguageSelector--RegionLink--2I-tU&gt;:hover{color:#1b4de4}@media(min-width:769px){[dir] .LanguageSelector--RegionBlock--3xzbe{padding:10px 10px 30px}}[dir] .LanguageSelector--LocalizationMenu--3M9Om{padding:0 10px!important}.LanguageSelector--menuButtonInner--1PGXt{flex-shrink:0;font-size:.875rem;color:#fff;display:flex;align-items:center}[dir] .LanguageSelector--menuButtonInner--1PGXt{background:transparent!important}[dir] .LanguageSelector--menuButtonInner--1PGXt span{padding:0 10px}.LanguageSelector--globeIcon--7F9Pf{width:24px}[dir=ltr] .LanguageSelector--globeIcon--7F9Pf{padding:0 0 0 10px}[dir=rtl] .LanguageSelector--globeIcon--7F9Pf{padding:0 10px 0 0}.LanguageSelector--arrowIcon--3mk5k{width:17px!important}[dir=ltr] .LanguageSelector--arrowIcon--3mk5k{padding-left:5px}[dir=rtl] .LanguageSelector--arrowIcon--3mk5k{padding-right:5px}.LanguageSelector--unitDisplay--23xY5{font-size:1rem}[dir=ltr] .LanguageSelector--unitDisplay--23xY5{border-left:1px solid #fff}[dir=rtl] .LanguageSelector--unitDisplay--23xY5{border-right:1px solid #fff}[dir] .LanguageSelector--titleSection--1_nPc{padding:20px;background-color:hsla(0,0%,100%,.25)}@media(min-width:769px){[dir] .LanguageSelector--titleSection--1_nPc{padding:20px 30px}}[dir] .LanguageSelector--unitSelectorContainer--W3U-M{padding:0!important}[dir] .LanguageSelector--unitSelectorWrapper--2c_s6{padding:10px 30px}.RecentLocationTitle--RecentLocationTitle--3wSzC{display:flex;flex-flow:row nowrap;justify-content:space-between;align-items:center}[dir] .RecentLocationTitle--RecentLocationTitle--3wSzC{padding:16px 16px 10px}.RecentLocationTitle--RecentLocationTitleText--1CK3j{font-size:1.125rem;font-weight:700;text-transform:uppercase;color:#2b2b2b}[dir=ltr] .RecentLocationTitle--RecentLocationTitleText--1CK3j{margin:0 10px 0 0}[dir=rtl] .RecentLocationTitle--RecentLocationTitleText--1CK3j{margin:0 0 0 10px}.RecentLocationTitle--RecentLocationTitleClearButton--tg4mu{font-size:.875rem}[dir] .RecentLocationTitle--RecentLocationTitleClearButton--tg4mu{cursor:pointer}.SearchResults--SearchResults--LUsso{color:#2b2b2b;display:none;overflow:auto;scroll-behavior:smooth}[dir] .SearchResults--SearchResults--LUsso{background-color:#fff!important}.SearchResults--SearchResults--LUsso.SearchResults--alwaysOpen--2u6bA{display:block}.SearchResults--SearchResults--LUsso.SearchResults--open--ZXS7f{display:block;position:absolute;top:calc(100% + 5px);width:100%}.SearchResults--ListboxOption--EhXod{font-size:.875rem}.SearchResults--ListboxOption--EhXod:focus,.SearchResults--ListboxOption--EhXod:hover{color:#fff!important;outline:none!important}[dir] .SearchResults--ListboxOption--EhXod:focus, [dir] .SearchResults--ListboxOption--EhXod:hover{background-color:#1b4de4!important}[dir] .SearchResults--NoResults--3q1Yh{padding:10px 16px}[dir] .SearchResults--roundedCorners--1Qz8-{border-radius:6px}[dir] .SearchResults--shadow--c3ZQy{box-shadow:0 0 12px 0 rgba(0,0,0,.2)}.Accessibility--visuallyHidden--2uGW3{position:absolute!important;height:1px;width:1px;overflow:hidden;clip:rect(1px,1px,1px,1px);white-space:nowrap}.SearchInput--SearchInput--ce1vD{position:relative}.SearchInput--InputField--73wGA{width:100%;height:100%;color:#fff;font-size:.875rem;-webkit-tap-highlight-color:#1b4de4;box-sizing:border-box}[dir] .SearchInput--InputField--73wGA{padding:5px 6px;border:0;border-radius:20px;background:hsla(0,0%,100%,.2);text-align:center}.SearchInput--InputField--73wGA::placeholder{color:#fff;opacity:1;transition:opacity .3s ease-in-out;text-overflow:ellipsis;overflow:hidden;white-space:nowrap}.SearchInput--InputField--73wGA:focus{outline:5px auto #fff}.SearchInput--InputField--73wGA:focus::placeholder{opacity:0;transition:opacity .3s ease-in-out}[dir=ltr] .SearchInput--enableSearchIcon--1PPc1 .SearchInput--InputField--73wGA{padding-right:38px}[dir=rtl] .SearchInput--enableSearchIcon--1PPc1 .SearchInput--InputField--73wGA{padding-left:38px}.SearchInput--searchIcon--1_HVj{position:absolute;height:100%;top:50%}[dir] .SearchInput--searchIcon--1_HVj{transform:translateY(-50%)}[dir=ltr] .SearchInput--searchIcon--1_HVj{right:8px}[dir=rtl] .SearchInput--searchIcon--1_HVj{left:8px}.SearchCombobox--Combobox--2bl2b{position:relative}.Search--Search--1e_6v{width:100%;position:relative;box-sizing:border-box}.Search--SearchTrigger--1Q1yW{width:100%}[dir] .Search--SearchTrigger--1Q1yW{padding:0}[dir] .Search--ModalWrapper--1EtDY{background:none!important}.Search--ModalHeader--o2AfL{position:absolute;top:7px;z-index:1}[dir=ltr] .Search--ModalHeader--o2AfL{right:0}[dir=rtl] .Search--ModalHeader--o2AfL{left:0}.Search--ModalContent--1n3I3{display:flex;flex-flow:column nowrap;height:100%;justify-content:space-between;align-items:center}.Search--ModalCloseButtonIcon--11rEJ{width:30px}[dir=ltr] .Search--ModalCloseButtonIcon--11rEJ{margin-right:4px}[dir=rtl] .Search--ModalCloseButtonIcon--11rEJ{margin-left:4px}[dir=ltr] .Search--ModalSearchInput--3eIfG{padding:15px 50px 15px 26px}[dir=rtl] .Search--ModalSearchInput--3eIfG{padding:15px 26px 15px 50px}.Search--ModalCombobox--35C9v{width:100%;max-height:calc(100vh - 105px);display:flex;flex-flow:column nowrap;justify-content:flex-start}.Search--SearchModalFooterImage--2d1uZ{width:120px}[dir] .Search--SearchModalFooterImage--2d1uZ{padding:15px 0 5px}.LargeScreen .Search--Search--1e_6v{max-width:380px}[dir] .LargeScreen .Search--Search--1e_6v{margin:auto}.LargeScreen .Search--inputClass--2Grs8{font-size:1rem!important;height:38px}.Cobranding--Cobranding--qxN0M{position:relative}.Cobranding--Cobranding--qxN0M img{width:inherit;height:inherit}.Cobranding--divider--3ftL5{height:27px}[dir=ltr] .Cobranding--divider--3ftL5{border-left:2px solid #fff;margin-left:15px;margin-right:15px}[dir=rtl] .Cobranding--divider--3ftL5{border-right:2px solid #fff;margin-right:15px;margin-left:15px}.styles--root--LUo-4{flex-shrink:0}.styles--brand--2avDC{max-width:100%;height:22px;width:130px}.Icon--icon--3wCKh{display:inline-block;height:auto;width:24px}[dir=rtl] .Icon--icon--3wCKh[name*=left],[dir=rtl] .Icon--icon--3wCKh[name*=right]{transform:scaleX(-1)}.Icon--actionTheme--sZu_q{fill:#1b4de4;color:#1b4de4}.Icon--darkTheme--3iVDF{fill:#2b2b2b;color:#2b2b2b}.Icon--lightTheme--3NMAI{fill:#fff;color:#fff;--color-moon:#fff;--color-cloud:#fff;--color-star:#fff;--color-fog:#fff;--color-wind:#fff;--color-sun:#fff;--color-lightning:#fff;--color-snowflake:#fff;--color-hail:#fff;--color-thunderstorm-mask:#2b2b2b}.Icon--severeTheme--2xYyF{fill:#da291c;color:#da291c}.Icon--grayTheme--3wIXj{fill:#757575;color:#757575}.Icon--fullTheme--3ns8p{--color-moon:#e3e3e3;--color-star:#e3e3e3;--color-cloud:#d3d3d3;--color-na:#d3d3d3;--color-fog:#d3d3d3;--color-hail:#d3d3d3;--color-tornado:#d3d3d3;--color-wind:#d3d3d3;--color-storm:#d3d3d3;--color-lightning:#ebdb00;--color-sun:#ebdb00;--color-drop:#6adef8;--color-snowflake:#d3d3d3;--color-thunderstorm-mask:#2b2b2b}.Button--primary--1UQTP,.Button--secondary--2gaC_{display:inline-block;text-decoration:none;line-height:1.15;font-size:.8125rem;font-weight:700;outline:none;white-space:nowrap;-webkit-tap-highlight-color:var(--backgroundActive)}[dir] .Button--primary--1UQTP, [dir] .Button--secondary--2gaC_{border:none;border-radius:16px;padding:8px 14px;margin:5px;cursor:pointer}.Button--primary--1UQTP:focus,.Button--secondary--2gaC_:focus{outline:var(--backgroundActive) auto 5px}.Button--primary--1UQTP{color:var(--primaryButtonText)}[dir] .Button--primary--1UQTP{background-color:var(--primaryButtonBackground);border:1px solid var(--primaryButtonBackground)}[dir] .Button--primary--1UQTP:active, [dir] .Button--primary--1UQTP:focus, [dir] .Button--primary--1UQTP:hover{box-shadow:0 0 5px 0 rgba(27,77,228,.8)}.Button--secondary--2gaC_{color:var(--secondaryButtonText)}[dir] .Button--secondary--2gaC_{background-color:var(--secondaryButtonBackground);border:1px solid var(--borderDefault)}[dir] .Button--secondary--2gaC_:active, [dir] .Button--secondary--2gaC_:focus, [dir] .Button--secondary--2gaC_:hover{box-shadow:0 0 12px 0 rgba(0,0,0,.2)}.Button--default--3zkvy{color:var(--buttonText);text-decoration:none}[dir] .Button--default--3zkvy{border:none;background:none;cursor:pointer}.Button--iconOnly--25rWi{line-height:0}[dir] .Button--iconOnly--25rWi{border-radius:50%;padding:5px}.Button--disabled--3sMGV{opacity:.3;pointer-events:none}.MainMenuHeader--MainMenuHeader--1T0Qd{color:#fff;width:100%;position:relative;z-index:204}.MainMenuHeader--wrapper--2ZR4A{position:relative;max-width:1280px;box-sizing:border-box;display:flex;flex:1 0 auto;align-items:center;height:82px}[dir] .MainMenuHeader--wrapper--2ZR4A{margin:0 auto}[dir=ltr] .MainMenuHeader--wrapper--2ZR4A{padding:11px 11px 11px 6px}[dir=rtl] .MainMenuHeader--wrapper--2ZR4A{padding:11px 6px 11px 11px}.MainMenuHeader--accessibilityLink--2yANH{position:absolute;top:-10000px}[dir=ltr] .MainMenuHeader--accessibilityLink--2yANH{left:-10000px}[dir=rtl] .MainMenuHeader--accessibilityLink--2yANH{right:-10000px}.MainMenuHeader--accessibilityLink--2yANH:focus{top:80px}[dir=ltr] .MainMenuHeader--accessibilityLink--2yANH:focus{left:5px}[dir=rtl] .MainMenuHeader--accessibilityLink--2yANH:focus{right:5px}.MainMenuHeader--ibmLogo--3mcYE{display:flex;flex-shrink:0;align-self:center}[dir=ltr] .MainMenuHeader--ibmLogo--3mcYE{padding:0 4px 0 12px}[dir=rtl] .MainMenuHeader--ibmLogo--3mcYE{padding:0 12px 0 4px}.MainMenuHeader--cobranding--3f2qe,.MainMenuHeader--cobranding--3f2qe img{max-height:24px}.MainMenuHeader--navigation--3Oi4O{display:flex;flex-shrink:0}.MainMenuHeader--navigation--3Oi4O&gt;*{display:flex;align-items:center}[dir] .MainMenuHeader--navigation--3Oi4O&gt;*{padding:0 15px}[dir=ltr] .MainMenuHeader--navigation--3Oi4O&gt;:first-child{border-left:0}[dir=rtl] .MainMenuHeader--navigation--3Oi4O&gt;:first-child{border-right:0}.MainMenuHeader--twcLogo--1oRKo{width:60px!important;height:60px!important}.MainMenuHeader--wrapperLeft--3YkPC,.MainMenuHeader--wrapperRight--1doyc{display:flex;align-items:center}[dir=ltr] .MainMenuHeader--wrapperLeft--3YkPC{padding-right:30px}[dir=rtl] .MainMenuHeader--wrapperLeft--3YkPC{padding-left:30px}.MainMenuHeader--wrapperRight--1doyc{flex:1 1 auto}.HeaderLargeScreen--HeaderLargeScreen--j5pd4{display:flex;align-items:center;flex-flow:row nowrap;justify-content:space-between;width:100%;box-sizing:border-box}.HeaderLargeScreen--primaryBranding--3qZ8v{position:relative;height:40px;width:40px}[dir] .HeaderLargeScreen--primaryBranding--3qZ8v{margin:10px}.HeaderLargeScreen--primaryBranding--3qZ8v svg{height:60px;width:60px}.HeaderLargeScreen--cobranding--r9FiU{height:20px}[dir=ltr] .HeaderLargeScreen--cobranding--r9FiU{margin-right:7px}[dir=rtl] .HeaderLargeScreen--cobranding--r9FiU{margin-left:7px}.HeaderLargeScreen--MainMenuContainer--2Pzna{position:absolute}.HeaderLargeScreen--MainMenuButtonIcon--2IIhJ{width:32px!important}[dir=ltr] .HeaderLargeScreen--MainMenuButtonIcon--2IIhJ{margin-right:4px}[dir=rtl] .HeaderLargeScreen--MainMenuButtonIcon--2IIhJ{margin-left:4px}.gradientText{color:#fff}[dir] .gradients--sunnyDay--17X6W{background-image:linear-gradient(#046f94 9%,#65b7c6)}[dir] .gradients--sunnyDay-top--ifCwS{background-color:#046f94}[dir] .gradients--sunnyDay-bottom--B8SRR{background-color:#65b7c6}[dir] .gradients--clearNight--3DcJJ{background-image:linear-gradient(#113076 9%,#157fba)}[dir] .gradients--clearNight-top--2QoL0{background-color:#113076}[dir] .gradients--clearNight-bottom--1DBsL{background-color:#157fba}[dir] .gradients--cloudyFoggyDay--VhVRw{background-image:linear-gradient(#6e3f98 9%,#d6ab97)}[dir] .gradients--cloudyFoggyDay-top--3QIS-{background-color:#6e3f98}[dir] .gradients--cloudyFoggyDay-bottom--2Htf5{background-color:#d6ab97}[dir] .gradients--cloudyFoggyNight--FbSHD{background-image:linear-gradient(#1a357c 9%,#99479b)}[dir] .gradients--cloudyFoggyNight-top--_hnEI{background-color:#1a357c}[dir] .gradients--cloudyFoggyNight-bottom--ZmWmE{background-color:#99479b}[dir] .gradients--rainyDay--1sYGm{background-image:linear-gradient(#004f69 9%,#47c061)}[dir] .gradients--rainyDay-top--2IkuP{background-color:#004f69}[dir] .gradients--rainyDay-bottom--sClpv{background-color:#47c061}[dir] .gradients--rainyNight--22XqF{background-image:linear-gradient(#003758 9%,#3da954)}[dir] .gradients--rainyNight-top--1OFbA{background-color:#003758}[dir] .gradients--rainyNight-bottom--2Xu6r{background-color:#3da954}[dir] .gradients--snowyIcyDay--3vXUP{background-image:linear-gradient(#125184 9%,#9cbcbd)}[dir] .gradients--snowyIcyDay-top--21a2H{background-color:#125184}[dir] .gradients--snowyIcyDay-bottom--3Ulu4{background-color:#9cbcbd}[dir] .gradients--snowyIcyNight--1meoe{background-image:linear-gradient(#113278 9%,#70a2a8)}[dir] .gradients--snowyIcyNight-top--ae9KA{background-color:#113278}[dir] .gradients--snowyIcyNight-bottom--2x20U{background-color:#70a2a8}[dir] .gradients--severe--11OmN{background-image:linear-gradient(#510000 9%,#ba0d00)}[dir] .gradients--severe-top--1I0--{background-color:#510000}[dir] .gradients--severe-bottom--2H1Ah{background-color:#ba0d00}[dir] .gradients--severe_home--1-oyG{background-image:linear-gradient(#fff,#fff)}[dir] .gradients--severe_home-bottom--3Hqgu, [dir] .gradients--severe_home-top--1i_Lu{background-color:#ba0d00}.gradients--severe_home--1-oyG .gradientText{color:#2b2b2b}[dir] .gradients--severe_home--1-oyG.gradients--severe_home--1-oyG{background-image:linear-gradient(#fff,#fff)}.gradients--severe_home--1-oyG.gradients--severe_home--1-oyG .gradientText{color:#2b2b2b}[dir] .gradients--default--3zN0l{background-image:linear-gradient(#05336b 9%,#0d5ab9)}[dir] .gradients--default-top--1EwzM{background-color:#05336b}[dir] .gradients--default-bottom--2Pyy7{background-color:#0d5ab9}[dir] .gradients--noGradient--2OnfT{background-image:linear-gradient(#fff,#fff)}[dir] .gradients--noGradient-top--a2-nE{background-color:#046f94}[dir] .gradients--noGradient-bottom--2Uf0S{background-color:#65b7c6}.gradients--noGradient--2OnfT .gradientText{color:#2b2b2b}@media only screen and (min-width:1440px){[dir] .gradients--sunnyDay--17X6W{background-image:linear-gradient(#69a9bf,#a3d4dd,#f8fcfd)}[dir] .gradients--sunnyDay-top--ifCwS{background-color:#046f94}[dir] .gradients--sunnyDay-bottom--B8SRR{background-color:#ebf5f7}[dir] .gradients--sunnyDay-contrast--ii9et{background-image:linear-gradient(#046f94,#3493ad)}[dir] .gradients--clearNight--3DcJJ{background-image:linear-gradient(#7183ad,#73b3d6,#f3f9fb)}[dir] .gradients--clearNight-top--2QoL0{background-color:#113076}[dir] .gradients--clearNight-bottom--1DBsL{background-color:#ebf5f7}[dir] .gradients--clearNight-contrast--3SHeE{background-image:linear-gradient(#113076,#135899)}[dir] .gradients--cloudyFoggyDay--VhVRw{background-image:linear-gradient(#a88cc2,#e7cdc1,#fcf9f7)}[dir] .gradients--cloudyFoggyDay-top--3QIS-{background-color:#6e3f98}[dir] .gradients--cloudyFoggyDay-bottom--2Htf5{background-color:#f9f4f1}[dir] .gradients--cloudyFoggyDay-contrast--3knbX{background-image:linear-gradient(#6e3f98,#a37697)}[dir] .gradients--cloudyFoggyNight--FbSHD{background-image:linear-gradient(#7686b1,#c291c3,#fcf9f7)}[dir] .gradients--cloudyFoggyNight-top--_hnEI{background-color:#1a357c}[dir] .gradients--cloudyFoggyNight-bottom--ZmWmE{background-color:#f9f4f1}[dir] .gradients--cloudyFoggyNight-contrast--3iLtZ{background-image:linear-gradient(#1a357c,#5a3e8c)}[dir] .gradients--rainyDay--1sYGm{background-image:linear-gradient(#6696a5,#91daa1,#f4fbf6)}[dir] .gradients--rainyDay-top--2IkuP{background-color:#004f69}[dir] .gradients--rainyDay-bottom--sClpv{background-color:#ecf8ef}[dir] .gradients--rainyDay-contrast--rZKxo{background-image:linear-gradient(#004f69,#238665)}[dir] .gradients--rainyNight--22XqF{background-image:linear-gradient(#66879b,#8bcc99,#f4fbf6)}[dir] .gradients--rainyNight-top--1OFbA{background-color:#003758}[dir] .gradients--rainyNight-bottom--2Xu6r{background-color:#ecf8ef}[dir] .gradients--rainyNight-contrast--2kLQk{background-image:linear-gradient(#003758,#1f7056)}[dir] .gradients--snowyIcyDay--3vXUP{background-image:linear-gradient(#7197b6,#c4d7d8,#e4e8e8)}[dir] .gradients--snowyIcyDay-top--21a2H{background-color:#125184}[dir] .gradients--snowyIcyDay-bottom--3Ulu4{background-color:#ecf2f2}[dir] .gradients--snowyIcyDay-contrast--39PB7{background-image:linear-gradient(#125184,#5a89a2)}[dir] .gradients--snowyIcyNight--1meoe{background-image:linear-gradient(#7184ae,#aac8cb,#e4e8e8)}[dir] .gradients--snowyIcyNight-top--ae9KA{background-color:#113278}[dir] .gradients--snowyIcyNight-bottom--2x20U{background-color:#ecf2f2}[dir] .gradients--snowyIcyNight-contrast--2Dh4k{background-image:linear-gradient(#113278,#456f92)}[dir] .gradients--severe--11OmN{background-image:linear-gradient(#f2cfcc,#fff)}[dir] .gradients--severe-top--1I0--{background-color:#ba0d00}[dir] .gradients--severe-bottom--2H1Ah{background-color:rgba(186,13,0,0)}[dir] .gradients--severe-contrast--3Wxgk{background-image:linear-gradient(#510000,#850600)}[dir] .gradients--default--3zN0l{background-image:linear-gradient(#6e9cd5,#fff)}[dir] .gradients--default-top--1EwzM{background-color:#05336b}[dir] .gradients--default-bottom--2Pyy7{background-color:#fff}[dir] .gradients--default-contrast--3k-5c{background-image:linear-gradient(#05336b,#094793)}}.BaseAd--adWrapper--2qtTX{overflow:hidden;position:relative}[dir] .BaseAd--adWrapper--2qtTX{text-align:center;padding:16px 0;margin:12px 10px 0}[dir] .BaseAd--adWrapper--2qtTX.BaseAd--card--1NlKb{padding:16px 0;margin:12px 10px;border-radius:6px;box-shadow:0 0 12px 0 rgba(0,0,0,.2);background-color:#fff}[dir] .BaseAd--adWrapperPlaceholder--2n8KY{margin:12px 10px 0!important}.BaseAd--ad_module--yZlyg{height:100%;width:100%;display:flex;flex-direction:column;justify-content:center;align-items:center}.BaseAd--placeholder--31XQZ{min-height:250px}.BaseAd--hide--3pG-e{display:none!important;height:0!important}#WX_BottomLeader.BaseAd--placeholder--31XQZ,#WX_BottomLeaderTablet.BaseAd--placeholder--31XQZ,#WX_DriverUnit.BaseAd--placeholder--31XQZ,#WX_DriverUnitTablet.BaseAd--placeholder--31XQZ,#WX_MidLeader.BaseAd--placeholder--31XQZ{min-height:90px}.adLabel{color:#6f7585;font-size:.625rem;position:relative;height:0;top:-12px}[dir] .adLabel{padding:0 16px 3px}[dir=ltr] .adLabel{text-align:right}[dir=rtl] .adLabel{text-align:left}[dir] .regionTopAds .BaseAd--adWrapper--2qtTX.BaseAd--card--1NlKb{border-radius:0}.regionTopAds .adLabel{display:none}.regionTopAds .BaseAd--placeholder--31XQZ{min-height:90px}.regionContentTop .adLabel{display:none}.regionContentTop .BaseAd--placeholder--31XQZ{min-height:90px}[dir] .Mobile .regionTopAds .BaseAd--adWrapper--2qtTX.BaseAd--card--1NlKb{padding:10px;margin:0}.Mobile .regionTopAds .BaseAd--placeholder--31XQZ{min-height:50px}[dir] .LargeScreen .BaseAd--adWrapper--2qtTX.BaseAd--card--1NlKb{margin:0}.LargeScreen .regionTopAds .BaseAd--placeholder--31XQZ{min-height:90px}&lt;/style&gt;&#10;      &lt;script defer=&quot;&quot; src=&quot;/daybreak-home/assets/main.1c834db10af7ef5f5601.js&quot;&gt;&lt;/script&gt;&#10;      &lt;script&gt;window.env={&quot;USE_REMOTE_REDUX_DAL_CLIENT&quot;:&quot;true&quot;,&quot;REDUX_DAL_WX_API_HOST_CLIENT&quot;:&quot;weather.com&quot;,&quot;REDUX_DAL_WX_API_PROTOCOL_CLIENT&quot;:&quot;https&quot;,&quot;TRANSLATIONS_WX_API_HOST_CLIENT&quot;:&quot;weather.com&quot;,&quot;CONSENT_PMQ_ACCOUNT_CLIENT&quot;:&quot;747624766027&quot;,&quot;METRICS_API_VENDORS_CLIENT&quot;:&quot;airlytics&quot;,&quot;METRICS_API_FREQUENCIES_CLIENT&quot;:&quot;D&quot;,&quot;METRICS_API_AIRLYTICS_OPTIONS_BATCH_EVENTS_CLIENT&quot;:&quot;false&quot;,&quot;METRICS_API_AIRLYTICS_OPTIONS_BATCH_INTERVAL_CLIENT&quot;:&quot;30000&quot;,&quot;METRICS_API_AIRLYTICS_OPTIONS_BATCH_PAYLOAD_SIZE_CLIENT&quot;:&quot;30&quot;,&quot;METRICS_API_AIRLYTICS_OPTIONS_BATCH_QUEUE_CAPACITY_CLIENT&quot;:&quot;1000&quot;,&quot;METRICS_API_AIRLYTICS_OPTIONS_RETRY_FAILED_EVENTS_CLIENT&quot;:&quot;true&quot;,&quot;PIANO_APP_ID_CLIENT&quot;:&quot;nOKpBk1Dpu&quot;,&quot;PIANO_TINYPASS_HOST_CLIENT&quot;:&quot;buy.tinypass.com&quot;,&quot;METRICS_API_AIRLYTICS_HOST_CLIENT&quot;:&quot;airlytics-web.airlock.twcmobile.weather.com&quot;,&quot;METRICS_API_AIRLYTICS_KEY_CLIENT&quot;:&quot;EWFqH3myAGLEs3nJYSshGL6YgA4ur3WRwTbANhKc&quot;,&quot;DSX_API_KEY_CLIENT&quot;:&quot;7bb1c920-7027-4289-9c96-ae5e263980bc&quot;,&quot;DSX_HOST_CLIENT&quot;:&quot;dsx.weather.com&quot;,&quot;DSX_PROTOCOL_CLIENT&quot;:&quot;https&quot;,&quot;STATIC_API_PROTOCOL_CLIENT&quot;:&quot;https&quot;,&quot;STATIC_API_HOST_CLIENT&quot;:&quot;s.w-x.co&quot;,&quot;SUN_V1_PROTOCOL_CLIENT&quot;:&quot;https&quot;,&quot;SUN_V1_HOST_CLIENT&quot;:&quot;api.weather.com&quot;,&quot;SUN_V1_API_KEY_CLIENT&quot;:&quot;21d8a80b3d6b444998a80b3d6b1449d3&quot;,&quot;SUN_V2_PROTOCOL_CLIENT&quot;:&quot;https&quot;,&quot;SUN_V2_HOST_CLIENT&quot;:&quot;api.weather.com&quot;,&quot;SUN_V2_API_KEY_CLIENT&quot;:&quot;21d8a80b3d6b444998a80b3d6b1449d3&quot;,&quot;SUN_V3_PROTOCOL_CLIENT&quot;:&quot;https&quot;,&quot;SUN_V3_HOST_CLIENT&quot;:&quot;api.weather.com&quot;,&quot;SUN_V3_API_KEY_CLIENT&quot;:&quot;21d8a80b3d6b444998a80b3d6b1449d3&quot;,&quot;WX_API_PROTOCOL_CLIENT&quot;:&quot;https&quot;,&quot;WX_API_HOST_CLIENT&quot;:&quot;weather.com&quot;,&quot;WX_API_API_KEY_CLIENT&quot;:&quot;5c241d89f91274015a577e3e17d43370&quot;,&quot;WEBCAKES_ENV_CLIENT&quot;:&quot;PROD&quot;,&quot;UPS2_HOST_CLIENT&quot;:&quot;ups-2.weather.com&quot;}&lt;/script&gt;&lt;script src=&quot;https://weather.com/api/v1/script/subsSdkScript.js&quot;&gt;&lt;/script&gt;&lt;script&gt;&#10;        if (window &amp;&amp; window.setNptTechAdblockerCookie === undefined) {&#10;          window.setNptTechAdblockerCookie = (adblocker) =&gt; {&#10;            const d = new Date();&#10;&#10;            d.setTime(d.getTime() + 60 * 60 * 24 * 2 * 1000);&#10;            document.cookie = &apos;__adblocker=&apos; + (adblocker ? &apos;true&apos; : &apos;false&apos;) + &apos;; expires=&apos; + d.toUTCString() + &apos;; path=/&apos;;&#10;          };&#10;        }&#10;        document.cookie = &apos;__adblocker=; expires=Thu, 01 Jan 1970 00:00:00 GMT; path=/&apos;;&#10;      &lt;/script&gt;&lt;script src=&quot;https://www.npttech.com/advertising.js&quot; onerror=&quot;window.setNptTechAdblockerCookie(true)&quot;&gt;&lt;/script&gt;&lt;script src=&quot;https://securepubads.g.doubleclick.net/tag/js/gpt.js&quot;&gt;&lt;/script&gt;&lt;meta http-equiv=&quot;origin-trial&quot; content=&quot;AxujKG9INjsZ8/gUq8+dTruNvk7RjZQ1oFhhgQbcTJKDnZfbzSTE81wvC2Hzaf3TW4avA76LTZEMdiedF1vIbA4AAABueyJvcmlnaW4iOiJodHRwczovL2ltYXNkay5nb29nbGVhcGlzLmNvbTo0NDMiLCJmZWF0dXJlIjoiVHJ1c3RUb2tlbnMiLCJleHBpcnkiOjE2NTI3NzQ0MDAsImlzVGhpcmRQYXJ0eSI6dHJ1ZX0=&quot;&gt;&lt;meta http-equiv=&quot;origin-trial&quot; content=&quot;Azuce85ORtSnWe1MZDTv68qpaW3iHyfL9YbLRy0cwcCZwVnePnOmkUJlG8HGikmOwhZU22dElCcfrfX2HhrBPAkAAAB7eyJvcmlnaW4iOiJodHRwczovL2RvdWJsZWNsaWNrLm5ldDo0NDMiLCJmZWF0dXJlIjoiVHJ1c3RUb2tlbnMiLCJleHBpcnkiOjE2NTI3NzQ0MDAsImlzU3ViZG9tYWluIjp0cnVlLCJpc1RoaXJkUGFydHkiOnRydWV9&quot;&gt;&lt;meta http-equiv=&quot;origin-trial&quot; content=&quot;A16nvcdeoOAqrJcmjLRpl1I6f3McDD8EfofAYTt/P/H4/AWwB99nxiPp6kA0fXoiZav908Z8etuL16laFPUdfQsAAACBeyJvcmlnaW4iOiJodHRwczovL2dvb2dsZXRhZ3NlcnZpY2VzLmNvbTo0NDMiLCJmZWF0dXJlIjoiVHJ1c3RUb2tlbnMiLCJleHBpcnkiOjE2NTI3NzQ0MDAsImlzU3ViZG9tYWluIjp0cnVlLCJpc1RoaXJkUGFydHkiOnRydWV9&quot;&gt;&lt;meta http-equiv=&quot;origin-trial&quot; content=&quot;AxBHdr0J44vFBQtZUqX9sjiqf5yWZ/OcHRcRMN3H9TH+t90V/j3ENW6C8+igBZFXMJ7G3Pr8Dd13632aLng42wgAAACBeyJvcmlnaW4iOiJodHRwczovL2dvb2dsZXN5bmRpY2F0aW9uLmNvbTo0NDMiLCJmZWF0dXJlIjoiVHJ1c3RUb2tlbnMiLCJleHBpcnkiOjE2NTI3NzQ0MDAsImlzU3ViZG9tYWluIjp0cnVlLCJpc1RoaXJkUGFydHkiOnRydWV9&quot;&gt;&lt;meta http-equiv=&quot;origin-trial&quot; content=&quot;A88BWHFjcawUfKU3lIejLoryXoyjooBXLgWmGh+hNcqMK44cugvsI5YZbNarYvi3roc1fYbHA1AVbhAtuHZflgEAAAB2eyJvcmlnaW4iOiJodHRwczovL2dvb2dsZS5jb206NDQzIiwiZmVhdHVyZSI6IlRydXN0VG9rZW5zIiwiZXhwaXJ5IjoxNjUyNzc0NDAwLCJpc1N1YmRvbWFpbiI6dHJ1ZSwiaXNUaGlyZFBhcnR5Ijp0cnVlfQ==&quot;&gt;&lt;meta http-equiv=&quot;origin-trial&quot; content=&quot;A/OOU4XAFfeAV4kM4+W9WBwNAHqq/bvtrRcJ1wpnNyO/i076BSUy1d14l2kBEgVmEuvxojSpD23172C6hBg2AQYAAACWeyJvcmlnaW4iOiJodHRwczovL2RvdWJsZWNsaWNrLm5ldDo0NDMiLCJmZWF0dXJlIjoiQ29udmVyc2lvbk1lYXN1cmVtZW50IiwiZXhwaXJ5IjoxNjM0MDgzMTk5LCJpc1N1YmRvbWFpbiI6dHJ1ZSwiaXNUaGlyZFBhcnR5Ijp0cnVlLCJ1c2FnZSI6InN1YnNldCJ9&quot;&gt;&lt;meta http-equiv=&quot;origin-trial&quot; content=&quot;AwrB+XVH/KV6HfZNVtSEqlUJi3yUbtCp0/TJRj+38NDIw19/9P1h7ECTtdLdhIzG0Bsl4n/0rVmttJtGUCcewgAAAACceyJvcmlnaW4iOiJodHRwczovL2dvb2dsZXN5bmRpY2F0aW9uLmNvbTo0NDMiLCJmZWF0dXJlIjoiQ29udmVyc2lvbk1lYXN1cmVtZW50IiwiZXhwaXJ5IjoxNjM0MDgzMTk5LCJpc1N1YmRvbWFpbiI6dHJ1ZSwiaXNUaGlyZFBhcnR5Ijp0cnVlLCJ1c2FnZSI6InN1YnNldCJ9&quot;&gt;&lt;meta http-equiv=&quot;origin-trial&quot; content=&quot;Ax15QOERqai2A5XWrDY38Eg07xh2T0pkhpDPJuDlxr7D2Ka8wHvklgK7tTPZOnT+8H31lwHto5JpvYV8jRn1WgIAAACceyJvcmlnaW4iOiJodHRwczovL2dvb2dsZXRhZ3NlcnZpY2VzLmNvbTo0NDMiLCJmZWF0dXJlIjoiQ29udmVyc2lvbk1lYXN1cmVtZW50IiwiZXhwaXJ5IjoxNjM0MDgzMTk5LCJpc1N1YmRvbWFpbiI6dHJ1ZSwiaXNUaGlyZFBhcnR5Ijp0cnVlLCJ1c2FnZSI6InN1YnNldCJ9&quot;&gt;&lt;script src=&quot;https://securepubads.g.doubleclick.net/gpt/pubads_impl_2021110401.js&quot; id=&quot;gpt-impl-0.8384717354573112&quot; nonce=&quot;&quot;&gt;&lt;/script&gt;&lt;script src=&quot;https://ads.rubiconproject.com/prebid/10738_TWC.js&quot;&gt;&lt;/script&gt;&lt;script src=&quot;//cdn.adsafeprotected.com/iasPET.1.js&quot;&gt;&lt;/script&gt;&lt;script src=&quot;https://cdn.polyfill.io/v3/polyfill.min.js?features=default,fetch,Array.prototype.includes,Array.prototype.find,Array.prototype.findIndex,HTMLPictureElement,String.prototype.trim,IntersectionObserver,ResizeObserver,URLSearchParams&quot;&gt;&lt;/script&gt;&lt;script&gt;window.performance.mark(&quot;CLIENT_SIDE_START&quot;);&lt;/script&gt;&lt;script&gt;&#10;  (function(s,t,a,n){s[t]||(s[t]=a,n=s[a]=function(){n.q.push(arguments)},&#10;  n.q=[],n.v=2,n.l=Date.now())})(window,&quot;InstanaEumObject&quot;,&quot;ineum&quot;);&#10;&#10;  ineum(&apos;reportingUrl&apos;, &apos;https://eum-orange-saas.instana.io&apos;);&#10;  ineum(&apos;key&apos;, &apos;ZzccQeUzQQqisI2WN6oC0w&apos;);&#10;  ineum(&apos;trackSessions&apos;);&#10;&lt;/script&gt;&#10;&lt;script defer=&quot;&quot; crossorigin=&quot;anonymous&quot; src=&quot;https://eum.instana.io/eum.min.js&quot;&gt;&lt;/script&gt;&lt;script&gt;ineum(&apos;page&apos;, &apos;home&apos;);&lt;/script&gt;&#10;    &#10;                              &lt;script&gt;!function(e){var n=&quot;https://s.go-mpulse.net/boomerang/&quot;;if(&quot;False&quot;==&quot;True&quot;)e.BOOMR_config=e.BOOMR_config||{},e.BOOMR_config.PageParams=e.BOOMR_config.PageParams||{},e.BOOMR_config.PageParams.pci=!0,n=&quot;https://s2.go-mpulse.net/boomerang/&quot;;if(window.BOOMR_API_key=&quot;S83YR-ULSS7-PCGQM-QZZQF-582ZW&quot;,function(){function e(){if(!r){var e=document.createElement(&quot;script&quot;);e.id=&quot;boomr-scr-as&quot;,e.src=window.BOOMR.url,e.async=!0,o.appendChild(e),r=!0}}function t(e){r=!0;var n,t,a,i,d=document,O=window;if(window.BOOMR.snippetMethod=e?&quot;if&quot;:&quot;i&quot;,t=function(e,n){var t=d.createElement(&quot;script&quot;);t.id=n||&quot;boomr-if-as&quot;,t.src=window.BOOMR.url,BOOMR_lstart=(new Date).getTime(),e=e||d.body,e.appendChild(t)},!window.addEventListener&amp;&amp;window.attachEvent&amp;&amp;navigator.userAgent.match(/MSIE [67]\./))return window.BOOMR.snippetMethod=&quot;s&quot;,void t(o,&quot;boomr-async&quot;);a=document.createElement(&quot;IFRAME&quot;),a.src=&quot;about:blank&quot;,a.title=&quot;&quot;,a.role=&quot;presentation&quot;,a.loading=&quot;eager&quot;,i=(a.frameElement||a).style,i.width=0,i.height=0,i.border=0,i.display=&quot;none&quot;,o.appendChild(a);try{O=a.contentWindow,d=O.document.open()}catch(_){n=document.domain,a.src=&quot;javascript:var d=document.open();d.domain=&apos;&quot;+n+&quot;&apos;;void 0;&quot;,O=a.contentWindow,d=O.document.open()}if(n)d._boomrl=function(){this.domain=n,t()},d.write(&quot;&lt;bo&quot;+&quot;dy onload=&apos;document._boomrl();&apos;&gt;&quot;);else if(O._boomrl=function(){t()},O.addEventListener)O.addEventListener(&quot;load&quot;,O._boomrl,!1);else if(O.attachEvent)O.attachEvent(&quot;onload&quot;,O._boomrl);d.close()}function a(e){window.BOOMR_onload=e&amp;&amp;e.timeStamp||(new Date).getTime()}if(!window.BOOMR||!window.BOOMR.version&amp;&amp;!window.BOOMR.snippetExecuted){window.BOOMR=window.BOOMR||{},window.BOOMR.snippetStart=(new Date).getTime(),window.BOOMR.snippetExecuted=!0,window.BOOMR.snippetVersion=14,window.BOOMR.url=n+&quot;S83YR-ULSS7-PCGQM-QZZQF-582ZW&quot;;var i=document.currentScript||document.getElementsByTagName(&quot;script&quot;)[0],o=i.parentNode,r=!1,d=document.createElement(&quot;link&quot;);if(d.relList&amp;&amp;&quot;function&quot;==typeof d.relList.supports&amp;&amp;d.relList.supports(&quot;preload&quot;)&amp;&amp;&quot;as&quot;in d)window.BOOMR.snippetMethod=&quot;p&quot;,d.href=window.BOOMR.url,d.rel=&quot;preload&quot;,d.as=&quot;script&quot;,d.addEventListener(&quot;load&quot;,e),d.addEventListener(&quot;error&quot;,function(){t(!0)}),setTimeout(function(){if(!r)t(!0)},3e3),BOOMR_lstart=(new Date).getTime(),o.appendChild(d);else t(!1);if(window.addEventListener)window.addEventListener(&quot;load&quot;,a,!1);else if(window.attachEvent)window.attachEvent(&quot;onload&quot;,a)}}(),&quot;&quot;.length&gt;0)if(e&amp;&amp;&quot;performance&quot;in e&amp;&amp;e.performance&amp;&amp;&quot;function&quot;==typeof e.performance.setResourceTimingBufferSize)e.performance.setResourceTimingBufferSize();!function(){if(BOOMR=e.BOOMR||{},BOOMR.plugins=BOOMR.plugins||{},!BOOMR.plugins.AK){var n=&quot;&quot;==&quot;true&quot;?1:0,t=&quot;&quot;,a=&quot;vp6jslyccqloqymkilvq-f-b0a645029-clientnsv4-s.akamaihd.net&quot;,i=&quot;false&quot;==&quot;true&quot;?2:1,o={&quot;ak.v&quot;:&quot;32&quot;,&quot;ak.cp&quot;:&quot;784565&quot;,&quot;ak.ai&quot;:parseInt(&quot;194930&quot;,10),&quot;ak.ol&quot;:&quot;0&quot;,&quot;ak.cr&quot;:342,&quot;ak.ipv&quot;:4,&quot;ak.proto&quot;:&quot;h2&quot;,&quot;ak.rid&quot;:&quot;be2d8e5&quot;,&quot;ak.r&quot;:21682,&quot;ak.a2&quot;:n,&quot;ak.m&quot;:&quot;ksd&quot;,&quot;ak.n&quot;:&quot;essl&quot;,&quot;ak.bpcip&quot;:&quot;171.252.153.0&quot;,&quot;ak.cport&quot;:30928,&quot;ak.gh&quot;:&quot;2.20.132.52&quot;,&quot;ak.quicv&quot;:&quot;&quot;,&quot;ak.tlsv&quot;:&quot;tls1.3&quot;,&quot;ak.0rtt&quot;:&quot;&quot;,&quot;ak.csrc&quot;:&quot;-&quot;,&quot;ak.acc&quot;:&quot;&quot;,&quot;ak.t&quot;:&quot;1636451051&quot;,&quot;ak.ak&quot;:&quot;hOBiQwZUYzCg5VSAfCLimQ==YCamDIFniZx7LZ/YyaNm37xCE0rxJyDsP7TQKI6zUhA25QbB0nfPlq6QET5Nq5kKooVYk3BGD4OaasST1yi+gijrVIB59F1dIPgdYx+cabRdYZcV8dRVI4D7cVkeSAQeGvY15ESK0Ngf1m1YNqFPkh2FvKZUKYypLu643HP818cvuzSsBdblMeoXw5XX7Pt/cmKP3gyq4+vhFBMY+LJEmalMvhPX70lsSTr7bBWP2kB30mK6bztaeJ5MTnToQCKCEKlwvwG6k9wHkpesy53m6iBYndtn9rvJPP7inJVRlCQzQac5eT0GC/dPSGpvCF0P1tvI+3YO5ZCBdvHTNxd0tQJKVROtRD5CyjUZfiHylKwNXfW2HgPtcUrmc6obkgsjjJxNm+WUxDiEqmcJOmIyUUu6GmTR3OLBcdzq+ZB14co=&quot;,&quot;ak.pv&quot;:&quot;1335&quot;,&quot;ak.dpoabenc&quot;:&quot;&quot;,&quot;ak.tf&quot;:i};if(&quot;&quot;!==t)o[&quot;ak.ruds&quot;]=t;var r={i:!1,av:function(n){var t=&quot;http.initiator&quot;;if(n&amp;&amp;(!n[t]||&quot;spa_hard&quot;===n[t]))o[&quot;ak.feo&quot;]=void 0!==e.aFeoApplied?1:0,BOOMR.addVar(o)},rv:function(){var e=[&quot;ak.bpcip&quot;,&quot;ak.cport&quot;,&quot;ak.cr&quot;,&quot;ak.csrc&quot;,&quot;ak.gh&quot;,&quot;ak.ipv&quot;,&quot;ak.m&quot;,&quot;ak.n&quot;,&quot;ak.ol&quot;,&quot;ak.proto&quot;,&quot;ak.quicv&quot;,&quot;ak.tlsv&quot;,&quot;ak.0rtt&quot;,&quot;ak.r&quot;,&quot;ak.acc&quot;,&quot;ak.t&quot;,&quot;ak.tf&quot;];BOOMR.removeVar(e)}};BOOMR.plugins.AK={akVars:o,akDNSPreFetchDomain:a,init:function(){if(!r.i){var e=BOOMR.subscribe;e(&quot;before_beacon&quot;,r.av,null,null),e(&quot;onbeacon&quot;,r.rv,null,null),r.i=!0}return this},is_complete:function(){return!0}}}}()}(window);&lt;/script&gt;&lt;link href=&quot;https://s.go-mpulse.net/boomerang/S83YR-ULSS7-PCGQM-QZZQF-582ZW&quot; rel=&quot;preload&quot; as=&quot;script&quot;&gt;&lt;script id=&quot;boomr-scr-as&quot; src=&quot;https://s.go-mpulse.net/boomerang/S83YR-ULSS7-PCGQM-QZZQF-582ZW&quot; async=&quot;&quot;&gt;&lt;/script&gt;&lt;/head&gt;&lt;body&gt;&lt;div class=&quot;appWrapper DaybreakLargeScreen LargeScreen lightTheme DaybreakLargeScreen--appWrapper--O_upA gradients--default--3zN0l gradients--default-top--1EwzM&quot; id=&quot;appWrapper&quot;&gt;&lt;div class=&quot;region-meta&quot;&gt;&lt;div id=&quot;WxuHtmlHead-meta-&quot; class=&quot; removeIfEmpty&quot;&gt;&lt;/div&gt;&lt;div id=&quot;WxuNewsroom-meta-1869d024-e7ae-469b-8d1d-453aea8e6fe7&quot; class=&quot; removeIfEmpty&quot;&gt;&lt;/div&gt;&lt;/div&gt;&lt;div class=&quot;region-topAds regionTopAds DaybreakLargeScreen--regionTopAds--3wIMe&quot;&gt;&lt;div id=&quot;WxuAd-topAds-53dce052-5465-4609-a555-c3a20ab64ab0&quot; class=&quot; removeIfEmpty&quot;&gt;&lt;div class=&quot;adWrapper BaseAd--adWrapper--2qtTX BaseAd--card--1NlKb BaseAd--hide--3pG-e&quot;&gt;&lt;div class=&quot;adLabel&quot;&gt;Advertisement&lt;/div&gt;&lt;div id=&quot;WX_Hidden&quot; class=&quot;ad_module BaseAd--ad_module--yZlyg subs-undefined BaseAd--placeholder--31XQZ&quot;&gt;&lt;/div&gt;&lt;/div&gt;&lt;/div&gt;&lt;/div&gt;&lt;div class=&quot;region-header regionHeader gradients--default-top--1EwzM&quot; id=&quot;regionHeader&quot;&gt;&lt;div id=&quot;WxuHeaderLargeScreen-header-9944ec87-e4d4-4f18-b23e-ce4a3fd8a3ba&quot; class=&quot; removeIfEmpty&quot;&gt;&lt;header aria-label=&quot;Menu&quot; role=&quot;banner&quot; class=&quot;MainMenuHeader--MainMenuHeader--1T0Qd gradients--default-top--1EwzM&quot;&gt;&lt;div class=&quot;MainMenuHeader--wrapper--2ZR4A&quot;&gt;&lt;div class=&quot;MainMenuHeader--wrapperLeft--3YkPC&quot;&gt;&lt;a class=&quot;MainMenuHeader--accessibilityLink--2yANH Button--secondary--2gaC_&quot; href=&quot;#MainContent&quot; target=&quot;_self&quot;&gt;Skip to Main Content&lt;/a&gt;&lt;a class=&quot;MainMenuHeader--accessibilityLink--2yANH Button--secondary--2gaC_&quot; href=&quot;https://www.essentialaccessibility.com/the-weather-channel?utm_source=theweatherchannelhomepage&amp;amp;utm_medium=iconlarge&amp;amp;utm_term=eachannelpage&amp;amp;utm_content=header&amp;amp;utm_campaign=theweatherchannel&quot; target=&quot;_self&quot;&gt;Accessibility Help&lt;/a&gt;&lt;a class=&quot;Button--default--3zkvy Button--iconOnly--25rWi&quot; href=&quot;/&quot; target=&quot;_self&quot; aria-label=&quot;The Weather Company - Home&quot;&gt;&lt;svg set=&quot;nav&quot; name=&quot;twc-logo&quot; theme=&quot;light&quot; class=&quot;MainMenuHeader--twcLogo--1oRKo Icon--icon--3wCKh Icon--lightTheme--3NMAI&quot; data-testid=&quot;Icon&quot; aria-hidden=&quot;true&quot; role=&quot;img&quot; viewBox=&quot;0 0 24 24&quot;&gt;&lt;title&gt;The Weather Channel&lt;/title&gt;&lt;path d=&quot;M0 0h24v24H0V0zm2.0433 6.807v.657h.9629v3.2794h.8043V7.464h.9402l.1303-.657H2.0433zm3.0982-.0794c.034.119.0567.3908.0567.6627v3.3531h.7703V8.6647c.1699-.1529.4134-.2662.6003-.2662.2153 0 .2946.1076.2946.3965v1.9484h.742V8.7157c0-.3285-.017-.3738-.0737-.538-.0906-.2436-.3965-.4136-.7533-.4136-.2945 0-.623.1246-.8213.3116 0-.034.0114-.153.0114-.2436v-.5777c0-.2776-.017-.5494-.051-.708l-.776.1812zm5.1655 3.2455c-.2322.1926-.4758.2889-.7363.2889-.3908 0-.6117-.2549-.6117-.7024V9.537h1.6765v-.1756c0-.606-.119-.9969-.3851-1.2687-.187-.1926-.5041-.3059-.8383-.3059-.3852 0-.674.1246-.9119.3908-.2549.2832-.3625.6287-.3625 1.1498 0 .912.538 1.501 1.3707 1.501.4078 0 .759-.1303 1.0931-.4022l-.2945-.453zm-8.241 2.1964l.9402 3.9704h.9005l.323-1.6142c.1132-.5778.1925-1.1328.1925-1.1328.0057.034.051.5324.1869 1.1441l.3512 1.6029h.8666l.9515-3.9704h-.8326l-.3228 1.4952c-.068.3286-.204 1.1838-.2153 1.3084 0 0-.0963-.674-.1699-1.0421l-.3625-1.7615h-.8666l-.3512 1.5915c-.1189.5438-.1869 1.1045-.2039 1.2575 0 0-.0453-.5608-.2095-1.2971l-.3399-1.552H2.066zm7.0172 3.1661c-.2322.1926-.4758.289-.7363.289-.3908 0-.6117-.255-.6117-.7024v-.0227h1.6765v-.1756c0-.606-.119-.9968-.3851-1.2687-.187-.1926-.5041-.3059-.8383-.3059-.3851 0-.674.1246-.9119.3908-.2549.2832-.3625.6287-.3625 1.1498 0 .912.538 1.501 1.3707 1.501.4078 0 .759-.1303 1.0931-.4021l-.2945-.4532zm.742-1.7841l.3228.5437c.3115-.2095.5947-.3285.8383-.3285.2775 0 .3398.1076.3398.4305v.119c-.0792-.0058-.1132-.0058-.1699-.0058-.9232 0-1.3933.3172-1.3933.9969 0 .5777.3511.9063.9968.9063.238 0 .4418-.0567.5834-.1586.0567-.0397.068-.051.1756-.153.0737.1473.2323.2776.4078.3512l.4022-.4644c-.221-.1643-.2719-.2833-.2719-.5948v-.051l.017-.9742c0-.3115-.0113-.402-.051-.521-.1133-.3229-.4474-.5041-.9345-.5041-.2663 0-.5098.051-.793.1699-.204.0793-.2832.119-.4701.2379zm4.4009-.3512h-.6797c0-.2945.017-.606.0453-.8723l-.7703.1926c-.0283.2152-.0283.4078-.0283.691h-.2889v.4928h.2889v1.5973c0 .2661.0056.3228.051.4474.085.2549.3964.4248.7816.4248.1982 0 .3965-.0396.6174-.1303l-.0964-.453c-.1359.0396-.2038.0566-.2718.0566-.2606 0-.3285-.0963-.3285-.4645v-1.4783h.4871l.1926-.5041zm.2095-1.1101c.034.1189.0566.3908.0566.6626v3.3531h.7703v-2.0787c.17-.1529.4135-.2662.6004-.2662.2152 0 .2945.1077.2945.3965v1.9484h.742v-2.0277c0-.3285-.017-.3738-.0736-.538-.0907-.2436-.3965-.4135-.7533-.4135-.2946 0-.623.1246-.8213.3115 0-.034.0113-.153.0113-.2435v-.5778c0-.2775-.017-.5494-.051-.708l-.776.1813zm5.1654 3.2454c-.2322.1926-.4757.289-.7363.289-.3908 0-.6117-.255-.6117-.7024v-.0227h1.6765v-.1756c0-.606-.1189-.9968-.385-1.2687-.187-.1926-.5042-.3059-.8383-.3059-.3852 0-.674.1246-.912.3908-.2548.2832-.3625.6287-.3625 1.1498 0 .912.5381 1.501 1.3707 1.501.4078 0 .759-.1303 1.0932-.4021l-.2946-.4532zm.7817-2.0163c.0623.1642.1076.4587.1076.8495v1.9371h.759v-2.0503c.1415-.1643.2945-.2436.4644-.2436.085 0 .1472.017.2209.0567l.2096-.6684c-.119-.051-.17-.0623-.2833-.0623-.085 0-.1869.017-.2492.0453-.1415.068-.3228.221-.4304.3682-.0113-.1643-.051-.2945-.119-.4135l-.6796.1813zM4.9489 17.7585c-.2152-.1869-.606-.3115-.9968-.3115-.6344 0-1.2008.3399-1.5067.912-.1812.3398-.2662.7306-.2662 1.2233 0 .5778.1586 1.0536.4758 1.4104.3229.3682.742.5437 1.2857.5437.4475 0 .7817-.1132 1.0932-.3681l-.3625-.4985a3.6136 3.6136 0 0 1-.0793.0624c-.1926.1302-.3795.1925-.5947.1925-.3399 0-.6004-.1529-.759-.4418-.119-.2152-.1642-.5154-.1642-1.0535 0-.4588.068-.7873.2209-1.0138.1416-.2096.402-.3399.6683-.3399.2209 0 .4305.0737.6287.221l.3568-.5382zm.3908-.3058c.034.119.0566.3908.0566.6627v3.353h.7703v-2.0786c.17-.153.4135-.2662.6004-.2662.2152 0 .2945.1076.2945.3964v1.9485h.742v-2.0277c0-.3286-.017-.3739-.0736-.5381-.0906-.2436-.3965-.4135-.7533-.4135-.2946 0-.623.1246-.8213.3115 0-.034.0113-.153.0113-.2435v-.5778c0-.2775-.017-.5494-.051-.708l-.776.1813zm3.0755 1.4613l.3228.5437c.3115-.2095.5947-.3285.8383-.3285.2775 0 .3398.1077.3398.4305v.119c-.0793-.0057-.1133-.0057-.17-.0057-.9231 0-1.3932.3171-1.3932.9968 0 .5778.3511.9063.9968.9063.2379 0 .4418-.0567.5834-.1586.0566-.0397.068-.051.1756-.153.0736.1473.2322.2776.4078.3512l.4021-.4644c-.2209-.1643-.2718-.2832-.2718-.5947v-.051l.017-.9742c0-.3116-.0114-.4022-.051-.5211-.1133-.3229-.4475-.5041-.9346-.5041-.2662 0-.5097.051-.793.17-.2038.0792-.2831.1189-.47.2378zm2.8546-.2266c.068.1926.102.4305.102.6797v2.1014h.7589V19.418c.1756-.1586.3738-.2606.5267-.2606.1983 0 .255.0963.255.4248v1.8862h.7476V19.35c0-.1812-.017-.3058-.0567-.4134-.0906-.2493-.3738-.4192-.6966-.4192-.17 0-.3682.0453-.5211.1246-.1246.068-.1586.0907-.3342.2152 0-.1189-.0397-.2435-.1076-.3624l-.674.1925zm3.0188 0c.068.1926.102.4305.102.6797v2.1014h.759V19.418c.1755-.1586.3737-.2606.5267-.2606.1982 0 .2549.0963.2549.4248v1.8862h.7476V19.35c0-.1812-.017-.3058-.0566-.4134-.0906-.2493-.3739-.4192-.6967-.4192-.17 0-.3681.0453-.521.1246-.1247.068-.1587.0907-.3342.2152 0-.1189-.0397-.2435-.1077-.3624l-.674.1925zm5.0806 2.0108c-.2323.1925-.4758.2888-.7364.2888-.3908 0-.6117-.2548-.6117-.7023v-.0226h1.6766v-.1757c0-.606-.119-.9968-.3852-1.2687-.1869-.1926-.504-.3058-.8382-.3058-.3852 0-.674.1246-.912.3908-.2548.2832-.3625.6287-.3625 1.1497 0 .912.5381 1.501 1.3707 1.501.4078 0 .759-.1302 1.0932-.4021l-.2945-.4531zm1.5859-3.421l-.776.1755c.0283.2605.0397.4927.0397.8722v2.1637c0 .4135.0113.504.068.6513.0905.2436.3511.3965.674.3965.1642 0 .3228-.0283.453-.0792l-.1302-.4532c-.0396.0113-.0566.0113-.085.0113-.0623 0-.1246-.0283-.1529-.0792-.0453-.0793-.051-.1473-.051-.6458v-2.2599c0-.4078-.0113-.5947-.0396-.7533zM8.9703 8.9818h.878v-.034c0-.2152-.0227-.3285-.0907-.4361-.0736-.1133-.1813-.17-.3342-.17-.2888 0-.453.2266-.453.6288v.0113zm-1.2238 5.3625h.878v-.034c0-.2152-.0227-.3285-.0907-.436-.0736-.1134-.1812-.17-.3342-.17-.2888 0-.4531.2266-.4531.6287v.0113zm3.5683.4928h-.034c-.5267 0-.708.0963-.708.4418 0 .2265.1416.3795.3342.3795.1416 0 .2832-.0737.3965-.1983l.0113-.623zm6.9495-.4928h.878v-.034c0-.2152-.0227-.3285-.0907-.436-.0736-.1134-.1812-.17-.3341-.17-.2889 0-.4532.2266-.4532.6287v.0113zm-8.3595 5.8553h-.034c-.5268 0-.708.0963-.708.4418 0 .2266.1416.3795.3342.3795.1416 0 .2832-.0736.3965-.1982l.0113-.623zm8.1277-.4927h.8779v-.034c0-.2153-.0227-.3285-.0906-.4361-.0737-.1133-.1813-.17-.3342-.17-.2889 0-.4531.2266-.4531.6287v.0114z&quot; fill=&quot;currentColor&quot; fill-rule=&quot;evenodd&quot;&gt;&lt;/path&gt;&lt;/svg&gt;&lt;/a&gt;&lt;div&gt;&lt;img class=&quot;MainMenuHeader--ibmLogo--3mcYE&quot; alt=&quot;An IBM Business&quot; width=&quot;130&quot; height=&quot;23&quot; src=&quot;data:image/png;base64,iVBORw0KGgoAAAANSUhEUgAAAeAAAABYCAYAAAAtOiQ5AAAAAXNSR0IArs4c6QAAGwJJREFUeAHtnQe4JUWVxxmRYCAIg2QGGCQsaQhmsqsMiLrAGjHDAgbYXQVkXWVhUQnKyrqKIohLWjEBSlhBFkQkuAxgQIbkMOQhgyBJmPH3f9x+X72a6r7dfUPfe9//fN953XXqnFNV/+qufPstsojJCBgBI2AEjIARMAJGwAgYASNgBIyAETACRsAIGAEjYASMgBEwAkbACBgBI2AEjIARMAJGwAgYASNgBIyAETACRsAIGAEjYASMgBEwAkbACBgBI2AEjIARMAJGwAgYASNgBIyAETACRsAIGAEjYASMgBEwAkbACBgBI2AEjIARMAJGwAgYASNgBIyAETACRsAIGAEjYASMgBEwAkbACBgBI2AEjIARMAJGwAgYASNgBIyAETACRsAIGAEjYASMgBEwAkbACBgBI2AEjIARMAJGwAgYASNgBIyAEJhiGIyAETACRqAaAgsWLFgMi43gV8C3Tpky5Y5qHqxtBIyAETACRsAIVEKAzvcV8K1wRvO5+VIlJ1Y2AkbACBgBI2AEqiFAZ7tv1vMG1ye4f1k1T9ae7Ai8uJcA8EB+Gf9rJdKYw5LNQQn5pBeB2VGAML1DIOaB7yfb+SCtl6Pz3+30SsY/iN4N8B90Jf17S9rlqpXI33yM9yatR3OdVIwgTS0tngS/pMB0H9J8qCC+4yjyoffjNR06ehz7G1s8m6veu+c69GnzRRbZKQGCOt+t4Z8l4iwyAv1FgAZkBfh5OEXPIVy+vzkajtTAZVYKsIqyP5YpLT6Xq+i3ivpdKP9dmXzk6ZTM38F59nXkpPn+EoVcrY7vKjbk4ewS+aiq8jgG+8EvqpIX605EAPxOyQH+DRM1HTICxQj08kV8G0nn+V+UOMWbRheBVSnaWTRUp8HL9bCY/4j/Jbro/8Au+ho0V1rx+Br8SzBbf9AyN0T5OSOR19uRXZmQW2QEchHI6yBzDSpEtJv97FrBl1WHF4E9yPrvafCn9qgIK+H3g93wTR53xM8m3fA14D7eSP5+Q3k3HPB8Dmr2LiBjx8Jz4cfgWfC+LO8v4GoyAqUR6MnPkHixtR+iPcElg5w8wP0KQfgp7qfy0D4ZyCb9LdjpZd6iQyC019d2H5m0NDPt6V5mUI6vk6f9gnDb2wr5uxlnG+Bfe8K1ifT+D+MdSjhYnbTuKqFXW4W8nI3xOyIHdxO+P5LlBXW+Yxq8dJ4C8gsox8yCeEcZASPQQwR6dQhLM4mw89UocQasBiQjHXKR3lmZwNcxBH7L36cjLF5J+FWRLAvO4ebeLNC6hjhHUY0FdXJUnfBNPcjBuvjUisuZdX2TNw16ynS+dZPoht3R4Kcl5NJEuVZE+cPwIfBL4ZB2JH4mPn1wKETF90agTwj0qgNWYxjSZbzk9/Cy6yTmBkGElqHdAQeAgNOeQXDsFtzez82psbwV/io2X8+J60R8NcafL+FAqyja79Vy5l7wUnCK9KwdBcfPRkq3jkynhmt3wNiO5N4vz8Z9lO0onqEfc/0NrNWpkI4hTjNhL5+GqPjeCAwjArzML4YfgkP6lMqC4BuhkHvp9WoQMIzwJfMMRkUncz+ZNCohxG/RKejzS7iYoIK/VeHr4Dz6CxGl6xvdovyl0th2QoZKBnC0FqyT+WWpqVPQ+5csUlKNwh2cU0ANoExGwAj0GYFeHMLSb+G0txjSJa1Ads3ipLdNFvB1uBFgFqWl733hvNmUOt9pPSzlZ2r61gBx0Zq2w2T2zZzMTs+RW2wEjEAPEehFBxwvMT5C/rWvKboUjhtnLUObRgQBOuFfU5TrC4qzTkFclaj4OZLtTszwNq7k5IXfo380YXNPQjbUIurmMQqgw5AxuQOOEXHYCPQBgX50wL/gxR87ncpVL//vo3LFJz2jaAeHEIGiD4F0q7FfBVz+nMBGe8FV6BMox4eTnkC2IZzq5Kv4HkTdVN10q04GsbzOkxEYWARK78eVKQGzj83QWyPSPS8Kn0N4k0C2OnZb0DlfE8hq3eJn8chwPn4X+vQeem9GT1+tWbPF+mmHDqhcJ8ZGB1dM9RG4q8B07YK4KlE6/HUavE9k9B7q91+pwzsi+UJB9F6CMLWHLr8ipTFqlBq0VOqAwU0D97jteA7MxwbaVQDD12LohzgvwM9fqvgIdfGn50uDJ13XgrXloV8V6JcCYq3GXUwaC7ULyEsT6ZRqa4oclvWBXmPtFWkvTRneBGtrcWVYv8hQnanNFF8Nnw+eXW8zSbsvdUn+J1BT6U7IRJ0AGT8MDkn/JUQfShgnwq8OFVr3h48r1LzBz9oJvxeG7oifCV+d0AtF+nzmIbAamYEg8jIUh7AysMjvf8J59IVMr90VB0WHsNYnfuOcRI5t51vx2H4sx34T5NNy4iQeykNYrTJflCjXGWXwynSwPyDhQ3v/lQk/d0e+nqrsBAN86Hn4Pqw2px09gMI3YXXQlQm7tm1NO6dlfKDTWHtF2uvBP4KfhduRML8Y7vT7BWOw4advdRnWUxPpdruTifd/ZzEymhcWknt9aCL+3WrP94EB912kq9n4lnARCZPD4POxmVqk6LhaCNxey2pho2V4trSdcdnCUYvsRd3FBwEnqBGvetbhq5iuwO/vEC4TR4xIOPXOPzysZaMeF4NPIv86d6B3fEqJsui91oBBX2jTIKyMTQm33VMhT420V6S7KHwMJRGeu8Oa7bYj4bc9rMmNBjbx6kg7+7F47Bqpy6bSVaFTL2MpsGIlCrE2snBpWSrnxno0btpX0zJ0SBtiv04o6OY9vrfF36lwlfLuiP7l2NZ6mLqZ/yH09bKCPM8tiKsStWxL+RsJI6X/iYQ8FO1GIPXMZSeFR7UDTv3k6K4QmCG7/wL5/Qi8aI186zk5Dv4f3vMqbUONpMqbNNVeke6S5PJHsAamddo9dcQa2GglokzHjeoEaqoum0q3FsgTEAsCqcNUC3XALf2fct07sNWtZs9fiWTdCh6No2zPRns/t8I3wCvAGjTkNbbrEvcB+LuwqTwC0wtUhX03KKuzM3GmVZYJWx2E96MR+AoDvrwlzQMTmXgQ2Q9b8sx/Qm04ReChTmqtRO4vT8gGXkR53kImU/X4LPLz4FvgufBS8JqwlkhfA8f0HgSq+/3iiIbCTbVXZ1DeVDv+JHLtnWtlSKzwjBZvzlX4hrQbgW/Be4bCovum6rKpdIuwqBVHQS6FQ7orzxFKS8L6B9YhddQI4Ci5L4N8m1Yi+ujHPnDWEY9lj/AUWPsd+g8xKboFYZ3RdV7xK8tJf2j2gMnrEvD9cIouqlJ4HBTtAf9D5gu9f08lhmyPTCe8Ip+Ro6+Gb4xkm6Mj8WqZXq+upJH6d4T7d5IePl+vzEekfxupmU9pQr/xPWDy8FJ4HhzTOQhSg4yx8hGnutfeZkxPItCAuy2hl2xr2hoGCnk+kDfSXpHuR+EUXYhQh6+SRNxU+OcpQ2Q7JI0iIXqN1GVT6UbF7zxIQVQJ8ZeEji/yjP6ZcEg6/LRikU1RHLapl+Je5LNhDQ6075NLxOsLXsfCKUo25LnOuhxBhoapA8772pJw3b4KNOgXdcCfznyhtwr8DBzT+ZlOeEXpy7EiYT2/4w039/smdDLR0HXAZFwDzauyAgRXrfBUImwHoQN+W1CG7PZGbkoNJtDT3q++zCZ6FNYp31KEbqqtmXDgs52jHB+NtFfkZWX4MTgktcefhqeUKIv2jY8MjVv3N3NtO3lBp5G6bCrddnhWjqcgH4FjeluRI5Q/HBsQHp/VFNmm4rBNvRRK4mG4VIOJ3otgPTQx/SyVZr9kZGbgO2DyqJnvoXCqI0S84H+r4oVNUQd8QOgP3ROUSERqYLXNME6EVcea9cV02rgSN0R+PFYIwqWep9Bf1XvS6toMGF/LwycH+c9u1SG3bWDjvGMzCB1w6qR9pcOclGMfWJ3epnEZi8Lop9qabnTAuO5/e0Waem9jOqUIg1QcDq6NnRDeOaUbytBppC6bSjcs+4vDQAf38eln7btd1Maf9mj0u8Hw8INeoBPa2FWNPoB9wNzl8NAZejpOfwQynaoMabMwMEnu9XOxMo2KGvBV4enwhOX9AKeTud87CPfi9iicfgQOR9x6vt8Nfx3OSAfylN+QdDBQ9T7otDl1ov3KMiQcpsFaVtVgeDk4pF8ReH/rUGQoH5b7NRIZvTYhyxVR9uPB84dcH85V6n9EX9sryq/nZK+omH8h/G+RrEzwSJS+Hyl+iHByJSrQa6oum0o3KHqHt1Sg1u+1fxJS3uGrCalhcFloxP3TcLyhP8EmL4BdalQq96vk2aTk6OsofFwe+Vkppd8PGWk3MQNWmTuhZzH+BbxPXYywLT0DVhrofw+O6cowfSJPjBUInxXqtHwN4gw4kfXKIq3waJsgHPjGxS8MYzsIM+BfRSXXykvl2XxhQXMiSSfV1pQZrI57zPGhIvW1vSK9XZRoROGAdTzP7W7wodWlWyJfTxF+eZEt8Y3UZVPphljUfgkDJztyry8KhVSqA8bgp6ER90vAO0WyToL3M7q9p4oD9DX6uzNhMzUhsyiNwNcQLweW28GFZwHS5rWlGoHH9DpetLUl5KrnS79tjOmLsWAEw/Mo0xrUx7rwkfD8IS/jI1H+tfqydCQbtmAT7dW2CZDazVgTJvwA+4Vn6tIoUnvy7VYQm6rLptIdh6gbHXC8/CzndTtg2Vbax5FBAd1QEFcUdUcicpmEzKI0Au9FfCodnmZa28N9mZnQAPyWdLW1EdP7WgLtRy0bRV6I3axINopBreBo9quPJegQWozDsJV5diLDGyRkwyRqor16dQKgOQlZWVFq8tKuA26qLptKdxzLjjpgXmLtse0y7u2Fm9/QoN0VyZJB9G4i4uYocmf8ajTbDdJstg6lOuBaS+N1Eh8BGx180sDsCPhiuJ9fFfsS6cW0R0uQXcP4lH4YP0r3mo1sCR8A38h7lg1MhrGMNyYyfVhCNkyivrZX1L/af/02OqQFBOaGgor3qbZzRhsfTdVlU+mOw9FRB4yXreD4cEfZ2W+WiZ9kN62rlpG2j2T9Dj6ZSLAvs7hEuqMgmkkhruOFf32vC8Og7grS+GWUzvqk/UFk8WDxcvQvjXQHOXg4mZtegf8G3bfD6nCvgUNakcDp4HJUKByi+7g8yvpbKM+34WGf3Vethrrt1RokFO/P3ss78XTVDAT6qRnwekF86rapumwq3XEMOu2ANcuJ6ZxY0CYc7wNLvZvL0G2Sd3QOApq5rlySdXBkc1hLz5fAKdJPd35K49iPpfzUrPZk0tcecEgpvTB+0O4fpHGcU4Fno3sOfAwFeS38Kfi5qFAHUSfvjmQDH6RM2m44MZFR/ZRRS+3fgt8Jr5TQsegFBF6RAOJ+MNNhqlqMv3hfVUkU7s03VZdNpRti3u0O+D6cXx0mUOL+SnQejPTezgPgGWcESp+Dz/CAzivJGjXr3zieAe9APj+fk9epyD+XE9c1MXm4AGfXtnGo/J7fRmdkoinr8/BXKdBxiULpIwqLJ+SDLtLM/u5EJrUFsg/8A1i/870PvhDWmYSNE/qTVZRaKdBy8fMd8KwEmIUdcEu/qbpsKt2xYmsPtxbxIKuipkXGzxLWyDMStw3GSx6aeWnEflVbSysMIgJHkCnNqjZKZG5/no9v0hnMScR1U6Q8ZN91TvlV/GSkwyi0vn4Vzn7WJLwbfAY8NMQzpK83abXsFHj9goy/krg3t/gIbHRGRYOvY/Exm+tkpX6sRgnbtuk0VZdNpZs9cJ3MgFPLz6vjeO8arOXJmFL+Yx2HBxABHmqNoE/KyZpmWuoAek1nksBNOYlI/uOcuJEWUzcPU8ArE4Vs+8WihE3jIsqjFbdN4UPgeCCflz+1N2qndC7hQHjRPMURl8f7v70qbql0mqrLptIV2LVnwNj2uoPUyPZgZdI0lAj8sSDXPf+5CC+Vvmp2JHn4biIfo/A72ESxSotSqw/blrYeMEXqWitvh1Pf3+H6Vngm/Ca43cxrCXSOhnfF9m/x8yT3k4meSBT2T8guS8g7Ec0va9xUXTaVbq0OmId1LQDVqLOXtC7pbAAwk3mJqJf49tr37QUJFC0XFphVjjodCy25rhFYKl+nBeHJeJvqgLXtM9REW3EPBThBTNuhtu01sH5mswn8enhDOEWK09mEz6YiR1j2aKJsfwTHXRLyvoqaqst+p1urA6Ym3pGojcuR3ZKQlxXp5Yh/FK5ZtjvgsggOlt4zBdnR4IpnfUrlwwIFPheKwr/+GcNXiPhaEHk08ueC8GS8fTxRaH2CdVmwSTXKCfXBFrXq+ApyKR4jyrcmN++ED4HjZVF9XvNU7CZTe5Oq6ylgM1DUVF32I926HbA6xpj2JcPXx8KyYR7+bdC9NNLXMvRkPSwTQTFSQS39LQZr6bDXdCIJaHajgzjz4JNgUxoB7d2PLNE+zaVw+grY2Vx/Bq8NZ6Tn8WPw/plgElxTHfCKw1Dupuqy2+lWPoTFwzuVCtoqqqS5nXS+LV8aqT4S+d2S9FaNZA4OBwJFg7u7eV760fnq+7RPAdexLcj+g3DZgzrDgXK9XKZmOQ+ATWpmnEphfkL4soRsIEWUUyt1+vlJTOvFghEP30H54jrX/wZ+ybCUu6m67Fa6lTtgKkb7A/GpwfM6rTAKpGVBjUpDUkORWu4OdXw/mAisXpCtWwviehF1HE5vg7/VC+dD6DM1yyk6NBcXMXV4p6i+Y/swvHgY6Nc97c1ZpPVglN66UXikg2CggVTqa1DhysDAY9BUXXYj3TodcGr5+dwu1VLKj5ahTcOHQNFLXKWx77jkvCiP4USnXOPRfse+h9TB9ES+q9SJ8IxpjVjQLsxMS9sCU9vp9TBeg7KQVgsDk+T+/xPlLHp3E+oTRdTry2FtM/WTmqrLjtKt1AED6ktB9C0Rqn8mfEkkqxvUDPj5yHhb0l02kjk4+Ai8qyCL/Z4Bayl6TkF+JlvUOokCV+mAH0jYp3wm1CaINpsQqhGgbVilhllmsiC7aV1vj8KTIRifu1GZ9VGWTuhQjK+ibiot6TdVl02lK4ArdcDoq/ON9wcuonErOvGqdEoRfvSRgCsiZR2OeGskc3CAEeCB3oPsbVOQxasL4hzVQwSomy1x/8ZEEr9LyPJEKd2N8a2f81Shnaooh7qkpW8V6ze8+q9OG4VxZe5lj15sd0MZ2xHTuYDy3BmV6YPgU+uTndi9Cl/7wTPgawh/mGshqS7gvtdlU+mGYFTtgHu5/Jzly8vQGRJDdOVhXgreAv422T61IOtXMdC6uCDeUT1CQA0Orr8Kx4ewbkZ2dtlkqT/tnd6R0P9cQpYUkZetiVBDXZmwXQqjn8AHwrrXP/nQcnYVei3KWtELadJ1wNSlVhxPDEHgXs/JUZGsbZA6WAYlvfuLt5R1MO+Ylrwlmnhpqi6bSndi6St8CYsML4rxLpEDLeF0fAAr8qkOOK78maS/JA/LyJ9gpZzvo/xxY6JZSx7pH97HJ44fA6vv5hmUlOtfu5XdM1WDrpetDB1SRsk63UWAutRs7wT4dQnPh7Ya4kRUrugUYuIOV//L+5/wdWyuFRHo6EMssr8S3hyOV9UQFdLpxIZt0VqEf43f3Uj7ukJLItFTx3tSQu/6hGwyiI6nkP8MLxsUdidwkvxTYKptxkJCdyoKF8LxtsLB2D9WYNxUXTaVbgEUBVEAvC0c06wCk9pRJDInTohw+MIt5Jv4tRM2eiAqE37+K+Gr9nJZlQyQ7qxE2lVFpfbzcLpcVccd6v+yIhZF+Tugiq+qupTz4wVlXa2qv6r6pH12Iv1zkX22Ah+Grv7n79Xws3CKrkeoGU8lwmZ5+PGUQ2Q/gteMHSJTfeqfISgvT8MrwXfDIelnY4WE8gbwI6FR6/5JrsJHnUGSiNsUvgSOaTaCUgeH0Ou4remGj6yA+Oq4vcKHlp1TdCvC7eDkM4L8lfCh8ANwTFcgiFdbsmyPXYlvpC6bSndC4QnEM6c4Pgz3Y/k5S0+z6k9mgdZ1V67nRjIHhwcBrV5oydBUHwGdhRB3i+bj6CBmKLpWImweohE7DqODEoa7I9ud+Ee5/hZ+Bt4QXhXO6Dv4mIdOFi59xU6d5d9joEObYRummfQX4c8Tr7biJngurE5Ah8Q2gvWd6LgzUfn3xK/yOSmJsp8CZm+n8Kq7kKYTuAR+ivjZXH8Pa0Y7rcUbcE0NXO5E/iH8FlZwU3XZVLpgUo8A/zY4pi3reSu2IpEd44QIj/2j6DxL4jselWa+8dXxiDLzVfVK2qM4A9ZsJz493xYabDwDBoQe0fP4/UDbSihQwF6zn4dr5O8+bNSAazm48gw4yxK2aifkq1MqXDLP0suuJNZxW9MNH0F+utJekafF4e/DndINOFg9y1+ZK/pN1WUj6WaYxCPBTD7hCjibIlhzgvCFz/pdE8m6FfwFjp6InK1AOHV6M1JzcMAQ0D7fFow4a20HDFhZRiU7Omy0HXWiAzO1Cfv7MdYg/NoKTv6E7kxsb69gk1TFxwVEqG2q+2ypjfkMnJrFI55cBJ7PUuL3wkfCuq9DqpOt8aUZcGlqqi6bSjcDplQHjHJq+fk8Ml+4vJAlUvWKXy0FXZSwS+UjoWZRgwjop2RaptLJyjfBW1Gff+Bqag4BdXpaPtTBE71DM6iTy7h2TPiZg5M3wMe3caa24iewGue2B6Xa+BqPxpe+761l5Z3hH8NlOg7lRYOPdbHXP+coY4P66BNYzIf/hZJqafl7sNridqST1D+At8RWg6uH2hmk4rFrpC6bSlcYFG6Qp0CyzAgYASOQQoCVslWQz4A3a121JzsXvg3+OQ1d6vfDRHWPyMNUvKlDngZrGVSsDuLmFt/C9Ubyci9XUxsEwFMnxreHt4ZXhrUSqX5DA6+MrwXPjlc08DeBmqrLptKdUHgHjIARMAJGwAgYASNgBIyAETACRsAIGAEjYASMgBEwAkbACBgBI2AEjIARMAJGwAgYASNgBIyAETACRsAIGAEjYASMgBEwAkbACBgBI2AEjIARMAJGwAgYASNgBIyAETACRsAIGAEjYASMgBEwAkbACBgBI2AEjIARMAJGwAgYASNgBIyAETACRsAIGAEjYASMgBEwAkbACBgBI2AEjIARMAJGwAgYASNgBIyAETACRsAIGAEjYASMgBEwAkbACBgBI2AEjIARMAJGwAgYASNgBIyAETACRsAIGAEjYASMgBEwAkbACBgBI2AEjIARMAJGwAgYASNgBIyAETAC3UDgr20d1JWzO2NHAAAAAElFTkSuQmCC&quot; data-testid=&quot;IBMLogo&quot;&gt;&lt;/div&gt;&lt;/div&gt;&lt;div class=&quot;MainMenuHeader--wrapperRight--1doyc&quot;&gt;&lt;div data-testid=&quot;Search&quot; class=&quot;Search--Search--1e_6v&quot; role=&quot;search&quot;&gt;&lt;div class=&quot;SearchCombobox--Combobox--2bl2b&quot;&gt;&lt;div class=&quot;SearchInput--SearchInput--ce1vD SearchInput--enableSearchIcon--1PPc1&quot; role=&quot;combobox&quot; aria-owns=&quot;LocationSearch_listbox&quot; aria-expanded=&quot;false&quot; aria-haspopup=&quot;listbox&quot; aria-label=&quot;searchInput&quot;&gt;&lt;p id=&quot;SearchAccessibleHint&quot; class=&quot;Accessibility--visuallyHidden--2uGW3&quot;&gt;Type at least three characters to start auto complete. Recently searched locations will be displayed if there is no search query. The first option will be automatically selected. Use up and down arrows to change selection. Use escape to clear.&lt;/p&gt;&lt;label class=&quot;Accessibility--visuallyHidden--2uGW3&quot; for=&quot;LocationSearch_input&quot;&gt;Search City or Zip Code&lt;/label&gt;&lt;input type=&quot;text&quot; role=&quot;textbox&quot; id=&quot;LocationSearch_input&quot; data-testid=&quot;searchModalInputBox&quot; class=&quot;SearchInput--InputField--73wGA Search--inputClass--2Grs8&quot; placeholder=&quot;Search City or Zip Code&quot; value=&quot;&quot; disabled=&quot;&quot; autocomplete=&quot;off&quot; autocapitalize=&quot;off&quot; aria-describedby=&quot;SearchAccessibleHint&quot; aria-autocomplete=&quot;list&quot; aria-controls=&quot;LocationSearch_listbox&quot; aria-multiline=&quot;false&quot;&gt;&lt;svg set=&quot;ui&quot; name=&quot;location&quot; class=&quot;SearchInput--searchIcon--1_HVj Icon--icon--3wCKh Icon--lightTheme--3NMAI&quot; theme=&quot;light&quot; data-testid=&quot;Icon&quot; aria-hidden=&quot;true&quot; role=&quot;img&quot; viewBox=&quot;0 0 20 20&quot;&gt;&lt;title&gt;Search&lt;/title&gt;&lt;path d=&quot;M11.493 3.54c-2.284 0-4.142 1.866-4.142 4.16s1.858 4.16 4.142 4.16c2.284 0 4.142-1.866 4.142-4.16s-1.858-4.16-4.142-4.16zM7.026 11.72c-0.954-1.068-1.541-2.475-1.541-4.020 0-3.327 2.695-6.033 6.007-6.033s6.007 2.707 6.007 6.033c0 3.327-2.695 6.033-6.007 6.033-1.103 0-2.133-0.305-3.022-0.828l-4.327 5.099c-0.185 0.217-0.447 0.329-0.71 0.329-0.215 0-0.43-0.073-0.605-0.224-0.392-0.336-0.438-0.927-0.104-1.32l4.303-5.069z&quot;&gt;&lt;/path&gt;&lt;/svg&gt;&lt;/div&gt;&lt;div role=&quot;alert&quot; class=&quot;SearchResults--SearchResults--LUsso SearchResults--roundedCorners--1Qz8- SearchResults--shadow--c3ZQy&quot;&gt;&lt;div class=&quot;RecentLocationTitle--RecentLocationTitle--3wSzC&quot;&gt;&lt;h2 data-testid=&quot;recentLocTitle&quot; class=&quot;RecentLocationTitle--RecentLocationTitleText--1CK3j&quot;&gt;Recent Locations&lt;/h2&gt;&lt;/div&gt;&lt;div class=&quot;SearchResults--NoResults--3q1Yh&quot;&gt;You have no recent locations&lt;/div&gt;&lt;/div&gt;&lt;/div&gt;&lt;/div&gt;&lt;div data-testid=&quot;languageSelectorSection&quot; class=&quot;LanguageSelector--LanguageSelector--2-lpw&quot;&gt;&lt;button data-testid=&quot;ctaButton&quot; class=&quot;Button--default--3zkvy&quot; type=&quot;button&quot; aria-haspopup=&quot;menu&quot; aria-expanded=&quot;false&quot; aria-label=&quot;Open Localization Menu: US °F&quot;&gt;&lt;div class=&quot;LanguageSelector--menuButtonInner--1PGXt&quot;&gt;&lt;svg set=&quot;ui&quot; name=&quot;globe&quot; class=&quot;LanguageSelector--globeIcon--7F9Pf Icon--icon--3wCKh Icon--lightTheme--3NMAI&quot; theme=&quot;light&quot; data-testid=&quot;Icon&quot; aria-hidden=&quot;true&quot; role=&quot;img&quot; viewBox=&quot;0 0 24 24&quot;&gt;&lt;title&gt;Globe&lt;/title&gt;&lt;path d=&quot;M14.227 8.016h-.141c-.047-.023-.352.305-.352.305s-.234.094-.258.141c0 .047-.07 0-.023.07.023.07.164.023.234-.07.094-.07.258-.117.328-.164.07-.07.094-.047.234-.117.141-.047.234-.07.188-.141-.023-.023-.07-.023-.117-.023h-.117zm-1.243-.375c-.117 0-.258.047-.328.164-.047.117 0 .305-.023.398s-.047.305.07.328c.141.023.141-.188.117-.234s-.023-.281.047-.328c.047-.047.117-.164.258-.164.141-.023.258.094.234.211s.023.234.07.234.211-.094.164-.164.047-.352.047-.258.117.164.188.141-.07-.258-.164-.258c-.094-.023-.281-.023-.328 0-.023 0-.094 0-.164-.023s-.141-.023-.188-.023h-.023zm-.679-.305c-.164.07-.234.047-.234.141 0 .07.141.07.211.047a.708.708 0 01.258-.07c.047-.023.023.07.141.07s.281.047.305.023.164-.164.047-.188c-.094-.023-.234-.117-.328-.188-.023-.023-.023-.023-.047-.023-.094 0-.234.141-.398.188zM6.68 7.242c.07.047.211.047.211.117s.047.234.117.211.07-.164.023-.211-.258-.211-.305-.211-.117-.07-.164-.094h-.023c-.07 0 .07.164.117.211zM2.953 5.555c-.141.094-.211.047-.281.117s-.281.141-.211-.023.07-.188-.047-.141-.141.141-.141.211-.188.164-.188.164.164.023.234 0 .023.141-.047.188-.164.141-.281.117-.117-.117-.188-.141c-.047 0-.094.023-.188.07A11.924 11.924 0 00.045 12c0 6.563 5.344 11.93 11.93 11.906.984 0 1.945-.141 2.859-.375a.174.174 0 01-.117-.211c.047-.141-.07-.141-.141-.211-.07-.094.094-.141.07-.188s-.141-.023-.164-.117.094-.258.117-.281c0-.047-.094-.141-.117-.188 0-.047.047-.117.164-.234.094-.094.164-.234.164-.281s-.07-.164-.07-.281c0-.094.07-.141.094-.305 0-.141-.094-.117-.094-.211 0-.117.141-.07.117-.211-.023-.117.07-.211.117-.281s.07-.211.141-.305c.047-.094-.047-.305-.047-.352s.164-.094.094-.188c-.094-.07.023-.141.117-.211.07-.07-.023-.258.047-.516.047-.234.07-.656.07-.703s0-.211-.047-.305c-.07-.117-.141-.188-.234-.234s-.211-.164-.281-.188c-.07 0-.398-.117-.398-.328 0-.188-.234-.328-.258-.469s-.211-.422-.234-.563c0-.117-.305-.164-.328-.328-.047-.164.141-.258.164-.352s-.094-.305-.117-.375c0-.047.211-.258.281-.305s.141-.211.188-.211.047-.141.094-.305c.047-.141-.023-.352-.07-.375s-.094-.188-.141-.258c-.07-.047-.188-.023-.188-.023s.023.141-.094.188c-.141.047-.164-.023-.188-.047-.047-.047-.188-.047-.258-.117s-.164-.164-.258-.188c-.07-.047-.211-.07-.188-.234 0-.164-.164-.258-.234-.281-.047-.023-.164-.094-.234-.047-.047.023-.094 0-.141-.023s-.094-.047-.141-.047c-.094 0-.281-.164-.352-.234s-.117-.164-.234-.164-.141.047-.211.141c-.094.094-.211-.07-.234-.117-.047-.047-.141-.047-.281-.047-.164 0-.258-.211-.305-.234l-.516-.258c-.094-.047-.188-.258-.141-.305s-.07-.234-.07-.234-.188-.211-.258-.211-.281-.375-.398-.492-.398-.352-.445-.469-.07-.305-.188-.211c-.141.094-.023.188.117.305s.117.211.305.352.117.305.188.352c.07.07.352.234.234.328-.117.117-.234-.141-.305-.141-.047-.023-.164-.047-.164-.117.023-.07-.094-.141-.188-.258s-.141-.047-.258-.047 0-.141.047-.211c.07-.07-.07-.164-.141-.188s-.188-.328-.305-.516-.188-.281-.305-.258-.164-.141-.258-.188c-.07-.047-.211-.305-.328-.445-.141-.141-.258-.398-.234-.539s.047-.516.047-.609-.07-.328-.07-.352c0-.047-.07-.117-.117-.117-.047-.023-.211-.211-.328-.211s-.188-.141-.164-.234c.047-.094-.117-.258-.164-.258-.07 0-.164-.164-.211-.258s-.141-.094-.117-.047 0 .141.047.164c.07.023.117.234.07.281-.047.023-.188-.094-.305-.141-.141-.07-.07-.328-.07-.398s-.188-.141-.281-.141c-.07 0-.164.023-.164-.164 0-.164-.258-.258-.328-.258-.094 0-.516-.164-.656-.164s-.375-.117-.445-.07-.234-.094-.305-.094-.07.047-.234.141zm11.203 6.703c.117-.023.211.188.047.211h-.023c-.117 0-.141-.211-.023-.234zm1.782-.141c.117-.023.211.164.047.211h-.023c-.117 0-.141-.211-.023-.234zm-.774.164c-.07-.047-.117-.094-.234-.094-.07 0-.234-.023-.234-.023s.234-.211.328-.211c.094-.023.211-.047.305-.023.117.023.281.094.281.281-.023.164-.094.023-.141.023-.023 0-.141.07-.234.07h-.047zm-2.062-.773s.328-.094.398-.094.281 0 .398.094.305.211.398.188.258.141.234.188-.234.047-.305-.023c-.07-.047-.305-.164-.375-.234-.047-.07-.352-.047-.492-.047h-.164c-.07 0-.141-.023-.117-.094zm1.007-.375c.117-.023.211.117.047.141h-.023c-.117 0-.141-.117-.023-.141zm-.375-5.86c.117-.047.164.07.094.117h-.047c-.094 0-.164-.07-.047-.117zm-.515-.093c.094-.094.234 0 .188.047 0 .023-.023.023-.07.023-.07 0-.164-.047-.141-.07zm-2.578-1.711c.07-.023.305-.047.352 0 .07.047.117.234.07.258-.047 0-.023.07-.188.164-.164.07-.211-.164-.234-.211 0-.023-.07-.023-.141 0-.047 0-.094.023-.141.023-.094 0-.141-.141-.07-.188.047-.047.141-.023.211-.023h.141zm.656.094c-.023-.07.258-.188.328-.211s.141.047.234.07c.094 0 .07.141 0 .164-.07 0-.258.023-.375.047h-.047c-.094 0-.141-.047-.141-.047zm-.024-.375c.047-.117.281-.07.305.047.023.047-.047.07-.094.07-.094 0-.234-.047-.211-.094zm-.539-.211c.164-.023.234.07.234.117s-.117.188-.234.164h-.07c-.047 0-.047 0-.094-.07-.047-.094-.328-.047-.375-.047s-.094.164-.164.188-.117-.07-.07-.07c.023-.023-.047-.211.023-.258.047-.047.281-.047.469-.023h.281zm-3.468-.071c.047 0 .398-.117.586-.141s.258.07.281.117.445.07.445.07.211.117.234.141c.047.023.141 0 .188-.047s.07-.117.211-.141.141.117.234.141c.07.023.117 0 .188-.047.094-.047.141.047.141.047s-.047.164-.047.234c0 .047-.094.07-.117.117s-.305 0-.422-.023c-.094-.023-.328-.023-.398 0s-.258.023-.328 0-.07-.141-.141-.188c-.047-.047-.188.07-.258.094s-.188-.117-.164-.188c0-.07-.258-.023-.305 0s-.234.023-.352.023-.211 0-.188-.047c.023-.07.117-.07.188-.07s-.047-.117 0-.117zm4.922.399s-.258-.07-.305-.164c-.07-.094-.305-.094-.422-.141s-.281-.117-.375-.164-.047-.188-.047-.164.188.07.305.094c.234.047.211.047.305.07s.281.164.375.211c.07.047.164.117.258.117h1.102c.07 0 .422.07.398.094s-.047.094-.211.094-.469-.023-.68-.047-.398.023-.398.023l-.281-.023zm-3.61-.586c.164-.047.305-.164.422-.164s.047.188.047.234c.023.047-.117.07-.188.047-.047-.047-.234.023-.305.023s-.094-.094 0-.141zm1.195-.117c.023-.117.141-.094.258-.117.117 0 .281 0 .422.047.164.047.141.047.211.117s.094.188.023.188-.117-.023-.258-.047c-.117-.023-.094-.047-.117-.094s-.258 0-.352 0-.188-.047-.188-.117zM3.234 3.961c.188.023.469.023.516.023s.328.094.492.047.258.023.305.047.07.023.141.094.141.023.234-.047c.094-.047.07-.117.07-.117l.094-.023c.07-.023.141.023.352.047.234.023.164-.047.328-.094a.474.474 0 01.258.023c.047.023.094.047.117.023.047-.023.117-.117.164-.07s.117.164.117.164.164-.141.211-.141.211.047.305.047c.094-.023.445-.023.539.047.07.07.281.047.398.117s.211-.047.164-.07-.188-.141-.188-.141-.211-.234-.234-.281-.07-.047-.117.07-.258.117-.492.117-.07-.117-.328-.117c-.258-.023-.164-.117-.07-.117.07 0 .141-.164.164-.258s.117-.07.305-.07h.422c.094.023.141 0 .188-.023s.094-.047.188-.023c.188.023.094.047.188.117.117.07.164.047.328.117.141.07.094.07.164.07.07.023.281-.023.422-.047s.234-.023.305.047.047.164.141.234-.047-.234-.047-.352.188-.023.305-.023.258-.047.281.023c.023.047-.188.141-.07.258s.211.164.305.164.352.023.234.164-.398.141-.492.141-.258.047-.211.141c.047.07.258.047.398.047s.609.047.727 0 .094-.188-.047-.234-.023-.117.117-.094c.07.023.117 0 .164 0s.094-.023.07 0c-.023.047.023.141.023.234 0 .117.047.164.141.141s.117-.047.211-.047c.094-.023.047-.234-.023-.352-.047-.117-.094-.188-.07-.258 0-.07.164-.07.234-.023.07.07.188.211.188.211s.164.094.211.211.07.07.188.023c.117-.07.141-.047.234.023s.023.211.023.234c0 .047.117 0 .141-.07 0-.094.141-.094.188-.117.07-.023.07-.188.07-.188s-.164-.047-.352-.023c-.164.023-.234-.023-.375-.117s-.047-.164-.117-.258.211-.141.398-.234c.164-.07.328-.023.305.164-.023.211-.047.164.141.141.164-.047-.047-.211.07-.234a2.67 2.67 0 01.398-.047c.094.023.516-.047.633-.047s.281.094.398.164c.141.07.469.164.539.211.094.047.633.117.703.141.047.023.047.188.117.328.047.141.188.047.258.047.047 0 .234.094.281.164s.445.117.445.117-.117.117-.141.164c-.047.047-.164.07-.211.117-.094.047-.164-.023-.281-.07-.094-.07-.281-.117-.328-.094s0 .07.023.117c.047.047.211.094.328.188.141.07.094.164.117.258 0 .117-.094-.047-.234-.07s-.141.117-.141.117-.164-.023-.234-.023c-.094 0 0 0-.164-.117-.07-.07-.117-.023-.141 0s-.023.047-.07.023c-.094-.047-.164-.141-.188-.117s-.07-.023-.117-.047-.094-.07-.141-.047h-.211c-.117 0-.234-.023-.281 0-.07.023-.141.023-.211.047-.094.023-.094-.188-.07-.258.047-.07.141-.07.328-.047.164.047.188 0 .234-.07s.07-.141.258-.188 0-.094-.07-.117c-.047-.023-.117-.07-.164 0s-.141.164-.141.164-.094 0-.258-.023-.047-.07.023-.094c.047-.023.141-.188.07-.234s-.094-.07-.211-.047-.047-.094-.117-.141c-.094-.047-.047.023-.047.07s-.117.047-.117.047-.188-.023-.258 0-.188.07-.141.117.164.047.211.164-.164.141-.211.164c-.047 0-.188.07-.188.07s-.164-.047-.305-.047-.164.023-.141.07.094.023.141.023.047.07.141.047c.117-.023.094-.07.211.047s.211.094.398.188-.023.211-.117.211-.094-.07-.141-.164c-.07-.07-.281.023-.281.023s-.188.094-.281.094-.164-.023-.047-.117-.141-.094-.141-.234-.047.141-.047.211c0 .047-.047.047-.117.023h-.211c-.234.023-.188.117-.492.305-.281.188-.352.234-.328.398s.094.117.211.164c.117.023.07.234.188.211.094-.023.164-.07.352.023s.281.117.516.164.375.117.492.07c.141-.023.188 0 .188.117 0 .094.094.117.07.234 0 .117.141-.117.141-.117s.07.211.023.234c-.07.023.023.141.07.141h.07c.047 0 .117.023.164-.023.07-.07-.047-.258-.047-.352 0-.07-.07-.117-.117-.211-.047-.07.094-.094.164-.023.047.07.141.023.234-.047s.094-.188.094-.188-.164-.211-.281-.258-.047-.07.07-.094 0-.07.023-.211c.047-.141.047-.234.117-.234.047 0 .305-.047.492-.023s.305.164.422.164c.141 0 .352.047.398.117s-.164.07-.047.188c.094.117.094.094.188.141s.211.023.328-.141c.094-.164.164-.164.211-.117.047.023.305.328.375.398s.188.211.211.281.188.07.258.07c.047 0 .258.141.281.234 0 .094.047.117.234.141.188.047 0 .188-.023.281-.047.07-.047.117-.117.211-.023.047-.023.047 0 .047s.047-.023.07 0c.07.047.094.094.188.07s.141 0 .188.094c.047.07.117.141.141.211s0 .164-.07.117c-.07-.07-.234-.023-.234-.023s-.094.07-.117.047c-.023-.047-.07-.094-.188-.07a.204.204 0 01-.164 0h-.117c-.094.023-.141-.047-.07-.117.07-.047.07-.258.211-.328s.094-.211 0-.211-.141.117-.188.141c-.07.023-.141.023-.258.094-.094.07-.352.047-.234.07.094.023-.164.141-.211.141-.094 0-.07-.164-.07-.234s-.117.047-.117.047-.211-.117-.281-.047-.188.117-.305.211c-.094.07-.328.211-.328.211s.094-.047.234-.07c.164-.047.141-.023.281-.094s.258-.094.375.023c.094.117-.023.188-.023.188s.047.094.117.117c.047.023.047-.023.141-.07s.047.117.07.164c.047.047.117.047.188 0 .07-.07.094-.117.141-.07s.07.141.117.234-.258.117-.328.141c-.07 0-.305.07-.352.07-.047.023-.164.141-.281.141s-.094-.164-.117-.258c0-.094-.117.023-.141.047-.023.047-.141.023-.234.047-.094 0-.258.094-.258.211s.094.164.07.211-.258.094-.352.07-.234.047-.188.094.047.141-.07.117c-.094 0-.094.094-.07.164.047.07-.117.211-.141.141-.047-.047-.117-.07-.117 0s.023.141.117.258c.07.117-.164.164-.281.258-.094.07-.398.352-.539.398s-.141.234-.07.305c.094.07.141.352.188.445s-.023.352-.141.352c-.117-.023-.07-.164-.188-.211s-.188-.281-.211-.445c-.047-.164-.07-.07-.141-.023-.094.047-.164-.117-.188-.141s-.117 0-.211 0c-.07 0-.164.023-.234.023-.164-.023-.211.07-.211.094 0 .047-.023.164-.188.07-.141-.07-.164-.07-.328-.07-.141 0-.281 0-.305.047s-.164.164-.258.188-.281.164-.188.188c.07.023.07.211.023.328s-.047.305-.023.492.188.305.328.422.211.164.352.047.211-.047.234-.023c.047.023.141-.07.117-.188-.047-.117.047-.234.188-.211.047 0 .117 0 .188-.023.07 0 .141-.023.188-.023.117 0 .141.258 0 .375-.164.117-.07.281-.094.398s-.141.141 0 .141.094.023.188.047.164-.07.281-.094c.094 0 .328.211.281.305a.983.983 0 00-.07.469c.047.164.07.164.117.234.023.047.141.164.258.117s.234-.094.281-.141.305.094.281.141c-.023.023.094.07.164.023.094-.023.117-.094.188-.211a.672.672 0 01.281-.211c.047 0 .211-.164.328-.141.094.023-.047.164-.047.234 0 .094 0 .305.047.328.07 0 .047-.164.117-.281.07-.141.211-.188.281-.188s.117.258.211.211c.094-.07.281-.047.328.023.023.07.07.117.07.117s.07-.047.07-.117c0-.094.211-.141.352-.07s.094.094.164.117c.07 0 .141-.164.164-.188.047-.023 0 .211-.094.328-.117.094.07.07.094.117.023.023.047.023.094 0 .047 0 .117 0 .141.023.047.047.164.094.234.258.094.117.211.094.375.07s.375.07.539.258c.164.164.117.305.234.305s.141.141.141.188-.234.164-.352.188c-.141 0-.141.141.07.117.211-.047.117-.117.258-.141.141-.047.258.047.164.211-.141.164-.375.164-.164.188s.094-.047.211-.188c.117-.164.117-.117.188-.117.094 0 .258.047.328.094s.234.141.352.188c.117.07.258.047.328.023s.328.07.398.188c.07.094.258.117.375.164.094.047.234.188.234.328.023.141-.141.422-.141.492-.023.047-.234.305-.422.469s-.07.352-.07.422c.023.07-.141.375-.094.445s-.047.211-.141.328c-.094.094-.141.258-.188.352-.07.094-.234.07-.398.117-.164.023-.234.07-.234.07s-.305.117-.445.234c-.164.117.047.305-.023.445s-.164.141-.234.305c-.047.117-.094.094-.117.07-.023 0-.047-.023-.07 0-.07.047-.117.141-.117.258-.023.094-.141.211-.328.375-.164.164-.281.141-.469.07-.188-.047-.164-.516-.188-.445s-.023.305.023.352c.023.047.117.211.164.234.07.047.047.117 0 .164-.047.07-.211.305-.258.328s-.469.07-.563.023c-.07-.047-.117.094-.117.188.023.094.094.164-.07.141s-.352-.117-.352-.047.047.211.117.211.164-.047.117.047-.141.164-.211.211c-.047.047-.117.164-.258.258s-.141.141-.117.188.234.023.281.047-.047.211-.094.258-.281.234-.375.281-.094.211-.047.328c4.453-1.406 7.781-5.344 8.273-10.125-.117-.094-.047-.211-.07-.328-.023-.141-.164-.188-.094-.211s.047-.094.234-.281c0-.141.023-.281.023-.422v-.094c-.047-.094-.117-.258-.023-.422a11.765 11.765 0 00-2.766-7.125 5.65 5.65 0 01-.398.047c-.094 0-.234.211-.258.258s-.328 0-.422 0-.188.117-.375.141c-.164.023-.094.141-.07.234 0 .094-.047.141-.141.117-.117-.023-.094.047-.117.117s.023.188-.094.281c-.094.07-.141.117-.258.094-.117 0-.117-.211-.141-.188-.047 0-.234.141-.281.07s-.281-.234-.375-.258c-.094-.047-.164-.188-.188-.258-.047-.07.117-.07.07-.07-.047-.023-.211-.047-.258-.094s-.141-.258-.164-.328c0-.07.141-.164.141-.211 0-.023-.141-.023-.188-.023s-.117-.141-.047-.281.211-.094.211-.094h.117c.07 0 .047.164.023.234s.047.07.094.094.07-.07.07-.117c0-.07-.117-.211-.188-.281-.047-.07-.234-.094-.258-.047s-.164.234-.211.188-.047-.445-.117-.563-.328-.141-.445-.211c-.094-.047-.492-.117-.563-.117-.023 0-.094 0-.141.023a.482.482 0 01-.258 0c-.094-.023-.094-.211-.094-.211s-.07.188-.094.234c-.047.047-.141.07-.188.047s-.164-.234-.281-.258h-.117c-.047 0-.094 0-.164-.047-.141-.117.258-.094.281-.094s.328-.07.352-.141c0-.094.094-.188.234-.141.141.023.211-.094.188-.211s.258-.234.305-.164c.047.047.281 0 .211-.117s.281-.211.609-.234.422.023.492.07.281.047.398-.023A11.889 11.889 0 0011.992.304c-3.469 0-6.586 1.5-8.766 3.867z&quot;&gt;&lt;/path&gt;&lt;/svg&gt;&lt;span data-testid=&quot;languageSelectorStatus&quot; class=&quot;LanguageSelector--LanguageSelectorStatus--mXkYQ&quot;&gt;US&lt;/span&gt;&lt;span class=&quot;LanguageSelector--unitDisplay--23xY5&quot;&gt;°F&lt;/span&gt;&lt;svg set=&quot;ui&quot; name=&quot;triangle-down&quot; class=&quot;LanguageSelector--arrowIcon--3mk5k Icon--icon--3wCKh Icon--lightTheme--3NMAI&quot; theme=&quot;light&quot; style=&quot;width:17px&quot; data-testid=&quot;Icon&quot; aria-hidden=&quot;true&quot; role=&quot;img&quot; viewBox=&quot;0 0 24 24&quot;&gt;&lt;title&gt;Arrow down&lt;/title&gt;&lt;path d=&quot;M23.765 5.167h-23.53l11.75 13.666 11.779-13.666z&quot;&gt;&lt;/path&gt;&lt;/svg&gt;&lt;/div&gt;&lt;/button&gt;&lt;nav class=&quot;ExpandableMenu--ExpandableMenu--2HGl7 ExpandableMenu--fullWidth--1M1DN LanguageSelector--LanguageSelectorMenu--274U0&quot; aria-hidden=&quot;true&quot; hidden=&quot;&quot; tabindex=&quot;-1&quot;&gt;&lt;div class=&quot;ExpandableMenu--inner--39JQs ExpandableMenu--bottomRoundBorder--NTgMw ExpandableMenu--outline--CVSXy ExpandableMenu--fullWidthInner--1_Onm&quot;&gt;&lt;div class=&quot;ExpandableMenu--innerPadding--1vQiV&quot;&gt;&lt;section data-testid=&quot;unitSelectorSection&quot; class=&quot;UnitSelector--UnitSelector--3kjjU LanguageSelector--unitSelectorContainer--W3U-M&quot;&gt;&lt;div class=&quot;UnitSelector--TabListWrapper--2P9kq LanguageSelector--unitSelectorWrapper--2c_s6&quot;&gt;&lt;div id=&quot;UnitSelectorTabs&quot; aria-labelledby=&quot;UnitSelectorTabsLabel&quot; data-testid=&quot;unitSelectorBar&quot; class=&quot;UnitSelector--UnitSelectorButtonList--2CI6c&quot;&gt;&lt;button data-testid=&quot;ctaButton&quot; class=&quot;UnitSelector--UnitSelectorButton--3T5e1 UnitSelector--selected--G1371 Button--default--3zkvy&quot; type=&quot;button&quot;&gt;&lt;span class=&quot;UnitSelector--UnitSelectorButtonTextF--2KVHq&quot;&gt;°F&lt;/span&gt;&lt;/button&gt;&lt;span class=&quot;UnitSelector--divider--18ehy&quot;&gt;|&lt;/span&gt;&lt;button data-testid=&quot;ctaButton&quot; class=&quot;UnitSelector--UnitSelectorButton--3T5e1 Button--default--3zkvy&quot; type=&quot;button&quot;&gt;&lt;span class=&quot;UnitSelector--UnitSelectorButtonTextC--3bate&quot;&gt;°C&lt;/span&gt;&lt;/button&gt;&lt;/div&gt;&lt;/div&gt;&lt;/section&gt;&lt;details class=&quot;LanguageSelector--LanguageSection--3gFMn Disclosure--themeList--25Q0H&quot;&gt;&lt;summary class=&quot;Disclosure--Summary--UuybP CountryList--Summary--CQ0mX LanguageSelector--Summary--58hmO&quot; role=&quot;button&quot; aria-expanded=&quot;false&quot;&gt;&lt;div class=&quot;Disclosure--SummaryDefault--3xAWB&quot;&gt;Americas&lt;svg set=&quot;ui&quot; name=&quot;caret-down&quot; class=&quot;Disclosure--SummaryIcon--1kGJk Icon--icon--3wCKh&quot; data-testid=&quot;Icon&quot; aria-hidden=&quot;true&quot; role=&quot;img&quot; viewBox=&quot;0 0 24 24&quot;&gt;&lt;title&gt;Arrow Down&lt;/title&gt;&lt;path d=&quot;M12 16.086l7.293-7.293a1 1 0 1 1 1.414 1.414l-8 8a1 1 0 0 1-1.414 0l-8-8a1 1 0 1 1 1.414-1.414L12 16.086z&quot;&gt;&lt;/path&gt;&lt;/svg&gt;&lt;/div&gt;&lt;/summary&gt;&lt;div class=&quot;LanguageSelector--Content--YveVL&quot;&gt;&lt;div class=&quot;CountryList--listContainer--22BSI LanguageSelector--RegionBlock--3xzbe&quot;&gt;&lt;a class=&quot;ListItem--listItem--2wQRK ListItem--disableBorder--DPmOK CountryList--DisclosureLink--2_CS1 LanguageSelector--RegionLink--2I-tU Button--default--3zkvy&quot; href=&quot;/en-AG&quot; target=&quot;_self&quot;&gt;Antigua and Barbuda | English&lt;/a&gt;&lt;a class=&quot;ListItem--listItem--2wQRK ListItem--disableBorder--DPmOK CountryList--DisclosureLink--2_CS1 LanguageSelector--RegionLink--2I-tU Button--default--3zkvy&quot; href=&quot;/es-AR&quot; target=&quot;_self&quot;&gt;Argentina | Español&lt;/a&gt;&lt;a class=&quot;ListItem--listItem--2wQRK ListItem--disableBorder--DPmOK CountryList--DisclosureLink--2_CS1 LanguageSelector--RegionLink--2I-tU Button--default--3zkvy&quot; href=&quot;/en-BS&quot; target=&quot;_self&quot;&gt;Bahamas | English&lt;/a&gt;&lt;a class=&quot;ListItem--listItem--2wQRK ListItem--disableBorder--DPmOK CountryList--DisclosureLink--2_CS1 LanguageSelector--RegionLink--2I-tU Button--default--3zkvy&quot; href=&quot;/en-BB&quot; target=&quot;_self&quot;&gt;Barbados | English&lt;/a&gt;&lt;a class=&quot;ListItem--listItem--2wQRK ListItem--disableBorder--DPmOK CountryList--DisclosureLink--2_CS1 LanguageSelector--RegionLink--2I-tU Button--default--3zkvy&quot; href=&quot;/en-BZ&quot; target=&quot;_self&quot;&gt;Belize | English&lt;/a&gt;&lt;a class=&quot;ListItem--listItem--2wQRK ListItem--disableBorder--DPmOK CountryList--DisclosureLink--2_CS1 LanguageSelector--RegionLink--2I-tU Button--default--3zkvy&quot; href=&quot;/es-BO&quot; target=&quot;_self&quot;&gt;Bolivia | Español&lt;/a&gt;&lt;a class=&quot;ListItem--listItem--2wQRK ListItem--disableBorder--DPmOK CountryList--DisclosureLink--2_CS1 LanguageSelector--RegionLink--2I-tU Button--default--3zkvy&quot; href=&quot;/pt-BR&quot; target=&quot;_self&quot;&gt;Brazil | Português&lt;/a&gt;&lt;a class=&quot;ListItem--listItem--2wQRK ListItem--disableBorder--DPmOK CountryList--DisclosureLink--2_CS1 LanguageSelector--RegionLink--2I-tU Button--default--3zkvy&quot; href=&quot;/en-CA&quot; target=&quot;_self&quot;&gt;Canada | English&lt;/a&gt;&lt;a class=&quot;ListItem--listItem--2wQRK ListItem--disableBorder--DPmOK CountryList--DisclosureLink--2_CS1 LanguageSelector--RegionLink--2I-tU Button--default--3zkvy&quot; href=&quot;/fr-CA&quot; target=&quot;_self&quot;&gt;Canada | Français&lt;/a&gt;&lt;a class=&quot;ListItem--listItem--2wQRK ListItem--disableBorder--DPmOK CountryList--DisclosureLink--2_CS1 LanguageSelector--RegionLink--2I-tU Button--default--3zkvy&quot; href=&quot;/es-CL&quot; target=&quot;_self&quot;&gt;Chile | Español&lt;/a&gt;&lt;a class=&quot;ListItem--listItem--2wQRK ListItem--disableBorder--DPmOK CountryList--DisclosureLink--2_CS1 LanguageSelector--RegionLink--2I-tU Button--default--3zkvy&quot; href=&quot;/es-CO&quot; target=&quot;_self&quot;&gt;Colombia | Español&lt;/a&gt;&lt;a class=&quot;ListItem--listItem--2wQRK ListItem--disableBorder--DPmOK CountryList--DisclosureLink--2_CS1 LanguageSelector--RegionLink--2I-tU Button--default--3zkvy&quot; href=&quot;/es-CR&quot; target=&quot;_self&quot;&gt;Costa Rica | Español&lt;/a&gt;&lt;a class=&quot;ListItem--listItem--2wQRK ListItem--disableBorder--DPmOK CountryList--DisclosureLink--2_CS1 LanguageSelector--RegionLink--2I-tU Button--default--3zkvy&quot; href=&quot;/en-DM&quot; target=&quot;_self&quot;&gt;Dominica | English&lt;/a&gt;&lt;a class=&quot;ListItem--listItem--2wQRK ListItem--disableBorder--DPmOK CountryList--DisclosureLink--2_CS1 LanguageSelector--RegionLink--2I-tU Button--default--3zkvy&quot; href=&quot;/es-DO&quot; target=&quot;_self&quot;&gt;Dominican Republic | Español&lt;/a&gt;&lt;a class=&quot;ListItem--listItem--2wQRK ListItem--disableBorder--DPmOK CountryList--DisclosureLink--2_CS1 LanguageSelector--RegionLink--2I-tU Button--default--3zkvy&quot; href=&quot;/es-EC&quot; target=&quot;_self&quot;&gt;Ecuador | Español&lt;/a&gt;&lt;a class=&quot;ListItem--listItem--2wQRK ListItem--disableBorder--DPmOK CountryList--DisclosureLink--2_CS1 LanguageSelector--RegionLink--2I-tU Button--default--3zkvy&quot; href=&quot;/es-SV&quot; target=&quot;_self&quot;&gt;El Salvador | Español&lt;/a&gt;&lt;a class=&quot;ListItem--listItem--2wQRK ListItem--disableBorder--DPmOK CountryList--DisclosureLink--2_CS1 LanguageSelector--RegionLink--2I-tU Button--default--3zkvy&quot; href=&quot;/en-GD&quot; target=&quot;_self&quot;&gt;Grenada | English&lt;/a&gt;&lt;a class=&quot;ListItem--listItem--2wQRK ListItem--disableBorder--DPmOK CountryList--DisclosureLink--2_CS1 LanguageSelector--RegionLink--2I-tU Button--default--3zkvy&quot; href=&quot;/es-GT&quot; target=&quot;_self&quot;&gt;Guatemala | Español&lt;/a&gt;&lt;a class=&quot;ListItem--listItem--2wQRK ListItem--disableBorder--DPmOK CountryList--DisclosureLink--2_CS1 LanguageSelector--RegionLink--2I-tU Button--default--3zkvy&quot; href=&quot;/en-GY&quot; target=&quot;_self&quot;&gt;Guyana | English&lt;/a&gt;&lt;a class=&quot;ListItem--listItem--2wQRK ListItem--disableBorder--DPmOK CountryList--DisclosureLink--2_CS1 LanguageSelector--RegionLink--2I-tU Button--default--3zkvy&quot; href=&quot;/fr-HT&quot; target=&quot;_self&quot;&gt;Haiti | Français&lt;/a&gt;&lt;a class=&quot;ListItem--listItem--2wQRK ListItem--disableBorder--DPmOK CountryList--DisclosureLink--2_CS1 LanguageSelector--RegionLink--2I-tU Button--default--3zkvy&quot; href=&quot;/es-HN&quot; target=&quot;_self&quot;&gt;Honduras | Español&lt;/a&gt;&lt;a class=&quot;ListItem--listItem--2wQRK ListItem--disableBorder--DPmOK CountryList--DisclosureLink--2_CS1 LanguageSelector--RegionLink--2I-tU Button--default--3zkvy&quot; href=&quot;/en-JM&quot; target=&quot;_self&quot;&gt;Jamaica | English&lt;/a&gt;&lt;a class=&quot;ListItem--listItem--2wQRK ListItem--disableBorder--DPmOK CountryList--DisclosureLink--2_CS1 LanguageSelector--RegionLink--2I-tU Button--default--3zkvy&quot; href=&quot;/es-MX&quot; target=&quot;_self&quot;&gt;Mexico | Español&lt;/a&gt;&lt;a class=&quot;ListItem--listItem--2wQRK ListItem--disableBorder--DPmOK CountryList--DisclosureLink--2_CS1 LanguageSelector--RegionLink--2I-tU Button--default--3zkvy&quot; href=&quot;/es-NI&quot; target=&quot;_self&quot;&gt;Nicaragua | Español&lt;/a&gt;&lt;a class=&quot;ListItem--listItem--2wQRK ListItem--disableBorder--DPmOK CountryList--DisclosureLink--2_CS1 LanguageSelector--RegionLink--2I-tU Button--default--3zkvy&quot; href=&quot;/es-PA&quot; target=&quot;_self&quot;&gt;Panama | Español&lt;/a&gt;&lt;a class=&quot;ListItem--listItem--2wQRK ListItem--disableBorder--DPmOK CountryList--DisclosureLink--2_CS1 LanguageSelector--RegionLink--2I-tU Button--default--3zkvy&quot; href=&quot;/en-PA&quot; target=&quot;_self&quot;&gt;Panama | English&lt;/a&gt;&lt;a class=&quot;ListItem--listItem--2wQRK ListItem--disableBorder--DPmOK CountryList--DisclosureLink--2_CS1 LanguageSelector--RegionLink--2I-tU Button--default--3zkvy&quot; href=&quot;/es-PY&quot; target=&quot;_self&quot;&gt;Paraguay | Español&lt;/a&gt;&lt;a class=&quot;ListItem--listItem--2wQRK ListItem--disableBorder--DPmOK CountryList--DisclosureLink--2_CS1 LanguageSelector--RegionLink--2I-tU Button--default--3zkvy&quot; href=&quot;/es-PE&quot; target=&quot;_self&quot;&gt;Peru | Español&lt;/a&gt;&lt;a class=&quot;ListItem--listItem--2wQRK ListItem--disableBorder--DPmOK CountryList--DisclosureLink--2_CS1 LanguageSelector--RegionLink--2I-tU Button--default--3zkvy&quot; href=&quot;/en-KN&quot; target=&quot;_self&quot;&gt;St. Kitts and Nevis | English&lt;/a&gt;&lt;a class=&quot;ListItem--listItem--2wQRK ListItem--disableBorder--DPmOK CountryList--DisclosureLink--2_CS1 LanguageSelector--RegionLink--2I-tU Button--default--3zkvy&quot; href=&quot;/en-LC&quot; target=&quot;_self&quot;&gt;St. Lucia | English&lt;/a&gt;&lt;a class=&quot;ListItem--listItem--2wQRK ListItem--disableBorder--DPmOK CountryList--DisclosureLink--2_CS1 LanguageSelector--RegionLink--2I-tU Button--default--3zkvy&quot; href=&quot;/en-VC&quot; target=&quot;_self&quot;&gt;St. Vincent and the Grenadines | English&lt;/a&gt;&lt;a class=&quot;ListItem--listItem--2wQRK ListItem--disableBorder--DPmOK CountryList--DisclosureLink--2_CS1 LanguageSelector--RegionLink--2I-tU Button--default--3zkvy&quot; href=&quot;/nl-SR&quot; target=&quot;_self&quot;&gt;Suriname | Nederlands&lt;/a&gt;&lt;a class=&quot;ListItem--listItem--2wQRK ListItem--disableBorder--DPmOK CountryList--DisclosureLink--2_CS1 LanguageSelector--RegionLink--2I-tU Button--default--3zkvy&quot; href=&quot;/en-TT&quot; target=&quot;_self&quot;&gt;Trinidad and Tobago | English&lt;/a&gt;&lt;a class=&quot;ListItem--listItem--2wQRK ListItem--disableBorder--DPmOK CountryList--DisclosureLink--2_CS1 LanguageSelector--RegionLink--2I-tU Button--default--3zkvy&quot; href=&quot;/es-UY&quot; target=&quot;_self&quot;&gt;Uruguay | Español&lt;/a&gt;&lt;a class=&quot;ListItem--listItem--2wQRK ListItem--disableBorder--DPmOK CountryList--DisclosureLink--2_CS1 LanguageSelector--RegionLink--2I-tU Button--default--3zkvy&quot; href=&quot;/&quot; target=&quot;_self&quot;&gt;United States | English&lt;/a&gt;&lt;a class=&quot;ListItem--listItem--2wQRK ListItem--disableBorder--DPmOK CountryList--DisclosureLink--2_CS1 LanguageSelector--RegionLink--2I-tU Button--default--3zkvy&quot; href=&quot;/es-US&quot; target=&quot;_self&quot;&gt;United States | Español&lt;/a&gt;&lt;a class=&quot;ListItem--listItem--2wQRK ListItem--disableBorder--DPmOK CountryList--DisclosureLink--2_CS1 LanguageSelector--RegionLink--2I-tU Button--default--3zkvy&quot; href=&quot;/es-VE&quot; target=&quot;_self&quot;&gt;Venezuela | Español&lt;/a&gt;&lt;/div&gt;&lt;/div&gt;&lt;/details&gt;&lt;details class=&quot;LanguageSelector--LanguageSection--3gFMn Disclosure--themeList--25Q0H&quot;&gt;&lt;summary class=&quot;Disclosure--Summary--UuybP CountryList--Summary--CQ0mX LanguageSelector--Summary--58hmO&quot; role=&quot;button&quot; aria-expanded=&quot;false&quot;&gt;&lt;div class=&quot;Disclosure--SummaryDefault--3xAWB&quot;&gt;Africa&lt;svg set=&quot;ui&quot; name=&quot;caret-down&quot; class=&quot;Disclosure--SummaryIcon--1kGJk Icon--icon--3wCKh&quot; data-testid=&quot;Icon&quot; aria-hidden=&quot;true&quot; role=&quot;img&quot; viewBox=&quot;0 0 24 24&quot;&gt;&lt;title&gt;Arrow Down&lt;/title&gt;&lt;path d=&quot;M12 16.086l7.293-7.293a1 1 0 1 1 1.414 1.414l-8 8a1 1 0 0 1-1.414 0l-8-8a1 1 0 1 1 1.414-1.414L12 16.086z&quot;&gt;&lt;/path&gt;&lt;/svg&gt;&lt;/div&gt;&lt;/summary&gt;&lt;div class=&quot;LanguageSelector--Content--YveVL&quot;&gt;&lt;div class=&quot;CountryList--listContainer--22BSI LanguageSelector--RegionBlock--3xzbe&quot;&gt;&lt;a class=&quot;ListItem--listItem--2wQRK ListItem--disableBorder--DPmOK CountryList--DisclosureLink--2_CS1 LanguageSelector--RegionLink--2I-tU Button--default--3zkvy&quot; href=&quot;/ar-DZ&quot; target=&quot;_self&quot;&gt;Algeria | العربية&lt;/a&gt;&lt;a class=&quot;ListItem--listItem--2wQRK ListItem--disableBorder--DPmOK CountryList--DisclosureLink--2_CS1 LanguageSelector--RegionLink--2I-tU Button--default--3zkvy&quot; href=&quot;/fr-DZ&quot; target=&quot;_self&quot;&gt;Algeria | Français&lt;/a&gt;&lt;a class=&quot;ListItem--listItem--2wQRK ListItem--disableBorder--DPmOK CountryList--DisclosureLink--2_CS1 LanguageSelector--RegionLink--2I-tU Button--default--3zkvy&quot; href=&quot;/pt-AO&quot; target=&quot;_self&quot;&gt;Angola | Português&lt;/a&gt;&lt;a class=&quot;ListItem--listItem--2wQRK ListItem--disableBorder--DPmOK CountryList--DisclosureLink--2_CS1 LanguageSelector--RegionLink--2I-tU Button--default--3zkvy&quot; href=&quot;/fr-BJ&quot; target=&quot;_self&quot;&gt;Benin | Français&lt;/a&gt;&lt;a class=&quot;ListItem--listItem--2wQRK ListItem--disableBorder--DPmOK CountryList--DisclosureLink--2_CS1 LanguageSelector--RegionLink--2I-tU Button--default--3zkvy&quot; href=&quot;/fr-BF&quot; target=&quot;_self&quot;&gt;Burkina Faso | Français&lt;/a&gt;&lt;a class=&quot;ListItem--listItem--2wQRK ListItem--disableBorder--DPmOK CountryList--DisclosureLink--2_CS1 LanguageSelector--RegionLink--2I-tU Button--default--3zkvy&quot; href=&quot;/fr-BI&quot; target=&quot;_self&quot;&gt;Burundi | Français&lt;/a&gt;&lt;a class=&quot;ListItem--listItem--2wQRK ListItem--disableBorder--DPmOK CountryList--DisclosureLink--2_CS1 LanguageSelector--RegionLink--2I-tU Button--default--3zkvy&quot; href=&quot;/fr-CM&quot; target=&quot;_self&quot;&gt;Cameroon | Français&lt;/a&gt;&lt;a class=&quot;ListItem--listItem--2wQRK ListItem--disableBorder--DPmOK CountryList--DisclosureLink--2_CS1 LanguageSelector--RegionLink--2I-tU Button--default--3zkvy&quot; href=&quot;/en-CM&quot; target=&quot;_self&quot;&gt;Cameroon | English&lt;/a&gt;&lt;a class=&quot;ListItem--listItem--2wQRK ListItem--disableBorder--DPmOK CountryList--DisclosureLink--2_CS1 LanguageSelector--RegionLink--2I-tU Button--default--3zkvy&quot; href=&quot;/pt-CV&quot; target=&quot;_self&quot;&gt;Cape Verde | Português&lt;/a&gt;&lt;a class=&quot;ListItem--listItem--2wQRK ListItem--disableBorder--DPmOK CountryList--DisclosureLink--2_CS1 LanguageSelector--RegionLink--2I-tU Button--default--3zkvy&quot; href=&quot;/fr-CF&quot; target=&quot;_self&quot;&gt;Central African Republic | Français&lt;/a&gt;&lt;a class=&quot;ListItem--listItem--2wQRK ListItem--disableBorder--DPmOK CountryList--DisclosureLink--2_CS1 LanguageSelector--RegionLink--2I-tU Button--default--3zkvy&quot; href=&quot;/fr-TD&quot; target=&quot;_self&quot;&gt;Chad | Français&lt;/a&gt;&lt;a class=&quot;ListItem--listItem--2wQRK ListItem--disableBorder--DPmOK CountryList--DisclosureLink--2_CS1 LanguageSelector--RegionLink--2I-tU Button--default--3zkvy&quot; href=&quot;/ar-TD&quot; target=&quot;_self&quot;&gt;Chad | العربية&lt;/a&gt;&lt;a class=&quot;ListItem--listItem--2wQRK ListItem--disableBorder--DPmOK CountryList--DisclosureLink--2_CS1 LanguageSelector--RegionLink--2I-tU Button--default--3zkvy&quot; href=&quot;/fr-KM&quot; target=&quot;_self&quot;&gt;Comoros | Français&lt;/a&gt;&lt;a class=&quot;ListItem--listItem--2wQRK ListItem--disableBorder--DPmOK CountryList--DisclosureLink--2_CS1 LanguageSelector--RegionLink--2I-tU Button--default--3zkvy&quot; href=&quot;/ar-KM&quot; target=&quot;_self&quot;&gt;Comoros | العربية&lt;/a&gt;&lt;a class=&quot;ListItem--listItem--2wQRK ListItem--disableBorder--DPmOK CountryList--DisclosureLink--2_CS1 LanguageSelector--RegionLink--2I-tU Button--default--3zkvy&quot; href=&quot;/fr-CD&quot; target=&quot;_self&quot;&gt;Democratic Republic of the Congo | Français&lt;/a&gt;&lt;a class=&quot;ListItem--listItem--2wQRK ListItem--disableBorder--DPmOK CountryList--DisclosureLink--2_CS1 LanguageSelector--RegionLink--2I-tU Button--default--3zkvy&quot; href=&quot;/fr-CG&quot; target=&quot;_self&quot;&gt;Republic of Congo | Français&lt;/a&gt;&lt;a class=&quot;ListItem--listItem--2wQRK ListItem--disableBorder--DPmOK CountryList--DisclosureLink--2_CS1 LanguageSelector--RegionLink--2I-tU Button--default--3zkvy&quot; href=&quot;/fr-CI&quot; target=&quot;_self&quot;&gt;Côte d&apos;Ivoire | Français&lt;/a&gt;&lt;a class=&quot;ListItem--listItem--2wQRK ListItem--disableBorder--DPmOK CountryList--DisclosureLink--2_CS1 LanguageSelector--RegionLink--2I-tU Button--default--3zkvy&quot; href=&quot;/fr-DJ&quot; target=&quot;_self&quot;&gt;Djibouti | Français&lt;/a&gt;&lt;a class=&quot;ListItem--listItem--2wQRK ListItem--disableBorder--DPmOK CountryList--DisclosureLink--2_CS1 LanguageSelector--RegionLink--2I-tU Button--default--3zkvy&quot; href=&quot;/ar-DJ&quot; target=&quot;_self&quot;&gt;Djibouti | العربية&lt;/a&gt;&lt;a class=&quot;ListItem--listItem--2wQRK ListItem--disableBorder--DPmOK CountryList--DisclosureLink--2_CS1 LanguageSelector--RegionLink--2I-tU Button--default--3zkvy&quot; href=&quot;/ar-EG&quot; target=&quot;_self&quot;&gt;Egypt | العربية&lt;/a&gt;&lt;a class=&quot;ListItem--listItem--2wQRK ListItem--disableBorder--DPmOK CountryList--DisclosureLink--2_CS1 LanguageSelector--RegionLink--2I-tU Button--default--3zkvy&quot; href=&quot;/es-GQ&quot; target=&quot;_self&quot;&gt;Equatorial Guinea | Español&lt;/a&gt;&lt;a class=&quot;ListItem--listItem--2wQRK ListItem--disableBorder--DPmOK CountryList--DisclosureLink--2_CS1 LanguageSelector--RegionLink--2I-tU Button--default--3zkvy&quot; href=&quot;/ar-ER&quot; target=&quot;_self&quot;&gt;Eritrea | العربية&lt;/a&gt;&lt;a class=&quot;ListItem--listItem--2wQRK ListItem--disableBorder--DPmOK CountryList--DisclosureLink--2_CS1 LanguageSelector--RegionLink--2I-tU Button--default--3zkvy&quot; href=&quot;/fr-GA&quot; target=&quot;_self&quot;&gt;Gabon | Français&lt;/a&gt;&lt;a class=&quot;ListItem--listItem--2wQRK ListItem--disableBorder--DPmOK CountryList--DisclosureLink--2_CS1 LanguageSelector--RegionLink--2I-tU Button--default--3zkvy&quot; href=&quot;/en-GM&quot; target=&quot;_self&quot;&gt;Gambia | English&lt;/a&gt;&lt;a class=&quot;ListItem--listItem--2wQRK ListItem--disableBorder--DPmOK CountryList--DisclosureLink--2_CS1 LanguageSelector--RegionLink--2I-tU Button--default--3zkvy&quot; href=&quot;/en-GH&quot; target=&quot;_self&quot;&gt;Ghana | English&lt;/a&gt;&lt;a class=&quot;ListItem--listItem--2wQRK ListItem--disableBorder--DPmOK CountryList--DisclosureLink--2_CS1 LanguageSelector--RegionLink--2I-tU Button--default--3zkvy&quot; href=&quot;/fr-GN&quot; target=&quot;_self&quot;&gt;Guinea | Français&lt;/a&gt;&lt;a class=&quot;ListItem--listItem--2wQRK ListItem--disableBorder--DPmOK CountryList--DisclosureLink--2_CS1 LanguageSelector--RegionLink--2I-tU Button--default--3zkvy&quot; href=&quot;/pt-GW&quot; target=&quot;_self&quot;&gt;Guinea-Bissau | Português&lt;/a&gt;&lt;a class=&quot;ListItem--listItem--2wQRK ListItem--disableBorder--DPmOK CountryList--DisclosureLink--2_CS1 LanguageSelector--RegionLink--2I-tU Button--default--3zkvy&quot; href=&quot;/en-KE&quot; target=&quot;_self&quot;&gt;Kenya | English&lt;/a&gt;&lt;a class=&quot;ListItem--listItem--2wQRK ListItem--disableBorder--DPmOK CountryList--DisclosureLink--2_CS1 LanguageSelector--RegionLink--2I-tU Button--default--3zkvy&quot; href=&quot;/en-LS&quot; target=&quot;_self&quot;&gt;Lesotho | English&lt;/a&gt;&lt;a class=&quot;ListItem--listItem--2wQRK ListItem--disableBorder--DPmOK CountryList--DisclosureLink--2_CS1 LanguageSelector--RegionLink--2I-tU Button--default--3zkvy&quot; href=&quot;/en-LR&quot; target=&quot;_self&quot;&gt;Liberia | English&lt;/a&gt;&lt;a class=&quot;ListItem--listItem--2wQRK ListItem--disableBorder--DPmOK CountryList--DisclosureLink--2_CS1 LanguageSelector--RegionLink--2I-tU Button--default--3zkvy&quot; href=&quot;/ar-LY&quot; target=&quot;_self&quot;&gt;Libya | العربية&lt;/a&gt;&lt;a class=&quot;ListItem--listItem--2wQRK ListItem--disableBorder--DPmOK CountryList--DisclosureLink--2_CS1 LanguageSelector--RegionLink--2I-tU Button--default--3zkvy&quot; href=&quot;/fr-MG&quot; target=&quot;_self&quot;&gt;Madagascar | Français&lt;/a&gt;&lt;a class=&quot;ListItem--listItem--2wQRK ListItem--disableBorder--DPmOK CountryList--DisclosureLink--2_CS1 LanguageSelector--RegionLink--2I-tU Button--default--3zkvy&quot; href=&quot;/fr-ML&quot; target=&quot;_self&quot;&gt;Mali | Français&lt;/a&gt;&lt;a class=&quot;ListItem--listItem--2wQRK ListItem--disableBorder--DPmOK CountryList--DisclosureLink--2_CS1 LanguageSelector--RegionLink--2I-tU Button--default--3zkvy&quot; href=&quot;/ar-MR&quot; target=&quot;_self&quot;&gt;Mauritania | العربية&lt;/a&gt;&lt;a class=&quot;ListItem--listItem--2wQRK ListItem--disableBorder--DPmOK CountryList--DisclosureLink--2_CS1 LanguageSelector--RegionLink--2I-tU Button--default--3zkvy&quot; href=&quot;/en-MU&quot; target=&quot;_self&quot;&gt;Mauritius | English&lt;/a&gt;&lt;a class=&quot;ListItem--listItem--2wQRK ListItem--disableBorder--DPmOK CountryList--DisclosureLink--2_CS1 LanguageSelector--RegionLink--2I-tU Button--default--3zkvy&quot; href=&quot;/fr-MU&quot; target=&quot;_self&quot;&gt;Mauritius | Français&lt;/a&gt;&lt;a class=&quot;ListItem--listItem--2wQRK ListItem--disableBorder--DPmOK CountryList--DisclosureLink--2_CS1 LanguageSelector--RegionLink--2I-tU Button--default--3zkvy&quot; href=&quot;/ar-MA&quot; target=&quot;_self&quot;&gt;Morocco | العربية&lt;/a&gt;&lt;a class=&quot;ListItem--listItem--2wQRK ListItem--disableBorder--DPmOK CountryList--DisclosureLink--2_CS1 LanguageSelector--RegionLink--2I-tU Button--default--3zkvy&quot; href=&quot;/fr-MA&quot; target=&quot;_self&quot;&gt;Morocco | Français&lt;/a&gt;&lt;a class=&quot;ListItem--listItem--2wQRK ListItem--disableBorder--DPmOK CountryList--DisclosureLink--2_CS1 LanguageSelector--RegionLink--2I-tU Button--default--3zkvy&quot; href=&quot;/pt-MZ&quot; target=&quot;_self&quot;&gt;Mozambique | Português&lt;/a&gt;&lt;a class=&quot;ListItem--listItem--2wQRK ListItem--disableBorder--DPmOK CountryList--DisclosureLink--2_CS1 LanguageSelector--RegionLink--2I-tU Button--default--3zkvy&quot; href=&quot;/en-NA&quot; target=&quot;_self&quot;&gt;Namibia | English&lt;/a&gt;&lt;a class=&quot;ListItem--listItem--2wQRK ListItem--disableBorder--DPmOK CountryList--DisclosureLink--2_CS1 LanguageSelector--RegionLink--2I-tU Button--default--3zkvy&quot; href=&quot;/fr-NE&quot; target=&quot;_self&quot;&gt;Niger | Français&lt;/a&gt;&lt;a class=&quot;ListItem--listItem--2wQRK ListItem--disableBorder--DPmOK CountryList--DisclosureLink--2_CS1 LanguageSelector--RegionLink--2I-tU Button--default--3zkvy&quot; href=&quot;/en-NG&quot; target=&quot;_self&quot;&gt;Nigeria | English&lt;/a&gt;&lt;a class=&quot;ListItem--listItem--2wQRK ListItem--disableBorder--DPmOK CountryList--DisclosureLink--2_CS1 LanguageSelector--RegionLink--2I-tU Button--default--3zkvy&quot; href=&quot;/fr-RW&quot; target=&quot;_self&quot;&gt;Rwanda | Français&lt;/a&gt;&lt;a class=&quot;ListItem--listItem--2wQRK ListItem--disableBorder--DPmOK CountryList--DisclosureLink--2_CS1 LanguageSelector--RegionLink--2I-tU Button--default--3zkvy&quot; href=&quot;/en-RW&quot; target=&quot;_self&quot;&gt;Rwanda | English&lt;/a&gt;&lt;a class=&quot;ListItem--listItem--2wQRK ListItem--disableBorder--DPmOK CountryList--DisclosureLink--2_CS1 LanguageSelector--RegionLink--2I-tU Button--default--3zkvy&quot; href=&quot;/pt-ST&quot; target=&quot;_self&quot;&gt;Sao Tome and Principe | Português&lt;/a&gt;&lt;a class=&quot;ListItem--listItem--2wQRK ListItem--disableBorder--DPmOK CountryList--DisclosureLink--2_CS1 LanguageSelector--RegionLink--2I-tU Button--default--3zkvy&quot; href=&quot;/fr-SN&quot; target=&quot;_self&quot;&gt;Senegal | Français&lt;/a&gt;&lt;a class=&quot;ListItem--listItem--2wQRK ListItem--disableBorder--DPmOK CountryList--DisclosureLink--2_CS1 LanguageSelector--RegionLink--2I-tU Button--default--3zkvy&quot; href=&quot;/en-SL&quot; target=&quot;_self&quot;&gt;Sierra Leone | English&lt;/a&gt;&lt;a class=&quot;ListItem--listItem--2wQRK ListItem--disableBorder--DPmOK CountryList--DisclosureLink--2_CS1 LanguageSelector--RegionLink--2I-tU Button--default--3zkvy&quot; href=&quot;/ar-SO&quot; target=&quot;_self&quot;&gt;Somalia | العربية&lt;/a&gt;&lt;a class=&quot;ListItem--listItem--2wQRK ListItem--disableBorder--DPmOK CountryList--DisclosureLink--2_CS1 LanguageSelector--RegionLink--2I-tU Button--default--3zkvy&quot; href=&quot;/en-ZA&quot; target=&quot;_self&quot;&gt;South Africa | English&lt;/a&gt;&lt;a class=&quot;ListItem--listItem--2wQRK ListItem--disableBorder--DPmOK CountryList--DisclosureLink--2_CS1 LanguageSelector--RegionLink--2I-tU Button--default--3zkvy&quot; href=&quot;/en-SS&quot; target=&quot;_self&quot;&gt;South Sudan | English&lt;/a&gt;&lt;a class=&quot;ListItem--listItem--2wQRK ListItem--disableBorder--DPmOK CountryList--DisclosureLink--2_CS1 LanguageSelector--RegionLink--2I-tU Button--default--3zkvy&quot; href=&quot;/ar-SD&quot; target=&quot;_self&quot;&gt;Sudan | العربية&lt;/a&gt;&lt;a class=&quot;ListItem--listItem--2wQRK ListItem--disableBorder--DPmOK CountryList--DisclosureLink--2_CS1 LanguageSelector--RegionLink--2I-tU Button--default--3zkvy&quot; href=&quot;/en-SZ&quot; target=&quot;_self&quot;&gt;Swaziland | English&lt;/a&gt;&lt;a class=&quot;ListItem--listItem--2wQRK ListItem--disableBorder--DPmOK CountryList--DisclosureLink--2_CS1 LanguageSelector--RegionLink--2I-tU Button--default--3zkvy&quot; href=&quot;/en-TZ&quot; target=&quot;_self&quot;&gt;Tanzania | English&lt;/a&gt;&lt;a class=&quot;ListItem--listItem--2wQRK ListItem--disableBorder--DPmOK CountryList--DisclosureLink--2_CS1 LanguageSelector--RegionLink--2I-tU Button--default--3zkvy&quot; href=&quot;/fr-TG&quot; target=&quot;_self&quot;&gt;Togo | Français&lt;/a&gt;&lt;a class=&quot;ListItem--listItem--2wQRK ListItem--disableBorder--DPmOK CountryList--DisclosureLink--2_CS1 LanguageSelector--RegionLink--2I-tU Button--default--3zkvy&quot; href=&quot;/ar-TN&quot; target=&quot;_self&quot;&gt;Tunisia | العربية&lt;/a&gt;&lt;a class=&quot;ListItem--listItem--2wQRK ListItem--disableBorder--DPmOK CountryList--DisclosureLink--2_CS1 LanguageSelector--RegionLink--2I-tU Button--default--3zkvy&quot; href=&quot;/en-UG&quot; target=&quot;_self&quot;&gt;Uganda | English&lt;/a&gt;&lt;/div&gt;&lt;/div&gt;&lt;/details&gt;&lt;details class=&quot;LanguageSelector--LanguageSection--3gFMn Disclosure--themeList--25Q0H&quot;&gt;&lt;summary class=&quot;Disclosure--Summary--UuybP CountryList--Summary--CQ0mX LanguageSelector--Summary--58hmO&quot; role=&quot;button&quot; aria-expanded=&quot;false&quot;&gt;&lt;div class=&quot;Disclosure--SummaryDefault--3xAWB&quot;&gt;Asia Pacific&lt;svg set=&quot;ui&quot; name=&quot;caret-down&quot; class=&quot;Disclosure--SummaryIcon--1kGJk Icon--icon--3wCKh&quot; data-testid=&quot;Icon&quot; aria-hidden=&quot;true&quot; role=&quot;img&quot; viewBox=&quot;0 0 24 24&quot;&gt;&lt;title&gt;Arrow Down&lt;/title&gt;&lt;path d=&quot;M12 16.086l7.293-7.293a1 1 0 1 1 1.414 1.414l-8 8a1 1 0 0 1-1.414 0l-8-8a1 1 0 1 1 1.414-1.414L12 16.086z&quot;&gt;&lt;/path&gt;&lt;/svg&gt;&lt;/div&gt;&lt;/summary&gt;&lt;div class=&quot;LanguageSelector--Content--YveVL&quot;&gt;&lt;div class=&quot;CountryList--listContainer--22BSI LanguageSelector--RegionBlock--3xzbe&quot;&gt;&lt;a class=&quot;ListItem--listItem--2wQRK ListItem--disableBorder--DPmOK CountryList--DisclosureLink--2_CS1 LanguageSelector--RegionLink--2I-tU Button--default--3zkvy&quot; href=&quot;/en-AU&quot; target=&quot;_self&quot;&gt;Australia | English&lt;/a&gt;&lt;a class=&quot;ListItem--listItem--2wQRK ListItem--disableBorder--DPmOK CountryList--DisclosureLink--2_CS1 LanguageSelector--RegionLink--2I-tU Button--default--3zkvy&quot; href=&quot;/bn-BD&quot; target=&quot;_self&quot;&gt;Bangladesh | বাংলা&lt;/a&gt;&lt;a class=&quot;ListItem--listItem--2wQRK ListItem--disableBorder--DPmOK CountryList--DisclosureLink--2_CS1 LanguageSelector--RegionLink--2I-tU Button--default--3zkvy&quot; href=&quot;/ms-BN&quot; target=&quot;_self&quot;&gt;Brunei | Bahasa Melayu&lt;/a&gt;&lt;a class=&quot;ListItem--listItem--2wQRK ListItem--disableBorder--DPmOK CountryList--DisclosureLink--2_CS1 LanguageSelector--RegionLink--2I-tU Button--default--3zkvy&quot; href=&quot;/zh-CN&quot; target=&quot;_self&quot;&gt;China | 中文&lt;/a&gt;&lt;a class=&quot;ListItem--listItem--2wQRK ListItem--disableBorder--DPmOK CountryList--DisclosureLink--2_CS1 LanguageSelector--RegionLink--2I-tU Button--default--3zkvy&quot; href=&quot;/zh-HK&quot; target=&quot;_self&quot;&gt;Hong Kong SAR | 中文&lt;/a&gt;&lt;a class=&quot;ListItem--listItem--2wQRK ListItem--disableBorder--DPmOK CountryList--DisclosureLink--2_CS1 LanguageSelector--RegionLink--2I-tU Button--default--3zkvy&quot; href=&quot;/pt-TP&quot; target=&quot;_self&quot;&gt;East Timor | Português&lt;/a&gt;&lt;a class=&quot;ListItem--listItem--2wQRK ListItem--disableBorder--DPmOK CountryList--DisclosureLink--2_CS1 LanguageSelector--RegionLink--2I-tU Button--default--3zkvy&quot; href=&quot;/en-FJ&quot; target=&quot;_self&quot;&gt;Fiji | English&lt;/a&gt;&lt;a class=&quot;ListItem--listItem--2wQRK ListItem--disableBorder--DPmOK CountryList--DisclosureLink--2_CS1 LanguageSelector--RegionLink--2I-tU Button--default--3zkvy&quot; href=&quot;/en-IN&quot; target=&quot;_self&quot;&gt;India (English) | English&lt;/a&gt;&lt;a class=&quot;ListItem--listItem--2wQRK ListItem--disableBorder--DPmOK CountryList--DisclosureLink--2_CS1 LanguageSelector--RegionLink--2I-tU Button--default--3zkvy&quot; href=&quot;/hi-IN&quot; target=&quot;_self&quot;&gt;India (Hindi) | हिन्दी&lt;/a&gt;&lt;a class=&quot;ListItem--listItem--2wQRK ListItem--disableBorder--DPmOK CountryList--DisclosureLink--2_CS1 LanguageSelector--RegionLink--2I-tU Button--default--3zkvy&quot; href=&quot;/id-ID&quot; target=&quot;_self&quot;&gt;Indonesia | Bahasa Indonesia&lt;/a&gt;&lt;a class=&quot;ListItem--listItem--2wQRK ListItem--disableBorder--DPmOK CountryList--DisclosureLink--2_CS1 LanguageSelector--RegionLink--2I-tU Button--default--3zkvy&quot; href=&quot;/ja-JP&quot; target=&quot;_self&quot;&gt;Japan | 日本語&lt;/a&gt;&lt;a class=&quot;ListItem--listItem--2wQRK ListItem--disableBorder--DPmOK CountryList--DisclosureLink--2_CS1 LanguageSelector--RegionLink--2I-tU Button--default--3zkvy&quot; href=&quot;/en-KI&quot; target=&quot;_self&quot;&gt;Kiribati | English&lt;/a&gt;&lt;a class=&quot;ListItem--listItem--2wQRK ListItem--disableBorder--DPmOK CountryList--DisclosureLink--2_CS1 LanguageSelector--RegionLink--2I-tU Button--default--3zkvy&quot; href=&quot;/ko-KR&quot; target=&quot;_self&quot;&gt;South Korea | 한국어&lt;/a&gt;&lt;a class=&quot;ListItem--listItem--2wQRK ListItem--disableBorder--DPmOK CountryList--DisclosureLink--2_CS1 LanguageSelector--RegionLink--2I-tU Button--default--3zkvy&quot; href=&quot;/ru-KG&quot; target=&quot;_self&quot;&gt;Kyrgyzstan | Русский&lt;/a&gt;&lt;a class=&quot;ListItem--listItem--2wQRK ListItem--disableBorder--DPmOK CountryList--DisclosureLink--2_CS1 LanguageSelector--RegionLink--2I-tU Button--default--3zkvy&quot; href=&quot;/ms-MY&quot; target=&quot;_self&quot;&gt;Malaysia | Bahasa Melayu&lt;/a&gt;&lt;a class=&quot;ListItem--listItem--2wQRK ListItem--disableBorder--DPmOK CountryList--DisclosureLink--2_CS1 LanguageSelector--RegionLink--2I-tU Button--default--3zkvy&quot; href=&quot;/en-MH&quot; target=&quot;_self&quot;&gt;Marshall Islands | English&lt;/a&gt;&lt;a class=&quot;ListItem--listItem--2wQRK ListItem--disableBorder--DPmOK CountryList--DisclosureLink--2_CS1 LanguageSelector--RegionLink--2I-tU Button--default--3zkvy&quot; href=&quot;/en-FM&quot; target=&quot;_self&quot;&gt;Micronesia | English&lt;/a&gt;&lt;a class=&quot;ListItem--listItem--2wQRK ListItem--disableBorder--DPmOK CountryList--DisclosureLink--2_CS1 LanguageSelector--RegionLink--2I-tU Button--default--3zkvy&quot; href=&quot;/en-NZ&quot; target=&quot;_self&quot;&gt;New Zealand | English&lt;/a&gt;&lt;a class=&quot;ListItem--listItem--2wQRK ListItem--disableBorder--DPmOK CountryList--DisclosureLink--2_CS1 LanguageSelector--RegionLink--2I-tU Button--default--3zkvy&quot; href=&quot;/en-PW&quot; target=&quot;_self&quot;&gt;Palau | English&lt;/a&gt;&lt;a class=&quot;ListItem--listItem--2wQRK ListItem--disableBorder--DPmOK CountryList--DisclosureLink--2_CS1 LanguageSelector--RegionLink--2I-tU Button--default--3zkvy&quot; href=&quot;/en-PH&quot; target=&quot;_self&quot;&gt;Philippines | English&lt;/a&gt;&lt;a class=&quot;ListItem--listItem--2wQRK ListItem--disableBorder--DPmOK CountryList--DisclosureLink--2_CS1 LanguageSelector--RegionLink--2I-tU Button--default--3zkvy&quot; href=&quot;/tl-PH&quot; target=&quot;_self&quot;&gt;Philippines | Tagalog&lt;/a&gt;&lt;a class=&quot;ListItem--listItem--2wQRK ListItem--disableBorder--DPmOK CountryList--DisclosureLink--2_CS1 LanguageSelector--RegionLink--2I-tU Button--default--3zkvy&quot; href=&quot;/en-AS&quot; target=&quot;_self&quot;&gt;Samoa | English&lt;/a&gt;&lt;a class=&quot;ListItem--listItem--2wQRK ListItem--disableBorder--DPmOK CountryList--DisclosureLink--2_CS1 LanguageSelector--RegionLink--2I-tU Button--default--3zkvy&quot; href=&quot;/en-SG&quot; target=&quot;_self&quot;&gt;Singapore | English&lt;/a&gt;&lt;a class=&quot;ListItem--listItem--2wQRK ListItem--disableBorder--DPmOK CountryList--DisclosureLink--2_CS1 LanguageSelector--RegionLink--2I-tU Button--default--3zkvy&quot; href=&quot;/zh-SG&quot; target=&quot;_self&quot;&gt;Singapore | 中文&lt;/a&gt;&lt;a class=&quot;ListItem--listItem--2wQRK ListItem--disableBorder--DPmOK CountryList--DisclosureLink--2_CS1 LanguageSelector--RegionLink--2I-tU Button--default--3zkvy&quot; href=&quot;/en-SB&quot; target=&quot;_self&quot;&gt;Solomon Islands | English&lt;/a&gt;&lt;a class=&quot;ListItem--listItem--2wQRK ListItem--disableBorder--DPmOK CountryList--DisclosureLink--2_CS1 LanguageSelector--RegionLink--2I-tU Button--default--3zkvy&quot; href=&quot;/zh-TW&quot; target=&quot;_self&quot;&gt;Taiwan | 中文&lt;/a&gt;&lt;a class=&quot;ListItem--listItem--2wQRK ListItem--disableBorder--DPmOK CountryList--DisclosureLink--2_CS1 LanguageSelector--RegionLink--2I-tU Button--default--3zkvy&quot; href=&quot;/th-TH&quot; target=&quot;_self&quot;&gt;Thailand | ไทย&lt;/a&gt;&lt;a class=&quot;ListItem--listItem--2wQRK ListItem--disableBorder--DPmOK CountryList--DisclosureLink--2_CS1 LanguageSelector--RegionLink--2I-tU Button--default--3zkvy&quot; href=&quot;/en-TO&quot; target=&quot;_self&quot;&gt;Tonga | English&lt;/a&gt;&lt;a class=&quot;ListItem--listItem--2wQRK ListItem--disableBorder--DPmOK CountryList--DisclosureLink--2_CS1 LanguageSelector--RegionLink--2I-tU Button--default--3zkvy&quot; href=&quot;/en-TV&quot; target=&quot;_self&quot;&gt;Tuvalu | English&lt;/a&gt;&lt;a class=&quot;ListItem--listItem--2wQRK ListItem--disableBorder--DPmOK CountryList--DisclosureLink--2_CS1 LanguageSelector--RegionLink--2I-tU Button--default--3zkvy&quot; href=&quot;/en-VU&quot; target=&quot;_self&quot;&gt;Vanuatu | English&lt;/a&gt;&lt;a class=&quot;ListItem--listItem--2wQRK ListItem--disableBorder--DPmOK CountryList--DisclosureLink--2_CS1 LanguageSelector--RegionLink--2I-tU Button--default--3zkvy&quot; href=&quot;/fr-VU&quot; target=&quot;_self&quot;&gt;Vanuatu | Français&lt;/a&gt;&lt;a class=&quot;ListItem--listItem--2wQRK ListItem--disableBorder--DPmOK CountryList--DisclosureLink--2_CS1 LanguageSelector--RegionLink--2I-tU Button--default--3zkvy&quot; href=&quot;/vi-VN&quot; target=&quot;_self&quot;&gt;Vietnam | Tiếng Việt&lt;/a&gt;&lt;/div&gt;&lt;/div&gt;&lt;/details&gt;&lt;details class=&quot;LanguageSelector--LanguageSection--3gFMn Disclosure--themeList--25Q0H&quot;&gt;&lt;summary class=&quot;Disclosure--Summary--UuybP CountryList--Summary--CQ0mX LanguageSelector--Summary--58hmO&quot; role=&quot;button&quot; aria-expanded=&quot;false&quot;&gt;&lt;div class=&quot;Disclosure--SummaryDefault--3xAWB&quot;&gt;Europe&lt;svg set=&quot;ui&quot; name=&quot;caret-down&quot; class=&quot;Disclosure--SummaryIcon--1kGJk Icon--icon--3wCKh&quot; data-testid=&quot;Icon&quot; aria-hidden=&quot;true&quot; role=&quot;img&quot; viewBox=&quot;0 0 24 24&quot;&gt;&lt;title&gt;Arrow Down&lt;/title&gt;&lt;path d=&quot;M12 16.086l7.293-7.293a1 1 0 1 1 1.414 1.414l-8 8a1 1 0 0 1-1.414 0l-8-8a1 1 0 1 1 1.414-1.414L12 16.086z&quot;&gt;&lt;/path&gt;&lt;/svg&gt;&lt;/div&gt;&lt;/summary&gt;&lt;div class=&quot;LanguageSelector--Content--YveVL&quot;&gt;&lt;div class=&quot;CountryList--listContainer--22BSI LanguageSelector--RegionBlock--3xzbe&quot;&gt;&lt;a class=&quot;ListItem--listItem--2wQRK ListItem--disableBorder--DPmOK CountryList--DisclosureLink--2_CS1 LanguageSelector--RegionLink--2I-tU Button--default--3zkvy&quot; href=&quot;/ca-AD&quot; target=&quot;_self&quot;&gt;Andorra | Català&lt;/a&gt;&lt;a class=&quot;ListItem--listItem--2wQRK ListItem--disableBorder--DPmOK CountryList--DisclosureLink--2_CS1 LanguageSelector--RegionLink--2I-tU Button--default--3zkvy&quot; href=&quot;/fr-AD&quot; target=&quot;_self&quot;&gt;Andorra | Français&lt;/a&gt;&lt;a class=&quot;ListItem--listItem--2wQRK ListItem--disableBorder--DPmOK CountryList--DisclosureLink--2_CS1 LanguageSelector--RegionLink--2I-tU Button--default--3zkvy&quot; href=&quot;/de-AT&quot; target=&quot;_self&quot;&gt;Austria | Deutsch&lt;/a&gt;&lt;a class=&quot;ListItem--listItem--2wQRK ListItem--disableBorder--DPmOK CountryList--DisclosureLink--2_CS1 LanguageSelector--RegionLink--2I-tU Button--default--3zkvy&quot; href=&quot;/ru-BY&quot; target=&quot;_self&quot;&gt;Belarus | Русский&lt;/a&gt;&lt;a class=&quot;ListItem--listItem--2wQRK ListItem--disableBorder--DPmOK CountryList--DisclosureLink--2_CS1 LanguageSelector--RegionLink--2I-tU Button--default--3zkvy&quot; href=&quot;/nl-BE&quot; target=&quot;_self&quot;&gt;Belgium | Dutch&lt;/a&gt;&lt;a class=&quot;ListItem--listItem--2wQRK ListItem--disableBorder--DPmOK CountryList--DisclosureLink--2_CS1 LanguageSelector--RegionLink--2I-tU Button--default--3zkvy&quot; href=&quot;/fr-BE&quot; target=&quot;_self&quot;&gt;Belgium | Français&lt;/a&gt;&lt;a class=&quot;ListItem--listItem--2wQRK ListItem--disableBorder--DPmOK CountryList--DisclosureLink--2_CS1 LanguageSelector--RegionLink--2I-tU Button--default--3zkvy&quot; href=&quot;/hr-BA&quot; target=&quot;_self&quot;&gt;Bosnia and Herzegovina | Hrvatski&lt;/a&gt;&lt;a class=&quot;ListItem--listItem--2wQRK ListItem--disableBorder--DPmOK CountryList--DisclosureLink--2_CS1 LanguageSelector--RegionLink--2I-tU Button--default--3zkvy&quot; href=&quot;/hr-HR&quot; target=&quot;_self&quot;&gt;Croatia | Hrvatski&lt;/a&gt;&lt;a class=&quot;ListItem--listItem--2wQRK ListItem--disableBorder--DPmOK CountryList--DisclosureLink--2_CS1 LanguageSelector--RegionLink--2I-tU Button--default--3zkvy&quot; href=&quot;/el-CY&quot; target=&quot;_self&quot;&gt;Cyprus | Ελληνικά&lt;/a&gt;&lt;a class=&quot;ListItem--listItem--2wQRK ListItem--disableBorder--DPmOK CountryList--DisclosureLink--2_CS1 LanguageSelector--RegionLink--2I-tU Button--default--3zkvy&quot; href=&quot;/cs-CZ&quot; target=&quot;_self&quot;&gt;Czech Republic | Čeština&lt;/a&gt;&lt;a class=&quot;ListItem--listItem--2wQRK ListItem--disableBorder--DPmOK CountryList--DisclosureLink--2_CS1 LanguageSelector--RegionLink--2I-tU Button--default--3zkvy&quot; href=&quot;/da-DK&quot; target=&quot;_self&quot;&gt;Denmark | Dansk&lt;/a&gt;&lt;a class=&quot;ListItem--listItem--2wQRK ListItem--disableBorder--DPmOK CountryList--DisclosureLink--2_CS1 LanguageSelector--RegionLink--2I-tU Button--default--3zkvy&quot; href=&quot;/ru-EE&quot; target=&quot;_self&quot;&gt;Estonia | Русский&lt;/a&gt;&lt;a class=&quot;ListItem--listItem--2wQRK ListItem--disableBorder--DPmOK CountryList--DisclosureLink--2_CS1 LanguageSelector--RegionLink--2I-tU Button--default--3zkvy&quot; href=&quot;/et-EE&quot; target=&quot;_self&quot;&gt;Estonia | Eesti&lt;/a&gt;&lt;a class=&quot;ListItem--listItem--2wQRK ListItem--disableBorder--DPmOK CountryList--DisclosureLink--2_CS1 LanguageSelector--RegionLink--2I-tU Button--default--3zkvy&quot; href=&quot;/fi-FI&quot; target=&quot;_self&quot;&gt;Finland | Suomi&lt;/a&gt;&lt;a class=&quot;ListItem--listItem--2wQRK ListItem--disableBorder--DPmOK CountryList--DisclosureLink--2_CS1 LanguageSelector--RegionLink--2I-tU Button--default--3zkvy&quot; href=&quot;/fr-FR&quot; target=&quot;_self&quot;&gt;France | Français&lt;/a&gt;&lt;a class=&quot;ListItem--listItem--2wQRK ListItem--disableBorder--DPmOK CountryList--DisclosureLink--2_CS1 LanguageSelector--RegionLink--2I-tU Button--default--3zkvy&quot; href=&quot;/de-DE&quot; target=&quot;_self&quot;&gt;Germany | Deutsch&lt;/a&gt;&lt;a class=&quot;ListItem--listItem--2wQRK ListItem--disableBorder--DPmOK CountryList--DisclosureLink--2_CS1 LanguageSelector--RegionLink--2I-tU Button--default--3zkvy&quot; href=&quot;/el-GR&quot; target=&quot;_self&quot;&gt;Greece | Ελληνικά&lt;/a&gt;&lt;a class=&quot;ListItem--listItem--2wQRK ListItem--disableBorder--DPmOK CountryList--DisclosureLink--2_CS1 LanguageSelector--RegionLink--2I-tU Button--default--3zkvy&quot; href=&quot;/hu-HU&quot; target=&quot;_self&quot;&gt;Hungary | Magyar&lt;/a&gt;&lt;a class=&quot;ListItem--listItem--2wQRK ListItem--disableBorder--DPmOK CountryList--DisclosureLink--2_CS1 LanguageSelector--RegionLink--2I-tU Button--default--3zkvy&quot; href=&quot;/en-IE&quot; target=&quot;_self&quot;&gt;Ireland | English&lt;/a&gt;&lt;a class=&quot;ListItem--listItem--2wQRK ListItem--disableBorder--DPmOK CountryList--DisclosureLink--2_CS1 LanguageSelector--RegionLink--2I-tU Button--default--3zkvy&quot; href=&quot;/it-IT&quot; target=&quot;_self&quot;&gt;Italy | Italiano&lt;/a&gt;&lt;a class=&quot;ListItem--listItem--2wQRK ListItem--disableBorder--DPmOK CountryList--DisclosureLink--2_CS1 LanguageSelector--RegionLink--2I-tU Button--default--3zkvy&quot; href=&quot;/de-LI&quot; target=&quot;_self&quot;&gt;Liechtenstein | Deutsch&lt;/a&gt;&lt;a class=&quot;ListItem--listItem--2wQRK ListItem--disableBorder--DPmOK CountryList--DisclosureLink--2_CS1 LanguageSelector--RegionLink--2I-tU Button--default--3zkvy&quot; href=&quot;/fr-LU&quot; target=&quot;_self&quot;&gt;Luxembourg | Français&lt;/a&gt;&lt;a class=&quot;ListItem--listItem--2wQRK ListItem--disableBorder--DPmOK CountryList--DisclosureLink--2_CS1 LanguageSelector--RegionLink--2I-tU Button--default--3zkvy&quot; href=&quot;/en-MT&quot; target=&quot;_self&quot;&gt;Malta | English&lt;/a&gt;&lt;a class=&quot;ListItem--listItem--2wQRK ListItem--disableBorder--DPmOK CountryList--DisclosureLink--2_CS1 LanguageSelector--RegionLink--2I-tU Button--default--3zkvy&quot; href=&quot;/fr-MC&quot; target=&quot;_self&quot;&gt;Monaco | Français&lt;/a&gt;&lt;a class=&quot;ListItem--listItem--2wQRK ListItem--disableBorder--DPmOK CountryList--DisclosureLink--2_CS1 LanguageSelector--RegionLink--2I-tU Button--default--3zkvy&quot; href=&quot;/nl-NL&quot; target=&quot;_self&quot;&gt;Netherlands | Nederlands&lt;/a&gt;&lt;a class=&quot;ListItem--listItem--2wQRK ListItem--disableBorder--DPmOK CountryList--DisclosureLink--2_CS1 LanguageSelector--RegionLink--2I-tU Button--default--3zkvy&quot; href=&quot;/no-NO&quot; target=&quot;_self&quot;&gt;Norway | Norsk&lt;/a&gt;&lt;a class=&quot;ListItem--listItem--2wQRK ListItem--disableBorder--DPmOK CountryList--DisclosureLink--2_CS1 LanguageSelector--RegionLink--2I-tU Button--default--3zkvy&quot; href=&quot;/pl-PL&quot; target=&quot;_self&quot;&gt;Poland | Polski&lt;/a&gt;&lt;a class=&quot;ListItem--listItem--2wQRK ListItem--disableBorder--DPmOK CountryList--DisclosureLink--2_CS1 LanguageSelector--RegionLink--2I-tU Button--default--3zkvy&quot; href=&quot;/pt-PT&quot; target=&quot;_self&quot;&gt;Portugal | Português&lt;/a&gt;&lt;a class=&quot;ListItem--listItem--2wQRK ListItem--disableBorder--DPmOK CountryList--DisclosureLink--2_CS1 LanguageSelector--RegionLink--2I-tU Button--default--3zkvy&quot; href=&quot;/ro-RO&quot; target=&quot;_self&quot;&gt;Romania | Română&lt;/a&gt;&lt;a class=&quot;ListItem--listItem--2wQRK ListItem--disableBorder--DPmOK CountryList--DisclosureLink--2_CS1 LanguageSelector--RegionLink--2I-tU Button--default--3zkvy&quot; href=&quot;/ru-RU&quot; target=&quot;_self&quot;&gt;Russia | Русский&lt;/a&gt;&lt;a class=&quot;ListItem--listItem--2wQRK ListItem--disableBorder--DPmOK CountryList--DisclosureLink--2_CS1 LanguageSelector--RegionLink--2I-tU Button--default--3zkvy&quot; href=&quot;/it-SM&quot; target=&quot;_self&quot;&gt;San Marino | Italiano&lt;/a&gt;&lt;a class=&quot;ListItem--listItem--2wQRK ListItem--disableBorder--DPmOK CountryList--DisclosureLink--2_CS1 LanguageSelector--RegionLink--2I-tU Button--default--3zkvy&quot; href=&quot;/sk-SK&quot; target=&quot;_self&quot;&gt;Slovakia | Slovenčina&lt;/a&gt;&lt;a class=&quot;ListItem--listItem--2wQRK ListItem--disableBorder--DPmOK CountryList--DisclosureLink--2_CS1 LanguageSelector--RegionLink--2I-tU Button--default--3zkvy&quot; href=&quot;/es-ES&quot; target=&quot;_self&quot;&gt;Spain | Español&lt;/a&gt;&lt;a class=&quot;ListItem--listItem--2wQRK ListItem--disableBorder--DPmOK CountryList--DisclosureLink--2_CS1 LanguageSelector--RegionLink--2I-tU Button--default--3zkvy&quot; href=&quot;/ca-ES&quot; target=&quot;_self&quot;&gt;Spain | Català&lt;/a&gt;&lt;a class=&quot;ListItem--listItem--2wQRK ListItem--disableBorder--DPmOK CountryList--DisclosureLink--2_CS1 LanguageSelector--RegionLink--2I-tU Button--default--3zkvy&quot; href=&quot;/sv-SE&quot; target=&quot;_self&quot;&gt;Sweden | Svenska&lt;/a&gt;&lt;a class=&quot;ListItem--listItem--2wQRK ListItem--disableBorder--DPmOK CountryList--DisclosureLink--2_CS1 LanguageSelector--RegionLink--2I-tU Button--default--3zkvy&quot; href=&quot;/de-CH&quot; target=&quot;_self&quot;&gt;Switzerland | Deutsch&lt;/a&gt;&lt;a class=&quot;ListItem--listItem--2wQRK ListItem--disableBorder--DPmOK CountryList--DisclosureLink--2_CS1 LanguageSelector--RegionLink--2I-tU Button--default--3zkvy&quot; href=&quot;/tr-TR&quot; target=&quot;_self&quot;&gt;Turkey | Turkçe&lt;/a&gt;&lt;a class=&quot;ListItem--listItem--2wQRK ListItem--disableBorder--DPmOK CountryList--DisclosureLink--2_CS1 LanguageSelector--RegionLink--2I-tU Button--default--3zkvy&quot; href=&quot;/uk-UA&quot; target=&quot;_self&quot;&gt;Ukraine | Українська&lt;/a&gt;&lt;a class=&quot;ListItem--listItem--2wQRK ListItem--disableBorder--DPmOK CountryList--DisclosureLink--2_CS1 LanguageSelector--RegionLink--2I-tU Button--default--3zkvy&quot; href=&quot;/en-GB&quot; target=&quot;_self&quot;&gt;United Kingdom | English&lt;/a&gt;&lt;a class=&quot;ListItem--listItem--2wQRK ListItem--disableBorder--DPmOK CountryList--DisclosureLink--2_CS1 LanguageSelector--RegionLink--2I-tU Button--default--3zkvy&quot; href=&quot;/it-VA&quot; target=&quot;_self&quot;&gt;State of Vatican City (Holy See) | Italiano&lt;/a&gt;&lt;/div&gt;&lt;/div&gt;&lt;/details&gt;&lt;details class=&quot;LanguageSelector--LanguageSection--3gFMn Disclosure--themeList--25Q0H&quot;&gt;&lt;summary class=&quot;Disclosure--Summary--UuybP CountryList--Summary--CQ0mX LanguageSelector--Summary--58hmO&quot; role=&quot;button&quot; aria-expanded=&quot;false&quot;&gt;&lt;div class=&quot;Disclosure--SummaryDefault--3xAWB&quot;&gt;Middle East&lt;svg set=&quot;ui&quot; name=&quot;caret-down&quot; class=&quot;Disclosure--SummaryIcon--1kGJk Icon--icon--3wCKh&quot; data-testid=&quot;Icon&quot; aria-hidden=&quot;true&quot; role=&quot;img&quot; viewBox=&quot;0 0 24 24&quot;&gt;&lt;title&gt;Arrow Down&lt;/title&gt;&lt;path d=&quot;M12 16.086l7.293-7.293a1 1 0 1 1 1.414 1.414l-8 8a1 1 0 0 1-1.414 0l-8-8a1 1 0 1 1 1.414-1.414L12 16.086z&quot;&gt;&lt;/path&gt;&lt;/svg&gt;&lt;/div&gt;&lt;/summary&gt;&lt;div class=&quot;LanguageSelector--Content--YveVL&quot;&gt;&lt;div class=&quot;CountryList--listContainer--22BSI LanguageSelector--RegionBlock--3xzbe&quot;&gt;&lt;a class=&quot;ListItem--listItem--2wQRK ListItem--disableBorder--DPmOK CountryList--DisclosureLink--2_CS1 LanguageSelector--RegionLink--2I-tU Button--default--3zkvy&quot; href=&quot;/ar-BH&quot; target=&quot;_self&quot;&gt;Bahrain | العربية&lt;/a&gt;&lt;a class=&quot;ListItem--listItem--2wQRK ListItem--disableBorder--DPmOK CountryList--DisclosureLink--2_CS1 LanguageSelector--RegionLink--2I-tU Button--default--3zkvy&quot; href=&quot;/fa-IR&quot; target=&quot;_self&quot;&gt;Iran |  فارسى&lt;/a&gt;&lt;a class=&quot;ListItem--listItem--2wQRK ListItem--disableBorder--DPmOK CountryList--DisclosureLink--2_CS1 LanguageSelector--RegionLink--2I-tU Button--default--3zkvy&quot; href=&quot;/ar-IQ&quot; target=&quot;_self&quot;&gt;Iraq | العربية&lt;/a&gt;&lt;a class=&quot;ListItem--listItem--2wQRK ListItem--disableBorder--DPmOK CountryList--DisclosureLink--2_CS1 LanguageSelector--RegionLink--2I-tU Button--default--3zkvy&quot; href=&quot;/he-IL&quot; target=&quot;_self&quot;&gt;Israel | עִבְרִית&lt;/a&gt;&lt;a class=&quot;ListItem--listItem--2wQRK ListItem--disableBorder--DPmOK CountryList--DisclosureLink--2_CS1 LanguageSelector--RegionLink--2I-tU Button--default--3zkvy&quot; href=&quot;/ar-JO&quot; target=&quot;_self&quot;&gt;Jordan | العربية&lt;/a&gt;&lt;a class=&quot;ListItem--listItem--2wQRK ListItem--disableBorder--DPmOK CountryList--DisclosureLink--2_CS1 LanguageSelector--RegionLink--2I-tU Button--default--3zkvy&quot; href=&quot;/ar-KW&quot; target=&quot;_self&quot;&gt;Kuwait | العربية&lt;/a&gt;&lt;a class=&quot;ListItem--listItem--2wQRK ListItem--disableBorder--DPmOK CountryList--DisclosureLink--2_CS1 LanguageSelector--RegionLink--2I-tU Button--default--3zkvy&quot; href=&quot;/ar-LB&quot; target=&quot;_self&quot;&gt;Lebanon | العربية&lt;/a&gt;&lt;a class=&quot;ListItem--listItem--2wQRK ListItem--disableBorder--DPmOK CountryList--DisclosureLink--2_CS1 LanguageSelector--RegionLink--2I-tU Button--default--3zkvy&quot; href=&quot;/ar-OM&quot; target=&quot;_self&quot;&gt;Oman | العربية&lt;/a&gt;&lt;a class=&quot;ListItem--listItem--2wQRK ListItem--disableBorder--DPmOK CountryList--DisclosureLink--2_CS1 LanguageSelector--RegionLink--2I-tU Button--default--3zkvy&quot; href=&quot;/ur-PK&quot; target=&quot;_self&quot;&gt;Pakistan |  اردو&lt;/a&gt;&lt;a class=&quot;ListItem--listItem--2wQRK ListItem--disableBorder--DPmOK CountryList--DisclosureLink--2_CS1 LanguageSelector--RegionLink--2I-tU Button--default--3zkvy&quot; href=&quot;/en-PK&quot; target=&quot;_self&quot;&gt;Pakistan | English&lt;/a&gt;&lt;a class=&quot;ListItem--listItem--2wQRK ListItem--disableBorder--DPmOK CountryList--DisclosureLink--2_CS1 LanguageSelector--RegionLink--2I-tU Button--default--3zkvy&quot; href=&quot;/ar-QA&quot; target=&quot;_self&quot;&gt;Qatar | العربية&lt;/a&gt;&lt;a class=&quot;ListItem--listItem--2wQRK ListItem--disableBorder--DPmOK CountryList--DisclosureLink--2_CS1 LanguageSelector--RegionLink--2I-tU Button--default--3zkvy&quot; href=&quot;/ar-SA&quot; target=&quot;_self&quot;&gt;Saudi Arabia | العربية&lt;/a&gt;&lt;a class=&quot;ListItem--listItem--2wQRK ListItem--disableBorder--DPmOK CountryList--DisclosureLink--2_CS1 LanguageSelector--RegionLink--2I-tU Button--default--3zkvy&quot; href=&quot;/ar-SY&quot; target=&quot;_self&quot;&gt;Syria | العربية&lt;/a&gt;&lt;a class=&quot;ListItem--listItem--2wQRK ListItem--disableBorder--DPmOK CountryList--DisclosureLink--2_CS1 LanguageSelector--RegionLink--2I-tU Button--default--3zkvy&quot; href=&quot;/ar-AE&quot; target=&quot;_self&quot;&gt;United Arab Emirates | العربية&lt;/a&gt;&lt;/div&gt;&lt;/div&gt;&lt;/details&gt;&lt;/div&gt;&lt;/div&gt;&lt;/nav&gt;&lt;/div&gt;&lt;div class=&quot;&quot;&gt;&lt;div class=&quot;MainMenu--menuInner--zXZM2&quot;&gt;&lt;button data-testid=&quot;hamburgerMenu&quot; class=&quot;MainMenu--menuButton--2eJBA Button--default--3zkvy&quot; type=&quot;button&quot; id=&quot;MainMenuTrigger&quot; aria-haspopup=&quot;menu&quot; aria-expanded=&quot;false&quot; aria-label=&quot;Menu&quot;&gt;&lt;span aria-hidden=&quot;true&quot; class=&quot;MainMenu--icon--KnYY0&quot;&gt;&lt;/span&gt;&lt;/button&gt;&lt;nav class=&quot;ExpandableMenu--ExpandableMenu--2HGl7 ExpandableMenu--fullWidth--1M1DN MainMenu--rootMenu--3XK92&quot; aria-hidden=&quot;true&quot; hidden=&quot;&quot; tabindex=&quot;-1&quot;&gt;&lt;div class=&quot;ExpandableMenu--inner--39JQs ExpandableMenu--bottomRoundBorder--NTgMw ExpandableMenu--outline--CVSXy ExpandableMenu--fullWidthInner--1_Onm MainMenu--menuInner--zXZM2&quot;&gt;&lt;div class=&quot;&quot;&gt;&lt;section aria-label=&quot;Site Navigation Links&quot; data-testid=&quot;MainMenu&quot; class=&quot;SiteNavigationLinks--menu--AwUVS&quot;&gt;&lt;div class=&quot;SiteNavigationLinks--Navigation--3Fz1b&quot;&gt;&lt;nav aria-label=&quot;Weather&quot; class=&quot;SiteNavigationLinks--navigationList--VYZkB&quot; data-testid=&quot;weather&quot;&gt;&lt;span class=&quot;SiteNavigationLinks--title--_kIVC&quot;&gt;Weather&lt;/span&gt;&lt;div class=&quot;SiteNavigationLinks--navigationListItems--7Iux3&quot;&gt;&lt;button data-testid=&quot;todayForecast&quot; class=&quot;ListItem--listItem--2wQRK ListItem--disableBorder--DPmOK SiteNavigationLinks--navigationItem--2fxdn Button--default--3zkvy&quot; type=&quot;button&quot;&gt;Today&apos;s Forecast&lt;/button&gt;&lt;button data-testid=&quot;hourlyForecast&quot; class=&quot;ListItem--listItem--2wQRK ListItem--disableBorder--DPmOK SiteNavigationLinks--navigationItem--2fxdn Button--default--3zkvy&quot; type=&quot;button&quot;&gt;Hourly Forecast&lt;/button&gt;&lt;button data-testid=&quot;tenDayForecast&quot; class=&quot;ListItem--listItem--2wQRK ListItem--disableBorder--DPmOK SiteNavigationLinks--navigationItem--2fxdn Button--default--3zkvy&quot; type=&quot;button&quot;&gt;10 Day Forecast&lt;/button&gt;&lt;button data-testid=&quot;weekendForecast&quot; class=&quot;ListItem--listItem--2wQRK ListItem--disableBorder--DPmOK SiteNavigationLinks--navigationItem--2fxdn Button--default--3zkvy&quot; type=&quot;button&quot;&gt;Weekend Forecast&lt;/button&gt;&lt;button data-testid=&quot;monthlyForecast&quot; class=&quot;ListItem--listItem--2wQRK ListItem--disableBorder--DPmOK SiteNavigationLinks--navigationItem--2fxdn Button--default--3zkvy&quot; type=&quot;button&quot;&gt;Monthly Forecast&lt;/button&gt;&lt;button data-testid=&quot;nationalForecast&quot; class=&quot;ListItem--listItem--2wQRK ListItem--disableBorder--DPmOK SiteNavigationLinks--navigationItem--2fxdn Button--default--3zkvy&quot; type=&quot;button&quot;&gt;National Forecast&lt;/button&gt;&lt;button data-testid=&quot;nationalNews&quot; class=&quot;ListItem--listItem--2wQRK ListItem--disableBorder--DPmOK SiteNavigationLinks--navigationItem--2fxdn Button--default--3zkvy&quot; type=&quot;button&quot;&gt;National News&lt;/button&gt;&lt;button data-testid=&quot;Almanac&quot; class=&quot;ListItem--listItem--2wQRK ListItem--disableBorder--DPmOK SiteNavigationLinks--navigationItem--2fxdn Button--default--3zkvy&quot; type=&quot;button&quot;&gt;Almanac&lt;/button&gt;&lt;/div&gt;&lt;/nav&gt;&lt;nav aria-label=&quot;radar&quot; class=&quot;SiteNavigationLinks--navigationList--VYZkB&quot; data-testid=&quot;radar&quot;&gt;&lt;span class=&quot;SiteNavigationLinks--title--_kIVC&quot;&gt;radar&lt;/span&gt;&lt;div class=&quot;SiteNavigationLinks--navigationListItems--7Iux3&quot;&gt;&lt;button data-testid=&quot;WeatherinMotion®&quot; class=&quot;ListItem--listItem--2wQRK ListItem--disableBorder--DPmOK SiteNavigationLinks--navigationItem--2fxdn Button--default--3zkvy&quot; type=&quot;button&quot;&gt;Weather in Motion®&lt;/button&gt;&lt;button data-testid=&quot;radarMaps&quot; class=&quot;ListItem--listItem--2wQRK ListItem--disableBorder--DPmOK SiteNavigationLinks--navigationItem--2fxdn Button--default--3zkvy&quot; type=&quot;button&quot;&gt;Radar Maps&lt;/button&gt;&lt;button data-testid=&quot;classicWeatherMaps&quot; class=&quot;ListItem--listItem--2wQRK ListItem--disableBorder--DPmOK SiteNavigationLinks--navigationItem--2fxdn Button--default--3zkvy&quot; type=&quot;button&quot;&gt;Classic Weather Maps&lt;/button&gt;&lt;button data-testid=&quot;regionalSatellite&quot; class=&quot;ListItem--listItem--2wQRK ListItem--disableBorder--DPmOK SiteNavigationLinks--navigationItem--2fxdn Button--default--3zkvy&quot; type=&quot;button&quot;&gt;Regional Satellite&lt;/button&gt;&lt;/div&gt;&lt;/nav&gt;&lt;nav aria-label=&quot;Severe&quot; class=&quot;SiteNavigationLinks--navigationList--VYZkB&quot; data-testid=&quot;severe&quot;&gt;&lt;span class=&quot;SiteNavigationLinks--title--_kIVC&quot;&gt;Severe&lt;/span&gt;&lt;div class=&quot;SiteNavigationLinks--navigationListItems--7Iux3&quot;&gt;&lt;button data-testid=&quot;severeAlerts&quot; class=&quot;ListItem--listItem--2wQRK ListItem--disableBorder--DPmOK SiteNavigationLinks--navigationItem--2fxdn Button--default--3zkvy&quot; type=&quot;button&quot;&gt;Severe Alerts&lt;/button&gt;&lt;button data-testid=&quot;safetyPreparedness&quot; class=&quot;ListItem--listItem--2wQRK ListItem--disableBorder--DPmOK SiteNavigationLinks--navigationItem--2fxdn Button--default--3zkvy&quot; type=&quot;button&quot;&gt;Safety &amp;amp; Preparedness&lt;/button&gt;&lt;button data-testid=&quot;hurricaneCentral&quot; class=&quot;ListItem--listItem--2wQRK ListItem--disableBorder--DPmOK SiteNavigationLinks--navigationItem--2fxdn Button--default--3zkvy&quot; type=&quot;button&quot;&gt;Hurricane Central&lt;/button&gt;&lt;/div&gt;&lt;/nav&gt;&lt;nav aria-label=&quot;Account&quot; class=&quot;SiteNavigationLinks--navigationList--VYZkB&quot; data-testid=&quot;Account&quot;&gt;&lt;div class=&quot;SiteNavigationLinks--title--_kIVC&quot;&gt;Account&lt;/div&gt;&lt;a class=&quot;SiteNavigationLinks--loginButton--WD-EN Button--primary--1UQTP&quot; href=&quot;/subscribe?tpcc=mktg-home-hamburger-subscribe&quot; target=&quot;_self&quot;&gt;Subscribe&lt;/a&gt;&lt;div class=&quot;SiteNavigationLinks--accountItem--3NFzo&quot;&gt;&lt;span class=&quot;SiteNavigationLinks--alreadyMemberText--21ThA&quot;&gt;Already a subscriber? &lt;/span&gt;&lt;button data-testid=&quot;ctaButton&quot; class=&quot;SiteNavigationLinks--loginLink--3Zm5G Button--default--3zkvy&quot; type=&quot;button&quot;&gt;Log In&lt;/button&gt;&lt;/div&gt;&lt;/nav&gt;&lt;nav aria-label=&quot;Video &amp;amp; Photos&quot; class=&quot;SiteNavigationLinks--navigationList--VYZkB&quot; data-testid=&quot;videoPhotos&quot;&gt;&lt;span class=&quot;SiteNavigationLinks--title--_kIVC&quot;&gt;Video &amp;amp; Photos&lt;/span&gt;&lt;div class=&quot;SiteNavigationLinks--navigationListItems--7Iux3&quot;&gt;&lt;button data-testid=&quot;topStories&quot; class=&quot;ListItem--listItem--2wQRK ListItem--disableBorder--DPmOK SiteNavigationLinks--navigationItem--2fxdn Button--default--3zkvy&quot; type=&quot;button&quot;&gt;Top Stories&lt;/button&gt;&lt;button data-testid=&quot;video&quot; class=&quot;ListItem--listItem--2wQRK ListItem--disableBorder--DPmOK SiteNavigationLinks--navigationItem--2fxdn Button--default--3zkvy&quot; type=&quot;button&quot;&gt;Video&lt;/button&gt;&lt;button data-testid=&quot;photos&quot; class=&quot;ListItem--listItem--2wQRK ListItem--disableBorder--DPmOK SiteNavigationLinks--navigationItem--2fxdn Button--default--3zkvy&quot; type=&quot;button&quot;&gt;Photos&lt;/button&gt;&lt;button data-testid=&quot;climateNews&quot; class=&quot;ListItem--listItem--2wQRK ListItem--disableBorder--DPmOK SiteNavigationLinks--navigationItem--2fxdn Button--default--3zkvy&quot; type=&quot;button&quot;&gt;Climate News&lt;svg set=&quot;ui&quot; name=&quot;external-link&quot; class=&quot;SiteNavigationLinks--navLinkIcon--3ffNT Icon--icon--3wCKh&quot; data-testid=&quot;Icon&quot; aria-hidden=&quot;true&quot; role=&quot;img&quot; width=&quot;16&quot; viewBox=&quot;0 0 24 24&quot;&gt;&lt;title&gt;External Link&lt;/title&gt;&lt;path d=&quot;M19.395 3.83l-6.82 0.145c-0.423 0.009-0.759-0.327-0.75-0.75s0.359-0.774 0.783-0.783l8.67-0.184c0.423-0.009 0.759 0.327 0.75 0.75l-0.184 8.67c-0.009 0.423-0.359 0.774-0.783 0.783s-0.759-0.327-0.75-0.75l0.145-6.82-8.625 8.625c-0.306 0.306-0.791 0.316-1.084 0.023s-0.283-0.778 0.023-1.084l8.625-8.625z&quot;&gt;&lt;/path&gt;&lt;path d=&quot;M2.614 7.334c5.406 0 8.395 0 8.966 0 0.857 0 0.857 1.348 0 1.348-0.571 0-3.113 0-7.626 0v11.378h11.657c0-3.251 0-5.184 0-5.798 0-0.921 1.337-0.921 1.337 0 0 0.614 0 2.995 0 7.143h-14.334v-14.071z&quot;&gt;&lt;/path&gt;&lt;/svg&gt;&lt;/button&gt;&lt;button data-testid=&quot;awardWinningInvestigations&quot; class=&quot;ListItem--listItem--2wQRK ListItem--disableBorder--DPmOK SiteNavigationLinks--navigationItem--2fxdn Button--default--3zkvy&quot; type=&quot;button&quot;&gt;Award-Winning Investigations&lt;svg set=&quot;ui&quot; name=&quot;external-link&quot; class=&quot;SiteNavigationLinks--navLinkIcon--3ffNT Icon--icon--3wCKh&quot; data-testid=&quot;Icon&quot; aria-hidden=&quot;true&quot; role=&quot;img&quot; width=&quot;16&quot; viewBox=&quot;0 0 24 24&quot;&gt;&lt;title&gt;External Link&lt;/title&gt;&lt;path d=&quot;M19.395 3.83l-6.82 0.145c-0.423 0.009-0.759-0.327-0.75-0.75s0.359-0.774 0.783-0.783l8.67-0.184c0.423-0.009 0.759 0.327 0.75 0.75l-0.184 8.67c-0.009 0.423-0.359 0.774-0.783 0.783s-0.759-0.327-0.75-0.75l0.145-6.82-8.625 8.625c-0.306 0.306-0.791 0.316-1.084 0.023s-0.283-0.778 0.023-1.084l8.625-8.625z&quot;&gt;&lt;/path&gt;&lt;path d=&quot;M2.614 7.334c5.406 0 8.395 0 8.966 0 0.857 0 0.857 1.348 0 1.348-0.571 0-3.113 0-7.626 0v11.378h11.657c0-3.251 0-5.184 0-5.798 0-0.921 1.337-0.921 1.337 0 0 0.614 0 2.995 0 7.143h-14.334v-14.071z&quot;&gt;&lt;/path&gt;&lt;/svg&gt;&lt;/button&gt;&lt;/div&gt;&lt;/nav&gt;&lt;nav aria-label=&quot;Health &amp;amp; Activities&quot; class=&quot;SiteNavigationLinks--navigationList--VYZkB&quot; data-testid=&quot;healthActivities&quot;&gt;&lt;span class=&quot;SiteNavigationLinks--title--_kIVC&quot;&gt;Health &amp;amp; Activities&lt;/span&gt;&lt;div class=&quot;SiteNavigationLinks--navigationListItems--7Iux3&quot;&gt;&lt;button data-testid=&quot;allergyTracker&quot; class=&quot;ListItem--listItem--2wQRK ListItem--disableBorder--DPmOK SiteNavigationLinks--navigationItem--2fxdn Button--default--3zkvy&quot; type=&quot;button&quot;&gt;Allergy Tracker&lt;/button&gt;&lt;button data-testid=&quot;coldFlu&quot; class=&quot;ListItem--listItem--2wQRK ListItem--disableBorder--DPmOK SiteNavigationLinks--navigationItem--2fxdn Button--default--3zkvy&quot; type=&quot;button&quot;&gt;Cold &amp;amp; Flu&lt;/button&gt;&lt;button data-testid=&quot;COVID-19&quot; class=&quot;ListItem--listItem--2wQRK ListItem--disableBorder--DPmOK SiteNavigationLinks--navigationItem--2fxdn Button--default--3zkvy&quot; type=&quot;button&quot;&gt;COVID-19&lt;/button&gt;&lt;button data-testid=&quot;waterScarcity&quot; class=&quot;ListItem--listItem--2wQRK ListItem--disableBorder--DPmOK SiteNavigationLinks--navigationItem--2fxdn Button--default--3zkvy&quot; type=&quot;button&quot;&gt;Water Scarcity&lt;svg set=&quot;ui&quot; name=&quot;external-link&quot; class=&quot;SiteNavigationLinks--navLinkIcon--3ffNT Icon--icon--3wCKh&quot; data-testid=&quot;Icon&quot; aria-hidden=&quot;true&quot; role=&quot;img&quot; width=&quot;16&quot; viewBox=&quot;0 0 24 24&quot;&gt;&lt;title&gt;External Link&lt;/title&gt;&lt;path d=&quot;M19.395 3.83l-6.82 0.145c-0.423 0.009-0.759-0.327-0.75-0.75s0.359-0.774 0.783-0.783l8.67-0.184c0.423-0.009 0.759 0.327 0.75 0.75l-0.184 8.67c-0.009 0.423-0.359 0.774-0.783 0.783s-0.759-0.327-0.75-0.75l0.145-6.82-8.625 8.625c-0.306 0.306-0.791 0.316-1.084 0.023s-0.283-0.778 0.023-1.084l8.625-8.625z&quot;&gt;&lt;/path&gt;&lt;path d=&quot;M2.614 7.334c5.406 0 8.395 0 8.966 0 0.857 0 0.857 1.348 0 1.348-0.571 0-3.113 0-7.626 0v11.378h11.657c0-3.251 0-5.184 0-5.798 0-0.921 1.337-0.921 1.337 0 0 0.614 0 2.995 0 7.143h-14.334v-14.071z&quot;&gt;&lt;/path&gt;&lt;/svg&gt;&lt;/button&gt;&lt;button data-testid=&quot;airQualityForecast&quot; class=&quot;ListItem--listItem--2wQRK ListItem--disableBorder--DPmOK SiteNavigationLinks--navigationItem--2fxdn Button--default--3zkvy&quot; type=&quot;button&quot;&gt;Air Quality Forecast&lt;/button&gt;&lt;/div&gt;&lt;/nav&gt;&lt;nav aria-label=&quot;TV &amp;amp; Weather&quot; class=&quot;SiteNavigationLinks--navigationList--VYZkB&quot; data-testid=&quot;TV&amp;amp;Weather&quot;&gt;&lt;span class=&quot;SiteNavigationLinks--title--_kIVC&quot;&gt;TV &amp;amp; Weather&lt;/span&gt;&lt;div class=&quot;SiteNavigationLinks--navigationListItems--7Iux3&quot;&gt;&lt;button data-testid=&quot;AlexaSkill&quot; class=&quot;ListItem--listItem--2wQRK ListItem--disableBorder--DPmOK SiteNavigationLinks--navigationItem--2fxdn Button--default--3zkvy&quot; type=&quot;button&quot;&gt;Alexa Skill&lt;svg set=&quot;ui&quot; name=&quot;external-link&quot; class=&quot;SiteNavigationLinks--navLinkIcon--3ffNT Icon--icon--3wCKh&quot; data-testid=&quot;Icon&quot; aria-hidden=&quot;true&quot; role=&quot;img&quot; width=&quot;16&quot; viewBox=&quot;0 0 24 24&quot;&gt;&lt;title&gt;External Link&lt;/title&gt;&lt;path d=&quot;M19.395 3.83l-6.82 0.145c-0.423 0.009-0.759-0.327-0.75-0.75s0.359-0.774 0.783-0.783l8.67-0.184c0.423-0.009 0.759 0.327 0.75 0.75l-0.184 8.67c-0.009 0.423-0.359 0.774-0.783 0.783s-0.759-0.327-0.75-0.75l0.145-6.82-8.625 8.625c-0.306 0.306-0.791 0.316-1.084 0.023s-0.283-0.778 0.023-1.084l8.625-8.625z&quot;&gt;&lt;/path&gt;&lt;path d=&quot;M2.614 7.334c5.406 0 8.395 0 8.966 0 0.857 0 0.857 1.348 0 1.348-0.571 0-3.113 0-7.626 0v11.378h11.657c0-3.251 0-5.184 0-5.798 0-0.921 1.337-0.921 1.337 0 0 0.614 0 2.995 0 7.143h-14.334v-14.071z&quot;&gt;&lt;/path&gt;&lt;/svg&gt;&lt;/button&gt;&lt;button data-testid=&quot;watchLive&quot; class=&quot;ListItem--listItem--2wQRK ListItem--disableBorder--DPmOK SiteNavigationLinks--navigationItem--2fxdn Button--default--3zkvy&quot; type=&quot;button&quot;&gt;Watch Live&lt;svg set=&quot;ui&quot; name=&quot;external-link&quot; class=&quot;SiteNavigationLinks--navLinkIcon--3ffNT Icon--icon--3wCKh&quot; data-testid=&quot;Icon&quot; aria-hidden=&quot;true&quot; role=&quot;img&quot; width=&quot;16&quot; viewBox=&quot;0 0 24 24&quot;&gt;&lt;title&gt;External Link&lt;/title&gt;&lt;path d=&quot;M19.395 3.83l-6.82 0.145c-0.423 0.009-0.759-0.327-0.75-0.75s0.359-0.774 0.783-0.783l8.67-0.184c0.423-0.009 0.759 0.327 0.75 0.75l-0.184 8.67c-0.009 0.423-0.359 0.774-0.783 0.783s-0.759-0.327-0.75-0.75l0.145-6.82-8.625 8.625c-0.306 0.306-0.791 0.316-1.084 0.023s-0.283-0.778 0.023-1.084l8.625-8.625z&quot;&gt;&lt;/path&gt;&lt;path d=&quot;M2.614 7.334c5.406 0 8.395 0 8.966 0 0.857 0 0.857 1.348 0 1.348-0.571 0-3.113 0-7.626 0v11.378h11.657c0-3.251 0-5.184 0-5.798 0-0.921 1.337-0.921 1.337 0 0 0.614 0 2.995 0 7.143h-14.334v-14.071z&quot;&gt;&lt;/path&gt;&lt;/svg&gt;&lt;/button&gt;&lt;button data-testid=&quot;personalities&quot; class=&quot;ListItem--listItem--2wQRK ListItem--disableBorder--DPmOK SiteNavigationLinks--navigationItem--2fxdn Button--default--3zkvy&quot; type=&quot;button&quot;&gt;Personalities&lt;svg set=&quot;ui&quot; name=&quot;external-link&quot; class=&quot;SiteNavigationLinks--navLinkIcon--3ffNT Icon--icon--3wCKh&quot; data-testid=&quot;Icon&quot; aria-hidden=&quot;true&quot; role=&quot;img&quot; width=&quot;16&quot; viewBox=&quot;0 0 24 24&quot;&gt;&lt;title&gt;External Link&lt;/title&gt;&lt;path d=&quot;M19.395 3.83l-6.82 0.145c-0.423 0.009-0.759-0.327-0.75-0.75s0.359-0.774 0.783-0.783l8.67-0.184c0.423-0.009 0.759 0.327 0.75 0.75l-0.184 8.67c-0.009 0.423-0.359 0.774-0.783 0.783s-0.759-0.327-0.75-0.75l0.145-6.82-8.625 8.625c-0.306 0.306-0.791 0.316-1.084 0.023s-0.283-0.778 0.023-1.084l8.625-8.625z&quot;&gt;&lt;/path&gt;&lt;path d=&quot;M2.614 7.334c5.406 0 8.395 0 8.966 0 0.857 0 0.857 1.348 0 1.348-0.571 0-3.113 0-7.626 0v11.378h11.657c0-3.251 0-5.184 0-5.798 0-0.921 1.337-0.921 1.337 0 0 0.614 0 2.995 0 7.143h-14.334v-14.071z&quot;&gt;&lt;/path&gt;&lt;/svg&gt;&lt;/button&gt;&lt;/div&gt;&lt;/nav&gt;&lt;nav aria-label=&quot;Weather Products&quot; class=&quot;SiteNavigationLinks--navigationList--VYZkB&quot; data-testid=&quot;WeatherProducts&quot;&gt;&lt;span class=&quot;SiteNavigationLinks--title--_kIVC&quot;&gt;Weather Products&lt;/span&gt;&lt;div class=&quot;SiteNavigationLinks--navigationListItems--7Iux3&quot;&gt;&lt;button data-testid=&quot;AlexaSkill&quot; class=&quot;ListItem--listItem--2wQRK ListItem--disableBorder--DPmOK SiteNavigationLinks--navigationItem--2fxdn Button--default--3zkvy&quot; type=&quot;button&quot;&gt;Alexa Skill&lt;svg set=&quot;ui&quot; name=&quot;external-link&quot; class=&quot;SiteNavigationLinks--navLinkIcon--3ffNT Icon--icon--3wCKh&quot; data-testid=&quot;Icon&quot; aria-hidden=&quot;true&quot; role=&quot;img&quot; width=&quot;16&quot; viewBox=&quot;0 0 24 24&quot;&gt;&lt;title&gt;External Link&lt;/title&gt;&lt;path d=&quot;M19.395 3.83l-6.82 0.145c-0.423 0.009-0.759-0.327-0.75-0.75s0.359-0.774 0.783-0.783l8.67-0.184c0.423-0.009 0.759 0.327 0.75 0.75l-0.184 8.67c-0.009 0.423-0.359 0.774-0.783 0.783s-0.759-0.327-0.75-0.75l0.145-6.82-8.625 8.625c-0.306 0.306-0.791 0.316-1.084 0.023s-0.283-0.778 0.023-1.084l8.625-8.625z&quot;&gt;&lt;/path&gt;&lt;path d=&quot;M2.614 7.334c5.406 0 8.395 0 8.966 0 0.857 0 0.857 1.348 0 1.348-0.571 0-3.113 0-7.626 0v11.378h11.657c0-3.251 0-5.184 0-5.798 0-0.921 1.337-0.921 1.337 0 0 0.614 0 2.995 0 7.143h-14.334v-14.071z&quot;&gt;&lt;/path&gt;&lt;/svg&gt;&lt;/button&gt;&lt;button data-testid=&quot;SeasonalDeals&quot; class=&quot;ListItem--listItem--2wQRK ListItem--disableBorder--DPmOK SiteNavigationLinks--navigationItem--2fxdn Button--default--3zkvy&quot; type=&quot;button&quot;&gt;Seasonal Deals&lt;/button&gt;&lt;/div&gt;&lt;/nav&gt;&lt;nav aria-label=&quot;Privacy&quot; class=&quot;SiteNavigationLinks--navigationList--VYZkB&quot; data-testid=&quot;privacy&quot;&gt;&lt;span class=&quot;SiteNavigationLinks--title--_kIVC&quot;&gt;Privacy&lt;/span&gt;&lt;div class=&quot;SiteNavigationLinks--navigationListItems--7Iux3&quot;&gt;&lt;button data-testid=&quot;dataRights&quot; class=&quot;ListItem--listItem--2wQRK ListItem--disableBorder--DPmOK SiteNavigationLinks--navigationItem--2fxdn Button--default--3zkvy&quot; type=&quot;button&quot;&gt;Data Rights&lt;/button&gt;&lt;button data-testid=&quot;privacyPolicy&quot; class=&quot;ListItem--listItem--2wQRK ListItem--disableBorder--DPmOK SiteNavigationLinks--navigationItem--2fxdn Button--default--3zkvy&quot; type=&quot;button&quot;&gt;Privacy Policy&lt;/button&gt;&lt;/div&gt;&lt;/nav&gt;&lt;/div&gt;&lt;/section&gt;&lt;/div&gt;&lt;/div&gt;&lt;/nav&gt;&lt;/div&gt;&lt;/div&gt;&lt;/div&gt;&lt;/div&gt;&lt;/header&gt;&lt;/div&gt;&lt;div id=&quot;WxuSavedLocations-header-9aea3e61-fbf8-4da4-9e07-f96abf18cdf1&quot; class=&quot; removeIfEmpty&quot;&gt;&lt;div class=&quot;styles--SavedLocations--2TuU_&quot;&gt;&lt;div class=&quot;styles--wrapper--30pBt&quot;&gt;&lt;div class=&quot;styles--root--12yl6&quot; aria-label=&quot;Saved Locations&quot; role=&quot;region&quot;&gt;&lt;div class=&quot;styles--cards--2hNpO styles--cardCarousel--3xhQl&quot; style=&quot;transform:translateX(0px)&quot;&gt;&lt;div class=&quot;styles--card--3wj9l&quot; style=&quot;z-index:1&quot;&gt;&lt;div class=&quot;styles--LocationCard--2vjvQ&quot;&gt;&lt;div class=&quot;styles--LocationCardComponent--2M_BE styles--mini--3ZGda&quot;&gt;&lt;/div&gt;&lt;/div&gt;&lt;/div&gt;&lt;/div&gt;&lt;div class=&quot;styles--arrow--204Rq styles--left--aHaxA styles--mini--2h5Ri gradients--default-top--1EwzM&quot;&gt;&lt;svg set=&quot;ui&quot; name=&quot;caret-left&quot; theme=&quot;light&quot; data-testid=&quot;Icon&quot; aria-hidden=&quot;true&quot; role=&quot;img&quot; class=&quot;Icon--icon--3wCKh Icon--lightTheme--3NMAI&quot; viewBox=&quot;0 0 24 24&quot;&gt;&lt;title&gt;Arrow Left&lt;/title&gt;&lt;path d=&quot;M7.914 12l7.293 7.293a1 1 0 1 1-1.414 1.414l-8-8a1 1 0 0 1 0-1.414l8-8a1 1 0 1 1 1.414 1.414L7.914 12z&quot;&gt;&lt;/path&gt;&lt;/svg&gt;&lt;/div&gt;&lt;div class=&quot;styles--arrow--204Rq styles--right--2pLKS styles--mini--2h5Ri gradients--default-top--1EwzM&quot;&gt;&lt;svg set=&quot;ui&quot; name=&quot;caret-right&quot; theme=&quot;light&quot; data-testid=&quot;Icon&quot; aria-hidden=&quot;true&quot; role=&quot;img&quot; class=&quot;Icon--icon--3wCKh Icon--lightTheme--3NMAI&quot; viewBox=&quot;0 0 24 24&quot;&gt;&lt;title&gt;Arrow Right&lt;/title&gt;&lt;path d=&quot;M15.086 12L7.793 4.707a1 1 0 1 1 1.414-1.414l8 8a1 1 0 0 1 0 1.414l-8 8a1 1 0 1 1-1.414-1.414L15.086 12z&quot;&gt;&lt;/path&gt;&lt;/svg&gt;&lt;/div&gt;&lt;/div&gt;&lt;/div&gt;&lt;/div&gt;&lt;/div&gt;&lt;div id=&quot;WxuLocalsuiteNav-header-71dadf79-621d-43ff-9a1a-d99a39f16abe&quot; class=&quot; removeIfEmpty&quot;&gt;&lt;nav class=&quot;styles--LocalsuiteNav--26ACm&quot;&gt;&lt;div class=&quot;styles--inner--1IZYn layout-centered&quot;&gt;&lt;div class=&quot;styles--OverflowNav--1Zocx styles--overflowNav--3zKoS&quot;&gt;&lt;a class=&quot;ListItem--listItem--2wQRK styles--listItem--3b2Ko Button--default--3zkvy&quot; href=&quot;/weather/today/l/null&quot; target=&quot;_self&quot; data-from-string=&quot;localsuiteNav_1_Today&quot;&gt;&lt;span class=&quot;styles--liContent--3i8m_&quot;&gt;Today&lt;/span&gt;&lt;/a&gt;&lt;a class=&quot;ListItem--listItem--2wQRK styles--listItem--3b2Ko Button--default--3zkvy&quot; href=&quot;/weather/hourbyhour/l/null&quot; target=&quot;_self&quot; data-from-string=&quot;localsuiteNav_2_Hourly&quot;&gt;&lt;span class=&quot;styles--liContent--3i8m_&quot;&gt;Hourly&lt;/span&gt;&lt;/a&gt;&lt;a class=&quot;ListItem--listItem--2wQRK styles--listItem--3b2Ko Button--default--3zkvy&quot; href=&quot;/weather/tenday/l/null&quot; target=&quot;_self&quot; data-from-string=&quot;localsuiteNav_3_10 Day&quot;&gt;&lt;span class=&quot;styles--liContent--3i8m_&quot;&gt;10 Day&lt;/span&gt;&lt;/a&gt;&lt;a class=&quot;ListItem--listItem--2wQRK styles--listItem--3b2Ko Button--default--3zkvy&quot; href=&quot;/weather/weekend/l/null&quot; target=&quot;_self&quot; data-from-string=&quot;localsuiteNav_4_Weekend&quot;&gt;&lt;span class=&quot;styles--liContent--3i8m_&quot;&gt;Weekend&lt;/span&gt;&lt;/a&gt;&lt;a class=&quot;ListItem--listItem--2wQRK styles--listItem--3b2Ko Button--default--3zkvy&quot; href=&quot;/weather/monthly/l/null&quot; target=&quot;_self&quot; data-from-string=&quot;localsuiteNav_5_Monthly&quot;&gt;&lt;span class=&quot;styles--liContent--3i8m_&quot;&gt;Monthly&lt;/span&gt;&lt;/a&gt;&lt;a class=&quot;ListItem--listItem--2wQRK styles--listItem--3b2Ko Button--default--3zkvy&quot; href=&quot;/weather/radar/interactive/l/null&quot; target=&quot;_self&quot; data-from-string=&quot;localsuiteNav_6_Radar&quot;&gt;&lt;span class=&quot;styles--liContent--3i8m_&quot;&gt;Radar&lt;/span&gt;&lt;/a&gt;&lt;a class=&quot;ListItem--listItem--2wQRK styles--listItem--3b2Ko Button--default--3zkvy&quot; href=&quot;/news/trending/video/divers-discover-1200-year-old-canoe-in-wisconsin-lake&quot; target=&quot;_self&quot; data-from-string=&quot;localsuiteNav_7_Video&quot;&gt;&lt;svg set=&quot;nav&quot; name=&quot;video&quot; class=&quot;styles--videoIcon--LpXDU Icon--icon--3wCKh Icon--lightTheme--3NMAI&quot; theme=&quot;light&quot; data-testid=&quot;Icon&quot; aria-hidden=&quot;true&quot; role=&quot;img&quot; viewBox=&quot;0 0 24 24&quot;&gt;&lt;title&gt;Video&lt;/title&gt;&lt;path d=&quot;M12 2C6.48 2 2 6.48 2 12s4.48 10 10 10 10-4.48 10-10S17.52 2 12 2zm-2 13.5v-7a.5.5 0 01.8-.4l4.67 3.5c.27.2.27.6 0 .8l-4.67 3.5a.5.5 0 01-.8-.4z&quot; fill=&quot;currentColor&quot;&gt;&lt;/path&gt;&lt;/svg&gt;&lt;span class=&quot;styles--liContent--3i8m_&quot;&gt;Video&lt;/span&gt;&lt;/a&gt;&lt;/div&gt;&lt;div class=&quot;styles--root--3eGVf styles--moreForecastsNav--3jQjH&quot;&gt;&lt;button data-testid=&quot;ctaButton&quot; class=&quot;styles--button--2ZsPl Button--default--3zkvy&quot; type=&quot;button&quot;&gt;&lt;span class=&quot;styles--fullText--V-nzm&quot;&gt;More Forecasts&lt;/span&gt;&lt;span class=&quot;styles--shortText--2pzBL&quot;&gt;More&lt;/span&gt;&lt;svg set=&quot;ui&quot; name=&quot;triangle-down&quot; class=&quot;styles--buttonIcon--nMAqA Icon--icon--3wCKh&quot; data-testid=&quot;Icon&quot; aria-hidden=&quot;true&quot; role=&quot;img&quot; viewBox=&quot;0 0 24 24&quot;&gt;&lt;title&gt;Arrow down&lt;/title&gt;&lt;path d=&quot;M23.765 5.167h-23.53l11.75 13.666 11.779-13.666z&quot;&gt;&lt;/path&gt;&lt;/svg&gt;&lt;/button&gt;&lt;nav class=&quot;ExpandableMenu--ExpandableMenu--2HGl7 ExpandableMenu--reverse--3t0b2 styles--rootMoreMenu--2Efmg&quot; aria-hidden=&quot;true&quot; hidden=&quot;&quot; tabindex=&quot;-1&quot;&gt;&lt;div class=&quot;ExpandableMenu--inner--39JQs ExpandableMenu--outline--CVSXy styles--expandableMenu--1G_Bu&quot;&gt;&lt;div class=&quot;ExpandableMenu--innerPadding--1vQiV&quot;&gt;&lt;nav aria-label=&quot;Specialty Forecasts&quot;&gt;&lt;h3 class=&quot;styles--navHeader--2rbZM&quot; role=&quot;presentation&quot;&gt;Specialty Forecasts&lt;/h3&gt;&lt;div class=&quot;styles--nav--3FRvC&quot;&gt;&lt;a class=&quot;ListItem--listItem--2wQRK styles--listItem--uZTeJ Button--default--3zkvy&quot; href=&quot;//www.wunderground.com/history/daily/null/yesterday&quot; target=&quot;_blank&quot; data-from-string=&quot;localsuiteNav_moreForecasts_1_Yesterday&apos;s Weather&quot;&gt;&lt;span class=&quot;styles--item--a-T_N&quot;&gt;Yesterday&apos;s Weather&lt;svg set=&quot;ui&quot; name=&quot;external-link&quot; class=&quot;styles--navLinkIcon--1KMmJ Icon--icon--3wCKh&quot; data-testid=&quot;Icon&quot; aria-hidden=&quot;true&quot; role=&quot;img&quot; viewBox=&quot;0 0 24 24&quot;&gt;&lt;title&gt;External Link&lt;/title&gt;&lt;path d=&quot;M19.395 3.83l-6.82 0.145c-0.423 0.009-0.759-0.327-0.75-0.75s0.359-0.774 0.783-0.783l8.67-0.184c0.423-0.009 0.759 0.327 0.75 0.75l-0.184 8.67c-0.009 0.423-0.359 0.774-0.783 0.783s-0.759-0.327-0.75-0.75l0.145-6.82-8.625 8.625c-0.306 0.306-0.791 0.316-1.084 0.023s-0.283-0.778 0.023-1.084l8.625-8.625z&quot;&gt;&lt;/path&gt;&lt;path d=&quot;M2.614 7.334c5.406 0 8.395 0 8.966 0 0.857 0 0.857 1.348 0 1.348-0.571 0-3.113 0-7.626 0v11.378h11.657c0-3.251 0-5.184 0-5.798 0-0.921 1.337-0.921 1.337 0 0 0.614 0 2.995 0 7.143h-14.334v-14.071z&quot;&gt;&lt;/path&gt;&lt;/svg&gt;&lt;/span&gt;&lt;/a&gt;&lt;a class=&quot;ListItem--listItem--2wQRK styles--listItem--uZTeJ Button--default--3zkvy&quot; href=&quot;/forecast/allergy/l/null&quot; target=&quot;_self&quot; data-from-string=&quot;localsuiteNav_moreForecasts_2_Allergy Tracker&quot;&gt;&lt;span class=&quot;styles--item--a-T_N&quot;&gt;Allergy Tracker&lt;/span&gt;&lt;/a&gt;&lt;a class=&quot;ListItem--listItem--2wQRK styles--listItem--uZTeJ Button--default--3zkvy&quot; href=&quot;/forecast/fishing/l/null&quot; target=&quot;_self&quot; data-from-string=&quot;localsuiteNav_moreForecasts_3_Fishing&quot;&gt;&lt;span class=&quot;styles--item--a-T_N&quot;&gt;Fishing&lt;/span&gt;&lt;/a&gt;&lt;a class=&quot;ListItem--listItem--2wQRK styles--listItem--uZTeJ Button--default--3zkvy&quot; href=&quot;/forecast/cold-flu/l/null&quot; target=&quot;_self&quot; data-from-string=&quot;localsuiteNav_moreForecasts_4_Cold &amp;amp; Flu&quot;&gt;&lt;span class=&quot;styles--item--a-T_N&quot;&gt;Cold &amp;amp; Flu&lt;/span&gt;&lt;/a&gt;&lt;a class=&quot;ListItem--listItem--2wQRK styles--listItem--uZTeJ Button--default--3zkvy&quot; href=&quot;/forecast/air-quality/l/null&quot; target=&quot;_self&quot; data-from-string=&quot;localsuiteNav_moreForecasts_5_Air Quality Forecast&quot;&gt;&lt;span class=&quot;styles--item--a-T_N&quot;&gt;Air Quality Forecast&lt;/span&gt;&lt;/a&gt;&lt;/div&gt;&lt;/nav&gt;&lt;/div&gt;&lt;/div&gt;&lt;/nav&gt;&lt;/div&gt;&lt;/div&gt;&lt;/nav&gt;&lt;/div&gt;&lt;/div&gt;&lt;div id=&quot;labBG&quot; class=&quot;js-branded-background-ads&quot;&gt;&lt;/div&gt;&lt;main id=&quot;MainContent&quot;&gt;&lt;div class=&quot;region-contentTop regionContentTop DaybreakLargeScreen--regionContentTop--35bjX&quot;&gt;&lt;div id=&quot;WxuAd-contentTop-50b69813-b340-4d89-a22d-016d4b682491&quot; class=&quot; removeIfEmpty&quot;&gt;&lt;div class=&quot;adWrapper BaseAd--adWrapper--2qtTX BaseAd--hide--3pG-e&quot;&gt;&lt;div class=&quot;adLabel&quot;&gt;Advertisement&lt;/div&gt;&lt;div id=&quot;WX_WindowShade&quot; class=&quot;ad_module BaseAd--ad_module--yZlyg subs-undefined BaseAd--placeholder--31XQZ&quot;&gt;&lt;/div&gt;&lt;/div&gt;&lt;/div&gt;&lt;/div&gt;&lt;div class=&quot;DaybreakLargeScreen--gridWrapper--3wzvS&quot;&gt;&lt;div id=&quot;wx-hero-content&quot; class=&quot;js-branded-background-ads&quot;&gt;&lt;/div&gt;&lt;main class=&quot;region-main regionMain DaybreakLargeScreen--regionMain--1F19m&quot; aria-label=&quot;Main Content&quot;&gt;&lt;div id=&quot;WxuContentMedia-main-eca80ceb-d167-47d5-abe3-ce01a2b10ffc&quot; class=&quot; removeIfEmpty&quot;&gt;&lt;section class=&quot;card Card--cardPadded--2oS21 Card--card--HiWPW&quot; data-testid=&quot;ContentMediaModule&quot; title=&quot;Top Stories&quot; ctatext=&quot;More Stories&quot; ctaurl=&quot;/news&quot; data-tb-region=&quot;db-cm-homepage_top_EN&quot; footer=&quot;[object Object]&quot; aria-label=&quot;Top Stories&quot;&gt;&lt;header data-testid=&quot;HeaderTitle&quot; class=&quot;Card--cardHeader--1QwR4&quot;&gt;&lt;h1 class=&quot;Card--cardHeading--5_qfE&quot;&gt;Top Stories&lt;/h1&gt;&lt;/header&gt;&lt;div class=&quot;ContentMedia--sidebarContainer--31D-6 ContentMedia--listItem3--UHvP8&quot;&gt;&lt;div class=&quot;ContentMedia--primaryContainer--16gwV undefined ContentMedia--fullMedia--1cXPO&quot;&gt;&lt;div class=&quot;mediaListItem ContentMedia--mediaListItem--19sj1 MediaObject--fullWidthMediaList--2O8AG&quot; data-tb-region-item=&quot;true&quot;&gt;&lt;a class=&quot;mediaLink fullMedia MediaObject--fullMedia--1jrAm ContentMedia--fullMedia--1cXPO MediaObject--mediaLink--330_t Button--default--3zkvy&quot; href=&quot;/news/trending/video/watch-woman-flee-falling-snow-in-northern-china&quot; target=&quot;_self&quot;&gt;&lt;div data-testid=&quot;ContentMediaImage&quot; class=&quot;MediaObject--mediaImg--1zbhQ ContentMedia--mediaImg--327bx&quot;&gt;&lt;div class=&quot;Image--rounded--2t_Qb Image--gradient--2COra&quot;&gt;&lt;div class=&quot;Image--rounded--2t_Qb Image--intrinsicRatioRoot--1I6CT&quot; style=&quot;padding-top:56.25%&quot;&gt;&lt;img class=&quot;Image--rounded--2t_Qb Image--intrinsicRatioElement--eptTV&quot; src=&quot;https://s.w-x.co/SnowCrusher.jpg?crop=16:9&amp;amp;width=320&amp;amp;format=pjpg&amp;amp;auto=webp&amp;amp;quality=60&quot; data-src=&quot;https://s.w-x.co/SnowCrusher.jpg?crop=16:9&amp;amp;width=320&amp;amp;format=pjpg&amp;amp;auto=webp&amp;amp;quality=60&quot; alt=&quot;&quot; sizes=&quot;73vw&quot; srcset=&quot;https://s.w-x.co/SnowCrusher.jpg?crop=16:9&amp;amp;width=80&amp;amp;format=pjpg&amp;amp;auto=webp&amp;amp;quality=60 80w,https://s.w-x.co/SnowCrusher.jpg?crop=16:9&amp;amp;width=160&amp;amp;format=pjpg&amp;amp;auto=webp&amp;amp;quality=60 160w,https://s.w-x.co/SnowCrusher.jpg?crop=16:9&amp;amp;width=240&amp;amp;format=pjpg&amp;amp;auto=webp&amp;amp;quality=60 240w,https://s.w-x.co/SnowCrusher.jpg?crop=16:9&amp;amp;width=320&amp;amp;format=pjpg&amp;amp;auto=webp&amp;amp;quality=60 320w,https://s.w-x.co/SnowCrusher.jpg?crop=16:9&amp;amp;width=480&amp;amp;format=pjpg&amp;amp;auto=webp&amp;amp;quality=60 480w,https://s.w-x.co/SnowCrusher.jpg?crop=16:9&amp;amp;width=640&amp;amp;format=pjpg&amp;amp;auto=webp&amp;amp;quality=60 640w,https://s.w-x.co/SnowCrusher.jpg?crop=16:9&amp;amp;width=800&amp;amp;format=pjpg&amp;amp;auto=webp&amp;amp;quality=60 800w,https://s.w-x.co/SnowCrusher.jpg?crop=16:9&amp;amp;width=980&amp;amp;format=pjpg&amp;amp;auto=webp&amp;amp;quality=60 980w&quot;&gt;&lt;noscript&gt;&lt;img class=&quot;Image--intrinsicRatioElement--eptTV Image--rounded--2t_Qb&quot; alt=&quot;&quot; src=&quot;https://s.w-x.co/SnowCrusher.jpg?crop=16:9&amp;width=320&amp;format=pjpg&amp;auto=webp&amp;quality=60&quot; /&gt;&lt;/noscript&gt;&lt;/div&gt;&lt;/div&gt;&lt;div class=&quot;MediaObject--mediaIcon--2Ge4G ContentMedia--mediaIcon--1S_z0&quot;&gt;&lt;svg set=&quot;ui&quot; name=&quot;video&quot; theme=&quot;light&quot; style=&quot;width:58.38px&quot; data-testid=&quot;Icon&quot; aria-hidden=&quot;true&quot; role=&quot;img&quot; class=&quot;Icon--icon--3wCKh Icon--lightTheme--3NMAI&quot; viewBox=&quot;0 0 24 24&quot;&gt;&lt;title&gt;Video&lt;/title&gt;&lt;g transform=&quot;translate(2 2)&quot; fill-rule=&quot;evenodd&quot;&gt;&lt;rect fill=&quot;none&quot; stroke=&quot;currentColor&quot; stroke-width=&quot;1&quot; x=&quot;.75&quot; y=&quot;.75&quot; width=&quot;18.5&quot; height=&quot;18.5&quot; rx=&quot;9.25&quot;&gt;&lt;/rect&gt;&lt;path d=&quot;M8 7.475v4.55a.75.75 0 0 0 1.192.606l3.12-2.275a.75.75 0 0 0 0-1.212l-3.12-2.275A.75.75 0 0 0 8 7.475z&quot;&gt;&lt;/path&gt;&lt;/g&gt;&lt;/svg&gt;&lt;/div&gt;&lt;/div&gt;&lt;div&gt;&lt;div class=&quot;MediaObject--mediaTitle--d3_JC ContentMedia--mediaTitle--3QRq6&quot;&gt;&lt;span class=&quot;Ellipsis--ellipsis--1sNTm&quot; style=&quot;-webkit-line-clamp:3&quot; data-testid=&quot;ContentMediaTitle&quot;&gt;Woman Escapes Crushing Snow with Only Seconds To Spare&lt;/span&gt;&lt;/div&gt;&lt;/div&gt;&lt;/a&gt;&lt;/div&gt;&lt;/div&gt;&lt;div class=&quot;ContentMedia--secondaryContainer--3kFQZ ContentMedia--mediaSidebar--iK8Q7 ContentMedia--mediaInline--2c2lM ContentMedia--mediaStacked--Lf1F-&quot;&gt;&lt;div class=&quot;mediaListItem ContentMedia--mediaListItem--19sj1&quot; data-tb-region-item=&quot;true&quot;&gt;&lt;a class=&quot;mediaLink smallMedia MediaObject--smallMedia--jGsoI ContentMedia--smallMedia--2HRCw MediaObject--mediaLink--330_t Button--default--3zkvy&quot; href=&quot;/news/weather/video/powerful-storm-to-bring-snow-rain-and-gusty-winds&quot; target=&quot;_self&quot;&gt;&lt;div data-testid=&quot;ContentMediaImage&quot; class=&quot;MediaObject--mediaImg--1zbhQ ContentMedia--mediaImg--327bx&quot;&gt;&lt;div class=&quot;Image--rounded--2t_Qb Image--gradient--2COra&quot;&gt;&lt;div class=&quot;Image--rounded--2t_Qb Image--intrinsicRatioRoot--1I6CT&quot; style=&quot;padding-top:56.25%&quot;&gt;&lt;img class=&quot;Image--rounded--2t_Qb Image--intrinsicRatioElement--eptTV&quot; src=&quot;https://s.w-x.co/MidWeekStormMonPM.jpg?crop=16:9&amp;amp;width=160&amp;amp;format=pjpg&amp;amp;auto=webp&amp;amp;quality=60&quot; data-src=&quot;https://s.w-x.co/MidWeekStormMonPM.jpg?crop=16:9&amp;amp;width=160&amp;amp;format=pjpg&amp;amp;auto=webp&amp;amp;quality=60&quot; alt=&quot;&quot; sizes=&quot;39vw&quot; srcset=&quot;https://s.w-x.co/MidWeekStormMonPM.jpg?crop=16:9&amp;amp;width=80&amp;amp;format=pjpg&amp;amp;auto=webp&amp;amp;quality=60 80w,https://s.w-x.co/MidWeekStormMonPM.jpg?crop=16:9&amp;amp;width=160&amp;amp;format=pjpg&amp;amp;auto=webp&amp;amp;quality=60 160w,https://s.w-x.co/MidWeekStormMonPM.jpg?crop=16:9&amp;amp;width=240&amp;amp;format=pjpg&amp;amp;auto=webp&amp;amp;quality=60 240w,https://s.w-x.co/MidWeekStormMonPM.jpg?crop=16:9&amp;amp;width=320&amp;amp;format=pjpg&amp;amp;auto=webp&amp;amp;quality=60 320w,https://s.w-x.co/MidWeekStormMonPM.jpg?crop=16:9&amp;amp;width=480&amp;amp;format=pjpg&amp;amp;auto=webp&amp;amp;quality=60 480w,https://s.w-x.co/MidWeekStormMonPM.jpg?crop=16:9&amp;amp;width=640&amp;amp;format=pjpg&amp;amp;auto=webp&amp;amp;quality=60 640w,https://s.w-x.co/MidWeekStormMonPM.jpg?crop=16:9&amp;amp;width=800&amp;amp;format=pjpg&amp;amp;auto=webp&amp;amp;quality=60 800w,https://s.w-x.co/MidWeekStormMonPM.jpg?crop=16:9&amp;amp;width=980&amp;amp;format=pjpg&amp;amp;auto=webp&amp;amp;quality=60 980w&quot;&gt;&lt;noscript&gt;&lt;img class=&quot;Image--intrinsicRatioElement--eptTV Image--rounded--2t_Qb&quot; alt=&quot;&quot; src=&quot;https://s.w-x.co/MidWeekStormMonPM.jpg?crop=16:9&amp;width=160&amp;format=pjpg&amp;auto=webp&amp;quality=60&quot; /&gt;&lt;/noscript&gt;&lt;/div&gt;&lt;/div&gt;&lt;div class=&quot;MediaObject--mediaIcon--2Ge4G ContentMedia--mediaIcon--1S_z0&quot;&gt;&lt;svg set=&quot;ui&quot; name=&quot;video&quot; theme=&quot;light&quot; style=&quot;width:32.45px&quot; data-testid=&quot;Icon&quot; aria-hidden=&quot;true&quot; role=&quot;img&quot; class=&quot;Icon--icon--3wCKh Icon--lightTheme--3NMAI&quot; viewBox=&quot;0 0 24 24&quot;&gt;&lt;title&gt;Video&lt;/title&gt;&lt;g transform=&quot;translate(2 2)&quot; fill-rule=&quot;evenodd&quot;&gt;&lt;rect fill=&quot;none&quot; stroke=&quot;currentColor&quot; stroke-width=&quot;1&quot; x=&quot;.75&quot; y=&quot;.75&quot; width=&quot;18.5&quot; height=&quot;18.5&quot; rx=&quot;9.25&quot;&gt;&lt;/rect&gt;&lt;path d=&quot;M8 7.475v4.55a.75.75 0 0 0 1.192.606l3.12-2.275a.75.75 0 0 0 0-1.212l-3.12-2.275A.75.75 0 0 0 8 7.475z&quot;&gt;&lt;/path&gt;&lt;/g&gt;&lt;/svg&gt;&lt;/div&gt;&lt;/div&gt;&lt;div&gt;&lt;div class=&quot;MediaObject--mediaTitle--d3_JC ContentMedia--mediaTitle--3QRq6&quot;&gt;&lt;span class=&quot;Ellipsis--ellipsis--1sNTm&quot; style=&quot;-webkit-line-clamp:3&quot; data-testid=&quot;ContentMediaTitle&quot;&gt;Strong Storm Brewing Ahead of Veterans Day&lt;/span&gt;&lt;/div&gt;&lt;/div&gt;&lt;/a&gt;&lt;/div&gt;&lt;div class=&quot;mediaListItem ContentMedia--mediaListItem--19sj1&quot; data-tb-region-item=&quot;true&quot;&gt;&lt;a class=&quot;mediaLink smallMedia MediaObject--smallMedia--jGsoI ContentMedia--smallMedia--2HRCw MediaObject--mediaLink--330_t Button--default--3zkvy&quot; href=&quot;/news/weather/video/tumbling-temperates-ahead-for-the-weekend&quot; target=&quot;_self&quot;&gt;&lt;div data-testid=&quot;ContentMediaImage&quot; class=&quot;MediaObject--mediaImg--1zbhQ ContentMedia--mediaImg--327bx&quot;&gt;&lt;div class=&quot;Image--rounded--2t_Qb Image--gradient--2COra&quot;&gt;&lt;div class=&quot;Image--rounded--2t_Qb Image--intrinsicRatioRoot--1I6CT&quot; style=&quot;padding-top:56.25%&quot;&gt;&lt;img class=&quot;Image--rounded--2t_Qb Image--intrinsicRatioElement--eptTV&quot; src=&quot;https://s.w-x.co/MonTempsDropping.jpg?crop=16:9&amp;amp;width=160&amp;amp;format=pjpg&amp;amp;auto=webp&amp;amp;quality=60&quot; data-src=&quot;https://s.w-x.co/MonTempsDropping.jpg?crop=16:9&amp;amp;width=160&amp;amp;format=pjpg&amp;amp;auto=webp&amp;amp;quality=60&quot; alt=&quot;&quot; sizes=&quot;39vw&quot; srcset=&quot;https://s.w-x.co/MonTempsDropping.jpg?crop=16:9&amp;amp;width=80&amp;amp;format=pjpg&amp;amp;auto=webp&amp;amp;quality=60 80w,https://s.w-x.co/MonTempsDropping.jpg?crop=16:9&amp;amp;width=160&amp;amp;format=pjpg&amp;amp;auto=webp&amp;amp;quality=60 160w,https://s.w-x.co/MonTempsDropping.jpg?crop=16:9&amp;amp;width=240&amp;amp;format=pjpg&amp;amp;auto=webp&amp;amp;quality=60 240w,https://s.w-x.co/MonTempsDropping.jpg?crop=16:9&amp;amp;width=320&amp;amp;format=pjpg&amp;amp;auto=webp&amp;amp;quality=60 320w,https://s.w-x.co/MonTempsDropping.jpg?crop=16:9&amp;amp;width=480&amp;amp;format=pjpg&amp;amp;auto=webp&amp;amp;quality=60 480w,https://s.w-x.co/MonTempsDropping.jpg?crop=16:9&amp;amp;width=640&amp;amp;format=pjpg&amp;amp;auto=webp&amp;amp;quality=60 640w,https://s.w-x.co/MonTempsDropping.jpg?crop=16:9&amp;amp;width=800&amp;amp;format=pjpg&amp;amp;auto=webp&amp;amp;quality=60 800w,https://s.w-x.co/MonTempsDropping.jpg?crop=16:9&amp;amp;width=980&amp;amp;format=pjpg&amp;amp;auto=webp&amp;amp;quality=60 980w&quot;&gt;&lt;noscript&gt;&lt;img class=&quot;Image--intrinsicRatioElement--eptTV Image--rounded--2t_Qb&quot; alt=&quot;&quot; src=&quot;https://s.w-x.co/MonTempsDropping.jpg?crop=16:9&amp;width=160&amp;format=pjpg&amp;auto=webp&amp;quality=60&quot; /&gt;&lt;/noscript&gt;&lt;/div&gt;&lt;/div&gt;&lt;div class=&quot;MediaObject--mediaIcon--2Ge4G ContentMedia--mediaIcon--1S_z0&quot;&gt;&lt;svg set=&quot;ui&quot; name=&quot;video&quot; theme=&quot;light&quot; style=&quot;width:32.45px&quot; data-testid=&quot;Icon&quot; aria-hidden=&quot;true&quot; role=&quot;img&quot; class=&quot;Icon--icon--3wCKh Icon--lightTheme--3NMAI&quot; viewBox=&quot;0 0 24 24&quot;&gt;&lt;title&gt;Video&lt;/title&gt;&lt;g transform=&quot;translate(2 2)&quot; fill-rule=&quot;evenodd&quot;&gt;&lt;rect fill=&quot;none&quot; stroke=&quot;currentColor&quot; stroke-width=&quot;1&quot; x=&quot;.75&quot; y=&quot;.75&quot; width=&quot;18.5&quot; height=&quot;18.5&quot; rx=&quot;9.25&quot;&gt;&lt;/rect&gt;&lt;path d=&quot;M8 7.475v4.55a.75.75 0 0 0 1.192.606l3.12-2.275a.75.75 0 0 0 0-1.212l-3.12-2.275A.75.75 0 0 0 8 7.475z&quot;&gt;&lt;/path&gt;&lt;/g&gt;&lt;/svg&gt;&lt;/div&gt;&lt;/div&gt;&lt;div&gt;&lt;div class=&quot;MediaObject--mediaTitle--d3_JC ContentMedia--mediaTitle--3QRq6&quot;&gt;&lt;span class=&quot;Ellipsis--ellipsis--1sNTm&quot; style=&quot;-webkit-line-clamp:3&quot; data-testid=&quot;ContentMediaTitle&quot;&gt;Tumbling Temperatures Ahead for the Weekend&lt;/span&gt;&lt;/div&gt;&lt;/div&gt;&lt;/a&gt;&lt;/div&gt;&lt;div class=&quot;mediaListItem ContentMedia--mediaListItem--19sj1&quot; data-tb-region-item=&quot;true&quot;&gt;&lt;a class=&quot;mediaLink smallMedia MediaObject--smallMedia--jGsoI ContentMedia--smallMedia--2HRCw MediaObject--mediaLink--330_t Button--default--3zkvy&quot; href=&quot;/news/climate/video/countries-drastically-underreport-greenhouse-gas-emissions-investigation-finds&quot; target=&quot;_self&quot;&gt;&lt;div data-testid=&quot;ContentMediaImage&quot; class=&quot;MediaObject--mediaImg--1zbhQ ContentMedia--mediaImg--327bx&quot;&gt;&lt;div class=&quot;Image--rounded--2t_Qb Image--gradient--2COra&quot;&gt;&lt;div class=&quot;Image--rounded--2t_Qb Image--intrinsicRatioRoot--1I6CT&quot; style=&quot;padding-top:56.25%&quot;&gt;&lt;img class=&quot;Image--rounded--2t_Qb Image--intrinsicRatioElement--eptTV&quot; src=&quot;https://s.w-x.co/EmissionsLIes.jpg?crop=16:9&amp;amp;width=160&amp;amp;format=pjpg&amp;amp;auto=webp&amp;amp;quality=60&quot; data-src=&quot;https://s.w-x.co/EmissionsLIes.jpg?crop=16:9&amp;amp;width=160&amp;amp;format=pjpg&amp;amp;auto=webp&amp;amp;quality=60&quot; alt=&quot;&quot; sizes=&quot;39vw&quot; srcset=&quot;https://s.w-x.co/EmissionsLIes.jpg?crop=16:9&amp;amp;width=80&amp;amp;format=pjpg&amp;amp;auto=webp&amp;amp;quality=60 80w,https://s.w-x.co/EmissionsLIes.jpg?crop=16:9&amp;amp;width=160&amp;amp;format=pjpg&amp;amp;auto=webp&amp;amp;quality=60 160w,https://s.w-x.co/EmissionsLIes.jpg?crop=16:9&amp;amp;width=240&amp;amp;format=pjpg&amp;amp;auto=webp&amp;amp;quality=60 240w,https://s.w-x.co/EmissionsLIes.jpg?crop=16:9&amp;amp;width=320&amp;amp;format=pjpg&amp;amp;auto=webp&amp;amp;quality=60 320w,https://s.w-x.co/EmissionsLIes.jpg?crop=16:9&amp;amp;width=480&amp;amp;format=pjpg&amp;amp;auto=webp&amp;amp;quality=60 480w,https://s.w-x.co/EmissionsLIes.jpg?crop=16:9&amp;amp;width=640&amp;amp;format=pjpg&amp;amp;auto=webp&amp;amp;quality=60 640w,https://s.w-x.co/EmissionsLIes.jpg?crop=16:9&amp;amp;width=800&amp;amp;format=pjpg&amp;amp;auto=webp&amp;amp;quality=60 800w,https://s.w-x.co/EmissionsLIes.jpg?crop=16:9&amp;amp;width=980&amp;amp;format=pjpg&amp;amp;auto=webp&amp;amp;quality=60 980w&quot;&gt;&lt;noscript&gt;&lt;img class=&quot;Image--intrinsicRatioElement--eptTV Image--rounded--2t_Qb&quot; alt=&quot;&quot; src=&quot;https://s.w-x.co/EmissionsLIes.jpg?crop=16:9&amp;width=160&amp;format=pjpg&amp;auto=webp&amp;quality=60&quot; /&gt;&lt;/noscript&gt;&lt;/div&gt;&lt;/div&gt;&lt;div class=&quot;MediaObject--mediaIcon--2Ge4G ContentMedia--mediaIcon--1S_z0&quot;&gt;&lt;svg set=&quot;ui&quot; name=&quot;video&quot; theme=&quot;light&quot; style=&quot;width:32.45px&quot; data-testid=&quot;Icon&quot; aria-hidden=&quot;true&quot; role=&quot;img&quot; class=&quot;Icon--icon--3wCKh Icon--lightTheme--3NMAI&quot; viewBox=&quot;0 0 24 24&quot;&gt;&lt;title&gt;Video&lt;/title&gt;&lt;g transform=&quot;translate(2 2)&quot; fill-rule=&quot;evenodd&quot;&gt;&lt;rect fill=&quot;none&quot; stroke=&quot;currentColor&quot; stroke-width=&quot;1&quot; x=&quot;.75&quot; y=&quot;.75&quot; width=&quot;18.5&quot; height=&quot;18.5&quot; rx=&quot;9.25&quot;&gt;&lt;/rect&gt;&lt;path d=&quot;M8 7.475v4.55a.75.75 0 0 0 1.192.606l3.12-2.275a.75.75 0 0 0 0-1.212l-3.12-2.275A.75.75 0 0 0 8 7.475z&quot;&gt;&lt;/path&gt;&lt;/g&gt;&lt;/svg&gt;&lt;/div&gt;&lt;/div&gt;&lt;div&gt;&lt;div class=&quot;MediaObject--mediaTitle--d3_JC ContentMedia--mediaTitle--3QRq6&quot;&gt;&lt;span class=&quot;Ellipsis--ellipsis--1sNTm&quot; style=&quot;-webkit-line-clamp:3&quot; data-testid=&quot;ContentMediaTitle&quot;&gt;A Massive Climate Lie? &lt;/span&gt;&lt;/div&gt;&lt;/div&gt;&lt;/a&gt;&lt;/div&gt;&lt;/div&gt;&lt;div class=&quot;ContentMedia--listItemsContainer--1lFeF&quot;&gt;&lt;a class=&quot;ListItem--listItem--2wQRK ContentMedia--listItem--xVM3X mediaListItem Button--default--3zkvy&quot; href=&quot;/science/environment/video/whats-causing-strange-series-of-quakes-in-south-carolina&quot; target=&quot;_self&quot; data-tb-region-item=&quot;true&quot;&gt;&lt;svg class=&quot;ContentMedia--listItemIcon--3Ot8T Icon--icon--3wCKh&quot; set=&quot;nav&quot; name=&quot;video-stroke&quot; data-testid=&quot;Icon&quot; aria-hidden=&quot;true&quot; role=&quot;img&quot; viewBox=&quot;0 0 24 24&quot;&gt;&lt;title&gt;Video&lt;/title&gt;&lt;path d=&quot;M12 2c5.52 0 10 4.48 10 10s-4.48 10-10 10S2 17.52 2 12 6.48 2 12 2zm0 1.5A8.504 8.504 0 003.5 12c0 4.692 3.808 8.5 8.5 8.5s8.5-3.808 8.5-8.5-3.808-8.5-8.5-8.5zm-2 12v-7a.5.5 0 01.8-.4l4.67 3.5c.27.2.27.6 0 .8l-4.67 3.5a.5.5 0 01-.8-.4z&quot; fill=&quot;currentColor&quot;&gt;&lt;/path&gt;&lt;/svg&gt;&lt;span class=&quot;listItemTitle ContentMedia--listItemTitle--2FvDz&quot;&gt;What’s Causing Strange Series of Quakes in South Carolina?&lt;/span&gt;&lt;/a&gt;&lt;a class=&quot;ListItem--listItem--2wQRK ContentMedia--listItem--xVM3X mediaListItem Button--default--3zkvy&quot; href=&quot;/news/weather/video/parade-of-storms-continues-for-the-west-this-week&quot; target=&quot;_self&quot; data-tb-region-item=&quot;true&quot;&gt;&lt;svg class=&quot;ContentMedia--listItemIcon--3Ot8T Icon--icon--3wCKh&quot; set=&quot;nav&quot; name=&quot;video-stroke&quot; data-testid=&quot;Icon&quot; aria-hidden=&quot;true&quot; role=&quot;img&quot; viewBox=&quot;0 0 24 24&quot;&gt;&lt;title&gt;Video&lt;/title&gt;&lt;path d=&quot;M12 2c5.52 0 10 4.48 10 10s-4.48 10-10 10S2 17.52 2 12 6.48 2 12 2zm0 1.5A8.504 8.504 0 003.5 12c0 4.692 3.808 8.5 8.5 8.5s8.5-3.808 8.5-8.5-3.808-8.5-8.5-8.5zm-2 12v-7a.5.5 0 01.8-.4l4.67 3.5c.27.2.27.6 0 .8l-4.67 3.5a.5.5 0 01-.8-.4z&quot; fill=&quot;currentColor&quot;&gt;&lt;/path&gt;&lt;/svg&gt;&lt;span class=&quot;listItemTitle ContentMedia--listItemTitle--2FvDz&quot;&gt;Another Storm Bringing Much-Needed Rain, Snow to the West&lt;/span&gt;&lt;/a&gt;&lt;a class=&quot;ListItem--listItem--2wQRK ContentMedia--listItem--xVM3X mediaListItem Button--default--3zkvy&quot; href=&quot;/science/nature/video/north-georgia-overtaken-by-giant-invasive-joro-spiders&quot; target=&quot;_self&quot; data-tb-region-item=&quot;true&quot;&gt;&lt;svg class=&quot;ContentMedia--listItemIcon--3Ot8T Icon--icon--3wCKh&quot; set=&quot;nav&quot; name=&quot;video-stroke&quot; data-testid=&quot;Icon&quot; aria-hidden=&quot;true&quot; role=&quot;img&quot; viewBox=&quot;0 0 24 24&quot;&gt;&lt;title&gt;Video&lt;/title&gt;&lt;path d=&quot;M12 2c5.52 0 10 4.48 10 10s-4.48 10-10 10S2 17.52 2 12 6.48 2 12 2zm0 1.5A8.504 8.504 0 003.5 12c0 4.692 3.808 8.5 8.5 8.5s8.5-3.808 8.5-8.5-3.808-8.5-8.5-8.5zm-2 12v-7a.5.5 0 01.8-.4l4.67 3.5c.27.2.27.6 0 .8l-4.67 3.5a.5.5 0 01-.8-.4z&quot; fill=&quot;currentColor&quot;&gt;&lt;/path&gt;&lt;/svg&gt;&lt;span class=&quot;listItemTitle ContentMedia--listItemTitle--2FvDz&quot;&gt;North Georgia Overtaken by Giant Spiders&lt;/span&gt;&lt;/a&gt;&lt;a class=&quot;ListItem--listItem--2wQRK ContentMedia--listItem--xVM3X mediaListItem Button--default--3zkvy&quot; href=&quot;/news/weather/video/snow-blankets-washingtons-mountain-passes&quot; target=&quot;_self&quot; data-tb-region-item=&quot;true&quot;&gt;&lt;svg class=&quot;ContentMedia--listItemIcon--3Ot8T Icon--icon--3wCKh&quot; set=&quot;nav&quot; name=&quot;video-stroke&quot; data-testid=&quot;Icon&quot; aria-hidden=&quot;true&quot; role=&quot;img&quot; viewBox=&quot;0 0 24 24&quot;&gt;&lt;title&gt;Video&lt;/title&gt;&lt;path d=&quot;M12 2c5.52 0 10 4.48 10 10s-4.48 10-10 10S2 17.52 2 12 6.48 2 12 2zm0 1.5A8.504 8.504 0 003.5 12c0 4.692 3.808 8.5 8.5 8.5s8.5-3.808 8.5-8.5-3.808-8.5-8.5-8.5zm-2 12v-7a.5.5 0 01.8-.4l4.67 3.5c.27.2.27.6 0 .8l-4.67 3.5a.5.5 0 01-.8-.4z&quot; fill=&quot;currentColor&quot;&gt;&lt;/path&gt;&lt;/svg&gt;&lt;span class=&quot;listItemTitle ContentMedia--listItemTitle--2FvDz&quot;&gt;Snow Already Causing Accidents in the U.S.&lt;/span&gt;&lt;/a&gt;&lt;/div&gt;&lt;/div&gt;&lt;div&gt;&lt;footer data-testid=&quot;CardFooter&quot; class=&quot;Card--cardFooter--rsrd-&quot;&gt;&lt;a class=&quot;ContentMedia--cmCtaButton--1u_8O mediaCtaButton Button--primary--1UQTP&quot; href=&quot;/news&quot; target=&quot;_self&quot; data-tb-region-item=&quot;true&quot;&gt;More Stories&lt;/a&gt;&lt;/footer&gt;&lt;/div&gt;&lt;/section&gt;&lt;/div&gt;&lt;div id=&quot;WxuContentMedia-main-7a64efde-4532-4374-acd9-6061b0a92b95&quot; class=&quot; removeIfEmpty&quot;&gt;&lt;section class=&quot;card Card--cardPadded--2oS21 Card--card--HiWPW&quot; data-testid=&quot;ContentMediaModule&quot; title=&quot;Latest News&quot; ctatext=&quot;More News&quot; ctaurl=&quot;/news&quot; data-tb-region=&quot;db-cm-homepage_stack_EN&quot; footer=&quot;[object Object]&quot; aria-label=&quot;Latest News&quot;&gt;&lt;header data-testid=&quot;HeaderTitle&quot; class=&quot;Card--cardHeader--1QwR4&quot;&gt;&lt;h2 class=&quot;Card--cardHeading--5_qfE&quot;&gt;Latest News&lt;/h2&gt;&lt;/header&gt;&lt;div class=&quot;&quot;&gt;&lt;div class=&quot;ContentMedia--secondaryContainer--3kFQZ ContentMedia--mediaInline--2c2lM ContentMedia--mediaStacked--Lf1F-&quot;&gt;&lt;div class=&quot;mediaListItem ContentMedia--mediaListItem--19sj1&quot; data-tb-region-item=&quot;true&quot;&gt;&lt;a class=&quot;mediaLink smallMedia MediaObject--smallMedia--jGsoI ContentMedia--smallMedia--2HRCw MediaObject--mediaLink--330_t Button--default--3zkvy&quot; href=&quot;/health/coronavirus/video/us-borders-reopen-to-vaccinated-foreign-travelers&quot; target=&quot;_self&quot;&gt;&lt;div data-testid=&quot;ContentMediaImage&quot; class=&quot;MediaObject--mediaImg--1zbhQ ContentMedia--mediaImg--327bx&quot;&gt;&lt;div class=&quot;Image--rounded--2t_Qb Image--gradient--2COra&quot;&gt;&lt;div class=&quot;Image--rounded--2t_Qb Image--intrinsicRatioRoot--1I6CT&quot; style=&quot;padding-top:56.25%&quot;&gt;&lt;img class=&quot;Image--rounded--2t_Qb Image--intrinsicRatioElement--eptTV&quot; src=&quot;https://s.w-x.co/USTravel.jpg?crop=16:9&amp;amp;width=160&amp;amp;format=pjpg&amp;amp;auto=webp&amp;amp;quality=60&quot; data-src=&quot;https://s.w-x.co/USTravel.jpg?crop=16:9&amp;amp;width=160&amp;amp;format=pjpg&amp;amp;auto=webp&amp;amp;quality=60&quot; alt=&quot;&quot; sizes=&quot;39vw&quot; srcset=&quot;https://s.w-x.co/USTravel.jpg?crop=16:9&amp;amp;width=80&amp;amp;format=pjpg&amp;amp;auto=webp&amp;amp;quality=60 80w,https://s.w-x.co/USTravel.jpg?crop=16:9&amp;amp;width=160&amp;amp;format=pjpg&amp;amp;auto=webp&amp;amp;quality=60 160w,https://s.w-x.co/USTravel.jpg?crop=16:9&amp;amp;width=240&amp;amp;format=pjpg&amp;amp;auto=webp&amp;amp;quality=60 240w,https://s.w-x.co/USTravel.jpg?crop=16:9&amp;amp;width=320&amp;amp;format=pjpg&amp;amp;auto=webp&amp;amp;quality=60 320w,https://s.w-x.co/USTravel.jpg?crop=16:9&amp;amp;width=480&amp;amp;format=pjpg&amp;amp;auto=webp&amp;amp;quality=60 480w,https://s.w-x.co/USTravel.jpg?crop=16:9&amp;amp;width=640&amp;amp;format=pjpg&amp;amp;auto=webp&amp;amp;quality=60 640w,https://s.w-x.co/USTravel.jpg?crop=16:9&amp;amp;width=800&amp;amp;format=pjpg&amp;amp;auto=webp&amp;amp;quality=60 800w,https://s.w-x.co/USTravel.jpg?crop=16:9&amp;amp;width=980&amp;amp;format=pjpg&amp;amp;auto=webp&amp;amp;quality=60 980w&quot;&gt;&lt;noscript&gt;&lt;img class=&quot;Image--intrinsicRatioElement--eptTV Image--rounded--2t_Qb&quot; alt=&quot;&quot; src=&quot;https://s.w-x.co/USTravel.jpg?crop=16:9&amp;width=160&amp;format=pjpg&amp;auto=webp&amp;quality=60&quot; /&gt;&lt;/noscript&gt;&lt;/div&gt;&lt;/div&gt;&lt;div class=&quot;MediaObject--overlay--2IBdV&quot;&gt;&lt;/div&gt;&lt;div class=&quot;MediaObject--mediaIcon--2Ge4G ContentMedia--mediaIcon--1S_z0&quot;&gt;&lt;svg set=&quot;ui&quot; name=&quot;video&quot; theme=&quot;light&quot; style=&quot;width:32.45px&quot; data-testid=&quot;Icon&quot; aria-hidden=&quot;true&quot; role=&quot;img&quot; class=&quot;Icon--icon--3wCKh Icon--lightTheme--3NMAI&quot; viewBox=&quot;0 0 24 24&quot;&gt;&lt;title&gt;Video&lt;/title&gt;&lt;g transform=&quot;translate(2 2)&quot; fill-rule=&quot;evenodd&quot;&gt;&lt;rect fill=&quot;none&quot; stroke=&quot;currentColor&quot; stroke-width=&quot;1&quot; x=&quot;.75&quot; y=&quot;.75&quot; width=&quot;18.5&quot; height=&quot;18.5&quot; rx=&quot;9.25&quot;&gt;&lt;/rect&gt;&lt;path d=&quot;M8 7.475v4.55a.75.75 0 0 0 1.192.606l3.12-2.275a.75.75 0 0 0 0-1.212l-3.12-2.275A.75.75 0 0 0 8 7.475z&quot;&gt;&lt;/path&gt;&lt;/g&gt;&lt;/svg&gt;&lt;/div&gt;&lt;/div&gt;&lt;div class=&quot;MediaObject--mediaCategory--QpPav&quot;&gt;Coronavirus&lt;/div&gt;&lt;div&gt;&lt;div class=&quot;MediaObject--mediaTitle--d3_JC ContentMedia--mediaTitle--3QRq6&quot;&gt;&lt;span class=&quot;Ellipsis--ellipsis--1sNTm&quot; style=&quot;-webkit-line-clamp:3&quot; data-testid=&quot;ContentMediaTitle&quot;&gt;International Travelers With COVID-19 Vaccine Return to U.S.&lt;/span&gt;&lt;/div&gt;&lt;/div&gt;&lt;/a&gt;&lt;/div&gt;&lt;div class=&quot;mediaListItem ContentMedia--mediaListItem--19sj1&quot; data-tb-region-item=&quot;true&quot;&gt;&lt;a class=&quot;mediaLink smallMedia MediaObject--smallMedia--jGsoI ContentMedia--smallMedia--2HRCw MediaObject--mediaLink--330_t Button--default--3zkvy&quot; href=&quot;/news/trending/video/recycling-bin-from-myrtle-beach-ends-up-in-ireland&quot; target=&quot;_self&quot;&gt;&lt;div data-testid=&quot;ContentMediaImage&quot; class=&quot;MediaObject--mediaImg--1zbhQ ContentMedia--mediaImg--327bx&quot;&gt;&lt;div class=&quot;Image--rounded--2t_Qb Image--gradient--2COra&quot;&gt;&lt;div class=&quot;Image--rounded--2t_Qb Image--intrinsicRatioRoot--1I6CT&quot; style=&quot;padding-top:56.25%&quot;&gt;&lt;img class=&quot;Image--rounded--2t_Qb Image--intrinsicRatioElement--eptTV&quot; src=&quot;https://s.w-x.co/ireland118.jpg?crop=16:9&amp;amp;width=160&amp;amp;format=pjpg&amp;amp;auto=webp&amp;amp;quality=60&quot; data-src=&quot;https://s.w-x.co/ireland118.jpg?crop=16:9&amp;amp;width=160&amp;amp;format=pjpg&amp;amp;auto=webp&amp;amp;quality=60&quot; alt=&quot;&quot; sizes=&quot;39vw&quot; srcset=&quot;https://s.w-x.co/ireland118.jpg?crop=16:9&amp;amp;width=80&amp;amp;format=pjpg&amp;amp;auto=webp&amp;amp;quality=60 80w,https://s.w-x.co/ireland118.jpg?crop=16:9&amp;amp;width=160&amp;amp;format=pjpg&amp;amp;auto=webp&amp;amp;quality=60 160w,https://s.w-x.co/ireland118.jpg?crop=16:9&amp;amp;width=240&amp;amp;format=pjpg&amp;amp;auto=webp&amp;amp;quality=60 240w,https://s.w-x.co/ireland118.jpg?crop=16:9&amp;amp;width=320&amp;amp;format=pjpg&amp;amp;auto=webp&amp;amp;quality=60 320w,https://s.w-x.co/ireland118.jpg?crop=16:9&amp;amp;width=480&amp;amp;format=pjpg&amp;amp;auto=webp&amp;amp;quality=60 480w,https://s.w-x.co/ireland118.jpg?crop=16:9&amp;amp;width=640&amp;amp;format=pjpg&amp;amp;auto=webp&amp;amp;quality=60 640w,https://s.w-x.co/ireland118.jpg?crop=16:9&amp;amp;width=800&amp;amp;format=pjpg&amp;amp;auto=webp&amp;amp;quality=60 800w,https://s.w-x.co/ireland118.jpg?crop=16:9&amp;amp;width=980&amp;amp;format=pjpg&amp;amp;auto=webp&amp;amp;quality=60 980w&quot;&gt;&lt;noscript&gt;&lt;img class=&quot;Image--intrinsicRatioElement--eptTV Image--rounded--2t_Qb&quot; alt=&quot;&quot; src=&quot;https://s.w-x.co/ireland118.jpg?crop=16:9&amp;width=160&amp;format=pjpg&amp;auto=webp&amp;quality=60&quot; /&gt;&lt;/noscript&gt;&lt;/div&gt;&lt;/div&gt;&lt;div class=&quot;MediaObject--overlay--2IBdV&quot;&gt;&lt;/div&gt;&lt;div class=&quot;MediaObject--mediaIcon--2Ge4G ContentMedia--mediaIcon--1S_z0&quot;&gt;&lt;svg set=&quot;ui&quot; name=&quot;video&quot; theme=&quot;light&quot; style=&quot;width:32.45px&quot; data-testid=&quot;Icon&quot; aria-hidden=&quot;true&quot; role=&quot;img&quot; class=&quot;Icon--icon--3wCKh Icon--lightTheme--3NMAI&quot; viewBox=&quot;0 0 24 24&quot;&gt;&lt;title&gt;Video&lt;/title&gt;&lt;g transform=&quot;translate(2 2)&quot; fill-rule=&quot;evenodd&quot;&gt;&lt;rect fill=&quot;none&quot; stroke=&quot;currentColor&quot; stroke-width=&quot;1&quot; x=&quot;.75&quot; y=&quot;.75&quot; width=&quot;18.5&quot; height=&quot;18.5&quot; rx=&quot;9.25&quot;&gt;&lt;/rect&gt;&lt;path d=&quot;M8 7.475v4.55a.75.75 0 0 0 1.192.606l3.12-2.275a.75.75 0 0 0 0-1.212l-3.12-2.275A.75.75 0 0 0 8 7.475z&quot;&gt;&lt;/path&gt;&lt;/g&gt;&lt;/svg&gt;&lt;/div&gt;&lt;/div&gt;&lt;div class=&quot;MediaObject--mediaCategory--QpPav&quot;&gt;Trending News&lt;/div&gt;&lt;div&gt;&lt;div class=&quot;MediaObject--mediaTitle--d3_JC ContentMedia--mediaTitle--3QRq6&quot;&gt;&lt;span class=&quot;Ellipsis--ellipsis--1sNTm&quot; style=&quot;-webkit-line-clamp:3&quot; data-testid=&quot;ContentMediaTitle&quot;&gt;You&apos;ll Never Guess What Floated All the Way to Ireland&lt;/span&gt;&lt;/div&gt;&lt;/div&gt;&lt;/a&gt;&lt;/div&gt;&lt;div class=&quot;mediaListItem ContentMedia--mediaListItem--19sj1&quot; data-tb-region-item=&quot;true&quot;&gt;&lt;a class=&quot;mediaLink smallMedia MediaObject--smallMedia--jGsoI ContentMedia--smallMedia--2HRCw MediaObject--mediaLink--330_t Button--default--3zkvy&quot; href=&quot;/news/trending/video/divers-discover-1200-year-old-canoe-in-wisconsin-lake&quot; target=&quot;_self&quot;&gt;&lt;div data-testid=&quot;ContentMediaImage&quot; class=&quot;MediaObject--mediaImg--1zbhQ ContentMedia--mediaImg--327bx&quot;&gt;&lt;div class=&quot;Image--rounded--2t_Qb Image--gradient--2COra&quot;&gt;&lt;div class=&quot;Image--rounded--2t_Qb Image--intrinsicRatioRoot--1I6CT&quot; style=&quot;padding-top:56.25%&quot;&gt;&lt;img class=&quot;Image--rounded--2t_Qb Image--intrinsicRatioElement--eptTV&quot; src=&quot;https://s.w-x.co/OldCanoe.jpg?crop=16:9&amp;amp;width=160&amp;amp;format=pjpg&amp;amp;auto=webp&amp;amp;quality=60&quot; data-src=&quot;https://s.w-x.co/OldCanoe.jpg?crop=16:9&amp;amp;width=160&amp;amp;format=pjpg&amp;amp;auto=webp&amp;amp;quality=60&quot; alt=&quot;&quot; sizes=&quot;39vw&quot; srcset=&quot;https://s.w-x.co/OldCanoe.jpg?crop=16:9&amp;amp;width=80&amp;amp;format=pjpg&amp;amp;auto=webp&amp;amp;quality=60 80w,https://s.w-x.co/OldCanoe.jpg?crop=16:9&amp;amp;width=160&amp;amp;format=pjpg&amp;amp;auto=webp&amp;amp;quality=60 160w,https://s.w-x.co/OldCanoe.jpg?crop=16:9&amp;amp;width=240&amp;amp;format=pjpg&amp;amp;auto=webp&amp;amp;quality=60 240w,https://s.w-x.co/OldCanoe.jpg?crop=16:9&amp;amp;width=320&amp;amp;format=pjpg&amp;amp;auto=webp&amp;amp;quality=60 320w,https://s.w-x.co/OldCanoe.jpg?crop=16:9&amp;amp;width=480&amp;amp;format=pjpg&amp;amp;auto=webp&amp;amp;quality=60 480w,https://s.w-x.co/OldCanoe.jpg?crop=16:9&amp;amp;width=640&amp;amp;format=pjpg&amp;amp;auto=webp&amp;amp;quality=60 640w,https://s.w-x.co/OldCanoe.jpg?crop=16:9&amp;amp;width=800&amp;amp;format=pjpg&amp;amp;auto=webp&amp;amp;quality=60 800w,https://s.w-x.co/OldCanoe.jpg?crop=16:9&amp;amp;width=980&amp;amp;format=pjpg&amp;amp;auto=webp&amp;amp;quality=60 980w&quot;&gt;&lt;noscript&gt;&lt;img class=&quot;Image--intrinsicRatioElement--eptTV Image--rounded--2t_Qb&quot; alt=&quot;&quot; src=&quot;https://s.w-x.co/OldCanoe.jpg?crop=16:9&amp;width=160&amp;format=pjpg&amp;auto=webp&amp;quality=60&quot; /&gt;&lt;/noscript&gt;&lt;/div&gt;&lt;/div&gt;&lt;div class=&quot;MediaObject--overlay--2IBdV&quot;&gt;&lt;/div&gt;&lt;div class=&quot;MediaObject--mediaIcon--2Ge4G ContentMedia--mediaIcon--1S_z0&quot;&gt;&lt;svg set=&quot;ui&quot; name=&quot;video&quot; theme=&quot;light&quot; style=&quot;width:32.45px&quot; data-testid=&quot;Icon&quot; aria-hidden=&quot;true&quot; role=&quot;img&quot; class=&quot;Icon--icon--3wCKh Icon--lightTheme--3NMAI&quot; viewBox=&quot;0 0 24 24&quot;&gt;&lt;title&gt;Video&lt;/title&gt;&lt;g transform=&quot;translate(2 2)&quot; fill-rule=&quot;evenodd&quot;&gt;&lt;rect fill=&quot;none&quot; stroke=&quot;currentColor&quot; stroke-width=&quot;1&quot; x=&quot;.75&quot; y=&quot;.75&quot; width=&quot;18.5&quot; height=&quot;18.5&quot; rx=&quot;9.25&quot;&gt;&lt;/rect&gt;&lt;path d=&quot;M8 7.475v4.55a.75.75 0 0 0 1.192.606l3.12-2.275a.75.75 0 0 0 0-1.212l-3.12-2.275A.75.75 0 0 0 8 7.475z&quot;&gt;&lt;/path&gt;&lt;/g&gt;&lt;/svg&gt;&lt;/div&gt;&lt;/div&gt;&lt;div class=&quot;MediaObject--mediaCategory--QpPav&quot;&gt;Trending News&lt;/div&gt;&lt;div&gt;&lt;div class=&quot;MediaObject--mediaTitle--d3_JC ContentMedia--mediaTitle--3QRq6&quot;&gt;&lt;span class=&quot;Ellipsis--ellipsis--1sNTm&quot; style=&quot;-webkit-line-clamp:3&quot; data-testid=&quot;ContentMediaTitle&quot;&gt;Divers Discover 1,200-Year-Old Canoe in Wisconsin Lake&lt;/span&gt;&lt;/div&gt;&lt;/div&gt;&lt;/a&gt;&lt;/div&gt;&lt;div class=&quot;mediaListItem ContentMedia--mediaListItem--19sj1&quot; data-tb-region-item=&quot;true&quot;&gt;&lt;a class=&quot;mediaLink smallMedia MediaObject--smallMedia--jGsoI ContentMedia--smallMedia--2HRCw MediaObject--mediaLink--330_t Button--default--3zkvy&quot; href=&quot;/news/weather/video/large-waterspout-whirls-near-vancouver-airport&quot; target=&quot;_self&quot;&gt;&lt;div data-testid=&quot;ContentMediaImage&quot; class=&quot;MediaObject--mediaImg--1zbhQ ContentMedia--mediaImg--327bx&quot;&gt;&lt;div class=&quot;Image--rounded--2t_Qb Image--gradient--2COra&quot;&gt;&lt;div class=&quot;Image--rounded--2t_Qb Image--intrinsicRatioRoot--1I6CT&quot; style=&quot;padding-top:56.25%&quot;&gt;&lt;img class=&quot;Image--rounded--2t_Qb Image--intrinsicRatioElement--eptTV&quot; src=&quot;https://s.w-x.co/VancouverWaterspout.jpg?crop=16:9&amp;amp;width=160&amp;amp;format=pjpg&amp;amp;auto=webp&amp;amp;quality=60&quot; data-src=&quot;https://s.w-x.co/VancouverWaterspout.jpg?crop=16:9&amp;amp;width=160&amp;amp;format=pjpg&amp;amp;auto=webp&amp;amp;quality=60&quot; alt=&quot;&quot; sizes=&quot;39vw&quot; srcset=&quot;https://s.w-x.co/VancouverWaterspout.jpg?crop=16:9&amp;amp;width=80&amp;amp;format=pjpg&amp;amp;auto=webp&amp;amp;quality=60 80w,https://s.w-x.co/VancouverWaterspout.jpg?crop=16:9&amp;amp;width=160&amp;amp;format=pjpg&amp;amp;auto=webp&amp;amp;quality=60 160w,https://s.w-x.co/VancouverWaterspout.jpg?crop=16:9&amp;amp;width=240&amp;amp;format=pjpg&amp;amp;auto=webp&amp;amp;quality=60 240w,https://s.w-x.co/VancouverWaterspout.jpg?crop=16:9&amp;amp;width=320&amp;amp;format=pjpg&amp;amp;auto=webp&amp;amp;quality=60 320w,https://s.w-x.co/VancouverWaterspout.jpg?crop=16:9&amp;amp;width=480&amp;amp;format=pjpg&amp;amp;auto=webp&amp;amp;quality=60 480w,https://s.w-x.co/VancouverWaterspout.jpg?crop=16:9&amp;amp;width=640&amp;amp;format=pjpg&amp;amp;auto=webp&amp;amp;quality=60 640w,https://s.w-x.co/VancouverWaterspout.jpg?crop=16:9&amp;amp;width=800&amp;amp;format=pjpg&amp;amp;auto=webp&amp;amp;quality=60 800w,https://s.w-x.co/VancouverWaterspout.jpg?crop=16:9&amp;amp;width=980&amp;amp;format=pjpg&amp;amp;auto=webp&amp;amp;quality=60 980w&quot;&gt;&lt;noscript&gt;&lt;img class=&quot;Image--intrinsicRatioElement--eptTV Image--rounded--2t_Qb&quot; alt=&quot;&quot; src=&quot;https://s.w-x.co/VancouverWaterspout.jpg?crop=16:9&amp;width=160&amp;format=pjpg&amp;auto=webp&amp;quality=60&quot; /&gt;&lt;/noscript&gt;&lt;/div&gt;&lt;/div&gt;&lt;div class=&quot;MediaObject--overlay--2IBdV&quot;&gt;&lt;/div&gt;&lt;div class=&quot;MediaObject--mediaIcon--2Ge4G ContentMedia--mediaIcon--1S_z0&quot;&gt;&lt;svg set=&quot;ui&quot; name=&quot;video&quot; theme=&quot;light&quot; style=&quot;width:32.45px&quot; data-testid=&quot;Icon&quot; aria-hidden=&quot;true&quot; role=&quot;img&quot; class=&quot;Icon--icon--3wCKh Icon--lightTheme--3NMAI&quot; viewBox=&quot;0 0 24 24&quot;&gt;&lt;title&gt;Video&lt;/title&gt;&lt;g transform=&quot;translate(2 2)&quot; fill-rule=&quot;evenodd&quot;&gt;&lt;rect fill=&quot;none&quot; stroke=&quot;currentColor&quot; stroke-width=&quot;1&quot; x=&quot;.75&quot; y=&quot;.75&quot; width=&quot;18.5&quot; height=&quot;18.5&quot; rx=&quot;9.25&quot;&gt;&lt;/rect&gt;&lt;path d=&quot;M8 7.475v4.55a.75.75 0 0 0 1.192.606l3.12-2.275a.75.75 0 0 0 0-1.212l-3.12-2.275A.75.75 0 0 0 8 7.475z&quot;&gt;&lt;/path&gt;&lt;/g&gt;&lt;/svg&gt;&lt;/div&gt;&lt;/div&gt;&lt;div class=&quot;MediaObject--mediaCategory--QpPav&quot;&gt;Weather News&lt;/div&gt;&lt;div&gt;&lt;div class=&quot;MediaObject--mediaTitle--d3_JC ContentMedia--mediaTitle--3QRq6&quot;&gt;&lt;span class=&quot;Ellipsis--ellipsis--1sNTm&quot; style=&quot;-webkit-line-clamp:3&quot; data-testid=&quot;ContentMediaTitle&quot;&gt;Large Waterspout Whips Up Near Major Airport&lt;/span&gt;&lt;/div&gt;&lt;/div&gt;&lt;/a&gt;&lt;/div&gt;&lt;/div&gt;&lt;/div&gt;&lt;div&gt;&lt;footer data-testid=&quot;CardFooter&quot; class=&quot;Card--cardFooter--rsrd-&quot;&gt;&lt;a class=&quot;ContentMedia--cmCtaButton--1u_8O mediaCtaButton Button--primary--1UQTP&quot; href=&quot;/news&quot; target=&quot;_self&quot; data-tb-region-item=&quot;true&quot;&gt;More News&lt;/a&gt;&lt;/footer&gt;&lt;/div&gt;&lt;/section&gt;&lt;/div&gt;&lt;div id=&quot;WxuContentMedia-main-bf4ee11b-1686-4fe2-b1ff-dbdeb84aacab&quot; class=&quot; removeIfEmpty&quot;&gt;&lt;section class=&quot;card Card--cardPadded--2oS21 Card--card--HiWPW&quot; data-testid=&quot;ContentMediaModule&quot; title=&quot;Weather Today Across the Country&quot; ctatext=&quot;Read More&quot; ctaurl=&quot;https://weather.com/forecast/news/2014-10-31-national-forecast-20141009&quot; data-tb-region=&quot;db-cm-homepage_single_natl_EN&quot; footer=&quot;[object Object]&quot; aria-label=&quot;Weather Today Across the Country&quot;&gt;&lt;header data-testid=&quot;HeaderTitle&quot; class=&quot;Card--cardHeader--1QwR4&quot;&gt;&lt;h2 class=&quot;Card--cardHeading--5_qfE&quot;&gt;Weather Today Across the Country&lt;/h2&gt;&lt;/header&gt;&lt;div class=&quot;&quot;&gt;&lt;div class=&quot;ContentMedia--primaryContainer--16gwV ContentMedia--fullMedia--1cXPO&quot;&gt;&lt;div class=&quot;mediaListItem ContentMedia--mediaListItem--19sj1 MediaObject--fullWidthMediaList--2O8AG&quot; data-tb-region-item=&quot;true&quot;&gt;&lt;a class=&quot;mediaLink fullMedia MediaObject--fullMedia--1jrAm ContentMedia--fullMedia--1cXPO MediaObject--mediaLink--330_t Button--default--3zkvy&quot; href=&quot;https://weather.com/forecast/news/2014-10-31-national-forecast-20141009&quot; target=&quot;_self&quot;&gt;&lt;div data-testid=&quot;ContentMediaImage&quot; class=&quot;MediaObject--mediaImg--1zbhQ ContentMedia--mediaImg--327bx&quot;&gt;&lt;div class=&quot;Image--rounded--2t_Qb Image--gradient--2COra&quot;&gt;&lt;div class=&quot;Image--rounded--2t_Qb Image--intrinsicRatioRoot--1I6CT&quot; style=&quot;padding-top:56.25%&quot;&gt;&lt;img class=&quot;Image--rounded--2t_Qb Image--intrinsicRatioElement--eptTV&quot; src=&quot;https://s.w-x.co/staticmaps/us_wxhi1_1280x720.jpg?crop=16:9&amp;amp;width=320&amp;amp;format=pjpg&amp;amp;auto=webp&amp;amp;quality=60&quot; data-src=&quot;https://s.w-x.co/staticmaps/us_wxhi1_1280x720.jpg?crop=16:9&amp;amp;width=320&amp;amp;format=pjpg&amp;amp;auto=webp&amp;amp;quality=60&quot; alt=&quot;&quot; sizes=&quot;73vw&quot; srcset=&quot;https://s.w-x.co/staticmaps/us_wxhi1_1280x720.jpg?crop=16:9&amp;amp;width=80&amp;amp;format=pjpg&amp;amp;auto=webp&amp;amp;quality=60 80w,https://s.w-x.co/staticmaps/us_wxhi1_1280x720.jpg?crop=16:9&amp;amp;width=160&amp;amp;format=pjpg&amp;amp;auto=webp&amp;amp;quality=60 160w,https://s.w-x.co/staticmaps/us_wxhi1_1280x720.jpg?crop=16:9&amp;amp;width=240&amp;amp;format=pjpg&amp;amp;auto=webp&amp;amp;quality=60 240w,https://s.w-x.co/staticmaps/us_wxhi1_1280x720.jpg?crop=16:9&amp;amp;width=320&amp;amp;format=pjpg&amp;amp;auto=webp&amp;amp;quality=60 320w,https://s.w-x.co/staticmaps/us_wxhi1_1280x720.jpg?crop=16:9&amp;amp;width=480&amp;amp;format=pjpg&amp;amp;auto=webp&amp;amp;quality=60 480w,https://s.w-x.co/staticmaps/us_wxhi1_1280x720.jpg?crop=16:9&amp;amp;width=640&amp;amp;format=pjpg&amp;amp;auto=webp&amp;amp;quality=60 640w,https://s.w-x.co/staticmaps/us_wxhi1_1280x720.jpg?crop=16:9&amp;amp;width=800&amp;amp;format=pjpg&amp;amp;auto=webp&amp;amp;quality=60 800w,https://s.w-x.co/staticmaps/us_wxhi1_1280x720.jpg?crop=16:9&amp;amp;width=980&amp;amp;format=pjpg&amp;amp;auto=webp&amp;amp;quality=60 980w&quot;&gt;&lt;noscript&gt;&lt;img class=&quot;Image--intrinsicRatioElement--eptTV Image--rounded--2t_Qb&quot; alt=&quot;&quot; src=&quot;https://s.w-x.co/staticmaps/us_wxhi1_1280x720.jpg?crop=16:9&amp;width=320&amp;format=pjpg&amp;auto=webp&amp;quality=60&quot; /&gt;&lt;/noscript&gt;&lt;/div&gt;&lt;/div&gt;&lt;/div&gt;&lt;/a&gt;&lt;/div&gt;&lt;/div&gt;&lt;/div&gt;&lt;div&gt;&lt;footer data-testid=&quot;CardFooter&quot; class=&quot;Card--cardFooter--rsrd-&quot;&gt;&lt;a class=&quot;ContentMedia--cmCtaButton--1u_8O mediaCtaButton Button--primary--1UQTP&quot; href=&quot;https://weather.com/forecast/news/2014-10-31-national-forecast-20141009&quot; target=&quot;_self&quot; data-tb-region-item=&quot;true&quot;&gt;Read More&lt;/a&gt;&lt;/footer&gt;&lt;/div&gt;&lt;/section&gt;&lt;/div&gt;&lt;div id=&quot;WxuAd-main-6ec6a613-6078-498e-92b3-efb8a9c40adf&quot; class=&quot; removeIfEmpty&quot;&gt;&lt;div class=&quot;adWrapper BaseAd--adWrapper--2qtTX BaseAd--card--1NlKb BaseAd--hide--3pG-e&quot;&gt;&lt;div class=&quot;adLabel&quot;&gt;Advertisement&lt;/div&gt;&lt;div id=&quot;WX_MidLeader&quot; class=&quot;ad_module BaseAd--ad_module--yZlyg subs-undefined BaseAd--placeholder--31XQZ&quot;&gt;&lt;/div&gt;&lt;/div&gt;&lt;/div&gt;&lt;div id=&quot;WxuContentMedia-main-93e78c6f-fbe9-47e1-ae14-07a7ca30cac0&quot; class=&quot; removeIfEmpty&quot;&gt;&lt;section class=&quot;card Card--cardPadded--2oS21 Card--card--HiWPW&quot; data-testid=&quot;ContentMediaModule&quot; title=&quot;Recommended&quot; ctatext=&quot;See More&quot; ctaurl=&quot;/news&quot; data-tb-region=&quot;db-cm-trending_EN&quot; footer=&quot;[object Object]&quot; aria-label=&quot;Recommended&quot;&gt;&lt;header data-testid=&quot;HeaderTitle&quot; class=&quot;Card--cardHeader--1QwR4&quot;&gt;&lt;h2 class=&quot;Card--cardHeading--5_qfE&quot;&gt;Recommended&lt;/h2&gt;&lt;/header&gt;&lt;div class=&quot;&quot;&gt;&lt;div class=&quot;ContentMedia--secondaryContainer--3kFQZ ContentMedia--mediaInline--2c2lM ContentMedia--mediaStacked--Lf1F-&quot;&gt;&lt;div class=&quot;mediaListItem ContentMedia--mediaListItem--19sj1&quot; data-tb-region-item=&quot;true&quot;&gt;&lt;a class=&quot;mediaLink smallMedia MediaObject--smallMedia--jGsoI ContentMedia--smallMedia--2HRCw MediaObject--mediaLink--330_t Button--default--3zkvy&quot; href=&quot;/safety/winter/news/2021-10-21-9-things-keep-car-gets-cold&quot; target=&quot;_self&quot;&gt;&lt;div data-testid=&quot;ContentMediaImage&quot; class=&quot;MediaObject--mediaImg--1zbhQ ContentMedia--mediaImg--327bx&quot;&gt;&lt;div class=&quot;Image--rounded--2t_Qb Image--gradient--2COra&quot;&gt;&lt;div class=&quot;Image--rounded--2t_Qb Image--intrinsicRatioRoot--1I6CT&quot; style=&quot;padding-top:56.25%&quot;&gt;&lt;img class=&quot;Image--rounded--2t_Qb Image--intrinsicRatioElement--eptTV&quot; src=&quot;https://s.w-x.co/GettyImages-700712801.jpg?crop=16:9&amp;amp;width=160&amp;amp;format=pjpg&amp;amp;auto=webp&amp;amp;quality=60&quot; data-src=&quot;https://s.w-x.co/GettyImages-700712801.jpg?crop=16:9&amp;amp;width=160&amp;amp;format=pjpg&amp;amp;auto=webp&amp;amp;quality=60&quot; alt=&quot;&quot; sizes=&quot;39vw&quot; srcset=&quot;https://s.w-x.co/GettyImages-700712801.jpg?crop=16:9&amp;amp;width=80&amp;amp;format=pjpg&amp;amp;auto=webp&amp;amp;quality=60 80w,https://s.w-x.co/GettyImages-700712801.jpg?crop=16:9&amp;amp;width=160&amp;amp;format=pjpg&amp;amp;auto=webp&amp;amp;quality=60 160w,https://s.w-x.co/GettyImages-700712801.jpg?crop=16:9&amp;amp;width=240&amp;amp;format=pjpg&amp;amp;auto=webp&amp;amp;quality=60 240w,https://s.w-x.co/GettyImages-700712801.jpg?crop=16:9&amp;amp;width=320&amp;amp;format=pjpg&amp;amp;auto=webp&amp;amp;quality=60 320w,https://s.w-x.co/GettyImages-700712801.jpg?crop=16:9&amp;amp;width=480&amp;amp;format=pjpg&amp;amp;auto=webp&amp;amp;quality=60 480w,https://s.w-x.co/GettyImages-700712801.jpg?crop=16:9&amp;amp;width=640&amp;amp;format=pjpg&amp;amp;auto=webp&amp;amp;quality=60 640w,https://s.w-x.co/GettyImages-700712801.jpg?crop=16:9&amp;amp;width=800&amp;amp;format=pjpg&amp;amp;auto=webp&amp;amp;quality=60 800w,https://s.w-x.co/GettyImages-700712801.jpg?crop=16:9&amp;amp;width=980&amp;amp;format=pjpg&amp;amp;auto=webp&amp;amp;quality=60 980w&quot;&gt;&lt;noscript&gt;&lt;img class=&quot;Image--intrinsicRatioElement--eptTV Image--rounded--2t_Qb&quot; alt=&quot;&quot; src=&quot;https://s.w-x.co/GettyImages-700712801.jpg?crop=16:9&amp;width=160&amp;format=pjpg&amp;auto=webp&amp;quality=60&quot; /&gt;&lt;/noscript&gt;&lt;/div&gt;&lt;/div&gt;&lt;div class=&quot;MediaObject--overlay--2IBdV&quot;&gt;&lt;/div&gt;&lt;/div&gt;&lt;div&gt;&lt;div class=&quot;MediaObject--mediaTitle--d3_JC ContentMedia--mediaTitle--3QRq6&quot;&gt;&lt;span class=&quot;Ellipsis--ellipsis--1sNTm&quot; style=&quot;-webkit-line-clamp:3&quot; data-testid=&quot;ContentMediaTitle&quot;&gt;9 Things to Keep In Your Car as It Gets Cold&lt;/span&gt;&lt;/div&gt;&lt;/div&gt;&lt;/a&gt;&lt;/div&gt;&lt;div class=&quot;mediaListItem ContentMedia--mediaListItem--19sj1&quot; data-tb-region-item=&quot;true&quot;&gt;&lt;a class=&quot;mediaLink smallMedia MediaObject--smallMedia--jGsoI ContentMedia--smallMedia--2HRCw MediaObject--mediaLink--330_t Button--default--3zkvy&quot; href=&quot;/safety/winter/news/2019-01-29-how-to-prepare-for-blizzards&quot; target=&quot;_self&quot;&gt;&lt;div data-testid=&quot;ContentMediaImage&quot; class=&quot;MediaObject--mediaImg--1zbhQ ContentMedia--mediaImg--327bx&quot;&gt;&lt;div class=&quot;Image--rounded--2t_Qb Image--gradient--2COra&quot;&gt;&lt;div class=&quot;Image--rounded--2t_Qb Image--intrinsicRatioRoot--1I6CT&quot; style=&quot;padding-top:56.25%&quot;&gt;&lt;img class=&quot;Image--rounded--2t_Qb Image--intrinsicRatioElement--eptTV&quot; src=&quot;https://s.w-x.co/gettyimages-897257674.jpg?crop=16:9&amp;amp;width=160&amp;amp;format=pjpg&amp;amp;auto=webp&amp;amp;quality=60&quot; data-src=&quot;https://s.w-x.co/gettyimages-897257674.jpg?crop=16:9&amp;amp;width=160&amp;amp;format=pjpg&amp;amp;auto=webp&amp;amp;quality=60&quot; alt=&quot;&quot; sizes=&quot;39vw&quot; srcset=&quot;https://s.w-x.co/gettyimages-897257674.jpg?crop=16:9&amp;amp;width=80&amp;amp;format=pjpg&amp;amp;auto=webp&amp;amp;quality=60 80w,https://s.w-x.co/gettyimages-897257674.jpg?crop=16:9&amp;amp;width=160&amp;amp;format=pjpg&amp;amp;auto=webp&amp;amp;quality=60 160w,https://s.w-x.co/gettyimages-897257674.jpg?crop=16:9&amp;amp;width=240&amp;amp;format=pjpg&amp;amp;auto=webp&amp;amp;quality=60 240w,https://s.w-x.co/gettyimages-897257674.jpg?crop=16:9&amp;amp;width=320&amp;amp;format=pjpg&amp;amp;auto=webp&amp;amp;quality=60 320w,https://s.w-x.co/gettyimages-897257674.jpg?crop=16:9&amp;amp;width=480&amp;amp;format=pjpg&amp;amp;auto=webp&amp;amp;quality=60 480w,https://s.w-x.co/gettyimages-897257674.jpg?crop=16:9&amp;amp;width=640&amp;amp;format=pjpg&amp;amp;auto=webp&amp;amp;quality=60 640w,https://s.w-x.co/gettyimages-897257674.jpg?crop=16:9&amp;amp;width=800&amp;amp;format=pjpg&amp;amp;auto=webp&amp;amp;quality=60 800w,https://s.w-x.co/gettyimages-897257674.jpg?crop=16:9&amp;amp;width=980&amp;amp;format=pjpg&amp;amp;auto=webp&amp;amp;quality=60 980w&quot;&gt;&lt;noscript&gt;&lt;img class=&quot;Image--intrinsicRatioElement--eptTV Image--rounded--2t_Qb&quot; alt=&quot;&quot; src=&quot;https://s.w-x.co/gettyimages-897257674.jpg?crop=16:9&amp;width=160&amp;format=pjpg&amp;auto=webp&amp;quality=60&quot; /&gt;&lt;/noscript&gt;&lt;/div&gt;&lt;/div&gt;&lt;div class=&quot;MediaObject--overlay--2IBdV&quot;&gt;&lt;/div&gt;&lt;/div&gt;&lt;div&gt;&lt;div class=&quot;MediaObject--mediaTitle--d3_JC ContentMedia--mediaTitle--3QRq6&quot;&gt;&lt;span class=&quot;Ellipsis--ellipsis--1sNTm&quot; style=&quot;-webkit-line-clamp:3&quot; data-testid=&quot;ContentMediaTitle&quot;&gt;14 Steps You Should Take To Prepare for a Winter Storm&lt;/span&gt;&lt;/div&gt;&lt;/div&gt;&lt;/a&gt;&lt;/div&gt;&lt;div class=&quot;mediaListItem ContentMedia--mediaListItem--19sj1&quot; data-tb-region-item=&quot;true&quot;&gt;&lt;a class=&quot;mediaLink smallMedia MediaObject--smallMedia--jGsoI ContentMedia--smallMedia--2HRCw MediaObject--mediaLink--330_t Button--default--3zkvy&quot; href=&quot;/safety/winter/video/ice-101-how-to-navigate-it-on-foot-and-in-your-car&quot; target=&quot;_self&quot;&gt;&lt;div data-testid=&quot;ContentMediaImage&quot; class=&quot;MediaObject--mediaImg--1zbhQ ContentMedia--mediaImg--327bx&quot;&gt;&lt;div class=&quot;Image--rounded--2t_Qb Image--gradient--2COra&quot;&gt;&lt;div class=&quot;Image--rounded--2t_Qb Image--intrinsicRatioRoot--1I6CT&quot; style=&quot;padding-top:56.25%&quot;&gt;&lt;img class=&quot;Image--rounded--2t_Qb Image--intrinsicRatioElement--eptTV&quot; src=&quot;https://v.w-x.co/1605816683882_1119_-_ICE_101_-_SAFETY_TEXT.jpg?crop=16:9&amp;amp;width=160&amp;amp;format=pjpg&amp;amp;auto=webp&amp;amp;quality=60&quot; data-src=&quot;https://v.w-x.co/1605816683882_1119_-_ICE_101_-_SAFETY_TEXT.jpg?crop=16:9&amp;amp;width=160&amp;amp;format=pjpg&amp;amp;auto=webp&amp;amp;quality=60&quot; alt=&quot;&quot; sizes=&quot;39vw&quot; srcset=&quot;https://v.w-x.co/1605816683882_1119_-_ICE_101_-_SAFETY_TEXT.jpg?crop=16:9&amp;amp;width=80&amp;amp;format=pjpg&amp;amp;auto=webp&amp;amp;quality=60 80w,https://v.w-x.co/1605816683882_1119_-_ICE_101_-_SAFETY_TEXT.jpg?crop=16:9&amp;amp;width=160&amp;amp;format=pjpg&amp;amp;auto=webp&amp;amp;quality=60 160w,https://v.w-x.co/1605816683882_1119_-_ICE_101_-_SAFETY_TEXT.jpg?crop=16:9&amp;amp;width=240&amp;amp;format=pjpg&amp;amp;auto=webp&amp;amp;quality=60 240w,https://v.w-x.co/1605816683882_1119_-_ICE_101_-_SAFETY_TEXT.jpg?crop=16:9&amp;amp;width=320&amp;amp;format=pjpg&amp;amp;auto=webp&amp;amp;quality=60 320w,https://v.w-x.co/1605816683882_1119_-_ICE_101_-_SAFETY_TEXT.jpg?crop=16:9&amp;amp;width=480&amp;amp;format=pjpg&amp;amp;auto=webp&amp;amp;quality=60 480w,https://v.w-x.co/1605816683882_1119_-_ICE_101_-_SAFETY_TEXT.jpg?crop=16:9&amp;amp;width=640&amp;amp;format=pjpg&amp;amp;auto=webp&amp;amp;quality=60 640w,https://v.w-x.co/1605816683882_1119_-_ICE_101_-_SAFETY_TEXT.jpg?crop=16:9&amp;amp;width=800&amp;amp;format=pjpg&amp;amp;auto=webp&amp;amp;quality=60 800w,https://v.w-x.co/1605816683882_1119_-_ICE_101_-_SAFETY_TEXT.jpg?crop=16:9&amp;amp;width=980&amp;amp;format=pjpg&amp;amp;auto=webp&amp;amp;quality=60 980w&quot;&gt;&lt;noscript&gt;&lt;img class=&quot;Image--intrinsicRatioElement--eptTV Image--rounded--2t_Qb&quot; alt=&quot;&quot; src=&quot;https://v.w-x.co/1605816683882_1119_-_ICE_101_-_SAFETY_TEXT.jpg?crop=16:9&amp;width=160&amp;format=pjpg&amp;auto=webp&amp;quality=60&quot; /&gt;&lt;/noscript&gt;&lt;/div&gt;&lt;/div&gt;&lt;div class=&quot;MediaObject--overlay--2IBdV&quot;&gt;&lt;/div&gt;&lt;div class=&quot;MediaObject--mediaIcon--2Ge4G ContentMedia--mediaIcon--1S_z0&quot;&gt;&lt;svg set=&quot;ui&quot; name=&quot;video&quot; theme=&quot;light&quot; style=&quot;width:32.45px&quot; data-testid=&quot;Icon&quot; aria-hidden=&quot;true&quot; role=&quot;img&quot; class=&quot;Icon--icon--3wCKh Icon--lightTheme--3NMAI&quot; viewBox=&quot;0 0 24 24&quot;&gt;&lt;title&gt;Video&lt;/title&gt;&lt;g transform=&quot;translate(2 2)&quot; fill-rule=&quot;evenodd&quot;&gt;&lt;rect fill=&quot;none&quot; stroke=&quot;currentColor&quot; stroke-width=&quot;1&quot; x=&quot;.75&quot; y=&quot;.75&quot; width=&quot;18.5&quot; height=&quot;18.5&quot; rx=&quot;9.25&quot;&gt;&lt;/rect&gt;&lt;path d=&quot;M8 7.475v4.55a.75.75 0 0 0 1.192.606l3.12-2.275a.75.75 0 0 0 0-1.212l-3.12-2.275A.75.75 0 0 0 8 7.475z&quot;&gt;&lt;/path&gt;&lt;/g&gt;&lt;/svg&gt;&lt;/div&gt;&lt;/div&gt;&lt;div&gt;&lt;div class=&quot;MediaObject--mediaTitle--d3_JC ContentMedia--mediaTitle--3QRq6&quot;&gt;&lt;span class=&quot;Ellipsis--ellipsis--1sNTm&quot; style=&quot;-webkit-line-clamp:3&quot; data-testid=&quot;ContentMediaTitle&quot;&gt;Ice 101: How to Navigate It on Foot and in Your Car&lt;/span&gt;&lt;/div&gt;&lt;/div&gt;&lt;/a&gt;&lt;/div&gt;&lt;div class=&quot;mediaListItem ContentMedia--mediaListItem--19sj1&quot; data-tb-region-item=&quot;true&quot;&gt;&lt;a class=&quot;mediaLink smallMedia MediaObject--smallMedia--jGsoI ContentMedia--smallMedia--2HRCw MediaObject--mediaLink--330_t Button--default--3zkvy&quot; href=&quot;/safety/news/2019-10-18-are-trees-near-house-hazard&quot; target=&quot;_self&quot;&gt;&lt;div data-testid=&quot;ContentMediaImage&quot; class=&quot;MediaObject--mediaImg--1zbhQ ContentMedia--mediaImg--327bx&quot;&gt;&lt;div class=&quot;Image--rounded--2t_Qb Image--gradient--2COra&quot;&gt;&lt;div class=&quot;Image--rounded--2t_Qb Image--intrinsicRatioRoot--1I6CT&quot; style=&quot;padding-top:56.25%&quot;&gt;&lt;img class=&quot;Image--rounded--2t_Qb Image--intrinsicRatioElement--eptTV&quot; src=&quot;https://s.w-x.co/GettyImages-459247329.jpg?crop=16:9&amp;amp;width=160&amp;amp;format=pjpg&amp;amp;auto=webp&amp;amp;quality=60&quot; data-src=&quot;https://s.w-x.co/GettyImages-459247329.jpg?crop=16:9&amp;amp;width=160&amp;amp;format=pjpg&amp;amp;auto=webp&amp;amp;quality=60&quot; alt=&quot;&quot; sizes=&quot;39vw&quot; srcset=&quot;https://s.w-x.co/GettyImages-459247329.jpg?crop=16:9&amp;amp;width=80&amp;amp;format=pjpg&amp;amp;auto=webp&amp;amp;quality=60 80w,https://s.w-x.co/GettyImages-459247329.jpg?crop=16:9&amp;amp;width=160&amp;amp;format=pjpg&amp;amp;auto=webp&amp;amp;quality=60 160w,https://s.w-x.co/GettyImages-459247329.jpg?crop=16:9&amp;amp;width=240&amp;amp;format=pjpg&amp;amp;auto=webp&amp;amp;quality=60 240w,https://s.w-x.co/GettyImages-459247329.jpg?crop=16:9&amp;amp;width=320&amp;amp;format=pjpg&amp;amp;auto=webp&amp;amp;quality=60 320w,https://s.w-x.co/GettyImages-459247329.jpg?crop=16:9&amp;amp;width=480&amp;amp;format=pjpg&amp;amp;auto=webp&amp;amp;quality=60 480w,https://s.w-x.co/GettyImages-459247329.jpg?crop=16:9&amp;amp;width=640&amp;amp;format=pjpg&amp;amp;auto=webp&amp;amp;quality=60 640w,https://s.w-x.co/GettyImages-459247329.jpg?crop=16:9&amp;amp;width=800&amp;amp;format=pjpg&amp;amp;auto=webp&amp;amp;quality=60 800w,https://s.w-x.co/GettyImages-459247329.jpg?crop=16:9&amp;amp;width=980&amp;amp;format=pjpg&amp;amp;auto=webp&amp;amp;quality=60 980w&quot;&gt;&lt;noscript&gt;&lt;img class=&quot;Image--intrinsicRatioElement--eptTV Image--rounded--2t_Qb&quot; alt=&quot;&quot; src=&quot;https://s.w-x.co/GettyImages-459247329.jpg?crop=16:9&amp;width=160&amp;format=pjpg&amp;auto=webp&amp;quality=60&quot; /&gt;&lt;/noscript&gt;&lt;/div&gt;&lt;/div&gt;&lt;div class=&quot;MediaObject--overlay--2IBdV&quot;&gt;&lt;/div&gt;&lt;/div&gt;&lt;div&gt;&lt;div class=&quot;MediaObject--mediaTitle--d3_JC ContentMedia--mediaTitle--3QRq6&quot;&gt;&lt;span class=&quot;Ellipsis--ellipsis--1sNTm&quot; style=&quot;-webkit-line-clamp:3&quot; data-testid=&quot;ContentMediaTitle&quot;&gt;Are the Trees Near Your House a Hazard?&lt;/span&gt;&lt;/div&gt;&lt;/div&gt;&lt;/a&gt;&lt;/div&gt;&lt;/div&gt;&lt;/div&gt;&lt;div&gt;&lt;footer data-testid=&quot;CardFooter&quot; class=&quot;Card--cardFooter--rsrd-&quot;&gt;&lt;a class=&quot;ContentMedia--cmCtaButton--1u_8O mediaCtaButton Button--primary--1UQTP&quot; href=&quot;/news&quot; target=&quot;_self&quot; data-tb-region-item=&quot;true&quot;&gt;See More&lt;/a&gt;&lt;/footer&gt;&lt;/div&gt;&lt;/section&gt;&lt;/div&gt;&lt;div id=&quot;WxuAd-main-e0ab3ad1-2034-4075-a98f-b3d272a18bd5&quot; class=&quot;halfWidth removeIfEmpty&quot;&gt;&lt;div class=&quot;adWrapper BaseAd--adWrapper--2qtTX BaseAd--card--1NlKb BaseAd--hide--3pG-e&quot;&gt;&lt;div class=&quot;adLabel&quot;&gt;Advertisement&lt;/div&gt;&lt;div id=&quot;WX_Bot300AdX1&quot; class=&quot;ad_module BaseAd--ad_module--yZlyg subs-undefined BaseAd--placeholder--31XQZ&quot;&gt;&lt;/div&gt;&lt;/div&gt;&lt;/div&gt;&lt;div id=&quot;WxuAd-main-617de16a-5b28-4ea6-8a32-d3e81ec478dc&quot; class=&quot;halfWidth removeIfEmpty&quot;&gt;&lt;div class=&quot;adWrapper BaseAd--adWrapper--2qtTX BaseAd--card--1NlKb BaseAd--hide--3pG-e&quot;&gt;&lt;div class=&quot;adLabel&quot;&gt;Advertisement&lt;/div&gt;&lt;div id=&quot;WX_Bot300AdX2&quot; class=&quot;ad_module BaseAd--ad_module--yZlyg subs-undefined BaseAd--placeholder--31XQZ&quot;&gt;&lt;/div&gt;&lt;/div&gt;&lt;/div&gt;&lt;div id=&quot;WxuContentMedia-main-68cf0061-cd5c-4c9a-a8e5-8ab8113bb28b&quot; class=&quot; removeIfEmpty&quot;&gt;&lt;section class=&quot;card Card--cardPadded--2oS21 Card--card--HiWPW&quot; data-testid=&quot;ContentMediaModule&quot; title=&quot;Photos&quot; ctatext=&quot;See More&quot; ctaurl=&quot;/slideshows&quot; data-tb-region=&quot;db-cm-list_EN&quot; footer=&quot;[object Object]&quot; aria-label=&quot;Photos&quot;&gt;&lt;header data-testid=&quot;HeaderTitle&quot; class=&quot;Card--cardHeader--1QwR4&quot;&gt;&lt;h2 class=&quot;Card--cardHeading--5_qfE&quot;&gt;Photos&lt;/h2&gt;&lt;/header&gt;&lt;div class=&quot;&quot;&gt;&lt;div class=&quot;ContentMedia--secondaryContainer--3kFQZ ContentMedia--mediaInline--2c2lM ContentMedia--mediaStacked--Lf1F-&quot;&gt;&lt;div class=&quot;mediaListItem ContentMedia--mediaListItem--19sj1&quot; data-tb-region-item=&quot;true&quot;&gt;&lt;a class=&quot;mediaLink smallMedia MediaObject--smallMedia--jGsoI ContentMedia--smallMedia--2HRCw MediaObject--mediaLink--330_t Button--default--3zkvy&quot; href=&quot;/photos/news/2021-11-08-delhi-india-smog-photos&quot; target=&quot;_self&quot;&gt;&lt;div data-testid=&quot;ContentMediaImage&quot; class=&quot;MediaObject--mediaImg--1zbhQ ContentMedia--mediaImg--327bx&quot;&gt;&lt;div class=&quot;Image--rounded--2t_Qb Image--gradient--2COra&quot;&gt;&lt;div class=&quot;Image--rounded--2t_Qb Image--intrinsicRatioRoot--1I6CT&quot; style=&quot;padding-top:56.25%&quot;&gt;&lt;img class=&quot;Image--rounded--2t_Qb Image--intrinsicRatioElement--eptTV&quot; src=&quot;https://s.w-x.co/GettyImages-1236419606.jpg?crop=16:9&amp;amp;width=160&amp;amp;format=pjpg&amp;amp;auto=webp&amp;amp;quality=60&quot; data-src=&quot;https://s.w-x.co/GettyImages-1236419606.jpg?crop=16:9&amp;amp;width=160&amp;amp;format=pjpg&amp;amp;auto=webp&amp;amp;quality=60&quot; alt=&quot;&quot; sizes=&quot;39vw&quot; srcset=&quot;https://s.w-x.co/GettyImages-1236419606.jpg?crop=16:9&amp;amp;width=80&amp;amp;format=pjpg&amp;amp;auto=webp&amp;amp;quality=60 80w,https://s.w-x.co/GettyImages-1236419606.jpg?crop=16:9&amp;amp;width=160&amp;amp;format=pjpg&amp;amp;auto=webp&amp;amp;quality=60 160w,https://s.w-x.co/GettyImages-1236419606.jpg?crop=16:9&amp;amp;width=240&amp;amp;format=pjpg&amp;amp;auto=webp&amp;amp;quality=60 240w,https://s.w-x.co/GettyImages-1236419606.jpg?crop=16:9&amp;amp;width=320&amp;amp;format=pjpg&amp;amp;auto=webp&amp;amp;quality=60 320w,https://s.w-x.co/GettyImages-1236419606.jpg?crop=16:9&amp;amp;width=480&amp;amp;format=pjpg&amp;amp;auto=webp&amp;amp;quality=60 480w,https://s.w-x.co/GettyImages-1236419606.jpg?crop=16:9&amp;amp;width=640&amp;amp;format=pjpg&amp;amp;auto=webp&amp;amp;quality=60 640w,https://s.w-x.co/GettyImages-1236419606.jpg?crop=16:9&amp;amp;width=800&amp;amp;format=pjpg&amp;amp;auto=webp&amp;amp;quality=60 800w,https://s.w-x.co/GettyImages-1236419606.jpg?crop=16:9&amp;amp;width=980&amp;amp;format=pjpg&amp;amp;auto=webp&amp;amp;quality=60 980w&quot;&gt;&lt;noscript&gt;&lt;img class=&quot;Image--intrinsicRatioElement--eptTV Image--rounded--2t_Qb&quot; alt=&quot;&quot; src=&quot;https://s.w-x.co/GettyImages-1236419606.jpg?crop=16:9&amp;width=160&amp;format=pjpg&amp;auto=webp&amp;quality=60&quot; /&gt;&lt;/noscript&gt;&lt;/div&gt;&lt;/div&gt;&lt;/div&gt;&lt;div&gt;&lt;div class=&quot;MediaObject--mediaTitle--d3_JC ContentMedia--mediaTitle--3QRq6&quot;&gt;&lt;span class=&quot;Ellipsis--ellipsis--1sNTm&quot; style=&quot;-webkit-line-clamp:3&quot; data-testid=&quot;ContentMediaTitle&quot;&gt;Delhi Plunges into Toxic Smog Days After Diwali Celebrations (PHOTOS)&lt;/span&gt;&lt;/div&gt;&lt;/div&gt;&lt;/a&gt;&lt;/div&gt;&lt;div class=&quot;mediaListItem ContentMedia--mediaListItem--19sj1&quot; data-tb-region-item=&quot;true&quot;&gt;&lt;a class=&quot;mediaLink smallMedia MediaObject--smallMedia--jGsoI ContentMedia--smallMedia--2HRCw MediaObject--mediaLink--330_t Button--default--3zkvy&quot; href=&quot;/photos/news/2021-11-01-cop26-un-climate-change-conference-protest-photos&quot; target=&quot;_self&quot;&gt;&lt;div data-testid=&quot;ContentMediaImage&quot; class=&quot;MediaObject--mediaImg--1zbhQ ContentMedia--mediaImg--327bx&quot;&gt;&lt;div class=&quot;Image--rounded--2t_Qb Image--gradient--2COra&quot;&gt;&lt;div class=&quot;Image--rounded--2t_Qb Image--intrinsicRatioRoot--1I6CT&quot; style=&quot;padding-top:56.25%&quot;&gt;&lt;img class=&quot;Image--rounded--2t_Qb Image--intrinsicRatioElement--eptTV&quot; src=&quot;https://s.w-x.co/GettyImages-1236412565.jpg?crop=16:9&amp;amp;width=160&amp;amp;format=pjpg&amp;amp;auto=webp&amp;amp;quality=60&quot; data-src=&quot;https://s.w-x.co/GettyImages-1236412565.jpg?crop=16:9&amp;amp;width=160&amp;amp;format=pjpg&amp;amp;auto=webp&amp;amp;quality=60&quot; alt=&quot;&quot; sizes=&quot;39vw&quot; srcset=&quot;https://s.w-x.co/GettyImages-1236412565.jpg?crop=16:9&amp;amp;width=80&amp;amp;format=pjpg&amp;amp;auto=webp&amp;amp;quality=60 80w,https://s.w-x.co/GettyImages-1236412565.jpg?crop=16:9&amp;amp;width=160&amp;amp;format=pjpg&amp;amp;auto=webp&amp;amp;quality=60 160w,https://s.w-x.co/GettyImages-1236412565.jpg?crop=16:9&amp;amp;width=240&amp;amp;format=pjpg&amp;amp;auto=webp&amp;amp;quality=60 240w,https://s.w-x.co/GettyImages-1236412565.jpg?crop=16:9&amp;amp;width=320&amp;amp;format=pjpg&amp;amp;auto=webp&amp;amp;quality=60 320w,https://s.w-x.co/GettyImages-1236412565.jpg?crop=16:9&amp;amp;width=480&amp;amp;format=pjpg&amp;amp;auto=webp&amp;amp;quality=60 480w,https://s.w-x.co/GettyImages-1236412565.jpg?crop=16:9&amp;amp;width=640&amp;amp;format=pjpg&amp;amp;auto=webp&amp;amp;quality=60 640w,https://s.w-x.co/GettyImages-1236412565.jpg?crop=16:9&amp;amp;width=800&amp;amp;format=pjpg&amp;amp;auto=webp&amp;amp;quality=60 800w,https://s.w-x.co/GettyImages-1236412565.jpg?crop=16:9&amp;amp;width=980&amp;amp;format=pjpg&amp;amp;auto=webp&amp;amp;quality=60 980w&quot;&gt;&lt;noscript&gt;&lt;img class=&quot;Image--intrinsicRatioElement--eptTV Image--rounded--2t_Qb&quot; alt=&quot;&quot; src=&quot;https://s.w-x.co/GettyImages-1236412565.jpg?crop=16:9&amp;width=160&amp;format=pjpg&amp;auto=webp&amp;quality=60&quot; /&gt;&lt;/noscript&gt;&lt;/div&gt;&lt;/div&gt;&lt;/div&gt;&lt;div&gt;&lt;div class=&quot;MediaObject--mediaTitle--d3_JC ContentMedia--mediaTitle--3QRq6&quot;&gt;&lt;span class=&quot;Ellipsis--ellipsis--1sNTm&quot; style=&quot;-webkit-line-clamp:3&quot; data-testid=&quot;ContentMediaTitle&quot;&gt;Protests Spread Across Europe as COP26 Continues into Second Week (PHOTOS)&lt;/span&gt;&lt;/div&gt;&lt;/div&gt;&lt;/a&gt;&lt;/div&gt;&lt;div class=&quot;mediaListItem ContentMedia--mediaListItem--19sj1&quot; data-tb-region-item=&quot;true&quot;&gt;&lt;a class=&quot;mediaLink smallMedia MediaObject--smallMedia--jGsoI ContentMedia--smallMedia--2HRCw MediaObject--mediaLink--330_t Button--default--3zkvy&quot; href=&quot;/photos/news/2021-11-05-venice-flooding-photos&quot; target=&quot;_self&quot;&gt;&lt;div data-testid=&quot;ContentMediaImage&quot; class=&quot;MediaObject--mediaImg--1zbhQ ContentMedia--mediaImg--327bx&quot;&gt;&lt;div class=&quot;Image--rounded--2t_Qb Image--gradient--2COra&quot;&gt;&lt;div class=&quot;Image--rounded--2t_Qb Image--intrinsicRatioRoot--1I6CT&quot; style=&quot;padding-top:56.25%&quot;&gt;&lt;img class=&quot;Image--rounded--2t_Qb Image--intrinsicRatioElement--eptTV&quot; src=&quot;https://s.w-x.co/AP21309447064210.jpg?crop=16:9&amp;amp;width=160&amp;amp;format=pjpg&amp;amp;auto=webp&amp;amp;quality=60&quot; data-src=&quot;https://s.w-x.co/AP21309447064210.jpg?crop=16:9&amp;amp;width=160&amp;amp;format=pjpg&amp;amp;auto=webp&amp;amp;quality=60&quot; alt=&quot;&quot; sizes=&quot;39vw&quot; srcset=&quot;https://s.w-x.co/AP21309447064210.jpg?crop=16:9&amp;amp;width=80&amp;amp;format=pjpg&amp;amp;auto=webp&amp;amp;quality=60 80w,https://s.w-x.co/AP21309447064210.jpg?crop=16:9&amp;amp;width=160&amp;amp;format=pjpg&amp;amp;auto=webp&amp;amp;quality=60 160w,https://s.w-x.co/AP21309447064210.jpg?crop=16:9&amp;amp;width=240&amp;amp;format=pjpg&amp;amp;auto=webp&amp;amp;quality=60 240w,https://s.w-x.co/AP21309447064210.jpg?crop=16:9&amp;amp;width=320&amp;amp;format=pjpg&amp;amp;auto=webp&amp;amp;quality=60 320w,https://s.w-x.co/AP21309447064210.jpg?crop=16:9&amp;amp;width=480&amp;amp;format=pjpg&amp;amp;auto=webp&amp;amp;quality=60 480w,https://s.w-x.co/AP21309447064210.jpg?crop=16:9&amp;amp;width=640&amp;amp;format=pjpg&amp;amp;auto=webp&amp;amp;quality=60 640w,https://s.w-x.co/AP21309447064210.jpg?crop=16:9&amp;amp;width=800&amp;amp;format=pjpg&amp;amp;auto=webp&amp;amp;quality=60 800w,https://s.w-x.co/AP21309447064210.jpg?crop=16:9&amp;amp;width=980&amp;amp;format=pjpg&amp;amp;auto=webp&amp;amp;quality=60 980w&quot;&gt;&lt;noscript&gt;&lt;img class=&quot;Image--intrinsicRatioElement--eptTV Image--rounded--2t_Qb&quot; alt=&quot;&quot; src=&quot;https://s.w-x.co/AP21309447064210.jpg?crop=16:9&amp;width=160&amp;format=pjpg&amp;auto=webp&amp;quality=60&quot; /&gt;&lt;/noscript&gt;&lt;/div&gt;&lt;/div&gt;&lt;/div&gt;&lt;div&gt;&lt;div class=&quot;MediaObject--mediaTitle--d3_JC ContentMedia--mediaTitle--3QRq6&quot;&gt;&lt;span class=&quot;Ellipsis--ellipsis--1sNTm&quot; style=&quot;-webkit-line-clamp:3&quot; data-testid=&quot;ContentMediaTitle&quot;&gt;Tourists Wade Through Tidal Flooding in Venice (PHOTOS)&lt;/span&gt;&lt;/div&gt;&lt;/div&gt;&lt;/a&gt;&lt;/div&gt;&lt;div class=&quot;mediaListItem ContentMedia--mediaListItem--19sj1&quot; data-tb-region-item=&quot;true&quot;&gt;&lt;a class=&quot;mediaLink smallMedia MediaObject--smallMedia--jGsoI ContentMedia--smallMedia--2HRCw MediaObject--mediaLink--330_t Button--default--3zkvy&quot; href=&quot;/photos/news/2021-11-04-aurora-borealis-us-photos&quot; target=&quot;_self&quot;&gt;&lt;div data-testid=&quot;ContentMediaImage&quot; class=&quot;MediaObject--mediaImg--1zbhQ ContentMedia--mediaImg--327bx&quot;&gt;&lt;div class=&quot;Image--rounded--2t_Qb Image--gradient--2COra&quot;&gt;&lt;div class=&quot;Image--rounded--2t_Qb Image--intrinsicRatioRoot--1I6CT&quot; style=&quot;padding-top:56.25%&quot;&gt;&lt;img class=&quot;Image--rounded--2t_Qb Image--intrinsicRatioElement--eptTV&quot; src=&quot;https://s.w-x.co/FDU_2XLWUAEUdQb.jpeg?crop=16:9&amp;amp;width=160&amp;amp;format=pjpg&amp;amp;auto=webp&amp;amp;quality=60&quot; data-src=&quot;https://s.w-x.co/FDU_2XLWUAEUdQb.jpeg?crop=16:9&amp;amp;width=160&amp;amp;format=pjpg&amp;amp;auto=webp&amp;amp;quality=60&quot; alt=&quot;&quot; sizes=&quot;39vw&quot; srcset=&quot;https://s.w-x.co/FDU_2XLWUAEUdQb.jpeg?crop=16:9&amp;amp;width=80&amp;amp;format=pjpg&amp;amp;auto=webp&amp;amp;quality=60 80w,https://s.w-x.co/FDU_2XLWUAEUdQb.jpeg?crop=16:9&amp;amp;width=160&amp;amp;format=pjpg&amp;amp;auto=webp&amp;amp;quality=60 160w,https://s.w-x.co/FDU_2XLWUAEUdQb.jpeg?crop=16:9&amp;amp;width=240&amp;amp;format=pjpg&amp;amp;auto=webp&amp;amp;quality=60 240w,https://s.w-x.co/FDU_2XLWUAEUdQb.jpeg?crop=16:9&amp;amp;width=320&amp;amp;format=pjpg&amp;amp;auto=webp&amp;amp;quality=60 320w,https://s.w-x.co/FDU_2XLWUAEUdQb.jpeg?crop=16:9&amp;amp;width=480&amp;amp;format=pjpg&amp;amp;auto=webp&amp;amp;quality=60 480w,https://s.w-x.co/FDU_2XLWUAEUdQb.jpeg?crop=16:9&amp;amp;width=640&amp;amp;format=pjpg&amp;amp;auto=webp&amp;amp;quality=60 640w,https://s.w-x.co/FDU_2XLWUAEUdQb.jpeg?crop=16:9&amp;amp;width=800&amp;amp;format=pjpg&amp;amp;auto=webp&amp;amp;quality=60 800w,https://s.w-x.co/FDU_2XLWUAEUdQb.jpeg?crop=16:9&amp;amp;width=980&amp;amp;format=pjpg&amp;amp;auto=webp&amp;amp;quality=60 980w&quot;&gt;&lt;noscript&gt;&lt;img class=&quot;Image--intrinsicRatioElement--eptTV Image--rounded--2t_Qb&quot; alt=&quot;&quot; src=&quot;https://s.w-x.co/FDU_2XLWUAEUdQb.jpeg?crop=16:9&amp;width=160&amp;format=pjpg&amp;auto=webp&amp;quality=60&quot; /&gt;&lt;/noscript&gt;&lt;/div&gt;&lt;/div&gt;&lt;/div&gt;&lt;div&gt;&lt;div class=&quot;MediaObject--mediaTitle--d3_JC ContentMedia--mediaTitle--3QRq6&quot;&gt;&lt;span class=&quot;Ellipsis--ellipsis--1sNTm&quot; style=&quot;-webkit-line-clamp:3&quot; data-testid=&quot;ContentMediaTitle&quot;&gt;Brilliant Aurora Graced Northern U.S. Skies Wednesday Night (PHOTOS)&lt;/span&gt;&lt;/div&gt;&lt;/div&gt;&lt;/a&gt;&lt;/div&gt;&lt;/div&gt;&lt;/div&gt;&lt;div&gt;&lt;footer data-testid=&quot;CardFooter&quot; class=&quot;Card--cardFooter--rsrd-&quot;&gt;&lt;a class=&quot;ContentMedia--cmCtaButton--1u_8O mediaCtaButton Button--primary--1UQTP&quot; href=&quot;/slideshows&quot; target=&quot;_self&quot; data-tb-region-item=&quot;true&quot;&gt;See More&lt;/a&gt;&lt;/footer&gt;&lt;/div&gt;&lt;/section&gt;&lt;/div&gt;&lt;div id=&quot;Taboola-main-f6ca0247-5836-4cb0-a1f4-a2d9e3cf15bf&quot; class=&quot; removeIfEmpty&quot;&gt;&lt;/div&gt;&lt;div id=&quot;WxuSmartMessage-main-ccd9cf55-d5e7-49c0-ad2b-3551f3b154fe&quot; class=&quot; removeIfEmpty&quot;&gt;&lt;/div&gt;&lt;div id=&quot;WxuPrivacyDataNotice-main-7ba809f2-44e7-4620-8c90-12aab7b79f2a&quot; class=&quot; removeIfEmpty&quot;&gt;&lt;/div&gt;&lt;/main&gt;&lt;aside class=&quot;region-sidebar regionSidebar DaybreakLargeScreen--regionSidebar--2kFGB&quot; aria-label=&quot;Sidebar&quot;&gt;&lt;div id=&quot;WxuAd-sidebar-2216c858-71f6-472b-a087-375ed6aa08a2&quot; class=&quot; removeIfEmpty&quot;&gt;&lt;div class=&quot;adWrapper BaseAd--adWrapper--2qtTX BaseAd--card--1NlKb BaseAd--hide--3pG-e&quot;&gt;&lt;div class=&quot;adLabel&quot;&gt;Advertisement&lt;/div&gt;&lt;div id=&quot;WX_Top300Variable&quot; class=&quot;ad_module BaseAd--ad_module--yZlyg subs-undefined BaseAd--placeholder--31XQZ&quot;&gt;&lt;/div&gt;&lt;/div&gt;&lt;/div&gt;&lt;div id=&quot;WxuHurricaneTrackerCard-sidebar-eaf3a578-6862-468e-9c75-5973515b2d3f&quot; class=&quot; removeIfEmpty&quot;&gt;&lt;section class=&quot;card Card--card--HiWPW&quot; data-testid=&quot;HurricaneTrackerCardModule&quot; title=&quot;Hurricane Tracker&quot; id=&quot;Wxu-HurricaneTrackerCard-Module&quot; ctaurl=&quot;/weather/radar/interactive/l/null?base=roadsDark&amp;amp;zoom=6&amp;amp;collection=Terry&quot; ctatext=&quot;Track Storm&quot; aria-label=&quot;Hurricane Tracker&quot;&gt;&lt;header data-testid=&quot;HeaderTitle&quot; class=&quot;Card--cardHeader--1QwR4&quot;&gt;&lt;h2 class=&quot;Card--cardHeading--5_qfE&quot;&gt;Hurricane Tracker&lt;/h2&gt;&lt;/header&gt;&lt;div class=&quot;HurricaneTrackerCard--bodyWrapper--KBdzt&quot;&gt;&lt;div class=&quot;HurricaneTrackerCard--stormDetailsHeader--2epC1&quot;&gt;&lt;div class=&quot;HurricaneTrackerCard--stormIcon--2dyhh HurricaneTrackerCard--l--29MMX&quot;&gt;L&lt;/div&gt;&lt;div class=&quot;HurricaneTrackerCard--textWrapper--1Hz_q&quot;&gt;&lt;div class=&quot;HurricaneTrackerCard--stormName--GnxI5&quot;&gt;Tropical Depression Terry&lt;/div&gt;&lt;div class=&quot;HurricaneTrackerCard--stormDate--SnZCG&quot;&gt;Nov 9, 9:00 am&lt;/div&gt;&lt;/div&gt;&lt;/div&gt;&lt;ul class=&quot;HurricaneTrackerCard--stormDetailsList--1M-cR&quot;&gt;&lt;li&gt;&lt;div class=&quot;HurricaneTrackerCard--label--mO3OW&quot;&gt;Max Winds&lt;/div&gt;&lt;div class=&quot;HurricaneTrackerCard--value--2WPHH&quot;&gt;&lt;span data-testid=&quot;Wind&quot; class=&quot;Wind--windWrapper--3aqXJ undefined&quot;&gt;35 mph&lt;/span&gt;&lt;/div&gt;&lt;/li&gt;&lt;li&gt;&lt;div class=&quot;HurricaneTrackerCard--label--mO3OW&quot;&gt;Movement&lt;/div&gt;&lt;div class=&quot;HurricaneTrackerCard--value--2WPHH&quot;&gt;W at 14 mph&lt;/div&gt;&lt;/li&gt;&lt;li&gt;&lt;div class=&quot;HurricaneTrackerCard--label--mO3OW&quot;&gt;Pressure&lt;/div&gt;&lt;div class=&quot;HurricaneTrackerCard--value--2WPHH&quot;&gt;1007 mb&lt;/div&gt;&lt;/li&gt;&lt;/ul&gt;&lt;div class=&quot;MapboxAttribution--Attribution--1vD2Z MapboxAttribution--topright--3JfbO HurricaneTrackerCard--attributionPositionOverride--2MP4j&quot;&gt;&lt;div class=&quot;MapboxAttribution--buttonAndLogo--jhR2l&quot; data-testid=&quot;MapboxAttribution&quot;&gt;&lt;button data-testid=&quot;MapboxLinks&quot; aria-label=&quot;Map Attribution&quot; alt=&quot;Map Attribution&quot; class=&quot;MapboxAttribution--mapboxLogo--2dmD6 MapboxAttribution--white--2kOId&quot; type=&quot;button&quot;&gt;&lt;div&gt;&lt;svg xmlns=&quot;http://www.w3.org/2000/svg&quot; viewBox=&quot;0 0 800 180&quot;&gt;&lt;title&gt;Mapbox Logo&lt;/title&gt;&lt;path d=&quot;M594.6 49.8c-9.9 0-19.4 4.1-26.3 11.3V23c0-1.2-1-2.2-2.2-2.2h-13.4c-1.2 0-2.2 1-2.2 2.2v103c0 1.2 1 2.2 2.2 2.2h13.4c1.2 0 2.2-1 2.2-2.2v-7.1c6.9 7.2 16.3 11.3 26.3 11.3 20.9 0 37.8-18 37.8-40.2s-16.9-40.2-37.8-40.2zm-3.1 64.3c-12.7 0-23-10.6-23.1-23.8v-.6c.2-13.2 10.4-23.8 23.1-23.8 12.8 0 23.1 10.8 23.1 24.1s-10.4 24.1-23.1 24.1zM681.7 49.8c-22.6 0-40.9 18-40.9 40.2s18.3 40.2 40.9 40.2c22.6 0 40.9-18 40.9-40.2s-18.3-40.2-40.9-40.2zm-.1 64.3c-12.8 0-23.1-10.8-23.1-24.1s10.4-24.1 23.1-24.1 23.1 10.8 23.1 24.1-10.4 24.1-23.1 24.1zM431.6 51.8h-13.4c-1.2 0-2.2 1-2.2 2.2v7.1c-6.9-7.2-16.3-11.3-26.3-11.3-20.9 0-37.8 18-37.8 40.2s16.9 40.2 37.8 40.2c9.9 0 19.4-4.1 26.3-11.3v7.1c0 1.2 1 2.2 2.2 2.2h13.4c1.2 0 2.2-1 2.2-2.2V54c0-1.2-1-2.2-2.2-2.2zm-38.8 62.3c-12.8 0-23.1-10.8-23.1-24.1s10.4-24.1 23.1-24.1c12.7 0 23 10.6 23.1 23.8v.6c-.1 13.2-10.4 23.8-23.1 23.8zM498.5 49.8c-9.9 0-19.4 4.1-26.3 11.3V54c0-1.2-1-2.2-2.2-2.2h-13.4c-1.2 0-2.2 1-2.2 2.2v103c0 1.2 1 2.2 2.2 2.2H470c1.2 0 2.2-1 2.2-2.2v-38.1c6.9 7.2 16.3 11.3 26.3 11.3 20.9 0 37.8-18 37.8-40.2s-16.9-40.2-37.8-40.2zm-3.1 64.3c-12.7 0-23-10.6-23.1-23.8v-.6c.2-13.2 10.4-23.8 23.1-23.8 12.8 0 23.1 10.8 23.1 24.1s-10.3 24.1-23.1 24.1zM311.8 49.8c-10 .1-19.1 5.9-23.4 15-4.9-9.3-14.7-15.1-25.2-15-8.2 0-15.9 4-20.7 10.6V54c0-1.2-1-2.2-2.2-2.2h-13.4c-1.2 0-2.2 1-2.2 2.2v72c0 1.2 1 2.2 2.2 2.2h13.4c1.2 0 2.2-1 2.2-2.2V82.9c.5-9.6 7.2-17.3 15.4-17.3 8.5 0 15.6 7.1 15.6 16.4v44c0 1.2 1 2.2 2.2 2.2h13.5c1.2 0 2.2-1 2.2-2.2l-.1-44.8c1.2-8.8 7.5-15.6 15.2-15.6 8.5 0 15.6 7.1 15.6 16.4v44c0 1.2 1 2.2 2.2 2.2h13.5c1.2 0 2.2-1 2.2-2.2l-.1-49.5c0-14.8-12.6-26.7-28.1-26.7zM794.7 125.1l-23.2-35.3 23-35c.6-.9.3-2.2-.6-2.8-.3-.2-.7-.3-1.1-.3h-15.5c-1.2 0-2.3.6-2.9 1.6L760.9 76l-13.5-22.6c-.6-1-1.7-1.6-2.9-1.6H729c-1.1 0-2 .9-2 2 0 .4.1.8.3 1.1l23 35-23.2 35.3c-.6.9-.3 2.2.6 2.8.3.2.7.3 1.1.3h15.5c1.2 0 2.3-.6 2.9-1.6l13.8-23 13.8 23c.6 1 1.7 1.6 2.9 1.6H793c1.1 0 2-.9 2-2 0-.4-.1-.8-.3-1.2z&quot;&gt;&lt;/path&gt;&lt;g&gt;&lt;path d=&quot;M93.9 1.1C44.8 1.1 5 40.9 5 90s39.8 88.9 88.9 88.9 88.9-39.8 88.9-88.9c0-49.1-39.8-88.9-88.9-88.9zm42.2 110.7c-30.4 30.4-84.7 20.7-84.7 20.7s-9.8-54.2 20.7-84.7C89 30.9 117 31.6 134.7 49.2s18.3 45.7 1.4 62.6z&quot;&gt;&lt;/path&gt;&lt;path d=&quot;M104.1 53.2l-8.7 17.9-17.9 8.7 17.9 8.7 8.7 17.9 8.7-17.9 17.9-8.7-17.9-8.7z&quot;&gt;&lt;/path&gt;&lt;/g&gt;&lt;/svg&gt;&lt;/div&gt;&lt;/button&gt;&lt;/div&gt;&lt;div class=&quot;&#10;          MapboxAttribution--mapboxlinks--2ovD2&#10;          MapboxAttribution--hide--3WTWm&#10;          MapboxAttribution--stack--TRFcZ&#10;          &#10;        &quot;&gt;&lt;a target=&quot;_blank&quot; rel=&quot;noopener noreferrer&quot; href=&quot;https://mapbox.com/about/maps&quot;&gt;© 2021 Mapbox&lt;/a&gt;&lt;a target=&quot;_blank&quot; rel=&quot;noopener noreferrer&quot; href=&quot;https://www.openstreetmap.org/about&quot;&gt;© OpenStreetMap&lt;/a&gt;&lt;a target=&quot;_blank&quot; rel=&quot;noopener noreferrer&quot; href=&quot;https://www.mapbox.com/map-feedback/&quot;&gt;Improve this map&lt;/a&gt;&lt;/div&gt;&lt;/div&gt;&lt;a href=&quot;/weather/radar/interactive/l/null?base=roadsDark&amp;amp;zoom=6&amp;amp;collection=Terry&quot;&gt;&lt;div class=&quot;HurricaneTrackerCard--gradient--1z83d&quot;&gt;&lt;/div&gt;&lt;div class=&quot;HurricaneTrackerCard--mapImage--3bPqE&quot; style=&quot;background-image:url(//api.weather.com/v2/maps/dynamic?geocode=11,-110&amp;amp;h=320&amp;amp;w=568&amp;amp;lod=4&amp;amp;product=9066&amp;amp;map=dark&amp;amp;format=png&amp;amp;language=en&amp;amp;apiKey=21d8a80b3d6b444998a80b3d6b1449d3&amp;amp;a=0)&quot;&gt;&lt;/div&gt;&lt;/a&gt;&lt;/div&gt;&lt;footer data-testid=&quot;CardFooter&quot; class=&quot;Card--cardFooter--rsrd-&quot;&gt;&lt;a class=&quot;Button--primary--1UQTP&quot; href=&quot;/weather/radar/interactive/l/null?base=roadsDark&amp;amp;zoom=6&amp;amp;collection=Terry&quot; target=&quot;_self&quot;&gt;Track Storm&lt;/a&gt;&lt;/footer&gt;&lt;/section&gt;&lt;/div&gt;&lt;div id=&quot;WxuAd-sidebar-ddd4a3cb-7622-4c4d-b058-5101b4678ae5&quot; class=&quot; removeIfEmpty&quot;&gt;&lt;div class=&quot;adWrapper BaseAd--adWrapper--2qtTX BaseAd--card--1NlKb BaseAd--hide--3pG-e&quot;&gt;&lt;div class=&quot;adLabel&quot;&gt;Advertisement&lt;/div&gt;&lt;div id=&quot;WX_Mid300&quot; class=&quot;ad_module BaseAd--ad_module--yZlyg subs-undefined BaseAd--placeholder--31XQZ&quot;&gt;&lt;/div&gt;&lt;/div&gt;&lt;/div&gt;&lt;div id=&quot;WxuPromoDriver-sidebar-721f1a1a-460a-422c-a0db-db83a582b227&quot; class=&quot; removeIfEmpty&quot;&gt;&lt;section class=&quot;card Card--card--HiWPW PromoDriver--card--L3N9x&quot; title=&quot;Stay Safe&quot; data-testid=&quot;promoDriverModule&quot; fromstring=&quot;promoDriverLink&quot; aria-label=&quot;Stay Safe&quot;&gt;&lt;header data-testid=&quot;HeaderTitle&quot; class=&quot;Card--cardHeader--1QwR4 PromoDriver--cardHeader--18cFA&quot;&gt;&lt;h2 class=&quot;Card--cardHeading--5_qfE&quot;&gt;Stay Safe&lt;/h2&gt;&lt;/header&gt;&lt;section class=&quot;PromoDriver--cardContent--3d1dY&quot;&gt;&lt;div class=&quot;PromoDriver--fallbackAndAd--1oRGC&quot;&gt;&lt;div class=&quot;PromoDriver--fallback--3TL5h&quot;&gt;&lt;a href=&quot;/safety&quot;&gt;&lt;div class=&quot;Image--gradient--2COra&quot;&gt;&lt;div class=&quot;Image--intrinsicRatioRoot--1I6CT&quot; style=&quot;padding-top:35.08771929824561%&quot;&gt;&lt;img class=&quot;Image--intrinsicRatioElement--eptTV&quot; data-src=&quot;https://s.w-x.co/promo-modules-units-features.png?crop=2.85:1&amp;amp;width=80&amp;amp;format=pjpg&amp;amp;auto=webp&amp;amp;quality=60&quot; alt=&quot;&quot;&gt;&lt;noscript&gt;&lt;img class=&quot;Image--intrinsicRatioElement--eptTV&quot; alt=&quot;&quot; src=&quot;https://s.w-x.co/promo-modules-units-features.png?crop=2.85:1&amp;width=80&amp;format=pjpg&amp;auto=webp&amp;quality=60&quot; /&gt;&lt;/noscript&gt;&lt;/div&gt;&lt;/div&gt;&lt;/a&gt;&lt;/div&gt;&lt;div class=&quot;LazyLoad&quot;&gt;&lt;/div&gt;&lt;/div&gt;&lt;/section&gt;&lt;/section&gt;&lt;/div&gt;&lt;div id=&quot;WxuAd-sidebar-d2ec6be1-08ec-4be9-b2d3-9df78d6b0d32&quot; class=&quot; removeIfEmpty&quot;&gt;&lt;/div&gt;&lt;div id=&quot;WxuSmartMessage-sidebar-4f2fc4ea-834c-493d-93af-1e3cdf2daea7&quot; class=&quot; removeIfEmpty&quot;&gt;&lt;/div&gt;&lt;div id=&quot;WxuSmartMessage-sidebar-2384c765-4ac5-41e9-8f2d-5a69476cf939&quot; class=&quot; removeIfEmpty&quot;&gt;&lt;/div&gt;&lt;div id=&quot;WxuContentMedia-sidebar-154205c3-43e0-4e4d-a284-972095b12084&quot; class=&quot; removeIfEmpty&quot;&gt;&lt;section class=&quot;card Card--cardPadded--2oS21 Card--card--HiWPW&quot; data-testid=&quot;ContentMediaModule&quot; title=&quot;Featured Deal&quot; ctatext=&quot;See More&quot; ctaurl=&quot;/deals/stackcommerce&quot; data-tb-region=&quot;tb-affiliate-rr&quot; footer=&quot;[object Object]&quot; aria-label=&quot;Featured Deal&quot;&gt;&lt;header data-testid=&quot;HeaderTitle&quot; class=&quot;Card--cardHeader--1QwR4&quot;&gt;&lt;h2 class=&quot;Card--cardHeading--5_qfE&quot;&gt;Featured Deal&lt;/h2&gt;&lt;/header&gt;&lt;div class=&quot;&quot;&gt;&lt;div class=&quot;ContentMedia--primaryContainer--16gwV ContentMedia--fullMedia--1cXPO&quot;&gt;&lt;div class=&quot;mediaListItem ContentMedia--mediaListItem--19sj1 MediaObject--fullWidthMediaList--2O8AG&quot; data-tb-region-item=&quot;true&quot;&gt;&lt;a class=&quot;mediaLink fullMedia MediaObject--fullMedia--1jrAm ContentMedia--fullMedia--1cXPO MediaObject--mediaLink--330_t Button--default--3zkvy&quot; href=&quot;/deals/stackcommerce/news/2021-10-19-smart-press-heating-cup-coaster&quot; target=&quot;_self&quot; data-from-string=&quot;ContentMedia|AffiliatePromo|See More_Keep_Your Coffee Warm With The Smart Press Heating Cup Coaster, Just $26&quot;&gt;&lt;div data-testid=&quot;ContentMediaImage&quot; class=&quot;MediaObject--mediaImg--1zbhQ ContentMedia--mediaImg--327bx&quot;&gt;&lt;div class=&quot;Image--rounded--2t_Qb Image--gradient--2COra&quot;&gt;&lt;div class=&quot;Image--rounded--2t_Qb Image--intrinsicRatioRoot--1I6CT&quot; style=&quot;padding-top:56.25%&quot;&gt;&lt;img class=&quot;Image--rounded--2t_Qb Image--intrinsicRatioElement--eptTV&quot; src=&quot;https://s.w-x.co/bunnyearscoaster.jpeg?crop=16:9&amp;amp;width=320&amp;amp;format=pjpg&amp;amp;auto=webp&amp;amp;quality=60&quot; data-src=&quot;https://s.w-x.co/bunnyearscoaster.jpeg?crop=16:9&amp;amp;width=320&amp;amp;format=pjpg&amp;amp;auto=webp&amp;amp;quality=60&quot; alt=&quot;&quot; sizes=&quot;73vw&quot; srcset=&quot;https://s.w-x.co/bunnyearscoaster.jpeg?crop=16:9&amp;amp;width=80&amp;amp;format=pjpg&amp;amp;auto=webp&amp;amp;quality=60 80w,https://s.w-x.co/bunnyearscoaster.jpeg?crop=16:9&amp;amp;width=160&amp;amp;format=pjpg&amp;amp;auto=webp&amp;amp;quality=60 160w,https://s.w-x.co/bunnyearscoaster.jpeg?crop=16:9&amp;amp;width=240&amp;amp;format=pjpg&amp;amp;auto=webp&amp;amp;quality=60 240w,https://s.w-x.co/bunnyearscoaster.jpeg?crop=16:9&amp;amp;width=320&amp;amp;format=pjpg&amp;amp;auto=webp&amp;amp;quality=60 320w,https://s.w-x.co/bunnyearscoaster.jpeg?crop=16:9&amp;amp;width=480&amp;amp;format=pjpg&amp;amp;auto=webp&amp;amp;quality=60 480w,https://s.w-x.co/bunnyearscoaster.jpeg?crop=16:9&amp;amp;width=640&amp;amp;format=pjpg&amp;amp;auto=webp&amp;amp;quality=60 640w,https://s.w-x.co/bunnyearscoaster.jpeg?crop=16:9&amp;amp;width=800&amp;amp;format=pjpg&amp;amp;auto=webp&amp;amp;quality=60 800w,https://s.w-x.co/bunnyearscoaster.jpeg?crop=16:9&amp;amp;width=980&amp;amp;format=pjpg&amp;amp;auto=webp&amp;amp;quality=60 980w&quot;&gt;&lt;noscript&gt;&lt;img class=&quot;Image--intrinsicRatioElement--eptTV Image--rounded--2t_Qb&quot; alt=&quot;&quot; src=&quot;https://s.w-x.co/bunnyearscoaster.jpeg?crop=16:9&amp;width=320&amp;format=pjpg&amp;auto=webp&amp;quality=60&quot; /&gt;&lt;/noscript&gt;&lt;/div&gt;&lt;/div&gt;&lt;/div&gt;&lt;div&gt;&lt;div class=&quot;MediaObject--mediaTitle--d3_JC ContentMedia--mediaTitle--3QRq6&quot;&gt;&lt;span class=&quot;Ellipsis--ellipsis--1sNTm&quot; style=&quot;-webkit-line-clamp:3&quot; data-testid=&quot;ContentMediaTitle&quot;&gt;Keep Your Coffee Warm With The Smart Press Heating Cup Coaster, Just $26&lt;/span&gt;&lt;/div&gt;&lt;/div&gt;&lt;/a&gt;&lt;/div&gt;&lt;/div&gt;&lt;/div&gt;&lt;div&gt;&lt;footer data-testid=&quot;CardFooter&quot; class=&quot;Card--cardFooter--rsrd-&quot;&gt;&lt;a class=&quot;ContentMedia--cmCtaButton--1u_8O mediaCtaButton Button--primary--1UQTP&quot; href=&quot;/deals/stackcommerce&quot; target=&quot;_self&quot; data-from-string=&quot;ContentMedia|AffiliatePromo|See More_ctaButton}&quot; data-tb-region-item=&quot;true&quot;&gt;See More&lt;/a&gt;&lt;/footer&gt;&lt;/div&gt;&lt;/section&gt;&lt;/div&gt;&lt;div id=&quot;WxuAd-sidebar-fbb14727-c8f1-4a09-a56b-b840a24681c4&quot; class=&quot; removeIfEmpty&quot;&gt;&lt;div class=&quot;adWrapper BaseAd--adWrapper--2qtTX BaseAd--card--1NlKb BaseAd--hide--3pG-e&quot;&gt;&lt;div class=&quot;adLabel&quot;&gt;Advertisement&lt;/div&gt;&lt;div id=&quot;WX_Bot300AdX3&quot; class=&quot;ad_module BaseAd--ad_module--yZlyg subs-undefined BaseAd--placeholder--31XQZ&quot;&gt;&lt;/div&gt;&lt;/div&gt;&lt;/div&gt;&lt;/aside&gt;&lt;/div&gt;&lt;div class=&quot;region-contentBottom regionContentBottom DaybreakLargeScreen--regionContentBottom--eIwFn&quot;&gt;&lt;div id=&quot;WxuAd-contentBottom-cb63b42d-d07c-48d9-a6a4-5f0b1dbc58bf&quot; class=&quot; removeIfEmpty&quot;&gt;&lt;div class=&quot;adWrapper BaseAd--adWrapper--2qtTX BaseAd--card--1NlKb BaseAd--hide--3pG-e&quot;&gt;&lt;div class=&quot;adLabel&quot;&gt;Advertisement&lt;/div&gt;&lt;div id=&quot;WX_BottomLeader&quot; class=&quot;ad_module BaseAd--ad_module--yZlyg subs-undefined BaseAd--placeholder--31XQZ&quot;&gt;&lt;/div&gt;&lt;/div&gt;&lt;/div&gt;&lt;/div&gt;&lt;/main&gt;&lt;footer class=&quot;region-footer regionFooter DaybreakLargeScreen--regionFooter--3zJxU&quot;&gt;&lt;div id=&quot;WxuDaybreakMetrics-footer-95b11cb9-8af9-4c23-abd1-5b7e7bc621d9&quot; class=&quot; removeIfEmpty&quot;&gt;&lt;/div&gt;&lt;div id=&quot;WxuMedalliaSurvey-footer-495720e7-facc-4c28-af6b-52f78459520a&quot; class=&quot; removeIfEmpty&quot;&gt;&lt;/div&gt;&lt;div id=&quot;WxuFooter-footer-5b5ebc4f-6cb5-4bcf-8c09-60524c9ff62d&quot; class=&quot; removeIfEmpty&quot;&gt;&lt;div data-testid=&quot;Footer&quot; class=&quot;Footer--container--17QeH&quot;&gt;&lt;div class=&quot;Footer--Footer--1HyT6&quot;&gt;&lt;div class=&quot;Footer--socialLogos--2MwDy&quot;&gt;&lt;div class=&quot;Footer--logoLockup--2C7WO Footer--linkSpacing--l05S2&quot;&gt;&lt;svg class=&quot;Footer--iconWeatherCompany--I4AuQ Icon--icon--3wCKh&quot; set=&quot;footer&quot; name=&quot;the-weather-company&quot; height=&quot;70&quot; data-testid=&quot;Icon&quot; aria-hidden=&quot;false&quot; aria-label=&quot;The Weather Company, an IBM Business&quot; role=&quot;img&quot; width=&quot;70&quot; viewBox=&quot;0 0 70 70&quot;&gt;&lt;title&gt;The Weather Company&lt;/title&gt;&lt;g fill=&quot;none&quot; fill-rule=&quot;evenodd&quot;&gt;&lt;path d=&quot;M40.293 61.769c.926 0 1.628.287 1.692 1.293h-.678c-.04-.527-.52-.694-.958-.694-.407 0-.878.111-.878.526 0 .479.718.575 1.349.718.678.152 1.349.384 1.349 1.174 0 .99-.918 1.3-1.756 1.3-.926 0-1.708-.375-1.748-1.396h.678c.024.606.559.798 1.11.798.422 0 .997-.096.997-.615 0-1.06-2.697-.343-2.697-1.93 0-.83.814-1.174 1.54-1.174zm-5.043.096v2.793c0 .51.32.83.838.83.822 0 1.22-.55 1.22-1.293v-2.33h.68v4.126h-.64v-.655h-.015c-.287.511-.742.75-1.34.75-1.086 0-1.421-.622-1.421-1.508v-2.713h.678zm15.233-.096c1.46 0 1.907 1.364 1.867 2.362h-3.088c-.024.719.383 1.357 1.285 1.357.566 0 .95-.263 1.069-.806h.67c-.183.918-.83 1.404-1.763 1.404-1.317 0-1.94-.917-1.98-2.17 0-1.245.814-2.147 1.94-2.147zm8.05 0c.926 0 1.629.287 1.693 1.293h-.679c-.04-.527-.518-.694-.957-.694-.407 0-.878.111-.878.526 0 .479.718.575 1.348.718.679.152 1.35.384 1.35 1.174 0 .99-.919 1.3-1.757 1.3-.925 0-1.708-.375-1.747-1.396h.678c.024.606.559.798 1.11.798.422 0 .997-.096.997-.615 0-1.06-2.698-.343-2.698-1.93 0-.83.814-1.174 1.54-1.174zm-4.053 0c.926 0 1.628.287 1.692 1.293h-.678c-.04-.527-.519-.694-.958-.694-.407 0-.878.111-.878.526 0 .479.719.575 1.349.718.678.152 1.349.384 1.349 1.174 0 .99-.918 1.3-1.756 1.3-.926 0-1.708-.375-1.748-1.396h.679c.024.606.558.798 1.109.798.423 0 .997-.096.997-.615 0-1.06-2.697-.343-2.697-1.93 0-.83.814-1.174 1.54-1.174zM4.123 60.293L6.35 65.99h-.838l-.623-1.716H2.48l-.638 1.716H1.06l2.226-5.698h.838zm4.804 1.476c1.085 0 1.42.623 1.42 1.508v2.714H9.67v-2.793c0-.511-.32-.83-.838-.83-.822 0-1.221.55-1.221 1.292v2.33h-.678v-4.125h.638v.654h.016c.287-.51.742-.75 1.34-.75zm37.534 0c1.086 0 1.42.623 1.42 1.508v2.714h-.678v-2.793c0-.511-.319-.83-.838-.83-.822 0-1.22.55-1.22 1.292v2.33h-.68v-4.125h.64v.654h.015c.288-.51.743-.75 1.341-.75zm-15.057-1.476c.495 0 1.173 0 1.509.207.375.224.67.622.67 1.19 0 .606-.311 1.06-.846 1.276v.016c.702.152 1.085.67 1.085 1.373 0 .83-.606 1.636-1.731 1.636h-2.754v-5.698h2.067zm-14.083 0c.495 0 1.173 0 1.508.207.375.224.67.622.67 1.19 0 .606-.31 1.06-.845 1.276v.016c.702.152 1.085.67 1.085 1.373 0 .83-.607 1.636-1.732 1.636h-2.753v-5.698h2.067zm4.308 0l1.796 4.788 1.804-4.788h1.037v5.698h-.718v-4.74h-.016l-1.78 4.74h-.646l-1.78-4.74h-.016v4.74h-.718v-5.698h1.037zm-7.54 0v5.698h-.758v-5.698h.758zm29.781 1.572v4.126h-1v-4.126h1zM31.827 63.38h-1.732v1.971h1.9c.662 0 1.07-.39 1.07-1.021 0-.743-.6-.95-1.238-.95zm-14.083 0h-1.732v1.971h1.9c.662 0 1.069-.39 1.069-1.021 0-.743-.599-.95-1.237-.95zM3.7 60.979h-.016l-.965 2.657H4.65L3.7 60.98zm46.743 1.389c-.702 0-1.142.526-1.181 1.165h2.37c-.04-.647-.51-1.165-1.19-1.165zM17.528 60.93h-1.516v1.812h1.516c.862 0 1.213-.304 1.213-.91 0-.798-.55-.902-1.213-.902zm14.084 0h-1.517v1.812h1.517c.862 0 1.213-.304 1.213-.91 0-.798-.551-.902-1.213-.902zm12.258-.638v.83h-1v-.83h1zm19.342-15.179l1.59 5.32c.16.554.482 1.893.482 1.893s.178-1.018.285-1.464c.143-.572.179-.66.357-1.268l1.375-4.338h2.517l-3.32 9.266c-.625 1.767-1.09 2.535-1.75 3.017-.607.446-1.392.732-2.214.839l-.821-1.571c.518-.143 1.125-.357 1.482-.607.268-.197.482-.447.678-.75.232-.375.304-.536.518-1.071h-.607c-.143-.429-.214-.607-.375-1.071-.179-.554-.464-1.464-.482-1.5l-2.16-6.409 2.445-.286zm-25.153-.179c.642 0 1.303.215 1.802.553.983.661 1.697 1.84 1.697 3.946 0 1.964-.304 2.981-1.268 3.981-.625.66-1.446 1.035-2.445 1.035-.715 0-1.393-.178-1.91-.482.028.172.034.549.035.693v2.914l-2.303.607v-10.57c0-1.195-.018-1.534-.143-2.302l2.125-.375c.089.321.142.572.16.857.41-.5 1.321-.857 2.25-.857zM5.746 41.83c1.232 0 2.463.393 3.142.982l-1.125 1.696c-.625-.464-1.285-.696-1.982-.696-.839 0-1.66.41-2.106 1.071-.482.714-.696 1.75-.696 3.196 0 1.696.142 2.642.517 3.32.5.91 1.321 1.393 2.393 1.393.678 0 1.267-.197 1.874-.607.071-.054.16-.125.25-.197l1.143 1.571c-.982.804-2.036 1.16-3.446 1.16-1.714 0-3.035-.553-4.053-1.713-1-1.125-1.5-2.624-1.5-4.446 0-1.552.269-2.784.84-3.855.964-1.804 2.75-2.875 4.749-2.875zm41.31 3.087c1.535 0 2.589.572 2.946 1.59.125.374.16.66.16 1.641l-.053 3.071v.16c0 .983.16 1.358.857 1.875l-1.268 1.464c-.553-.232-1.053-.642-1.285-1.107-.34.322-.375.357-.553.482-.447.322-1.09.5-1.84.5-2.035 0-3.141-1.035-3.141-2.856 0-2.142 1.481-3.142 4.391-3.142.179 0 .286 0 .536.018v-.375c0-1.018-.197-1.357-1.071-1.357-.768 0-1.66.375-2.642 1.036l-1.018-1.714c.59-.375.84-.5 1.482-.75.892-.375 1.66-.536 2.5-.536zm-33.295.27c1.304 0 2.321.446 3.107 1.374.732.857 1.053 1.857 1.053 3.339 0 1.57-.357 2.642-1.143 3.534-.696.786-1.606 1.268-3.017 1.268-2.481 0-4.106-1.857-4.106-4.73 0-2.875 1.643-4.785 4.106-4.785zm15.032-.108c.714 0 1.393.214 1.803.571.518.446.679.982.679 2.231v6.499h-2.321v-6.034c0-1.09-.125-1.304-.75-1.304-.446 0-1.071.304-1.589.768v6.57h-2.267v-5.945c0-1.143-.16-1.41-.821-1.41-.447 0-1.054.232-1.571.696v6.659h-2.339v-6.374c0-1.32-.09-1.892-.34-2.338l2.16-.59c.162.25.233.465.322.93.625-.608 1.393-.93 2.232-.93.75 0 1.374.25 1.856.75.126.125.179.197.357.447.84-.857 1.59-1.196 2.59-1.196zm25.404-.072c.214.375.34.768.34 1.143.553-.393.66-.464 1.053-.679a3.77 3.77 0 011.642-.392c1.018 0 1.91.535 2.196 1.32.125.34.178.733.178 1.304v6.677H57.25v-5.945c0-1.036-.179-1.339-.803-1.339-.482 0-1.107.321-1.66.821v6.463h-2.393v-6.623c0-.786-.107-1.536-.321-2.143l2.124-.607zm-40.4 1.947c-.571 0-1.035.357-1.232.928-.16.482-.25 1.125-.25 2.036 0 1.053.107 1.838.304 2.302.214.5.75.75 1.214.75 1.035 0 1.481-.928 1.481-3.088 0-1.232-.16-2.035-.482-2.446-.232-.303-.606-.482-1.035-.482zm33.973 3.301h-.107c-1.66 0-2.231.304-2.231 1.393 0 .714.446 1.196 1.053 1.196.446 0 .893-.232 1.25-.625l.035-1.964zm-10.193-3.374c-.59 0-1.16.25-1.59.696v4.445c.322.268.84.536 1.322.536 1.178 0 1.642-.803 1.642-2.892 0-.875-.071-1.571-.232-2.017-.178-.5-.553-.768-1.142-.768zm-9.139-17.239c1.535 0 2.589.571 2.946 1.589.125.374.16.66.16 1.642l-.053 3.07v.161c0 .982.16 1.357.857 1.875l-1.268 1.464c-.553-.232-1.053-.643-1.285-1.107-.34.321-.375.357-.554.482-.446.321-1.089.5-1.839.5-2.035 0-3.142-1.035-3.142-2.856 0-2.143 1.482-3.142 4.392-3.142.179 0 .286 0 .536.017v-.374c0-1.018-.197-1.358-1.072-1.358-.767 0-1.66.375-2.642 1.036l-1.017-1.714c.589-.375.839-.5 1.482-.75.892-.375 1.66-.535 2.499-.535zm-9.14.018c1.053 0 2.052.357 2.642.964.839.857 1.213 2.089 1.213 3.999v.553H17.87v.072c0 1.41.696 2.214 1.928 2.214.822 0 1.589-.304 2.321-.911l.928 1.428c-1.053.857-2.16 1.267-3.445 1.267-2.625 0-4.32-1.856-4.32-4.73 0-1.643.339-2.732 1.142-3.624.75-.84 1.66-1.232 2.874-1.232zm33.026-.126c1.053 0 2.053.357 2.642.964.839.857 1.214 2.089 1.214 3.999v.554h-5.285v.07c0 1.411.697 2.215 1.928 2.215.822 0 1.59-.304 2.321-.91l.928 1.427c-1.053.857-2.16 1.268-3.445 1.268-2.624 0-4.32-1.857-4.32-4.731 0-1.643.339-2.732 1.142-3.624.75-.84 1.66-1.232 2.875-1.232zM2.642 26.595l1.071 4.892c.518 2.32.661 4.088.661 4.088.053-.482.268-2.25.642-3.963l1.107-5.017h2.732l1.142 5.553c.232 1.16.536 3.284.536 3.284.036-.392.464-3.088.678-4.123l1.018-4.714h2.624L11.854 39.11H9.123l-1.107-5.052c-.429-1.928-.572-3.5-.59-3.606 0 0-.25 1.75-.606 3.57L5.802 39.11H2.964L0 26.595h2.642zm33.687.35a26.98 26.98 0 00-.143 2.75h2.142l-.607 1.589h-1.535v4.66c0 1.16.214 1.463 1.035 1.463.215 0 .429-.054.857-.178l.304 1.428c-.697.285-1.321.41-1.946.41-1.214 0-2.196-.535-2.464-1.339-.132-.362-.157-.542-.16-1.228v-5.216H32.9V29.73h.91c0-.892 0-1.5.09-2.178l2.428-.607zm25.833 2.553c.357 0 .518.036.892.197l-.66 2.106a1.35 1.35 0 00-.696-.178c-.536 0-1.018.25-1.464.767v6.463h-2.392v-6.106c0-1.231-.143-2.16-.34-2.677l2.143-.572c.214.375.339.786.375 1.304.339-.465.91-.947 1.356-1.16.197-.09.518-.144.786-.144zm-20.853-3.874c.107.5.16 1.357.16 2.232v1.82c0 .286-.035.661-.035.768.624-.589 1.66-.981 2.588-.981 1.125 0 2.089.535 2.375 1.303.178.518.232.66.232 1.696v6.391h-2.34v-6.141c0-.91-.249-1.25-.927-1.25-.59 0-1.357.357-1.893.84v6.551h-2.428V28.284c0-.857-.071-1.713-.178-2.088l2.446-.572zM29.152 34.98h-.107c-1.66 0-2.232.303-2.232 1.392 0 .714.447 1.197 1.054 1.197.446 0 .892-.233 1.25-.625l.035-1.964zm-9.819-3.57c-.91 0-1.428.713-1.428 1.98v.037h2.767v-.108c0-.678-.072-1.035-.286-1.374-.232-.357-.57-.536-1.053-.536zm33.026-.127c-.91 0-1.428.715-1.428 1.982v.036h2.767v-.107c0-.679-.071-1.036-.286-1.375-.232-.357-.57-.536-1.053-.536zM23.316 14.321c1.054 0 2.053.358 2.643.965.839.856 1.214 2.088 1.214 3.998v.554h-5.285v.071c0 1.41.697 2.214 1.928 2.214.822 0 1.59-.303 2.321-.91l.929 1.428c-1.054.857-2.16 1.267-3.446 1.267-2.625 0-4.32-1.856-4.32-4.73 0-1.643.339-2.732 1.142-3.625.75-.839 1.66-1.232 2.874-1.232zM9.034 11.233l-.41 2.07H5.66V23.64H3.125V13.304H.09v-2.071h8.944zm3.268-.821c.107.5.16 1.357.16 2.231v1.821c0 .286-.036.66-.036.768.625-.59 1.66-.982 2.59-.982 1.124 0 2.088.536 2.373 1.303.179.518.233.661.233 1.696v6.392h-2.339v-6.142c0-.91-.25-1.25-.928-1.25-.59 0-1.357.358-1.893.84v6.552h-2.428V13.07c0-.856-.071-1.713-.178-2.088l2.446-.571zm11.05 5.66c-.91 0-1.428.713-1.428 1.98v.036h2.767v-.107c0-.678-.071-1.035-.286-1.374-.232-.357-.57-.536-1.053-.536zm23.555-8.125c.117 0 .224.035.327.104l-.057.094a.438.438 0 00-.264-.092c-.136 0-.217.068-.217.179 0 .087.052.138.18.177l.126.04c.096.03.149.058.191.109.045.05.072.123.072.192a.32.32 0 01-.15.26.42.42 0 01-.245.067.636.636 0 01-.348-.098l.057-.101c.09.065.182.093.291.093.083 0 .127-.012.173-.047a.186.186 0 00.077-.155c0-.097-.063-.164-.194-.203l-.11-.033c-.098-.03-.15-.053-.193-.097a.252.252 0 01-.068-.177c0-.186.141-.312.352-.312zm.875.024l.198.709c.02.076.028.106.042.19.018-.092.026-.122.04-.178l.204-.721h.192l.093 1.086h-.13l-.063-.797c-.005-.07-.008-.185-.008-.185a2.34 2.34 0 01-.042.17l-.233.812h-.111l-.215-.771c-.015-.055-.027-.097-.038-.142l-.017-.07v.015l-.012.195-.06.773h-.125l.095-1.086h.19z&quot; fill=&quot;#283577&quot;&gt;&lt;/path&gt;&lt;path d=&quot;M47.036 4c-.356.901-.694 1.736-1.016 2.577-.856 2.241-1.074 4.568-.891 6.941.124 1.61.234 3.225-.289 4.783-.965 2.873-2.986 4.519-5.983 4.918-3.074.41-5.542-.727-7.253-3.253-2.547-3.758-1.44-9.697 4.273-11.262 1.416-.388 2.876-.607 4.305-.951 2.397-.578 4.44-1.845 6.346-3.36.15-.118.302-.234.508-.393&quot; fill=&quot;#2797C8&quot;&gt;&lt;/path&gt;&lt;/g&gt;&lt;/svg&gt;&lt;svg class=&quot;Footer--iconWeatherChannel--2edFl Icon--icon--3wCKh&quot; set=&quot;footer&quot; name=&quot;the-weather-channel&quot; height=&quot;35&quot; data-testid=&quot;Icon&quot; aria-hidden=&quot;false&quot; aria-label=&quot;The Weather Channel&quot; role=&quot;img&quot; width=&quot;35&quot; viewBox=&quot;0 0 35 35&quot;&gt;&lt;title&gt;The Weather Channel&lt;/title&gt;&lt;g fill=&quot;none&quot; fill-rule=&quot;evenodd&quot;&gt;&lt;path fill=&quot;#039&quot; d=&quot;M0 0h35v35H0z&quot;&gt;&lt;/path&gt;&lt;path d=&quot;M13.998 27.281c.73 0 1.232.272 1.402.757.06.178.077.314.077.782l-.026 1.462v.077c0 .467.077.646.408.893l-.603.697c-.264-.11-.502-.306-.612-.527-.162.153-.179.17-.264.23-.212.152-.518.237-.875.237-.97 0-1.497-.493-1.497-1.36 0-1.02.706-1.496 2.092-1.496.085 0 .136 0 .255.008v-.178c0-.485-.094-.647-.51-.647-.366 0-.791.179-1.259.494l-.484-.817c.28-.178.4-.238.705-.357.425-.178.791-.255 1.19-.255zm13.202.009c.502 0 .978.17 1.259.459.4.408.578.995.578 1.904v.264H26.52v.034c0 .671.332 1.054.918 1.054.392 0 .757-.145 1.106-.434l.442.68c-.502.409-1.029.604-1.641.604-1.25 0-2.057-.884-2.057-2.253 0-.782.161-1.3.544-1.726.357-.4.79-.586 1.368-.586zm3.724-1.854c.043.238.06.519.06 1.131v3.675c.003.495.018.584.076.686.043.077.136.12.23.12.042 0 .068 0 .127-.017l.196.68a1.902 1.902 0 01-.68.119c-.485 0-.876-.23-1.012-.595-.077-.201-.098-.332-.102-.82v-3.406c0-.57-.017-.918-.06-1.31l1.165-.263zm-25.521.255c.586 0 1.173.188 1.496.468l-.536.808a1.557 1.557 0 00-.943-.332c-.4 0-.79.196-1.003.51-.23.34-.332.833-.332 1.522 0 .808.068 1.258.246 1.581.239.434.63.664 1.14.664a1.53 1.53 0 001.011-.383l.545.748c-.468.383-.97.553-1.641.553-.816 0-1.446-.264-1.93-.816-.476-.536-.714-1.25-.714-2.117 0-.74.127-1.327.4-1.837a2.539 2.539 0 012.26-1.369zm16.527 1.573c.102.179.161.366.161.544.264-.187.315-.22.502-.323.23-.119.527-.187.782-.187.484 0 .91.255 1.046.63.059.16.084.348.084.62v3.18h-1.122v-2.831c0-.494-.085-.638-.382-.638-.23 0-.527.153-.79.391v3.078h-1.14v-3.154c0-.375-.051-.732-.153-1.02l1.012-.29zM8.65 25.428c.051.238.077.646.077 1.063v.867c0 .136-.017.314-.017.365.297-.28.79-.467 1.232-.467.536 0 .995.255 1.131.62.085.247.11.315.11.808v3.044H10.07v-2.925c0-.434-.119-.595-.442-.595-.28 0-.646.17-.901.4v3.12H7.57v-5.033c0-.408-.033-.816-.085-.995l1.165-.272zm8.748 1.836c.102.179.162.366.162.544.263-.187.314-.22.501-.323.23-.119.527-.187.783-.187.484 0 .91.255 1.045.63.06.16.085.348.085.62v3.18h-1.122v-2.831c0-.494-.085-.638-.383-.638-.23 0-.527.153-.79.391v3.078h-1.14v-3.154c0-.375-.05-.732-.152-1.02l1.011-.29zm-3.06 2.56h-.051c-.791 0-1.063.144-1.063.662 0 .34.213.57.502.57.212 0 .425-.11.595-.298l.017-.935zm12.88-1.701c-.434 0-.68.34-.68.944v.017h1.317v-.051c0-.323-.034-.493-.136-.655-.11-.17-.272-.255-.502-.255zm-11.104-8.89c.731 0 1.233.271 1.403.756.06.178.076.314.076.782l-.025 1.462v.077c0 .467.076.646.408.892l-.604.698c-.263-.111-.501-.306-.612-.528-.161.153-.178.17-.263.23-.213.153-.519.238-.876.238-.97 0-1.496-.493-1.496-1.36 0-1.02.705-1.497 2.091-1.497.085 0 .136 0 .255.009v-.179c0-.484-.093-.646-.51-.646-.366 0-.79.179-1.258.493l-.485-.816c.28-.178.4-.238.706-.357.425-.178.79-.255 1.19-.255zm-4.353.008c.502 0 .978.17 1.259.459.4.408.578.994.578 1.904v.264H11.08v.034c0 .671.332 1.054.918 1.054.391 0 .757-.145 1.106-.434l.442.68c-.502.408-1.03.604-1.641.604-1.25 0-2.058-.884-2.058-2.253 0-.782.162-1.3.545-1.726.357-.4.79-.586 1.368-.586zm15.788 0c.501 0 .977.17 1.258.459.4.408.578.994.578 1.904v.264h-2.517v.034c0 .671.332 1.054.919 1.054.39 0 .756-.145 1.105-.434l.442.68c-.502.408-1.029.604-1.641.604-1.25 0-2.057-.884-2.057-2.253 0-.782.161-1.3.544-1.726.357-.4.79-.586 1.369-.586zm-7.677-1.233c-.043.4-.068.867-.068 1.31h1.02l-.29.756h-.73v2.219c0 .552.102.697.493.697.102 0 .204-.026.408-.085l.144.68a2.39 2.39 0 01-.926.196c-.578 0-1.046-.256-1.173-.638-.06-.164-.074-.25-.076-.536l-.001-2.533h-.434v-.74h.434c0-.425 0-.714.043-1.037l1.156-.29zM3.83 17.77l.51 2.33c.247 1.105.315 1.946.315 1.946.025-.23.127-1.071.306-1.887l.527-2.39h1.3l.545 2.645c.11.552.255 1.564.255 1.564.017-.187.22-1.47.323-1.964l.484-2.244h1.25l-1.428 5.96H6.916l-.527-2.406c-.204-.919-.272-1.667-.28-1.718 0 0-.12.833-.29 1.7l-.484 2.423H3.983l-1.411-5.96H3.83zm18.473-.391c.051.238.077.646.077 1.062v.868c0 .136-.017.314-.017.365.297-.28.79-.467 1.232-.467.536 0 .995.255 1.131.62.085.247.11.315.11.808v3.043h-1.113v-2.924c0-.434-.12-.595-.442-.595-.28 0-.646.17-.901.4v3.12h-1.157v-5.033c0-.409-.034-.817-.085-.995l1.165-.272zm9.98 1.845c.17 0 .247.017.426.093l-.315 1.003a.643.643 0 00-.331-.085c-.255 0-.485.12-.697.366v3.077h-1.14v-2.907c0-.587-.068-1.029-.161-1.275l1.02-.272c.102.178.162.374.179.62a1.97 1.97 0 01.646-.552c.093-.043.246-.068.374-.068zm-15.829 2.55h-.05c-.792 0-1.064.145-1.064.663 0 .34.213.57.502.57.213 0 .425-.11.595-.298l.017-.935zm-4.676-1.7c-.433 0-.68.34-.68.943v.017h1.318v-.05c0-.324-.034-.494-.136-.655-.11-.17-.272-.255-.502-.255zm15.788 0c-.434 0-.68.34-.68.943v.017h1.317v-.05c0-.324-.034-.494-.136-.655-.11-.17-.272-.255-.501-.255zM13.598 11.19c.502 0 .978.17 1.258.46.4.408.579.994.579 1.904v.263h-2.517v.035c0 .671.332 1.054.918 1.054.391 0 .757-.145 1.105-.434l.443.68c-.502.408-1.03.604-1.641.604-1.25 0-2.058-.884-2.058-2.253 0-.782.162-1.3.544-1.726.357-.4.791-.587 1.37-.587zm-6.801-1.47l-.196.986h-1.41v4.922H3.982v-4.922H2.538V9.72h4.259zm1.556-.391c.05.238.076.646.076 1.062v.867c0 .137-.017.315-.017.366.298-.28.79-.468 1.233-.468.536 0 .995.256 1.13.621.086.247.111.315.111.808v3.043H9.773v-2.924c0-.434-.12-.595-.443-.595-.28 0-.646.17-.9.4v3.12H7.272v-5.034c0-.408-.034-.816-.085-.994l1.165-.272zm5.262 2.695c-.433 0-.68.34-.68.943v.017h1.318v-.05c0-.324-.034-.494-.136-.655-.11-.17-.272-.255-.502-.255z&quot; fill=&quot;#FFF&quot;&gt;&lt;/path&gt;&lt;/g&gt;&lt;/svg&gt;&lt;svg class=&quot;Footer--iconWunderground--1Uqi0 Icon--icon--3wCKh&quot; set=&quot;footer&quot; name=&quot;weather-underground&quot; height=&quot;50&quot; data-testid=&quot;Icon&quot; aria-hidden=&quot;false&quot; aria-label=&quot;Wunderground&quot; role=&quot;img&quot; width=&quot;50&quot; viewBox=&quot;0 0 50 50&quot;&gt;&lt;title&gt;Weather Underground&lt;/title&gt;&lt;defs&gt;&lt;linearGradient x1=&quot;-3.157%&quot; y1=&quot;37.366%&quot; x2=&quot;89.185%&quot; y2=&quot;61.161%&quot; id=&quot;wua&quot;&gt;&lt;stop stop-color=&quot;#D51F2A&quot; offset=&quot;23.49%&quot;&gt;&lt;/stop&gt;&lt;stop stop-color=&quot;#F68839&quot; offset=&quot;100%&quot;&gt;&lt;/stop&gt;&lt;/linearGradient&gt;&lt;linearGradient x1=&quot;.001%&quot; y1=&quot;50.002%&quot; x2=&quot;100.002%&quot; y2=&quot;50.002%&quot; id=&quot;wub&quot;&gt;&lt;stop stop-color=&quot;#FDB930&quot; offset=&quot;42.57%&quot;&gt;&lt;/stop&gt;&lt;stop stop-color=&quot;#85C441&quot; offset=&quot;86.9%&quot;&gt;&lt;/stop&gt;&lt;/linearGradient&gt;&lt;linearGradient x1=&quot;49.998%&quot; y1=&quot;100%&quot; x2=&quot;49.998%&quot; y2=&quot;0%&quot; id=&quot;wuc&quot;&gt;&lt;stop stop-color=&quot;#19AADB&quot; offset=&quot;0%&quot;&gt;&lt;/stop&gt;&lt;stop stop-color=&quot;#1756A7&quot; offset=&quot;99.49%&quot;&gt;&lt;/stop&gt;&lt;/linearGradient&gt;&lt;/defs&gt;&lt;g fill=&quot;none&quot; fill-rule=&quot;evenodd&quot;&gt;&lt;path d=&quot;M36.524 15.33c1.07 2.584 4.848 2.585 5.918 0l.058-.14a3.192 3.192 0 00-.05-2.314l-2.967-7.162-2.967 7.163a3.19 3.19 0 00-.05 2.316l.058.138z&quot; fill=&quot;#19AADB&quot; fill-rule=&quot;nonzero&quot;&gt;&lt;/path&gt;&lt;path d=&quot;M26.794 19.659a3.38 3.38 0 00-3.067 1.96l-.107.257-1.818 4.39-3.198-7.72c-1.08-2.608-4.904-2.607-5.984.001l-3.2 7.727-3.201-7.727c-.675-1.63-2.599-2.426-4.228-1.751-1.629.674-2.425 2.598-1.75 4.227l6.178 14.916c1.066 2.641 4.94 2.64 6.002-.003l3.191-7.703 3.147 7.597c1.01 2.79 5.08 2.787 6.087-.003l2.812-6.79 1.498-3.57 1.023-2.438a3.385 3.385 0 00-3.385-3.37z&quot; fill=&quot;url(#wua)&quot; fill-rule=&quot;nonzero&quot;&gt;&lt;/path&gt;&lt;path d=&quot;M43.122 34.805a6.473 6.473 0 01-6.473-6.473c0-.058.003-.116.005-.174v-5.115c0-2.902-2.004-5.522-4.81-6.274-3.043-.815-6.313.743-7.605 3.615l-.13.315-.382.92a3.383 3.383 0 016.452 1.409l.003-.009v5.234c0 5.086 4.087 9.42 9.173 9.699 5.052.276 9.585-3.528 10.173-8.55a9.7 9.7 0 00.053-.667 6.472 6.472 0 01-6.459 6.07z&quot; fill=&quot;url(#wub)&quot; fill-rule=&quot;nonzero&quot;&gt;&lt;/path&gt;&lt;path d=&quot;M46.363 16.549h-.006a3.236 3.236 0 00-3.233 3.236v8.475c0 1.763-1.472 3.235-3.235 3.235s-3.235-1.472-3.235-3.235v-.103c-.002.058-.005.116-.005.174a6.473 6.473 0 1012.945-.038l.002-.033v-8.477a3.237 3.237 0 00-3.233-3.235z&quot; fill=&quot;url(#wuc)&quot; fill-rule=&quot;nonzero&quot;&gt;&lt;/path&gt;&lt;path d=&quot;M17.403 41.467c.25 0 .472.039.649.161.188.135.303.369.303.66 0 .27-.104.48-.296.634a.754.754 0 01-.263.142c.063.055.115.103.148.136.193.193.393.41.411.682l.003.027v.011c0 .108-.088.2-.203.2-.119-.006-.207-.103-.207-.2 0-.201-.273-.455-.543-.67a8.31 8.31 0 00-.17-.132h-.53v.794c0 .116-.1.208-.216.208a.214.214 0 01-.215-.208v-2.234c0-.04.015-.076.034-.108a.212.212 0 01.181-.103zm-13.775-.035c.118 0 .218.081.218.208 0 .027-.011.061-.019.092l-.718 2.165a.3.3 0 01-.307.223.303.303 0 01-.307-.223l-.576-1.65-.564 1.65a.297.297 0 01-.307.223.296.296 0 01-.303-.223l-.73-2.173a.295.295 0 01-.015-.08c0-.115.096-.212.223-.212.11 0 .184.062.21.158l.619 1.973.64-1.965c.028-.093.097-.166.231-.166.138 0 .2.07.227.166l.656 1.965.607-1.985c.023-.092.115-.146.215-.146zm3.923-.003c.173 0 .257.103.3.222l.825 2.169a.47.47 0 01.019.1c0 .123-.088.2-.215.2-.104 0-.18-.054-.207-.15l-.185-.476H6.994l-.18.476c-.03.096-.096.15-.215.15-.13 0-.204-.093-.204-.196a.37.37 0 01.023-.104l.833-2.169c.043-.123.123-.222.3-.222zm5.467.003c.123 0 .215.093.215.208v2.272a.21.21 0 01-.215.208.213.213 0 01-.215-.208v-.783h-1.531v.783c0 .116-.1.208-.215.208a.21.21 0 01-.215-.208V41.64a.21.21 0 01.215-.208c.123 0 .215.093.215.208v1.109h1.531v-1.11c0-.114.1-.207.215-.207zm-2.598.035c.104 0 .188.088.188.192a.188.188 0 01-.188.188h-.714v2.065c0 .115-.1.208-.215.208a.21.21 0 01-.215-.208v-2.065h-.718a.188.188 0 01-.184-.188c0-.104.085-.192.184-.192h1.862zm27.263-.004c.25 0 .472.039.649.161.187.135.303.369.303.66 0 .27-.104.48-.296.634a.756.756 0 01-.263.142c.063.055.116.103.148.136.193.193.393.41.411.682 0 .01.002.018.003.027v.011c0 .108-.088.2-.203.2-.119-.006-.207-.102-.207-.2 0-.201-.273-.455-.543-.67a9.134 9.134 0 00-.17-.132h-.53v.794c0 .116-.1.208-.216.208a.213.213 0 01-.215-.208v-2.234c0-.04.014-.076.034-.108a.211.211 0 01.181-.103zm-5.348 0c.25 0 .472.039.649.161.188.135.303.369.303.66 0 .27-.104.48-.295.634a.758.758 0 01-.264.142c.063.055.116.103.148.136.193.193.394.41.411.682 0 .01.003.018.003.027v.011a.2.2 0 01-.203.2c-.118-.006-.207-.102-.207-.2 0-.201-.273-.455-.543-.67a9.892 9.892 0 00-.17-.132h-.53v.794c0 .116-.1.208-.216.208a.214.214 0 01-.215-.208v-2.234c0-.04.015-.076.034-.108a.211.211 0 01.181-.103zm-10.032-.034a.21.21 0 01.215.207v1.409c0 .3-.08.553-.242.733-.192.219-.495.338-.88.338-.379 0-.682-.12-.874-.338-.161-.18-.242-.434-.242-.733v-1.409a.21.21 0 01.215-.207.21.21 0 01.215.207v1.347c0 .223.054.4.161.522.123.142.303.208.526.208.226 0 .407-.066.53-.208.107-.122.16-.3.16-.522v-1.347a.21.21 0 01.216-.207zm24.628 0c.115 0 .203.088.203.195v2.292c0 .108-.088.2-.203.2a.21.21 0 01-.208-.2c0-.276-.514-.653-.829-.89a7.302 7.302 0 01-.533-.434 2.486 2.486 0 01-.265-.269v1.593c0 .108-.089.2-.204.2a.205.205 0 01-.207-.2v-2.292c0-.107.092-.195.207-.195a.2.2 0 01.204.195c0 .258.395.569.825.895.18.138.361.288.537.441.104.089.193.18.265.269v-1.605c0-.107.092-.195.208-.195zm-21.698 0c.115 0 .203.088.203.195v2.292c0 .108-.088.2-.203.2a.21.21 0 01-.208-.2c0-.276-.514-.653-.829-.89a7.302 7.302 0 01-.533-.434 2.466 2.466 0 01-.265-.269v1.593c0 .108-.088.2-.203.2a.205.205 0 01-.208-.2v-2.292c0-.107.092-.195.208-.195a.2.2 0 01.203.195c0 .258.395.569.825.895.18.138.361.288.538.441.103.089.192.18.264.269v-1.605c0-.107.093-.195.208-.195zm9.735 0c.273 0 .473.046.65.11.126.047.218.12.218.231a.2.2 0 01-.207.2c-.088 0-.146-.054-.315-.108a1.261 1.261 0 00-.35-.046c-.537 0-.97.4-.97.952 0 .576.407.964.967.964.2 0 .376-.05.518-.142a.646.646 0 00.292-.453h-.687a.191.191 0 01-.184-.192.19.19 0 01.184-.192h.956c.103 0 .191.065.191.203a1.1 1.1 0 01-.38.853c-.222.192-.533.307-.905.307-.791 0-1.402-.476-1.402-1.348 0-.787.63-1.34 1.424-1.34zm5.302 0c.748 0 1.381.568 1.381 1.347 0 .78-.633 1.34-1.381 1.34-.753 0-1.382-.565-1.382-1.34 0-.78.63-1.347 1.382-1.347zm3.73 0a.21.21 0 01.216.207v1.409c0 .3-.08.553-.242.733-.192.219-.495.338-.88.338-.38 0-.683-.12-.874-.338-.162-.18-.242-.434-.242-.733v-1.409a.21.21 0 01.215-.207.21.21 0 01.215.207v1.347c0 .223.054.4.16.522.124.142.304.208.527.208.226 0 .407-.066.53-.208.107-.122.16-.3.16-.522v-1.347a.21.21 0 01.216-.207zm-37.978.038c.104 0 .184.088.184.192 0 .104-.08.188-.184.188H4.536v.906h1.248c.104 0 .184.084.184.188 0 .108-.08.192-.184.192H4.536v.568h1.486c.104 0 .184.089.184.188 0 .108-.08.192-.184.192h-1.7a.21.21 0 01-.216-.207v-2.2a.21.21 0 01.215-.207h1.7zm9.63 0c.104 0 .185.088.185.192 0 .104-.08.188-.184.188h-1.486v.906h1.248c.103 0 .184.084.184.188 0 .108-.08.192-.184.192h-1.248v.568h1.486c.103 0 .184.089.184.188 0 .108-.08.192-.184.192h-1.7a.21.21 0 01-.216-.207v-2.2a.21.21 0 01.215-.207h1.7zm11.272-.004c.419 0 .795.092 1.083.407.192.204.31.5.31.899 0 .468-.172.794-.43 1.005-.295.242-.663.303-1.017.303h-.737a.21.21 0 01-.214-.207v-2.2a.21.21 0 01.214-.207h.791zm3.63 0c.103 0 .184.088.184.192 0 .104-.08.188-.184.188h-1.486v.906h1.248c.103 0 .184.085.184.188 0 .108-.08.192-.184.192h-1.248v.568h1.486c.103 0 .184.089.184.189 0 .107-.08.191-.184.191h-1.7a.21.21 0 01-.216-.207v-2.2a.21.21 0 01.215-.207h1.7zm18.053 0c.418 0 .794.092 1.082.407.192.204.311.5.311.899 0 .468-.173.794-.43 1.005-.295.242-.664.303-1.017.303h-.737a.21.21 0 01-.215-.207v-2.2a.21.21 0 01.215-.207h.79zm-21.748.361h-.51v1.893h.487c.296 0 .549-.066.737-.223.196-.161.307-.395.307-.725 0-.292-.084-.503-.222-.657-.181-.2-.461-.288-.799-.288zm21.651 0H48v1.893h.487c.296 0 .55-.066.737-.223.196-.161.307-.395.307-.725 0-.292-.084-.503-.222-.657-.18-.2-.461-.288-.799-.288zm-8.24.008a.926.926 0 00-.93.944c0 .526.404.94.93.94.53 0 .924-.414.924-.94s-.395-.944-.924-.944zm-32.723.146l-.441 1.17h.879l-.438-1.17zm9.814-.146h-.657v.921h.653l.071-.002a.636.636 0 00.301-.075c.111-.069.192-.192.192-.38 0-.192-.073-.31-.184-.384-.104-.065-.23-.08-.376-.08zm14.932-.004h-.657v.921h.653l.071-.002a.637.637 0 00.301-.075c.112-.069.192-.192.192-.38 0-.192-.073-.31-.184-.383-.104-.066-.23-.081-.376-.081zm5.348 0h-.657v.921h.653l.071-.002a.637.637 0 00.301-.075c.111-.069.192-.192.192-.38 0-.192-.073-.31-.184-.383-.104-.066-.23-.081-.376-.081z&quot; fill=&quot;#1C1F22&quot;&gt;&lt;/path&gt;&lt;/g&gt;&lt;/svg&gt;&lt;/div&gt;&lt;/div&gt;&lt;ul class=&quot;LinkList--LinkList--2qcvb Footer--linklist--1oQyV Footer--corporateLinks--9iyOo LinkList--inline-no-border--3rBYV&quot; locale=&quot;en-US&quot;&gt;&lt;li&gt;&lt;a class=&quot;LinkList--Link--3c6QD Footer--link--1Fxpr&quot; target=&quot;_blank&quot; rel=&quot;noopener nofollow&quot; data-testid=&quot;Feedback&quot; href=&quot;//support.weather.com/s/?language=en_US&amp;amp;type=TWC&quot; aria-label=&quot;Feedback, opens in new window&quot;&gt;Feedback&lt;/a&gt;&lt;/li&gt;&lt;li&gt;&lt;a class=&quot;LinkList--Link--3c6QD Footer--link--1Fxpr&quot; target=&quot;_blank&quot; rel=&quot;noopener nofollow&quot; data-testid=&quot;Careers&quot; href=&quot;https://krb-sjobs.brassring.com/TGnewUI/Search/Home/HomeWithPreLoad?partnerid=26059&amp;amp;siteid=5016&amp;amp;PageType=searchResults&amp;amp;SearchType=linkquery&amp;amp;LinkID=363#keyWordSearch=&amp;amp;locationSearch=&quot; aria-label=&quot;Careers, opens in new window&quot;&gt;Careers&lt;/a&gt;&lt;/li&gt;&lt;li&gt;&lt;a class=&quot;LinkList--Link--3c6QD Footer--link--1Fxpr&quot; target=&quot;_blank&quot; rel=&quot;noopener nofollow&quot; data-testid=&quot;Press Room&quot; href=&quot;https://newsroom.ibm.com/the-weather-company&quot; aria-label=&quot;Press Room, opens in new window&quot;&gt;Press Room&lt;/a&gt;&lt;/li&gt;&lt;li&gt;&lt;a class=&quot;LinkList--Link--3c6QD Footer--link--1Fxpr&quot; target=&quot;_blank&quot; rel=&quot;noopener nofollow&quot; data-testid=&quot;Advertise With Us&quot; href=&quot;https://www.ibm.com/watson-advertising&quot; aria-label=&quot;Advertise With Us, opens in new window&quot;&gt;Advertise With Us&lt;/a&gt;&lt;/li&gt;&lt;li&gt;&lt;a class=&quot;LinkList--Link--3c6QD Footer--link--1Fxpr&quot; target=&quot;_blank&quot; rel=&quot;nofollow&quot; data-testid=&quot;TV&quot; href=&quot;https://weloveweather.tv/twc/&quot; aria-label=&quot;TV, opens in new window&quot;&gt;TV&lt;/a&gt;&lt;/li&gt;&lt;/ul&gt;&lt;ul class=&quot;LinkList--LinkList--2qcvb Footer--linklist--1oQyV Footer--legalLinks--2UpxR LinkList--inline--ctyWE&quot; locale=&quot;en-US&quot;&gt;&lt;li&gt;&lt;a class=&quot;LinkList--Link--3c6QD Footer--link--1Fxpr&quot; target=&quot;_self&quot; rel=&quot;nofollow&quot; data-testid=&quot;Terms of Use&quot; href=&quot;/legal&quot; aria-label=&quot;Terms of Use&quot;&gt;Terms of Use&lt;/a&gt;&lt;/li&gt;&lt;li&gt;&lt;a class=&quot;LinkList--Link--3c6QD Footer--link--1Fxpr&quot; target=&quot;_self&quot; rel=&quot;nofollow&quot; data-testid=&quot;Privacy Policy&quot; href=&quot;/en-US/twc/privacy-policy&quot; aria-label=&quot;Privacy Policy&quot;&gt;Privacy Policy&lt;/a&gt;&lt;/li&gt;&lt;li&gt;&lt;a class=&quot;LinkList--Link--3c6QD Footer--link--1Fxpr&quot; target=&quot;_self&quot; rel=&quot;nofollow&quot; data-testid=&quot;Ad Choices&quot; href=&quot;/services/ad-choices&quot; aria-label=&quot;Ad Choices&quot;&gt;&lt;span class=&quot;LinkList--inlineIconContainer--1__vR&quot;&gt;&lt;span&gt;Ad Choices&lt;/span&gt;&lt;span class=&quot;LinkList--inlineIcon--htdap&quot; style=&quot;width:24px&quot;&gt;&lt;svg set=&quot;footer&quot; name=&quot;adChoices&quot; data-testid=&quot;Icon&quot; aria-hidden=&quot;true&quot; role=&quot;img&quot; class=&quot;Icon--icon--3wCKh&quot; viewBox=&quot;0 0 18 18&quot;&gt;&lt;title&gt;Ad Choices&lt;/title&gt;&lt;path d=&quot;M3.48 1.5c.75 0 1.275.375 1.8.675.45.225.9.525 1.424.75C9.104 4.2 11.503 5.55 13.902 6.9c.75.375 1.725.75 2.25 1.425.15.225.374.525.3.9-.226.825-1.275 1.125-1.95 1.5-1.65.9-3.374 1.875-5.024 2.775-.6.375-1.5 1.05-2.249.525-.3-.15-.45-.3-.525-.525-.075-.3 0-.675 0-.975v-2.4c0-.675-.075-1.2.375-1.5.15-.075.45-.15.675-.075.75.3.525 1.65.525 2.7v.825c1.274-.675 2.549-1.35 3.824-1.95.45-.225 1.2-.45 1.35-1.05.15-.675-1.275-1.2-1.725-1.425L6.554 4.725c-.375-.225-1.35-.975-1.949-.75-.225.075-.375.3-.375.45-.075.3-.075.75-.075 1.125V12c0 .6-.075 1.35.15 1.725.525.75 1.725-.6 2.1.6.074.3-.076.6-.226.75-.3.45-1.649 1.125-2.174 1.275-.15.075-.525.15-.75.15-1.274-.225-.974-2.25-.974-3.75V5.325c0-1.125-.15-2.625.3-3.3.225-.375.45-.375.9-.525zm3.9 4.875c1.124 0 1.199 1.425.15 1.65-.6.075-1.05-.525-.9-1.05.15-.375.374-.45.75-.6z&quot; fill=&quot;#00AECD&quot; fill-rule=&quot;nonzero&quot;&gt;&lt;/path&gt;&lt;/svg&gt;&lt;/span&gt;&lt;/span&gt;&lt;/a&gt;&lt;/li&gt;&lt;li&gt;&lt;a class=&quot;LinkList--Link--3c6QD Footer--link--1Fxpr&quot; target=&quot;_self&quot; rel=&quot;nofollow&quot; data-testid=&quot;Accessibility Statement&quot; href=&quot;/accessibility-statement&quot; aria-label=&quot;Accessibility Statement&quot;&gt;Accessibility Statement&lt;/a&gt;&lt;/li&gt;&lt;li&gt;&lt;a class=&quot;LinkList--Link--3c6QD Footer--link--1Fxpr&quot; target=&quot;_self&quot; rel=&quot;nofollow&quot; data-testid=&quot;Data Vendors&quot; href=&quot;/data-vendors&quot; aria-label=&quot;Data Vendors&quot;&gt;Data Vendors&lt;/a&gt;&lt;/li&gt;&lt;/ul&gt;&lt;div class=&quot;Footer--externalAttribution--1iRqW&quot;&gt;&lt;a class=&quot;Footer--georgiaLogo--1iWRu Button--default--3zkvy Button--iconOnly--25rWi&quot; href=&quot;http://www.exploregeorgia.org/weather-and-travel-tips&quot; target=&quot;_self&quot;&gt;&lt;svg class=&quot;Footer--georgiaIcon--2T2M6 Icon--icon--3wCKh&quot; set=&quot;footer&quot; name=&quot;georgia&quot; height=&quot;34&quot; data-testid=&quot;Icon&quot; aria-hidden=&quot;false&quot; aria-label=&quot;Georgia Org&quot; role=&quot;img&quot; width=&quot;100&quot; viewBox=&quot;0 0 100 34&quot;&gt;&lt;title&gt;Georgia&lt;/title&gt;&lt;g fill=&quot;none&quot; fill-rule=&quot;evenodd&quot;&gt;&lt;path d=&quot;M25.807 3.288l-3.652.002c.053-.123.146-.178.28-.178 1.03.002 2.06.002 3.09 0 .135 0 .229.052.282.176&quot; fill=&quot;#95CB64&quot;&gt;&lt;/path&gt;&lt;path d=&quot;M75.814 29.297c-.39.252-.827.377-1.278.455-1.152.198-2.298.167-3.43-.14a1.823 1.823 0 01-.49-.238c-.628-.402-.656-1.06-.048-1.48.455-.313.988-.459 1.516-.6.526-.141 1.065-.246 1.578-.424 1.046-.362 1.999-.877 2.638-1.911.137.898.292 1.722.382 2.553.082.755-.219 1.366-.868 1.785m-2.097-8.953c.522-.158 1.06-.263 1.458-.22 1.26.05 1.253-.24 1.16 1.1a5.03 5.03 0 01-.632 2.068c-.49.895-1.273 1.4-2.234 1.56-.868.144-1.753-.391-1.869-1.426-.188-1.696.846-2.696 2.117-3.082m4.501 2.776c.003-1.341-.011-2.683.008-4.024.006-.413-.09-.633-.553-.606-.332.019-.675.009-1.002-.05-1.483-.263-2.908.007-4.28.524-1.114.42-1.975 1.18-2.448 2.315-.668 1.604-.502 3.824 1.429 4.65-.681.343-1.354.446-1.935.79-1.142.677-1.555 1.69-1.137 2.85.304.843.956 1.301 1.764 1.578 1.688.576 3.419.451 5.144.259a4.26 4.26 0 001.388-.41c1.001-.49 1.801-1.16 1.961-2.336.095-.695.065-1.406-.037-2.098-.168-1.143-.304-2.285-.302-3.442M40.614 21.379c.005-.392-.124-.545-.523-.535-.823.02-1.647.006-2.47.006h-1.83c-1.263 0-1.245 0-1.187 1.23.017.376.164.457.496.452 1.037-.013 2.075.003 3.112-.008.307-.004.44.09.43.416-.017.61-.027 1.221.004 1.83.024.475-.197.618-.63.697-1.288.237-2.566.402-3.88.181-3.218-.539-4.296-2.997-3.55-5.597.434-1.518 1.963-2.646 3.9-2.83 1.65-.157 3.281-.002 4.835.629.37.15.575.129.637-.306.016-.116.098-.222.141-.335.315-.815.314-.815-.482-1.094-1.685-.59-3.423-.85-5.198-.705-1.509.124-2.92.6-4.082 1.61-1.536 1.336-2.107 3.07-1.966 5.072.122 1.736.82 3.152 2.283 4.15 1.963 1.338 4.172 1.375 6.406 1.162 1.022-.098 2.022-.374 2.994-.732.39-.143.571-.364.563-.81-.025-1.493-.019-2.988-.003-4.483M92.657 21.196c-.112 1.045-.322 2.3-1.109 3.368-.565.768-1.273 1.304-2.291 1.278-.766-.02-1.275-.359-1.527-1.072-.542-1.54.083-3.838 2.508-4.421.524-.126 1.065-.225 1.624-.193.807.046.808.02.795 1.04m1.863 3.474c-.004-1.77.003-3.538-.002-5.307-.002-.705-.06-.806-.755-.832-1.336-.05-2.674-.139-4.003.148-3.213.692-4.889 3.759-3.904 6.727.33.995 1.003 1.666 1.975 2.002 1.584.547 3.309-.011 4.396-1.363.124-.155.202-.382.458-.391.467 1.947 1.865 2.179 3.602 1.52l-.369-1.466c-1.186.203-1.395.043-1.398-1.038M44.318 22.121c-.357-.037-.431-.23-.264-.577.372-.772 1.028-1.21 1.832-1.36.53-.098 1.093-.043 1.639-.014.27.015.524.153.729.344.305.284.322.544.06.879-.256.326-.607.5-1.003.58a8.957 8.957 0 01-.985.164c-.302.027-.608.006-.913.006v-.014c-.365 0-.733.03-1.095-.008m2.045 1.677c.979-.029 1.933-.195 2.802-.684.732-.412 1.214-.981 1.234-1.882.026-1.214-.535-2.13-1.694-2.524-1.524-.518-3.043-.467-4.515.221-1.042.487-1.773 1.287-2.158 2.364-.354.991-.393 2.005-.15 3.046.372 1.603 1.43 2.521 2.93 2.936 1.404.388 2.826.311 4.222-.139 1.298-.417 1.305-.44.777-1.65-.131-.298-.262-.336-.546-.215-.875.375-1.794.592-2.747.53-1.238-.079-2.552-.51-2.697-1.998.851 0 1.698.02 2.542-.005M56.25 25.803c-1.612.05-2.984-1.264-2.924-2.839.065-1.697 1.168-2.786 2.805-2.839 2.06-.066 2.927 1.364 3.007 2.805.004 1.407-.964 2.814-2.887 2.873m-1.289-7.272c-2.78.655-4.077 3.047-3.362 5.787.52 1.992 2.62 3.274 4.581 3.177.365-.016.736 0 1.093-.06.324-.056.636-.193.95-.301 2.997-1.028 3.84-5.002 1.67-7.26-1.366-1.424-3.084-1.778-4.932-1.343M69.217 20.323c.028-.456.186-.888.203-1.351.016-.446-.18-.516-.542-.478-.844.086-1.57.42-2.211.977-.508.441-.827 1.03-1.31 1.675 0-.726-.023-1.304.007-1.88.022-.423-.095-.604-.555-.586-.823.033-1.648.01-2.472.01-.91-.001-.836-.066-.838.837-.001.898-.052.827.85.827.123 0 .245-.003.367 0 .645.014.657.014.66.651.006 1.74.002 3.48.002 5.22 0 1.479 0 1.464 1.458 1.417.391-.012.536-.123.528-.524-.02-.912-.046-1.83.2-2.723.49-1.772 1.25-3.314 3.285-3.728.191-.04.355-.127.368-.344M84.256 25.801c-.83.045-.909-.077-.917-.953-.01-.944-.002-1.888-.003-2.832 0-1.005-.016-2.01.009-3.014.01-.407-.135-.528-.527-.515-.73.025-1.461.007-2.192.007-1.19 0-1.327.17-1.138 1.354.036.226.138.315.35.314.366 0 .732.011 1.097 0 .336-.01.52.126.52.474l.001.64.008 4.567c.002.702.28 1.252.95 1.517.565.224 1.154.345 1.776.22 1.056-.212 1.06-.202.755-1.25-.098-.339-.23-.553-.69-.529&quot; fill=&quot;#8A7A67&quot;&gt;&lt;/path&gt;&lt;path d=&quot;M97.655 20.88c-1.04-.009-1.863-.815-1.87-1.835-.008-1.1.788-1.822 1.915-1.878.869-.043 1.897.758 1.777 1.867-.01 1.096-.758 1.853-1.822 1.845m.006-4.21c-1.099-.055-2.397 1.04-2.3 2.426.087 1.249 1.053 2.287 2.263 2.28 1.297-.006 2.367-1.089 2.367-2.395a2.325 2.325 0 00-2.33-2.31&quot; fill=&quot;#8D7D6B&quot;&gt;&lt;/path&gt;&lt;path d=&quot;M82.392 16.98c.677.003 1.276-.592 1.29-1.282.013-.723-.5-1.227-1.272-1.247-.802-.022-1.288.416-1.308 1.177a1.3 1.3 0 001.29 1.352&quot; fill=&quot;#8A7B68&quot;&gt;&lt;/path&gt;&lt;path d=&quot;M97.804 18.877c-.197.002-.448.09-.523-.202-.053-.208.032-.36.265-.368.23-.008.488-.051.588.18.026.314-.13.388-.33.39m-.22-1.087c-.682-.038-.73-.002-.742.658-.008.423-.002.846 0 1.27.002.15.004.329.19.353.205.026.192-.162.239-.302.161-.48.302-.51.62-.095.187.243.309.533.736.394-.059-.306-.281-.472-.343-.692-.073-.258.276-.344.358-.57.099-.27.017-.475-.16-.66-.242-.253-.557-.337-.898-.356&quot; fill=&quot;#90816F&quot;&gt;&lt;/path&gt;&lt;path d=&quot;M25.102 18.812c.055 4.31-.978 6.891-2.94 9.093-2.297 2.578-5.176 4.195-8.5 5.102-1.727.472-3.033-.042-4.144-1.34-1.422-1.664-2.046-3.663-2.346-5.766-.545-3.823-.085-7.538 1.417-11.108.212-.504.463-.995.74-1.467 2.201-3.756 6.18-4.936 9.975-2.801 3.708 2.084 5.628 5.355 5.798 8.287&quot; fill=&quot;#F48221&quot;&gt;&lt;/path&gt;&lt;path d=&quot;M28.15 3.475c3.463.816 6.959 1.456 10.471 2.013 2.27.36 4.555.6 7.001.81-.567.572-1.176.755-1.742.985-3.069 1.25-6.296 1.854-9.569 2.201-3.18.337-6.37.486-9.57.211-2.065-.176-4.118-.403-6.096-1.054-.654-.215-1.349-.381-1.815-.963a.624.624 0 01.014-.169c3.956-.434 7.645-1.622 10.948-3.893l.359-.14&quot; fill=&quot;#D4E04F&quot;&gt;&lt;/path&gt;&lt;path d=&quot;M.174 21.081c-.069-1.716.36-3.23 1.094-4.658 1.356-2.637 3.504-4.495 5.991-6.009.232-.141.523-.333.756-.123.25.226.033.515-.099.742-.214.368-.457.72-.694 1.074-1.909 2.856-3.305 5.903-3.385 9.411-.076 3.347 1.136 6.185 3.48 8.559.22.222.694.425.465.778-.182.28-.63.1-.94-.007-3.353-1.14-5.205-3.665-6.274-6.88C.25 23.01.098 22.01.174 21.08&quot; fill=&quot;#EC077E&quot;&gt;&lt;/path&gt;&lt;path d=&quot;M16.844 7.51a.624.624 0 00-.014.168c-.396-.002-.792.005-1.188-.01-.764-.03-1.487-.209-1.843-.961-.374-.792-.045-1.495.479-2.1.954-1.101 2.218-1.693 3.596-2.054 3.012-.788 6.106-1.125 9.167-1.645C28.38.68 29.719.425 31.2.156c-.797 1.418-1.995 2.305-3.05 3.32l-.358.14c-2.514-.477-5.031-.522-7.546-.02-1.296.258-2.526.684-3.464 1.677-.738.782-.7 1.677.06 2.236&quot; fill=&quot;#8EC643&quot;&gt;&lt;/path&gt;&lt;path d=&quot;M16.844 7.51c-.76-.56-.799-1.455-.06-2.237.937-.993 2.167-1.42 3.463-1.678 2.515-.501 5.032-.456 7.546.021-3.304 2.27-6.993 3.459-10.95 3.893&quot; fill=&quot;#48AA42&quot;&gt;&lt;/path&gt;&lt;/g&gt;&lt;/svg&gt;&lt;/a&gt;&lt;a class=&quot;Button--default--3zkvy Button--iconOnly--25rWi&quot; href=&quot;https://www.essentialaccessibility.com/the-weather-channel?utm_source=theweatherchannelhomepage&amp;amp;utm_medium=iconlarge&amp;amp;utm_term=eachannelpage&amp;amp;utm_content=header&amp;amp;utm_campaign=theweatherchannel&quot; target=&quot;_self&quot;&gt;&lt;svg class=&quot;Footer--essentialIcon--1hN7e Icon--icon--3wCKh&quot; set=&quot;footer&quot; name=&quot;eSSENTIAL&quot; height=&quot;23&quot; data-testid=&quot;Icon&quot; aria-hidden=&quot;false&quot; aria-label=&quot;Link to eSSENTIAL Accessibility assistive technology&quot; role=&quot;img&quot; width=&quot;60&quot; viewBox=&quot;0 0 60 23&quot;&gt;&lt;title&gt;eSSENTIAL Accessibility&lt;/title&gt;&lt;g fill=&quot;none&quot; fill-rule=&quot;evenodd&quot;&gt;&lt;path d=&quot;M18.707.16c6.228 0 11.276 5.113 11.276 11.42 0 6.307-5.048 11.42-11.276 11.42h-7.43C5.048 23 0 17.887 0 11.58 0 5.273 5.049.16 11.276.16h7.431zm29.983 0c6.228 0 11.277 5.113 11.277 11.42 0 6.307-5.05 11.42-11.277 11.42h-7.43c-6.228 0-11.277-5.113-11.277-11.42C29.983 5.273 35.032.16 41.26.16h7.43z&quot; fill=&quot;#BAD5E0&quot;&gt;&lt;/path&gt;&lt;path d=&quot;M37.733 11.58c0 4.23-3.385 7.658-7.561 7.658-4.177 0-7.562-3.428-7.562-7.658s3.385-7.658 7.562-7.658c4.176 0 7.561 3.429 7.561 7.658&quot; fill=&quot;#FFFFFE&quot;&gt;&lt;/path&gt;&lt;path d=&quot;M57.982 21.364v.258h-.446v1.266h-.304v-1.266h-.446v-.258h1.196zm.646 0l.273 1.04.27-1.04h.456v1.524h-.282v-1.2l-.299 1.2h-.293l-.297-1.2v1.2h-.282v-1.524h.454zM10.423 9.35l.1.007c.363.054.61.404.559.78a.682.682 0 01-.407.54l-.022.016c-.907.505-1.58 1.44-1.739 2.586a3.652 3.652 0 00.117 1.53c.13.452.35.847.616 1.192.014.017.026.035.04.051.041.051.083.098.126.147.046.05.094.1.143.148l.036.036c.472.441 1.15.787 1.824.89h.007c.444.058.91.026 1.368-.118 1.057-.329 1.844-1.162 2.191-2.173l.011-.025a.674.674 0 01.45-.498c.35-.109.716.099.818.465a.712.712 0 01-.003.405c-.458 1.483-1.587 2.719-3.128 3.2-2.44.757-5.003-.667-5.784-3.19a5.147 5.147 0 01-.176-2.216c.232-1.666 1.237-3.015 2.58-3.703a.592.592 0 01.374-.063zm40.186 5.234c.068 0 .123.056.123.125v3.75c0 .07-.055.126-.123.126H40.464a.125.125 0 01-.125-.125v-3.75c0-.07.057-.126.125-.126h10.145zm-4.576 2.15h-1a.109.109 0 00-.11.11v1.014c0 .06.049.108.11.108h1c.061 0 .11-.047.11-.108v-1.014a.11.11 0 00-.11-.11zm3.796 0h-1.002a.109.109 0 00-.108.11v1.014c0 .06.049.108.108.108h1.002c.06 0 .107-.047.107-.108v-1.014c0-.06-.048-.11-.107-.11zm-5.692 0h-1.002a.107.107 0 00-.107.11v1.014c0 .06.047.108.107.108h1.002c.06 0 .109-.047.109-.108v-1.014c0-.06-.049-.11-.11-.11zm3.794 0H46.93a.108.108 0 00-.108.11v1.014c0 .06.049.108.108.108h1.001c.06 0 .108-.047.108-.108v-1.014c0-.06-.048-.11-.108-.11zm-5.692 0h-1a.107.107 0 00-.108.11v1.014c0 .06.046.108.108.108h1c.06 0 .11-.047.11-.108v-1.014a.11.11 0 00-.11-.11zM12.815 7.357c.453 0 .82.366.82.818v1.524h2.526c.363 0 .657.328.657.733 0 .407-.294.735-.657.735h-2.527v1.172h3.645c.379.023.517.252.591.363l1.94 2.961.765-.434a.512.512 0 11.506.89l-1.318.747c-.01.005-.023.005-.033.01l-.036.012a.487.487 0 01-.203.035h-.016c-.04-.005-.078-.005-.116-.017a.617.617 0 01-.376-.261l-1.84-2.811h-4.23c-.062 0-.107.001-.168-.005a.848.848 0 01-.749-.831V8.174c0-.452.368-.818.82-.818zm36.119 7.78h-1.001a.107.107 0 00-.107.11v1.014c0 .06.046.11.107.11h1c.06 0 .108-.05.108-.11v-1.014c0-.06-.048-.11-.107-.11zm-1.898 0h-1a.107.107 0 00-.108.11v1.014c0 .06.047.11.107.11h1.001c.06 0 .108-.05.108-.11v-1.014c0-.06-.047-.11-.108-.11zm-3.795 0h-1a.109.109 0 00-.109.11v1.014c0 .06.048.11.11.11h.999a.11.11 0 00.11-.11v-1.014a.11.11 0 00-.11-.11zm1.9 0h-1.003a.11.11 0 00-.11.11v1.014c0 .06.05.11.11.11h1.002a.11.11 0 00.107-.11v-1.014c0-.06-.049-.11-.107-.11zm-11.119-4.593c.001 1.297-.13 2.114-1.34 2.78l-5.464 2.879c0-1.126.196-2.155 1.058-2.628l3.785-1.994-.004-.002 1.965-1.035zm16.371-5.968c.05 0 .091.049.091.11v9.262c0 .06-.04.11-.091.11h-9.715c-.05 0-.092-.05-.092-.11V4.685c0-.061.042-.11.092-.11zm-1.251 1.4h-7.156c-.046 0-.083.041-.083.09v6.239c0 .049.037.09.083.09h7.156c.046 0 .081-.041.081-.09V6.065c0-.049-.035-.09-.081-.09zm-21.924.983l6.018 3.17-1.965 1.036-3.024-1.593c-.884-.466-1.03-1.308-1.03-2.613zm-14.403-2.53c.64 0 1.162.519 1.162 1.16a1.162 1.162 0 11-1.162-1.16z&quot; fill=&quot;#1A334D&quot;&gt;&lt;/path&gt;&lt;/g&gt;&lt;/svg&gt;&lt;/a&gt;&lt;/div&gt;&lt;p class=&quot;Footer--privacyLinksParagraph--1qtvH&quot;&gt;We recognize our responsibility to use data and technology for good. Take control of your data.&lt;/p&gt;&lt;ul class=&quot;LinkList--LinkList--2qcvb Footer--linklist--1oQyV Footer--privacyLinks--2uIcT LinkList--inline--ctyWE&quot; locale=&quot;en-US&quot;&gt;&lt;li&gt;&lt;a class=&quot;LinkList--Link--3c6QD Footer--link--1Fxpr&quot; target=&quot;_self&quot; rel=&quot;noopener noreferrer nofollow&quot; data-testid=&quot;Data Rights&quot; href=&quot;/data-rights&quot; aria-label=&quot;Data Rights&quot;&gt;Data Rights&lt;/a&gt;&lt;/li&gt;&lt;/ul&gt;&lt;div class=&quot;Footer--attribution--t2lCS&quot;&gt;&lt;p data-testid=&quot;Copyright&quot; class=&quot;TwcCopyright--copyright--3c6z9&quot;&gt;&lt;span&gt;© Copyright TWC Product and Technology LLC 2014, 2021&lt;/span&gt;&lt;/p&gt;&lt;a class=&quot;Footer--ibmLink--3l-1p Button--default--3zkvy&quot; href=&quot;https://www.ibm.com/cloud/&quot; target=&quot;_self&quot;&gt;&lt;span data-testid=&quot;poweredBy&quot; class=&quot;Footer--poweredBy--Zzdv2&quot;&gt;Powered by the&lt;/span&gt;&lt;svg class=&quot;Footer--ibmCloudIcon--KaA3A Icon--icon--3wCKh&quot; set=&quot;footer&quot; name=&quot;ibm-cloud&quot; height=&quot;51&quot; data-testid=&quot;Icon&quot; aria-hidden=&quot;false&quot; aria-label=&quot;IBM Cloud&quot; role=&quot;img&quot; width=&quot;143&quot; viewBox=&quot;0 0 143 51&quot;&gt;&lt;title&gt;IBM Cloud&lt;/title&gt;&lt;g fill=&quot;none&quot; fill-rule=&quot;evenodd&quot;&gt;&lt;text font-family=&quot;IBMPlexMono, IBM Plex Mono&quot; font-size=&quot;14&quot; letter-spacing=&quot;-.28&quot; fill=&quot;#2B2B2B&quot;&gt;&lt;tspan x=&quot;70&quot; y=&quot;32.434&quot;&gt;IBM &lt;/tspan&gt;&lt;tspan x=&quot;101.822&quot; y=&quot;32&quot; font-family=&quot;IBMPlexMono-Bold, IBM Plex Mono&quot; font-weight=&quot;bold&quot;&gt;Cloud&lt;/tspan&gt;&lt;/text&gt;&lt;image width=&quot;58&quot; height=&quot;52.051&quot; xlink:href=&quot;data:image/png;base64,iVBORw0KGgoAAAANSUhEUgAAAE4AAABGCAYAAABi+aJwAAAABGdBTUEAALGN5fIAKQAAADhlWElmTU0AKgAAAAgAAYdpAAQAAAABAAAAGgAAAAAAAqACAAQAAAABAAAATqADAAQAAAABAAAARgAAAACr/W28AAAW20lEQVR4Ae1cCXBcxZnu4705dFmSdVlYtrDkCyEfyCYrH0SywcZcWdjIRSqwHEmgarMJSaWWZCvZipIKWXLsZlO1QEiIISmSzcpLskmIscHGMgbZEIQUGZvYliXZuiXrnNFc73X3fj3SiJF1j2VwnG175r3p193v7+/9d/cTJZdhKa5qdsfFeXM0aT5fQvORDTn+y41M43IjCPRQbgx+VFD3ZxkjBOdPoG4fPupyohWkXV6lrKKCcamWKNsuEpZdpM913eVFJSGXHUGkrIwIoQxiE04sfPQ56i63cvkBtxuySpiSihKJM8nYZSWikQc4Z8AVV1S5iyua3ZGBYz6CuYQY6a0hkzGPNKZjWXOzu7iq6uLpGxl1ToBb99umtXbK4m+qFP7Y+t+dWT+G4tn+AMdpDSIBmAJwoyDOdpyo9ltratYPeLyPxaemfvPG2tq1UZdiPp0T4CRVq5Ul7oJuug8S9vH1f2jMipmiSEeApsLcBhLDYEYuzO5Y8tZx0EI/LhW5jwh5p1Rq9exGmLj1nABHFT0L4lrgMKQqxm9Wgm6EJeQT33L6Ws1tRGnS6PSNp2ihaTAMeyNRoEnTJkgrpZrWiy9zApyQqkbaah80ejdlxnLYwlvPGkV5sZLHJKVK4SMZJTaNGb32xcvyBHXcqrixHKB1SyH2CaVqYqUrut+cAFd759X9MIT7pJRHiKCmknSLbbDSkoONruibzeR8dxmRSqjzsKy9jLJeRdR5XTeTvtFtSg4edBnMLFVCblGKmcqWRyyp9lWuXdsf3S7W8zmLHHq75fHUFLJHcVpImbkI7HKLtz+kn+5bsyIOjGa81nQQourTsYJhuN8kqJvVGGgsnBmrGOO3MEoXArSz4LY9hi/x+GzHmaz9nHCcHrzpgasDVPH90E+vSiEFuGYjvIrtm148mzLZzSerP7x5cUdjR8s+/dHnk7WbrP7Ww3W4p9pObLVR8y/OX7Vtur+y9OrAZH1mWz9nHKdvXP2nnMbC1WdfMLlZgCDzbzgld/hCUnPdi7MiDBzWQkjMgf0ANzdyZtxBOJsviTxKLPpC1SsrG2dFwzSN54zjwvcpp9JhJVVJy94LtdKnuCudUJkGhyxmBT8N/eMvh60KSZOGkQ4L3yeCob1e06gioG1849hr5hY40FG9M3XQZvR5ZdlfFUJ+G9RWzl5HKVoOjR4T4OBWK0QqmU2+rWzxVXDc89Xr8gZjh2jinpeGEzDpoheJi7S1kyUprwd379wZCaLGUFGmFG/a05Ru22qZYfLlVNj54M0Mymi8ZMpElGoTRX2MSR8c105OaYPk6pTbkPWVJct68UAm5CLtvzUs2eTUN6suWhCYrN0YYmb549IANxURmNQGvmmhZYjNgootcJ7XUJNnMkbdkjATDAPHGQ6cFm98Uw5XBA4ioXCrFQkpYfkoUc1waGugQytpvLPqjf27Okh5+YQgTkXKxVz7wIArqDjucJKUQmXafwcAtiuD52qwEB04wmDB11XShmTZIQQM4BIkleCPoNqAL+yATnFRDhjRjAgbLrLUxmMQ3HkalvMPVNBfV+3Ib5i9WogNvg8COFpQcXalwYx7KWN3AIkczD0OoQ84SwSUFOdQX6ukPIYpnGEs1AGeG4RFBHCAlQpDBnkCc4hMTo0lSslCSkQhYWwxAI8DP1qM026ixLuA+X+RwNvzxrYVbbHBMfNe7wNXofiKvr5rCBWLDSXfe/ehjIt+emuebUwmcebHJDM/jczaGsaZWxHJwVotQOQAUm0v2ZTUBoa8PenxKtia1G7lkhK78sndihSUDTu9x3fTkn9Ipy3+hXyhe57ZHQw6kkgwVShSiKjiRgRkG/GB9VYhyHYPOLEaRqWCJMRVXfRaBdTFlup3l2D8lVZQnc0sLjyxG08y/EAjGK98qvda6XA9qqi6mcpgvZDyeVOp37z3cHp7pM1sjtc+dy6PuMyHwVh3g8uywBFaf53D8TeMmhUB3nvSdq3w1r8FkZytq1BezvKv/6SZ4DbcrqB/iZTmTRD7mxRTCyDIPoDXAO77vR2Ue6tvX35+NnRH2m5/+8SCgE3uxAO+h7nMfNTvVaGh71auX/2ubjPKcfn/2VPATPPrlBGdp7YVFQPQRVVKiWdT4uiBN++ZP2OTXviLtiKETF9SjN0KvZSAu3iVsPdSFvrJQM9A9ZKVhZ7KUmprAi62lEFS6pxvxCW7spZBBdwOA1NMYZGplO3coAehNF86snV560zvs+Po6SSPZW1lDvYAwNkAlTAP6UEDFn43CVjfOLipIBy2jQJHnlZmvugsItz1KQTXd0AxZyBwDwG8DkGslw3BdvHUjurjOwtCUxGx4medxZyRr0BH3QTL6IbyrpfSfsYMkf+24nvbpus/1dhTXSs5qIwBf0cKZ94NBmHblVKZELEuaapqYosDb21fMWXkUAbj1ZrBiqhBH2TM2IYMTxYehAO2vQuq5XfSCvw04LKqq9etG9a9Y4gpV0ZeZmcq467NiDkf5JzdAGTj4R74wYlnoMiRUrSeP/mZrAmJKPhZ+/WKGv+MJ3Qz9IwLfd+mhvx+QHheqq/P985aJMcQN4Mf0Eklz1U6B7NzCgxFtkI1LAen+BVXrwYM89XaUmRxJig3HPrz1RZl9yB5VwZVlQe63eg7BMBeg8u0i4jQYUdoVW+0lLzPcVED5pY3uhwZKdmSyx3guAeRY1sFzgED2f3KDv1QWYM/rP/80jGiu/KZjmuRyvgyFPbH4fK74EK8RlTwu3511YGmB+icBddRZE56WvT026a5JClfCWMLuCYB/ks9ownHk8VQ40u3LA1Gd9yx52jSoCv5EcL5I9QwkyW0FDLFdcxQACz4Uovd09ZUWjqO/gmD/KZyZBGUasz8fudz7jjnG4a0d1LO7qaEJgKQ0Lyr88fop4Jnu7Jsxe4FyLdDJ7hgDo8waX0/mHnV/qZb6BhCo4m+VOfVD6+zkI873RfIHnRzV67hoMxGXsm0hAP31Kpm2GLjpCtjkW16BkMcrIbc3TmEab+Cq1Qx6A+crtu2yjeZXzghx42ZEJRvakdvfIrbtZTaMpHbgVMn/zGtPTJgQflxh7Ug7X5qGF+hnOdCrE8oaT0epBn/80Fz2hi69Q+EfgWVJ+LSieHq7rYDx8uuGYrQPdoW4r3xdycX0FTnMviVHstUp988VzNEJgkTI/2mBy7SEgAW7a9m1dlFIlpX5T3VudFwmP+imHEjkVYPU+o/XB7+VO0XUybUJ5HhLsVRG4gh34k0IhJzqLJzBZVZjBvzqLSToOwtsFkf3KNWysSpoI+fqb0zdwCOhUK4xopuu41XNxRJsnPYT5uOvpkDN8FIhU/2pwSo/BL03+dgfeLB7b+QBv9Ww/1J9eOe7AT956QKHLPhN53pFvFfh2C1GEHttYyrq3D/JOhbhHSIUhiBsGpAYPIgkPAroZ9VM7T22wD1VV9i3B+PbV7cNxt6JtRxMx3AL8T1CNC3EsNMRIxZS4X120Wtf2psoKWjOmSmY8XSbnVF81X8hXOlQUY3wuFdAn9xPj4JSAC4YREZAJLQyzr4l8gTwDsh2mi58CsNtm4RdNl6yhyfjPPZb6/fV/8rQzlfOXJzTu9MaImZ43J/0JjMzWRwG/kCuA1hlHqCDIW+d+afsrpmcuOLafORPT1JVsC/Djm/UuRR1sDvTAU+mIvyw4qew9aJ04hZmxDcdTmkEbCYoAaTplQ8gxlkOehdjdi4EAZvIbgO6Sf4q5ScxxwOEC5+4jbajlaWlo4xgBfSGzPHKZl0DaXG9YQa8bjvO8j6vFY/lBlTeHMhUVP9XvXzjoygx78D+blthPF4ihPwVgMV6iiST0cSHO6WHs79C3q9VmVhjyAeT5j7i04l0oEtRSzzxEmHL8hdLIVlcZsVwzn/W+wcKCZMZkO8yyDVK4OhRT8qqjjzQvXOPOjAiUtsHAdDkdfR92lCza/haWVBdTyD2Pex+s/Pb5n4NnNTW1wxkOqTQyVYC7oBGZXFWEnTqaUDRhw5ZA+Y7XUN7wVJ+dScEqEknOx0b3JK1p9OiXMLYt0Hkbr6SDhxRWgzRP3HEKNdVdvzJ5SgmIDL+U53tuF0fRX65CF8wOLWtxr7Up6GtZ2SvSNEx3IsfqY51e8kqyBmhViCXCAV83CDHPYQ/7GGE0s80ZZ+VuPDuBTvbnGF3IGVeBifgUu1E2KbDGPbDg/hR0Ehnq65ZWn3hWPOXFTBZSVDxGzxIL9BPHlI1C6Hs4sMlH0W1uvMpQQN4hkfcDhzhBhC+oh7pU2PckWO/enUa62kfOeUsfOFEx73G0ruCFbU4DDXDQ3kfBvaug2G5iHknrOlsj7jYMyz8bev73rjY5s80X2nXawpQvCf+4Q3a1lnaOm57mBOIvEmwbteAuWag9gVD0adYdxsiB50Ls915tiUNEvYQ2nKNvw8xE5x5T1a15B59qJBiyJUG4M/1ua12nHOHyGT8xRUZwd804WS8Pttlr2dXLAXZkrgsssH03r7vMW219rgH7IWC3iWgRA0itSiAtMvpBfYnTaHgjHl7KLonvgUYuSyU5ICtpwv9dqN0+j0BcXJunvzumMWzYnvNFyLvGDN5qzz3C9+zqX8Lz0/SFUBcbC718evKYzuOglw4NPvDC43nI67oEs2c+nIMmHOedBGVGd5YfkNeEcG5tWHFfuWk4+meaMHnavzkkokp/oMw0BIYoVYn7RUy6n2BXp169L5iRj7zWP5beC455XgLytsqRWSfJQQ8+Zt+zqQKRou44FDamnxtzzF3Ob3IS6+HnmtJGym6VUh81hKc1ITT4YBl8QJUYXhUeeRau+5VBNpOVbPA9QR9JvOrjjqOvvema6eS8JpETQiR3CebOk5biNbjSf0ZzjJ8+H6bO0JDa2NNBkH3ALiWyMkfwC4lMCzjhdYf4ALfqhxmaul+sfUon2mCwo6DtwGB4rAyzYm9XUiN4ntqOi8DfmSJgRCrqz5/TVWQj8pnzqJGtt9Ju6lMyzOkPUasWUlGMjCbpi1cK436HcwdI8xwEGnrcCbBZ+Qkl4HPYYwjtYhx7b/rBXXGQl+LWQqmUS+DaKKxWK4VFg0vkQl8UWiTH9mqO4ICZKHaTjzeoluNeGwO+6CyAr1OpYBzlDuSCHMdV2wQ+TqxqPApT3anYidHzsQdtyGeC4FcniEmPSFVr+7LVo8TKQdMBi2YFEP4sAhJC0vEXBUHfw6Ebc/RJCNwedDKOXgHbgltdDjdVBNSCaTFdRkyzUpo36caSasxZLbjWDHdEBRI7nxcnvoSAM88TEr5LZXhGg8luGU6sHGZj9U95jrczk/qAptBPTnQyt2vOsc91snQIUXjvFCMFTejj2nnWGOS/mymqcoKwVLwhgwP5TXfrffeWSi8MVOTQwgZMZOSdKHR4AdCeGs6oc2sUt947ptmT5iWU3AphNznodtuzld7vjEMHDcsJbCeq7DJxXSe5oQ55sNj2M1fYLSOUSCXMkeGJBOyI8tFbyFK7mA68H5nYpRrHYZBidGBu/zpzJSjmVcm1yjpLkC3BaCsn9HBoMnJnUxoG+EX3QjLdiGRXm/kNSpo4srGTvBjT4iWD/WiXEwXTZW7lk+IQnYFIR8O8kGcOchx3/uboofF9S+DwzFnkFTby/FcqEaYHgE3n5s6bqCiwpyGECwl075SWISLk3m8yMTIHkWEqROpJ07qM1aye6p8+484OyWnNUjm9BB7BC1/ci4XuEFfi0cjpFJwjFigoTmEcrgo1AkHGgPXI1pU8fnXMRjKLsZu61akfizkWRFqhoJnyu0UCGwvq2z3JrjqK0MYWP5E2vtCm4JEIWLEZIOY/p1UOTdgjK+G+8RdEvbaVuIiwq+ceKK1XPYFpqCdzdSdKwJF8ynZILPINyEUwHvRAMH6LDgMiO+cQ60DITiE5sdhjveIH6rj1yjrevF5cZmdOcPvhGWCNIBXDq4zgZy3TwRrpitTwGkdjMRRjmkMPVq97Sl5QcLA7YhurFfoFeZyUHhBe6w0NN2/AtrUPT7tjjs9rwai/F6iWAQu5+aA/6+QWSHiQd5p0GkdbHnD1EDEWkzmxtVvcdThxJ87gFEkX4zm8gybEucWd+/nFah82QRdtuuxPbkBCzmtTDJGvSOK0adpA+p4nbAFoRxyEJKPHvGnAPrezKO+JGk8uUPEqsihneuLncI4aKtxqLsGm1RETWcVMQ6qWk2+tzEM89PGiBkXbi4ACyzMtNL0jqxH2VGk4Kh0DvtEHWEuU0fR2LMGXW/nBut/em57KBpbILRzJe26IMBqPbZixo0zYgcKNJN5BSmjW0LcO4IuQ5bOK+NdUJXCmjavQooxw3SJjdi7QG48Bpq86rIRqKwMsemgBNwR2qQiwhCZNcgLX5D6udU0mzA04BdMaBh4gW7ulYhRMIObr4Mbkgf3qU7YHD5TgSTMHCefyM9MkReh6iegMgmgftugUhvjjT6azuufLp7Abzce+CibYPHCwNKD+GdsD11f581FMFixH0AryWTwxDVV5gk2ExH1sIlvi/lEbUq0vCv5bjiZ4N445B9GotUeC+DJyBSOCZCwV+ebruqLhqDUb/L86+kV1nk10gVHYK4YqGZ3ArO+1ziZ8MJgOg+V+x5mNP81uchnvjzRCwDGLQAuF0DNn8pOguuARgFTgdcg13kbWmRXeC4WoAWh+ufwF6Kr6V8UY1ZU7wSkVvxtLfQFsZjyP08gvRRhhQUWzvoM/39Pb/s/mzGuOXP8Q7rF5U7WZC7oeu+DICWg/ssGIujSEX9kDnJy+e/S8dsBfhLB7EAuxSCwr4Tr0F9CjnIVdgyZiLh0YrV/CcHQ8Gfdn0hE57Z+DIeON0G4CXZ5C5w26MAbhU4UL+5dx7G4yBeSvuFdJM3Bh6ns9rBOP7WH15N7rPKZXi8+MNXoR14IfhOpMcwRxqP9RaGub6rmP3v/QnJL/TeE2YS2MnxZWLgdDssTGMlcxOWYvCGDNmKGp1zswCgF7LfAACrMeK7ALMdycwh/EZ24MIFLwPpP+yXdDolt4JcOp1OvHNiYl12mBi8Bof/7xf9A04l7JiFVyrDWRrBhBNbsEyuW442hiYePUcfyJU0TYvbwSDCIpswvCE2UvCKOZVcIAFhurGHLx2vHCzFnwtbQ5hDbxpKAyHY5oo7UNmPFZQX8YLwk/VVe6vJ7qk384zeIHKjMccyxd3pJNvJ8U4TIw8AwGu14UAb5FKQGNCciKg33AePC/9GTnHAyNCTSPWN1OGI7LKuh7s3fF1fiZzrqojG1UNhEvALdR0gDJ/ocwSHup0uerFOF7QZWQzD7QAonuxwNY76nsM/8PIm3tiEHGpvE/G4gQscDxtFDaDfYfw9kucsWx1q8yb2XmgIdKsLS7jrhZVjf4OecmI620iOy022YA63Aar1ICod7fAuKb6HoQt3i8wxTDGuhW+AL90uPGldpz9ojQcx3Ed/j0wy3F9fBHhhQFARXTc8DkDRbcLjXHAeGUeDHx5fj6Pb4kv/JT9sPgfnDeJNw1Ng/EPIDO0Vzvja1vNkAIBdKDJoP3HRQ86wgOSHwG02cTlNkuV0kqUgLA9+Xx5S8VivwLURngvTq0dlmmk0wfrKCLeMihjQjkjfKBV6sqNPQWf4dVetd4ZLpK9uA1YOc1h4fPSLlJG2YYxQh9c9YSgZMrayG8tSTXjWDcph1CsVaAV3eclxqJhplgoiQ0cfIyRF1019Dje6bDdhNYeJ4XESI2gTE7nPyJTG9A3HbLMK3KK7R4x3Iioj5zjVP2dRIr1NtxDxjmR7KI7YubnEPlgCNTMs47MY7f+bXjQC/wd1BFan7kXORAAAAABJRU5ErkJggg==&quot;&gt;&lt;/image&gt;&lt;/g&gt;&lt;/svg&gt;&lt;/a&gt;&lt;/div&gt;&lt;/div&gt;&lt;/div&gt;&lt;/div&gt;&lt;/footer&gt;&lt;/div&gt;&lt;svg style=&quot;position:absolute;width:0;height:0&quot; viewBox=&quot;0 0 200 200&quot;&gt;&lt;title&gt;Hidden Weather Icon Masks&lt;/title&gt;&lt;defs&gt;&lt;mask id=&quot;mostly-cloudy-mask&quot;&gt;&lt;rect width=&quot;100%&quot; height=&quot;100%&quot; fill=&quot;#FFF&quot;&gt;&lt;/rect&gt;&lt;use xlink:href=&quot;#svg-symbol-cloud&quot; transform=&quot;translate(-8 -10) scale(1.7)&quot; stroke=&quot;#000&quot; stroke-width=&quot;7&quot;&gt;&lt;/use&gt;&lt;/mask&gt;&lt;mask id=&quot;isolated-thunderstorms-mask&quot; fill=&quot;var(--color-thunderstorm-mask)&quot;&gt;&lt;g&gt;&lt;rect width=&quot;100%&quot; height=&quot;100%&quot; fill=&quot;#FFF&quot;&gt;&lt;/rect&gt;&lt;path stroke=&quot;#fff&quot; d=&quot;M143 42h52v120h-52z&quot;&gt;&lt;/path&gt;&lt;path stroke=&quot;#fff&quot; d=&quot;M116 143h40v50h-40z&quot;&gt;&lt;/path&gt;&lt;use xlink:href=&quot;#svg-symbol-cloud&quot; transform=&quot;matrix(.6 0 0 .6 88 26.5)&quot; stroke=&quot;var(--color-thunderstorm-mask)&quot; stroke-width=&quot;10&quot;&gt;&lt;/use&gt;&lt;/g&gt;&lt;/mask&gt;&lt;mask id=&quot;mostly-clear-night-mask&quot;&gt;&lt;rect width=&quot;100%&quot; height=&quot;100%&quot; fill=&quot;#FFF&quot;&gt;&lt;/rect&gt;&lt;use xlink:href=&quot;#svg-symbol-cloud&quot; transform=&quot;translate(56 19) scale(.27317)&quot; stroke-width=&quot;15&quot; stroke=&quot;#000&quot;&gt;&lt;/use&gt;&lt;/mask&gt;&lt;mask id=&quot;mostly-cloudy-night-mask&quot;&gt;&lt;rect width=&quot;100%&quot; height=&quot;100%&quot; fill=&quot;#FFF&quot;&gt;&lt;/rect&gt;&lt;use xlink:href=&quot;#svg-symbol-cloud&quot; transform=&quot;translate(32.526 -14.885) scale(.55128)&quot; stroke-width=&quot;10&quot; stroke=&quot;#000&quot;&gt;&lt;/use&gt;&lt;/mask&gt;&lt;mask id=&quot;mostly-sunny-mask&quot;&gt;&lt;rect width=&quot;100%&quot; height=&quot;100%&quot; fill=&quot;#FFF&quot;&gt;&lt;/rect&gt;&lt;use xlink:href=&quot;#svg-symbol-cloud&quot; transform=&quot;translate(92 10) scale(.7125)&quot; stroke-width=&quot;12&quot; stroke=&quot;#000&quot;&gt;&lt;/use&gt;&lt;/mask&gt;&lt;mask id=&quot;partly-cloudy-night-mask&quot;&gt;&lt;rect width=&quot;100%&quot; height=&quot;100%&quot; fill=&quot;#FFF&quot;&gt;&lt;/rect&gt;&lt;use xlink:href=&quot;#svg-symbol-cloud&quot; transform=&quot;matrix(.6 0 0 .6 49 -26)&quot; stroke-width=&quot;3&quot; stroke=&quot;#000&quot;&gt;&lt;/use&gt;&lt;/mask&gt;&lt;mask id=&quot;partly-cloudy-mask&quot;&gt;&lt;rect width=&quot;100%&quot; height=&quot;100%&quot; fill=&quot;#FFF&quot;&gt;&lt;/rect&gt;&lt;use xlink:href=&quot;#svg-symbol-cloud&quot; transform=&quot;translate(3.571 -44.642) scale(1.7857)&quot; stroke=&quot;#000&quot; stroke-width=&quot;13&quot;&gt;&lt;/use&gt;&lt;/mask&gt;&lt;mask id=&quot;scattered-showers-night-mask&quot;&gt;&lt;rect width=&quot;100%&quot; height=&quot;100%&quot; fill=&quot;#FFF&quot;&gt;&lt;/rect&gt;&lt;use xlink:href=&quot;#svg-symbol-moon&quot; transform=&quot;matrix(.91 0 0 .91 6 46)&quot; stroke-width=&quot;10&quot; stroke=&quot;#000&quot; stroke-linejoin=&quot;round&quot;&gt;&lt;/use&gt;&lt;/mask&gt;&lt;mask id=&quot;scattered-snow-night-mask&quot;&gt;&lt;rect width=&quot;100%&quot; height=&quot;100%&quot; fill=&quot;#FFF&quot;&gt;&lt;/rect&gt;&lt;use xlink:href=&quot;#svg-symbol-moon&quot; transform=&quot;matrix(.99 0 0 .99 3 39)&quot; stroke-width=&quot;14&quot; stroke=&quot;#000&quot; stroke-linejoin=&quot;round&quot;&gt;&lt;/use&gt;&lt;/mask&gt;&lt;mask id=&quot;scattered-snow-mask&quot;&gt;&lt;rect width=&quot;100%&quot; height=&quot;100%&quot; fill=&quot;#FFF&quot;&gt;&lt;/rect&gt;&lt;use xlink:href=&quot;#svg-symbol-cloud&quot; transform=&quot;translate(-5.355 -24.99) scale(1.785)&quot; stroke=&quot;#000&quot; stroke-width=&quot;13&quot;&gt;&lt;/use&gt;&lt;/mask&gt;&lt;mask id=&quot;scattered-thunderstorms-night-mask&quot;&gt;&lt;rect width=&quot;100%&quot; height=&quot;100%&quot; fill=&quot;#FFF&quot;&gt;&lt;/rect&gt;&lt;use xlink:href=&quot;#svg-symbol-moon&quot; stroke=&quot;#000&quot; stroke-width=&quot;14&quot; stroke-linejoin=&quot;round&quot; transform=&quot;matrix(.99 0 0 .99 3 39)&quot;&gt;&lt;/use&gt;&lt;/mask&gt;&lt;mask id=&quot;scattered-thunderstorms-mask&quot;&gt;&lt;rect width=&quot;100%&quot; height=&quot;100%&quot; fill=&quot;#FFF&quot;&gt;&lt;/rect&gt;&lt;use xlink:href=&quot;#svg-symbol-cloud&quot; transform=&quot;matrix(1.8 0 0 1.8 -10.8 -25.2)&quot; stroke=&quot;#000&quot; stroke-width=&quot;13&quot;&gt;&lt;/use&gt;&lt;/mask&gt;&lt;/defs&gt;&lt;/svg&gt;&lt;div style=&quot;display:none&quot;&gt;&lt;svg&gt;&lt;title&gt;Hidden Weather Icon Symbols&lt;/title&gt;&lt;symbol id=&quot;svg-symbol-hail&quot; viewBox=&quot;0 0 89 170&quot;&gt;&lt;path d=&quot;M24,2 L9,37 L24,2 Z M10,5 L2,23 L10,5 Z&quot; stroke=&quot;var(--color-hail)&quot; stroke-width=&quot;4&quot; stroke-linecap=&quot;round&quot; stroke-linejoin=&quot;round&quot;&gt;&lt;/path&gt;&lt;circle fill=&quot;var(--color-hail)&quot; r=&quot;8&quot; cx=&quot;0&quot; cy=&quot;52&quot;&gt;&lt;/circle&gt;&lt;/symbol&gt;&lt;symbol id=&quot;svg-symbol-moon&quot;&gt;&lt;path fill=&quot;var(--color-moon)&quot; d=&quot;M71 0 A 50 48, 150, 1, 0, 118 81 A 60 57, 140, 0, 1, 71 0&quot;&gt;&lt;/path&gt;&lt;/symbol&gt;&lt;symbol id=&quot;svg-symbol-star&quot;&gt;&lt;path fill=&quot;var(--color-star)&quot; d=&quot;M169.6,38.1l-30-6.1l-6.1-30c-0.1-0.5-0.5-1-1.1-1.1c-0.7-0.1-1.3,0.4-1.4,1.1L125,32l-30,6.1c-0.5,0.1-1,0.5-1.1,1.1c-0.1,0.7,0.4,1.3,1.1,1.4l30,6.1l6.1,30c0.1,0.5,0.5,1,1.1,1.1c0.7,0.1,1.3-0.4,1.4-1.1l6.1-30l30-6.1c0.5-0.1,1-0.5,1.1-1.1C170.7,38.8,170.3,38.2,169.6,38.1z&quot;&gt;&lt;/path&gt;&lt;/symbol&gt;&lt;symbol id=&quot;svg-symbol-sun-ray&quot;&gt;&lt;path d=&quot;M100,44.1c3.1,0,6.1,0.3,9,0.7l-5.3-40.7c0,0,0-0.1,0-0.1c-0.3-1.9-2-3.2-4-3c-1.5,0.2-2.7,1.3-3,2.8 c0,0.1-0.1,0.2-0.1,0.2l-5.5,40.7C94.1,44.3,97,44.1,100,44.1z&quot;&gt;&lt;/path&gt;&lt;/symbol&gt;&lt;symbol id=&quot;svg-symbol-sun&quot; fill=&quot;var(--color-sun)&quot;&gt;&lt;use xlink:href=&quot;#svg-symbol-sun-ray&quot;&gt;&lt;/use&gt;&lt;use xlink:href=&quot;#svg-symbol-sun-ray&quot; transform=&quot;rotate(30, 100, 100)&quot;&gt;&lt;/use&gt;&lt;use xlink:href=&quot;#svg-symbol-sun-ray&quot; transform=&quot;rotate(60, 100, 100)&quot;&gt;&lt;/use&gt;&lt;use xlink:href=&quot;#svg-symbol-sun-ray&quot; transform=&quot;rotate(90, 100, 100)&quot;&gt;&lt;/use&gt;&lt;use xlink:href=&quot;#svg-symbol-sun-ray&quot; transform=&quot;rotate(120, 100, 100)&quot;&gt;&lt;/use&gt;&lt;use xlink:href=&quot;#svg-symbol-sun-ray&quot; transform=&quot;rotate(150, 100, 100)&quot;&gt;&lt;/use&gt;&lt;use xlink:href=&quot;#svg-symbol-sun-ray&quot; transform=&quot;rotate(180, 100, 100)&quot;&gt;&lt;/use&gt;&lt;use xlink:href=&quot;#svg-symbol-sun-ray&quot; transform=&quot;rotate(210, 100, 100)&quot;&gt;&lt;/use&gt;&lt;use xlink:href=&quot;#svg-symbol-sun-ray&quot; transform=&quot;rotate(240, 100, 100)&quot;&gt;&lt;/use&gt;&lt;use xlink:href=&quot;#svg-symbol-sun-ray&quot; transform=&quot;rotate(270, 100, 100)&quot;&gt;&lt;/use&gt;&lt;use xlink:href=&quot;#svg-symbol-sun-ray&quot; transform=&quot;rotate(300, 100, 100)&quot;&gt;&lt;/use&gt;&lt;use xlink:href=&quot;#svg-symbol-sun-ray&quot; transform=&quot;rotate(330, 100, 100)&quot;&gt;&lt;/use&gt;&lt;circle cx=&quot;100&quot; cy=&quot;100&quot; r=&quot;46.1&quot;&gt;&lt;/circle&gt;&lt;/symbol&gt;&lt;symbol id=&quot;svg-symbol-fog-wave&quot;&gt;&lt;path fill=&quot;var(--color-fog)&quot; d=&quot;M198.4,55.3c-0.9-1.2-2.6-1.4-3.7-0.5l-4.6,3.6c0,0,0,0,0,0c-1,1.1-7.6,5.3-15.2,5.4 c-5.3,0.1-9.9-1.8-13.8-5.6c-12.5-12.6-26.9-5.7-32.7-0.3l0,0c0,0,0,0,0,0c-1,1.1-7.8,5.5-15.4,5.7c-5.3,0.1-9.9-1.8-13.8-5.7 c-12.5-12.5-26.9-5.7-32.7-0.3c0,0,0,0,0,0c-1,1.1-7.8,5.6-15.4,5.8c-5.3,0.1-9.9-1.8-13.8-5.7c-12.2-12.3-26.2-6-32.3-0.7L2,59.2 c-1.2,0.9-1.3,2.7-0.4,3.9c0.9,1.2,2.6,1.4,3.8,0.5l2.9-2.3v0c0,0,0,0,0,0l1.8-1.3v0c4-2.8,14-8,23.5,1.5c5.5,5.5,11.6,7.3,17,7.3 c4.7,0,8.9-1.3,11.8-2.5c1.6-0.7,5.8-2.5,7.8-4.7c0.7-0.6,13.3-11.8,25.3,0.2c5.5,5.5,11.6,7.3,17,7.3c4.7,0,8.9-1.3,11.8-2.5 c1.5-0.7,5.7-2.5,7.7-4.7l0,0c0.6-0.5,13.3-11.9,25.3,0.1c5.5,5.5,11.6,7.3,17,7.3c4.7,0,8.9-1.3,11.8-2.5c1.3-0.6,4.7-2,6.8-3.9 l5-3.6C199.2,58.3,199.3,56.4,198.4,55.3z&quot;&gt;&lt;/path&gt;&lt;/symbol&gt;&lt;symbol id=&quot;svg-symbol-snowflake-branch&quot;&gt;&lt;path d=&quot;M100 5 95 40 70 20 96 35 95 98 105 98 105 41 130 20 104 35z&quot; stroke-width=&quot;8&quot; stroke-linecap=&quot;square&quot; stroke-linejoin=&quot;round&quot;&gt;&lt;/path&gt;&lt;/symbol&gt;&lt;symbol id=&quot;svg-symbol-snowflake&quot; viewBox=&quot;0 0 200 200&quot; fill=&quot;var(--color-snowflake)&quot; stroke=&quot;var(--color-snowflake)&quot;&gt;&lt;use xlink:href=&quot;#svg-symbol-snowflake-branch&quot; transform=&quot;rotate(0 100 100)&quot;&gt;&lt;/use&gt;&lt;use xlink:href=&quot;#svg-symbol-snowflake-branch&quot; transform=&quot;rotate(60 100 100)&quot;&gt;&lt;/use&gt;&lt;use xlink:href=&quot;#svg-symbol-snowflake-branch&quot; transform=&quot;rotate(120 100 100)&quot;&gt;&lt;/use&gt;&lt;use xlink:href=&quot;#svg-symbol-snowflake-branch&quot; transform=&quot;rotate(180 100 100)&quot;&gt;&lt;/use&gt;&lt;use xlink:href=&quot;#svg-symbol-snowflake-branch&quot; transform=&quot;rotate(240 100 100)&quot;&gt;&lt;/use&gt;&lt;use xlink:href=&quot;#svg-symbol-snowflake-branch&quot; transform=&quot;rotate(300 100 100)&quot;&gt;&lt;/use&gt;&lt;/symbol&gt;&lt;symbol id=&quot;svg-symbol-cloud&quot; viewBox=&quot;-4 0 204 200&quot;&gt;&lt;path fill=&quot;var(--color-cloud)&quot; d=&quot;M197.9,108.5c-4.7-17.5-22.7-28-40.2-23.4c0,0-1.3,0.3-3.5,0.9c-5.6-20.8-24.6-36.2-47.2-36.2 c-24.5,0-44.8,18.1-48.3,41.6c-0.8-0.2-1.3-0.3-1.3-0.3c-14.8-3.8-30,5-33.9,19.8c-0.9,3.5-1.1,7-0.8,10.4c-7.4,2-12,3.2-12,3.2 c-7,1.9-11.1,9-9.2,16c1.6,6.1,7.3,10,13.4,9.7h150.3c0,0,6.2-0.3,9.4-1.1C192.1,144.3,202.6,126.2,197.9,108.5z&quot;&gt;&lt;/path&gt;&lt;/symbol&gt;&lt;symbol id=&quot;svg-symbol-cloud-junior&quot; viewBox=&quot;0 0 200 200&quot;&gt;&lt;path fill=&quot;var(--color-cloud)&quot; d=&quot;M197.4,52.8c-2.4-8.8-11.3-14-20.1-11.7c0,0-0.6,0.2-1.8,0.5c-2.8-10.4-12.3-18.1-23.6-18.1 c-7.5,0-14.1,3.4-18.6,8.7c3.2,3.7,5.8,7.9,7.9,12.4c1.6-0.2,3.3-0.3,5-0.3c16.9,0,31.8,11.4,36.2,27.8c0.1,0.5,0.2,1,0.3,1.5 c1-0.1,2.2-0.2,3-0.4C194.6,70.7,199.8,61.6,197.4,52.8z&quot;&gt;&lt;/path&gt;&lt;/symbol&gt;&lt;symbol id=&quot;svg-symbol-lightning-bolt&quot;&gt;&lt;path fill=&quot;var(--color-lightning)&quot; d=&quot;M89.9,124.5c0-0.7-0.7-1.2-1.6-1.2h0l0,0H58.9c-0.7,0-1.4,0.4-1.5,0.9l-11.6,33.1 c-0.1,0.1-0.1,0.3-0.1,0.5c0,0.7,0.7,1.2,1.6,1.2h0h10.9l-10.4,29.6h0c-0.1,0.2-0.1,0.4-0.1,0.6c0,1.3,1.4,2.4,3.1,2.4 c1.1,0,2.1-0.5,2.7-1.2l0,0l34.1-45.2h0c0.1-0.2,0.1-0.3,0.1-0.5c0-0.7-0.7-1.2-1.6-1.2c0,0,0,0,0,0v0H75.7l13.9-18.4 C89.8,125,89.9,124.8,89.9,124.5z&quot;&gt;&lt;/path&gt;&lt;/symbol&gt;&lt;symbol id=&quot;svg-symbol-drop&quot;&gt;&lt;path fill=&quot;var(--color-drop)&quot; d=&quot;M82.1,123.3c0.4-0.9-0.2-1.9-1.2-2.2c-0.9-0.3-1.9,0-2.3,0.7h0l-19.4,24.8c-0.4,0.5-0.7,1-1,1.6 c-1.2,3,0.6,6.4,4,7.5c3.4,1.1,7-0.4,8.3-3.3h0L82,123.5L82.1,123.3L82.1,123.3z&quot;&gt;&lt;/path&gt;&lt;/symbol&gt;&lt;symbol id=&quot;svg-symbol-wind&quot;&gt;&lt;path fill=&quot;var(--color-wind)&quot; d=&quot;M85.7,109.4c-3.5,0-6.4-2.8-6.4-6.4s2.8-6.4,6.4-6.4h85.2c4.1-0.1,8-1.5,10.8-4.3       c2.9-2.8,4.6-6.6,4.6-10.5c0.1-3-1.1-5.9-3.2-8c-2.1-2.2-5-3.3-8-3.4H175c-2.2,0-4.3,0.8-5.9,2.4c-1.6,1.5-2.5,3.7-2.5,5.9       c0,0.9,0.2,1.8,0.6,2.6c1.5,3.2,0.1,7-3.1,8.5c-3.2,1.5-7,0.1-8.5-3.1c-1.2-2.6-1.8-5.3-1.7-8.1c0.1-5.7,2.3-10.9,6.4-14.9       c4-3.9,9.3-6,14.8-6h0.1c6.5,0.1,12.5,2.6,17,7.2c4.5,4.6,6.9,10.7,6.9,17.1c-0.1,7.4-3.1,14.3-8.5,19.5       c-5.1,5-12.1,7.7-19.5,7.8L85.7,109.4L85.7,109.4z&quot;&gt;&lt;/path&gt;&lt;/symbol&gt;&lt;symbol id=&quot;svg-symbol-icy&quot; viewBox=&quot;0 0 8.9 10.9&quot;&gt;&lt;path d=&quot;M8.9 1.1L8.1 8c0 .1-.1.2-.2.2s-.2-.1-.2-.2l-.6-4.7-1 7.4c0 .1-.1.2-.2.2s-.3-.1-.3-.2L4.6 3l-.4 3.3c0 .1-.1.1-.1.1-.1 0-.2 0-.2-.1l-.3-2.8-.8 5.6c0 .1-.1.2-.2.2s-.2-.1-.2-.2l-.7-5.2-.4 3.4c0 .1-.1.2-.2.2s-.2-.1-.2-.2L0 1V.9C0 .7 0 .6.1.4.2.1.5 0 .8 0h7.3c.3 0 .5.2.7.4.1.1.1.3.1.5v.2z&quot;&gt;&lt;/path&gt;&lt;/symbol&gt;&lt;/svg&gt;&lt;/div&gt;&lt;script&gt;window.__data=JSON.parse(&quot;{\&quot;page\&quot;:{\&quot;path\&quot;:\&quot;/\&quot;,\&quot;query\&quot;:{\&quot;Goto\&quot;:\&quot;Redirected\&quot;},\&quot;headers\&quot;:{\&quot;twc-unit\&quot;:\&quot;u\&quot;,\&quot;twc-privacy\&quot;:\&quot;exempt\&quot;,\&quot;twc-subs\&quot;:\&quot;none\&quot;,\&quot;twc-geoip-region\&quot;:\&quot;\&quot;,\&quot;twc-geoip-city\&quot;:\&quot;KIEV\&quot;,\&quot;twc-geoip-dma\&quot;:\&quot;\&quot;,\&quot;twc-geoip-latlong\&quot;:\&quot;50.43,30.52\&quot;,\&quot;twc-geoip-country\&quot;:\&quot;UA\&quot;,\&quot;twc-device-class\&quot;:\&quot;desktop\&quot;,\&quot;twc-locale-group\&quot;:\&quot;US\&quot;,\&quot;twc-connection-speed\&quot;:\&quot;4G\&quot;,\&quot;twc-ak-req-id\&quot;:\&quot;30b1e3f2\&quot;},\&quot;urlId\&quot;:\&quot;ef825a3b-6eb5-47c9-8338-49583404e995\&quot;,\&quot;domain\&quot;:\&quot;\&quot;,\&quot;weight\&quot;:0,\&quot;methods\&quot;:[\&quot;GET\&quot;],\&quot;pageKey\&quot;:\&quot;home\&quot;,\&quot;pageKeyId\&quot;:\&quot;1d1cf310-bfb6-47d3-8dcb-85ff8e47bc12\&quot;,\&quot;contextListId\&quot;:\&quot;6719c0a6-9f52-4c97-93f7-444c4dcc6f43\&quot;,\&quot;params\&quot;:{},\&quot;pathPattern\&quot;:\&quot;/:locale([a-z]{2}|[a-z]{2}-[A-Z]{2})?\&quot;,\&quot;requestBody\&quot;:{}},\&quot;dal\&quot;:{\&quot;getMewContextListUrlConfig\&quot;:{\&quot;id:6719c0a6-9f52-4c97-93f7-444c4dcc6f43\&quot;:{\&quot;loading\&quot;:false,\&quot;loaded\&quot;:true,\&quot;data\&quot;:{\&quot;data\&quot;:{\&quot;contextList\&quot;:{\&quot;_id\&quot;:\&quot;6719c0a6-9f52-4c97-93f7-444c4dcc6f43\&quot;,\&quot;data\&quot;:{\&quot;attributes\&quot;:{\&quot;name\&quot;:\&quot;Non-location Based Pages (metrics)\&quot;},\&quot;id\&quot;:\&quot;6719c0a6-9f52-4c97-93f7-444c4dcc6f43\&quot;,\&quot;relationships\&quot;:{\&quot;contexts\&quot;:{\&quot;data\&quot;:[{\&quot;id\&quot;:\&quot;eaf621f6-a134-422a-95b6-c5d03bebbfb5\&quot;,\&quot;type\&quot;:\&quot;context\&quot;},{\&quot;id\&quot;:\&quot;999aa43e-3abc-41fb-a19a-34554e1d649f\&quot;,\&quot;type\&quot;:\&quot;context\&quot;},{\&quot;id\&quot;:\&quot;bbc39cc0-c8ac-4cd7-9285-1bb8c1aa22e5\&quot;,\&quot;type\&quot;:\&quot;context\&quot;},{\&quot;id\&quot;:\&quot;3569bb7a-fdd3-48ff-8dff-7260ccc25209\&quot;,\&quot;type\&quot;:\&quot;context\&quot;},{\&quot;id\&quot;:\&quot;f47fdaaa-fca8-445f-98d3-8cd9d94f6192\&quot;,\&quot;type\&quot;:\&quot;context\&quot;},{\&quot;id\&quot;:\&quot;73c0c5a5-2045-43aa-9c45-e71c64a0dec7\&quot;,\&quot;type\&quot;:\&quot;context\&quot;},{\&quot;id\&quot;:\&quot;78a8f7a2-0849-4694-bd06-5c64426c031f\&quot;,\&quot;type\&quot;:\&quot;context\&quot;},{\&quot;id\&quot;:\&quot;00978342-a6bb-4dc9-bf23-4c97f017bf80\&quot;,\&quot;type\&quot;:\&quot;context\&quot;},{\&quot;id\&quot;:\&quot;e6f9a5b3-3ea0-45bd-9624-fad08e184d91\&quot;,\&quot;type\&quot;:\&quot;context\&quot;},{\&quot;id\&quot;:\&quot;5c7a988e-e2d1-4d6b-aec3-123c00408b77\&quot;,\&quot;type\&quot;:\&quot;context\&quot;}]}},\&quot;type\&quot;:\&quot;context_list\&quot;}},\&quot;contexts\&quot;:[{\&quot;_id\&quot;:\&quot;eaf621f6-a134-422a-95b6-c5d03bebbfb5\&quot;,\&quot;data\&quot;:{\&quot;attributes\&quot;:{\&quot;name\&quot;:\&quot;i18n\&quot;},\&quot;id\&quot;:\&quot;eaf621f6-a134-422a-95b6-c5d03bebbfb5\&quot;,\&quot;relationships\&quot;:{\&quot;contextDependencies\&quot;:{\&quot;data\&quot;:[]}},\&quot;type\&quot;:\&quot;context\&quot;}},{\&quot;_id\&quot;:\&quot;230272e2-80a1-4b47-be82-5af726e2a53a\&quot;,\&quot;data\&quot;:{\&quot;attributes\&quot;:{\&quot;name\&quot;:\&quot;page\&quot;},\&quot;id\&quot;:\&quot;230272e2-80a1-4b47-be82-5af726e2a53a\&quot;,\&quot;relationships\&quot;:{\&quot;contextDependencies\&quot;:{\&quot;data\&quot;:[]}},\&quot;type\&quot;:\&quot;context\&quot;}},{\&quot;_id\&quot;:\&quot;0f88238f-9dbf-4591-ab59-cf038bfb5ce0\&quot;,\&quot;data\&quot;:{\&quot;attributes\&quot;:{\&quot;name\&quot;:\&quot;pageLocation\&quot;},\&quot;id\&quot;:\&quot;0f88238f-9dbf-4591-ab59-cf038bfb5ce0\&quot;,\&quot;relationships\&quot;:{\&quot;contextDependencies\&quot;:{\&quot;data\&quot;:[{\&quot;id\&quot;:\&quot;eaf621f6-a134-422a-95b6-c5d03bebbfb5\&quot;,\&quot;type\&quot;:\&quot;context\&quot;}]}},\&quot;type\&quot;:\&quot;context\&quot;}},{\&quot;_id\&quot;:\&quot;5c7a988e-e2d1-4d6b-aec3-123c00408b77\&quot;,\&quot;data\&quot;:{\&quot;attributes\&quot;:{\&quot;name\&quot;:\&quot;partner\&quot;},\&quot;id\&quot;:\&quot;5c7a988e-e2d1-4d6b-aec3-123c00408b77\&quot;,\&quot;relationships\&quot;:{\&quot;contextDependencies\&quot;:{\&quot;data\&quot;:[{\&quot;id\&quot;:\&quot;230272e2-80a1-4b47-be82-5af726e2a53a\&quot;,\&quot;type\&quot;:\&quot;context\&quot;}]}},\&quot;type\&quot;:\&quot;context\&quot;}},{\&quot;_id\&quot;:\&quot;f47fdaaa-fca8-445f-98d3-8cd9d94f6192\&quot;,\&quot;data\&quot;:{\&quot;attributes\&quot;:{\&quot;name\&quot;:\&quot;siteMode\&quot;},\&quot;id\&quot;:\&quot;f47fdaaa-fca8-445f-98d3-8cd9d94f6192\&quot;,\&quot;relationships\&quot;:{\&quot;contextDependencies\&quot;:{\&quot;data\&quot;:[{\&quot;id\&quot;:\&quot;eaf621f6-a134-422a-95b6-c5d03bebbfb5\&quot;,\&quot;type\&quot;:\&quot;context\&quot;}]}},\&quot;type\&quot;:\&quot;context\&quot;}},{\&quot;_id\&quot;:\&quot;78a8f7a2-0849-4694-bd06-5c64426c031f\&quot;,\&quot;data\&quot;:{\&quot;attributes\&quot;:{\&quot;name\&quot;:\&quot;user\&quot;},\&quot;id\&quot;:\&quot;78a8f7a2-0849-4694-bd06-5c64426c031f\&quot;,\&quot;relationships\&quot;:{\&quot;contextDependencies\&quot;:{\&quot;data\&quot;:[{\&quot;id\&quot;:\&quot;eaf621f6-a134-422a-95b6-c5d03bebbfb5\&quot;,\&quot;type\&quot;:\&quot;context\&quot;}]}},\&quot;type\&quot;:\&quot;context\&quot;}},{\&quot;_id\&quot;:\&quot;bbc39cc0-c8ac-4cd7-9285-1bb8c1aa22e5\&quot;,\&quot;data\&quot;:{\&quot;attributes\&quot;:{\&quot;name\&quot;:\&quot;dpr\&quot;},\&quot;id\&quot;:\&quot;bbc39cc0-c8ac-4cd7-9285-1bb8c1aa22e5\&quot;,\&quot;relationships\&quot;:{\&quot;contextDependencies\&quot;:{\&quot;data\&quot;:[{\&quot;id\&quot;:\&quot;78a8f7a2-0849-4694-bd06-5c64426c031f\&quot;,\&quot;type\&quot;:\&quot;context\&quot;},{\&quot;id\&quot;:\&quot;eaf621f6-a134-422a-95b6-c5d03bebbfb5\&quot;,\&quot;type\&quot;:\&quot;context\&quot;}]}},\&quot;type\&quot;:\&quot;context\&quot;}},{\&quot;_id\&quot;:\&quot;00978342-a6bb-4dc9-bf23-4c97f017bf80\&quot;,\&quot;data\&quot;:{\&quot;attributes\&quot;:{\&quot;name\&quot;:\&quot;userLocation\&quot;},\&quot;id\&quot;:\&quot;00978342-a6bb-4dc9-bf23-4c97f017bf80\&quot;,\&quot;relationships\&quot;:{\&quot;contextDependencies\&quot;:{\&quot;data\&quot;:[{\&quot;id\&quot;:\&quot;78a8f7a2-0849-4694-bd06-5c64426c031f\&quot;,\&quot;type\&quot;:\&quot;context\&quot;},{\&quot;id\&quot;:\&quot;eaf621f6-a134-422a-95b6-c5d03bebbfb5\&quot;,\&quot;type\&quot;:\&quot;context\&quot;}]}},\&quot;type\&quot;:\&quot;context\&quot;}},{\&quot;_id\&quot;:\&quot;e6f9a5b3-3ea0-45bd-9624-fad08e184d91\&quot;,\&quot;data\&quot;:{\&quot;attributes\&quot;:{\&quot;name\&quot;:\&quot;weatherMode\&quot;},\&quot;id\&quot;:\&quot;e6f9a5b3-3ea0-45bd-9624-fad08e184d91\&quot;,\&quot;relationships\&quot;:{\&quot;contextDependencies\&quot;:{\&quot;data\&quot;:[{\&quot;id\&quot;:\&quot;eaf621f6-a134-422a-95b6-c5d03bebbfb5\&quot;,\&quot;type\&quot;:\&quot;context\&quot;},{\&quot;id\&quot;:\&quot;0f88238f-9dbf-4591-ab59-cf038bfb5ce0\&quot;,\&quot;type\&quot;:\&quot;context\&quot;}]}},\&quot;type\&quot;:\&quot;context\&quot;}},{\&quot;_id\&quot;:\&quot;3569bb7a-fdd3-48ff-8dff-7260ccc25209\&quot;,\&quot;data\&quot;:{\&quot;attributes\&quot;:{\&quot;name\&quot;:\&quot;metrics\&quot;},\&quot;id\&quot;:\&quot;3569bb7a-fdd3-48ff-8dff-7260ccc25209\&quot;,\&quot;relationships\&quot;:{\&quot;contextDependencies\&quot;:{\&quot;data\&quot;:[{\&quot;id\&quot;:\&quot;bbc39cc0-c8ac-4cd7-9285-1bb8c1aa22e5\&quot;,\&quot;type\&quot;:\&quot;context\&quot;},{\&quot;id\&quot;:\&quot;0f88238f-9dbf-4591-ab59-cf038bfb5ce0\&quot;,\&quot;type\&quot;:\&quot;context\&quot;},{\&quot;id\&quot;:\&quot;5c7a988e-e2d1-4d6b-aec3-123c00408b77\&quot;,\&quot;type\&quot;:\&quot;context\&quot;}]}},\&quot;type\&quot;:\&quot;context\&quot;}},{\&quot;_id\&quot;:\&quot;73c0c5a5-2045-43aa-9c45-e71c64a0dec7\&quot;,\&quot;data\&quot;:{\&quot;attributes\&quot;:{\&quot;name\&quot;:\&quot;subscription\&quot;},\&quot;id\&quot;:\&quot;73c0c5a5-2045-43aa-9c45-e71c64a0dec7\&quot;,\&quot;relationships\&quot;:{\&quot;contextDependencies\&quot;:{\&quot;data\&quot;:[{\&quot;id\&quot;:\&quot;00978342-a6bb-4dc9-bf23-4c97f017bf80\&quot;,\&quot;type\&quot;:\&quot;context\&quot;},{\&quot;id\&quot;:\&quot;eaf621f6-a134-422a-95b6-c5d03bebbfb5\&quot;,\&quot;type\&quot;:\&quot;context\&quot;},{\&quot;id\&quot;:\&quot;230272e2-80a1-4b47-be82-5af726e2a53a\&quot;,\&quot;type\&quot;:\&quot;context\&quot;}]}},\&quot;type\&quot;:\&quot;context\&quot;}},{\&quot;_id\&quot;:\&quot;999aa43e-3abc-41fb-a19a-34554e1d649f\&quot;,\&quot;data\&quot;:{\&quot;attributes\&quot;:{\&quot;name\&quot;:\&quot;ads\&quot;},\&quot;id\&quot;:\&quot;999aa43e-3abc-41fb-a19a-34554e1d649f\&quot;,\&quot;relationships\&quot;:{\&quot;contextDependencies\&quot;:{\&quot;data\&quot;:[{\&quot;id\&quot;:\&quot;eaf621f6-a134-422a-95b6-c5d03bebbfb5\&quot;,\&quot;type\&quot;:\&quot;context\&quot;},{\&quot;id\&quot;:\&quot;00978342-a6bb-4dc9-bf23-4c97f017bf80\&quot;,\&quot;type\&quot;:\&quot;context\&quot;},{\&quot;id\&quot;:\&quot;0f88238f-9dbf-4591-ab59-cf038bfb5ce0\&quot;,\&quot;type\&quot;:\&quot;context\&quot;},{\&quot;id\&quot;:\&quot;bbc39cc0-c8ac-4cd7-9285-1bb8c1aa22e5\&quot;,\&quot;type\&quot;:\&quot;context\&quot;}]}},\&quot;type\&quot;:\&quot;context\&quot;}}]}},\&quot;status\&quot;:200,\&quot;statusText\&quot;:\&quot;OK\&quot;}},\&quot;getMewLocaleUrlConfig\&quot;:{\&quot;locale:en-US\&quot;:{\&quot;loading\&quot;:false,\&quot;loaded\&quot;:true,\&quot;data\&quot;:{\&quot;data\&quot;:{\&quot;locale\&quot;:{\&quot;_id\&quot;:\&quot;25b624ab-95a6-45ec-9dee-6abc917e53f3\&quot;,\&quot;data\&quot;:{\&quot;attributes\&quot;:{\&quot;localeCode\&quot;:\&quot;en-US\&quot;,\&quot;isLocaleSiteEnabled\&quot;:true},\&quot;id\&quot;:\&quot;25b624ab-95a6-45ec-9dee-6abc917e53f3\&quot;,\&quot;relationships\&quot;:{\&quot;localeToLanguage\&quot;:{\&quot;data\&quot;:{\&quot;id\&quot;:\&quot;daac1fa2-93e2-4fbb-950b-e0053043c80f\&quot;,\&quot;type\&quot;:\&quot;language\&quot;}}},\&quot;type\&quot;:\&quot;locale\&quot;}},\&quot;language\&quot;:{\&quot;_id\&quot;:\&quot;daac1fa2-93e2-4fbb-950b-e0053043c80f\&quot;,\&quot;data\&quot;:{\&quot;attributes\&quot;:{\&quot;countryName\&quot;:\&quot;United States\&quot;,\&quot;isRtlLanguage\&quot;:false,\&quot;languageCode\&quot;:\&quot;en-US\&quot;,\&quot;languageName\&quot;:\&quot;American English\&quot;},\&quot;id\&quot;:\&quot;daac1fa2-93e2-4fbb-950b-e0053043c80f\&quot;,\&quot;type\&quot;:\&quot;language\&quot;}}}},\&quot;status\&quot;:200,\&quot;statusText\&quot;:\&quot;OK\&quot;}},\&quot;getCMSLinkListUrlConfig\&quot;:{\&quot;language:en_US;linkListId:798ce33c-729e-4ec4-b726-8d9a5c3ab6eb\&quot;:{\&quot;loading\&quot;:false,\&quot;loaded\&quot;:true,\&quot;data\&quot;:{\&quot;id\&quot;:\&quot;798ce33c-729e-4ec4-b726-8d9a5c3ab6eb\&quot;,\&quot;type\&quot;:\&quot;linklist\&quot;,\&quot;schema_version\&quot;:\&quot;1.2.0\&quot;,\&quot;locale\&quot;:\&quot;en_US\&quot;,\&quot;links\&quot;:[{\&quot;url\&quot;:{\&quot;url\&quot;:\&quot;/&lt;none&gt;\&quot;,\&quot;title\&quot;:\&quot;severe mode en-US\&quot;,\&quot;attributes\&quot;:[]},\&quot;options\&quot;:{\&quot;enabled\&quot;:true,\&quot;new_tab\&quot;:false,\&quot;nofollow\&quot;:false},\&quot;attributes\&quot;:{\&quot;locale\&quot;:\&quot;en-US\&quot;,\&quot;mode\&quot;:\&quot;normal\&quot;},\&quot;tooltip\&quot;:null,\&quot;description\&quot;:\&quot;TO CHANGE THE SITE MODE FOR THE WEBSITE, follow the steps below to update the ATTRIBUTES section below\\r\\n\\r\\nTo change the site to &apos;severe&apos; or &apos;red mode&apos;, please the mode to &apos;mode=severe&apos;\\r\\nTo change the site to &apos;hybrid&apos; or &apos;hybrid mode&apos;, please the mode to &apos;mode=hybrid&apos;\\r\\nTo change the site to &apos;normal&apos; or &apos;regular mode&apos;, please the mode to &apos;mode=normal&apos;\\r\\n\&quot;,\&quot;type\&quot;:null,\&quot;image\&quot;:{},\&quot;visible_between\&quot;:{\&quot;from\&quot;:1558281600,\&quot;to\&quot;:1601013600},\&quot;collection\&quot;:null,\&quot;sublink_id\&quot;:null},{\&quot;url\&quot;:{\&quot;url\&quot;:\&quot;/&lt;none&gt;\&quot;,\&quot;title\&quot;:\&quot;severe mode es-US\&quot;,\&quot;attributes\&quot;:[]},\&quot;options\&quot;:{\&quot;enabled\&quot;:true,\&quot;new_tab\&quot;:false,\&quot;nofollow\&quot;:false},\&quot;attributes\&quot;:{\&quot;locale\&quot;:\&quot;es-US\&quot;,\&quot;mode\&quot;:\&quot;hybrid\&quot;},\&quot;tooltip\&quot;:null,\&quot;description\&quot;:\&quot;TO CHANGE THE SITE MODE FOR THE WEBSITE, follow the steps below to update the ATTRIBUTES section below\\r\\n\\r\\nTo change the site to &apos;severe&apos; or &apos;red mode&apos;, please the mode to &apos;mode=severe&apos;\\r\\nTo change the site to &apos;hybrid&apos; or &apos;hybrid mode&apos;, please the mode to &apos;mode=hybrid&apos;\\r\\nTo change the site to &apos;normal&apos; or &apos;regular mode&apos;, please the mode to &apos;mode=normal&apos;\\r\\n\&quot;,\&quot;type\&quot;:null,\&quot;image\&quot;:{},\&quot;visible_between\&quot;:{\&quot;from\&quot;:1507503600,\&quot;to\&quot;:null},\&quot;collection\&quot;:null,\&quot;sublink_id\&quot;:null}]},\&quot;status\&quot;:200,\&quot;statusText\&quot;:\&quot;OK\&quot;}},\&quot;getSunWeatherAlertHeadlinesUrlConfig\&quot;:{\&quot;geocode:undefined;language:en-US\&quot;:{\&quot;loading\&quot;:false,\&quot;loaded\&quot;:true,\&quot;data\&quot;:{\&quot;text\&quot;:\&quot;{ \\\&quot;failure\\\&quot;: \\\&quot; Geocode   is not allowed.,  \\\&quot;} \&quot;},\&quot;status\&quot;:400,\&quot;statusText\&quot;:\&quot;Bad Request\&quot;}},\&quot;getSunV3HourlyForecastUrlConfig\&quot;:{\&quot;duration:1day;geocode:undefined;language:en-US;units:e\&quot;:{\&quot;loading\&quot;:false,\&quot;loaded\&quot;:true,\&quot;data\&quot;:{\&quot;text\&quot;:\&quot;{ \\\&quot;failure\\\&quot;: \\\&quot; Geocode   is not allowed.,  \\\&quot;} \&quot;},\&quot;status\&quot;:400,\&quot;statusText\&quot;:\&quot;Bad Request\&quot;}},\&quot;getSunV3CurrentObservationsUrlConfig\&quot;:{\&quot;geocode:undefined;language:en-US;units:e\&quot;:{\&quot;loading\&quot;:false,\&quot;loaded\&quot;:true,\&quot;data\&quot;:{\&quot;text\&quot;:\&quot;{ \\\&quot;failure\\\&quot;: \\\&quot; Geocode   is not allowed.,  \\\&quot;} \&quot;},\&quot;status\&quot;:400,\&quot;statusText\&quot;:\&quot;Bad Request\&quot;}},\&quot;getMewPageConfigUrlConfig\&quot;:{\&quot;contexts:{deviceClass:desktop;localeContext:en-US;subscription:none};pageKey:home\&quot;:{\&quot;loading\&quot;:false,\&quot;loaded\&quot;:true,\&quot;data\&quot;:{\&quot;_id\&quot;:\&quot;92de2562-38eb-4a33-95b1-c0e1400681e3\&quot;,\&quot;pccpId\&quot;:\&quot;a9dd2a65-298e-4a16-8197-4e707d9f5d6b\&quot;,\&quot;data\&quot;:{\&quot;attributes\&quot;:{\&quot;active_page\&quot;:false,\&quot;ads\&quot;:{\&quot;adUnits\&quot;:{\&quot;desktop\&quot;:\&quot;web_weather_us\&quot;,\&quot;mobile\&quot;:\&quot;mobile_smart_us\&quot;,\&quot;tablet\&quot;:\&quot;tablet_weather_us\&quot;},\&quot;adZone\&quot;:\&quot;home\&quot;,\&quot;engine\&quot;:\&quot;gpt\&quot;,\&quot;networkCode\&quot;:\&quot;/7646\&quot;,\&quot;thirdParties\&quot;:[\&quot;miscCustParams_all\&quot;,\&quot;confiant_all\&quot;,\&quot;criteoSlot_enUSGLS\&quot;,\&quot;amznHdBid_enUSGLS\&quot;,\&quot;iasPetSlot_enUSGLS\&quot;,\&quot;lotame_enUSenCAGLS\&quot;,\&quot;rubicon_enUS\&quot;,\&quot;sourcePoint_enUS\&quot;,\&quot;wfxtg_all\&quot;,\&quot;wxAdTargeting_all\&quot;,\&quot;moatYieldIntelligence_all\&quot;,\&quot;premiumAdDataLake_all\&quot;]},\&quot;adsmetrics_zone\&quot;:\&quot;home\&quot;,\&quot;bidders\&quot;:[],\&quot;connectionSpeed\&quot;:null,\&quot;deviceClass\&quot;:\&quot;desktop\&quot;,\&quot;experience\&quot;:null,\&quot;field_subscription\&quot;:null,\&quot;localeContext\&quot;:\&quot;en-US\&quot;,\&quot;meta\&quot;:{\&quot;metaTags\&quot;:[{\&quot;content\&quot;:\&quot;noindex, nofollow\&quot;,\&quot;name\&quot;:\&quot;robots\&quot;}],\&quot;title\&quot;:\&quot;Weather Forecast and Conditions - The Weather Channel | Weather.com\&quot;},\&quot;metrics_levels\&quot;:\&quot;HOMEPAGE/HOMEPAGE/NA/MAIN\&quot;,\&quot;name\&quot;:\&quot;Home Page (wxu) | Large Screen | en-US (MEW)\&quot;,\&quot;page_code\&quot;:\&quot;home\&quot;,\&quot;partner\&quot;:null,\&quot;preview_metadata\&quot;:{\&quot;headers\&quot;:{\&quot;twc-connection-speed\&quot;:\&quot;4g\&quot;,\&quot;twc-device-class\&quot;:\&quot;desktop\&quot;},\&quot;query\&quot;:{\&quot;siteMode\&quot;:\&quot;normal\&quot;},\&quot;route\&quot;:\&quot;/\&quot;},\&quot;siteMode\&quot;:null,\&quot;variant_key\&quot;:null,\&quot;weatherMode\&quot;:null},\&quot;id\&quot;:\&quot;92de2562-38eb-4a33-95b1-c0e1400681e3\&quot;,\&quot;relationships\&quot;:{\&quot;layout\&quot;:{\&quot;data\&quot;:{\&quot;id\&quot;:\&quot;e761d37d-77ab-43b9-a7aa-97fa2b9a6ec6\&quot;,\&quot;type\&quot;:\&quot;layout\&quot;}},\&quot;module_instances\&quot;:{\&quot;data\&quot;:[{\&quot;id\&quot;:\&quot;1869d024-e7ae-469b-8d1d-453aea8e6fe7\&quot;,\&quot;meta\&quot;:{\&quot;region\&quot;:\&quot;meta\&quot;,\&quot;weight\&quot;:0},\&quot;type\&quot;:\&quot;module_instance\&quot;},{\&quot;id\&quot;:\&quot;53dce052-5465-4609-a555-c3a20ab64ab0\&quot;,\&quot;meta\&quot;:{\&quot;region\&quot;:\&quot;topAds\&quot;,\&quot;weight\&quot;:0},\&quot;type\&quot;:\&quot;module_instance\&quot;},{\&quot;id\&quot;:\&quot;9944ec87-e4d4-4f18-b23e-ce4a3fd8a3ba\&quot;,\&quot;meta\&quot;:{\&quot;region\&quot;:\&quot;header\&quot;,\&quot;weight\&quot;:0},\&quot;type\&quot;:\&quot;module_instance\&quot;},{\&quot;id\&quot;:\&quot;9aea3e61-fbf8-4da4-9e07-f96abf18cdf1\&quot;,\&quot;meta\&quot;:{\&quot;region\&quot;:\&quot;header\&quot;,\&quot;weight\&quot;:1},\&quot;type\&quot;:\&quot;module_instance\&quot;},{\&quot;id\&quot;:\&quot;71dadf79-621d-43ff-9a1a-d99a39f16abe\&quot;,\&quot;meta\&quot;:{\&quot;region\&quot;:\&quot;header\&quot;,\&quot;weight\&quot;:2},\&quot;type\&quot;:\&quot;module_instance\&quot;},{\&quot;id\&quot;:\&quot;50b69813-b340-4d89-a22d-016d4b682491\&quot;,\&quot;meta\&quot;:{\&quot;region\&quot;:\&quot;contentTop\&quot;,\&quot;weight\&quot;:0},\&quot;type\&quot;:\&quot;module_instance\&quot;},{\&quot;id\&quot;:\&quot;eca80ceb-d167-47d5-abe3-ce01a2b10ffc\&quot;,\&quot;meta\&quot;:{\&quot;region\&quot;:\&quot;main\&quot;,\&quot;weight\&quot;:0},\&quot;type\&quot;:\&quot;module_instance\&quot;},{\&quot;id\&quot;:\&quot;7a64efde-4532-4374-acd9-6061b0a92b95\&quot;,\&quot;meta\&quot;:{\&quot;region\&quot;:\&quot;main\&quot;,\&quot;weight\&quot;:1},\&quot;type\&quot;:\&quot;module_instance\&quot;},{\&quot;id\&quot;:\&quot;bf4ee11b-1686-4fe2-b1ff-dbdeb84aacab\&quot;,\&quot;meta\&quot;:{\&quot;region\&quot;:\&quot;main\&quot;,\&quot;weight\&quot;:2},\&quot;type\&quot;:\&quot;module_instance\&quot;},{\&quot;id\&quot;:\&quot;6ec6a613-6078-498e-92b3-efb8a9c40adf\&quot;,\&quot;meta\&quot;:{\&quot;region\&quot;:\&quot;main\&quot;,\&quot;weight\&quot;:3},\&quot;type\&quot;:\&quot;module_instance\&quot;},{\&quot;id\&quot;:\&quot;93e78c6f-fbe9-47e1-ae14-07a7ca30cac0\&quot;,\&quot;meta\&quot;:{\&quot;region\&quot;:\&quot;main\&quot;,\&quot;weight\&quot;:4},\&quot;type\&quot;:\&quot;module_instance\&quot;},{\&quot;id\&quot;:\&quot;e0ab3ad1-2034-4075-a98f-b3d272a18bd5\&quot;,\&quot;meta\&quot;:{\&quot;region\&quot;:\&quot;main\&quot;,\&quot;weight\&quot;:5},\&quot;type\&quot;:\&quot;module_instance\&quot;},{\&quot;id\&quot;:\&quot;617de16a-5b28-4ea6-8a32-d3e81ec478dc\&quot;,\&quot;meta\&quot;:{\&quot;region\&quot;:\&quot;main\&quot;,\&quot;weight\&quot;:6},\&quot;type\&quot;:\&quot;module_instance\&quot;},{\&quot;id\&quot;:\&quot;68cf0061-cd5c-4c9a-a8e5-8ab8113bb28b\&quot;,\&quot;meta\&quot;:{\&quot;region\&quot;:\&quot;main\&quot;,\&quot;weight\&quot;:7},\&quot;type\&quot;:\&quot;module_instance\&quot;},{\&quot;id\&quot;:\&quot;f6ca0247-5836-4cb0-a1f4-a2d9e3cf15bf\&quot;,\&quot;meta\&quot;:{\&quot;region\&quot;:\&quot;main\&quot;,\&quot;weight\&quot;:8},\&quot;type\&quot;:\&quot;module_instance\&quot;},{\&quot;id\&quot;:\&quot;ccd9cf55-d5e7-49c0-ad2b-3551f3b154fe\&quot;,\&quot;meta\&quot;:{\&quot;region\&quot;:\&quot;main\&quot;,\&quot;weight\&quot;:9},\&quot;type\&quot;:\&quot;module_instance\&quot;},{\&quot;id\&quot;:\&quot;2216c858-71f6-472b-a087-375ed6aa08a2\&quot;,\&quot;meta\&quot;:{\&quot;region\&quot;:\&quot;sidebar\&quot;,\&quot;weight\&quot;:0},\&quot;type\&quot;:\&quot;module_instance\&quot;},{\&quot;id\&quot;:\&quot;eaf3a578-6862-468e-9c75-5973515b2d3f\&quot;,\&quot;meta\&quot;:{\&quot;region\&quot;:\&quot;sidebar\&quot;,\&quot;weight\&quot;:1},\&quot;type\&quot;:\&quot;module_instance\&quot;},{\&quot;id\&quot;:\&quot;ddd4a3cb-7622-4c4d-b058-5101b4678ae5\&quot;,\&quot;meta\&quot;:{\&quot;region\&quot;:\&quot;sidebar\&quot;,\&quot;weight\&quot;:2},\&quot;type\&quot;:\&quot;module_instance\&quot;},{\&quot;id\&quot;:\&quot;721f1a1a-460a-422c-a0db-db83a582b227\&quot;,\&quot;meta\&quot;:{\&quot;region\&quot;:\&quot;sidebar\&quot;,\&quot;weight\&quot;:3},\&quot;type\&quot;:\&quot;module_instance\&quot;},{\&quot;id\&quot;:\&quot;d2ec6be1-08ec-4be9-b2d3-9df78d6b0d32\&quot;,\&quot;meta\&quot;:{\&quot;region\&quot;:\&quot;sidebar\&quot;,\&quot;weight\&quot;:4},\&quot;type\&quot;:\&quot;module_instance\&quot;},{\&quot;id\&quot;:\&quot;4f2fc4ea-834c-493d-93af-1e3cdf2daea7\&quot;,\&quot;meta\&quot;:{\&quot;region\&quot;:\&quot;sidebar\&quot;,\&quot;weight\&quot;:5},\&quot;type\&quot;:\&quot;module_instance\&quot;},{\&quot;id\&quot;:\&quot;2384c765-4ac5-41e9-8f2d-5a69476cf939\&quot;,\&quot;meta\&quot;:{\&quot;region\&quot;:\&quot;sidebar\&quot;,\&quot;weight\&quot;:6},\&quot;type\&quot;:\&quot;module_instance\&quot;},{\&quot;id\&quot;:\&quot;154205c3-43e0-4e4d-a284-972095b12084\&quot;,\&quot;meta\&quot;:{\&quot;region\&quot;:\&quot;sidebar\&quot;,\&quot;weight\&quot;:7},\&quot;type\&quot;:\&quot;module_instance\&quot;},{\&quot;id\&quot;:\&quot;fbb14727-c8f1-4a09-a56b-b840a24681c4\&quot;,\&quot;meta\&quot;:{\&quot;region\&quot;:\&quot;sidebar\&quot;,\&quot;weight\&quot;:8},\&quot;type\&quot;:\&quot;module_instance\&quot;},{\&quot;id\&quot;:\&quot;cb63b42d-d07c-48d9-a6a4-5f0b1dbc58bf\&quot;,\&quot;meta\&quot;:{\&quot;region\&quot;:\&quot;contentBottom\&quot;,\&quot;weight\&quot;:0},\&quot;type\&quot;:\&quot;module_instance\&quot;},{\&quot;id\&quot;:\&quot;95b11cb9-8af9-4c23-abd1-5b7e7bc621d9\&quot;,\&quot;meta\&quot;:{\&quot;region\&quot;:\&quot;footer\&quot;,\&quot;weight\&quot;:0},\&quot;type\&quot;:\&quot;module_instance\&quot;},{\&quot;id\&quot;:\&quot;495720e7-facc-4c28-af6b-52f78459520a\&quot;,\&quot;meta\&quot;:{\&quot;region\&quot;:\&quot;footer\&quot;,\&quot;weight\&quot;:1},\&quot;type\&quot;:\&quot;module_instance\&quot;},{\&quot;id\&quot;:\&quot;5b5ebc4f-6cb5-4bcf-8c09-60524c9ff62d\&quot;,\&quot;meta\&quot;:{\&quot;region\&quot;:\&quot;footer\&quot;,\&quot;weight\&quot;:2},\&quot;type\&quot;:\&quot;module_instance\&quot;}]},\&quot;pageKey\&quot;:{\&quot;data\&quot;:{\&quot;id\&quot;:\&quot;1d1cf310-bfb6-47d3-8dcb-85ff8e47bc12\&quot;,\&quot;type\&quot;:\&quot;page_key\&quot;}},\&quot;twc_config_type\&quot;:{\&quot;data\&quot;:null}},\&quot;type\&quot;:\&quot;page_config\&quot;},\&quot;included\&quot;:[{\&quot;attributes\&quot;:{\&quot;anchorName\&quot;:null,\&quot;configuration\&quot;:{\&quot;bypassServer\&quot;:false,\&quot;pageDashboard\&quot;:\&quot;homepage_r2\&quot;,\&quot;pageTemplate\&quot;:\&quot;homepage_r2\&quot;,\&quot;scriptUrl\&quot;:null},\&quot;name\&quot;:\&quot;WXU Newsroom - homepage_r2\&quot;},\&quot;id\&quot;:\&quot;1869d024-e7ae-469b-8d1d-453aea8e6fe7\&quot;,\&quot;relationships\&quot;:{\&quot;module\&quot;:{\&quot;data\&quot;:{\&quot;id\&quot;:\&quot;WxuNewsroom\&quot;,\&quot;type\&quot;:\&quot;module\&quot;}},\&quot;twc_config_type\&quot;:{\&quot;data\&quot;:null}},\&quot;type\&quot;:\&quot;module_instance\&quot;},{\&quot;attributes\&quot;:{\&quot;anchorName\&quot;:null,\&quot;configuration\&quot;:{\&quot;id\&quot;:\&quot;WX_Hidden\&quot;,\&quot;ttl\&quot;:0},\&quot;name\&quot;:\&quot;WXU Ad WX_Hidden\&quot;},\&quot;id\&quot;:\&quot;53dce052-5465-4609-a555-c3a20ab64ab0\&quot;,\&quot;relationships\&quot;:{\&quot;module\&quot;:{\&quot;data\&quot;:{\&quot;id\&quot;:\&quot;WxuAd\&quot;,\&quot;type\&quot;:\&quot;module\&quot;}},\&quot;twc_config_type\&quot;:{\&quot;data\&quot;:null}},\&quot;type\&quot;:\&quot;module_instance\&quot;},{\&quot;attributes\&quot;:{\&quot;anchorName\&quot;:null,\&quot;configuration\&quot;:{\&quot;brandingAssetId\&quot;:null,\&quot;navAssetId\&quot;:null,\&quot;showCobrandHeader\&quot;:true},\&quot;name\&quot;:\&quot;WXU Header Large Screen\&quot;},\&quot;id\&quot;:\&quot;9944ec87-e4d4-4f18-b23e-ce4a3fd8a3ba\&quot;,\&quot;relationships\&quot;:{\&quot;module\&quot;:{\&quot;data\&quot;:{\&quot;id\&quot;:\&quot;WxuHeaderLargeScreen\&quot;,\&quot;type\&quot;:\&quot;module\&quot;}},\&quot;twc_config_type\&quot;:{\&quot;data\&quot;:null}},\&quot;type\&quot;:\&quot;module_instance\&quot;},{\&quot;attributes\&quot;:{\&quot;anchorName\&quot;:null,\&quot;configuration\&quot;:{\&quot;ttl\&quot;:900},\&quot;name\&quot;:\&quot;WXU Saved Locations\&quot;},\&quot;id\&quot;:\&quot;9aea3e61-fbf8-4da4-9e07-f96abf18cdf1\&quot;,\&quot;relationships\&quot;:{\&quot;module\&quot;:{\&quot;data\&quot;:{\&quot;id\&quot;:\&quot;WxuSavedLocations\&quot;,\&quot;type\&quot;:\&quot;module\&quot;}},\&quot;twc_config_type\&quot;:{\&quot;data\&quot;:null}},\&quot;type\&quot;:\&quot;module_instance\&quot;},{\&quot;attributes\&quot;:{\&quot;anchorName\&quot;:null,\&quot;configuration\&quot;:{\&quot;ttl\&quot;:900,\&quot;videoLinkLocaleInclude\&quot;:{\&quot;en-US\&quot;:{\&quot;adRef\&quot;:\&quot;\&quot;,\&quot;overridePageKey\&quot;:\&quot;\&quot;,\&quot;overrideVideoLink\&quot;:false,\&quot;videoLinkIconName\&quot;:\&quot;video\&quot;,\&quot;videoLinkIconSet\&quot;:\&quot;nav\&quot;,\&quot;videoLinkSevere\&quot;:true,\&quot;videoLinkText\&quot;:\&quot;Videos\&quot;},\&quot;videoLinkLocaleExclude\&quot;:[]}},\&quot;name\&quot;:\&quot;WXU Localsuite Nav\&quot;},\&quot;id\&quot;:\&quot;71dadf79-621d-43ff-9a1a-d99a39f16abe\&quot;,\&quot;relationships\&quot;:{\&quot;module\&quot;:{\&quot;data\&quot;:{\&quot;id\&quot;:\&quot;WxuLocalsuiteNav\&quot;,\&quot;type\&quot;:\&quot;module\&quot;}},\&quot;twc_config_type\&quot;:{\&quot;data\&quot;:null}},\&quot;type\&quot;:\&quot;module_instance\&quot;},{\&quot;attributes\&quot;:{\&quot;anchorName\&quot;:null,\&quot;configuration\&quot;:{\&quot;disableCard\&quot;:true,\&quot;id\&quot;:\&quot;WX_WindowShade\&quot;,\&quot;tabletId\&quot;:\&quot;WX_Leaderboard\&quot;,\&quot;ttl\&quot;:0},\&quot;name\&quot;:\&quot;WXU Ad - WX_WindowShade | WX_Leaderboard\&quot;},\&quot;id\&quot;:\&quot;50b69813-b340-4d89-a22d-016d4b682491\&quot;,\&quot;relationships\&quot;:{\&quot;module\&quot;:{\&quot;data\&quot;:{\&quot;id\&quot;:\&quot;WxuAd\&quot;,\&quot;type\&quot;:\&quot;module\&quot;}},\&quot;twc_config_type\&quot;:{\&quot;data\&quot;:null}},\&quot;type\&quot;:\&quot;module_instance\&quot;},{\&quot;attributes\&quot;:{\&quot;anchorName\&quot;:null,\&quot;configuration\&quot;:{\&quot;adRef\&quot;:null,\&quot;attribution\&quot;:{\&quot;label\&quot;:null,\&quot;link\&quot;:null,\&quot;linkTarget\&quot;:null,\&quot;title\&quot;:null},\&quot;cmqsId\&quot;:\&quot;9bccba03-6079-49f9-9185-2fdd4011c107\&quot;,\&quot;ctaTarget\&quot;:null,\&quot;ctaText\&quot;:\&quot;More Stories\&quot;,\&quot;ctaUrl\&quot;:\&quot;/news\&quot;,\&quot;impactHeadlineId\&quot;:null,\&quot;limit\&quot;:8,\&quot;listItem\&quot;:\&quot;compact\&quot;,\&quot;listView\&quot;:false,\&quot;locale\&quot;:null,\&quot;offset\&quot;:1,\&quot;overflow\&quot;:false,\&quot;overlay\&quot;:false,\&quot;partner\&quot;:null,\&quot;primaryCaption\&quot;:false,\&quot;primaryTitle\&quot;:true,\&quot;secondaryCount\&quot;:3,\&quot;severeDescription\&quot;:null,\&quot;severeNotice\&quot;:null,\&quot;severeTitle\&quot;:null,\&quot;sidebar\&quot;:true,\&quot;sponsoredImageAltText\&quot;:null,\&quot;sponsoredImageUrl\&quot;:null,\&quot;tbRegion\&quot;:\&quot;db-cm-homepage_top_EN\&quot;,\&quot;title\&quot;:\&quot;Top Stories\&quot;,\&quot;useH1\&quot;:true},\&quot;name\&quot;:\&quot;WXU Content Media - Homepage List View\&quot;},\&quot;id\&quot;:\&quot;eca80ceb-d167-47d5-abe3-ce01a2b10ffc\&quot;,\&quot;relationships\&quot;:{\&quot;module\&quot;:{\&quot;data\&quot;:{\&quot;id\&quot;:\&quot;WxuContentMedia\&quot;,\&quot;type\&quot;:\&quot;module\&quot;}},\&quot;twc_config_type\&quot;:{\&quot;data\&quot;:null}},\&quot;type\&quot;:\&quot;module_instance\&quot;},{\&quot;attributes\&quot;:{\&quot;anchorName\&quot;:null,\&quot;configuration\&quot;:{\&quot;cmqsId\&quot;:\&quot;348d2d16-9c01-455c-b94f-2696374de595\&quot;,\&quot;ctaText\&quot;:\&quot;More News\&quot;,\&quot;ctaUrl\&quot;:\&quot;/news\&quot;,\&quot;displayCategory\&quot;:true,\&quot;limit\&quot;:4,\&quot;offset\&quot;:0,\&quot;overflow\&quot;:false,\&quot;sidebar\&quot;:false,\&quot;tbRegion\&quot;:\&quot;db-cm-homepage_stack_EN\&quot;,\&quot;title\&quot;:\&quot;Latest News\&quot;},\&quot;name\&quot;:\&quot;WXU Content Media - 4 inline | Latest News\&quot;},\&quot;id\&quot;:\&quot;7a64efde-4532-4374-acd9-6061b0a92b95\&quot;,\&quot;relationships\&quot;:{\&quot;module\&quot;:{\&quot;data\&quot;:{\&quot;id\&quot;:\&quot;WxuContentMedia\&quot;,\&quot;type\&quot;:\&quot;module\&quot;}},\&quot;twc_config_type\&quot;:{\&quot;data\&quot;:null}},\&quot;type\&quot;:\&quot;module_instance\&quot;},{\&quot;attributes\&quot;:{\&quot;anchorName\&quot;:null,\&quot;configuration\&quot;:{\&quot;cmqsId\&quot;:\&quot;9433667c-ffe0-4051-80ef-8f581491cf00\&quot;,\&quot;ctaText\&quot;:\&quot;Read More\&quot;,\&quot;ctaUrl\&quot;:\&quot;https://weather.com/forecast/news/2014-10-31-national-forecast-20141009\&quot;,\&quot;impactHeadlineId\&quot;:null,\&quot;limit\&quot;:null,\&quot;locale\&quot;:null,\&quot;offset\&quot;:1,\&quot;overlay\&quot;:false,\&quot;partner\&quot;:null,\&quot;primaryCaption\&quot;:false,\&quot;primaryTitle\&quot;:false,\&quot;severeDescription\&quot;:null,\&quot;severeTitle\&quot;:null,\&quot;sponsoredImageAltText\&quot;:null,\&quot;sponsoredImageUrl\&quot;:null,\&quot;tbRegion\&quot;:\&quot;db-cm-homepage_single_natl_EN\&quot;,\&quot;title\&quot;:\&quot;Weather Today Across the Country\&quot;,\&quot;useH1\&quot;:false},\&quot;name\&quot;:\&quot;Wxu Content Media - 1:0 National\&quot;},\&quot;id\&quot;:\&quot;bf4ee11b-1686-4fe2-b1ff-dbdeb84aacab\&quot;,\&quot;relationships\&quot;:{\&quot;module\&quot;:{\&quot;data\&quot;:{\&quot;id\&quot;:\&quot;WxuContentMedia\&quot;,\&quot;type\&quot;:\&quot;module\&quot;}},\&quot;twc_config_type\&quot;:{\&quot;data\&quot;:null}},\&quot;type\&quot;:\&quot;module_instance\&quot;},{\&quot;attributes\&quot;:{\&quot;anchorName\&quot;:null,\&quot;configuration\&quot;:{\&quot;id\&quot;:\&quot;WX_MidLeader\&quot;,\&quot;tabletId\&quot;:\&quot;none\&quot;,\&quot;ttl\&quot;:0},\&quot;name\&quot;:\&quot;WXU Ad - WX_MidLeader | None\&quot;},\&quot;id\&quot;:\&quot;6ec6a613-6078-498e-92b3-efb8a9c40adf\&quot;,\&quot;relationships\&quot;:{\&quot;module\&quot;:{\&quot;data\&quot;:{\&quot;id\&quot;:\&quot;WxuAd\&quot;,\&quot;type\&quot;:\&quot;module\&quot;}},\&quot;twc_config_type\&quot;:{\&quot;data\&quot;:null}},\&quot;type\&quot;:\&quot;module_instance\&quot;},{\&quot;attributes\&quot;:{\&quot;anchorName\&quot;:null,\&quot;configuration\&quot;:{\&quot;cmqsId\&quot;:\&quot;97094815-e4c6-4576-8b10-1a0d31327990\&quot;,\&quot;ctaText\&quot;:\&quot;See More\&quot;,\&quot;ctaUrl\&quot;:\&quot;/news\&quot;,\&quot;limit\&quot;:4,\&quot;offset\&quot;:0,\&quot;overflow\&quot;:false,\&quot;tbRegion\&quot;:\&quot;db-cm-trending_EN\&quot;,\&quot;title\&quot;:\&quot;Recommended\&quot;},\&quot;name\&quot;:\&quot;WXU Content Media - 4 inline | Trending Stories\&quot;},\&quot;id\&quot;:\&quot;93e78c6f-fbe9-47e1-ae14-07a7ca30cac0\&quot;,\&quot;relationships\&quot;:{\&quot;module\&quot;:{\&quot;data\&quot;:{\&quot;id\&quot;:\&quot;WxuContentMedia\&quot;,\&quot;type\&quot;:\&quot;module\&quot;}},\&quot;twc_config_type\&quot;:{\&quot;data\&quot;:null}},\&quot;type\&quot;:\&quot;module_instance\&quot;},{\&quot;attributes\&quot;:{\&quot;anchorName\&quot;:null,\&quot;configuration\&quot;:{\&quot;classOverride\&quot;:\&quot;halfWidth\&quot;,\&quot;id\&quot;:\&quot;WX_Bot300AdX1\&quot;,\&quot;ttl\&quot;:0},\&quot;name\&quot;:\&quot;WXU Ad WX_Bot300AdX1\&quot;},\&quot;id\&quot;:\&quot;e0ab3ad1-2034-4075-a98f-b3d272a18bd5\&quot;,\&quot;relationships\&quot;:{\&quot;module\&quot;:{\&quot;data\&quot;:{\&quot;id\&quot;:\&quot;WxuAd\&quot;,\&quot;type\&quot;:\&quot;module\&quot;}},\&quot;twc_config_type\&quot;:{\&quot;data\&quot;:null}},\&quot;type\&quot;:\&quot;module_instance\&quot;},{\&quot;attributes\&quot;:{\&quot;anchorName\&quot;:null,\&quot;configuration\&quot;:{\&quot;classOverride\&quot;:\&quot;halfWidth\&quot;,\&quot;id\&quot;:\&quot;WX_Bot300AdX2\&quot;,\&quot;ttl\&quot;:0},\&quot;name\&quot;:\&quot;WXU Ad WX_Bot300AdX2\&quot;},\&quot;id\&quot;:\&quot;617de16a-5b28-4ea6-8a32-d3e81ec478dc\&quot;,\&quot;relationships\&quot;:{\&quot;module\&quot;:{\&quot;data\&quot;:{\&quot;id\&quot;:\&quot;WxuAd\&quot;,\&quot;type\&quot;:\&quot;module\&quot;}},\&quot;twc_config_type\&quot;:{\&quot;data\&quot;:null}},\&quot;type\&quot;:\&quot;module_instance\&quot;},{\&quot;attributes\&quot;:{\&quot;anchorName\&quot;:null,\&quot;configuration\&quot;:{\&quot;adRef\&quot;:null,\&quot;attribution\&quot;:{\&quot;label\&quot;:null,\&quot;link\&quot;:null,\&quot;linkTarget\&quot;:null,\&quot;title\&quot;:null},\&quot;cmqsId\&quot;:\&quot;0275875d-4b11-45fe-a653-bc5817088c16\&quot;,\&quot;ctaTarget\&quot;:null,\&quot;ctaText\&quot;:\&quot;See More\&quot;,\&quot;ctaUrl\&quot;:\&quot;/slideshows\&quot;,\&quot;impactHeadlineId\&quot;:null,\&quot;limit\&quot;:4,\&quot;listItem\&quot;:false,\&quot;listView\&quot;:false,\&quot;locale\&quot;:null,\&quot;offset\&quot;:0,\&quot;overflow\&quot;:false,\&quot;overlay\&quot;:false,\&quot;partner\&quot;:null,\&quot;primaryCaption\&quot;:false,\&quot;primaryTitle\&quot;:false,\&quot;secondaryCount\&quot;:null,\&quot;severeDescription\&quot;:null,\&quot;severeNotice\&quot;:null,\&quot;severeTitle\&quot;:null,\&quot;sidebar\&quot;:false,\&quot;sponsoredImageAltText\&quot;:null,\&quot;sponsoredImageUrl\&quot;:null,\&quot;tbRegion\&quot;:\&quot;db-cm-list_EN\&quot;,\&quot;title\&quot;:\&quot;Photos\&quot;,\&quot;useH1\&quot;:false},\&quot;name\&quot;:\&quot;WXU Content Media - 4 inline | Photos-Homepage\&quot;},\&quot;id\&quot;:\&quot;68cf0061-cd5c-4c9a-a8e5-8ab8113bb28b\&quot;,\&quot;relationships\&quot;:{\&quot;module\&quot;:{\&quot;data\&quot;:{\&quot;id\&quot;:\&quot;WxuContentMedia\&quot;,\&quot;type\&quot;:\&quot;module\&quot;}},\&quot;twc_config_type\&quot;:{\&quot;data\&quot;:null}},\&quot;type\&quot;:\&quot;module_instance\&quot;},{\&quot;attributes\&quot;:{\&quot;anchorName\&quot;:null,\&quot;configuration\&quot;:{\&quot;bypassServer\&quot;:true,\&quot;configs\&quot;:{\&quot;commands\&quot;:[{\&quot;home\&quot;:\&quot;auto\&quot;},{\&quot;container\&quot;:\&quot;taboola-below-content-thumbnails-home\&quot;,\&quot;mode\&quot;:\&quot;thumbnails-d\&quot;,\&quot;placement\&quot;:\&quot;Below Content Thumbnails - home\&quot;,\&quot;target_type\&quot;:\&quot;mix\&quot;},{\&quot;flush\&quot;:true}],\&quot;scriptId\&quot;:\&quot;tb_loader_script\&quot;,\&quot;url\&quot;:\&quot;//cdn.taboola.com/libtrc/theweatherchannel/loader.js\&quot;},\&quot;id\&quot;:\&quot;taboola-below-content-thumbnails-home\&quot;,\&quot;limit\&quot;:2,\&quot;ttl\&quot;:900,\&quot;type\&quot;:\&quot;generic\&quot;,\&quot;wrapInPanel\&quot;:false},\&quot;name\&quot;:\&quot;Taboola | en-US | Home | Below-Content\&quot;},\&quot;id\&quot;:\&quot;f6ca0247-5836-4cb0-a1f4-a2d9e3cf15bf\&quot;,\&quot;relationships\&quot;:{\&quot;module\&quot;:{\&quot;data\&quot;:{\&quot;id\&quot;:\&quot;Taboola\&quot;,\&quot;type\&quot;:\&quot;module\&quot;}},\&quot;twc_config_type\&quot;:{\&quot;data\&quot;:null}},\&quot;type\&quot;:\&quot;module_instance\&quot;},{\&quot;attributes\&quot;:{\&quot;anchorName\&quot;:null,\&quot;configuration\&quot;:{\&quot;animation\&quot;:\&quot;slideUp\&quot;,\&quot;boldBodyText\&quot;:true,\&quot;ctaLink1\&quot;:null,\&quot;ctaLink2\&quot;:null,\&quot;ctaText1\&quot;:null,\&quot;ctaText2\&quot;:null,\&quot;frequencyInHours\&quot;:1,\&quot;imageCta\&quot;:null,\&quot;imageUrl\&quot;:null,\&quot;isSevere\&quot;:false,\&quot;messagePosition\&quot;:\&quot;bottom-right\&quot;,\&quot;messageType\&quot;:\&quot;popup\&quot;,\&quot;openCtaLink1InNewWindow\&quot;:false,\&quot;openCtaLink2InNewWindow\&quot;:false,\&quot;overrideContent\&quot;:false,\&quot;overrideRuleId\&quot;:\&quot;SmartMessageABTestingPopupOct14\&quot;,\&quot;showOnScrollOnly\&quot;:false,\&quot;text\&quot;:null,\&quot;title\&quot;:\&quot;Premium for Web\&quot;,\&quot;useOriginalImageSource\&quot;:true,\&quot;userTargeting\&quot;:{\&quot;anonymous\&quot;:true,\&quot;premium\&quot;:false,\&quot;standard\&quot;:true}},\&quot;name\&quot;:\&quot;Wxu Smart Message - Decision Service - SmartMessageViews Cap\&quot;},\&quot;id\&quot;:\&quot;ccd9cf55-d5e7-49c0-ad2b-3551f3b154fe\&quot;,\&quot;relationships\&quot;:{\&quot;module\&quot;:{\&quot;data\&quot;:{\&quot;id\&quot;:\&quot;WxuSmartMessage\&quot;,\&quot;type\&quot;:\&quot;module\&quot;}},\&quot;twc_config_type\&quot;:{\&quot;data\&quot;:null}},\&quot;type\&quot;:\&quot;module_instance\&quot;},{\&quot;attributes\&quot;:{\&quot;anchorName\&quot;:null,\&quot;configuration\&quot;:{\&quot;id\&quot;:\&quot;WX_Top300Variable\&quot;,\&quot;ttl\&quot;:0},\&quot;name\&quot;:\&quot;WXU Ad WX_Top300Variable\&quot;},\&quot;id\&quot;:\&quot;2216c858-71f6-472b-a087-375ed6aa08a2\&quot;,\&quot;relationships\&quot;:{\&quot;module\&quot;:{\&quot;data\&quot;:{\&quot;id\&quot;:\&quot;WxuAd\&quot;,\&quot;type\&quot;:\&quot;module\&quot;}},\&quot;twc_config_type\&quot;:{\&quot;data\&quot;:null}},\&quot;type\&quot;:\&quot;module_instance\&quot;},{\&quot;attributes\&quot;:{\&quot;anchorName\&quot;:null,\&quot;configuration\&quot;:{\&quot;ctaText\&quot;:\&quot;hurricaneTrackerCta\&quot;,\&quot;imapUrlOverlays\&quot;:null,\&quot;overlays\&quot;:null,\&quot;stormId\&quot;:\&quot;Nicholas\&quot;,\&quot;title\&quot;:\&quot;hurricaneTrackerTitle\&quot;,\&quot;zoom\&quot;:null},\&quot;name\&quot;:\&quot;WXU Hurricane Tracker Card - Updated\&quot;},\&quot;id\&quot;:\&quot;eaf3a578-6862-468e-9c75-5973515b2d3f\&quot;,\&quot;relationships\&quot;:{\&quot;module\&quot;:{\&quot;data\&quot;:{\&quot;id\&quot;:\&quot;WxuHurricaneTrackerCard\&quot;,\&quot;type\&quot;:\&quot;module\&quot;}},\&quot;twc_config_type\&quot;:{\&quot;data\&quot;:null}},\&quot;type\&quot;:\&quot;module_instance\&quot;},{\&quot;attributes\&quot;:{\&quot;anchorName\&quot;:null,\&quot;configuration\&quot;:{\&quot;id\&quot;:\&quot;WX_Mid300\&quot;,\&quot;ttl\&quot;:0},\&quot;name\&quot;:\&quot;WXU Ad WX_Mid300\&quot;},\&quot;id\&quot;:\&quot;ddd4a3cb-7622-4c4d-b058-5101b4678ae5\&quot;,\&quot;relationships\&quot;:{\&quot;module\&quot;:{\&quot;data\&quot;:{\&quot;id\&quot;:\&quot;WxuAd\&quot;,\&quot;type\&quot;:\&quot;module\&quot;}},\&quot;twc_config_type\&quot;:{\&quot;data\&quot;:null}},\&quot;type\&quot;:\&quot;module_instance\&quot;},{\&quot;attributes\&quot;:{\&quot;anchorName\&quot;:null,\&quot;configuration\&quot;:{\&quot;adPositionId\&quot;:\&quot;WX_PromoDriver1\&quot;,\&quot;fallbackImageUrl\&quot;:\&quot;https://s.w-x.co/promo-modules-units-features.png\&quot;,\&quot;fallbackLinkTarget\&quot;:null,\&quot;fallbackLinkTitle\&quot;:null,\&quot;fallbackLinkUrl\&quot;:\&quot;/safety\&quot;,\&quot;lazyload\&quot;:true,\&quot;title\&quot;:\&quot;Stay Safe\&quot;,\&quot;ttl\&quot;:900},\&quot;name\&quot;:\&quot;WXU Promo Driver\&quot;},\&quot;id\&quot;:\&quot;721f1a1a-460a-422c-a0db-db83a582b227\&quot;,\&quot;relationships\&quot;:{\&quot;module\&quot;:{\&quot;data\&quot;:{\&quot;id\&quot;:\&quot;WxuPromoDriver\&quot;,\&quot;type\&quot;:\&quot;module\&quot;}},\&quot;twc_config_type\&quot;:{\&quot;data\&quot;:null}},\&quot;type\&quot;:\&quot;module_instance\&quot;},{\&quot;attributes\&quot;:{\&quot;anchorName\&quot;:null,\&quot;configuration\&quot;:{\&quot;coupled\&quot;:true,\&quot;id\&quot;:\&quot;WX_PromoDriver1\&quot;,\&quot;lazyload\&quot;:true,\&quot;ttl\&quot;:0},\&quot;name\&quot;:\&quot;WXU Ad WX_PromoDriver1 (coupled)\&quot;},\&quot;id\&quot;:\&quot;d2ec6be1-08ec-4be9-b2d3-9df78d6b0d32\&quot;,\&quot;relationships\&quot;:{\&quot;module\&quot;:{\&quot;data\&quot;:{\&quot;id\&quot;:\&quot;WxuAd\&quot;,\&quot;type\&quot;:\&quot;module\&quot;}},\&quot;twc_config_type\&quot;:{\&quot;data\&quot;:null}},\&quot;type\&quot;:\&quot;module_instance\&quot;},{\&quot;attributes\&quot;:{\&quot;anchorName\&quot;:null,\&quot;configuration\&quot;:{\&quot;animation\&quot;:\&quot;slideUp\&quot;,\&quot;boldBodyText\&quot;:false,\&quot;ctaLink1\&quot;:\&quot;/subscribe\&quot;,\&quot;ctaLink2\&quot;:null,\&quot;ctaText1\&quot;:\&quot;Go Premium\&quot;,\&quot;ctaText2\&quot;:null,\&quot;frequencyInHours\&quot;:1,\&quot;imageCta\&quot;:null,\&quot;imageUrl\&quot;:\&quot;\&quot;,\&quot;isSevere\&quot;:false,\&quot;messagePosition\&quot;:\&quot;bottom-right\&quot;,\&quot;messageType\&quot;:\&quot;inPage\&quot;,\&quot;openCtaLink1InNewWindow\&quot;:false,\&quot;openCtaLink2InNewWindow\&quot;:false,\&quot;overrideContent\&quot;:false,\&quot;overrideRuleId\&quot;:\&quot;SmartMessageABTestingInPageOct14\&quot;,\&quot;showOnScrollOnly\&quot;:false,\&quot;text\&quot;:\&quot;\&quot;,\&quot;title\&quot;:\&quot;24-Hour Future Radar\&quot;,\&quot;useOriginalImageSource\&quot;:true,\&quot;userTargeting\&quot;:{\&quot;anonymous\&quot;:true,\&quot;premium\&quot;:false,\&quot;standard\&quot;:true}},\&quot;name\&quot;:\&quot;Wxu Smart Message - InFeed - Advanced Radar\&quot;},\&quot;id\&quot;:\&quot;4f2fc4ea-834c-493d-93af-1e3cdf2daea7\&quot;,\&quot;relationships\&quot;:{\&quot;module\&quot;:{\&quot;data\&quot;:{\&quot;id\&quot;:\&quot;WxuSmartMessage\&quot;,\&quot;type\&quot;:\&quot;module\&quot;}},\&quot;twc_config_type\&quot;:{\&quot;data\&quot;:null}},\&quot;type\&quot;:\&quot;module_instance\&quot;},{\&quot;attributes\&quot;:{\&quot;anchorName\&quot;:null,\&quot;configuration\&quot;:{\&quot;animation\&quot;:\&quot;slideUp\&quot;,\&quot;boldBodyText\&quot;:false,\&quot;ctaLink1\&quot;:\&quot;https://weather.com/coronavirus\&quot;,\&quot;ctaLink2\&quot;:null,\&quot;ctaText1\&quot;:\&quot;Track COVID-19\&quot;,\&quot;ctaText2\&quot;:null,\&quot;frequencyInHours\&quot;:0,\&quot;geoIPandPartnerFencing\&quot;:false,\&quot;id\&quot;:\&quot;SmartMessageGeneralSurvey\&quot;,\&quot;imageCta\&quot;:null,\&quot;imageUrl\&quot;:null,\&quot;isSevere\&quot;:false,\&quot;messagePosition\&quot;:\&quot;bottom-right\&quot;,\&quot;messageType\&quot;:\&quot;inPage\&quot;,\&quot;openCtaLink1InNewWindow\&quot;:false,\&quot;openCtaLink2InNewWindow\&quot;:false,\&quot;overrideContent\&quot;:true,\&quot;overrideRuleId\&quot;:null,\&quot;showOnScrollOnly\&quot;:false,\&quot;text\&quot;:\&quot;See the latest in the new information hub, including county-level tracking for the US. Stay safe.\&quot;,\&quot;title\&quot;:\&quot;COVID-19\&quot;,\&quot;useOriginalImageSource\&quot;:true,\&quot;userTargeting\&quot;:{\&quot;anonymous\&quot;:true,\&quot;premium\&quot;:true,\&quot;standard\&quot;:true}},\&quot;name\&quot;:\&quot;WXU Smart Message - COVID CTA\&quot;},\&quot;id\&quot;:\&quot;2384c765-4ac5-41e9-8f2d-5a69476cf939\&quot;,\&quot;relationships\&quot;:{\&quot;module\&quot;:{\&quot;data\&quot;:{\&quot;id\&quot;:\&quot;WxuSmartMessage\&quot;,\&quot;type\&quot;:\&quot;module\&quot;}},\&quot;twc_config_type\&quot;:{\&quot;data\&quot;:null}},\&quot;type\&quot;:\&quot;module_instance\&quot;},{\&quot;attributes\&quot;:{\&quot;anchorName\&quot;:null,\&quot;configuration\&quot;:{\&quot;adPosition\&quot;:null,\&quot;adRef\&quot;:null,\&quot;altText\&quot;:null,\&quot;ariaLabel\&quot;:null,\&quot;attribution\&quot;:{\&quot;label\&quot;:null,\&quot;link\&quot;:null,\&quot;linkTarget\&quot;:null,\&quot;title\&quot;:null},\&quot;bulletType\&quot;:null,\&quot;cmqsId\&quot;:\&quot;7d7ca9dd-ea1c-4299-af08-063bfb8eb2fc\&quot;,\&quot;ctaTarget\&quot;:null,\&quot;ctaText\&quot;:\&quot;See More\&quot;,\&quot;ctaUrl\&quot;:\&quot;/deals/stackcommerce\&quot;,\&quot;displayCategory\&quot;:false,\&quot;fromString\&quot;:\&quot;ContentMedia|AffiliatePromo|See More\&quot;,\&quot;fullWidthStackedInSidebar\&quot;:true,\&quot;icon\&quot;:{\&quot;ariaLabel\&quot;:null,\&quot;name\&quot;:null,\&quot;set\&quot;:null},\&quot;impactHeadlineId\&quot;:null,\&quot;limit\&quot;:1,\&quot;listItem\&quot;:null,\&quot;listName\&quot;:null,\&quot;listView\&quot;:false,\&quot;locale\&quot;:null,\&quot;logo\&quot;:null,\&quot;moduleInSidebar\&quot;:false,\&quot;offset\&quot;:1,\&quot;overflow\&quot;:false,\&quot;overlay\&quot;:false,\&quot;partner\&quot;:null,\&quot;primaryCaption\&quot;:true,\&quot;primaryTitle\&quot;:true,\&quot;secondaryCount\&quot;:null,\&quot;severeDescription\&quot;:null,\&quot;severeNotice\&quot;:null,\&quot;severeTitle\&quot;:null,\&quot;sidebar\&quot;:false,\&quot;sponsorText\&quot;:null,\&quot;sponsoredImageAltText\&quot;:null,\&quot;sponsoredImageUrl\&quot;:null,\&quot;tbRegion\&quot;:\&quot;tb-affiliate-rr\&quot;,\&quot;title\&quot;:\&quot;Featured Deal\&quot;,\&quot;useH1\&quot;:false,\&quot;useOriginalImageSource\&quot;:false,\&quot;useTeaserTitle\&quot;:false},\&quot;name\&quot;:\&quot;Wxu Content Media - Affiliate Program Article Promo\&quot;},\&quot;id\&quot;:\&quot;154205c3-43e0-4e4d-a284-972095b12084\&quot;,\&quot;relationships\&quot;:{\&quot;module\&quot;:{\&quot;data\&quot;:{\&quot;id\&quot;:\&quot;WxuContentMedia\&quot;,\&quot;type\&quot;:\&quot;module\&quot;}},\&quot;twc_config_type\&quot;:{\&quot;data\&quot;:null}},\&quot;type\&quot;:\&quot;module_instance\&quot;},{\&quot;attributes\&quot;:{\&quot;anchorName\&quot;:null,\&quot;configuration\&quot;:{\&quot;id\&quot;:\&quot;WX_Bot300AdX3\&quot;,\&quot;ttl\&quot;:0},\&quot;name\&quot;:\&quot;WXU Ad WX_Bot300AdX3\&quot;},\&quot;id\&quot;:\&quot;fbb14727-c8f1-4a09-a56b-b840a24681c4\&quot;,\&quot;relationships\&quot;:{\&quot;module\&quot;:{\&quot;data\&quot;:{\&quot;id\&quot;:\&quot;WxuAd\&quot;,\&quot;type\&quot;:\&quot;module\&quot;}},\&quot;twc_config_type\&quot;:{\&quot;data\&quot;:null}},\&quot;type\&quot;:\&quot;module_instance\&quot;},{\&quot;attributes\&quot;:{\&quot;anchorName\&quot;:null,\&quot;configuration\&quot;:{\&quot;id\&quot;:\&quot;WX_BottomLeader\&quot;,\&quot;tabletId\&quot;:\&quot;WX_BottomLeaderTablet\&quot;,\&quot;ttl\&quot;:0},\&quot;name\&quot;:\&quot;WXU Ad - WX_BottomLeader | WX_BottomLeaderTablet\&quot;},\&quot;id\&quot;:\&quot;cb63b42d-d07c-48d9-a6a4-5f0b1dbc58bf\&quot;,\&quot;relationships\&quot;:{\&quot;module\&quot;:{\&quot;data\&quot;:{\&quot;id\&quot;:\&quot;WxuAd\&quot;,\&quot;type\&quot;:\&quot;module\&quot;}},\&quot;twc_config_type\&quot;:{\&quot;data\&quot;:null}},\&quot;type\&quot;:\&quot;module_instance\&quot;},{\&quot;attributes\&quot;:{\&quot;anchorName\&quot;:null,\&quot;configuration\&quot;:{\&quot;deleteCookie\&quot;:false,\&quot;percentage\&quot;:5},\&quot;name\&quot;:\&quot;Wxu Daybreak Metrics\&quot;},\&quot;id\&quot;:\&quot;95b11cb9-8af9-4c23-abd1-5b7e7bc621d9\&quot;,\&quot;relationships\&quot;:{\&quot;module\&quot;:{\&quot;data\&quot;:{\&quot;id\&quot;:\&quot;WxuDaybreakMetrics\&quot;,\&quot;type\&quot;:\&quot;module\&quot;}},\&quot;twc_config_type\&quot;:{\&quot;data\&quot;:null}},\&quot;type\&quot;:\&quot;module_instance\&quot;},{\&quot;attributes\&quot;:{\&quot;anchorName\&quot;:null,\&quot;configuration\&quot;:{\&quot;ttl\&quot;:900},\&quot;name\&quot;:\&quot;WXU Medallia\&quot;},\&quot;id\&quot;:\&quot;495720e7-facc-4c28-af6b-52f78459520a\&quot;,\&quot;relationships\&quot;:{\&quot;module\&quot;:{\&quot;data\&quot;:{\&quot;id\&quot;:\&quot;WxuMedalliaSurvey\&quot;,\&quot;type\&quot;:\&quot;module\&quot;}},\&quot;twc_config_type\&quot;:{\&quot;data\&quot;:null}},\&quot;type\&quot;:\&quot;module_instance\&quot;},{\&quot;attributes\&quot;:{\&quot;anchorName\&quot;:null,\&quot;configuration\&quot;:{\&quot;ttl\&quot;:900},\&quot;name\&quot;:\&quot;WXU Footer\&quot;},\&quot;id\&quot;:\&quot;5b5ebc4f-6cb5-4bcf-8c09-60524c9ff62d\&quot;,\&quot;relationships\&quot;:{\&quot;module\&quot;:{\&quot;data\&quot;:{\&quot;id\&quot;:\&quot;WxuFooter\&quot;,\&quot;type\&quot;:\&quot;module\&quot;}},\&quot;twc_config_type\&quot;:{\&quot;data\&quot;:null}},\&quot;type\&quot;:\&quot;module_instance\&quot;},{\&quot;attributes\&quot;:{\&quot;configuration_options\&quot;:{\&quot;layoutModule\&quot;:\&quot;WxuDaybreakLargeScreen\&quot;},\&quot;layout_areas\&quot;:[{\&quot;id\&quot;:\&quot;meta\&quot;},{\&quot;id\&quot;:\&quot;topAds\&quot;},{\&quot;id\&quot;:\&quot;header\&quot;},{\&quot;id\&quot;:\&quot;contentTop\&quot;},{\&quot;id\&quot;:\&quot;main\&quot;},{\&quot;id\&quot;:\&quot;sidebar\&quot;},{\&quot;id\&quot;:\&quot;contentBottom\&quot;},{\&quot;id\&quot;:\&quot;footer\&quot;}],\&quot;name\&quot;:\&quot;WxuDaybreakLargeScreen\&quot;},\&quot;id\&quot;:\&quot;e761d37d-77ab-43b9-a7aa-97fa2b9a6ec6\&quot;,\&quot;relationships\&quot;:{\&quot;twc_config_type\&quot;:{\&quot;data\&quot;:null}},\&quot;type\&quot;:\&quot;layout\&quot;}]},\&quot;status\&quot;:200,\&quot;statusText\&quot;:\&quot;OK\&quot;}},\&quot;getMewAdThirdPartyConfigsUrlConfig\&quot;:{\&quot;tokens:miscCustParams_all,confiant_all,criteoSlot_enUSGLS,amznHdBid_enUSGLS,iasPetSlot_enUSGLS,lotame_enUSenCAGLS,rubicon_enUS,sourcePoint_enUS,wfxtg_all,wxAdTargeting_all,moatYieldIntelligence_all,premiumAdDataLake_all,desktopUserActionAdRefresh,refreshAds\&quot;:{\&quot;loading\&quot;:false,\&quot;loaded\&quot;:true,\&quot;data\&quot;:{\&quot;data\&quot;:[{\&quot;config\&quot;:{\&quot;pubId\&quot;:1004,\&quot;slots\&quot;:{\&quot;desktop\&quot;:[{\&quot;sizes\&quot;:[[728,90]],\&quot;slotID\&quot;:\&quot;WX_WindowShadeToday\&quot;,\&quot;slotName\&quot;:\&quot;/7646/web_weather_us/WX_WindowShadeToday\&quot;},{\&quot;sizes\&quot;:[[728,90],[970,250]],\&quot;slotID\&quot;:\&quot;WX_WindowShade\&quot;,\&quot;slotName\&quot;:\&quot;/7646/web_weather_us/WX_WindowShade\&quot;},{\&quot;sizes\&quot;:[[300,600],[300,250],[160,600]],\&quot;slotID\&quot;:\&quot;WX_Top300Variable\&quot;,\&quot;slotName\&quot;:\&quot;/7646/web_weather_us/WX_Top300Variable\&quot;},{\&quot;sizes\&quot;:[[300,600],[300,250],[160,600]],\&quot;slotID\&quot;:\&quot;WX_Top300Variable_Hourly\&quot;,\&quot;slotName\&quot;:\&quot;/7646/tablet_weather_us/WX_Top300Variable_Hourly\&quot;},{\&quot;sizes\&quot;:[[300,600],[300,250],[160,600]],\&quot;slotID\&quot;:\&quot;WX_Mid300Variable\&quot;,\&quot;slotName\&quot;:\&quot;/7646/web_weather_us/WX_Mid300Variable\&quot;},{\&quot;sizes\&quot;:[[300,250]],\&quot;slotID\&quot;:\&quot;WX_Mid300\&quot;,\&quot;slotName\&quot;:\&quot;/7646/web_weather_us/WX_Mid300\&quot;},{\&quot;sizes\&quot;:[[300,250]],\&quot;slotID\&quot;:\&quot;WX_Top300Small\&quot;,\&quot;slotName\&quot;:\&quot;/7646/web_weather_us/WX_Top300Small\&quot;},{\&quot;sizes\&quot;:[[728,90]],\&quot;slotID\&quot;:\&quot;WX_MidLeader\&quot;,\&quot;slotName\&quot;:\&quot;/7646/web_weather_us/WX_MidLeader\&quot;},{\&quot;sizes\&quot;:[[728,90]],\&quot;slotID\&quot;:\&quot;WX_BottomLeader\&quot;,\&quot;slotName\&quot;:\&quot;/7646/web_weather_us/WX_BottomLeader\&quot;},{\&quot;sizes\&quot;:[[728,90]],\&quot;slotID\&quot;:\&quot;WX_DriverUnit\&quot;,\&quot;slotName\&quot;:\&quot;/7646/web_weather_us/WX_DriverUnit\&quot;},{\&quot;sizes\&quot;:[[300,250]],\&quot;slotID\&quot;:\&quot;WX_PaidSearch\&quot;,\&quot;slotName\&quot;:\&quot;/7646/web_weather_us/WX_PaidSearch\&quot;},{\&quot;sizes\&quot;:[[300,250]],\&quot;slotID\&quot;:\&quot;WX_MidSticky\&quot;,\&quot;slotName\&quot;:\&quot;/7646/web_weather_us/WX_MidSticky\&quot;},{\&quot;sizes\&quot;:[[300,250]],\&quot;slotID\&quot;:\&quot;WX_Bot3x1\&quot;,\&quot;slotName\&quot;:\&quot;/7646/web_weather_us/WX_Bot3x1\&quot;},{\&quot;sizes\&quot;:[[300,250]],\&quot;slotID\&quot;:\&quot;WX_Bot300\&quot;,\&quot;slotName\&quot;:\&quot;/7646/web_weather_us/WX_Bot300\&quot;},{\&quot;sizes\&quot;:[[300,250]],\&quot;slotID\&quot;:\&quot;WX_Bot300AdX1\&quot;,\&quot;slotName\&quot;:\&quot;/7646/web_weather_us/WX_Bot300AdX1\&quot;},{\&quot;sizes\&quot;:[[300,250]],\&quot;slotID\&quot;:\&quot;WX_Bot300AdX2\&quot;,\&quot;slotName\&quot;:\&quot;/7646/web_weather_us/WX_Bot300AdX2\&quot;},{\&quot;sizes\&quot;:[[300,250]],\&quot;slotID\&quot;:\&quot;WX_Bot300AdX3\&quot;,\&quot;slotName\&quot;:\&quot;/7646/web_weather_us/WX_Bot300AdX3\&quot;},{\&quot;sizes\&quot;:[[300,250]],\&quot;slotID\&quot;:\&quot;WX_Bot300AdX4\&quot;,\&quot;slotName\&quot;:\&quot;/7646/web_weather_us/WX_Bot300AdX4\&quot;},{\&quot;sizes\&quot;:[[300,250]],\&quot;slotID\&quot;:\&quot;WX_Bot300AdX5\&quot;,\&quot;slotName\&quot;:\&quot;/7646/web_weather_us/WX_Bot300AdX5\&quot;},{\&quot;sizes\&quot;:[[300,250]],\&quot;slotID\&quot;:\&quot;WX_Bot300AdX6\&quot;,\&quot;slotName\&quot;:\&quot;/7646/web_weather_us/WX_Bot300AdX6\&quot;}],\&quot;mobile\&quot;:[{\&quot;sizes\&quot;:[[320,50]],\&quot;slotID\&quot;:\&quot;MW_Position1\&quot;,\&quot;slotName\&quot;:\&quot;/7646/mobile_smart_us/MW_Position1\&quot;},{\&quot;sizes\&quot;:[[320,50]],\&quot;slotID\&quot;:\&quot;MW_Position1_Samsung\&quot;,\&quot;slotName\&quot;:\&quot;/7646/mobile_smart_us/MW_Position1_Samsung\&quot;},{\&quot;sizes\&quot;:[[300,250]],\&quot;slotID\&quot;:\&quot;MW_Position2\&quot;,\&quot;slotName\&quot;:\&quot;/7646/mobile_smart_us/MW_Position2\&quot;},{\&quot;sizes\&quot;:[[300,250]],\&quot;slotID\&quot;:\&quot;MW_Position3\&quot;,\&quot;slotName\&quot;:\&quot;/7646/mobile_smart_us/MW_Position3\&quot;},{\&quot;sizes\&quot;:[[300,250],[300,600],[160,600]],\&quot;slotID\&quot;:\&quot;MW_Position3_Hourly\&quot;,\&quot;slotName\&quot;:\&quot;/7646/mobile_smart_us/MW_Position3_Hourly\&quot;},{\&quot;sizes\&quot;:[[300,250],[300,600],[160,600]],\&quot;slotID\&quot;:\&quot;MW_Position4\&quot;,\&quot;slotName\&quot;:\&quot;/7646/mobile_smart_us/MW_Position4\&quot;},{\&quot;sizes\&quot;:[[300,250]],\&quot;slotID\&quot;:\&quot;MW_Position5\&quot;,\&quot;slotName\&quot;:\&quot;/7646/mobile_smart_us/MW_Position5\&quot;}],\&quot;tablet\&quot;:[{\&quot;sizes\&quot;:[[728,90]],\&quot;slotID\&quot;:\&quot;WX_Leaderboard\&quot;,\&quot;slotName\&quot;:\&quot;/7646/tablet_weather_us/WX_Leaderboard\&quot;},{\&quot;sizes\&quot;:[[300,600],[300,250],[160,600]],\&quot;slotID\&quot;:\&quot;WX_Top300Variable\&quot;,\&quot;slotName\&quot;:\&quot;/7646/tablet_weather_us/WX_Top300Variable\&quot;},{\&quot;sizes\&quot;:[[300,600],[300,250],[160,600]],\&quot;slotID\&quot;:\&quot;WX_Top300Variable_Hourly\&quot;,\&quot;slotName\&quot;:\&quot;/7646/tablet_weather_us/WX_Top300Variable_Hourly\&quot;},{\&quot;sizes\&quot;:[[300,600],[300,250],[160,600]],\&quot;slotID\&quot;:\&quot;WX_Mid300Variable\&quot;,\&quot;slotName\&quot;:\&quot;/7646/web_weather_us/WX_Mid300Variable\&quot;},{\&quot;sizes\&quot;:[[300,250]],\&quot;slotID\&quot;:\&quot;WX_Mid300\&quot;,\&quot;slotName\&quot;:\&quot;/7646/tablet_weather_us/WX_Mid300\&quot;},{\&quot;sizes\&quot;:[[300,250]],\&quot;slotID\&quot;:\&quot;WX_Top300Small\&quot;,\&quot;slotName\&quot;:\&quot;/7646/tablet_weather_us/WX_Top300Small\&quot;},{\&quot;sizes\&quot;:[[728,90]],\&quot;slotID\&quot;:\&quot;WX_MidLeader\&quot;,\&quot;slotName\&quot;:\&quot;/7646/tablet_weather_us/WX_MidLeader\&quot;},{\&quot;sizes\&quot;:[[728,90]],\&quot;slotID\&quot;:\&quot;WX_BottomLeader\&quot;,\&quot;slotName\&quot;:\&quot;/7646/tablet_weather_us/WX_BottomLeader\&quot;},{\&quot;sizes\&quot;:[[320,50]],\&quot;slotID\&quot;:\&quot;WX_DriverUnitTablet\&quot;,\&quot;slotName\&quot;:\&quot;/7646/tablet_weather_us/WX_DriverUnitTablet\&quot;},{\&quot;sizes\&quot;:[[300,250]],\&quot;slotID\&quot;:\&quot;WX_Bot300\&quot;,\&quot;slotName\&quot;:\&quot;/7646/tablet_weather_us/WX_Bot300\&quot;},{\&quot;sizes\&quot;:[[300,250]],\&quot;slotID\&quot;:\&quot;WX_PaidSearch\&quot;,\&quot;slotName\&quot;:\&quot;/7646/tablet_weather_us/WX_PaidSearch\&quot;},{\&quot;sizes\&quot;:[[300,250]],\&quot;slotID\&quot;:\&quot;WX_MidSticky\&quot;,\&quot;slotName\&quot;:\&quot;/7646/tablet_weather_us/WX_MidSticky\&quot;},{\&quot;sizes\&quot;:[[300,250]],\&quot;slotID\&quot;:\&quot;WX_Bot3x1\&quot;,\&quot;slotName\&quot;:\&quot;/7646/tablet_weather_us/WX_Bot3x1\&quot;}]},\&quot;timeout\&quot;:1000},\&quot;config_type\&quot;:\&quot;amznHdBid\&quot;,\&quot;name\&quot;:\&quot;Amazon Header Bidders - en-US, GLS\&quot;,\&quot;token\&quot;:\&quot;amznHdBid_enUSGLS\&quot;},{\&quot;config\&quot;:{\&quot;lineItemRanges\&quot;:\&quot;0..10:0.05;10..20:0.10;20..100:0.50\&quot;,\&quot;placements\&quot;:{\&quot;desktop\&quot;:[{\&quot;slotid\&quot;:\&quot;WX_Top300Variable\&quot;,\&quot;zoneid\&quot;:761229},{\&quot;slotid\&quot;:\&quot;WX_Top300Variable_Hourly\&quot;,\&quot;zoneid\&quot;:761229},{\&quot;slotid\&quot;:\&quot;WX_WindowShade\&quot;,\&quot;zoneid\&quot;:761231},{\&quot;slotid\&quot;:\&quot;WX_MidLeader\&quot;,\&quot;zoneid\&quot;:761234},{\&quot;slotid\&quot;:\&quot;WX_BottomLeader\&quot;,\&quot;zoneid\&quot;:761234},{\&quot;slotid\&quot;:\&quot;WX_DriverUnit\&quot;,\&quot;zoneid\&quot;:761234},{\&quot;slotid\&quot;:\&quot;WX_PaidSearch\&quot;,\&quot;zoneid\&quot;:761235},{\&quot;slotid\&quot;:\&quot;WX_Mid300\&quot;,\&quot;zoneid\&quot;:761235},{\&quot;slotid\&quot;:\&quot;WX_Bot300\&quot;,\&quot;zoneid\&quot;:761235},{\&quot;slotid\&quot;:\&quot;WX_Mid300Variable\&quot;,\&quot;zoneid\&quot;:761229},{\&quot;slotid\&quot;:\&quot;WX_Bot300AdX1\&quot;,\&quot;zoneid\&quot;:1507710},{\&quot;slotid\&quot;:\&quot;WX_Bot300AdX2\&quot;,\&quot;zoneid\&quot;:1507710},{\&quot;slotid\&quot;:\&quot;WX_Bot300AdX3\&quot;,\&quot;zoneid\&quot;:1507710},{\&quot;slotid\&quot;:\&quot;WX_Top300Small\&quot;,\&quot;zoneid\&quot;:761235}],\&quot;mobile\&quot;:[{\&quot;slotid\&quot;:\&quot;MW_Position2\&quot;,\&quot;zoneid\&quot;:761262},{\&quot;slotid\&quot;:\&quot;MW_Position3\&quot;,\&quot;zoneid\&quot;:761262},{\&quot;slotid\&quot;:\&quot;MW_Position4\&quot;,\&quot;zoneid\&quot;:761262},{\&quot;slotid\&quot;:\&quot;MW_Position5\&quot;,\&quot;zoneid\&quot;:761262},{\&quot;slotid\&quot;:\&quot;MW_Position1\&quot;,\&quot;zoneid\&quot;:1554128},{\&quot;slotid\&quot;:\&quot;MW_Position1_Samsung\&quot;,\&quot;zoneid\&quot;:1554128},{\&quot;slotid\&quot;:\&quot;MW_Position3_Hourly\&quot;,\&quot;zoneid\&quot;:761262}],\&quot;tablet\&quot;:[{\&quot;slotid\&quot;:\&quot;WX_Top300Variable\&quot;,\&quot;zoneid\&quot;:761229},{\&quot;slotid\&quot;:\&quot;WX_Top300Variable_Hourly\&quot;,\&quot;zoneid\&quot;:761229},{\&quot;slotid\&quot;:\&quot;WX_Leaderboard\&quot;,\&quot;zoneid\&quot;:835755},{\&quot;slotid\&quot;:\&quot;WX_MidLeader\&quot;,\&quot;zoneid\&quot;:761234},{\&quot;slotid\&quot;:\&quot;WX_BottomLeader\&quot;,\&quot;zoneid\&quot;:761234},{\&quot;slotid\&quot;:\&quot;WX_BottomLeaderTablet\&quot;,\&quot;zoneid\&quot;:761234},{\&quot;slotid\&quot;:\&quot;WX_DriverUnit\&quot;,\&quot;zoneid\&quot;:761234},{\&quot;slotid\&quot;:\&quot;WX_PaidSearch\&quot;,\&quot;zoneid\&quot;:761235},{\&quot;slotid\&quot;:\&quot;WX_Mid300\&quot;,\&quot;zoneid\&quot;:761235},{\&quot;slotid\&quot;:\&quot;WX_Bot300\&quot;,\&quot;zoneid\&quot;:761235},{\&quot;slotid\&quot;:\&quot;WX_Mid300Variable\&quot;,\&quot;zoneid\&quot;:761229},{\&quot;slotid\&quot;:\&quot;WX_Bot300AdX1\&quot;,\&quot;zoneid\&quot;:1507710},{\&quot;slotid\&quot;:\&quot;WX_Bot300AdX2\&quot;,\&quot;zoneid\&quot;:1507710},{\&quot;slotid\&quot;:\&quot;WX_Bot300AdX3\&quot;,\&quot;zoneid\&quot;:1507710},{\&quot;slotid\&quot;:\&quot;WX_Top300Small\&quot;,\&quot;zoneid\&quot;:761235}]},\&quot;timeout\&quot;:1000},\&quot;config_type\&quot;:\&quot;criteoSlot\&quot;,\&quot;name\&quot;:\&quot;Criteo Slot - en-US, GLS\&quot;,\&quot;token\&quot;:\&quot;criteoSlot_enUSGLS\&quot;},{\&quot;config\&quot;:{\&quot;atf\&quot;:{\&quot;all\&quot;:{\&quot;radar\&quot;:{\&quot;inViewOnly\&quot;:false,\&quot;positions\&quot;:[\&quot;WX_Top300Variable\&quot;],\&quot;userActionDelay\&quot;:6},\&quot;tenday\&quot;:{\&quot;inViewOnly\&quot;:false,\&quot;positions\&quot;:[\&quot;WX_WindowShade\&quot;,\&quot;WX_Top300Variable\&quot;,\&quot;WX_Top300Variable_Hourly\&quot;],\&quot;userActionDelay\&quot;:31}},\&quot;inViewOnly\&quot;:false,\&quot;positions\&quot;:[],\&quot;userActionDelay\&quot;:31},\&quot;btf\&quot;:{\&quot;all\&quot;:{\&quot;tenday\&quot;:{\&quot;inViewOnly\&quot;:false,\&quot;positions\&quot;:[\&quot;WX_Mid300\&quot;,\&quot;WX_Mid300Variable\&quot;,\&quot;WX_Bot300AdX1\&quot;,\&quot;WX_Bot300AdX2\&quot;,\&quot;WX_Bot300AdX3\&quot;,\&quot;WX_DriverUnit\&quot;,\&quot;WX_BottomLeader\&quot;,\&quot;WX_BottomLeaderTablet\&quot;,\&quot;WX_MidLeader\&quot;,\&quot;WX_Bot300\&quot;],\&quot;userActionDelay\&quot;:15}},\&quot;inViewOnly\&quot;:false,\&quot;positions\&quot;:[],\&quot;userActionDelay\&quot;:15},\&quot;refreshBidders\&quot;:[\&quot;amznHdBid\&quot;,\&quot;rubicon\&quot;]},\&quot;config_type\&quot;:\&quot;userActionAdRefresh\&quot;,\&quot;name\&quot;:\&quot;Desktop User Action Ad Refresh\&quot;,\&quot;token\&quot;:\&quot;desktopUserActionAdRefresh\&quot;},{\&quot;config\&quot;:{\&quot;atf\&quot;:{\&quot;all\&quot;:{\&quot;home\&quot;:{\&quot;positions\&quot;:[\&quot;WX_WindowShade\&quot;,\&quot;WX_Leaderboard\&quot;,\&quot;WX_Top300Variable\&quot;]},\&quot;hourly\&quot;:{\&quot;positions\&quot;:[\&quot;WX_WindowShade\&quot;,\&quot;WX_Leaderboard\&quot;,\&quot;WX_Top300Variable\&quot;,\&quot;WX_Top300Variable_Hourly\&quot;]},\&quot;tenday\&quot;:{\&quot;positions\&quot;:[\&quot;WX_WindowShade\&quot;,\&quot;WX_Leaderboard\&quot;,\&quot;WX_Top300Variable\&quot;,\&quot;WX_Top300Variable_Hourly\&quot;]},\&quot;today\&quot;:{\&quot;positions\&quot;:[\&quot;WX_WindowShade\&quot;,\&quot;WX_Leaderboard\&quot;,\&quot;WX_Top300Variable\&quot;,\&quot;WX_Top300Variable_Hourly\&quot;]}},\&quot;inViewOnly\&quot;:true,\&quot;interval\&quot;:0,\&quot;positions\&quot;:[\&quot;WX_WindowShade\&quot;,\&quot;WX_Leaderboard\&quot;,\&quot;WX_Top300Variable\&quot;,\&quot;WX_Top300Variable_Hourly\&quot;]},\&quot;btf\&quot;:{\&quot;all\&quot;:{\&quot;home\&quot;:{\&quot;positions\&quot;:[\&quot;WX_Mid300\&quot;,\&quot;WX_Bot300AdX1\&quot;,\&quot;WX_Bot300AdX2\&quot;,\&quot;WX_Bot300AdX3\&quot;,\&quot;WX_DriverUnit\&quot;,\&quot;WX_BottomLeader\&quot;,\&quot;WX_BottomLeaderTablet\&quot;,\&quot;WX_MidLeader\&quot;,\&quot;WX_Bot300\&quot;]},\&quot;hourly\&quot;:{\&quot;positions\&quot;:[\&quot;WX_Mid300\&quot;,\&quot;WX_Mid300Variable\&quot;,\&quot;WX_Bot300AdX1\&quot;,\&quot;WX_Bot300AdX2\&quot;,\&quot;WX_Bot300AdX3\&quot;,\&quot;WX_DriverUnit\&quot;,\&quot;WX_BottomLeader\&quot;,\&quot;WX_BottomLeaderTablet\&quot;,\&quot;WX_MidLeader\&quot;,\&quot;WX_Bot300\&quot;]},\&quot;tenday\&quot;:{\&quot;positions\&quot;:[\&quot;WX_Mid300\&quot;,\&quot;WX_Bot300AdX1\&quot;,\&quot;WX_Bot300AdX2\&quot;,\&quot;WX_Bot300AdX3\&quot;,\&quot;WX_DriverUnit\&quot;,\&quot;WX_BottomLeader\&quot;,\&quot;WX_BottomLeaderTablet\&quot;,\&quot;WX_MidLeader\&quot;,\&quot;WX_Bot300\&quot;]},\&quot;today\&quot;:{\&quot;positions\&quot;:[\&quot;WX_Mid300\&quot;,\&quot;WX_Bot300AdX1\&quot;,\&quot;WX_Bot300AdX2\&quot;,\&quot;WX_Bot300AdX3\&quot;,\&quot;WX_DriverUnit\&quot;,\&quot;WX_BottomLeader\&quot;,\&quot;WX_BottomLeaderTablet\&quot;,\&quot;WX_MidLeader\&quot;,\&quot;WX_Bot300\&quot;]}},\&quot;inViewOnly\&quot;:true,\&quot;interval\&quot;:0,\&quot;positions\&quot;:[\&quot;WX_Mid300\&quot;,\&quot;WX_Bot300AdX1\&quot;,\&quot;WX_Bot300AdX2\&quot;,\&quot;WX_Bot300AdX3\&quot;,\&quot;WX_DriverUnit\&quot;,\&quot;WX_BottomLeader\&quot;,\&quot;WX_BottomLeaderTablet\&quot;,\&quot;WX_MidLeader\&quot;,\&quot;WX_Bot300\&quot;,\&quot;WX_PaidSearch\&quot;]},\&quot;refreshBidders\&quot;:[\&quot;amznHdBid\&quot;,\&quot;rubicon\&quot;]},\&quot;config_type\&quot;:\&quot;refreshAds\&quot;,\&quot;name\&quot;:\&quot;Refresh Ads\&quot;,\&quot;token\&quot;:\&quot;refreshAds\&quot;},{\&quot;config\&quot;:{\&quot;acctId\&quot;:\&quot;5E2FB6\&quot;,\&quot;timeout\&quot;:1000},\&quot;config_type\&quot;:\&quot;wfxtg\&quot;,\&quot;name\&quot;:\&quot;Weather FX Triggers - All\&quot;,\&quot;token\&quot;:\&quot;wfxtg_all\&quot;},{\&quot;config\&quot;:{\&quot;defaultTimeoutOverride\&quot;:1000,\&quot;en-US\&quot;:{\&quot;home,today,video\&quot;:{\&quot;timeoutOverride\&quot;:1000}},\&quot;filename\&quot;:\&quot;10738_TWC.js\&quot;,\&quot;testFilename\&quot;:\&quot;10738_TWC_test.js\&quot;},\&quot;config_type\&quot;:\&quot;rubicon\&quot;,\&quot;name\&quot;:\&quot;Rubicon - en-US\&quot;,\&quot;token\&quot;:\&quot;rubicon_enUS\&quot;},{\&quot;config\&quot;:null,\&quot;config_type\&quot;:\&quot;moatYieldIntelligence\&quot;,\&quot;name\&quot;:\&quot;Moat Yield Intelligence - All\&quot;,\&quot;token\&quot;:\&quot;moatYieldIntelligence_all\&quot;},{\&quot;config\&quot;:null,\&quot;config_type\&quot;:\&quot;confiant\&quot;,\&quot;name\&quot;:\&quot;Confiant - All\&quot;,\&quot;token\&quot;:\&quot;confiant_all\&quot;},{\&quot;config\&quot;:null,\&quot;config_type\&quot;:\&quot;premiumAdDataLake\&quot;,\&quot;name\&quot;:\&quot;Premium Ad Data Lake - All\&quot;,\&quot;token\&quot;:\&quot;premiumAdDataLake_all\&quot;},{\&quot;config\&quot;:null,\&quot;config_type\&quot;:\&quot;miscCustParams\&quot;,\&quot;name\&quot;:\&quot;Misc Targeting - All\&quot;,\&quot;token\&quot;:\&quot;miscCustParams_all\&quot;},{\&quot;config\&quot;:null,\&quot;config_type\&quot;:\&quot;wxAdTargeting\&quot;,\&quot;name\&quot;:\&quot;WxAdTargeting - All\&quot;,\&quot;token\&quot;:\&quot;wxAdTargeting_all\&quot;},{\&quot;config\&quot;:null,\&quot;config_type\&quot;:\&quot;sourcePoint\&quot;,\&quot;name\&quot;:\&quot;SourcePoint - en-US\&quot;,\&quot;token\&quot;:\&quot;sourcePoint_enUS\&quot;},{\&quot;config\&quot;:{\&quot;clientId\&quot;:\&quot;2215\&quot;,\&quot;tagsScriptId\&quot;:\&quot;LOTCC_1884\&quot;,\&quot;tagsSrcId\&quot;:\&quot;1884\&quot;},\&quot;config_type\&quot;:\&quot;lotame\&quot;,\&quot;name\&quot;:\&quot;Lotame - en-US, en-CA, GLS\&quot;,\&quot;token\&quot;:\&quot;lotame_enUSenCAGLS\&quot;},{\&quot;config\&quot;:{\&quot;pubId\&quot;:\&quot;8584\&quot;},\&quot;config_type\&quot;:\&quot;iasPetSlot\&quot;,\&quot;name\&quot;:\&quot;IAS Pet Slot - en-US and GLS\&quot;,\&quot;token\&quot;:\&quot;iasPetSlot_enUSGLS\&quot;}]},\&quot;status\&quot;:200,\&quot;statusText\&quot;:\&quot;OK\&quot;}},\&quot;getContentMediaUrlConfig\&quot;:{\&quot;assetId:b5b00612-dcab-47fe-aa37-7edcc198c3eb;language:en-US\&quot;:{\&quot;loading\&quot;:false,\&quot;loaded\&quot;:true,\&quot;data\&quot;:[{\&quot;headline\&quot;:\&quot;Divers Discover 1,200-Year-Old Canoe in Wisconsin Lake\&quot;,\&quot;url\&quot;:\&quot;/news/trending/video/divers-discover-1200-year-old-canoe-in-wisconsin-lake\&quot;,\&quot;caption\&quot;:\&quot;Archaeologists say a piece of wood found in a Wisconsin lake is actually a canoe dating back more than 1,000 years. Take a look at the incredible find.\&quot;,\&quot;teaserTitle\&quot;:\&quot;Divers Make Remarkable Discovery in Wisconsin Lake\&quot;,\&quot;src\&quot;:\&quot;https://s.w-x.co/OldCanoe.jpg\&quot;,\&quot;srcSet\&quot;:[{\&quot;src\&quot;:\&quot;https://s.w-x.co/util/image/w/OldCanoe.jpg?v=at&amp;w=160&amp;h=90\&quot;,\&quot;variant\&quot;:\&quot;160w\&quot;},{\&quot;src\&quot;:\&quot;https://s.w-x.co/util/image/w/OldCanoe.jpg?v=at&amp;w=320&amp;h=180\&quot;,\&quot;variant\&quot;:\&quot;320w\&quot;},{\&quot;src\&quot;:\&quot;https://s.w-x.co/util/image/w/OldCanoe.jpg?v=at&amp;w=815&amp;h=458\&quot;,\&quot;variant\&quot;:\&quot;815w\&quot;},{\&quot;src\&quot;:\&quot;https://s.w-x.co/util/image/w/OldCanoe.jpg?v=at&amp;w=1280&amp;h=720\&quot;,\&quot;variant\&quot;:\&quot;1024w\&quot;}],\&quot;lqip\&quot;:\&quot;https://s.w-x.co/util/image/w/OldCanoe.jpg?v=at&amp;w=73&amp;h=49\&quot;,\&quot;provider\&quot;:{\&quot;name\&quot;:\&quot;TWC\&quot;},\&quot;publishdate\&quot;:\&quot;2021-11-08T11:35:13.000-05:00\&quot;,\&quot;icon\&quot;:\&quot;photo\&quot;,\&quot;category\&quot;:{\&quot;link\&quot;:\&quot;\&quot;,\&quot;title\&quot;:\&quot;\&quot;},\&quot;webVideoData\&quot;:{\&quot;web\&quot;:\&quot;https://v.w-x.co/digital_video/The_Weather_Channel_-_Reach_Engine/5a16209d-86a3-4530-94a7-703242f6e628/ARCHAEOLOGISTS_DISCOVER_mezz_Playlist.m3u8\&quot;,\&quot;mweb\&quot;:\&quot;https://v.w-x.co/digital_video/The_Weather_Channel_-_Reach_Engine/5a16209d-86a3-4530-94a7-703242f6e628/ARCHAEOLOGISTS_DISCOVER_mezz_Playlist.m3u8\&quot;}},{\&quot;headline\&quot;:\&quot;What\u2019s Causing Strange Series of Quakes in South Carolina?\&quot;,\&quot;url\&quot;:\&quot;/science/environment/video/whats-causing-strange-series-of-quakes-in-south-carolina\&quot;,\&quot;caption\&quot;:\&quot;South Carolina has been shaken by a strange series of earthquakes. And that cause may be a manmade lake. Here\u2019s why.\&quot;,\&quot;teaserTitle\&quot;:\&quot;Lake Causing Quakes in South Carolina?\&quot;,\&quot;src\&quot;:\&quot;https://v.w-x.co/1636414121904_1108_v2EarthQuakes_lake_scproxy.jpg\&quot;,\&quot;srcSet\&quot;:[{\&quot;src\&quot;:\&quot;https://s.w-x.co/util/image/v/1636414121904_1108_v2EarthQuakes_lake_scproxy.jpg?v=at&amp;w=160&amp;h=90\&quot;,\&quot;variant\&quot;:\&quot;160w\&quot;},{\&quot;src\&quot;:\&quot;https://s.w-x.co/util/image/v/1636414121904_1108_v2EarthQuakes_lake_scproxy.jpg?v=at&amp;w=320&amp;h=180\&quot;,\&quot;variant\&quot;:\&quot;320w\&quot;},{\&quot;src\&quot;:\&quot;https://s.w-x.co/util/image/v/1636414121904_1108_v2EarthQuakes_lake_scproxy.jpg?v=at&amp;w=815&amp;h=458\&quot;,\&quot;variant\&quot;:\&quot;815w\&quot;},{\&quot;src\&quot;:\&quot;https://s.w-x.co/util/image/v/1636414121904_1108_v2EarthQuakes_lake_scproxy.jpg?v=at&amp;w=1280&amp;h=720\&quot;,\&quot;variant\&quot;:\&quot;1024w\&quot;}],\&quot;lqip\&quot;:\&quot;https://s.w-x.co/util/image/v/1636414121904_1108_v2EarthQuakes_lake_scproxy.jpg?v=at&amp;w=73&amp;h=49\&quot;,\&quot;provider\&quot;:{\&quot;name\&quot;:\&quot;TWC\&quot;},\&quot;publishdate\&quot;:\&quot;2021-11-08T18:28:52.000-05:00\&quot;,\&quot;icon\&quot;:\&quot;photo\&quot;,\&quot;category\&quot;:{\&quot;link\&quot;:\&quot;\&quot;,\&quot;title\&quot;:\&quot;\&quot;},\&quot;webVideoData\&quot;:{\&quot;web\&quot;:\&quot;https://v.w-x.co/digital_video/The_Weather_Channel_-_Reach_Engine/a28f5f32-1034-4a45-8718-100d7b897b48/1108_v2EarthQuakes_lake_scmezz_Playlist.m3u8\&quot;,\&quot;mweb\&quot;:\&quot;https://v.w-x.co/digital_video/The_Weather_Channel_-_Reach_Engine/a28f5f32-1034-4a45-8718-100d7b897b48/1108_v2EarthQuakes_lake_scmezz_Playlist.m3u8\&quot;}},{\&quot;headline\&quot;:\&quot;Recycling Bin from Myrtle Beach Ends up in Ireland\&quot;,\&quot;url\&quot;:\&quot;/news/trending/video/recycling-bin-from-myrtle-beach-ends-up-in-ireland\&quot;,\&quot;caption\&quot;:\&quot;A recycling bin from Myrtle Beach, South Carolina, is spotted on a beach in Ireland.\&quot;,\&quot;teaserTitle\&quot;:\&quot;Trash Can Travels 3,500 Miles Across Ocean\&quot;,\&quot;src\&quot;:\&quot;https://s.w-x.co/ireland118.jpg\&quot;,\&quot;srcSet\&quot;:[{\&quot;src\&quot;:\&quot;https://s.w-x.co/util/image/w/ireland118.jpg?v=at&amp;w=160&amp;h=90\&quot;,\&quot;variant\&quot;:\&quot;160w\&quot;},{\&quot;src\&quot;:\&quot;https://s.w-x.co/util/image/w/ireland118.jpg?v=at&amp;w=320&amp;h=180\&quot;,\&quot;variant\&quot;:\&quot;320w\&quot;},{\&quot;src\&quot;:\&quot;https://s.w-x.co/util/image/w/ireland118.jpg?v=at&amp;w=815&amp;h=458\&quot;,\&quot;variant\&quot;:\&quot;815w\&quot;},{\&quot;src\&quot;:\&quot;https://s.w-x.co/util/image/w/ireland118.jpg?v=at&amp;w=1280&amp;h=720\&quot;,\&quot;variant\&quot;:\&quot;1024w\&quot;}],\&quot;lqip\&quot;:\&quot;https://s.w-x.co/util/image/w/ireland118.jpg?v=at&amp;w=73&amp;h=49\&quot;,\&quot;provider\&quot;:{\&quot;name\&quot;:\&quot;TWC\&quot;},\&quot;publishdate\&quot;:\&quot;2021-11-08T18:01:33.000-05:00\&quot;,\&quot;icon\&quot;:\&quot;photo\&quot;,\&quot;category\&quot;:{\&quot;link\&quot;:\&quot;\&quot;,\&quot;title\&quot;:\&quot;\&quot;},\&quot;webVideoData\&quot;:{\&quot;web\&quot;:\&quot;https://v.w-x.co/digital_video/The_Weather_Channel_-_Reach_Engine/39f192cf-a8b9-422a-a199-908032cae4db/RECYCLING_BIN_FROM_MYRTLE_BEACH_WINDS_UP_IN_IRELANDmezz_Playlist.m3u8\&quot;,\&quot;mweb\&quot;:\&quot;https://v.w-x.co/digital_video/The_Weather_Channel_-_Reach_Engine/39f192cf-a8b9-422a-a199-908032cae4db/RECYCLING_BIN_FROM_MYRTLE_BEACH_WINDS_UP_IN_IRELANDmezz_Playlist.m3u8\&quot;}},{\&quot;headline\&quot;:\&quot;Snow Blankets Washington\u2019s Mountain Passes\&quot;,\&quot;url\&quot;:\&quot;/news/weather/video/snow-blankets-washingtons-mountain-passes\&quot;,\&quot;caption\&quot;:\&quot;A big snowfall hits Washington\u2019s Cascades, causing a snowy mess and wrecks in mountain passes. Take a look.\&quot;,\&quot;teaserTitle\&quot;:\&quot;Big Snow Creates Big Mess in Cascades\&quot;,\&quot;src\&quot;:\&quot;https://s.w-x.co/CascadesWrecks.jpg\&quot;,\&quot;srcSet\&quot;:[{\&quot;src\&quot;:\&quot;https://s.w-x.co/util/image/w/CascadesWrecks.jpg?v=at&amp;w=160&amp;h=90\&quot;,\&quot;variant\&quot;:\&quot;160w\&quot;},{\&quot;src\&quot;:\&quot;https://s.w-x.co/util/image/w/CascadesWrecks.jpg?v=at&amp;w=320&amp;h=180\&quot;,\&quot;variant\&quot;:\&quot;320w\&quot;},{\&quot;src\&quot;:\&quot;https://s.w-x.co/util/image/w/CascadesWrecks.jpg?v=at&amp;w=815&amp;h=458\&quot;,\&quot;variant\&quot;:\&quot;815w\&quot;},{\&quot;src\&quot;:\&quot;https://s.w-x.co/util/image/w/CascadesWrecks.jpg?v=at&amp;w=1280&amp;h=720\&quot;,\&quot;variant\&quot;:\&quot;1024w\&quot;}],\&quot;lqip\&quot;:\&quot;https://s.w-x.co/util/image/w/CascadesWrecks.jpg?v=at&amp;w=73&amp;h=49\&quot;,\&quot;provider\&quot;:{\&quot;name\&quot;:\&quot;TWC\&quot;},\&quot;publishdate\&quot;:\&quot;2021-11-08T14:51:53.000-05:00\&quot;,\&quot;icon\&quot;:\&quot;photo\&quot;,\&quot;category\&quot;:{\&quot;link\&quot;:\&quot;\&quot;,\&quot;title\&quot;:\&quot;\&quot;},\&quot;webVideoData\&quot;:{\&quot;web\&quot;:\&quot;https://v.w-x.co/digital_video/The_Weather_Channel_-_Reach_Engine/bdb7dbda-3edc-45ff-a570-da33abb65989/SNOWY_MESS_1_mezz_Playlist.m3u8\&quot;,\&quot;mweb\&quot;:\&quot;https://v.w-x.co/digital_video/The_Weather_Channel_-_Reach_Engine/bdb7dbda-3edc-45ff-a570-da33abb65989/SNOWY_MESS_1_mezz_Playlist.m3u8\&quot;}},{\&quot;headline\&quot;:\&quot;Salmon Swim Across Washington Highway\&quot;,\&quot;url\&quot;:\&quot;/news/trending/video/salmon-swim-across-washington-highway\&quot;,\&quot;caption\&quot;:\&quot;Heavy rains and an overflowing Skokomish River send salmon across a highway in Washington state.\&quot;,\&quot;teaserTitle\&quot;:\&quot;Flooding Lets Salmon Swim Across Highway\&quot;,\&quot;src\&quot;:\&quot;https://s.w-x.co/salmon_0.jpg\&quot;,\&quot;srcSet\&quot;:[{\&quot;src\&quot;:\&quot;https://s.w-x.co/util/image/w/salmon_0.jpg?v=at&amp;w=160&amp;h=90\&quot;,\&quot;variant\&quot;:\&quot;160w\&quot;},{\&quot;src\&quot;:\&quot;https://s.w-x.co/util/image/w/salmon_0.jpg?v=at&amp;w=320&amp;h=180\&quot;,\&quot;variant\&quot;:\&quot;320w\&quot;},{\&quot;src\&quot;:\&quot;https://s.w-x.co/util/image/w/salmon_0.jpg?v=at&amp;w=815&amp;h=458\&quot;,\&quot;variant\&quot;:\&quot;815w\&quot;},{\&quot;src\&quot;:\&quot;https://s.w-x.co/util/image/w/salmon_0.jpg?v=at&amp;w=1280&amp;h=720\&quot;,\&quot;variant\&quot;:\&quot;1024w\&quot;}],\&quot;lqip\&quot;:\&quot;https://s.w-x.co/util/image/w/salmon_0.jpg?v=at&amp;w=73&amp;h=49\&quot;,\&quot;provider\&quot;:{\&quot;name\&quot;:\&quot;TWC\&quot;},\&quot;publishdate\&quot;:\&quot;2021-11-07T14:38:11.000-05:00\&quot;,\&quot;icon\&quot;:\&quot;photo\&quot;,\&quot;category\&quot;:{\&quot;link\&quot;:\&quot;\&quot;,\&quot;title\&quot;:\&quot;\&quot;},\&quot;webVideoData\&quot;:{\&quot;web\&quot;:\&quot;https://v.w-x.co/digital_video/The_Weather_Channel_-_Reach_Engine/6d34cd91-1993-455b-89f3-f914a9d835bf/1107_FishCrossTheRoad_Text_WKDEdit_1mezz_Playlist.m3u8\&quot;,\&quot;mweb\&quot;:\&quot;https://v.w-x.co/digital_video/The_Weather_Channel_-_Reach_Engine/6d34cd91-1993-455b-89f3-f914a9d835bf/1107_FishCrossTheRoad_Text_WKDEdit_1mezz_Playlist.m3u8\&quot;}},{\&quot;headline\&quot;:\&quot;Large Waterspout Whirls Near Vancouver Airport\&quot;,\&quot;url\&quot;:\&quot;/news/weather/video/large-waterspout-whirls-near-vancouver-airport\&quot;,\&quot;caption\&quot;:\&quot;A large waterspout forms near the Vancouver International Airport and soon moves onto land. Take a look.\&quot;,\&quot;teaserTitle\&quot;:\&quot;Rare Waterspout Forms Off Coast of Vancouver\&quot;,\&quot;src\&quot;:\&quot;https://s.w-x.co/VancouverWaterspout.jpg\&quot;,\&quot;srcSet\&quot;:[{\&quot;src\&quot;:\&quot;https://s.w-x.co/util/image/w/VancouverWaterspout.jpg?v=at&amp;w=160&amp;h=90\&quot;,\&quot;variant\&quot;:\&quot;160w\&quot;},{\&quot;src\&quot;:\&quot;https://s.w-x.co/util/image/w/VancouverWaterspout.jpg?v=at&amp;w=320&amp;h=180\&quot;,\&quot;variant\&quot;:\&quot;320w\&quot;},{\&quot;src\&quot;:\&quot;https://s.w-x.co/util/image/w/VancouverWaterspout.jpg?v=at&amp;w=815&amp;h=458\&quot;,\&quot;variant\&quot;:\&quot;815w\&quot;},{\&quot;src\&quot;:\&quot;https://s.w-x.co/util/image/w/VancouverWaterspout.jpg?v=at&amp;w=1280&amp;h=720\&quot;,\&quot;variant\&quot;:\&quot;1024w\&quot;}],\&quot;lqip\&quot;:\&quot;https://s.w-x.co/util/image/w/VancouverWaterspout.jpg?v=at&amp;w=73&amp;h=49\&quot;,\&quot;provider\&quot;:{\&quot;name\&quot;:\&quot;TWC\&quot;},\&quot;publishdate\&quot;:\&quot;2021-11-08T10:29:23.000-05:00\&quot;,\&quot;icon\&quot;:\&quot;photo\&quot;,\&quot;category\&quot;:{\&quot;link\&quot;:\&quot;\&quot;,\&quot;title\&quot;:\&quot;\&quot;},\&quot;webVideoData\&quot;:{\&quot;web\&quot;:\&quot;https://v.w-x.co/digital_video/The_Weather_Channel_-_Reach_Engine/de9897cf-71ed-4866-ba86-5896d91f44d6/v3_Large_Waterspout_Whirls_Near_Vancouver_Airport_mezz_Playlist.m3u8\&quot;,\&quot;mweb\&quot;:\&quot;https://v.w-x.co/digital_video/The_Weather_Channel_-_Reach_Engine/de9897cf-71ed-4866-ba86-5896d91f44d6/v3_Large_Waterspout_Whirls_Near_Vancouver_Airport_mezz_Playlist.m3u8\&quot;}},{\&quot;headline\&quot;:\&quot;Countries Drastically Underreport Greenhouse Gas Emissions, Investigation Finds\&quot;,\&quot;url\&quot;:\&quot;/news/climate/video/countries-drastically-underreport-greenhouse-gas-emissions-investigation-finds\&quot;,\&quot;caption\&quot;:\&quot;Emissions data is the framework for limiting warming to 1.5 degrees Celsius. But a Washington Post investigation found a huge gap between reported emissions, and what\u2019s actually in the atmosphere.\&quot;,\&quot;teaserTitle\&quot;:\&quot;Underreporting of Greenhouse Gas Emissions Put Paris Agreement Goal in Jeopardy\&quot;,\&quot;src\&quot;:\&quot;https://s.w-x.co/EmissionsLIes.jpg\&quot;,\&quot;srcSet\&quot;:[{\&quot;src\&quot;:\&quot;https://s.w-x.co/util/image/w/EmissionsLIes.jpg?v=at&amp;w=160&amp;h=90\&quot;,\&quot;variant\&quot;:\&quot;160w\&quot;},{\&quot;src\&quot;:\&quot;https://s.w-x.co/util/image/w/EmissionsLIes.jpg?v=at&amp;w=320&amp;h=180\&quot;,\&quot;variant\&quot;:\&quot;320w\&quot;},{\&quot;src\&quot;:\&quot;https://s.w-x.co/util/image/w/EmissionsLIes.jpg?v=at&amp;w=815&amp;h=458\&quot;,\&quot;variant\&quot;:\&quot;815w\&quot;},{\&quot;src\&quot;:\&quot;https://s.w-x.co/util/image/w/EmissionsLIes.jpg?v=at&amp;w=1280&amp;h=720\&quot;,\&quot;variant\&quot;:\&quot;1024w\&quot;}],\&quot;lqip\&quot;:\&quot;https://s.w-x.co/util/image/w/EmissionsLIes.jpg?v=at&amp;w=73&amp;h=49\&quot;,\&quot;provider\&quot;:{\&quot;name\&quot;:\&quot;TWC\&quot;},\&quot;publishdate\&quot;:\&quot;2021-11-08T13:37:13.000-05:00\&quot;,\&quot;icon\&quot;:\&quot;photo\&quot;,\&quot;category\&quot;:{\&quot;link\&quot;:\&quot;\&quot;,\&quot;title\&quot;:\&quot;\&quot;},\&quot;webVideoData\&quot;:{\&quot;web\&quot;:\&quot;https://v.w-x.co/digital_video/The_Weather_Channel_-_Reach_Engine/b8f29438-a30c-4e14-b47e-4ae4bf7c066e/1108_ClimatePledgesBuiltOnFlawedData_STUDIOmezz_Playlist.m3u8\&quot;,\&quot;mweb\&quot;:\&quot;https://v.w-x.co/digital_video/The_Weather_Channel_-_Reach_Engine/b8f29438-a30c-4e14-b47e-4ae4bf7c066e/1108_ClimatePledgesBuiltOnFlawedData_STUDIOmezz_Playlist.m3u8\&quot;}},{\&quot;headline\&quot;:\&quot;India\u2019s Yamuna River Covered in Toxic Foam as Revelers Bathe in Its Polluted Waters\&quot;,\&quot;url\&quot;:\&quot;/science/environment/video/indias-yamuna-river-covered-in-toxic-foam-as-revelers-bathe-in-its\&quot;,\&quot;caption\&quot;:\&quot;The Yamuna River is considered holy, but toxic froth is making its waters hazardous as Hindus gather there for Chhath Puja, a four-day festival to offer prayers to the sun.\&quot;,\&quot;teaserTitle\&quot;:\&quot;Revelers Brave Toxic Foam as Hindu Festival Begins in Delhi\&quot;,\&quot;src\&quot;:\&quot;https://s.w-x.co/YamunaRiver.jpg\&quot;,\&quot;srcSet\&quot;:[{\&quot;src\&quot;:\&quot;https://s.w-x.co/util/image/w/YamunaRiver.jpg?v=at&amp;w=160&amp;h=90\&quot;,\&quot;variant\&quot;:\&quot;160w\&quot;},{\&quot;src\&quot;:\&quot;https://s.w-x.co/util/image/w/YamunaRiver.jpg?v=at&amp;w=320&amp;h=180\&quot;,\&quot;variant\&quot;:\&quot;320w\&quot;},{\&quot;src\&quot;:\&quot;https://s.w-x.co/util/image/w/YamunaRiver.jpg?v=at&amp;w=815&amp;h=458\&quot;,\&quot;variant\&quot;:\&quot;815w\&quot;},{\&quot;src\&quot;:\&quot;https://s.w-x.co/util/image/w/YamunaRiver.jpg?v=at&amp;w=1280&amp;h=720\&quot;,\&quot;variant\&quot;:\&quot;1024w\&quot;}],\&quot;lqip\&quot;:\&quot;https://s.w-x.co/util/image/w/YamunaRiver.jpg?v=at&amp;w=73&amp;h=49\&quot;,\&quot;provider\&quot;:{\&quot;name\&quot;:\&quot;TWC\&quot;},\&quot;publishdate\&quot;:\&quot;2021-11-08T08:00:42.000-05:00\&quot;,\&quot;icon\&quot;:\&quot;photo\&quot;,\&quot;category\&quot;:{\&quot;link\&quot;:\&quot;\&quot;,\&quot;title\&quot;:\&quot;\&quot;},\&quot;webVideoData\&quot;:{\&quot;web\&quot;:\&quot;https://v.w-x.co/digital_video/The_Weather_Channel_-_Reach_Engine/c80061b0-a232-4772-80d5-87b546d82696/1108_TOXIC_RIVER_FOAM_AMmezz_Playlist.m3u8\&quot;,\&quot;mweb\&quot;:\&quot;https://v.w-x.co/digital_video/The_Weather_Channel_-_Reach_Engine/c80061b0-a232-4772-80d5-87b546d82696/1108_TOXIC_RIVER_FOAM_AMmezz_Playlist.m3u8\&quot;}},{\&quot;headline\&quot;:\&quot;Falling Snow Pummels Woman\&quot;,\&quot;url\&quot;:\&quot;/news/trending/video/watch-woman-flee-falling-snow-in-northern-china\&quot;,\&quot;caption\&quot;:\&quot;A massive load of snow falls off a roof and onto a woman entering a residential building about 55 miles south of Beijing. Take a look at the incredible surveillance video.\&quot;,\&quot;teaserTitle\&quot;:\&quot;Falling Snow Sends Woman Running\&quot;,\&quot;src\&quot;:\&quot;https://s.w-x.co/SnowCrusher.jpg\&quot;,\&quot;srcSet\&quot;:[{\&quot;src\&quot;:\&quot;https://s.w-x.co/util/image/w/SnowCrusher.jpg?v=at&amp;w=160&amp;h=90\&quot;,\&quot;variant\&quot;:\&quot;160w\&quot;},{\&quot;src\&quot;:\&quot;https://s.w-x.co/util/image/w/SnowCrusher.jpg?v=at&amp;w=320&amp;h=180\&quot;,\&quot;variant\&quot;:\&quot;320w\&quot;},{\&quot;src\&quot;:\&quot;https://s.w-x.co/util/image/w/SnowCrusher.jpg?v=at&amp;w=815&amp;h=458\&quot;,\&quot;variant\&quot;:\&quot;815w\&quot;},{\&quot;src\&quot;:\&quot;https://s.w-x.co/util/image/w/SnowCrusher.jpg?v=at&amp;w=1280&amp;h=720\&quot;,\&quot;variant\&quot;:\&quot;1024w\&quot;}],\&quot;lqip\&quot;:\&quot;https://s.w-x.co/util/image/w/SnowCrusher.jpg?v=at&amp;w=73&amp;h=49\&quot;,\&quot;provider\&quot;:{\&quot;name\&quot;:\&quot;TWC\&quot;},\&quot;publishdate\&quot;:\&quot;2021-11-08T08:59:22.000-05:00\&quot;,\&quot;icon\&quot;:\&quot;photo\&quot;,\&quot;category\&quot;:{\&quot;link\&quot;:\&quot;\&quot;,\&quot;title\&quot;:\&quot;\&quot;},\&quot;webVideoData\&quot;:{\&quot;web\&quot;:\&quot;https://v.w-x.co/digital_video/The_Weather_Channel_-_Reach_Engine/16da4049-eeff-4c20-88d3-d7692543f0ac/FALLING_SNOW_mezz_Playlist.m3u8\&quot;,\&quot;mweb\&quot;:\&quot;https://v.w-x.co/digital_video/The_Weather_Channel_-_Reach_Engine/16da4049-eeff-4c20-88d3-d7692543f0ac/FALLING_SNOW_mezz_Playlist.m3u8\&quot;}},{\&quot;headline\&quot;:\&quot;Watch as Landslide Almost Buries Drivers\&quot;,\&quot;url\&quot;:\&quot;/news/weather/video/philippines-landslide-almost-buries-drivers\&quot;,\&quot;caption\&quot;:\&quot;Motorcyclists in the Philippines watch in terror as a landslide caused by heavy rains covers the part of the road they were on.\&quot;,\&quot;teaserTitle\&quot;:\&quot;Watch as Landslide Almost Buries Drivers\&quot;,\&quot;src\&quot;:\&quot;https://s.w-x.co/1105landslide.jpg\&quot;,\&quot;srcSet\&quot;:[{\&quot;src\&quot;:\&quot;https://s.w-x.co/util/image/w/1105landslide.jpg?v=at&amp;w=160&amp;h=90\&quot;,\&quot;variant\&quot;:\&quot;160w\&quot;},{\&quot;src\&quot;:\&quot;https://s.w-x.co/util/image/w/1105landslide.jpg?v=at&amp;w=320&amp;h=180\&quot;,\&quot;variant\&quot;:\&quot;320w\&quot;},{\&quot;src\&quot;:\&quot;https://s.w-x.co/util/image/w/1105landslide.jpg?v=at&amp;w=815&amp;h=458\&quot;,\&quot;variant\&quot;:\&quot;815w\&quot;},{\&quot;src\&quot;:\&quot;https://s.w-x.co/util/image/w/1105landslide.jpg?v=at&amp;w=1280&amp;h=720\&quot;,\&quot;variant\&quot;:\&quot;1024w\&quot;}],\&quot;lqip\&quot;:\&quot;https://s.w-x.co/util/image/w/1105landslide.jpg?v=at&amp;w=73&amp;h=49\&quot;,\&quot;provider\&quot;:{\&quot;name\&quot;:\&quot;TWC\&quot;},\&quot;publishdate\&quot;:\&quot;2021-11-05T13:27:23.000-04:00\&quot;,\&quot;icon\&quot;:\&quot;photo\&quot;,\&quot;category\&quot;:{\&quot;link\&quot;:\&quot;\&quot;,\&quot;title\&quot;:\&quot;\&quot;},\&quot;webVideoData\&quot;:{\&quot;web\&quot;:\&quot;https://v.w-x.co/digital_video/The_Weather_Channel_-_Reach_Engine/f05cbc9e-1356-4c1e-8447-76ef1491cdef/PHILIPPINES_LANDSLIDE_BLOCKS_ROAD_Playlist.m3u8\&quot;,\&quot;mweb\&quot;:\&quot;https://v.w-x.co/digital_video/The_Weather_Channel_-_Reach_Engine/f05cbc9e-1356-4c1e-8447-76ef1491cdef/PHILIPPINES_LANDSLIDE_BLOCKS_ROAD_Playlist.m3u8\&quot;}},{\&quot;headline\&quot;:\&quot;Bear Breaks into Home, Eats Chicken on Counter\&quot;,\&quot;url\&quot;:\&quot;/science/nature/video/bear-breaks-into-california-home-gorges-on-fried-chicken\&quot;,\&quot;caption\&quot;:\&quot;A man walks into his home in Southern California to find a bear helping himself to fried chicken. Take a look at the incredible video.\&quot;,\&quot;teaserTitle\&quot;:\&quot;Bear Breaks into Home, Eats Chicken on Counter\&quot;,\&quot;src\&quot;:\&quot;https://s.w-x.co/1105bearchicken.jpg\&quot;,\&quot;srcSet\&quot;:[{\&quot;src\&quot;:\&quot;https://s.w-x.co/util/image/w/1105bearchicken.jpg?v=at&amp;w=160&amp;h=90\&quot;,\&quot;variant\&quot;:\&quot;160w\&quot;},{\&quot;src\&quot;:\&quot;https://s.w-x.co/util/image/w/1105bearchicken.jpg?v=at&amp;w=320&amp;h=180\&quot;,\&quot;variant\&quot;:\&quot;320w\&quot;},{\&quot;src\&quot;:\&quot;https://s.w-x.co/util/image/w/1105bearchicken.jpg?v=at&amp;w=815&amp;h=458\&quot;,\&quot;variant\&quot;:\&quot;815w\&quot;},{\&quot;src\&quot;:\&quot;https://s.w-x.co/util/image/w/1105bearchicken.jpg?v=at&amp;w=1280&amp;h=720\&quot;,\&quot;variant\&quot;:\&quot;1024w\&quot;}],\&quot;lqip\&quot;:\&quot;https://s.w-x.co/util/image/w/1105bearchicken.jpg?v=at&amp;w=73&amp;h=49\&quot;,\&quot;provider\&quot;:{\&quot;name\&quot;:\&quot;TWC\&quot;},\&quot;publishdate\&quot;:\&quot;2021-11-05T10:30:03.000-04:00\&quot;,\&quot;icon\&quot;:\&quot;photo\&quot;,\&quot;category\&quot;:{\&quot;link\&quot;:\&quot;\&quot;,\&quot;title\&quot;:\&quot;\&quot;},\&quot;webVideoData\&quot;:{\&quot;web\&quot;:\&quot;https://v.w-x.co/digital_video/The_Weather_Channel_-_Reach_Engine/27a09f8b-469b-4acc-9653-534c3272144e/BEAR_ENTERS_CALIFORNIA_HOME_DEVOURS_BUCKET_OF_CHICKEN_Playlist.m3u8\&quot;,\&quot;mweb\&quot;:\&quot;https://v.w-x.co/digital_video/The_Weather_Channel_-_Reach_Engine/27a09f8b-469b-4acc-9653-534c3272144e/BEAR_ENTERS_CALIFORNIA_HOME_DEVOURS_BUCKET_OF_CHICKEN_Playlist.m3u8\&quot;}},{\&quot;headline\&quot;:\&quot;Why Millions Are Crawling Across Island\&quot;,\&quot;url\&quot;:\&quot;/science/nature/video/christmas-island-covered-in-crabs-heres-why\&quot;,\&quot;caption\&quot;:\&quot;The red crabs are migrating across Australia\u2019s Christmas Island, and it\u2019s an incredible scene. Take a look.\&quot;,\&quot;teaserTitle\&quot;:\&quot;Why Are Millions of Crabs Crawling Across This Island?\&quot;,\&quot;src\&quot;:\&quot;https://s.w-x.co/1104crabs_0.jpg\&quot;,\&quot;srcSet\&quot;:[{\&quot;src\&quot;:\&quot;https://s.w-x.co/util/image/w/1104crabs_0.jpg?v=at&amp;w=160&amp;h=90\&quot;,\&quot;variant\&quot;:\&quot;160w\&quot;},{\&quot;src\&quot;:\&quot;https://s.w-x.co/util/image/w/1104crabs_0.jpg?v=at&amp;w=320&amp;h=180\&quot;,\&quot;variant\&quot;:\&quot;320w\&quot;},{\&quot;src\&quot;:\&quot;https://s.w-x.co/util/image/w/1104crabs_0.jpg?v=at&amp;w=815&amp;h=458\&quot;,\&quot;variant\&quot;:\&quot;815w\&quot;},{\&quot;src\&quot;:\&quot;https://s.w-x.co/util/image/w/1104crabs_0.jpg?v=at&amp;w=1280&amp;h=720\&quot;,\&quot;variant\&quot;:\&quot;1024w\&quot;}],\&quot;lqip\&quot;:\&quot;https://s.w-x.co/util/image/w/1104crabs_0.jpg?v=at&amp;w=73&amp;h=49\&quot;,\&quot;provider\&quot;:{\&quot;name\&quot;:\&quot;TWC\&quot;},\&quot;publishdate\&quot;:\&quot;2021-11-04T09:50:52.000-04:00\&quot;,\&quot;icon\&quot;:\&quot;photo\&quot;,\&quot;category\&quot;:{\&quot;link\&quot;:\&quot;\&quot;,\&quot;title\&quot;:\&quot;\&quot;},\&quot;webVideoData\&quot;:{\&quot;web\&quot;:\&quot;https://v.w-x.co/digital_video/The_Weather_Channel_-_Reach_Engine/95f00973-3fb4-4063-97ea-2504c3e7d7c1/RED_CRAB_MIGRATION_Playlist.m3u8\&quot;,\&quot;mweb\&quot;:\&quot;https://v.w-x.co/digital_video/The_Weather_Channel_-_Reach_Engine/95f00973-3fb4-4063-97ea-2504c3e7d7c1/RED_CRAB_MIGRATION_Playlist.m3u8\&quot;}},{\&quot;headline\&quot;:\&quot;Coastal Flooding Closes Roads, Bridges From South Carolina to Florida\&quot;,\&quot;url\&quot;:\&quot;/news/weather/video/coastal-flooding-closes-roads-bridges-from-south-carolina-to-florida\&quot;,\&quot;caption\&quot;:\&quot;A one-two punch of stormy weather and high tides hammered parts of the southeast Atlantic coast saturday.\&quot;,\&quot;teaserTitle\&quot;:\&quot;Coastal Flooding Closes Roads, Bridges From South Carolina to Florida\&quot;,\&quot;src\&quot;:\&quot;https://s.w-x.co/1106coastalimpacts.jpg\&quot;,\&quot;srcSet\&quot;:[{\&quot;src\&quot;:\&quot;https://s.w-x.co/util/image/w/1106coastalimpacts.jpg?v=at&amp;w=160&amp;h=90\&quot;,\&quot;variant\&quot;:\&quot;160w\&quot;},{\&quot;src\&quot;:\&quot;https://s.w-x.co/util/image/w/1106coastalimpacts.jpg?v=at&amp;w=320&amp;h=180\&quot;,\&quot;variant\&quot;:\&quot;320w\&quot;},{\&quot;src\&quot;:\&quot;https://s.w-x.co/util/image/w/1106coastalimpacts.jpg?v=at&amp;w=815&amp;h=458\&quot;,\&quot;variant\&quot;:\&quot;815w\&quot;},{\&quot;src\&quot;:\&quot;https://s.w-x.co/util/image/w/1106coastalimpacts.jpg?v=at&amp;w=1280&amp;h=720\&quot;,\&quot;variant\&quot;:\&quot;1024w\&quot;}],\&quot;lqip\&quot;:\&quot;https://s.w-x.co/util/image/w/1106coastalimpacts.jpg?v=at&amp;w=73&amp;h=49\&quot;,\&quot;provider\&quot;:{\&quot;name\&quot;:\&quot;TWC\&quot;},\&quot;publishdate\&quot;:\&quot;2021-11-06T16:14:53.000-04:00\&quot;,\&quot;icon\&quot;:\&quot;photo\&quot;,\&quot;category\&quot;:{\&quot;link\&quot;:\&quot;\&quot;,\&quot;title\&quot;:\&quot;\&quot;},\&quot;webVideoData\&quot;:{\&quot;web\&quot;:\&quot;https://v.w-x.co/digital_video/The_Weather_Channel_-_Reach_Engine/c762a0b7-7720-4e0b-aa57-e8ed0573d6ea/1106_CoastalStormImpactsWKDEditmezz_Playlist.m3u8\&quot;,\&quot;mweb\&quot;:\&quot;https://v.w-x.co/digital_video/The_Weather_Channel_-_Reach_Engine/c762a0b7-7720-4e0b-aa57-e8ed0573d6ea/1106_CoastalStormImpactsWKDEditmezz_Playlist.m3u8\&quot;}},{\&quot;headline\&quot;:\&quot;Global Warming Started Earlier Than Thought\&quot;,\&quot;url\&quot;:\&quot;/news/climate/video/study-raises-questions-about-how-long-humans-have-been-impacting-the-atmosphere\&quot;,\&quot;caption\&quot;:\&quot;Researchers studying Alpine ice cores found evidence of pollution from fossil fuels much earlier than expected.\&quot;,\&quot;teaserTitle\&quot;:\&quot;Global Warming Started Earlier Than Thought\&quot;,\&quot;src\&quot;:\&quot;https://v.w-x.co/1636143891070_1105_GlacierShowsEvidenceOfBurningFossilFuel_AM_Studio_Edit.jpg\&quot;,\&quot;srcSet\&quot;:[{\&quot;src\&quot;:\&quot;https://s.w-x.co/util/image/v/1636143891070_1105_GlacierShowsEvidenceOfBurningFossilFuel_AM_Studio_Edit.jpg?v=at&amp;w=160&amp;h=90\&quot;,\&quot;variant\&quot;:\&quot;160w\&quot;},{\&quot;src\&quot;:\&quot;https://s.w-x.co/util/image/v/1636143891070_1105_GlacierShowsEvidenceOfBurningFossilFuel_AM_Studio_Edit.jpg?v=at&amp;w=320&amp;h=180\&quot;,\&quot;variant\&quot;:\&quot;320w\&quot;},{\&quot;src\&quot;:\&quot;https://s.w-x.co/util/image/v/1636143891070_1105_GlacierShowsEvidenceOfBurningFossilFuel_AM_Studio_Edit.jpg?v=at&amp;w=815&amp;h=458\&quot;,\&quot;variant\&quot;:\&quot;815w\&quot;},{\&quot;src\&quot;:\&quot;https://s.w-x.co/util/image/v/1636143891070_1105_GlacierShowsEvidenceOfBurningFossilFuel_AM_Studio_Edit.jpg?v=at&amp;w=1280&amp;h=720\&quot;,\&quot;variant\&quot;:\&quot;1024w\&quot;}],\&quot;lqip\&quot;:\&quot;https://s.w-x.co/util/image/v/1636143891070_1105_GlacierShowsEvidenceOfBurningFossilFuel_AM_Studio_Edit.jpg?v=at&amp;w=73&amp;h=49\&quot;,\&quot;provider\&quot;:{\&quot;name\&quot;:\&quot;TWC\&quot;},\&quot;publishdate\&quot;:\&quot;2021-11-05T16:25:02.000-04:00\&quot;,\&quot;icon\&quot;:\&quot;photo\&quot;,\&quot;category\&quot;:{\&quot;link\&quot;:\&quot;\&quot;,\&quot;title\&quot;:\&quot;\&quot;},\&quot;webVideoData\&quot;:{\&quot;web\&quot;:\&quot;https://v.w-x.co/digital_video/The_Weather_Channel_-_Reach_Engine/49b32124-6a45-4a5b-a33a-2f32a57f1a39/1105_GlacierShowsEvidenceOfBurningFossilFuel_AM_Studio_Editmezz_Playlist.m3u8\&quot;,\&quot;mweb\&quot;:\&quot;https://v.w-x.co/digital_video/The_Weather_Channel_-_Reach_Engine/49b32124-6a45-4a5b-a33a-2f32a57f1a39/1105_GlacierShowsEvidenceOfBurningFossilFuel_AM_Studio_Editmezz_Playlist.m3u8\&quot;}},{\&quot;headline\&quot;:\&quot;Lake Shrinks 100+ Miles in 25 Years\&quot;,\&quot;url\&quot;:\&quot;/news/climate/video/giant-sinkholes-appear-as-dead-sea-shrinks\&quot;,\&quot;caption\&quot;:\&quot;Over the past quarter of a century the Dead Sea been reduced by more than 100 miles.\&quot;,\&quot;teaserTitle\&quot;:\&quot;Lake Shrinks 100+ Miles in 25 Years\&quot;,\&quot;src\&quot;:\&quot;https://s.w-x.co/1104sinkholedeadsea.jpg\&quot;,\&quot;srcSet\&quot;:[{\&quot;src\&quot;:\&quot;https://s.w-x.co/util/image/w/1104sinkholedeadsea.jpg?v=at&amp;w=160&amp;h=90\&quot;,\&quot;variant\&quot;:\&quot;160w\&quot;},{\&quot;src\&quot;:\&quot;https://s.w-x.co/util/image/w/1104sinkholedeadsea.jpg?v=at&amp;w=320&amp;h=180\&quot;,\&quot;variant\&quot;:\&quot;320w\&quot;},{\&quot;src\&quot;:\&quot;https://s.w-x.co/util/image/w/1104sinkholedeadsea.jpg?v=at&amp;w=815&amp;h=458\&quot;,\&quot;variant\&quot;:\&quot;815w\&quot;},{\&quot;src\&quot;:\&quot;https://s.w-x.co/util/image/w/1104sinkholedeadsea.jpg?v=at&amp;w=1280&amp;h=720\&quot;,\&quot;variant\&quot;:\&quot;1024w\&quot;}],\&quot;lqip\&quot;:\&quot;https://s.w-x.co/util/image/w/1104sinkholedeadsea.jpg?v=at&amp;w=73&amp;h=49\&quot;,\&quot;provider\&quot;:{\&quot;name\&quot;:\&quot;TWC\&quot;},\&quot;publishdate\&quot;:\&quot;2021-11-04T18:04:37.000-04:00\&quot;,\&quot;icon\&quot;:\&quot;photo\&quot;,\&quot;category\&quot;:{\&quot;link\&quot;:\&quot;\&quot;,\&quot;title\&quot;:\&quot;\&quot;},\&quot;webVideoData\&quot;:{\&quot;web\&quot;:\&quot;https://v.w-x.co/digital_video/The_Weather_Channel_-_Reach_Engine/13154e9a-0bec-444a-925a-fcc8ee6f1dfe/1104_Sinkholes_Multiple_PM_Studio_Editmezz_Playlist.m3u8\&quot;,\&quot;mweb\&quot;:\&quot;https://v.w-x.co/digital_video/The_Weather_Channel_-_Reach_Engine/13154e9a-0bec-444a-925a-fcc8ee6f1dfe/1104_Sinkholes_Multiple_PM_Studio_Editmezz_Playlist.m3u8\&quot;}},{\&quot;headline\&quot;:\&quot;Lakes in Northern Hemisphere Warming Freakishly Fast\&quot;,\&quot;url\&quot;:\&quot;/news/climate/video/lakes-in-northern-hemisphere-warming-alarmingly-fast\&quot;,\&quot;caption\&quot;:\&quot;An international team of researchers found lakes in the Northern Hemisphere have warmed six times faster in the past quarter century than at any point in the past 100 years. And it\u2019s got them concerned. Here\u2019s why.\&quot;,\&quot;teaserTitle\&quot;:\&quot;Climate Change Has Concerning Effect on Lakes\&quot;,\&quot;src\&quot;:\&quot;https://s.w-x.co/WarmingLakes.jpg\&quot;,\&quot;srcSet\&quot;:[{\&quot;src\&quot;:\&quot;https://s.w-x.co/util/image/w/WarmingLakes.jpg?v=at&amp;w=160&amp;h=90\&quot;,\&quot;variant\&quot;:\&quot;160w\&quot;},{\&quot;src\&quot;:\&quot;https://s.w-x.co/util/image/w/WarmingLakes.jpg?v=at&amp;w=320&amp;h=180\&quot;,\&quot;variant\&quot;:\&quot;320w\&quot;},{\&quot;src\&quot;:\&quot;https://s.w-x.co/util/image/w/WarmingLakes.jpg?v=at&amp;w=815&amp;h=458\&quot;,\&quot;variant\&quot;:\&quot;815w\&quot;},{\&quot;src\&quot;:\&quot;https://s.w-x.co/util/image/w/WarmingLakes.jpg?v=at&amp;w=1280&amp;h=720\&quot;,\&quot;variant\&quot;:\&quot;1024w\&quot;}],\&quot;lqip\&quot;:\&quot;https://s.w-x.co/util/image/w/WarmingLakes.jpg?v=at&amp;w=73&amp;h=49\&quot;,\&quot;provider\&quot;:{\&quot;name\&quot;:\&quot;TWC\&quot;},\&quot;publishdate\&quot;:\&quot;2021-11-05T17:10:23.000-04:00\&quot;,\&quot;icon\&quot;:\&quot;photo\&quot;,\&quot;category\&quot;:{\&quot;link\&quot;:\&quot;\&quot;,\&quot;title\&quot;:\&quot;\&quot;},\&quot;webVideoData\&quot;:{\&quot;web\&quot;:\&quot;https://v.w-x.co/digital_video/The_Weather_Channel_-_Reach_Engine/4de64786-2564-4fdb-a9a3-fa82ff21634b/1105_Northern_Hemisphere_Lakes_Warming_PM_Studio_Editmezz_Playlist.m3u8\&quot;,\&quot;mweb\&quot;:\&quot;https://v.w-x.co/digital_video/The_Weather_Channel_-_Reach_Engine/4de64786-2564-4fdb-a9a3-fa82ff21634b/1105_Northern_Hemisphere_Lakes_Warming_PM_Studio_Editmezz_Playlist.m3u8\&quot;}},{\&quot;headline\&quot;:\&quot;Half of Population Will Be Vulnerable to Coastal Storms, Tsunamis by 2030\&quot;,\&quot;url\&quot;:\&quot;/news/climate/video/half-of-population-will-be-vulnerable-to-coastal-storms-tsunamis-by-2030\&quot;,\&quot;caption\&quot;:\&quot;On World Tsunami Day, the UN is calling for international collaboration to protect coastal communities from the worsening effects of climate change, like stronger Tsunamis.\&quot;,\&quot;teaserTitle\&quot;:\&quot;UN Shared Scary State for Global Tsunami Day\&quot;,\&quot;src\&quot;:\&quot;https://v.w-x.co/1636143450859_ALARMING_UN_REPORT_ABOUT_FLOODING_STORMS_AND_TSUNAMISproxy.jpg\&quot;,\&quot;srcSet\&quot;:[{\&quot;src\&quot;:\&quot;https://s.w-x.co/util/image/v/1636143450859_ALARMING_UN_REPORT_ABOUT_FLOODING_STORMS_AND_TSUNAMISproxy.jpg?v=at&amp;w=160&amp;h=90\&quot;,\&quot;variant\&quot;:\&quot;160w\&quot;},{\&quot;src\&quot;:\&quot;https://s.w-x.co/util/image/v/1636143450859_ALARMING_UN_REPORT_ABOUT_FLOODING_STORMS_AND_TSUNAMISproxy.jpg?v=at&amp;w=320&amp;h=180\&quot;,\&quot;variant\&quot;:\&quot;320w\&quot;},{\&quot;src\&quot;:\&quot;https://s.w-x.co/util/image/v/1636143450859_ALARMING_UN_REPORT_ABOUT_FLOODING_STORMS_AND_TSUNAMISproxy.jpg?v=at&amp;w=815&amp;h=458\&quot;,\&quot;variant\&quot;:\&quot;815w\&quot;},{\&quot;src\&quot;:\&quot;https://s.w-x.co/util/image/v/1636143450859_ALARMING_UN_REPORT_ABOUT_FLOODING_STORMS_AND_TSUNAMISproxy.jpg?v=at&amp;w=1280&amp;h=720\&quot;,\&quot;variant\&quot;:\&quot;1024w\&quot;}],\&quot;lqip\&quot;:\&quot;https://s.w-x.co/util/image/v/1636143450859_ALARMING_UN_REPORT_ABOUT_FLOODING_STORMS_AND_TSUNAMISproxy.jpg?v=at&amp;w=73&amp;h=49\&quot;,\&quot;provider\&quot;:{\&quot;name\&quot;:\&quot;TWC\&quot;},\&quot;publishdate\&quot;:\&quot;2021-11-05T15:39:35.000-04:00\&quot;,\&quot;icon\&quot;:\&quot;photo\&quot;,\&quot;category\&quot;:{\&quot;link\&quot;:\&quot;\&quot;,\&quot;title\&quot;:\&quot;\&quot;},\&quot;webVideoData\&quot;:{\&quot;web\&quot;:\&quot;https://v.w-x.co/digital_video/The_Weather_Channel_-_Reach_Engine/a69ea41c-87f0-4edb-8e15-d194d79fc7f2/ALARMING_UN_REPORT_ABOUT_FLOODING_STORMS_AND_TSUNAMIS_Playlist.m3u8\&quot;,\&quot;mweb\&quot;:\&quot;https://v.w-x.co/digital_video/The_Weather_Channel_-_Reach_Engine/a69ea41c-87f0-4edb-8e15-d194d79fc7f2/ALARMING_UN_REPORT_ABOUT_FLOODING_STORMS_AND_TSUNAMIS_Playlist.m3u8\&quot;}},{\&quot;headline\&quot;:\&quot;Satellite Images Show Fingerprints of Climate Change\&quot;,\&quot;url\&quot;:\&quot;/news/climate/video/satellite-images-show-fingerprints-of-climate-change\&quot;,\&quot;caption\&quot;:\&quot;Incredible satellite images from NASA and the USGS show how climate change is impacting our planet.\&quot;,\&quot;teaserTitle\&quot;:\&quot;See Climate Change From Space\&quot;,\&quot;src\&quot;:\&quot;https://s.w-x.co/InvasiveSpeciesSpace.jpg\&quot;,\&quot;srcSet\&quot;:[{\&quot;src\&quot;:\&quot;https://s.w-x.co/util/image/w/InvasiveSpeciesSpace.jpg?v=at&amp;w=160&amp;h=90\&quot;,\&quot;variant\&quot;:\&quot;160w\&quot;},{\&quot;src\&quot;:\&quot;https://s.w-x.co/util/image/w/InvasiveSpeciesSpace.jpg?v=at&amp;w=320&amp;h=180\&quot;,\&quot;variant\&quot;:\&quot;320w\&quot;},{\&quot;src\&quot;:\&quot;https://s.w-x.co/util/image/w/InvasiveSpeciesSpace.jpg?v=at&amp;w=815&amp;h=458\&quot;,\&quot;variant\&quot;:\&quot;815w\&quot;},{\&quot;src\&quot;:\&quot;https://s.w-x.co/util/image/w/InvasiveSpeciesSpace.jpg?v=at&amp;w=1280&amp;h=720\&quot;,\&quot;variant\&quot;:\&quot;1024w\&quot;}],\&quot;lqip\&quot;:\&quot;https://s.w-x.co/util/image/w/InvasiveSpeciesSpace.jpg?v=at&amp;w=73&amp;h=49\&quot;,\&quot;provider\&quot;:{\&quot;name\&quot;:\&quot;TWC\&quot;},\&quot;publishdate\&quot;:\&quot;2021-11-04T15:48:24.000-04:00\&quot;,\&quot;icon\&quot;:\&quot;photo\&quot;,\&quot;category\&quot;:{\&quot;link\&quot;:\&quot;\&quot;,\&quot;title\&quot;:\&quot;\&quot;},\&quot;webVideoData\&quot;:{\&quot;web\&quot;:\&quot;https://v.w-x.co/digital_video/The_Weather_Channel_-_Reach_Engine/84a7bb43-bd3e-4159-8eb1-d780c0b13f72/Satellite_Images_Show_Fingerprints_of_Climate_Change_mezz_Playlist.m3u8\&quot;,\&quot;mweb\&quot;:\&quot;https://v.w-x.co/digital_video/The_Weather_Channel_-_Reach_Engine/84a7bb43-bd3e-4159-8eb1-d780c0b13f72/Satellite_Images_Show_Fingerprints_of_Climate_Change_mezz_Playlist.m3u8\&quot;}},{\&quot;headline\&quot;:\&quot;Cake Oddly Survives World War II Bombing\&quot;,\&quot;url\&quot;:\&quot;/news/trending/video/cake-oddly-survives-word-war-ii-bombing\&quot;,\&quot;caption\&quot;:\&quot;Archaeologists find an eerily preserved cake in the ruins of a home in Germany that was destroyed during an attack in 1942. Check out the charred 79-year-old dessert.\&quot;,\&quot;teaserTitle\&quot;:\&quot;Bizarre Mummy Cake Survives WWII Bombing\&quot;,\&quot;src\&quot;:\&quot;https://s.w-x.co/1104cake.jpg\&quot;,\&quot;srcSet\&quot;:[{\&quot;src\&quot;:\&quot;https://s.w-x.co/util/image/w/1104cake.jpg?v=at&amp;w=160&amp;h=90\&quot;,\&quot;variant\&quot;:\&quot;160w\&quot;},{\&quot;src\&quot;:\&quot;https://s.w-x.co/util/image/w/1104cake.jpg?v=at&amp;w=320&amp;h=180\&quot;,\&quot;variant\&quot;:\&quot;320w\&quot;},{\&quot;src\&quot;:\&quot;https://s.w-x.co/util/image/w/1104cake.jpg?v=at&amp;w=815&amp;h=458\&quot;,\&quot;variant\&quot;:\&quot;815w\&quot;},{\&quot;src\&quot;:\&quot;https://s.w-x.co/util/image/w/1104cake.jpg?v=at&amp;w=1280&amp;h=720\&quot;,\&quot;variant\&quot;:\&quot;1024w\&quot;}],\&quot;lqip\&quot;:\&quot;https://s.w-x.co/util/image/w/1104cake.jpg?v=at&amp;w=73&amp;h=49\&quot;,\&quot;provider\&quot;:{\&quot;name\&quot;:\&quot;TWC\&quot;},\&quot;publishdate\&quot;:\&quot;2021-11-04T17:15:37.000-04:00\&quot;,\&quot;icon\&quot;:\&quot;photo\&quot;,\&quot;category\&quot;:{\&quot;link\&quot;:\&quot;\&quot;,\&quot;title\&quot;:\&quot;\&quot;},\&quot;webVideoData\&quot;:{\&quot;web\&quot;:\&quot;https://v.w-x.co/digital_video/The_Weather_Channel_-_Reach_Engine/60a41a85-9922-496c-8b2b-e3c5300cbaa4/1104_CakeThatSurvivedWWIIBombingRaid_TEXT_mezz_Playlist.m3u8\&quot;,\&quot;mweb\&quot;:\&quot;https://v.w-x.co/digital_video/The_Weather_Channel_-_Reach_Engine/60a41a85-9922-496c-8b2b-e3c5300cbaa4/1104_CakeThatSurvivedWWIIBombingRaid_TEXT_mezz_Playlist.m3u8\&quot;}},{\&quot;headline\&quot;:\&quot;Watch Dramatic Moment Huge Chunk of Glacier Breaks Off\&quot;,\&quot;url\&quot;:\&quot;/news/trending/video/watch-dramatic-moment-piece-of-glacier-breaks-off\&quot;,\&quot;caption\&quot;:\&quot;A piece of the Perito Moreno Glacier broke off Wednesday, stunning onlookers.\&quot;,\&quot;teaserTitle\&quot;:\&quot;Photographer Captures Argentinian Glacier Break\&quot;,\&quot;src\&quot;:\&quot;https://s.w-x.co/1104glacier.jpg\&quot;,\&quot;srcSet\&quot;:[{\&quot;src\&quot;:\&quot;https://s.w-x.co/util/image/w/1104glacier.jpg?v=at&amp;w=160&amp;h=90\&quot;,\&quot;variant\&quot;:\&quot;160w\&quot;},{\&quot;src\&quot;:\&quot;https://s.w-x.co/util/image/w/1104glacier.jpg?v=at&amp;w=320&amp;h=180\&quot;,\&quot;variant\&quot;:\&quot;320w\&quot;},{\&quot;src\&quot;:\&quot;https://s.w-x.co/util/image/w/1104glacier.jpg?v=at&amp;w=815&amp;h=458\&quot;,\&quot;variant\&quot;:\&quot;815w\&quot;},{\&quot;src\&quot;:\&quot;https://s.w-x.co/util/image/w/1104glacier.jpg?v=at&amp;w=1280&amp;h=720\&quot;,\&quot;variant\&quot;:\&quot;1024w\&quot;}],\&quot;lqip\&quot;:\&quot;https://s.w-x.co/util/image/w/1104glacier.jpg?v=at&amp;w=73&amp;h=49\&quot;,\&quot;provider\&quot;:{\&quot;name\&quot;:\&quot;TWC\&quot;},\&quot;publishdate\&quot;:\&quot;2021-11-04T13:08:24.000-04:00\&quot;,\&quot;icon\&quot;:\&quot;photo\&quot;,\&quot;category\&quot;:{\&quot;link\&quot;:\&quot;\&quot;,\&quot;title\&quot;:\&quot;\&quot;},\&quot;webVideoData\&quot;:{\&quot;web\&quot;:\&quot;https://v.w-x.co/digital_video/The_Weather_Channel_-_Reach_Engine/fb0cbade-45bf-4f4a-9a90-6b65cc0d0deb/GLACIER_BREAKS_OFF_AS_PEOPLE_WATCH_Playlist.m3u8\&quot;,\&quot;mweb\&quot;:\&quot;https://v.w-x.co/digital_video/The_Weather_Channel_-_Reach_Engine/fb0cbade-45bf-4f4a-9a90-6b65cc0d0deb/GLACIER_BREAKS_OFF_AS_PEOPLE_WATCH_Playlist.m3u8\&quot;}},{\&quot;headline\&quot;:\&quot;This Russian Town Has No Water to Fight Wildfires\&quot;,\&quot;url\&quot;:\&quot;/news/weather/video/this-russian-town-has-no-water-to-fight-wildfires\&quot;,\&quot;caption\&quot;:\&quot;A town in Eastern Russia has been reduced to using tree branches and sand to fight a wildfire because it\u2019s hard to get unfrozen water to the area.\&quot;,\&quot;teaserTitle\&quot;:\&quot;This Russian Town Has No Water to Fight Wildfires\&quot;,\&quot;src\&quot;:\&quot;https://s.w-x.co/01104russiafire.jpg\&quot;,\&quot;srcSet\&quot;:[{\&quot;src\&quot;:\&quot;https://s.w-x.co/util/image/w/01104russiafire.jpg?v=at&amp;w=160&amp;h=90\&quot;,\&quot;variant\&quot;:\&quot;160w\&quot;},{\&quot;src\&quot;:\&quot;https://s.w-x.co/util/image/w/01104russiafire.jpg?v=at&amp;w=320&amp;h=180\&quot;,\&quot;variant\&quot;:\&quot;320w\&quot;},{\&quot;src\&quot;:\&quot;https://s.w-x.co/util/image/w/01104russiafire.jpg?v=at&amp;w=815&amp;h=458\&quot;,\&quot;variant\&quot;:\&quot;815w\&quot;},{\&quot;src\&quot;:\&quot;https://s.w-x.co/util/image/w/01104russiafire.jpg?v=at&amp;w=1280&amp;h=720\&quot;,\&quot;variant\&quot;:\&quot;1024w\&quot;}],\&quot;lqip\&quot;:\&quot;https://s.w-x.co/util/image/w/01104russiafire.jpg?v=at&amp;w=73&amp;h=49\&quot;,\&quot;provider\&quot;:{\&quot;name\&quot;:\&quot;TWC\&quot;},\&quot;publishdate\&quot;:\&quot;2021-11-04T16:10:24.000-04:00\&quot;,\&quot;icon\&quot;:\&quot;photo\&quot;,\&quot;category\&quot;:{\&quot;link\&quot;:\&quot;\&quot;,\&quot;title\&quot;:\&quot;\&quot;},\&quot;webVideoData\&quot;:{\&quot;web\&quot;:\&quot;https://v.w-x.co/digital_video/The_Weather_Channel_-_Reach_Engine/9e302338-f86b-45a4-b889-68d772a4c8da/NO_WATER_TO_BATTLE_RUSSIA_WILDFIRES_Playlist.m3u8\&quot;,\&quot;mweb\&quot;:\&quot;https://v.w-x.co/digital_video/The_Weather_Channel_-_Reach_Engine/9e302338-f86b-45a4-b889-68d772a4c8da/NO_WATER_TO_BATTLE_RUSSIA_WILDFIRES_Playlist.m3u8\&quot;}},{\&quot;headline\&quot;:\&quot;This Solar Storm Caused Amazing Northern Lights Show\&quot;,\&quot;url\&quot;:\&quot;/science/space/video/see-the-solar-storm-that-brought-wednesdays-northern-lights\&quot;,\&quot;caption\&quot;:\&quot;Auroras are amazing from Earth. But the view of a solar storm from satellites might be equally as impressive.\&quot;,\&quot;teaserTitle\&quot;:\&quot;This is What Brought Wednesday\u2019s Show of Northern Lights\&quot;,\&quot;src\&quot;:\&quot;https://s.w-x.co/AuroraSpace.jpg\&quot;,\&quot;srcSet\&quot;:[{\&quot;src\&quot;:\&quot;https://s.w-x.co/util/image/w/AuroraSpace.jpg?v=at&amp;w=160&amp;h=90\&quot;,\&quot;variant\&quot;:\&quot;160w\&quot;},{\&quot;src\&quot;:\&quot;https://s.w-x.co/util/image/w/AuroraSpace.jpg?v=at&amp;w=320&amp;h=180\&quot;,\&quot;variant\&quot;:\&quot;320w\&quot;},{\&quot;src\&quot;:\&quot;https://s.w-x.co/util/image/w/AuroraSpace.jpg?v=at&amp;w=815&amp;h=458\&quot;,\&quot;variant\&quot;:\&quot;815w\&quot;},{\&quot;src\&quot;:\&quot;https://s.w-x.co/util/image/w/AuroraSpace.jpg?v=at&amp;w=1280&amp;h=720\&quot;,\&quot;variant\&quot;:\&quot;1024w\&quot;}],\&quot;lqip\&quot;:\&quot;https://s.w-x.co/util/image/w/AuroraSpace.jpg?v=at&amp;w=73&amp;h=49\&quot;,\&quot;provider\&quot;:{\&quot;name\&quot;:\&quot;TWC\&quot;},\&quot;publishdate\&quot;:\&quot;2021-11-04T12:34:44.000-04:00\&quot;,\&quot;icon\&quot;:\&quot;photo\&quot;,\&quot;category\&quot;:{\&quot;link\&quot;:\&quot;\&quot;,\&quot;title\&quot;:\&quot;\&quot;},\&quot;webVideoData\&quot;:{\&quot;web\&quot;:\&quot;https://v.w-x.co/digital_video/The_Weather_Channel_-_Reach_Engine/87ddee97-f4b0-4892-ba79-4154e3631299/1104_NORTHERN_LIGHTS_DEAL_AM_V2mezz_Playlist.m3u8\&quot;,\&quot;mweb\&quot;:\&quot;https://v.w-x.co/digital_video/The_Weather_Channel_-_Reach_Engine/87ddee97-f4b0-4892-ba79-4154e3631299/1104_NORTHERN_LIGHTS_DEAL_AM_V2mezz_Playlist.m3u8\&quot;}},{\&quot;headline\&quot;:\&quot;Sea of Clouds at Rocky Mountain National Park Looks Magical\&quot;,\&quot;url\&quot;:\&quot;/news/weather/video/sea-of-clouds-at-rocky-mountain-national-park-looks-magical\&quot;,\&quot;caption\&quot;:\&quot;A photographer captures a stunning sunrise scene at Rocky Mountain National Park. Take a look.\&quot;,\&quot;teaserTitle\&quot;:\&quot;Sunrise in Rocky Mountain National Park Looks Heavenly\&quot;,\&quot;src\&quot;:\&quot;https://s.w-x.co/1104rockymt.jpg\&quot;,\&quot;srcSet\&quot;:[{\&quot;src\&quot;:\&quot;https://s.w-x.co/util/image/w/1104rockymt.jpg?v=at&amp;w=160&amp;h=90\&quot;,\&quot;variant\&quot;:\&quot;160w\&quot;},{\&quot;src\&quot;:\&quot;https://s.w-x.co/util/image/w/1104rockymt.jpg?v=at&amp;w=320&amp;h=180\&quot;,\&quot;variant\&quot;:\&quot;320w\&quot;},{\&quot;src\&quot;:\&quot;https://s.w-x.co/util/image/w/1104rockymt.jpg?v=at&amp;w=815&amp;h=458\&quot;,\&quot;variant\&quot;:\&quot;815w\&quot;},{\&quot;src\&quot;:\&quot;https://s.w-x.co/util/image/w/1104rockymt.jpg?v=at&amp;w=1280&amp;h=720\&quot;,\&quot;variant\&quot;:\&quot;1024w\&quot;}],\&quot;lqip\&quot;:\&quot;https://s.w-x.co/util/image/w/1104rockymt.jpg?v=at&amp;w=73&amp;h=49\&quot;,\&quot;provider\&quot;:{\&quot;name\&quot;:\&quot;TWC\&quot;},\&quot;publishdate\&quot;:\&quot;2021-11-04T11:23:42.000-04:00\&quot;,\&quot;icon\&quot;:\&quot;photo\&quot;,\&quot;category\&quot;:{\&quot;link\&quot;:\&quot;\&quot;,\&quot;title\&quot;:\&quot;\&quot;},\&quot;webVideoData\&quot;:{\&quot;web\&quot;:\&quot;https://v.w-x.co/digital_video/The_Weather_Channel_-_Reach_Engine/66994d4f-7661-4d0c-b1a7-6e07df895247/SEA_OF_CLOUDS_mezz_Playlist.m3u8\&quot;,\&quot;mweb\&quot;:\&quot;https://v.w-x.co/digital_video/The_Weather_Channel_-_Reach_Engine/66994d4f-7661-4d0c-b1a7-6e07df895247/SEA_OF_CLOUDS_mezz_Playlist.m3u8\&quot;}},{\&quot;headline\&quot;:\&quot;Ship Believed Sunk by German Sub Found off Carolina Coast\&quot;,\&quot;url\&quot;:\&quot;/news/trending/video/noaa-surveys-wwii-shipwreck-off-south-carolina-coast\&quot;,\&quot;caption\&quot;:\&quot;Watch as NOAA surveys the wreckage from what\u2019s believed to be the SS Bloody Marsh. It was struck by a German torpedo off the coast of South Carolina during World War II.\&quot;,\&quot;teaserTitle\&quot;:\&quot;Ship Believed Sunk by German Sub Found off Carolina Coast\&quot;,\&quot;src\&quot;:\&quot;https://s.w-x.co/1103wwiiship.jpg\&quot;,\&quot;srcSet\&quot;:[{\&quot;src\&quot;:\&quot;https://s.w-x.co/util/image/w/1103wwiiship.jpg?v=at&amp;w=160&amp;h=90\&quot;,\&quot;variant\&quot;:\&quot;160w\&quot;},{\&quot;src\&quot;:\&quot;https://s.w-x.co/util/image/w/1103wwiiship.jpg?v=at&amp;w=320&amp;h=180\&quot;,\&quot;variant\&quot;:\&quot;320w\&quot;},{\&quot;src\&quot;:\&quot;https://s.w-x.co/util/image/w/1103wwiiship.jpg?v=at&amp;w=815&amp;h=458\&quot;,\&quot;variant\&quot;:\&quot;815w\&quot;},{\&quot;src\&quot;:\&quot;https://s.w-x.co/util/image/w/1103wwiiship.jpg?v=at&amp;w=1280&amp;h=720\&quot;,\&quot;variant\&quot;:\&quot;1024w\&quot;}],\&quot;lqip\&quot;:\&quot;https://s.w-x.co/util/image/w/1103wwiiship.jpg?v=at&amp;w=73&amp;h=49\&quot;,\&quot;provider\&quot;:{\&quot;name\&quot;:\&quot;TWC\&quot;},\&quot;publishdate\&quot;:\&quot;2021-11-03T16:26:43.000-04:00\&quot;,\&quot;icon\&quot;:\&quot;photo\&quot;,\&quot;category\&quot;:{\&quot;link\&quot;:\&quot;\&quot;,\&quot;title\&quot;:\&quot;\&quot;},\&quot;webVideoData\&quot;:{\&quot;web\&quot;:\&quot;https://v.w-x.co/digital_video/The_Weather_Channel_-_Reach_Engine/aa016b5d-7e27-487f-84b2-19d880bbdbaf/FREIGHTER_WRECKAGE_SUNK_BY_GERMAN_UBOAT_Playlist.m3u8\&quot;,\&quot;mweb\&quot;:\&quot;https://v.w-x.co/digital_video/The_Weather_Channel_-_Reach_Engine/aa016b5d-7e27-487f-84b2-19d880bbdbaf/FREIGHTER_WRECKAGE_SUNK_BY_GERMAN_UBOAT_Playlist.m3u8\&quot;}},{\&quot;headline\&quot;:\&quot;Mysterious &apos;Black Hole&apos; in the Ocean\&quot;,\&quot;url\&quot;:\&quot;/news/trending/video/mysterious-black-hole-stumps-reddit-users\&quot;,\&quot;caption\&quot;:\&quot;Reddit users are baffled when a mysterious \u201Cblack hole\u201D shows up on Google maps.\&quot;,\&quot;teaserTitle\&quot;:\&quot;What&apos;s This Mysterious &apos;Black Hole&apos; in the Ocean? \&quot;,\&quot;src\&quot;:\&quot;https://s.w-x.co/BlackHole_0.jpg\&quot;,\&quot;srcSet\&quot;:[{\&quot;src\&quot;:\&quot;https://s.w-x.co/util/image/w/BlackHole_0.jpg?v=at&amp;w=160&amp;h=90\&quot;,\&quot;variant\&quot;:\&quot;160w\&quot;},{\&quot;src\&quot;:\&quot;https://s.w-x.co/util/image/w/BlackHole_0.jpg?v=at&amp;w=320&amp;h=180\&quot;,\&quot;variant\&quot;:\&quot;320w\&quot;},{\&quot;src\&quot;:\&quot;https://s.w-x.co/util/image/w/BlackHole_0.jpg?v=at&amp;w=815&amp;h=458\&quot;,\&quot;variant\&quot;:\&quot;815w\&quot;},{\&quot;src\&quot;:\&quot;https://s.w-x.co/util/image/w/BlackHole_0.jpg?v=at&amp;w=1280&amp;h=720\&quot;,\&quot;variant\&quot;:\&quot;1024w\&quot;}],\&quot;lqip\&quot;:\&quot;https://s.w-x.co/util/image/w/BlackHole_0.jpg?v=at&amp;w=73&amp;h=49\&quot;,\&quot;provider\&quot;:{\&quot;name\&quot;:\&quot;TWC\&quot;},\&quot;publishdate\&quot;:\&quot;2021-11-03T12:05:45.000-04:00\&quot;,\&quot;icon\&quot;:\&quot;photo\&quot;,\&quot;category\&quot;:{\&quot;link\&quot;:\&quot;\&quot;,\&quot;title\&quot;:\&quot;\&quot;},\&quot;webVideoData\&quot;:{\&quot;web\&quot;:\&quot;https://v.w-x.co/digital_video/The_Weather_Channel_-_Reach_Engine/9086587d-7892-4369-9e02-83725ff5648f/Mysterious_Black_Hole_Playlist.m3u8\&quot;,\&quot;mweb\&quot;:\&quot;https://v.w-x.co/digital_video/The_Weather_Channel_-_Reach_Engine/9086587d-7892-4369-9e02-83725ff5648f/Mysterious_Black_Hole_Playlist.m3u8\&quot;}},{\&quot;headline\&quot;:\&quot;COP26 Clean Energy Initiatives to Include Coal Phase-Out\&quot;,\&quot;url\&quot;:\&quot;/news/climate/video/cop26-clean-energy-initiatives-to-include-coal-phase-out\&quot;,\&quot;caption\&quot;:\&quot;The pledge will be formally announced at the COP26 climate summit Thursday. But the world\u2019s top coal burners aren\u2019t committing to ditching the fossil fuel.\&quot;,\&quot;teaserTitle\&quot;:\&quot;190 Nations, Organizations Vow to Kick the Coal Habit\&quot;,\&quot;src\&quot;:\&quot;https://s.w-x.co/1104coal.jpg\&quot;,\&quot;srcSet\&quot;:[{\&quot;src\&quot;:\&quot;https://s.w-x.co/util/image/w/1104coal.jpg?v=at&amp;w=160&amp;h=90\&quot;,\&quot;variant\&quot;:\&quot;160w\&quot;},{\&quot;src\&quot;:\&quot;https://s.w-x.co/util/image/w/1104coal.jpg?v=at&amp;w=320&amp;h=180\&quot;,\&quot;variant\&quot;:\&quot;320w\&quot;},{\&quot;src\&quot;:\&quot;https://s.w-x.co/util/image/w/1104coal.jpg?v=at&amp;w=815&amp;h=458\&quot;,\&quot;variant\&quot;:\&quot;815w\&quot;},{\&quot;src\&quot;:\&quot;https://s.w-x.co/util/image/w/1104coal.jpg?v=at&amp;w=1280&amp;h=720\&quot;,\&quot;variant\&quot;:\&quot;1024w\&quot;}],\&quot;lqip\&quot;:\&quot;https://s.w-x.co/util/image/w/1104coal.jpg?v=at&amp;w=73&amp;h=49\&quot;,\&quot;provider\&quot;:{\&quot;name\&quot;:\&quot;TWC\&quot;},\&quot;publishdate\&quot;:\&quot;2021-11-04T11:16:54.000-04:00\&quot;,\&quot;icon\&quot;:\&quot;photo\&quot;,\&quot;category\&quot;:{\&quot;link\&quot;:\&quot;\&quot;,\&quot;title\&quot;:\&quot;\&quot;},\&quot;webVideoData\&quot;:{\&quot;web\&quot;:\&quot;https://v.w-x.co/digital_video/The_Weather_Channel_-_Reach_Engine/2d40fe14-eef1-4195-b516-4a43c90fe147/1104_KISSING_COAL_GOODBYE_AMmezz_Playlist.m3u8\&quot;,\&quot;mweb\&quot;:\&quot;https://v.w-x.co/digital_video/The_Weather_Channel_-_Reach_Engine/2d40fe14-eef1-4195-b516-4a43c90fe147/1104_KISSING_COAL_GOODBYE_AMmezz_Playlist.m3u8\&quot;}},{\&quot;headline\&quot;:\&quot;New Report: Millions in US May Be Drinking Dangerous Water\&quot;,\&quot;url\&quot;:\&quot;/science/environment/video/millions-of-americans-may-be-drinking-contaminated-water-analysis-finds\&quot;,\&quot;caption\&quot;:\&quot;An analysis by the nonprofit Environmental Working Group finds contaminants ranging from arsenic to lead in U.S. drinking water.\&quot;,\&quot;teaserTitle\&quot;:\&quot;Contaminants Linked to Cancer Found in U.S. Drinking Water\&quot;,\&quot;src\&quot;:\&quot;https://v.w-x.co/1635977038340_PESTICIDES_RADIOACTIVE_MATERIAL_FOUND_IN_US_DRINKING_WATER_1.jpg\&quot;,\&quot;srcSet\&quot;:[{\&quot;src\&quot;:\&quot;https://s.w-x.co/util/image/v/1635977038340_PESTICIDES_RADIOACTIVE_MATERIAL_FOUND_IN_US_DRINKING_WATER_1.jpg?v=at&amp;w=160&amp;h=90\&quot;,\&quot;variant\&quot;:\&quot;160w\&quot;},{\&quot;src\&quot;:\&quot;https://s.w-x.co/util/image/v/1635977038340_PESTICIDES_RADIOACTIVE_MATERIAL_FOUND_IN_US_DRINKING_WATER_1.jpg?v=at&amp;w=320&amp;h=180\&quot;,\&quot;variant\&quot;:\&quot;320w\&quot;},{\&quot;src\&quot;:\&quot;https://s.w-x.co/util/image/v/1635977038340_PESTICIDES_RADIOACTIVE_MATERIAL_FOUND_IN_US_DRINKING_WATER_1.jpg?v=at&amp;w=815&amp;h=458\&quot;,\&quot;variant\&quot;:\&quot;815w\&quot;},{\&quot;src\&quot;:\&quot;https://s.w-x.co/util/image/v/1635977038340_PESTICIDES_RADIOACTIVE_MATERIAL_FOUND_IN_US_DRINKING_WATER_1.jpg?v=at&amp;w=1280&amp;h=720\&quot;,\&quot;variant\&quot;:\&quot;1024w\&quot;}],\&quot;lqip\&quot;:\&quot;https://s.w-x.co/util/image/v/1635977038340_PESTICIDES_RADIOACTIVE_MATERIAL_FOUND_IN_US_DRINKING_WATER_1.jpg?v=at&amp;w=73&amp;h=49\&quot;,\&quot;provider\&quot;:{\&quot;name\&quot;:\&quot;TWC\&quot;},\&quot;publishdate\&quot;:\&quot;2021-11-03T18:04:08.000-04:00\&quot;,\&quot;icon\&quot;:\&quot;photo\&quot;,\&quot;category\&quot;:{\&quot;link\&quot;:\&quot;\&quot;,\&quot;title\&quot;:\&quot;\&quot;},\&quot;webVideoData\&quot;:{\&quot;web\&quot;:\&quot;https://v.w-x.co/digital_video/The_Weather_Channel_-_Reach_Engine/5e130c9c-f908-419d-a6a4-8ab4c4d0e2c7/PESTICIDES_RADIOACTIVE_MATERIAL_FOUND_IN_US_DRINKING_WATER_1mezz_Playlist.m3u8\&quot;,\&quot;mweb\&quot;:\&quot;https://v.w-x.co/digital_video/The_Weather_Channel_-_Reach_Engine/5e130c9c-f908-419d-a6a4-8ab4c4d0e2c7/PESTICIDES_RADIOACTIVE_MATERIAL_FOUND_IN_US_DRINKING_WATER_1mezz_Playlist.m3u8\&quot;}},{\&quot;headline\&quot;:\&quot;Rare \u2018Beautiful Nightmare,\u2019 \u2018Chicken from Hell\u2019 Dinosaur Fossils Found\&quot;,\&quot;url\&quot;:\&quot;/news/trending/video/rare-beautiful-nightmare-chicken-from-hell-dinosaur-fossils-found\&quot;,\&quot;caption\&quot;:\&quot;Scientists in North Dakota unearth rare dinosaur fossils dating back more than 66 million years. Paleontologists have dubbed one \u201CBeautiful Nightmare.\u201D Here\u2019s why.\&quot;,\&quot;teaserTitle\&quot;:\&quot;Rare \u2018Beautiful Nightmare\u2019 Dinosaur Fossil Found in ND\&quot;,\&quot;src\&quot;:\&quot;https://s.w-x.co/1103dinobones.jpg\&quot;,\&quot;srcSet\&quot;:[{\&quot;src\&quot;:\&quot;https://s.w-x.co/util/image/w/1103dinobones.jpg?v=at&amp;w=160&amp;h=90\&quot;,\&quot;variant\&quot;:\&quot;160w\&quot;},{\&quot;src\&quot;:\&quot;https://s.w-x.co/util/image/w/1103dinobones.jpg?v=at&amp;w=320&amp;h=180\&quot;,\&quot;variant\&quot;:\&quot;320w\&quot;},{\&quot;src\&quot;:\&quot;https://s.w-x.co/util/image/w/1103dinobones.jpg?v=at&amp;w=815&amp;h=458\&quot;,\&quot;variant\&quot;:\&quot;815w\&quot;},{\&quot;src\&quot;:\&quot;https://s.w-x.co/util/image/w/1103dinobones.jpg?v=at&amp;w=1280&amp;h=720\&quot;,\&quot;variant\&quot;:\&quot;1024w\&quot;}],\&quot;lqip\&quot;:\&quot;https://s.w-x.co/util/image/w/1103dinobones.jpg?v=at&amp;w=73&amp;h=49\&quot;,\&quot;provider\&quot;:{\&quot;name\&quot;:\&quot;TWC\&quot;},\&quot;publishdate\&quot;:\&quot;2021-11-03T12:32:34.000-04:00\&quot;,\&quot;icon\&quot;:\&quot;photo\&quot;,\&quot;category\&quot;:{\&quot;link\&quot;:\&quot;\&quot;,\&quot;title\&quot;:\&quot;\&quot;},\&quot;webVideoData\&quot;:{\&quot;web\&quot;:\&quot;https://v.w-x.co/digital_video/The_Weather_Channel_-_Reach_Engine/1f283c98-0985-4784-9113-58f16a931eeb/v2_Rare_Beautiful_Nightmare_Chicken_from_Hell_Dinosaur_Fossils_Found_mezz_Playlist.m3u8\&quot;,\&quot;mweb\&quot;:\&quot;https://v.w-x.co/digital_video/The_Weather_Channel_-_Reach_Engine/1f283c98-0985-4784-9113-58f16a931eeb/v2_Rare_Beautiful_Nightmare_Chicken_from_Hell_Dinosaur_Fossils_Found_mezz_Playlist.m3u8\&quot;}},{\&quot;headline\&quot;:\&quot;Drought Means Big Changes for Grand Canyon\&quot;,\&quot;url\&quot;:\&quot;/news/weather/video/grand-canyon-wont-be-flooded-this-year-heres-why\&quot;,\&quot;caption\&quot;:\&quot;The Bureau of Reclamation says it won\u2019t be creating a controlled flood in the Grand Canyon this year to restore beaches. Here\u2019s why.\&quot;,\&quot;teaserTitle\&quot;:\&quot;Drought Means Big Changes for Grand Canyon\&quot;,\&quot;src\&quot;:\&quot;https://s.w-x.co/1103grandcanyon.jpg\&quot;,\&quot;srcSet\&quot;:[{\&quot;src\&quot;:\&quot;https://s.w-x.co/util/image/w/1103grandcanyon.jpg?v=at&amp;w=160&amp;h=90\&quot;,\&quot;variant\&quot;:\&quot;160w\&quot;},{\&quot;src\&quot;:\&quot;https://s.w-x.co/util/image/w/1103grandcanyon.jpg?v=at&amp;w=320&amp;h=180\&quot;,\&quot;variant\&quot;:\&quot;320w\&quot;},{\&quot;src\&quot;:\&quot;https://s.w-x.co/util/image/w/1103grandcanyon.jpg?v=at&amp;w=815&amp;h=458\&quot;,\&quot;variant\&quot;:\&quot;815w\&quot;},{\&quot;src\&quot;:\&quot;https://s.w-x.co/util/image/w/1103grandcanyon.jpg?v=at&amp;w=1280&amp;h=720\&quot;,\&quot;variant\&quot;:\&quot;1024w\&quot;}],\&quot;lqip\&quot;:\&quot;https://s.w-x.co/util/image/w/1103grandcanyon.jpg?v=at&amp;w=73&amp;h=49\&quot;,\&quot;provider\&quot;:{\&quot;name\&quot;:\&quot;TWC\&quot;},\&quot;publishdate\&quot;:\&quot;2021-11-03T12:33:32.000-04:00\&quot;,\&quot;icon\&quot;:\&quot;photo\&quot;,\&quot;category\&quot;:{\&quot;link\&quot;:\&quot;\&quot;,\&quot;title\&quot;:\&quot;\&quot;},\&quot;webVideoData\&quot;:{\&quot;web\&quot;:\&quot;https://v.w-x.co/digital_video/The_Weather_Channel_-_Reach_Engine/a2fc0f2b-9305-40db-b064-e4ebc1617191/finalfinalGRAND_CANYON_1_mezz_Playlist.m3u8\&quot;,\&quot;mweb\&quot;:\&quot;https://v.w-x.co/digital_video/The_Weather_Channel_-_Reach_Engine/a2fc0f2b-9305-40db-b064-e4ebc1617191/finalfinalGRAND_CANYON_1_mezz_Playlist.m3u8\&quot;}},{\&quot;headline\&quot;:\&quot;Watch: Wolf Outruns Car on Snowy Canada Road\&quot;,\&quot;url\&quot;:\&quot;/science/nature/video/watch-wolf-runs-faster-than-car-on-snowy-canada-road\&quot;,\&quot;caption\&quot;:\&quot;A wolf is running faster than a car on a snowy road in Yukon, Canada. Take a look.\&quot;,\&quot;teaserTitle\&quot;:\&quot;Watch: Wolf Faster Than Car\&quot;,\&quot;src\&quot;:\&quot;https://s.w-x.co/roadwolf.jpg\&quot;,\&quot;srcSet\&quot;:[{\&quot;src\&quot;:\&quot;https://s.w-x.co/util/image/w/roadwolf.jpg?v=at&amp;w=160&amp;h=90\&quot;,\&quot;variant\&quot;:\&quot;160w\&quot;},{\&quot;src\&quot;:\&quot;https://s.w-x.co/util/image/w/roadwolf.jpg?v=at&amp;w=320&amp;h=180\&quot;,\&quot;variant\&quot;:\&quot;320w\&quot;},{\&quot;src\&quot;:\&quot;https://s.w-x.co/util/image/w/roadwolf.jpg?v=at&amp;w=815&amp;h=458\&quot;,\&quot;variant\&quot;:\&quot;815w\&quot;},{\&quot;src\&quot;:\&quot;https://s.w-x.co/util/image/w/roadwolf.jpg?v=at&amp;w=1280&amp;h=720\&quot;,\&quot;variant\&quot;:\&quot;1024w\&quot;}],\&quot;lqip\&quot;:\&quot;https://s.w-x.co/util/image/w/roadwolf.jpg?v=at&amp;w=73&amp;h=49\&quot;,\&quot;provider\&quot;:{\&quot;name\&quot;:\&quot;TWC\&quot;},\&quot;publishdate\&quot;:\&quot;2021-11-02T10:09:42.000-04:00\&quot;,\&quot;icon\&quot;:\&quot;photo\&quot;,\&quot;category\&quot;:{\&quot;link\&quot;:\&quot;\&quot;,\&quot;title\&quot;:\&quot;\&quot;},\&quot;webVideoData\&quot;:{\&quot;web\&quot;:\&quot;https://v.w-x.co/digital_video/The_Weather_Channel_-_Reach_Engine/bcb9c989-97d0-4dc0-add3-1233e9b8c5fc/WOLF_IN_THE_FAST_LANE_Playlist.m3u8\&quot;,\&quot;mweb\&quot;:\&quot;https://v.w-x.co/digital_video/The_Weather_Channel_-_Reach_Engine/bcb9c989-97d0-4dc0-add3-1233e9b8c5fc/WOLF_IN_THE_FAST_LANE_Playlist.m3u8\&quot;}},{\&quot;headline\&quot;:\&quot;Smells Like Rotting Flesh and Just Bloomed in San Diego\&quot;,\&quot;url\&quot;:\&quot;/news/trending/video/rare-corpse-flower-blooms-in-san-diego\&quot;,\&quot;caption\&quot;:\&quot;People line up to watch an incredible event in San Diego \u2014 the blooming of the rare corpse flower plant, which emits an odor that smells like rotting flesh. Take a look at the ephemeral beauty.\&quot;,\&quot;teaserTitle\&quot;:\&quot;Smells Like Rotting Flesh and Just Bloomed in San Diego\&quot;,\&quot;src\&quot;:\&quot;https://s.w-x.co/CorpseFlower.jpg\&quot;,\&quot;srcSet\&quot;:[{\&quot;src\&quot;:\&quot;https://s.w-x.co/util/image/w/CorpseFlower.jpg?v=at&amp;w=160&amp;h=90\&quot;,\&quot;variant\&quot;:\&quot;160w\&quot;},{\&quot;src\&quot;:\&quot;https://s.w-x.co/util/image/w/CorpseFlower.jpg?v=at&amp;w=320&amp;h=180\&quot;,\&quot;variant\&quot;:\&quot;320w\&quot;},{\&quot;src\&quot;:\&quot;https://s.w-x.co/util/image/w/CorpseFlower.jpg?v=at&amp;w=815&amp;h=458\&quot;,\&quot;variant\&quot;:\&quot;815w\&quot;},{\&quot;src\&quot;:\&quot;https://s.w-x.co/util/image/w/CorpseFlower.jpg?v=at&amp;w=1280&amp;h=720\&quot;,\&quot;variant\&quot;:\&quot;1024w\&quot;}],\&quot;lqip\&quot;:\&quot;https://s.w-x.co/util/image/w/CorpseFlower.jpg?v=at&amp;w=73&amp;h=49\&quot;,\&quot;provider\&quot;:{\&quot;name\&quot;:\&quot;TWC\&quot;},\&quot;publishdate\&quot;:\&quot;2021-11-03T09:06:52.000-04:00\&quot;,\&quot;icon\&quot;:\&quot;photo\&quot;,\&quot;category\&quot;:{\&quot;link\&quot;:\&quot;\&quot;,\&quot;title\&quot;:\&quot;\&quot;},\&quot;webVideoData\&quot;:{\&quot;web\&quot;:\&quot;https://v.w-x.co/digital_video/The_Weather_Channel_-_Reach_Engine/fd6666b2-95e3-4ac4-8e06-1fe3ece36f7a/RARE_CORPSE_FLOWER_1_mezz_Playlist.m3u8\&quot;,\&quot;mweb\&quot;:\&quot;https://v.w-x.co/digital_video/The_Weather_Channel_-_Reach_Engine/fd6666b2-95e3-4ac4-8e06-1fe3ece36f7a/RARE_CORPSE_FLOWER_1_mezz_Playlist.m3u8\&quot;}},{\&quot;headline\&quot;:\&quot;2,000-Year-Old Amethyst May Be First of Its Kind\&quot;,\&quot;url\&quot;:\&quot;/news/trending/video/2000-year-old-amethyst-may-be-first-of-its-kind\&quot;,\&quot;caption\&quot;:\&quot;A 2,000-year-old amethyst is found in a drainage ditch in Israel -- and it may be the first discovery of its kind. Here\u2019s why.\&quot;,\&quot;teaserTitle\&quot;:\&quot;Tiny Artifact May Be First of Its Kind\&quot;,\&quot;src\&quot;:\&quot;https://s.w-x.co/1102amethyst.jpg\&quot;,\&quot;srcSet\&quot;:[{\&quot;src\&quot;:\&quot;https://s.w-x.co/util/image/w/1102amethyst.jpg?v=at&amp;w=160&amp;h=90\&quot;,\&quot;variant\&quot;:\&quot;160w\&quot;},{\&quot;src\&quot;:\&quot;https://s.w-x.co/util/image/w/1102amethyst.jpg?v=at&amp;w=320&amp;h=180\&quot;,\&quot;variant\&quot;:\&quot;320w\&quot;},{\&quot;src\&quot;:\&quot;https://s.w-x.co/util/image/w/1102amethyst.jpg?v=at&amp;w=815&amp;h=458\&quot;,\&quot;variant\&quot;:\&quot;815w\&quot;},{\&quot;src\&quot;:\&quot;https://s.w-x.co/util/image/w/1102amethyst.jpg?v=at&amp;w=1280&amp;h=720\&quot;,\&quot;variant\&quot;:\&quot;1024w\&quot;}],\&quot;lqip\&quot;:\&quot;https://s.w-x.co/util/image/w/1102amethyst.jpg?v=at&amp;w=73&amp;h=49\&quot;,\&quot;provider\&quot;:{\&quot;name\&quot;:\&quot;TWC\&quot;},\&quot;publishdate\&quot;:\&quot;2021-11-02T17:20:13.000-04:00\&quot;,\&quot;icon\&quot;:\&quot;photo\&quot;,\&quot;category\&quot;:{\&quot;link\&quot;:\&quot;\&quot;,\&quot;title\&quot;:\&quot;\&quot;},\&quot;webVideoData\&quot;:{\&quot;web\&quot;:\&quot;https://v.w-x.co/digital_video/The_Weather_Channel_-_Reach_Engine/c28dde6f-dd26-4786-baba-281f88ca9a5c/AncientAmethystFound_TEXTmezz_Playlist.m3u8\&quot;,\&quot;mweb\&quot;:\&quot;https://v.w-x.co/digital_video/The_Weather_Channel_-_Reach_Engine/c28dde6f-dd26-4786-baba-281f88ca9a5c/AncientAmethystFound_TEXTmezz_Playlist.m3u8\&quot;}},{\&quot;headline\&quot;:\&quot;Astronauts Make Space Tacos With Chiles They Grew\&quot;,\&quot;url\&quot;:\&quot;/science/space/video/astronauts-enjoy-first-space-tacos\&quot;,\&quot;caption\&quot;:\&quot;Space food has come a long way. Astronauts on the International Space Station made space tacos after harvesting the first chile peppers grown in space.\&quot;,\&quot;teaserTitle\&quot;:\&quot;Here\u2019s What a Space Taco Looks Like\&quot;,\&quot;src\&quot;:\&quot;https://s.w-x.co/spacetaco.jpeg\&quot;,\&quot;srcSet\&quot;:[{\&quot;src\&quot;:\&quot;https://s.w-x.co/util/image/w/spacetaco.jpeg?v=at&amp;w=160&amp;h=90\&quot;,\&quot;variant\&quot;:\&quot;160w\&quot;},{\&quot;src\&quot;:\&quot;https://s.w-x.co/util/image/w/spacetaco.jpeg?v=at&amp;w=320&amp;h=180\&quot;,\&quot;variant\&quot;:\&quot;320w\&quot;},{\&quot;src\&quot;:\&quot;https://s.w-x.co/util/image/w/spacetaco.jpeg?v=at&amp;w=815&amp;h=458\&quot;,\&quot;variant\&quot;:\&quot;815w\&quot;},{\&quot;src\&quot;:\&quot;https://s.w-x.co/util/image/w/spacetaco.jpeg?v=at&amp;w=1280&amp;h=720\&quot;,\&quot;variant\&quot;:\&quot;1024w\&quot;}],\&quot;lqip\&quot;:\&quot;https://s.w-x.co/util/image/w/spacetaco.jpeg?v=at&amp;w=73&amp;h=49\&quot;,\&quot;provider\&quot;:{\&quot;name\&quot;:\&quot;TWC\&quot;},\&quot;publishdate\&quot;:\&quot;2021-11-02T10:19:54.000-04:00\&quot;,\&quot;icon\&quot;:\&quot;photo\&quot;,\&quot;category\&quot;:{\&quot;link\&quot;:\&quot;\&quot;,\&quot;title\&quot;:\&quot;\&quot;},\&quot;webVideoData\&quot;:{\&quot;web\&quot;:\&quot;https://v.w-x.co/digital_video/The_Weather_Channel_-_Reach_Engine/88f2aee6-e0fb-41ad-b6aa-73eb884ac975/v3_Astronauts_Enjoy_First_Space_Tacos_mezz_Playlist.m3u8\&quot;,\&quot;mweb\&quot;:\&quot;https://v.w-x.co/digital_video/The_Weather_Channel_-_Reach_Engine/88f2aee6-e0fb-41ad-b6aa-73eb884ac975/v3_Astronauts_Enjoy_First_Space_Tacos_mezz_Playlist.m3u8\&quot;}},{\&quot;headline\&quot;:\&quot;Injured Cat Rescued from Volcano\&quot;,\&quot;url\&quot;:\&quot;/science/nature/video/injured-cat-rescued-from-volcano\&quot;,\&quot;caption\&quot;:\&quot;An injured cat is found with singed whiskers and burned fur in the exclusion zone around a volcano on the Spanish island of La Palma.\&quot;,\&quot;teaserTitle\&quot;:\&quot;Furry Feline Injured in La Palma Volcano\&quot;,\&quot;src\&quot;:\&quot;https://s.w-x.co/volcanocat.jpg\&quot;,\&quot;srcSet\&quot;:[{\&quot;src\&quot;:\&quot;https://s.w-x.co/util/image/w/volcanocat.jpg?v=at&amp;w=160&amp;h=90\&quot;,\&quot;variant\&quot;:\&quot;160w\&quot;},{\&quot;src\&quot;:\&quot;https://s.w-x.co/util/image/w/volcanocat.jpg?v=at&amp;w=320&amp;h=180\&quot;,\&quot;variant\&quot;:\&quot;320w\&quot;},{\&quot;src\&quot;:\&quot;https://s.w-x.co/util/image/w/volcanocat.jpg?v=at&amp;w=815&amp;h=458\&quot;,\&quot;variant\&quot;:\&quot;815w\&quot;},{\&quot;src\&quot;:\&quot;https://s.w-x.co/util/image/w/volcanocat.jpg?v=at&amp;w=1280&amp;h=720\&quot;,\&quot;variant\&quot;:\&quot;1024w\&quot;}],\&quot;lqip\&quot;:\&quot;https://s.w-x.co/util/image/w/volcanocat.jpg?v=at&amp;w=73&amp;h=49\&quot;,\&quot;provider\&quot;:{\&quot;name\&quot;:\&quot;TWC\&quot;},\&quot;publishdate\&quot;:\&quot;2021-11-02T09:06:52.000-04:00\&quot;,\&quot;icon\&quot;:\&quot;photo\&quot;,\&quot;category\&quot;:{\&quot;link\&quot;:\&quot;\&quot;,\&quot;title\&quot;:\&quot;\&quot;},\&quot;webVideoData\&quot;:{\&quot;web\&quot;:\&quot;https://v.w-x.co/digital_video/The_Weather_Channel_-_Reach_Engine/0605c626-1158-4f9c-b33a-174d85602dc8/CAT_RESCUED_1_mezz_Playlist.m3u8\&quot;,\&quot;mweb\&quot;:\&quot;https://v.w-x.co/digital_video/The_Weather_Channel_-_Reach_Engine/0605c626-1158-4f9c-b33a-174d85602dc8/CAT_RESCUED_1_mezz_Playlist.m3u8\&quot;}},{\&quot;headline\&quot;:\&quot;Bizarre Red and Green Mountain\&quot;,\&quot;url\&quot;:\&quot;/news/trending/video/bizarre-red-and-green-mountain\&quot;,\&quot;caption\&quot;:\&quot;An unusual scene is attracting tourists to a mountain in eastern China.\&quot;,\&quot;teaserTitle\&quot;:\&quot;Freak Foliage Splits Mountain in Half\&quot;,\&quot;src\&quot;:\&quot;https://s.w-x.co/MountainSplit.jpg\&quot;,\&quot;srcSet\&quot;:[{\&quot;src\&quot;:\&quot;https://s.w-x.co/util/image/w/MountainSplit.jpg?v=at&amp;w=160&amp;h=90\&quot;,\&quot;variant\&quot;:\&quot;160w\&quot;},{\&quot;src\&quot;:\&quot;https://s.w-x.co/util/image/w/MountainSplit.jpg?v=at&amp;w=320&amp;h=180\&quot;,\&quot;variant\&quot;:\&quot;320w\&quot;},{\&quot;src\&quot;:\&quot;https://s.w-x.co/util/image/w/MountainSplit.jpg?v=at&amp;w=815&amp;h=458\&quot;,\&quot;variant\&quot;:\&quot;815w\&quot;},{\&quot;src\&quot;:\&quot;https://s.w-x.co/util/image/w/MountainSplit.jpg?v=at&amp;w=1280&amp;h=720\&quot;,\&quot;variant\&quot;:\&quot;1024w\&quot;}],\&quot;lqip\&quot;:\&quot;https://s.w-x.co/util/image/w/MountainSplit.jpg?v=at&amp;w=73&amp;h=49\&quot;,\&quot;provider\&quot;:{\&quot;name\&quot;:\&quot;TWC\&quot;},\&quot;publishdate\&quot;:\&quot;2021-11-01T08:23:23.000-04:00\&quot;,\&quot;icon\&quot;:\&quot;photo\&quot;,\&quot;category\&quot;:{\&quot;link\&quot;:\&quot;\&quot;,\&quot;title\&quot;:\&quot;\&quot;},\&quot;webVideoData\&quot;:{\&quot;web\&quot;:\&quot;https://v.w-x.co/digital_video/The_Weather_Channel_-_Reach_Engine/c71b4ebd-7f6c-4f97-8da6-aa12fe6f459b/TREES_SPLIT_MOUNTAIN_1_mezz_Playlist.m3u8\&quot;,\&quot;mweb\&quot;:\&quot;https://v.w-x.co/digital_video/The_Weather_Channel_-_Reach_Engine/c71b4ebd-7f6c-4f97-8da6-aa12fe6f459b/TREES_SPLIT_MOUNTAIN_1_mezz_Playlist.m3u8\&quot;}},{\&quot;headline\&quot;:\&quot;November\u2019s Celestial Treats to Watch\&quot;,\&quot;url\&quot;:\&quot;/science/space/video/novembers-celestial-treats-to-watch\&quot;,\&quot;caption\&quot;:\&quot;Here are some of the most exciting \u2013 and visible \u2013 celestial events you can catch in November.\&quot;,\&quot;teaserTitle\&quot;:\&quot;November\u2019s Celestial Treats to Watch\&quot;,\&quot;src\&quot;:\&quot;https://s.w-x.co/novmoon.jpg\&quot;,\&quot;srcSet\&quot;:[{\&quot;src\&quot;:\&quot;https://s.w-x.co/util/image/w/novmoon.jpg?v=at&amp;w=160&amp;h=90\&quot;,\&quot;variant\&quot;:\&quot;160w\&quot;},{\&quot;src\&quot;:\&quot;https://s.w-x.co/util/image/w/novmoon.jpg?v=at&amp;w=320&amp;h=180\&quot;,\&quot;variant\&quot;:\&quot;320w\&quot;},{\&quot;src\&quot;:\&quot;https://s.w-x.co/util/image/w/novmoon.jpg?v=at&amp;w=815&amp;h=458\&quot;,\&quot;variant\&quot;:\&quot;815w\&quot;},{\&quot;src\&quot;:\&quot;https://s.w-x.co/util/image/w/novmoon.jpg?v=at&amp;w=1280&amp;h=720\&quot;,\&quot;variant\&quot;:\&quot;1024w\&quot;}],\&quot;lqip\&quot;:\&quot;https://s.w-x.co/util/image/w/novmoon.jpg?v=at&amp;w=73&amp;h=49\&quot;,\&quot;provider\&quot;:{\&quot;name\&quot;:\&quot;TWC\&quot;},\&quot;publishdate\&quot;:\&quot;2021-11-01T17:24:54.000-04:00\&quot;,\&quot;icon\&quot;:\&quot;photo\&quot;,\&quot;category\&quot;:{\&quot;link\&quot;:\&quot;\&quot;,\&quot;title\&quot;:\&quot;\&quot;},\&quot;webVideoData\&quot;:{\&quot;web\&quot;:\&quot;https://v.w-x.co/digital_video/The_Weather_Channel_-_Reach_Engine/0b8c8304-7ee7-481d-b7d3-8c0160a74f50/v3_Novembers_Celestial_Treats_to_Watch_mezz_Playlist.m3u8\&quot;,\&quot;mweb\&quot;:\&quot;https://v.w-x.co/digital_video/The_Weather_Channel_-_Reach_Engine/0b8c8304-7ee7-481d-b7d3-8c0160a74f50/v3_Novembers_Celestial_Treats_to_Watch_mezz_Playlist.m3u8\&quot;}},{\&quot;headline\&quot;:\&quot;Why Is This California City So Stinky?\&quot;,\&quot;url\&quot;:\&quot;/news/trending/video/california-city-is-so-stinky-officials-declare-state-of-emergency\&quot;,\&quot;caption\&quot;:\&quot;Drought is partly to blame for the odor that\u2019s been plaguing Carson, California, for weeks.\&quot;,\&quot;teaserTitle\&quot;:\&quot;California City\u2019s Stench Prompts Emergency Declaration\&quot;,\&quot;src\&quot;:\&quot;https://s.w-x.co/CarsonStink.jpg\&quot;,\&quot;srcSet\&quot;:[{\&quot;src\&quot;:\&quot;https://s.w-x.co/util/image/w/CarsonStink.jpg?v=at&amp;w=160&amp;h=90\&quot;,\&quot;variant\&quot;:\&quot;160w\&quot;},{\&quot;src\&quot;:\&quot;https://s.w-x.co/util/image/w/CarsonStink.jpg?v=at&amp;w=320&amp;h=180\&quot;,\&quot;variant\&quot;:\&quot;320w\&quot;},{\&quot;src\&quot;:\&quot;https://s.w-x.co/util/image/w/CarsonStink.jpg?v=at&amp;w=815&amp;h=458\&quot;,\&quot;variant\&quot;:\&quot;815w\&quot;},{\&quot;src\&quot;:\&quot;https://s.w-x.co/util/image/w/CarsonStink.jpg?v=at&amp;w=1280&amp;h=720\&quot;,\&quot;variant\&quot;:\&quot;1024w\&quot;}],\&quot;lqip\&quot;:\&quot;https://s.w-x.co/util/image/w/CarsonStink.jpg?v=at&amp;w=73&amp;h=49\&quot;,\&quot;provider\&quot;:{\&quot;name\&quot;:\&quot;TWC\&quot;},\&quot;publishdate\&quot;:\&quot;2021-11-01T11:23:13.000-04:00\&quot;,\&quot;icon\&quot;:\&quot;photo\&quot;,\&quot;category\&quot;:{\&quot;link\&quot;:\&quot;\&quot;,\&quot;title\&quot;:\&quot;\&quot;},\&quot;webVideoData\&quot;:{\&quot;web\&quot;:\&quot;https://v.w-x.co/digital_video/The_Weather_Channel_-_Reach_Engine/e65bd06d-bbc4-4f95-bbd6-f7f9489bcd5c/1101_FOUL_ODOR_EMERGENCY_AMmezz_Playlist.m3u8\&quot;,\&quot;mweb\&quot;:\&quot;https://v.w-x.co/digital_video/The_Weather_Channel_-_Reach_Engine/e65bd06d-bbc4-4f95-bbd6-f7f9489bcd5c/1101_FOUL_ODOR_EMERGENCY_AMmezz_Playlist.m3u8\&quot;}},{\&quot;headline\&quot;:\&quot;Snowboarder&apos;s Fall Down Near Vertical Descent\&quot;,\&quot;url\&quot;:\&quot;/sports-recreation/video/snowboarder-no-match-for-steep-mountain\&quot;,\&quot;caption\&quot;:\&quot;Watch this Italian snowboarder lose control and fall down an almost vertical descent.\&quot;,\&quot;teaserTitle\&quot;:\&quot;Snowboarder&apos;s Fall Down Near Vertical Descent\&quot;,\&quot;src\&quot;:\&quot;https://s.w-x.co/1027snowboard.jpg\&quot;,\&quot;srcSet\&quot;:[{\&quot;src\&quot;:\&quot;https://s.w-x.co/util/image/w/1027snowboard.jpg?v=at&amp;w=160&amp;h=90\&quot;,\&quot;variant\&quot;:\&quot;160w\&quot;},{\&quot;src\&quot;:\&quot;https://s.w-x.co/util/image/w/1027snowboard.jpg?v=at&amp;w=320&amp;h=180\&quot;,\&quot;variant\&quot;:\&quot;320w\&quot;},{\&quot;src\&quot;:\&quot;https://s.w-x.co/util/image/w/1027snowboard.jpg?v=at&amp;w=815&amp;h=458\&quot;,\&quot;variant\&quot;:\&quot;815w\&quot;},{\&quot;src\&quot;:\&quot;https://s.w-x.co/util/image/w/1027snowboard.jpg?v=at&amp;w=1280&amp;h=720\&quot;,\&quot;variant\&quot;:\&quot;1024w\&quot;}],\&quot;lqip\&quot;:\&quot;https://s.w-x.co/util/image/w/1027snowboard.jpg?v=at&amp;w=73&amp;h=49\&quot;,\&quot;provider\&quot;:{\&quot;name\&quot;:\&quot;TWC\&quot;},\&quot;publishdate\&quot;:\&quot;2021-10-27T14:37:42.000-04:00\&quot;,\&quot;icon\&quot;:\&quot;photo\&quot;,\&quot;category\&quot;:{\&quot;link\&quot;:\&quot;\&quot;,\&quot;title\&quot;:\&quot;\&quot;},\&quot;webVideoData\&quot;:{\&quot;web\&quot;:\&quot;https://v.w-x.co/digital_video/The_Weather_Channel_-_Reach_Engine/76117199-bbbf-4a12-ac8a-bbe11b679c39/v2_Snowboarder_No_Match_for_Steep_Mountain_mezz_Playlist.m3u8\&quot;,\&quot;mweb\&quot;:\&quot;https://v.w-x.co/digital_video/The_Weather_Channel_-_Reach_Engine/76117199-bbbf-4a12-ac8a-bbe11b679c39/v2_Snowboarder_No_Match_for_Steep_Mountain_mezz_Playlist.m3u8\&quot;}},{\&quot;headline\&quot;:\&quot;10,000 Landmark Trees to Be Cleared Away\&quot;,\&quot;url\&quot;:\&quot;/news/trending/video/california-to-clear-10000-damaged-trees-near-giant-sequoias\&quot;,\&quot;caption\&quot;:\&quot;The trees, along a portion General\u2019s Highway, are victims of wildfire, drought, disease and age.\&quot;,\&quot;teaserTitle\&quot;:\&quot;10,000 Landmark Trees Must Go\&quot;,\&quot;src\&quot;:\&quot;https://s.w-x.co/Sequoias.jpg\&quot;,\&quot;srcSet\&quot;:[{\&quot;src\&quot;:\&quot;https://s.w-x.co/util/image/w/Sequoias.jpg?v=at&amp;w=160&amp;h=90\&quot;,\&quot;variant\&quot;:\&quot;160w\&quot;},{\&quot;src\&quot;:\&quot;https://s.w-x.co/util/image/w/Sequoias.jpg?v=at&amp;w=320&amp;h=180\&quot;,\&quot;variant\&quot;:\&quot;320w\&quot;},{\&quot;src\&quot;:\&quot;https://s.w-x.co/util/image/w/Sequoias.jpg?v=at&amp;w=815&amp;h=458\&quot;,\&quot;variant\&quot;:\&quot;815w\&quot;},{\&quot;src\&quot;:\&quot;https://s.w-x.co/util/image/w/Sequoias.jpg?v=at&amp;w=1280&amp;h=720\&quot;,\&quot;variant\&quot;:\&quot;1024w\&quot;}],\&quot;lqip\&quot;:\&quot;https://s.w-x.co/util/image/w/Sequoias.jpg?v=at&amp;w=73&amp;h=49\&quot;,\&quot;provider\&quot;:{\&quot;name\&quot;:\&quot;TWC\&quot;},\&quot;publishdate\&quot;:\&quot;2021-10-26T18:11:33.000-04:00\&quot;,\&quot;icon\&quot;:\&quot;photo\&quot;,\&quot;category\&quot;:{\&quot;link\&quot;:\&quot;\&quot;,\&quot;title\&quot;:\&quot;\&quot;},\&quot;webVideoData\&quot;:{\&quot;web\&quot;:\&quot;https://v.w-x.co/digital_video/The_Weather_Channel_-_Reach_Engine/ac6df966-9403-43f5-b51c-d91b3c6fb63e/1026_TreesToBeRemovedInCA_STUDIOmezz_Playlist.m3u8\&quot;,\&quot;mweb\&quot;:\&quot;https://v.w-x.co/digital_video/The_Weather_Channel_-_Reach_Engine/ac6df966-9403-43f5-b51c-d91b3c6fb63e/1026_TreesToBeRemovedInCA_STUDIOmezz_Playlist.m3u8\&quot;}},{\&quot;headline\&quot;:\&quot;Massive Wave Destroys Boat, Batters Fisherman\&quot;,\&quot;url\&quot;:\&quot;/news/weather/video/massive-wave-destroys-boat-batters-fisherman\&quot;,\&quot;caption\&quot;:\&quot;The remnants of Typhoon Kompasu created dangerous surf conditions off of the Philippines that destroyed a fisherman\u2019s boat while he was in it.\&quot;,\&quot;teaserTitle\&quot;:\&quot;Watch Giant Wave Smash Boat to Pieces\&quot;,\&quot;src\&quot;:\&quot;https://s.w-x.co/1029boatwave.jpg\&quot;,\&quot;srcSet\&quot;:[{\&quot;src\&quot;:\&quot;https://s.w-x.co/util/image/w/1029boatwave.jpg?v=at&amp;w=160&amp;h=90\&quot;,\&quot;variant\&quot;:\&quot;160w\&quot;},{\&quot;src\&quot;:\&quot;https://s.w-x.co/util/image/w/1029boatwave.jpg?v=at&amp;w=320&amp;h=180\&quot;,\&quot;variant\&quot;:\&quot;320w\&quot;},{\&quot;src\&quot;:\&quot;https://s.w-x.co/util/image/w/1029boatwave.jpg?v=at&amp;w=815&amp;h=458\&quot;,\&quot;variant\&quot;:\&quot;815w\&quot;},{\&quot;src\&quot;:\&quot;https://s.w-x.co/util/image/w/1029boatwave.jpg?v=at&amp;w=1280&amp;h=720\&quot;,\&quot;variant\&quot;:\&quot;1024w\&quot;}],\&quot;lqip\&quot;:\&quot;https://s.w-x.co/util/image/w/1029boatwave.jpg?v=at&amp;w=73&amp;h=49\&quot;,\&quot;provider\&quot;:{\&quot;name\&quot;:\&quot;TWC\&quot;},\&quot;publishdate\&quot;:\&quot;2021-10-29T12:03:32.000-04:00\&quot;,\&quot;icon\&quot;:\&quot;photo\&quot;,\&quot;category\&quot;:{\&quot;link\&quot;:\&quot;\&quot;,\&quot;title\&quot;:\&quot;\&quot;},\&quot;webVideoData\&quot;:{\&quot;web\&quot;:\&quot;https://v.w-x.co/digital_video/The_Weather_Channel_-_Reach_Engine/bfc9d455-651d-4a62-a95c-e954bd033f2c/HUGE_WAVES_SLAM_INTO_BOAT_Playlist.m3u8\&quot;,\&quot;mweb\&quot;:\&quot;https://v.w-x.co/digital_video/The_Weather_Channel_-_Reach_Engine/bfc9d455-651d-4a62-a95c-e954bd033f2c/HUGE_WAVES_SLAM_INTO_BOAT_Playlist.m3u8\&quot;}},{\&quot;headline\&quot;:\&quot;Dried Up Lake is Disaster for Flamingos\&quot;,\&quot;url\&quot;:\&quot;/news/climate/video/large-turkish-lake-dries-up-from-drought-brought-by-climate-change\&quot;,\&quot;caption\&quot;:\&quot;A large lake in central Turkey that was home to thousands of migrating flamingos has completely dried up from drought caused by climate change.\&quot;,\&quot;teaserTitle\&quot;:\&quot;Heartbreaking Scene After Lake Dries Up\&quot;,\&quot;src\&quot;:\&quot;https://s.w-x.co/LakeTuz.jpg\&quot;,\&quot;srcSet\&quot;:[{\&quot;src\&quot;:\&quot;https://s.w-x.co/util/image/w/LakeTuz.jpg?v=at&amp;w=160&amp;h=90\&quot;,\&quot;variant\&quot;:\&quot;160w\&quot;},{\&quot;src\&quot;:\&quot;https://s.w-x.co/util/image/w/LakeTuz.jpg?v=at&amp;w=320&amp;h=180\&quot;,\&quot;variant\&quot;:\&quot;320w\&quot;},{\&quot;src\&quot;:\&quot;https://s.w-x.co/util/image/w/LakeTuz.jpg?v=at&amp;w=815&amp;h=458\&quot;,\&quot;variant\&quot;:\&quot;815w\&quot;},{\&quot;src\&quot;:\&quot;https://s.w-x.co/util/image/w/LakeTuz.jpg?v=at&amp;w=1280&amp;h=720\&quot;,\&quot;variant\&quot;:\&quot;1024w\&quot;}],\&quot;lqip\&quot;:\&quot;https://s.w-x.co/util/image/w/LakeTuz.jpg?v=at&amp;w=73&amp;h=49\&quot;,\&quot;provider\&quot;:{\&quot;name\&quot;:\&quot;TWC\&quot;},\&quot;publishdate\&quot;:\&quot;2021-10-28T16:27:14.000-04:00\&quot;,\&quot;icon\&quot;:\&quot;photo\&quot;,\&quot;category\&quot;:{\&quot;link\&quot;:\&quot;\&quot;,\&quot;title\&quot;:\&quot;\&quot;},\&quot;webVideoData\&quot;:{\&quot;web\&quot;:\&quot;https://v.w-x.co/digital_video/The_Weather_Channel_-_Reach_Engine/6ffd6c46-bb59-404c-8e98-69fd18392da6/1028_Turkish_Lake_Dries_Up_PM_Studio_Editmezz_Playlist.m3u8\&quot;,\&quot;mweb\&quot;:\&quot;https://v.w-x.co/digital_video/The_Weather_Channel_-_Reach_Engine/6ffd6c46-bb59-404c-8e98-69fd18392da6/1028_Turkish_Lake_Dries_Up_PM_Studio_Editmezz_Playlist.m3u8\&quot;}},{\&quot;headline\&quot;:\&quot;World\u2019s Largest Ferris Wheel Opens\&quot;,\&quot;url\&quot;:\&quot;/travel/video/the-worlds-largest-ferris-wheel-just-opened-in-dubai-offering-a-magnificent-view-of\&quot;,\&quot;caption\&quot;:\&quot;The world\u2019s largest ferris wheel just opened in Dubai, towering 820 feet into the sky and offering a magnificent view of the city.\&quot;,\&quot;teaserTitle\&quot;:\&quot;World\u2019s Largest Ferris Wheel Opens\&quot;,\&quot;src\&quot;:\&quot;https://s.w-x.co/1028fwheel.jpg\&quot;,\&quot;srcSet\&quot;:[{\&quot;src\&quot;:\&quot;https://s.w-x.co/util/image/w/1028fwheel.jpg?v=at&amp;w=160&amp;h=90\&quot;,\&quot;variant\&quot;:\&quot;160w\&quot;},{\&quot;src\&quot;:\&quot;https://s.w-x.co/util/image/w/1028fwheel.jpg?v=at&amp;w=320&amp;h=180\&quot;,\&quot;variant\&quot;:\&quot;320w\&quot;},{\&quot;src\&quot;:\&quot;https://s.w-x.co/util/image/w/1028fwheel.jpg?v=at&amp;w=815&amp;h=458\&quot;,\&quot;variant\&quot;:\&quot;815w\&quot;},{\&quot;src\&quot;:\&quot;https://s.w-x.co/util/image/w/1028fwheel.jpg?v=at&amp;w=1280&amp;h=720\&quot;,\&quot;variant\&quot;:\&quot;1024w\&quot;}],\&quot;lqip\&quot;:\&quot;https://s.w-x.co/util/image/w/1028fwheel.jpg?v=at&amp;w=73&amp;h=49\&quot;,\&quot;provider\&quot;:{\&quot;name\&quot;:\&quot;TWC\&quot;},\&quot;publishdate\&quot;:\&quot;2021-10-28T15:51:33.000-04:00\&quot;,\&quot;icon\&quot;:\&quot;photo\&quot;,\&quot;category\&quot;:{\&quot;link\&quot;:\&quot;\&quot;,\&quot;title\&quot;:\&quot;\&quot;},\&quot;webVideoData\&quot;:{\&quot;web\&quot;:\&quot;https://v.w-x.co/digital_video/The_Weather_Channel_-_Reach_Engine/af9e1cdb-f1be-4371-9268-947595583117/THE_WORLD&apos;S_LARGEST_FERRIS_WHEEL_JUST_OPENED_IN_DUBAI_Playlist.m3u8\&quot;,\&quot;mweb\&quot;:\&quot;https://v.w-x.co/digital_video/The_Weather_Channel_-_Reach_Engine/af9e1cdb-f1be-4371-9268-947595583117/THE_WORLD&apos;S_LARGEST_FERRIS_WHEEL_JUST_OPENED_IN_DUBAI_Playlist.m3u8\&quot;}},{\&quot;headline\&quot;:\&quot;Chicago At Risk from Climate Change and Swings in Lake Michigan Water Levels\&quot;,\&quot;url\&quot;:\&quot;/news/climate/video/chicago-at-risk-from-climate-change-and-swings-in-lake-michigan-water-levels\&quot;,\&quot;caption\&quot;:\&quot;Chicago shares a concern with U.S. coastal cities about rising water levels.\&quot;,\&quot;teaserTitle\&quot;:\&quot;Chicago Could Be Inundated by Lake Michigan\&quot;,\&quot;src\&quot;:\&quot;https://s.w-x.co/ChicagoLake.jpg\&quot;,\&quot;srcSet\&quot;:[{\&quot;src\&quot;:\&quot;https://s.w-x.co/util/image/w/ChicagoLake.jpg?v=at&amp;w=160&amp;h=90\&quot;,\&quot;variant\&quot;:\&quot;160w\&quot;},{\&quot;src\&quot;:\&quot;https://s.w-x.co/util/image/w/ChicagoLake.jpg?v=at&amp;w=320&amp;h=180\&quot;,\&quot;variant\&quot;:\&quot;320w\&quot;},{\&quot;src\&quot;:\&quot;https://s.w-x.co/util/image/w/ChicagoLake.jpg?v=at&amp;w=815&amp;h=458\&quot;,\&quot;variant\&quot;:\&quot;815w\&quot;},{\&quot;src\&quot;:\&quot;https://s.w-x.co/util/image/w/ChicagoLake.jpg?v=at&amp;w=1280&amp;h=720\&quot;,\&quot;variant\&quot;:\&quot;1024w\&quot;}],\&quot;lqip\&quot;:\&quot;https://s.w-x.co/util/image/w/ChicagoLake.jpg?v=at&amp;w=73&amp;h=49\&quot;,\&quot;provider\&quot;:{\&quot;name\&quot;:\&quot;TWC\&quot;},\&quot;publishdate\&quot;:\&quot;2021-10-27T17:45:43.000-04:00\&quot;,\&quot;icon\&quot;:\&quot;photo\&quot;,\&quot;category\&quot;:{\&quot;link\&quot;:\&quot;\&quot;,\&quot;title\&quot;:\&quot;\&quot;},\&quot;webVideoData\&quot;:{\&quot;web\&quot;:\&quot;https://v.w-x.co/digital_video/The_Weather_Channel_-_Reach_Engine/96213555-9e2a-45f6-9840-d23643a7f253/1027_CLIMATE_CHANGE_CAUSING_BIG_SWINGS_IN_LAKE_MICHIGAN_WATER_LEVELS_PM_Studio_Editmezz_Playlist.m3u8\&quot;,\&quot;mweb\&quot;:\&quot;https://v.w-x.co/digital_video/The_Weather_Channel_-_Reach_Engine/96213555-9e2a-45f6-9840-d23643a7f253/1027_CLIMATE_CHANGE_CAUSING_BIG_SWINGS_IN_LAKE_MICHIGAN_WATER_LEVELS_PM_Studio_Editmezz_Playlist.m3u8\&quot;}},{\&quot;headline\&quot;:\&quot;Bad News for One of World&apos;s Rarest Marine Mammals\&quot;,\&quot;url\&quot;:\&quot;/science/nature/video/number-of-north-atlantic-right-whales-drops-by-nearly-10\&quot;,\&quot;caption\&quot;:\&quot;There are fewer than 350 North Atlantic right whales left, according to a group that monitors them. Images obtained via NOAA permits #594-1759, #18786, #15488 and #20556-01.\&quot;,\&quot;teaserTitle\&quot;:\&quot;Bad News for One of World&apos;s Rarest Mammals\&quot;,\&quot;src\&quot;:\&quot;https://s.w-x.co/RightWhale.jpg\&quot;,\&quot;srcSet\&quot;:[{\&quot;src\&quot;:\&quot;https://s.w-x.co/util/image/w/RightWhale.jpg?v=at&amp;w=160&amp;h=90\&quot;,\&quot;variant\&quot;:\&quot;160w\&quot;},{\&quot;src\&quot;:\&quot;https://s.w-x.co/util/image/w/RightWhale.jpg?v=at&amp;w=320&amp;h=180\&quot;,\&quot;variant\&quot;:\&quot;320w\&quot;},{\&quot;src\&quot;:\&quot;https://s.w-x.co/util/image/w/RightWhale.jpg?v=at&amp;w=815&amp;h=458\&quot;,\&quot;variant\&quot;:\&quot;815w\&quot;},{\&quot;src\&quot;:\&quot;https://s.w-x.co/util/image/w/RightWhale.jpg?v=at&amp;w=1280&amp;h=720\&quot;,\&quot;variant\&quot;:\&quot;1024w\&quot;}],\&quot;lqip\&quot;:\&quot;https://s.w-x.co/util/image/w/RightWhale.jpg?v=at&amp;w=73&amp;h=49\&quot;,\&quot;provider\&quot;:{\&quot;name\&quot;:\&quot;TWC\&quot;},\&quot;publishdate\&quot;:\&quot;2021-10-26T14:18:42.000-04:00\&quot;,\&quot;icon\&quot;:\&quot;photo\&quot;,\&quot;category\&quot;:{\&quot;link\&quot;:\&quot;\&quot;,\&quot;title\&quot;:\&quot;\&quot;},\&quot;webVideoData\&quot;:{\&quot;web\&quot;:\&quot;https://v.w-x.co/digital_video/The_Weather_Channel_-_Reach_Engine/34a8a9e7-c54d-4ae5-b28c-e182a80dea53/v2_Number_of_North_Atlantic_Right_Whales_Drops_by_Nearly_10_percent_mezz_Playlist.m3u8\&quot;,\&quot;mweb\&quot;:\&quot;https://v.w-x.co/digital_video/The_Weather_Channel_-_Reach_Engine/34a8a9e7-c54d-4ae5-b28c-e182a80dea53/v2_Number_of_North_Atlantic_Right_Whales_Drops_by_Nearly_10_percent_mezz_Playlist.m3u8\&quot;}},{\&quot;headline\&quot;:\&quot;Whirlpool Can&apos;t Keep Pumpkin Down\&quot;,\&quot;url\&quot;:\&quot;/news/trending/video/pumpkin-gets-sucked-into-whirlpool-and-comes-out-the-other-side\&quot;,\&quot;caption\&quot;:\&quot;Watch a pumpkin disappear into a spinning vortex of water and pop up across the street.\&quot;,\&quot;teaserTitle\&quot;:\&quot;Pumpkin Sucked Into Whirlpool and Comes Out Other Side\&quot;,\&quot;src\&quot;:\&quot;https://s.w-x.co/WhirlpoolPumpkin.jpg\&quot;,\&quot;srcSet\&quot;:[{\&quot;src\&quot;:\&quot;https://s.w-x.co/util/image/w/WhirlpoolPumpkin.jpg?v=at&amp;w=160&amp;h=90\&quot;,\&quot;variant\&quot;:\&quot;160w\&quot;},{\&quot;src\&quot;:\&quot;https://s.w-x.co/util/image/w/WhirlpoolPumpkin.jpg?v=at&amp;w=320&amp;h=180\&quot;,\&quot;variant\&quot;:\&quot;320w\&quot;},{\&quot;src\&quot;:\&quot;https://s.w-x.co/util/image/w/WhirlpoolPumpkin.jpg?v=at&amp;w=815&amp;h=458\&quot;,\&quot;variant\&quot;:\&quot;815w\&quot;},{\&quot;src\&quot;:\&quot;https://s.w-x.co/util/image/w/WhirlpoolPumpkin.jpg?v=at&amp;w=1280&amp;h=720\&quot;,\&quot;variant\&quot;:\&quot;1024w\&quot;}],\&quot;lqip\&quot;:\&quot;https://s.w-x.co/util/image/w/WhirlpoolPumpkin.jpg?v=at&amp;w=73&amp;h=49\&quot;,\&quot;provider\&quot;:{\&quot;name\&quot;:\&quot;TWC\&quot;},\&quot;publishdate\&quot;:\&quot;2021-10-26T12:59:14.000-04:00\&quot;,\&quot;icon\&quot;:\&quot;photo\&quot;,\&quot;category\&quot;:{\&quot;link\&quot;:\&quot;\&quot;,\&quot;title\&quot;:\&quot;\&quot;},\&quot;webVideoData\&quot;:{\&quot;web\&quot;:\&quot;https://v.w-x.co/digital_video/The_Weather_Channel_-_Reach_Engine/25b47b2c-6ce6-4675-8620-b4d390fbb67b/PUMPKIN_SUCKED_INTO_WHIRLPOOL_Playlist.m3u8\&quot;,\&quot;mweb\&quot;:\&quot;https://v.w-x.co/digital_video/The_Weather_Channel_-_Reach_Engine/25b47b2c-6ce6-4675-8620-b4d390fbb67b/PUMPKIN_SUCKED_INTO_WHIRLPOOL_Playlist.m3u8\&quot;}},{\&quot;headline\&quot;:\&quot;Okinawa Invaded by Pumice After Underwater Eruption\&quot;,\&quot;url\&quot;:\&quot;/news/trending/video/okinawa-invaded-by-pumice-after-underwater-eruption\&quot;,\&quot;caption\&quot;:\&quot;The pumice stones are washing up on Okinawa\u2019s shores in waves after a nearly 900-mile journey.\&quot;,\&quot;teaserTitle\&quot;:\&quot;Underwater Eruption Sends Pumice on Epic Journey\&quot;,\&quot;src\&quot;:\&quot;https://s.w-x.co/1029pumice.jpg\&quot;,\&quot;srcSet\&quot;:[{\&quot;src\&quot;:\&quot;https://s.w-x.co/util/image/w/1029pumice.jpg?v=at&amp;w=160&amp;h=90\&quot;,\&quot;variant\&quot;:\&quot;160w\&quot;},{\&quot;src\&quot;:\&quot;https://s.w-x.co/util/image/w/1029pumice.jpg?v=at&amp;w=320&amp;h=180\&quot;,\&quot;variant\&quot;:\&quot;320w\&quot;},{\&quot;src\&quot;:\&quot;https://s.w-x.co/util/image/w/1029pumice.jpg?v=at&amp;w=815&amp;h=458\&quot;,\&quot;variant\&quot;:\&quot;815w\&quot;},{\&quot;src\&quot;:\&quot;https://s.w-x.co/util/image/w/1029pumice.jpg?v=at&amp;w=1280&amp;h=720\&quot;,\&quot;variant\&quot;:\&quot;1024w\&quot;}],\&quot;lqip\&quot;:\&quot;https://s.w-x.co/util/image/w/1029pumice.jpg?v=at&amp;w=73&amp;h=49\&quot;,\&quot;provider\&quot;:{\&quot;name\&quot;:\&quot;TWC\&quot;},\&quot;publishdate\&quot;:\&quot;2021-10-29T10:46:03.000-04:00\&quot;,\&quot;icon\&quot;:\&quot;photo\&quot;,\&quot;category\&quot;:{\&quot;link\&quot;:\&quot;\&quot;,\&quot;title\&quot;:\&quot;\&quot;},\&quot;webVideoData\&quot;:{\&quot;web\&quot;:\&quot;https://v.w-x.co/digital_video/The_Weather_Channel_-_Reach_Engine/e8806ff2-a62a-4d3f-aa60-c45b4df369a4/1029_VOLCANO_SWAMPS_OKINAWA_AMmezz_Playlist.m3u8\&quot;,\&quot;mweb\&quot;:\&quot;https://v.w-x.co/digital_video/The_Weather_Channel_-_Reach_Engine/e8806ff2-a62a-4d3f-aa60-c45b4df369a4/1029_VOLCANO_SWAMPS_OKINAWA_AMmezz_Playlist.m3u8\&quot;}},{\&quot;headline\&quot;:\&quot;Molten Cannonball of Lava Careens Down Hillside\&quot;,\&quot;url\&quot;:\&quot;/news/trending/video/molten-cannonball-of-lava-careens-down-hillside\&quot;,\&quot;caption\&quot;:\&quot;Scientists were observing the La Palma volcano in Spain when a lava bomb came rolling their way.\&quot;,\&quot;teaserTitle\&quot;:\&quot;Molten Cannonball of Lava Careens Down Hillside\&quot;,\&quot;src\&quot;:\&quot;https://s.w-x.co/1029lavabomb.jpg\&quot;,\&quot;srcSet\&quot;:[{\&quot;src\&quot;:\&quot;https://s.w-x.co/util/image/w/1029lavabomb.jpg?v=at&amp;w=160&amp;h=90\&quot;,\&quot;variant\&quot;:\&quot;160w\&quot;},{\&quot;src\&quot;:\&quot;https://s.w-x.co/util/image/w/1029lavabomb.jpg?v=at&amp;w=320&amp;h=180\&quot;,\&quot;variant\&quot;:\&quot;320w\&quot;},{\&quot;src\&quot;:\&quot;https://s.w-x.co/util/image/w/1029lavabomb.jpg?v=at&amp;w=815&amp;h=458\&quot;,\&quot;variant\&quot;:\&quot;815w\&quot;},{\&quot;src\&quot;:\&quot;https://s.w-x.co/util/image/w/1029lavabomb.jpg?v=at&amp;w=1280&amp;h=720\&quot;,\&quot;variant\&quot;:\&quot;1024w\&quot;}],\&quot;lqip\&quot;:\&quot;https://s.w-x.co/util/image/w/1029lavabomb.jpg?v=at&amp;w=73&amp;h=49\&quot;,\&quot;provider\&quot;:{\&quot;name\&quot;:\&quot;TWC\&quot;},\&quot;publishdate\&quot;:\&quot;2021-10-29T12:04:11.000-04:00\&quot;,\&quot;icon\&quot;:\&quot;photo\&quot;,\&quot;category\&quot;:{\&quot;link\&quot;:\&quot;\&quot;,\&quot;title\&quot;:\&quot;\&quot;},\&quot;webVideoData\&quot;:{\&quot;web\&quot;:\&quot;https://v.w-x.co/digital_video/The_Weather_Channel_-_Reach_Engine/65c461e9-5752-4425-a884-b2f3d4bb4db9/LAVA_BOMB_ON_THE_LOOSE_1_mezz_Playlist.m3u8\&quot;,\&quot;mweb\&quot;:\&quot;https://v.w-x.co/digital_video/The_Weather_Channel_-_Reach_Engine/65c461e9-5752-4425-a884-b2f3d4bb4db9/LAVA_BOMB_ON_THE_LOOSE_1_mezz_Playlist.m3u8\&quot;}},{\&quot;headline\&quot;:\&quot;NASA Spots &apos;Godzilla&apos; in Space\&quot;,\&quot;url\&quot;:\&quot;/science/space/video/nasa-spots-godzilla-in-space\&quot;,\&quot;caption\&quot;:\&quot;A cloud of dust and gas resembles a familiar movie monster.\&quot;,\&quot;teaserTitle\&quot;:\&quot;NASA Spots &apos;Godzilla&apos; in Space\&quot;,\&quot;src\&quot;:\&quot;https://s.w-x.co/1029godzilla.jpg\&quot;,\&quot;srcSet\&quot;:[{\&quot;src\&quot;:\&quot;https://s.w-x.co/util/image/w/1029godzilla.jpg?v=at&amp;w=160&amp;h=90\&quot;,\&quot;variant\&quot;:\&quot;160w\&quot;},{\&quot;src\&quot;:\&quot;https://s.w-x.co/util/image/w/1029godzilla.jpg?v=at&amp;w=320&amp;h=180\&quot;,\&quot;variant\&quot;:\&quot;320w\&quot;},{\&quot;src\&quot;:\&quot;https://s.w-x.co/util/image/w/1029godzilla.jpg?v=at&amp;w=815&amp;h=458\&quot;,\&quot;variant\&quot;:\&quot;815w\&quot;},{\&quot;src\&quot;:\&quot;https://s.w-x.co/util/image/w/1029godzilla.jpg?v=at&amp;w=1280&amp;h=720\&quot;,\&quot;variant\&quot;:\&quot;1024w\&quot;}],\&quot;lqip\&quot;:\&quot;https://s.w-x.co/util/image/w/1029godzilla.jpg?v=at&amp;w=73&amp;h=49\&quot;,\&quot;provider\&quot;:{\&quot;name\&quot;:\&quot;TWC\&quot;},\&quot;publishdate\&quot;:\&quot;2021-10-29T15:57:32.000-04:00\&quot;,\&quot;icon\&quot;:\&quot;photo\&quot;,\&quot;category\&quot;:{\&quot;link\&quot;:\&quot;\&quot;,\&quot;title\&quot;:\&quot;\&quot;},\&quot;webVideoData\&quot;:{\&quot;web\&quot;:\&quot;https://v.w-x.co/digital_video/The_Weather_Channel_-_Reach_Engine/90ca9f5c-c50f-4854-bd43-62ea12e8ed23/1029_GODZILLA_IN_SPACE_STUDIOmezz_Playlist.m3u8\&quot;,\&quot;mweb\&quot;:\&quot;https://v.w-x.co/digital_video/The_Weather_Channel_-_Reach_Engine/90ca9f5c-c50f-4854-bd43-62ea12e8ed23/1029_GODZILLA_IN_SPACE_STUDIOmezz_Playlist.m3u8\&quot;}},{\&quot;headline\&quot;:\&quot;Scientist Evaluates California Burn Scar From Above\&quot;,\&quot;url\&quot;:\&quot;/news/weather/video/scientist-evaluates-california-burn-scar-from-above\&quot;,\&quot;caption\&quot;:\&quot;A PG&amp;E scientist surveyed a region in Northern California that was burned during the Dixie Fire to learn how to better protect it from future weather events.\&quot;,\&quot;teaserTitle\&quot;:\&quot;Scientist Evaluates California Burn Scar From Above\&quot;,\&quot;src\&quot;:\&quot;https://v.w-x.co/1635537401831_CALIFORNIA_BURN_SCAR_EVALUATED_FROM_THE_AIR.jpg\&quot;,\&quot;srcSet\&quot;:[{\&quot;src\&quot;:\&quot;https://s.w-x.co/util/image/v/1635537401831_CALIFORNIA_BURN_SCAR_EVALUATED_FROM_THE_AIR.jpg?v=at&amp;w=160&amp;h=90\&quot;,\&quot;variant\&quot;:\&quot;160w\&quot;},{\&quot;src\&quot;:\&quot;https://s.w-x.co/util/image/v/1635537401831_CALIFORNIA_BURN_SCAR_EVALUATED_FROM_THE_AIR.jpg?v=at&amp;w=320&amp;h=180\&quot;,\&quot;variant\&quot;:\&quot;320w\&quot;},{\&quot;src\&quot;:\&quot;https://s.w-x.co/util/image/v/1635537401831_CALIFORNIA_BURN_SCAR_EVALUATED_FROM_THE_AIR.jpg?v=at&amp;w=815&amp;h=458\&quot;,\&quot;variant\&quot;:\&quot;815w\&quot;},{\&quot;src\&quot;:\&quot;https://s.w-x.co/util/image/v/1635537401831_CALIFORNIA_BURN_SCAR_EVALUATED_FROM_THE_AIR.jpg?v=at&amp;w=1280&amp;h=720\&quot;,\&quot;variant\&quot;:\&quot;1024w\&quot;}],\&quot;lqip\&quot;:\&quot;https://s.w-x.co/util/image/v/1635537401831_CALIFORNIA_BURN_SCAR_EVALUATED_FROM_THE_AIR.jpg?v=at&amp;w=73&amp;h=49\&quot;,\&quot;provider\&quot;:{\&quot;name\&quot;:\&quot;TWC\&quot;},\&quot;publishdate\&quot;:\&quot;2021-10-29T15:56:53.000-04:00\&quot;,\&quot;icon\&quot;:\&quot;photo\&quot;,\&quot;category\&quot;:{\&quot;link\&quot;:\&quot;\&quot;,\&quot;title\&quot;:\&quot;\&quot;},\&quot;webVideoData\&quot;:{\&quot;web\&quot;:\&quot;https://v.w-x.co/digital_video/The_Weather_Channel_-_Reach_Engine/eae5b49a-b169-4c59-b234-314abd684b11/CALIFORNIA_BURN_SCAR_EVALUATED_FROM_THE_AIR_Playlist.m3u8\&quot;,\&quot;mweb\&quot;:\&quot;https://v.w-x.co/digital_video/The_Weather_Channel_-_Reach_Engine/eae5b49a-b169-4c59-b234-314abd684b11/CALIFORNIA_BURN_SCAR_EVALUATED_FROM_THE_AIR_Playlist.m3u8\&quot;}},{\&quot;headline\&quot;:\&quot;This May Be First Planet Spotted Outside Our Galaxy\&quot;,\&quot;url\&quot;:\&quot;/science/space/video/first-time-possible-planet-spotted-outside-our-galaxy\&quot;,\&quot;caption\&quot;:\&quot;Scientists may have found a planet outside our galaxy for the first time thanks to NASA\u2019s Chandra X-Ray.\&quot;,\&quot;teaserTitle\&quot;:\&quot;First Time Possible Planet Spotted Outside Our Galaxy\&quot;,\&quot;src\&quot;:\&quot;https://s.w-x.co/1028newplanet.jpg\&quot;,\&quot;srcSet\&quot;:[{\&quot;src\&quot;:\&quot;https://s.w-x.co/util/image/w/1028newplanet.jpg?v=at&amp;w=160&amp;h=90\&quot;,\&quot;variant\&quot;:\&quot;160w\&quot;},{\&quot;src\&quot;:\&quot;https://s.w-x.co/util/image/w/1028newplanet.jpg?v=at&amp;w=320&amp;h=180\&quot;,\&quot;variant\&quot;:\&quot;320w\&quot;},{\&quot;src\&quot;:\&quot;https://s.w-x.co/util/image/w/1028newplanet.jpg?v=at&amp;w=815&amp;h=458\&quot;,\&quot;variant\&quot;:\&quot;815w\&quot;},{\&quot;src\&quot;:\&quot;https://s.w-x.co/util/image/w/1028newplanet.jpg?v=at&amp;w=1280&amp;h=720\&quot;,\&quot;variant\&quot;:\&quot;1024w\&quot;}],\&quot;lqip\&quot;:\&quot;https://s.w-x.co/util/image/w/1028newplanet.jpg?v=at&amp;w=73&amp;h=49\&quot;,\&quot;provider\&quot;:{\&quot;name\&quot;:\&quot;TWC\&quot;},\&quot;publishdate\&quot;:\&quot;2021-10-28T15:48:33.000-04:00\&quot;,\&quot;icon\&quot;:\&quot;photo\&quot;,\&quot;category\&quot;:{\&quot;link\&quot;:\&quot;\&quot;,\&quot;title\&quot;:\&quot;\&quot;},\&quot;webVideoData\&quot;:{\&quot;web\&quot;:\&quot;https://v.w-x.co/digital_video/The_Weather_Channel_-_Reach_Engine/38ab944c-855c-4a17-bc08-1c8774d1e80b/v2_First_Time_Possible_Planet_Spotted_Outside_Our_Galaxy__mezz_Playlist.m3u8\&quot;,\&quot;mweb\&quot;:\&quot;https://v.w-x.co/digital_video/The_Weather_Channel_-_Reach_Engine/38ab944c-855c-4a17-bc08-1c8774d1e80b/v2_First_Time_Possible_Planet_Spotted_Outside_Our_Galaxy__mezz_Playlist.m3u8\&quot;}}],\&quot;status\&quot;:200,\&quot;statusText\&quot;:\&quot;OK\&quot;},\&quot;assetId:9bccba03-6079-49f9-9185-2fdd4011c107;language:en-US\&quot;:{\&quot;loading\&quot;:false,\&quot;loaded\&quot;:true,\&quot;data\&quot;:[{\&quot;headline\&quot;:\&quot;Woman Escapes Crushing Snow with Only Seconds To Spare\&quot;,\&quot;url\&quot;:\&quot;/news/trending/video/watch-woman-flee-falling-snow-in-northern-china\&quot;,\&quot;caption\&quot;:\&quot;\&quot;,\&quot;teaserTitle\&quot;:\&quot;Falling Snow Sends Woman Running\&quot;,\&quot;src\&quot;:\&quot;https://s.w-x.co/SnowCrusher.jpg\&quot;,\&quot;srcSet\&quot;:[{\&quot;src\&quot;:\&quot;https://s.w-x.co/util/image/w/SnowCrusher.jpg?v=at&amp;w=160&amp;h=90\&quot;,\&quot;variant\&quot;:\&quot;160w\&quot;},{\&quot;src\&quot;:\&quot;https://s.w-x.co/util/image/w/SnowCrusher.jpg?v=at&amp;w=320&amp;h=180\&quot;,\&quot;variant\&quot;:\&quot;320w\&quot;},{\&quot;src\&quot;:\&quot;https://s.w-x.co/util/image/w/SnowCrusher.jpg?v=at&amp;w=815&amp;h=458\&quot;,\&quot;variant\&quot;:\&quot;815w\&quot;},{\&quot;src\&quot;:\&quot;https://s.w-x.co/util/image/w/SnowCrusher.jpg?v=at&amp;w=1280&amp;h=720\&quot;,\&quot;variant\&quot;:\&quot;1024w\&quot;}],\&quot;lqip\&quot;:\&quot;https://s.w-x.co/util/image/w/SnowCrusher.jpg?v=at&amp;w=73&amp;h=49\&quot;,\&quot;provider\&quot;:{\&quot;name\&quot;:\&quot;TWC\&quot;},\&quot;publishdate\&quot;:\&quot;2021-11-08T08:59:22.000-05:00\&quot;,\&quot;icon\&quot;:\&quot;video\&quot;,\&quot;category\&quot;:{\&quot;title\&quot;:\&quot;Trending News\&quot;,\&quot;link\&quot;:\&quot;news/trending\&quot;},\&quot;webVideoData\&quot;:{\&quot;web\&quot;:\&quot;https://v.w-x.co/digital_video/The_Weather_Channel_-_Reach_Engine/16da4049-eeff-4c20-88d3-d7692543f0ac/FALLING_SNOW_mezz_Playlist.m3u8\&quot;,\&quot;mweb\&quot;:\&quot;https://v.w-x.co/digital_video/The_Weather_Channel_-_Reach_Engine/16da4049-eeff-4c20-88d3-d7692543f0ac/FALLING_SNOW_mezz_Playlist.m3u8\&quot;}},{\&quot;headline\&quot;:\&quot;Strong Storm Brewing Ahead of Veterans Day\&quot;,\&quot;url\&quot;:\&quot;/news/weather/video/powerful-storm-to-bring-snow-rain-and-gusty-winds\&quot;,\&quot;caption\&quot;:\&quot;\&quot;,\&quot;teaserTitle\&quot;:\&quot;Powerful Storm Sweeping Across the Country This Week\&quot;,\&quot;src\&quot;:\&quot;https://s.w-x.co/MidWeekStormMonPM.jpg\&quot;,\&quot;srcSet\&quot;:[{\&quot;src\&quot;:\&quot;https://s.w-x.co/util/image/w/MidWeekStormMonPM.jpg?v=at&amp;w=160&amp;h=90\&quot;,\&quot;variant\&quot;:\&quot;160w\&quot;},{\&quot;src\&quot;:\&quot;https://s.w-x.co/util/image/w/MidWeekStormMonPM.jpg?v=at&amp;w=320&amp;h=180\&quot;,\&quot;variant\&quot;:\&quot;320w\&quot;},{\&quot;src\&quot;:\&quot;https://s.w-x.co/util/image/w/MidWeekStormMonPM.jpg?v=at&amp;w=815&amp;h=458\&quot;,\&quot;variant\&quot;:\&quot;815w\&quot;},{\&quot;src\&quot;:\&quot;https://s.w-x.co/util/image/w/MidWeekStormMonPM.jpg?v=at&amp;w=1280&amp;h=720\&quot;,\&quot;variant\&quot;:\&quot;1024w\&quot;}],\&quot;lqip\&quot;:\&quot;https://s.w-x.co/util/image/w/MidWeekStormMonPM.jpg?v=at&amp;w=73&amp;h=49\&quot;,\&quot;provider\&quot;:{\&quot;name\&quot;:\&quot;TWC\&quot;},\&quot;publishdate\&quot;:\&quot;2021-11-08T14:25:02.000-05:00\&quot;,\&quot;icon\&quot;:\&quot;video\&quot;,\&quot;category\&quot;:{\&quot;title\&quot;:\&quot;Weather News\&quot;,\&quot;link\&quot;:\&quot;news/weather\&quot;},\&quot;webVideoData\&quot;:{\&quot;web\&quot;:\&quot;https://v.w-x.co/digital_video/The_Weather_Channel_-_Reach_Engine/d2c81881-8844-4eaf-a7ca-244e3cfbfaba/110821_MID_TO_LATE_WEEK_SYSTEMmezz_Playlist.m3u8\&quot;,\&quot;mweb\&quot;:\&quot;https://v.w-x.co/digital_video/The_Weather_Channel_-_Reach_Engine/d2c81881-8844-4eaf-a7ca-244e3cfbfaba/110821_MID_TO_LATE_WEEK_SYSTEMmezz_Playlist.m3u8\&quot;}},{\&quot;headline\&quot;:\&quot;Tumbling Temperatures Ahead for the Weekend\&quot;,\&quot;url\&quot;:\&quot;/news/weather/video/tumbling-temperates-ahead-for-the-weekend\&quot;,\&quot;caption\&quot;:\&quot;\&quot;,\&quot;teaserTitle\&quot;:\&quot;Weekend Temperature Drop Expected\&quot;,\&quot;src\&quot;:\&quot;https://s.w-x.co/MonTempsDropping.jpg\&quot;,\&quot;srcSet\&quot;:[{\&quot;src\&quot;:\&quot;https://s.w-x.co/util/image/w/MonTempsDropping.jpg?v=at&amp;w=160&amp;h=90\&quot;,\&quot;variant\&quot;:\&quot;160w\&quot;},{\&quot;src\&quot;:\&quot;https://s.w-x.co/util/image/w/MonTempsDropping.jpg?v=at&amp;w=320&amp;h=180\&quot;,\&quot;variant\&quot;:\&quot;320w\&quot;},{\&quot;src\&quot;:\&quot;https://s.w-x.co/util/image/w/MonTempsDropping.jpg?v=at&amp;w=815&amp;h=458\&quot;,\&quot;variant\&quot;:\&quot;815w\&quot;},{\&quot;src\&quot;:\&quot;https://s.w-x.co/util/image/w/MonTempsDropping.jpg?v=at&amp;w=1280&amp;h=720\&quot;,\&quot;variant\&quot;:\&quot;1024w\&quot;}],\&quot;lqip\&quot;:\&quot;https://s.w-x.co/util/image/w/MonTempsDropping.jpg?v=at&amp;w=73&amp;h=49\&quot;,\&quot;provider\&quot;:{\&quot;name\&quot;:\&quot;TWC\&quot;},\&quot;publishdate\&quot;:\&quot;2021-11-08T15:20:24.000-05:00\&quot;,\&quot;icon\&quot;:\&quot;video\&quot;,\&quot;category\&quot;:{\&quot;title\&quot;:\&quot;Weather News\&quot;,\&quot;link\&quot;:\&quot;news/weather\&quot;},\&quot;webVideoData\&quot;:{\&quot;web\&quot;:\&quot;https://v.w-x.co/digital_video/The_Weather_Channel_-_Reach_Engine/da680d05-ce9a-4dee-b70f-efcef2e847a2/1108_cool_down_after_warm_upmezz_Playlist.m3u8\&quot;,\&quot;mweb\&quot;:\&quot;https://v.w-x.co/digital_video/The_Weather_Channel_-_Reach_Engine/da680d05-ce9a-4dee-b70f-efcef2e847a2/1108_cool_down_after_warm_upmezz_Playlist.m3u8\&quot;}},{\&quot;headline\&quot;:\&quot;A Massive Climate Lie? \&quot;,\&quot;url\&quot;:\&quot;/news/climate/video/countries-drastically-underreport-greenhouse-gas-emissions-investigation-finds\&quot;,\&quot;caption\&quot;:\&quot;\&quot;,\&quot;teaserTitle\&quot;:\&quot;Underreporting of Greenhouse Gas Emissions Put Paris Agreement Goal in Jeopardy\&quot;,\&quot;src\&quot;:\&quot;https://s.w-x.co/EmissionsLIes.jpg\&quot;,\&quot;srcSet\&quot;:[{\&quot;src\&quot;:\&quot;https://s.w-x.co/util/image/w/EmissionsLIes.jpg?v=at&amp;w=160&amp;h=90\&quot;,\&quot;variant\&quot;:\&quot;160w\&quot;},{\&quot;src\&quot;:\&quot;https://s.w-x.co/util/image/w/EmissionsLIes.jpg?v=at&amp;w=320&amp;h=180\&quot;,\&quot;variant\&quot;:\&quot;320w\&quot;},{\&quot;src\&quot;:\&quot;https://s.w-x.co/util/image/w/EmissionsLIes.jpg?v=at&amp;w=815&amp;h=458\&quot;,\&quot;variant\&quot;:\&quot;815w\&quot;},{\&quot;src\&quot;:\&quot;https://s.w-x.co/util/image/w/EmissionsLIes.jpg?v=at&amp;w=1280&amp;h=720\&quot;,\&quot;variant\&quot;:\&quot;1024w\&quot;}],\&quot;lqip\&quot;:\&quot;https://s.w-x.co/util/image/w/EmissionsLIes.jpg?v=at&amp;w=73&amp;h=49\&quot;,\&quot;provider\&quot;:{\&quot;name\&quot;:\&quot;TWC\&quot;},\&quot;publishdate\&quot;:\&quot;2021-11-08T13:37:13.000-05:00\&quot;,\&quot;icon\&quot;:\&quot;video\&quot;,\&quot;category\&quot;:{\&quot;title\&quot;:\&quot;Climate and Weather\&quot;,\&quot;link\&quot;:\&quot;news/climate\&quot;},\&quot;webVideoData\&quot;:{\&quot;web\&quot;:\&quot;https://v.w-x.co/digital_video/The_Weather_Channel_-_Reach_Engine/b8f29438-a30c-4e14-b47e-4ae4bf7c066e/1108_ClimatePledgesBuiltOnFlawedData_STUDIOmezz_Playlist.m3u8\&quot;,\&quot;mweb\&quot;:\&quot;https://v.w-x.co/digital_video/The_Weather_Channel_-_Reach_Engine/b8f29438-a30c-4e14-b47e-4ae4bf7c066e/1108_ClimatePledgesBuiltOnFlawedData_STUDIOmezz_Playlist.m3u8\&quot;}},{\&quot;headline\&quot;:\&quot;What\u2019s Causing Strange Series of Quakes in South Carolina?\&quot;,\&quot;url\&quot;:\&quot;/science/environment/video/whats-causing-strange-series-of-quakes-in-south-carolina\&quot;,\&quot;caption\&quot;:\&quot;\&quot;,\&quot;teaserTitle\&quot;:\&quot;Lake Causing Quakes in South Carolina?\&quot;,\&quot;src\&quot;:\&quot;https://v.w-x.co/1636414121904_1108_v2EarthQuakes_lake_scproxy.jpg\&quot;,\&quot;srcSet\&quot;:[{\&quot;src\&quot;:\&quot;https://s.w-x.co/util/image/v/1636414121904_1108_v2EarthQuakes_lake_scproxy.jpg?v=at&amp;w=160&amp;h=90\&quot;,\&quot;variant\&quot;:\&quot;160w\&quot;},{\&quot;src\&quot;:\&quot;https://s.w-x.co/util/image/v/1636414121904_1108_v2EarthQuakes_lake_scproxy.jpg?v=at&amp;w=320&amp;h=180\&quot;,\&quot;variant\&quot;:\&quot;320w\&quot;},{\&quot;src\&quot;:\&quot;https://s.w-x.co/util/image/v/1636414121904_1108_v2EarthQuakes_lake_scproxy.jpg?v=at&amp;w=815&amp;h=458\&quot;,\&quot;variant\&quot;:\&quot;815w\&quot;},{\&quot;src\&quot;:\&quot;https://s.w-x.co/util/image/v/1636414121904_1108_v2EarthQuakes_lake_scproxy.jpg?v=at&amp;w=1280&amp;h=720\&quot;,\&quot;variant\&quot;:\&quot;1024w\&quot;}],\&quot;lqip\&quot;:\&quot;https://s.w-x.co/util/image/v/1636414121904_1108_v2EarthQuakes_lake_scproxy.jpg?v=at&amp;w=73&amp;h=49\&quot;,\&quot;provider\&quot;:{\&quot;name\&quot;:\&quot;TWC\&quot;},\&quot;publishdate\&quot;:\&quot;2021-11-08T18:28:52.000-05:00\&quot;,\&quot;icon\&quot;:\&quot;video\&quot;,\&quot;category\&quot;:{\&quot;title\&quot;:\&quot;Environment\&quot;,\&quot;link\&quot;:\&quot;science/environment\&quot;},\&quot;webVideoData\&quot;:{\&quot;web\&quot;:\&quot;https://v.w-x.co/digital_video/The_Weather_Channel_-_Reach_Engine/a28f5f32-1034-4a45-8718-100d7b897b48/1108_v2EarthQuakes_lake_scmezz_Playlist.m3u8\&quot;,\&quot;mweb\&quot;:\&quot;https://v.w-x.co/digital_video/The_Weather_Channel_-_Reach_Engine/a28f5f32-1034-4a45-8718-100d7b897b48/1108_v2EarthQuakes_lake_scmezz_Playlist.m3u8\&quot;}},{\&quot;headline\&quot;:\&quot;Another Storm Bringing Much-Needed Rain, Snow to the West\&quot;,\&quot;url\&quot;:\&quot;/news/weather/video/parade-of-storms-continues-for-the-west-this-week\&quot;,\&quot;caption\&quot;:\&quot;\&quot;,\&quot;teaserTitle\&quot;:\&quot;West Coast Storm Bringing Heavy Rain and Mountain Snow\&quot;,\&quot;src\&quot;:\&quot;https://s.w-x.co/WestStormsMonPM.jpg\&quot;,\&quot;srcSet\&quot;:[{\&quot;src\&quot;:\&quot;https://s.w-x.co/util/image/w/WestStormsMonPM.jpg?v=at&amp;w=160&amp;h=90\&quot;,\&quot;variant\&quot;:\&quot;160w\&quot;},{\&quot;src\&quot;:\&quot;https://s.w-x.co/util/image/w/WestStormsMonPM.jpg?v=at&amp;w=320&amp;h=180\&quot;,\&quot;variant\&quot;:\&quot;320w\&quot;},{\&quot;src\&quot;:\&quot;https://s.w-x.co/util/image/w/WestStormsMonPM.jpg?v=at&amp;w=815&amp;h=458\&quot;,\&quot;variant\&quot;:\&quot;815w\&quot;},{\&quot;src\&quot;:\&quot;https://s.w-x.co/util/image/w/WestStormsMonPM.jpg?v=at&amp;w=1280&amp;h=720\&quot;,\&quot;variant\&quot;:\&quot;1024w\&quot;}],\&quot;lqip\&quot;:\&quot;https://s.w-x.co/util/image/w/WestStormsMonPM.jpg?v=at&amp;w=73&amp;h=49\&quot;,\&quot;provider\&quot;:{\&quot;name\&quot;:\&quot;TWC\&quot;},\&quot;publishdate\&quot;:\&quot;2021-11-08T14:38:07.000-05:00\&quot;,\&quot;icon\&quot;:\&quot;video\&quot;,\&quot;category\&quot;:{\&quot;title\&quot;:\&quot;Weather News\&quot;,\&quot;link\&quot;:\&quot;news/weather\&quot;},\&quot;webVideoData\&quot;:{\&quot;web\&quot;:\&quot;https://v.w-x.co/digital_video/The_Weather_Channel_-_Reach_Engine/ae321414-5d5a-432b-b667-46df3c473c9c/110821_WEST_STORM_PM_UPDATEDmezz_Playlist.m3u8\&quot;,\&quot;mweb\&quot;:\&quot;https://v.w-x.co/digital_video/The_Weather_Channel_-_Reach_Engine/ae321414-5d5a-432b-b667-46df3c473c9c/110821_WEST_STORM_PM_UPDATEDmezz_Playlist.m3u8\&quot;}},{\&quot;headline\&quot;:\&quot;North Georgia Overtaken by Giant Spiders\&quot;,\&quot;url\&quot;:\&quot;/science/nature/video/north-georgia-overtaken-by-giant-invasive-joro-spiders\&quot;,\&quot;caption\&quot;:\&quot;\&quot;,\&quot;teaserTitle\&quot;:\&quot;This Is What a Giant Spider Invasion Looks Like\&quot;,\&quot;src\&quot;:\&quot;https://v.w-x.co/1636412546305_GIANT_SPIDERS_HAVE_INVADED_GEORGIA_2.jpg\&quot;,\&quot;srcSet\&quot;:[{\&quot;src\&quot;:\&quot;https://s.w-x.co/util/image/v/1636412546305_GIANT_SPIDERS_HAVE_INVADED_GEORGIA_2.jpg?v=at&amp;w=160&amp;h=90\&quot;,\&quot;variant\&quot;:\&quot;160w\&quot;},{\&quot;src\&quot;:\&quot;https://s.w-x.co/util/image/v/1636412546305_GIANT_SPIDERS_HAVE_INVADED_GEORGIA_2.jpg?v=at&amp;w=320&amp;h=180\&quot;,\&quot;variant\&quot;:\&quot;320w\&quot;},{\&quot;src\&quot;:\&quot;https://s.w-x.co/util/image/v/1636412546305_GIANT_SPIDERS_HAVE_INVADED_GEORGIA_2.jpg?v=at&amp;w=815&amp;h=458\&quot;,\&quot;variant\&quot;:\&quot;815w\&quot;},{\&quot;src\&quot;:\&quot;https://s.w-x.co/util/image/v/1636412546305_GIANT_SPIDERS_HAVE_INVADED_GEORGIA_2.jpg?v=at&amp;w=1280&amp;h=720\&quot;,\&quot;variant\&quot;:\&quot;1024w\&quot;}],\&quot;lqip\&quot;:\&quot;https://s.w-x.co/util/image/v/1636412546305_GIANT_SPIDERS_HAVE_INVADED_GEORGIA_2.jpg?v=at&amp;w=73&amp;h=49\&quot;,\&quot;provider\&quot;:{\&quot;name\&quot;:\&quot;TWC\&quot;},\&quot;publishdate\&quot;:\&quot;2021-11-08T18:02:37.000-05:00\&quot;,\&quot;icon\&quot;:\&quot;video\&quot;,\&quot;category\&quot;:{\&quot;title\&quot;:\&quot;Nature\&quot;,\&quot;link\&quot;:\&quot;science/nature\&quot;},\&quot;webVideoData\&quot;:{\&quot;web\&quot;:\&quot;https://v.w-x.co/digital_video/The_Weather_Channel_-_Reach_Engine/2f714d8a-17c2-4ed0-9632-10a7ea0fe3dc/GIANT_SPIDERS_HAVE_INVADED_GEORGIA_2mezz_Playlist.m3u8\&quot;,\&quot;mweb\&quot;:\&quot;https://v.w-x.co/digital_video/The_Weather_Channel_-_Reach_Engine/2f714d8a-17c2-4ed0-9632-10a7ea0fe3dc/GIANT_SPIDERS_HAVE_INVADED_GEORGIA_2mezz_Playlist.m3u8\&quot;}},{\&quot;headline\&quot;:\&quot;Snow Already Causing Accidents in the U.S.\&quot;,\&quot;url\&quot;:\&quot;/news/weather/video/snow-blankets-washingtons-mountain-passes\&quot;,\&quot;caption\&quot;:\&quot;\&quot;,\&quot;teaserTitle\&quot;:\&quot;Big Snow Creates Big Mess in Cascades\&quot;,\&quot;src\&quot;:\&quot;https://s.w-x.co/CascadesWrecks.jpg\&quot;,\&quot;srcSet\&quot;:[{\&quot;src\&quot;:\&quot;https://s.w-x.co/util/image/w/CascadesWrecks.jpg?v=at&amp;w=160&amp;h=90\&quot;,\&quot;variant\&quot;:\&quot;160w\&quot;},{\&quot;src\&quot;:\&quot;https://s.w-x.co/util/image/w/CascadesWrecks.jpg?v=at&amp;w=320&amp;h=180\&quot;,\&quot;variant\&quot;:\&quot;320w\&quot;},{\&quot;src\&quot;:\&quot;https://s.w-x.co/util/image/w/CascadesWrecks.jpg?v=at&amp;w=815&amp;h=458\&quot;,\&quot;variant\&quot;:\&quot;815w\&quot;},{\&quot;src\&quot;:\&quot;https://s.w-x.co/util/image/w/CascadesWrecks.jpg?v=at&amp;w=1280&amp;h=720\&quot;,\&quot;variant\&quot;:\&quot;1024w\&quot;}],\&quot;lqip\&quot;:\&quot;https://s.w-x.co/util/image/w/CascadesWrecks.jpg?v=at&amp;w=73&amp;h=49\&quot;,\&quot;provider\&quot;:{\&quot;name\&quot;:\&quot;TWC\&quot;},\&quot;publishdate\&quot;:\&quot;2021-11-08T14:51:53.000-05:00\&quot;,\&quot;icon\&quot;:\&quot;video\&quot;,\&quot;category\&quot;:{\&quot;title\&quot;:\&quot;Weather News\&quot;,\&quot;link\&quot;:\&quot;news/weather\&quot;},\&quot;webVideoData\&quot;:{\&quot;web\&quot;:\&quot;https://v.w-x.co/digital_video/The_Weather_Channel_-_Reach_Engine/bdb7dbda-3edc-45ff-a570-da33abb65989/SNOWY_MESS_1_mezz_Playlist.m3u8\&quot;,\&quot;mweb\&quot;:\&quot;https://v.w-x.co/digital_video/The_Weather_Channel_-_Reach_Engine/bdb7dbda-3edc-45ff-a570-da33abb65989/SNOWY_MESS_1_mezz_Playlist.m3u8\&quot;}},{\&quot;headline\&quot;:\&quot;Watch: Dramatic Moment Huge Chunk of Glacier Breaks Off\&quot;,\&quot;url\&quot;:\&quot;/news/trending/video/watch-dramatic-moment-piece-of-glacier-breaks-off\&quot;,\&quot;caption\&quot;:\&quot;\&quot;,\&quot;teaserTitle\&quot;:\&quot;Photographer Captures Argentinian Glacier Break\&quot;,\&quot;src\&quot;:\&quot;https://s.w-x.co/1104glacier.jpg\&quot;,\&quot;srcSet\&quot;:[{\&quot;src\&quot;:\&quot;https://s.w-x.co/util/image/w/1104glacier.jpg?v=at&amp;w=160&amp;h=90\&quot;,\&quot;variant\&quot;:\&quot;160w\&quot;},{\&quot;src\&quot;:\&quot;https://s.w-x.co/util/image/w/1104glacier.jpg?v=at&amp;w=320&amp;h=180\&quot;,\&quot;variant\&quot;:\&quot;320w\&quot;},{\&quot;src\&quot;:\&quot;https://s.w-x.co/util/image/w/1104glacier.jpg?v=at&amp;w=815&amp;h=458\&quot;,\&quot;variant\&quot;:\&quot;815w\&quot;},{\&quot;src\&quot;:\&quot;https://s.w-x.co/util/image/w/1104glacier.jpg?v=at&amp;w=1280&amp;h=720\&quot;,\&quot;variant\&quot;:\&quot;1024w\&quot;}],\&quot;lqip\&quot;:\&quot;https://s.w-x.co/util/image/w/1104glacier.jpg?v=at&amp;w=73&amp;h=49\&quot;,\&quot;provider\&quot;:{\&quot;name\&quot;:\&quot;TWC\&quot;},\&quot;publishdate\&quot;:\&quot;2021-11-04T13:08:24.000-04:00\&quot;,\&quot;icon\&quot;:\&quot;video\&quot;,\&quot;category\&quot;:{\&quot;title\&quot;:\&quot;Trending News\&quot;,\&quot;link\&quot;:\&quot;news/trending\&quot;},\&quot;webVideoData\&quot;:{\&quot;web\&quot;:\&quot;https://v.w-x.co/digital_video/The_Weather_Channel_-_Reach_Engine/fb0cbade-45bf-4f4a-9a90-6b65cc0d0deb/GLACIER_BREAKS_OFF_AS_PEOPLE_WATCH_Playlist.m3u8\&quot;,\&quot;mweb\&quot;:\&quot;https://v.w-x.co/digital_video/The_Weather_Channel_-_Reach_Engine/fb0cbade-45bf-4f4a-9a90-6b65cc0d0deb/GLACIER_BREAKS_OFF_AS_PEOPLE_WATCH_Playlist.m3u8\&quot;}},{\&quot;headline\&quot;:\&quot;Presence Increases by Over 4 Times\&quot;,\&quot;url\&quot;:\&quot;/science/nature/video/monarch-butterflies-are-coming-back-to-california-0\&quot;,\&quot;caption\&quot;:\&quot;\&quot;,\&quot;teaserTitle\&quot;:\&quot;Presence in CA Increases by Over 4 Times After Record Low\&quot;,\&quot;src\&quot;:\&quot;https://s.w-x.co/MonarchButterflies.jpg\&quot;,\&quot;srcSet\&quot;:[{\&quot;src\&quot;:\&quot;https://s.w-x.co/util/image/w/MonarchButterflies.jpg?v=at&amp;w=160&amp;h=90\&quot;,\&quot;variant\&quot;:\&quot;160w\&quot;},{\&quot;src\&quot;:\&quot;https://s.w-x.co/util/image/w/MonarchButterflies.jpg?v=at&amp;w=320&amp;h=180\&quot;,\&quot;variant\&quot;:\&quot;320w\&quot;},{\&quot;src\&quot;:\&quot;https://s.w-x.co/util/image/w/MonarchButterflies.jpg?v=at&amp;w=815&amp;h=458\&quot;,\&quot;variant\&quot;:\&quot;815w\&quot;},{\&quot;src\&quot;:\&quot;https://s.w-x.co/util/image/w/MonarchButterflies.jpg?v=at&amp;w=1280&amp;h=720\&quot;,\&quot;variant\&quot;:\&quot;1024w\&quot;}],\&quot;lqip\&quot;:\&quot;https://s.w-x.co/util/image/w/MonarchButterflies.jpg?v=at&amp;w=73&amp;h=49\&quot;,\&quot;provider\&quot;:{\&quot;name\&quot;:\&quot;TWC\&quot;},\&quot;publishdate\&quot;:\&quot;2021-11-05T11:30:21.000-04:00\&quot;,\&quot;icon\&quot;:\&quot;video\&quot;,\&quot;category\&quot;:{\&quot;title\&quot;:\&quot;Nature\&quot;,\&quot;link\&quot;:\&quot;science/nature\&quot;},\&quot;webVideoData\&quot;:{\&quot;web\&quot;:\&quot;https://v.w-x.co/digital_video/The_Weather_Channel_-_Reach_Engine/f8fb7974-bbc5-49e9-bca8-3d7d21a22925/1104_Monarchs_Comeback_California_PM_Studio_Edit_1_mezz_Playlist.m3u8\&quot;,\&quot;mweb\&quot;:\&quot;https://v.w-x.co/digital_video/The_Weather_Channel_-_Reach_Engine/f8fb7974-bbc5-49e9-bca8-3d7d21a22925/1104_Monarchs_Comeback_California_PM_Studio_Edit_1_mezz_Playlist.m3u8\&quot;}}],\&quot;status\&quot;:200,\&quot;statusText\&quot;:\&quot;OK\&quot;},\&quot;assetId:348d2d16-9c01-455c-b94f-2696374de595;language:en-US\&quot;:{\&quot;loading\&quot;:false,\&quot;loaded\&quot;:true,\&quot;data\&quot;:[{\&quot;headline\&quot;:\&quot;International Travelers With COVID-19 Vaccine Return to U.S.\&quot;,\&quot;url\&quot;:\&quot;/health/coronavirus/video/us-borders-reopen-to-vaccinated-foreign-travelers\&quot;,\&quot;caption\&quot;:\&quot;\&quot;,\&quot;teaserTitle\&quot;:\&quot;U.S. Borders Reopen to Vaccinated Foreign Travelers\&quot;,\&quot;src\&quot;:\&quot;https://s.w-x.co/USTravel.jpg\&quot;,\&quot;srcSet\&quot;:[{\&quot;src\&quot;:\&quot;https://s.w-x.co/util/image/w/USTravel.jpg?v=at&amp;w=160&amp;h=90\&quot;,\&quot;variant\&quot;:\&quot;160w\&quot;},{\&quot;src\&quot;:\&quot;https://s.w-x.co/util/image/w/USTravel.jpg?v=at&amp;w=320&amp;h=180\&quot;,\&quot;variant\&quot;:\&quot;320w\&quot;},{\&quot;src\&quot;:\&quot;https://s.w-x.co/util/image/w/USTravel.jpg?v=at&amp;w=815&amp;h=458\&quot;,\&quot;variant\&quot;:\&quot;815w\&quot;},{\&quot;src\&quot;:\&quot;https://s.w-x.co/util/image/w/USTravel.jpg?v=at&amp;w=1280&amp;h=720\&quot;,\&quot;variant\&quot;:\&quot;1024w\&quot;}],\&quot;lqip\&quot;:\&quot;https://s.w-x.co/util/image/w/USTravel.jpg?v=at&amp;w=73&amp;h=49\&quot;,\&quot;provider\&quot;:{\&quot;name\&quot;:\&quot;TWC\&quot;},\&quot;publishdate\&quot;:\&quot;2021-11-08T11:14:23.000-05:00\&quot;,\&quot;icon\&quot;:\&quot;video\&quot;,\&quot;category\&quot;:{\&quot;title\&quot;:\&quot;Coronavirus\&quot;,\&quot;link\&quot;:\&quot;health/coronavirus\&quot;},\&quot;webVideoData\&quot;:{\&quot;web\&quot;:\&quot;https://v.w-x.co/digital_video/The_Weather_Channel_-_Reach_Engine/e9322e7a-c118-485d-a0e2-f3661939fc0c/1108_TRAVEL_RULES_CHANGE_AMmezz_Playlist.m3u8\&quot;,\&quot;mweb\&quot;:\&quot;https://v.w-x.co/digital_video/The_Weather_Channel_-_Reach_Engine/e9322e7a-c118-485d-a0e2-f3661939fc0c/1108_TRAVEL_RULES_CHANGE_AMmezz_Playlist.m3u8\&quot;}},{\&quot;headline\&quot;:\&quot;You&apos;ll Never Guess What Floated All the Way to Ireland\&quot;,\&quot;url\&quot;:\&quot;/news/trending/video/recycling-bin-from-myrtle-beach-ends-up-in-ireland\&quot;,\&quot;caption\&quot;:\&quot;\&quot;,\&quot;teaserTitle\&quot;:\&quot;Trash Can Travels 3,500 Miles Across Ocean\&quot;,\&quot;src\&quot;:\&quot;https://s.w-x.co/ireland118.jpg\&quot;,\&quot;srcSet\&quot;:[{\&quot;src\&quot;:\&quot;https://s.w-x.co/util/image/w/ireland118.jpg?v=at&amp;w=160&amp;h=90\&quot;,\&quot;variant\&quot;:\&quot;160w\&quot;},{\&quot;src\&quot;:\&quot;https://s.w-x.co/util/image/w/ireland118.jpg?v=at&amp;w=320&amp;h=180\&quot;,\&quot;variant\&quot;:\&quot;320w\&quot;},{\&quot;src\&quot;:\&quot;https://s.w-x.co/util/image/w/ireland118.jpg?v=at&amp;w=815&amp;h=458\&quot;,\&quot;variant\&quot;:\&quot;815w\&quot;},{\&quot;src\&quot;:\&quot;https://s.w-x.co/util/image/w/ireland118.jpg?v=at&amp;w=1280&amp;h=720\&quot;,\&quot;variant\&quot;:\&quot;1024w\&quot;}],\&quot;lqip\&quot;:\&quot;https://s.w-x.co/util/image/w/ireland118.jpg?v=at&amp;w=73&amp;h=49\&quot;,\&quot;provider\&quot;:{\&quot;name\&quot;:\&quot;TWC\&quot;},\&quot;publishdate\&quot;:\&quot;2021-11-08T18:01:33.000-05:00\&quot;,\&quot;icon\&quot;:\&quot;video\&quot;,\&quot;category\&quot;:{\&quot;title\&quot;:\&quot;Trending News\&quot;,\&quot;link\&quot;:\&quot;news/trending\&quot;},\&quot;webVideoData\&quot;:{\&quot;web\&quot;:\&quot;https://v.w-x.co/digital_video/The_Weather_Channel_-_Reach_Engine/39f192cf-a8b9-422a-a199-908032cae4db/RECYCLING_BIN_FROM_MYRTLE_BEACH_WINDS_UP_IN_IRELANDmezz_Playlist.m3u8\&quot;,\&quot;mweb\&quot;:\&quot;https://v.w-x.co/digital_video/The_Weather_Channel_-_Reach_Engine/39f192cf-a8b9-422a-a199-908032cae4db/RECYCLING_BIN_FROM_MYRTLE_BEACH_WINDS_UP_IN_IRELANDmezz_Playlist.m3u8\&quot;}},{\&quot;headline\&quot;:\&quot;Divers Discover 1,200-Year-Old Canoe in Wisconsin Lake\&quot;,\&quot;url\&quot;:\&quot;/news/trending/video/divers-discover-1200-year-old-canoe-in-wisconsin-lake\&quot;,\&quot;caption\&quot;:\&quot;\&quot;,\&quot;teaserTitle\&quot;:\&quot;Divers Make Remarkable Discovery in Wisconsin Lake\&quot;,\&quot;src\&quot;:\&quot;https://s.w-x.co/OldCanoe.jpg\&quot;,\&quot;srcSet\&quot;:[{\&quot;src\&quot;:\&quot;https://s.w-x.co/util/image/w/OldCanoe.jpg?v=at&amp;w=160&amp;h=90\&quot;,\&quot;variant\&quot;:\&quot;160w\&quot;},{\&quot;src\&quot;:\&quot;https://s.w-x.co/util/image/w/OldCanoe.jpg?v=at&amp;w=320&amp;h=180\&quot;,\&quot;variant\&quot;:\&quot;320w\&quot;},{\&quot;src\&quot;:\&quot;https://s.w-x.co/util/image/w/OldCanoe.jpg?v=at&amp;w=815&amp;h=458\&quot;,\&quot;variant\&quot;:\&quot;815w\&quot;},{\&quot;src\&quot;:\&quot;https://s.w-x.co/util/image/w/OldCanoe.jpg?v=at&amp;w=1280&amp;h=720\&quot;,\&quot;variant\&quot;:\&quot;1024w\&quot;}],\&quot;lqip\&quot;:\&quot;https://s.w-x.co/util/image/w/OldCanoe.jpg?v=at&amp;w=73&amp;h=49\&quot;,\&quot;provider\&quot;:{\&quot;name\&quot;:\&quot;TWC\&quot;},\&quot;publishdate\&quot;:\&quot;2021-11-08T11:35:13.000-05:00\&quot;,\&quot;icon\&quot;:\&quot;video\&quot;,\&quot;category\&quot;:{\&quot;title\&quot;:\&quot;Trending News\&quot;,\&quot;link\&quot;:\&quot;news/trending\&quot;},\&quot;webVideoData\&quot;:{\&quot;web\&quot;:\&quot;https://v.w-x.co/digital_video/The_Weather_Channel_-_Reach_Engine/5a16209d-86a3-4530-94a7-703242f6e628/ARCHAEOLOGISTS_DISCOVER_mezz_Playlist.m3u8\&quot;,\&quot;mweb\&quot;:\&quot;https://v.w-x.co/digital_video/The_Weather_Channel_-_Reach_Engine/5a16209d-86a3-4530-94a7-703242f6e628/ARCHAEOLOGISTS_DISCOVER_mezz_Playlist.m3u8\&quot;}},{\&quot;headline\&quot;:\&quot;Large Waterspout Whips Up Near Major Airport\&quot;,\&quot;url\&quot;:\&quot;/news/weather/video/large-waterspout-whirls-near-vancouver-airport\&quot;,\&quot;caption\&quot;:\&quot;\&quot;,\&quot;teaserTitle\&quot;:\&quot;Rare Waterspout Forms Off Coast of Vancouver\&quot;,\&quot;src\&quot;:\&quot;https://s.w-x.co/VancouverWaterspout.jpg\&quot;,\&quot;srcSet\&quot;:[{\&quot;src\&quot;:\&quot;https://s.w-x.co/util/image/w/VancouverWaterspout.jpg?v=at&amp;w=160&amp;h=90\&quot;,\&quot;variant\&quot;:\&quot;160w\&quot;},{\&quot;src\&quot;:\&quot;https://s.w-x.co/util/image/w/VancouverWaterspout.jpg?v=at&amp;w=320&amp;h=180\&quot;,\&quot;variant\&quot;:\&quot;320w\&quot;},{\&quot;src\&quot;:\&quot;https://s.w-x.co/util/image/w/VancouverWaterspout.jpg?v=at&amp;w=815&amp;h=458\&quot;,\&quot;variant\&quot;:\&quot;815w\&quot;},{\&quot;src\&quot;:\&quot;https://s.w-x.co/util/image/w/VancouverWaterspout.jpg?v=at&amp;w=1280&amp;h=720\&quot;,\&quot;variant\&quot;:\&quot;1024w\&quot;}],\&quot;lqip\&quot;:\&quot;https://s.w-x.co/util/image/w/VancouverWaterspout.jpg?v=at&amp;w=73&amp;h=49\&quot;,\&quot;provider\&quot;:{\&quot;name\&quot;:\&quot;TWC\&quot;},\&quot;publishdate\&quot;:\&quot;2021-11-08T10:29:23.000-05:00\&quot;,\&quot;icon\&quot;:\&quot;video\&quot;,\&quot;category\&quot;:{\&quot;title\&quot;:\&quot;Weather News\&quot;,\&quot;link\&quot;:\&quot;news/weather\&quot;},\&quot;webVideoData\&quot;:{\&quot;web\&quot;:\&quot;https://v.w-x.co/digital_video/The_Weather_Channel_-_Reach_Engine/de9897cf-71ed-4866-ba86-5896d91f44d6/v3_Large_Waterspout_Whirls_Near_Vancouver_Airport_mezz_Playlist.m3u8\&quot;,\&quot;mweb\&quot;:\&quot;https://v.w-x.co/digital_video/The_Weather_Channel_-_Reach_Engine/de9897cf-71ed-4866-ba86-5896d91f44d6/v3_Large_Waterspout_Whirls_Near_Vancouver_Airport_mezz_Playlist.m3u8\&quot;}},{\&quot;headline\&quot;:\&quot;Mounds of Toxic Foam Fill River as Religious Festival Begins\&quot;,\&quot;url\&quot;:\&quot;/science/environment/video/indias-yamuna-river-covered-in-toxic-foam-as-revelers-bathe-in-its\&quot;,\&quot;caption\&quot;:\&quot;\&quot;,\&quot;teaserTitle\&quot;:\&quot;Revelers Brave Toxic Foam as Hindu Festival Begins in Delhi\&quot;,\&quot;src\&quot;:\&quot;https://s.w-x.co/YamunaRiver.jpg\&quot;,\&quot;srcSet\&quot;:[{\&quot;src\&quot;:\&quot;https://s.w-x.co/util/image/w/YamunaRiver.jpg?v=at&amp;w=160&amp;h=90\&quot;,\&quot;variant\&quot;:\&quot;160w\&quot;},{\&quot;src\&quot;:\&quot;https://s.w-x.co/util/image/w/YamunaRiver.jpg?v=at&amp;w=320&amp;h=180\&quot;,\&quot;variant\&quot;:\&quot;320w\&quot;},{\&quot;src\&quot;:\&quot;https://s.w-x.co/util/image/w/YamunaRiver.jpg?v=at&amp;w=815&amp;h=458\&quot;,\&quot;variant\&quot;:\&quot;815w\&quot;},{\&quot;src\&quot;:\&quot;https://s.w-x.co/util/image/w/YamunaRiver.jpg?v=at&amp;w=1280&amp;h=720\&quot;,\&quot;variant\&quot;:\&quot;1024w\&quot;}],\&quot;lqip\&quot;:\&quot;https://s.w-x.co/util/image/w/YamunaRiver.jpg?v=at&amp;w=73&amp;h=49\&quot;,\&quot;provider\&quot;:{\&quot;name\&quot;:\&quot;TWC\&quot;},\&quot;publishdate\&quot;:\&quot;2021-11-08T08:00:42.000-05:00\&quot;,\&quot;icon\&quot;:\&quot;video\&quot;,\&quot;category\&quot;:{\&quot;title\&quot;:\&quot;Environment\&quot;,\&quot;link\&quot;:\&quot;science/environment\&quot;},\&quot;webVideoData\&quot;:{\&quot;web\&quot;:\&quot;https://v.w-x.co/digital_video/The_Weather_Channel_-_Reach_Engine/c80061b0-a232-4772-80d5-87b546d82696/1108_TOXIC_RIVER_FOAM_AMmezz_Playlist.m3u8\&quot;,\&quot;mweb\&quot;:\&quot;https://v.w-x.co/digital_video/The_Weather_Channel_-_Reach_Engine/c80061b0-a232-4772-80d5-87b546d82696/1108_TOXIC_RIVER_FOAM_AMmezz_Playlist.m3u8\&quot;}},{\&quot;headline\&quot;:\&quot;Watch as Landslide Almost Buries Drivers\&quot;,\&quot;url\&quot;:\&quot;/news/weather/video/philippines-landslide-almost-buries-drivers\&quot;,\&quot;caption\&quot;:\&quot;\&quot;,\&quot;teaserTitle\&quot;:\&quot;Watch as Landslide Almost Buries Drivers\&quot;,\&quot;src\&quot;:\&quot;https://s.w-x.co/1105landslide.jpg\&quot;,\&quot;srcSet\&quot;:[{\&quot;src\&quot;:\&quot;https://s.w-x.co/util/image/w/1105landslide.jpg?v=at&amp;w=160&amp;h=90\&quot;,\&quot;variant\&quot;:\&quot;160w\&quot;},{\&quot;src\&quot;:\&quot;https://s.w-x.co/util/image/w/1105landslide.jpg?v=at&amp;w=320&amp;h=180\&quot;,\&quot;variant\&quot;:\&quot;320w\&quot;},{\&quot;src\&quot;:\&quot;https://s.w-x.co/util/image/w/1105landslide.jpg?v=at&amp;w=815&amp;h=458\&quot;,\&quot;variant\&quot;:\&quot;815w\&quot;},{\&quot;src\&quot;:\&quot;https://s.w-x.co/util/image/w/1105landslide.jpg?v=at&amp;w=1280&amp;h=720\&quot;,\&quot;variant\&quot;:\&quot;1024w\&quot;}],\&quot;lqip\&quot;:\&quot;https://s.w-x.co/util/image/w/1105landslide.jpg?v=at&amp;w=73&amp;h=49\&quot;,\&quot;provider\&quot;:{\&quot;name\&quot;:\&quot;TWC\&quot;},\&quot;publishdate\&quot;:\&quot;2021-11-05T13:27:23.000-04:00\&quot;,\&quot;icon\&quot;:\&quot;video\&quot;,\&quot;category\&quot;:{\&quot;title\&quot;:\&quot;Weather News\&quot;,\&quot;link\&quot;:\&quot;news/weather\&quot;},\&quot;webVideoData\&quot;:{\&quot;web\&quot;:\&quot;https://v.w-x.co/digital_video/The_Weather_Channel_-_Reach_Engine/f05cbc9e-1356-4c1e-8447-76ef1491cdef/PHILIPPINES_LANDSLIDE_BLOCKS_ROAD_Playlist.m3u8\&quot;,\&quot;mweb\&quot;:\&quot;https://v.w-x.co/digital_video/The_Weather_Channel_-_Reach_Engine/f05cbc9e-1356-4c1e-8447-76ef1491cdef/PHILIPPINES_LANDSLIDE_BLOCKS_ROAD_Playlist.m3u8\&quot;}},{\&quot;headline\&quot;:\&quot;This Bizarre Mummy Cake Survived WWII Bombing\&quot;,\&quot;url\&quot;:\&quot;/news/trending/video/cake-oddly-survives-word-war-ii-bombing\&quot;,\&quot;caption\&quot;:\&quot;\&quot;,\&quot;teaserTitle\&quot;:\&quot;Bizarre Mummy Cake Survives WWII Bombing\&quot;,\&quot;src\&quot;:\&quot;https://s.w-x.co/1104cake.jpg\&quot;,\&quot;srcSet\&quot;:[{\&quot;src\&quot;:\&quot;https://s.w-x.co/util/image/w/1104cake.jpg?v=at&amp;w=160&amp;h=90\&quot;,\&quot;variant\&quot;:\&quot;160w\&quot;},{\&quot;src\&quot;:\&quot;https://s.w-x.co/util/image/w/1104cake.jpg?v=at&amp;w=320&amp;h=180\&quot;,\&quot;variant\&quot;:\&quot;320w\&quot;},{\&quot;src\&quot;:\&quot;https://s.w-x.co/util/image/w/1104cake.jpg?v=at&amp;w=815&amp;h=458\&quot;,\&quot;variant\&quot;:\&quot;815w\&quot;},{\&quot;src\&quot;:\&quot;https://s.w-x.co/util/image/w/1104cake.jpg?v=at&amp;w=1280&amp;h=720\&quot;,\&quot;variant\&quot;:\&quot;1024w\&quot;}],\&quot;lqip\&quot;:\&quot;https://s.w-x.co/util/image/w/1104cake.jpg?v=at&amp;w=73&amp;h=49\&quot;,\&quot;provider\&quot;:{\&quot;name\&quot;:\&quot;TWC\&quot;},\&quot;publishdate\&quot;:\&quot;2021-11-04T17:15:37.000-04:00\&quot;,\&quot;icon\&quot;:\&quot;video\&quot;,\&quot;category\&quot;:{\&quot;title\&quot;:\&quot;Trending News\&quot;,\&quot;link\&quot;:\&quot;news/trending\&quot;},\&quot;webVideoData\&quot;:{\&quot;web\&quot;:\&quot;https://v.w-x.co/digital_video/The_Weather_Channel_-_Reach_Engine/60a41a85-9922-496c-8b2b-e3c5300cbaa4/1104_CakeThatSurvivedWWIIBombingRaid_TEXT_mezz_Playlist.m3u8\&quot;,\&quot;mweb\&quot;:\&quot;https://v.w-x.co/digital_video/The_Weather_Channel_-_Reach_Engine/60a41a85-9922-496c-8b2b-e3c5300cbaa4/1104_CakeThatSurvivedWWIIBombingRaid_TEXT_mezz_Playlist.m3u8\&quot;}}],\&quot;status\&quot;:200,\&quot;statusText\&quot;:\&quot;OK\&quot;},\&quot;assetId:9433667c-ffe0-4051-80ef-8f581491cf00;language:en-US\&quot;:{\&quot;loading\&quot;:false,\&quot;loaded\&quot;:true,\&quot;data\&quot;:[{\&quot;headline\&quot;:\&quot;National Forecast and Current Conditions\&quot;,\&quot;icon\&quot;:\&quot;\&quot;,\&quot;caption\&quot;:\&quot;\&quot;,\&quot;url\&quot;:\&quot;https://weather.com/forecast/news/2014-10-31-national-forecast-20141009\&quot;,\&quot;category\&quot;:{},\&quot;src\&quot;:\&quot;https://s.w-x.co/staticmaps/us_wxhi1_1280x720.jpg\&quot;,\&quot;srcSet\&quot;:[]}],\&quot;status\&quot;:200,\&quot;statusText\&quot;:\&quot;OK\&quot;},\&quot;assetId:97094815-e4c6-4576-8b10-1a0d31327990;language:en-US\&quot;:{\&quot;loading\&quot;:false,\&quot;loaded\&quot;:true,\&quot;data\&quot;:[{\&quot;headline\&quot;:\&quot;9 Things to Keep In Your Car as It Gets Cold\&quot;,\&quot;url\&quot;:\&quot;/safety/winter/news/2021-10-21-9-things-keep-car-gets-cold\&quot;,\&quot;caption\&quot;:\&quot;\&quot;,\&quot;teaserTitle\&quot;:\&quot;9 Things to Keep In Your Car as It Gets Cold\&quot;,\&quot;src\&quot;:\&quot;https://s.w-x.co/GettyImages-700712801.jpg\&quot;,\&quot;srcSet\&quot;:[{\&quot;src\&quot;:\&quot;https://s.w-x.co/util/image/w/GettyImages-700712801.jpg?v=at&amp;w=160&amp;h=90\&quot;,\&quot;variant\&quot;:\&quot;160w\&quot;},{\&quot;src\&quot;:\&quot;https://s.w-x.co/util/image/w/GettyImages-700712801.jpg?v=at&amp;w=320&amp;h=180\&quot;,\&quot;variant\&quot;:\&quot;320w\&quot;},{\&quot;src\&quot;:\&quot;https://s.w-x.co/util/image/w/GettyImages-700712801.jpg?v=at&amp;w=815&amp;h=458\&quot;,\&quot;variant\&quot;:\&quot;815w\&quot;},{\&quot;src\&quot;:\&quot;https://s.w-x.co/util/image/w/GettyImages-700712801.jpg?v=at&amp;w=1280&amp;h=720\&quot;,\&quot;variant\&quot;:\&quot;1024w\&quot;}],\&quot;lqip\&quot;:\&quot;https://s.w-x.co/util/image/w/GettyImages-700712801.jpg?v=at&amp;w=73&amp;h=49\&quot;,\&quot;provider\&quot;:{\&quot;name\&quot;:\&quot;weather.com\&quot;},\&quot;publishdate\&quot;:\&quot;2021-10-21T11:28:46.000-04:00\&quot;,\&quot;icon\&quot;:\&quot;photo\&quot;,\&quot;category\&quot;:{\&quot;title\&quot;:\&quot;Winter Safety and Preparedness\&quot;,\&quot;link\&quot;:\&quot;safety/winter\&quot;},\&quot;webVideoData\&quot;:{\&quot;web\&quot;:\&quot;\&quot;,\&quot;mweb\&quot;:\&quot;\&quot;}},{\&quot;headline\&quot;:\&quot;14 Steps You Should Take To Prepare for a Winter Storm\&quot;,\&quot;url\&quot;:\&quot;/safety/winter/news/2019-01-29-how-to-prepare-for-blizzards\&quot;,\&quot;caption\&quot;:\&quot;\&quot;,\&quot;teaserTitle\&quot;:\&quot;14 Steps You Should Take To Prepare for a Winter Storm\&quot;,\&quot;src\&quot;:\&quot;https://s.w-x.co/gettyimages-897257674.jpg\&quot;,\&quot;srcSet\&quot;:[{\&quot;src\&quot;:\&quot;https://s.w-x.co/util/image/w/gettyimages-897257674.jpg?v=at&amp;w=160&amp;h=90\&quot;,\&quot;variant\&quot;:\&quot;160w\&quot;},{\&quot;src\&quot;:\&quot;https://s.w-x.co/util/image/w/gettyimages-897257674.jpg?v=at&amp;w=320&amp;h=180\&quot;,\&quot;variant\&quot;:\&quot;320w\&quot;},{\&quot;src\&quot;:\&quot;https://s.w-x.co/util/image/w/gettyimages-897257674.jpg?v=at&amp;w=815&amp;h=458\&quot;,\&quot;variant\&quot;:\&quot;815w\&quot;},{\&quot;src\&quot;:\&quot;https://s.w-x.co/util/image/w/gettyimages-897257674.jpg?v=at&amp;w=1280&amp;h=720\&quot;,\&quot;variant\&quot;:\&quot;1024w\&quot;}],\&quot;lqip\&quot;:\&quot;https://s.w-x.co/util/image/w/gettyimages-897257674.jpg?v=at&amp;w=73&amp;h=49\&quot;,\&quot;provider\&quot;:{\&quot;name\&quot;:\&quot;weather.com\&quot;},\&quot;publishdate\&quot;:\&quot;2021-01-25T09:47:00.000-05:00\&quot;,\&quot;icon\&quot;:\&quot;photo\&quot;,\&quot;category\&quot;:{\&quot;title\&quot;:\&quot;Winter Safety and Preparedness\&quot;,\&quot;link\&quot;:\&quot;safety/winter\&quot;},\&quot;webVideoData\&quot;:{\&quot;web\&quot;:\&quot;\&quot;,\&quot;mweb\&quot;:\&quot;\&quot;}},{\&quot;headline\&quot;:\&quot;Ice 101: How to Navigate It on Foot and in Your Car\&quot;,\&quot;url\&quot;:\&quot;/safety/winter/video/ice-101-how-to-navigate-it-on-foot-and-in-your-car\&quot;,\&quot;caption\&quot;:\&quot;\&quot;,\&quot;teaserTitle\&quot;:\&quot;You Can Avoid Those Unfortunate Slips This Year\&quot;,\&quot;src\&quot;:\&quot;https://v.w-x.co/1605816683882_1119_-_ICE_101_-_SAFETY_TEXT.jpg\&quot;,\&quot;srcSet\&quot;:[{\&quot;src\&quot;:\&quot;https://s.w-x.co/util/image/v/1605816683882_1119_-_ICE_101_-_SAFETY_TEXT.jpg?v=at&amp;w=160&amp;h=90\&quot;,\&quot;variant\&quot;:\&quot;160w\&quot;},{\&quot;src\&quot;:\&quot;https://s.w-x.co/util/image/v/1605816683882_1119_-_ICE_101_-_SAFETY_TEXT.jpg?v=at&amp;w=320&amp;h=180\&quot;,\&quot;variant\&quot;:\&quot;320w\&quot;},{\&quot;src\&quot;:\&quot;https://s.w-x.co/util/image/v/1605816683882_1119_-_ICE_101_-_SAFETY_TEXT.jpg?v=at&amp;w=815&amp;h=458\&quot;,\&quot;variant\&quot;:\&quot;815w\&quot;},{\&quot;src\&quot;:\&quot;https://s.w-x.co/util/image/v/1605816683882_1119_-_ICE_101_-_SAFETY_TEXT.jpg?v=at&amp;w=1280&amp;h=720\&quot;,\&quot;variant\&quot;:\&quot;1024w\&quot;}],\&quot;lqip\&quot;:\&quot;https://s.w-x.co/util/image/v/1605816683882_1119_-_ICE_101_-_SAFETY_TEXT.jpg?v=at&amp;w=73&amp;h=49\&quot;,\&quot;provider\&quot;:{\&quot;name\&quot;:\&quot;TWC\&quot;},\&quot;publishdate\&quot;:\&quot;2020-11-19T15:11:34.000-05:00\&quot;,\&quot;icon\&quot;:\&quot;video\&quot;,\&quot;category\&quot;:{\&quot;title\&quot;:\&quot;Winter Safety and Preparedness\&quot;,\&quot;link\&quot;:\&quot;safety/winter\&quot;},\&quot;webVideoData\&quot;:{\&quot;web\&quot;:\&quot;https://v.w-x.co/digital_video/The_Weather_Channel_-_Reach_Engine/2682d710-d1b3-4c61-9289-7a35e837b319/1119_-_ICE_101_-_SAFETY_TEXT_Playlist.m3u8\&quot;,\&quot;mweb\&quot;:\&quot;https://v.w-x.co/digital_video/The_Weather_Channel_-_Reach_Engine/2682d710-d1b3-4c61-9289-7a35e837b319/1119_-_ICE_101_-_SAFETY_TEXT_Playlist.m3u8\&quot;}},{\&quot;headline\&quot;:\&quot;Are the Trees Near Your House a Hazard?\&quot;,\&quot;url\&quot;:\&quot;/safety/news/2019-10-18-are-trees-near-house-hazard\&quot;,\&quot;caption\&quot;:\&quot;\&quot;,\&quot;teaserTitle\&quot;:\&quot;What You Can Do About Hazardous Trees On Your Property\&quot;,\&quot;src\&quot;:\&quot;https://s.w-x.co/GettyImages-459247329.jpg\&quot;,\&quot;srcSet\&quot;:[{\&quot;src\&quot;:\&quot;https://s.w-x.co/util/image/w/GettyImages-459247329.jpg?v=at&amp;w=160&amp;h=90\&quot;,\&quot;variant\&quot;:\&quot;160w\&quot;},{\&quot;src\&quot;:\&quot;https://s.w-x.co/util/image/w/GettyImages-459247329.jpg?v=at&amp;w=320&amp;h=180\&quot;,\&quot;variant\&quot;:\&quot;320w\&quot;},{\&quot;src\&quot;:\&quot;https://s.w-x.co/util/image/w/GettyImages-459247329.jpg?v=at&amp;w=815&amp;h=458\&quot;,\&quot;variant\&quot;:\&quot;815w\&quot;},{\&quot;src\&quot;:\&quot;https://s.w-x.co/util/image/w/GettyImages-459247329.jpg?v=at&amp;w=1280&amp;h=720\&quot;,\&quot;variant\&quot;:\&quot;1024w\&quot;}],\&quot;lqip\&quot;:\&quot;https://s.w-x.co/util/image/w/GettyImages-459247329.jpg?v=at&amp;w=73&amp;h=49\&quot;,\&quot;provider\&quot;:{\&quot;name\&quot;:\&quot;weather.com\&quot;},\&quot;publishdate\&quot;:\&quot;2020-10-19T10:15:52.000-04:00\&quot;,\&quot;icon\&quot;:\&quot;photo\&quot;,\&quot;category\&quot;:{\&quot;title\&quot;:\&quot;Safety and Preparedness\&quot;,\&quot;link\&quot;:\&quot;safety\&quot;},\&quot;webVideoData\&quot;:{\&quot;web\&quot;:\&quot;\&quot;,\&quot;mweb\&quot;:\&quot;\&quot;}}],\&quot;status\&quot;:200,\&quot;statusText\&quot;:\&quot;OK\&quot;},\&quot;assetId:0275875d-4b11-45fe-a653-bc5817088c16;language:en-US\&quot;:{\&quot;loading\&quot;:false,\&quot;loaded\&quot;:true,\&quot;data\&quot;:[{\&quot;headline\&quot;:\&quot;Delhi Plunges into Toxic Smog Days After Diwali Celebrations (PHOTOS)\&quot;,\&quot;url\&quot;:\&quot;/photos/news/2021-11-08-delhi-india-smog-photos\&quot;,\&quot;caption\&quot;:\&quot;India&apos;s capital has been dealing with days of smog after residents defied a fireworks ban in celebration of Diwali.\&quot;,\&quot;teaserTitle\&quot;:\&quot;Delhi Plunges into Toxic Smog Days After Diwali Celebrations (PHOTOS)\&quot;,\&quot;src\&quot;:\&quot;https://s.w-x.co/GettyImages-1236419606.jpg\&quot;,\&quot;srcSet\&quot;:[{\&quot;src\&quot;:\&quot;https://s.w-x.co/util/image/w/GettyImages-1236419606.jpg?v=at&amp;w=160&amp;h=90\&quot;,\&quot;variant\&quot;:\&quot;160w\&quot;},{\&quot;src\&quot;:\&quot;https://s.w-x.co/util/image/w/GettyImages-1236419606.jpg?v=at&amp;w=320&amp;h=180\&quot;,\&quot;variant\&quot;:\&quot;320w\&quot;},{\&quot;src\&quot;:\&quot;https://s.w-x.co/util/image/w/GettyImages-1236419606.jpg?v=at&amp;w=815&amp;h=458\&quot;,\&quot;variant\&quot;:\&quot;815w\&quot;},{\&quot;src\&quot;:\&quot;https://s.w-x.co/util/image/w/GettyImages-1236419606.jpg?v=at&amp;w=1280&amp;h=720\&quot;,\&quot;variant\&quot;:\&quot;1024w\&quot;}],\&quot;lqip\&quot;:\&quot;https://s.w-x.co/util/image/w/GettyImages-1236419606.jpg?v=at&amp;w=73&amp;h=49\&quot;,\&quot;provider\&quot;:{\&quot;name\&quot;:\&quot;weather.com\&quot;},\&quot;publishdate\&quot;:\&quot;2021-11-08T14:13:37.000-05:00\&quot;,\&quot;icon\&quot;:\&quot;photo\&quot;,\&quot;category\&quot;:{\&quot;link\&quot;:\&quot;\&quot;,\&quot;title\&quot;:\&quot;\&quot;},\&quot;webVideoData\&quot;:{\&quot;web\&quot;:\&quot;\&quot;,\&quot;mweb\&quot;:\&quot;\&quot;}},{\&quot;headline\&quot;:\&quot;Protests Spread Across Europe as COP26 Continues into Second Week (PHOTOS)\&quot;,\&quot;url\&quot;:\&quot;/photos/news/2021-11-01-cop26-un-climate-change-conference-protest-photos\&quot;,\&quot;caption\&quot;:\&quot;Protests continued across Europe this weekend as COP26, the 2021 United Nations Climate Change Conference, headed into its second week.\&quot;,\&quot;teaserTitle\&quot;:\&quot;Protests Spread Across Europe as COP26 Continues into Second Week (PHOTOS)\&quot;,\&quot;src\&quot;:\&quot;https://s.w-x.co/GettyImages-1236412565.jpg\&quot;,\&quot;srcSet\&quot;:[{\&quot;src\&quot;:\&quot;https://s.w-x.co/util/image/w/GettyImages-1236412565.jpg?v=at&amp;w=160&amp;h=90\&quot;,\&quot;variant\&quot;:\&quot;160w\&quot;},{\&quot;src\&quot;:\&quot;https://s.w-x.co/util/image/w/GettyImages-1236412565.jpg?v=at&amp;w=320&amp;h=180\&quot;,\&quot;variant\&quot;:\&quot;320w\&quot;},{\&quot;src\&quot;:\&quot;https://s.w-x.co/util/image/w/GettyImages-1236412565.jpg?v=at&amp;w=815&amp;h=458\&quot;,\&quot;variant\&quot;:\&quot;815w\&quot;},{\&quot;src\&quot;:\&quot;https://s.w-x.co/util/image/w/GettyImages-1236412565.jpg?v=at&amp;w=1280&amp;h=720\&quot;,\&quot;variant\&quot;:\&quot;1024w\&quot;}],\&quot;lqip\&quot;:\&quot;https://s.w-x.co/util/image/w/GettyImages-1236412565.jpg?v=at&amp;w=73&amp;h=49\&quot;,\&quot;provider\&quot;:{\&quot;name\&quot;:\&quot;weather.com\&quot;},\&quot;publishdate\&quot;:\&quot;2021-11-01T15:12:05.000-04:00\&quot;,\&quot;icon\&quot;:\&quot;photo\&quot;,\&quot;category\&quot;:{\&quot;link\&quot;:\&quot;\&quot;,\&quot;title\&quot;:\&quot;\&quot;},\&quot;webVideoData\&quot;:{\&quot;web\&quot;:\&quot;\&quot;,\&quot;mweb\&quot;:\&quot;\&quot;}},{\&quot;headline\&quot;:\&quot;Tourists Wade Through Tidal Flooding in Venice (PHOTOS)\&quot;,\&quot;url\&quot;:\&quot;/photos/news/2021-11-05-venice-flooding-photos\&quot;,\&quot;caption\&quot;:\&quot;City data shows that in the last two decades, there have been nearly as many tides greater than 3.6 feet in Venice as during the previous 100 years.\&quot;,\&quot;teaserTitle\&quot;:\&quot;Tourists Wade Through Tidal Flooding in Venice (PHOTOS)\&quot;,\&quot;src\&quot;:\&quot;https://s.w-x.co/AP21309447064210.jpg\&quot;,\&quot;srcSet\&quot;:[{\&quot;src\&quot;:\&quot;https://s.w-x.co/util/image/w/AP21309447064210.jpg?v=at&amp;w=160&amp;h=90\&quot;,\&quot;variant\&quot;:\&quot;160w\&quot;},{\&quot;src\&quot;:\&quot;https://s.w-x.co/util/image/w/AP21309447064210.jpg?v=at&amp;w=320&amp;h=180\&quot;,\&quot;variant\&quot;:\&quot;320w\&quot;},{\&quot;src\&quot;:\&quot;https://s.w-x.co/util/image/w/AP21309447064210.jpg?v=at&amp;w=815&amp;h=458\&quot;,\&quot;variant\&quot;:\&quot;815w\&quot;},{\&quot;src\&quot;:\&quot;https://s.w-x.co/util/image/w/AP21309447064210.jpg?v=at&amp;w=1280&amp;h=720\&quot;,\&quot;variant\&quot;:\&quot;1024w\&quot;}],\&quot;lqip\&quot;:\&quot;https://s.w-x.co/util/image/w/AP21309447064210.jpg?v=at&amp;w=73&amp;h=49\&quot;,\&quot;provider\&quot;:{\&quot;name\&quot;:\&quot;weather.com\&quot;},\&quot;publishdate\&quot;:\&quot;2021-11-05T13:46:33.000-04:00\&quot;,\&quot;icon\&quot;:\&quot;photo\&quot;,\&quot;category\&quot;:{\&quot;link\&quot;:\&quot;\&quot;,\&quot;title\&quot;:\&quot;\&quot;},\&quot;webVideoData\&quot;:{\&quot;web\&quot;:\&quot;\&quot;,\&quot;mweb\&quot;:\&quot;\&quot;}},{\&quot;headline\&quot;:\&quot;Brilliant Aurora Graced Northern U.S. Skies Wednesday Night (PHOTOS)\&quot;,\&quot;url\&quot;:\&quot;/photos/news/2021-11-04-aurora-borealis-us-photos\&quot;,\&quot;caption\&quot;:\&quot;Stargazers in some lucky locations were able to view the Aurora borealis Wednesday night and early Thursday.\&quot;,\&quot;teaserTitle\&quot;:\&quot;Brilliant Aurora Graced Northern U.S. Skies Wednesday Night (PHOTOS)\&quot;,\&quot;src\&quot;:\&quot;https://s.w-x.co/FDU_2XLWUAEUdQb.jpeg\&quot;,\&quot;srcSet\&quot;:[{\&quot;src\&quot;:\&quot;https://s.w-x.co/util/image/w/FDU_2XLWUAEUdQb.jpeg?v=at&amp;w=160&amp;h=90\&quot;,\&quot;variant\&quot;:\&quot;160w\&quot;},{\&quot;src\&quot;:\&quot;https://s.w-x.co/util/image/w/FDU_2XLWUAEUdQb.jpeg?v=at&amp;w=320&amp;h=180\&quot;,\&quot;variant\&quot;:\&quot;320w\&quot;},{\&quot;src\&quot;:\&quot;https://s.w-x.co/util/image/w/FDU_2XLWUAEUdQb.jpeg?v=at&amp;w=815&amp;h=458\&quot;,\&quot;variant\&quot;:\&quot;815w\&quot;},{\&quot;src\&quot;:\&quot;https://s.w-x.co/util/image/w/FDU_2XLWUAEUdQb.jpeg?v=at&amp;w=1280&amp;h=720\&quot;,\&quot;variant\&quot;:\&quot;1024w\&quot;}],\&quot;lqip\&quot;:\&quot;https://s.w-x.co/util/image/w/FDU_2XLWUAEUdQb.jpeg?v=at&amp;w=73&amp;h=49\&quot;,\&quot;provider\&quot;:{\&quot;name\&quot;:\&quot;weather.com\&quot;},\&quot;publishdate\&quot;:\&quot;2021-11-04T11:40:59.000-04:00\&quot;,\&quot;icon\&quot;:\&quot;photo\&quot;,\&quot;category\&quot;:{\&quot;link\&quot;:\&quot;\&quot;,\&quot;title\&quot;:\&quot;\&quot;},\&quot;webVideoData\&quot;:{\&quot;web\&quot;:\&quot;\&quot;,\&quot;mweb\&quot;:\&quot;\&quot;}},{\&quot;headline\&quot;:\&quot;One Non-Profit&apos;s Quest to Save the Sequoias After a Devastating Wildfire Season (PHOTOS)\&quot;,\&quot;url\&quot;:\&quot;/photos/news/2021-11-02-sequoias-wildfire-recovery-photos\&quot;,\&quot;caption\&quot;:\&quot;There is no record of giant sequoias burning before 2015.\&quot;,\&quot;teaserTitle\&quot;:\&quot;One Non-Profit&apos;s Quest to Save the Sequoias After a Devastating Wildfire Season (PHOTOS)\&quot;,\&quot;src\&quot;:\&quot;https://s.w-x.co/AP21305838942631.jpg\&quot;,\&quot;srcSet\&quot;:[{\&quot;src\&quot;:\&quot;https://s.w-x.co/util/image/w/AP21305838942631.jpg?v=at&amp;w=160&amp;h=90\&quot;,\&quot;variant\&quot;:\&quot;160w\&quot;},{\&quot;src\&quot;:\&quot;https://s.w-x.co/util/image/w/AP21305838942631.jpg?v=at&amp;w=320&amp;h=180\&quot;,\&quot;variant\&quot;:\&quot;320w\&quot;},{\&quot;src\&quot;:\&quot;https://s.w-x.co/util/image/w/AP21305838942631.jpg?v=at&amp;w=815&amp;h=458\&quot;,\&quot;variant\&quot;:\&quot;815w\&quot;},{\&quot;src\&quot;:\&quot;https://s.w-x.co/util/image/w/AP21305838942631.jpg?v=at&amp;w=1280&amp;h=720\&quot;,\&quot;variant\&quot;:\&quot;1024w\&quot;}],\&quot;lqip\&quot;:\&quot;https://s.w-x.co/util/image/w/AP21305838942631.jpg?v=at&amp;w=73&amp;h=49\&quot;,\&quot;provider\&quot;:{\&quot;name\&quot;:\&quot;weather.com\&quot;},\&quot;publishdate\&quot;:\&quot;2021-11-02T15:29:05.000-04:00\&quot;,\&quot;icon\&quot;:\&quot;photo\&quot;,\&quot;category\&quot;:{\&quot;link\&quot;:\&quot;\&quot;,\&quot;title\&quot;:\&quot;\&quot;},\&quot;webVideoData\&quot;:{\&quot;web\&quot;:\&quot;\&quot;,\&quot;mweb\&quot;:\&quot;\&quot;}},{\&quot;headline\&quot;:\&quot;Photos Show Buildings Buried in Ash by Canary Island Volcano\&quot;,\&quot;url\&quot;:\&quot;/photos/news/2021-11-01-ash-canary-island-volcano-la-palma-photos\&quot;,\&quot;caption\&quot;:\&quot;Residents in five of La Palma&apos;s municipalities were advised to stay indoors due to the lava flows and poor air quality.\&quot;,\&quot;teaserTitle\&quot;:\&quot;Photos Show Buildings Buried in Ash by Canary Island Volcano\&quot;,\&quot;src\&quot;:\&quot;https://s.w-x.co/AP21303560123723.jpg\&quot;,\&quot;srcSet\&quot;:[{\&quot;src\&quot;:\&quot;https://s.w-x.co/util/image/w/AP21303560123723.jpg?v=at&amp;w=160&amp;h=90\&quot;,\&quot;variant\&quot;:\&quot;160w\&quot;},{\&quot;src\&quot;:\&quot;https://s.w-x.co/util/image/w/AP21303560123723.jpg?v=at&amp;w=320&amp;h=180\&quot;,\&quot;variant\&quot;:\&quot;320w\&quot;},{\&quot;src\&quot;:\&quot;https://s.w-x.co/util/image/w/AP21303560123723.jpg?v=at&amp;w=815&amp;h=458\&quot;,\&quot;variant\&quot;:\&quot;815w\&quot;},{\&quot;src\&quot;:\&quot;https://s.w-x.co/util/image/w/AP21303560123723.jpg?v=at&amp;w=1280&amp;h=720\&quot;,\&quot;variant\&quot;:\&quot;1024w\&quot;}],\&quot;lqip\&quot;:\&quot;https://s.w-x.co/util/image/w/AP21303560123723.jpg?v=at&amp;w=73&amp;h=49\&quot;,\&quot;provider\&quot;:{\&quot;name\&quot;:\&quot;weather.com\&quot;},\&quot;publishdate\&quot;:\&quot;2021-11-01T10:56:45.000-04:00\&quot;,\&quot;icon\&quot;:\&quot;photo\&quot;,\&quot;category\&quot;:{\&quot;link\&quot;:\&quot;\&quot;,\&quot;title\&quot;:\&quot;\&quot;},\&quot;webVideoData\&quot;:{\&quot;web\&quot;:\&quot;\&quot;,\&quot;mweb\&quot;:\&quot;\&quot;}},{\&quot;headline\&quot;:\&quot;Tidal Flooding Inundates Mid-Atlantic (PHOTOS)\&quot;,\&quot;url\&quot;:\&quot;/photos/news/2021-10-29-tidal-flooding-mid-atlantic-photos\&quot;,\&quot;caption\&quot;:\&quot;The floods, fueled by rain and the heavy winds of the second storm this week moving already-high tides, could be the highest since 2003&apos;s Hurricane Isabel in some areas.\&quot;,\&quot;teaserTitle\&quot;:\&quot;Tidal Flooding Inundates Mid-Atlantic (PHOTOS)\&quot;,\&quot;src\&quot;:\&quot;https://s.w-x.co/AP21302637311857.jpg\&quot;,\&quot;srcSet\&quot;:[{\&quot;src\&quot;:\&quot;https://s.w-x.co/util/image/w/AP21302637311857.jpg?v=at&amp;w=160&amp;h=90\&quot;,\&quot;variant\&quot;:\&quot;160w\&quot;},{\&quot;src\&quot;:\&quot;https://s.w-x.co/util/image/w/AP21302637311857.jpg?v=at&amp;w=320&amp;h=180\&quot;,\&quot;variant\&quot;:\&quot;320w\&quot;},{\&quot;src\&quot;:\&quot;https://s.w-x.co/util/image/w/AP21302637311857.jpg?v=at&amp;w=815&amp;h=458\&quot;,\&quot;variant\&quot;:\&quot;815w\&quot;},{\&quot;src\&quot;:\&quot;https://s.w-x.co/util/image/w/AP21302637311857.jpg?v=at&amp;w=1280&amp;h=720\&quot;,\&quot;variant\&quot;:\&quot;1024w\&quot;}],\&quot;lqip\&quot;:\&quot;https://s.w-x.co/util/image/w/AP21302637311857.jpg?v=at&amp;w=73&amp;h=49\&quot;,\&quot;provider\&quot;:{\&quot;name\&quot;:\&quot;weather.com\&quot;},\&quot;publishdate\&quot;:\&quot;2021-10-29T14:29:20.000-04:00\&quot;,\&quot;icon\&quot;:\&quot;photo\&quot;,\&quot;category\&quot;:{\&quot;link\&quot;:\&quot;\&quot;,\&quot;title\&quot;:\&quot;\&quot;},\&quot;webVideoData\&quot;:{\&quot;web\&quot;:\&quot;\&quot;,\&quot;mweb\&quot;:\&quot;\&quot;}},{\&quot;headline\&quot;:\&quot;Photos from Hurricane Rick After Mexico Landfall\&quot;,\&quot;url\&quot;:\&quot;/photos/news/2021-10-27-hurricane-rick-mexico-photos\&quot;,\&quot;caption\&quot;:\&quot;Hurricane Rick was downgraded to a tropical depression after making a Category 2 landfall.\&quot;,\&quot;teaserTitle\&quot;:\&quot;Photos from Hurricane Rick After Mexico Landfall\&quot;,\&quot;src\&quot;:\&quot;https://s.w-x.co/AP21299778040319.jpg\&quot;,\&quot;srcSet\&quot;:[{\&quot;src\&quot;:\&quot;https://s.w-x.co/util/image/w/AP21299778040319.jpg?v=at&amp;w=160&amp;h=90\&quot;,\&quot;variant\&quot;:\&quot;160w\&quot;},{\&quot;src\&quot;:\&quot;https://s.w-x.co/util/image/w/AP21299778040319.jpg?v=at&amp;w=320&amp;h=180\&quot;,\&quot;variant\&quot;:\&quot;320w\&quot;},{\&quot;src\&quot;:\&quot;https://s.w-x.co/util/image/w/AP21299778040319.jpg?v=at&amp;w=815&amp;h=458\&quot;,\&quot;variant\&quot;:\&quot;815w\&quot;},{\&quot;src\&quot;:\&quot;https://s.w-x.co/util/image/w/AP21299778040319.jpg?v=at&amp;w=1280&amp;h=720\&quot;,\&quot;variant\&quot;:\&quot;1024w\&quot;}],\&quot;lqip\&quot;:\&quot;https://s.w-x.co/util/image/w/AP21299778040319.jpg?v=at&amp;w=73&amp;h=49\&quot;,\&quot;provider\&quot;:{\&quot;name\&quot;:\&quot;weather.com\&quot;},\&quot;publishdate\&quot;:\&quot;2021-10-27T13:24:22.000-04:00\&quot;,\&quot;icon\&quot;:\&quot;photo\&quot;,\&quot;category\&quot;:{\&quot;link\&quot;:\&quot;\&quot;,\&quot;title\&quot;:\&quot;\&quot;},\&quot;webVideoData\&quot;:{\&quot;web\&quot;:\&quot;\&quot;,\&quot;mweb\&quot;:\&quot;\&quot;}}],\&quot;status\&quot;:200,\&quot;statusText\&quot;:\&quot;OK\&quot;},\&quot;assetId:7d7ca9dd-ea1c-4299-af08-063bfb8eb2fc;language:en-US\&quot;:{\&quot;loading\&quot;:false,\&quot;loaded\&quot;:true,\&quot;data\&quot;:[{\&quot;headline\&quot;:\&quot;Keep Your Coffee Warm With The Smart Press Heating Cup Coaster, Just $26\&quot;,\&quot;url\&quot;:\&quot;/deals/stackcommerce/news/2021-10-19-smart-press-heating-cup-coaster\&quot;,\&quot;caption\&quot;:\&quot;\&quot;,\&quot;teaserTitle\&quot;:\&quot;Keep Your Coffee Warm With The Smart Press Heating Cup Coaster, Just $26\&quot;,\&quot;src\&quot;:\&quot;https://s.w-x.co/bunnyearscoaster.jpeg\&quot;,\&quot;srcSet\&quot;:[{\&quot;src\&quot;:\&quot;https://s.w-x.co/util/image/w/bunnyearscoaster.jpeg?v=at&amp;w=160&amp;h=90\&quot;,\&quot;variant\&quot;:\&quot;160w\&quot;},{\&quot;src\&quot;:\&quot;https://s.w-x.co/util/image/w/bunnyearscoaster.jpeg?v=at&amp;w=320&amp;h=180\&quot;,\&quot;variant\&quot;:\&quot;320w\&quot;},{\&quot;src\&quot;:\&quot;https://s.w-x.co/util/image/w/bunnyearscoaster.jpeg?v=at&amp;w=815&amp;h=458\&quot;,\&quot;variant\&quot;:\&quot;815w\&quot;},{\&quot;src\&quot;:\&quot;https://s.w-x.co/util/image/w/bunnyearscoaster.jpeg?v=at&amp;w=1280&amp;h=720\&quot;,\&quot;variant\&quot;:\&quot;1024w\&quot;}],\&quot;lqip\&quot;:\&quot;https://s.w-x.co/util/image/w/bunnyearscoaster.jpeg?v=at&amp;w=73&amp;h=49\&quot;,\&quot;provider\&quot;:{\&quot;name\&quot;:\&quot;weather.com\&quot;},\&quot;publishdate\&quot;:\&quot;2021-10-19T09:56:45.000-04:00\&quot;,\&quot;icon\&quot;:\&quot;photo\&quot;,\&quot;category\&quot;:{\&quot;title\&quot;:\&quot;Sponsored Content\&quot;,\&quot;link\&quot;:\&quot;deals/stackcommerce\&quot;},\&quot;webVideoData\&quot;:{\&quot;web\&quot;:\&quot;\&quot;,\&quot;mweb\&quot;:\&quot;\&quot;}}],\&quot;status\&quot;:200,\&quot;statusText\&quot;:\&quot;OK\&quot;}},\&quot;getSUNv2TropicalObservationCurrentPositionSourceAndBasinOnlyUrlConfig\&quot;:{\&quot;basin:all;language:en-US;nautical:false;source:default;units:e\&quot;:{\&quot;loading\&quot;:false,\&quot;loaded\&quot;:true,\&quot;data\&quot;:{\&quot;metadata\&quot;:{\&quot;language\&quot;:\&quot;en-US\&quot;,\&quot;transaction_id\&quot;:\&quot;1636450845192:-126750451\&quot;,\&quot;version\&quot;:\&quot;2\&quot;,\&quot;nautical\&quot;:\&quot;false\&quot;,\&quot;format\&quot;:\&quot;json\&quot;,\&quot;units\&quot;:\&quot;e\&quot;,\&quot;basin\&quot;:\&quot;all\&quot;,\&quot;source\&quot;:\&quot;default\&quot;,\&quot;expire_time_gmt\&quot;:1636472445,\&quot;status_code\&quot;:200},\&quot;advisoryinfo\&quot;:[{\&quot;storm_key\&quot;:\&quot;8e469796c93e322bbbb93f1f17ed2dcb\&quot;,\&quot;storm_id\&quot;:\&quot;AL212021\&quot;,\&quot;storm_number\&quot;:\&quot;21\&quot;,\&quot;storm_name\&quot;:\&quot;Wanda\&quot;,\&quot;alternate_storm_name\&quot;:null,\&quot;source\&quot;:\&quot;NHC\&quot;,\&quot;dsgnt_source\&quot;:true,\&quot;basin\&quot;:\&quot;AL\&quot;,\&quot;issue_office\&quot;:\&quot;KNHC\&quot;,\&quot;wmo_id\&quot;:\&quot;WTNT21\&quot;,\&quot;pil\&quot;:\&quot;TCM\&quot;,\&quot;bulletin_id\&quot;:\&quot;97a558d29944661c1527ba59090b2b26\&quot;,\&quot;related_bulletin_id\&quot;:\&quot;40cadee167719d8131fbe303572a3915\&quot;,\&quot;issue_dt_tm\&quot;:\&quot;2021-11-07T14:44:00Z\&quot;,\&quot;issue_dt_tm_tz_cd\&quot;:\&quot;Etc/UTC\&quot;,\&quot;issue_dt_tm_tz_abbrv\&quot;:\&quot;UTC\&quot;,\&quot;adv_num\&quot;:\&quot;31\&quot;,\&quot;adv_dt_tm\&quot;:\&quot;2021-11-07T15:00:00Z\&quot;,\&quot;adv_dt_tm_tz_cd\&quot;:\&quot;Etc/GMT\&quot;,\&quot;adv_dt_tm_tz_abbrv\&quot;:\&quot;GMT\&quot;,\&quot;nxt_cmplt_advsry_dt_tm\&quot;:null,\&quot;nxt_cmplt_advsry_dt_tm_tz_cd\&quot;:null,\&quot;nxt_cmplt_advsry_dt_tm_tz_abbrv\&quot;:null,\&quot;nxt_intrmdt_advsry_dt_tm\&quot;:null,\&quot;nxt_intrmdt_advsry_dt_tm_tz_cd\&quot;:null,\&quot;nxt_intrmdt_advsry_dt_tm_tz_abbrv\&quot;:null,\&quot;process_time_gmt\&quot;:1636296279,\&quot;expire_time_gmt\&quot;:1636902000,\&quot;final_advisory\&quot;:true,\&quot;alternate_final_advisory\&quot;:false,\&quot;currentposition\&quot;:{\&quot;lat\&quot;:40.2,\&quot;lat_hemisphere\&quot;:\&quot;N\&quot;,\&quot;lon\&quot;:-33.5,\&quot;lon_hemisphere\&quot;:\&quot;W\&quot;,\&quot;storm_type_cd\&quot;:\&quot;PT\&quot;,\&quot;storm_type\&quot;:\&quot;Post-Tropical Cyclone\&quot;,\&quot;storm_sub_type_cd\&quot;:null,\&quot;storm_sub_type\&quot;:null,\&quot;headline\&quot;:[\&quot;WANDA BECOMES A POST-TROPICAL CYCLONE\&quot;,\&quot;THIS IS THE FINAL ADVISORY\&quot;],\&quot;min_pressure\&quot;:29.62,\&quot;max_sustained_wind\&quot;:40,\&quot;wind_gust\&quot;:50,\&quot;heading\&quot;:{\&quot;storm_dir\&quot;:\&quot;45\&quot;,\&quot;storm_dir_cardinal\&quot;:\&quot;NE\&quot;,\&quot;storm_spd\&quot;:25},\&quot;nearby_loc\&quot;:[{\&quot;loc_nm\&quot;:\&quot;THE AZORES\&quot;,\&quot;dist\&quot;:380,\&quot;dir_cardinal\&quot;:\&quot;WNW\&quot;,\&quot;city_nm\&quot;:null,\&quot;st_cd\&quot;:null}],\&quot;wind_radii\&quot;:[{\&quot;radii_wspd\&quot;:39,\&quot;NE\&quot;:0,\&quot;SE\&quot;:69,\&quot;SW\&quot;:0,\&quot;NW\&quot;:0}],\&quot;sea_radii\&quot;:{\&quot;wave_height\&quot;:12,\&quot;NE\&quot;:92,\&quot;SE\&quot;:138,\&quot;SW\&quot;:104,\&quot;NW\&quot;:69}}},{\&quot;storm_key\&quot;:\&quot;dc918edeab868d8d7bca7ebd64db6159\&quot;,\&quot;storm_id\&quot;:\&quot;EP182021\&quot;,\&quot;storm_number\&quot;:\&quot;18\&quot;,\&quot;storm_name\&quot;:\&quot;Terry\&quot;,\&quot;alternate_storm_name\&quot;:null,\&quot;source\&quot;:\&quot;NHC\&quot;,\&quot;dsgnt_source\&quot;:true,\&quot;basin\&quot;:\&quot;EP\&quot;,\&quot;issue_office\&quot;:\&quot;KNHC\&quot;,\&quot;wmo_id\&quot;:\&quot;WTPZ23\&quot;,\&quot;pil\&quot;:\&quot;TCM\&quot;,\&quot;bulletin_id\&quot;:\&quot;e0a24f4c26c838fdc4de9cf873e864b8\&quot;,\&quot;related_bulletin_id\&quot;:\&quot;1af24ae6dc30a0c4aec4a67515d17c92\&quot;,\&quot;issue_dt_tm\&quot;:\&quot;2021-11-09T08:32:00Z\&quot;,\&quot;issue_dt_tm_tz_cd\&quot;:\&quot;Etc/UTC\&quot;,\&quot;issue_dt_tm_tz_abbrv\&quot;:\&quot;UTC\&quot;,\&quot;adv_num\&quot;:\&quot;20\&quot;,\&quot;adv_dt_tm\&quot;:\&quot;2021-11-09T02:00:00-07:00\&quot;,\&quot;adv_dt_tm_tz_cd\&quot;:\&quot;America/Denver\&quot;,\&quot;adv_dt_tm_tz_abbrv\&quot;:\&quot;MST\&quot;,\&quot;nxt_cmplt_advsry_dt_tm\&quot;:\&quot;2021-11-09T08:00:00-07:00\&quot;,\&quot;nxt_cmplt_advsry_dt_tm_tz_cd\&quot;:\&quot;America/Denver\&quot;,\&quot;nxt_cmplt_advsry_dt_tm_tz_abbrv\&quot;:\&quot;MST\&quot;,\&quot;nxt_intrmdt_advsry_dt_tm\&quot;:null,\&quot;nxt_intrmdt_advsry_dt_tm_tz_cd\&quot;:null,\&quot;nxt_intrmdt_advsry_dt_tm_tz_abbrv\&quot;:null,\&quot;process_time_gmt\&quot;:1636446758,\&quot;expire_time_gmt\&quot;:1637053200,\&quot;final_advisory\&quot;:false,\&quot;alternate_final_advisory\&quot;:false,\&quot;currentposition\&quot;:{\&quot;lat\&quot;:11.1,\&quot;lat_hemisphere\&quot;:\&quot;N\&quot;,\&quot;lon\&quot;:-110.4,\&quot;lon_hemisphere\&quot;:\&quot;W\&quot;,\&quot;storm_type_cd\&quot;:\&quot;TD\&quot;,\&quot;storm_type\&quot;:\&quot;Tropical Depression\&quot;,\&quot;storm_sub_type_cd\&quot;:null,\&quot;storm_sub_type\&quot;:null,\&quot;headline\&quot;:[\&quot;TERRY MOVING WESTWARD WITH NO CHANGE IN STRENGTH\&quot;],\&quot;min_pressure\&quot;:29.74,\&quot;max_sustained_wind\&quot;:35,\&quot;wind_gust\&quot;:45,\&quot;heading\&quot;:{\&quot;storm_dir\&quot;:\&quot;280\&quot;,\&quot;storm_dir_cardinal\&quot;:\&quot;W\&quot;,\&quot;storm_spd\&quot;:14},\&quot;nearby_loc\&quot;:[{\&quot;loc_nm\&quot;:\&quot;THE SOUTHERN TIP OF BAJA CALIFORNIA\&quot;,\&quot;dist\&quot;:815,\&quot;dir_cardinal\&quot;:\&quot;S\&quot;,\&quot;city_nm\&quot;:null,\&quot;st_cd\&quot;:null}],\&quot;wind_radii\&quot;:[],\&quot;sea_radii\&quot;:null}},{\&quot;storm_key\&quot;:\&quot;2a41c16fededd0306626926fa8eef852\&quot;,\&quot;storm_id\&quot;:\&quot;EP192021\&quot;,\&quot;storm_number\&quot;:\&quot;19\&quot;,\&quot;storm_name\&quot;:\&quot;Sandra\&quot;,\&quot;alternate_storm_name\&quot;:null,\&quot;source\&quot;:\&quot;NHC\&quot;,\&quot;dsgnt_source\&quot;:true,\&quot;basin\&quot;:\&quot;EP\&quot;,\&quot;issue_office\&quot;:\&quot;KNHC\&quot;,\&quot;wmo_id\&quot;:\&quot;WTPZ24\&quot;,\&quot;pil\&quot;:\&quot;TCM\&quot;,\&quot;bulletin_id\&quot;:\&quot;c14e1c37d3bf89bd1d93545e49bcbcad\&quot;,\&quot;related_bulletin_id\&quot;:\&quot;bee85a8757cd0724f56033903e599423\&quot;,\&quot;issue_dt_tm\&quot;:\&quot;2021-11-09T08:33:00Z\&quot;,\&quot;issue_dt_tm_tz_cd\&quot;:\&quot;Etc/UTC\&quot;,\&quot;issue_dt_tm_tz_abbrv\&quot;:\&quot;UTC\&quot;,\&quot;adv_num\&quot;:\&quot;8\&quot;,\&quot;adv_dt_tm\&quot;:\&quot;2021-11-09T01:00:00-08:00\&quot;,\&quot;adv_dt_tm_tz_cd\&quot;:\&quot;America/Los_Angeles\&quot;,\&quot;adv_dt_tm_tz_abbrv\&quot;:\&quot;PST\&quot;,\&quot;nxt_cmplt_advsry_dt_tm\&quot;:\&quot;2021-11-09T07:00:00-08:00\&quot;,\&quot;nxt_cmplt_advsry_dt_tm_tz_cd\&quot;:\&quot;America/Los_Angeles\&quot;,\&quot;nxt_cmplt_advsry_dt_tm_tz_abbrv\&quot;:\&quot;PST\&quot;,\&quot;nxt_intrmdt_advsry_dt_tm\&quot;:null,\&quot;nxt_intrmdt_advsry_dt_tm_tz_cd\&quot;:null,\&quot;nxt_intrmdt_advsry_dt_tm_tz_abbrv\&quot;:null,\&quot;process_time_gmt\&quot;:1636446818,\&quot;expire_time_gmt\&quot;:1637053200,\&quot;final_advisory\&quot;:false,\&quot;alternate_final_advisory\&quot;:false,\&quot;currentposition\&quot;:{\&quot;lat\&quot;:14.8,\&quot;lat_hemisphere\&quot;:\&quot;N\&quot;,\&quot;lon\&quot;:-119.7,\&quot;lon_hemisphere\&quot;:\&quot;W\&quot;,\&quot;storm_type_cd\&quot;:\&quot;TD\&quot;,\&quot;storm_type\&quot;:\&quot;Tropical Depression\&quot;,\&quot;storm_sub_type_cd\&quot;:null,\&quot;storm_sub_type\&quot;:null,\&quot;headline\&quot;:[\&quot;SANDRA BARELY A TROPICAL DEPRESSION\&quot;,\&quot;EXPECTED TO DISSIPATE LATER TODAY\&quot;],\&quot;min_pressure\&quot;:29.8,\&quot;max_sustained_wind\&quot;:30,\&quot;wind_gust\&quot;:40,\&quot;heading\&quot;:{\&quot;storm_dir\&quot;:\&quot;260\&quot;,\&quot;storm_dir_cardinal\&quot;:\&quot;W\&quot;,\&quot;storm_spd\&quot;:14},\&quot;nearby_loc\&quot;:[{\&quot;loc_nm\&quot;:\&quot;THE SOUTHERN TIP OF BAJA CALIFORNIA\&quot;,\&quot;dist\&quot;:850,\&quot;dir_cardinal\&quot;:\&quot;SW\&quot;,\&quot;city_nm\&quot;:null,\&quot;st_cd\&quot;:null}],\&quot;wind_radii\&quot;:[],\&quot;sea_radii\&quot;:null}}]},\&quot;status\&quot;:200,\&quot;statusText\&quot;:\&quot;OK\&quot;}}},\&quot;user\&quot;:{\&quot;recentLocations\&quot;:[],\&quot;anonymousId\&quot;:\&quot;6bd3de09-8fd1-4767-99a9-5d65c32cc14e\&quot;,\&quot;userId\&quot;:\&quot;\&quot;}}&quot;);&lt;/script&gt;&lt;script&gt;window.__i18n=JSON.parse(&quot;{\&quot;ar\&quot;:{\&quot;wxu-urls\&quot;:{\&quot;airQuality\&quot;:\&quot;/${locale}/forecast/air-quality/l/${locId}\&quot;,\&quot;alertDetails\&quot;:\&quot;/${locale}/weather/alerts/localalerts/l/${locId}\&quot;,\&quot;alerts\&quot;:\&quot;/${locale}/weather/alerts/localalerts/l/${locId}\&quot;,\&quot;allergy\&quot;:\&quot;/${locale}/forecast/allergy/l/${locId}\&quot;,\&quot;apps\&quot;:\&quot;/${locale}/${collectionId}/${assetName}\&quot;,\&quot;article\&quot;:\&quot;/${locale}/${collectionId}/news/${articleTitle}\&quot;,\&quot;betterDecisions\&quot;:\&quot;/mission\&quot;,\&quot;boatBeach\&quot;:\&quot;/${locale}/forecast/boat-beach/l/${locId}\&quot;,\&quot;breathing\&quot;:\&quot;/${locale}/forecast/breathing/l/${locId}\&quot;,\&quot;callforcode\&quot;:\&quot;/callforcode\&quot;,\&quot;christmasCountdown\&quot;:\&quot;/forecast/christmas-countdown/l/${locId}\&quot;,\&quot;coldFlu\&quot;:\&quot;/${locale}/forecast/cold-flu/l/${locId}\&quot;,\&quot;covid19\&quot;:\&quot;/${locale}/coronavirus/l/${locId}\&quot;,\&quot;covid19map\&quot;:\&quot;/${locale}/coronavirus/map/l/${locId}\&quot;,\&quot;dataDefinitions\&quot;:\&quot;/${locale}/\u062A\u0639\u0631\u064A\u0641\u0627\u062A \u0627\u0644\u0628\u064A\u0627\u0646\u0627\u062A\&quot;,\&quot;dataInventory\&quot;:\&quot;/${locale}/data-inventory\&quot;,\&quot;dataPartners\&quot;:\&quot;\u0634\u0631\u0643\u0627\u0621 \u0628\u064A\u0627\u0646\u0627\u062A/${locale}\&quot;,\&quot;dataRights\&quot;:\&quot;/${locale}/\u062D\u0642\u0648\u0642 \u0627\u0644\u0628\u064A\u0627\u0646\u0627\u062A\&quot;,\&quot;farming\&quot;:\&quot;/${locale}/forecast/agriculture/l/${locId}\&quot;,\&quot;fishing\&quot;:\&quot;/${locale}/forecast/fishing/l/${locId}\&quot;,\&quot;fiveday\&quot;:\&quot;/${locale}/weather/5day/l/${locId}\&quot;,\&quot;goRun\&quot;:\&quot;/${locale}/forecast/gorun/l/${locId}\&quot;,\&quot;home\&quot;:\&quot;/${locale}\&quot;,\&quot;hourly\&quot;:\&quot;/${locale}/weather/hourbyhour/l/${locId}\&quot;,\&quot;interactiveMap\&quot;:\&quot;/${locale}/weather/radar/interactive/l/${locId}\&quot;,\&quot;legal\&quot;:\&quot;/${locale}/${collectionId}/${assetName}\&quot;,\&quot;maps\&quot;:\&quot;/maps/${collectionId}\&quot;,\&quot;memberSettings\&quot;:\&quot;/${locale}/member/settings\&quot;,\&quot;memorialdayCountdown\&quot;:\&quot;/forecast/memorial-day-countdown/l/${locId}\&quot;,\&quot;mlbCountdown\&quot;:\&quot;/${locale}/forecast/opening-day-countdown/l/${locId}\&quot;,\&quot;monthly\&quot;:\&quot;/${locale}/weather/monthly/l/${locId}\&quot;,\&quot;notification\&quot;:\&quot;/${locale}/life/manage-notifications\&quot;,\&quot;premiumOnboarding\&quot;:\&quot;/premium/onboarding\&quot;,\&quot;privacyPolicyDirectory\&quot;:\&quot;/${locale}/privacy-policy-directory\&quot;,\&quot;privacySettings\&quot;:\&quot;/${locale}/privacy-settings\&quot;,\&quot;radar\&quot;:\&quot;/${locale}/weather/radar/interactive/l/${locId}\&quot;,\&quot;rss\&quot;:\&quot;/rss\&quot;,\&quot;search\&quot;:\&quot;/${locale}/search/enhancedlocalsearch\&quot;,\&quot;ski\&quot;:\&quot;/${locale}/forecast/ski/l/${locId}\&quot;,\&quot;slideshows\&quot;:\&quot;/${locale}/slideshows\&quot;,\&quot;tenday\&quot;:\&quot;/${locale}/weather/tenday/l/${locId}\&quot;,\&quot;testUrl\&quot;:\&quot;/${locale}/weather/testUrl\&quot;,\&quot;thanksgivingCountdown\&quot;:\&quot;/forecast/thanksgiving-countdown/l/${locId}\&quot;,\&quot;today\&quot;:\&quot;/${locale}/weather/today/l/${locId}\&quot;,\&quot;unsubscribe\&quot;:\&quot;/${locale}/life/alerts/unsubscribe\&quot;,\&quot;video\&quot;:\&quot;/${locale}/${collectionId}/video/${videoTitle}\&quot;,\&quot;weekend\&quot;:\&quot;/${locale}/weather/weekend/l/${locId}\&quot;,\&quot;yesterday\&quot;:\&quot;//www.wunderground.com/history/daily/${locId}/yesterday\&quot;}},\&quot;az-AZ\&quot;:{\&quot;wxu-urls\&quot;:{\&quot;airQuality\&quot;:\&quot;/${locale}/forecast/air-quality/l/${locId}\&quot;,\&quot;alertDetails\&quot;:\&quot;/${locale}/weather/alerts/localalerts/l/${locId}\&quot;,\&quot;alerts\&quot;:\&quot;/${locale}/weather/alerts/localalerts/l/${locId}\&quot;,\&quot;allergy\&quot;:\&quot;/${locale}/forecast/allergy/l/${locId}\&quot;,\&quot;apps\&quot;:\&quot;/${locale}/${collectionId}/${assetName}\&quot;,\&quot;article\&quot;:\&quot;/${locale}/${collectionId}/news/${articleTitle}\&quot;,\&quot;betterDecisions\&quot;:\&quot;/mission\&quot;,\&quot;boatBeach\&quot;:\&quot;/${locale}/forecast/boat-beach/l/${locId}\&quot;,\&quot;breathing\&quot;:\&quot;/${locale}/forecast/breathing/l/${locId}\&quot;,\&quot;callforcode\&quot;:\&quot;/callforcode\&quot;,\&quot;christmasCountdown\&quot;:\&quot;/forecast/christmas-countdown/l/${locId}\&quot;,\&quot;coldFlu\&quot;:\&quot;/${locale}/forecast/cold-flu/l/${locId}\&quot;,\&quot;covid19\&quot;:\&quot;/${locale}/coronavirus/l/${locId}\&quot;,\&quot;covid19map\&quot;:\&quot;/${locale}/coronavirus/map/l/${locId}\&quot;,\&quot;dataDefinitions\&quot;:\&quot;/${locale}/data-definitions\&quot;,\&quot;dataInventory\&quot;:\&quot;/${locale}/data-inventory\&quot;,\&quot;dataPartners\&quot;:\&quot;/${locale}/data-partners\&quot;,\&quot;dataRights\&quot;:\&quot;/${locale}/data-rights\&quot;,\&quot;farming\&quot;:\&quot;/${locale}/forecast/agriculture/l/${locId}\&quot;,\&quot;fishing\&quot;:\&quot;/${locale}/forecast/fishing/l/${locId}\&quot;,\&quot;fiveday\&quot;:\&quot;/${locale}/weather/5day/l/${locId}\&quot;,\&quot;goRun\&quot;:\&quot;/${locale}/forecast/gorun/l/${locId}\&quot;,\&quot;home\&quot;:\&quot;/${locale}\&quot;,\&quot;hourly\&quot;:\&quot;/${locale}/weather/hourbyhour/l/${locId}\&quot;,\&quot;interactiveMap\&quot;:\&quot;/${locale}/weather/maps/interactive/l/${locId}\&quot;,\&quot;legal\&quot;:\&quot;/${locale}/${collectionId}/${assetName}\&quot;,\&quot;maps\&quot;:\&quot;/maps/${collectionId}\&quot;,\&quot;memberSettings\&quot;:\&quot;/${locale}/member/settings\&quot;,\&quot;memorialdayCountdown\&quot;:\&quot;/forecast/memorial-day-countdown/l/${locId}\&quot;,\&quot;mlbCountdown\&quot;:\&quot;/${locale}/forecast/opening-day-countdown/l/${locId}\&quot;,\&quot;monthly\&quot;:\&quot;/${locale}/weather/monthly/l/${locId}\&quot;,\&quot;notification\&quot;:\&quot;/${locale}/life/manage-notifications\&quot;,\&quot;premiumOnboarding\&quot;:\&quot;/premium/onboarding\&quot;,\&quot;privacyPolicyDirectory\&quot;:\&quot;/${locale}/privacy-policy-directory\&quot;,\&quot;privacySettings\&quot;:\&quot;/${locale}/privacy-settings\&quot;,\&quot;radar\&quot;:\&quot;/${locale}/weather/radar/interactive/l/${locId}\&quot;,\&quot;rss\&quot;:\&quot;/rss\&quot;,\&quot;search\&quot;:\&quot;/${locale}/search/enhancedlocalsearch\&quot;,\&quot;ski\&quot;:\&quot;/${locale}/forecast/ski/l/${locId}\&quot;,\&quot;slideshows\&quot;:\&quot;/${locale}/slideshows\&quot;,\&quot;tenday\&quot;:\&quot;/${locale}/weather/tenday/l/${locId}\&quot;,\&quot;testUrl\&quot;:\&quot;/${locale}/weather/testUrl\&quot;,\&quot;thanksgivingCountdown\&quot;:\&quot;/forecast/thanksgiving-countdown/l/${locId}\&quot;,\&quot;today\&quot;:\&quot;/${locale}/weather/today/l/${locId}\&quot;,\&quot;unsubscribe\&quot;:\&quot;/${locale}/life/alerts/unsubscribe\&quot;,\&quot;video\&quot;:\&quot;/${locale}/${collectionId}/video/${videoTitle}\&quot;,\&quot;weekend\&quot;:\&quot;/${locale}/weather/weekend/l/${locId}\&quot;,\&quot;yesterday\&quot;:\&quot;//www.wunderground.com/history/daily/${locId}/yesterday\&quot;}},\&quot;bg-BG\&quot;:{\&quot;wxu-urls\&quot;:{\&quot;airQuality\&quot;:\&quot;/${locale}/forecast/air-quality/l/${locId}\&quot;,\&quot;alertDetails\&quot;:\&quot;/${locale}/weather/alerts/localalerts/l/${locId}\&quot;,\&quot;alerts\&quot;:\&quot;/${locale}/weather/alerts/localalerts/l/${locId}\&quot;,\&quot;allergy\&quot;:\&quot;/${locale}/forecast/allergy/l/${locId}\&quot;,\&quot;apps\&quot;:\&quot;/${locale}/${collectionId}/${assetName}\&quot;,\&quot;article\&quot;:\&quot;/${locale}/${collectionId}/news/${articleTitle}\&quot;,\&quot;betterDecisions\&quot;:\&quot;/mission\&quot;,\&quot;boatBeach\&quot;:\&quot;/${locale}/forecast/boat-beach/l/${locId}\&quot;,\&quot;breathing\&quot;:\&quot;/${locale}/forecast/breathing/l/${locId}\&quot;,\&quot;callforcode\&quot;:\&quot;/callforcode\&quot;,\&quot;christmasCountdown\&quot;:\&quot;/forecast/christmas-countdown/l/${locId}\&quot;,\&quot;coldFlu\&quot;:\&quot;/${locale}/forecast/cold-flu/l/${locId}\&quot;,\&quot;covid19\&quot;:\&quot;/${locale}/coronavirus/l/${locId}\&quot;,\&quot;covid19map\&quot;:\&quot;/${locale}/coronavirus/map/l/${locId}\&quot;,\&quot;dataDefinitions\&quot;:\&quot;/${locale}/data-definitions\&quot;,\&quot;dataInventory\&quot;:\&quot;/${locale}/data-inventory\&quot;,\&quot;dataPartners\&quot;:\&quot;/${locale}/data-partners\&quot;,\&quot;dataRights\&quot;:\&quot;/${locale}/data-rights\&quot;,\&quot;farming\&quot;:\&quot;/${locale}/forecast/agriculture/l/${locId}\&quot;,\&quot;fishing\&quot;:\&quot;/${locale}/forecast/fishing/l/${locId}\&quot;,\&quot;fiveday\&quot;:\&quot;/${locale}/weather/5day/l/${locId}\&quot;,\&quot;goRun\&quot;:\&quot;/${locale}/forecast/gorun/l/${locId}\&quot;,\&quot;home\&quot;:\&quot;/${locale}\&quot;,\&quot;hourly\&quot;:\&quot;/${locale}/weather/hourbyhour/l/${locId}\&quot;,\&quot;interactiveMap\&quot;:\&quot;/${locale}/weather/maps/interactive/l/${locId}\&quot;,\&quot;legal\&quot;:\&quot;/${locale}/${collectionId}/${assetName}\&quot;,\&quot;maps\&quot;:\&quot;/maps/${collectionId}\&quot;,\&quot;memberSettings\&quot;:\&quot;/${locale}/member/settings\&quot;,\&quot;memorialdayCountdown\&quot;:\&quot;/forecast/memorial-day-countdown/l/${locId}\&quot;,\&quot;mlbCountdown\&quot;:\&quot;/${locale}/forecast/opening-day-countdown/l/${locId}\&quot;,\&quot;monthly\&quot;:\&quot;/${locale}/weather/monthly/l/${locId}\&quot;,\&quot;notification\&quot;:\&quot;/${locale}/life/manage-notifications\&quot;,\&quot;premiumOnboarding\&quot;:\&quot;/premium/onboarding\&quot;,\&quot;privacyPolicyDirectory\&quot;:\&quot;/${locale}/privacy-policy-directory\&quot;,\&quot;privacySettings\&quot;:\&quot;/${locale}/privacy-settings\&quot;,\&quot;radar\&quot;:\&quot;/${locale}/weather/maps/interactive/l/${locId}\&quot;,\&quot;rss\&quot;:\&quot;/rss\&quot;,\&quot;search\&quot;:\&quot;/${locale}/search/enhancedlocalsearch\&quot;,\&quot;ski\&quot;:\&quot;/${locale}/forecast/ski/l/${locId}\&quot;,\&quot;slideshows\&quot;:\&quot;/${locale}/slideshows\&quot;,\&quot;tenday\&quot;:\&quot;/${locale}/weather/tenday/l/${locId}\&quot;,\&quot;testUrl\&quot;:\&quot;/${locale}/weather/testUrl\&quot;,\&quot;thanksgivingCountdown\&quot;:\&quot;/forecast/thanksgiving-countdown/l/${locId}\&quot;,\&quot;today\&quot;:\&quot;/${locale}/weather/today/l/${locId}\&quot;,\&quot;unsubscribe\&quot;:\&quot;/${locale}/life/alerts/unsubscribe\&quot;,\&quot;video\&quot;:\&quot;/${locale}/${collectionId}/video/${videoTitle}\&quot;,\&quot;weekend\&quot;:\&quot;/${locale}/weather/weekend/l/${locId}\&quot;,\&quot;yesterday\&quot;:\&quot;//www.wunderground.com/history/daily/${locId}/yesterday\&quot;}},\&quot;bn-BD\&quot;:{\&quot;wxu-urls\&quot;:{\&quot;airQuality\&quot;:\&quot;/${locale}/forecast/air-quality/l/${locId}\&quot;,\&quot;alertDetails\&quot;:\&quot;/${locale}/weather/alerts/localalerts/l/${locId}\&quot;,\&quot;alerts\&quot;:\&quot;/${locale}/weather/alerts/localalerts/l/${locId}\&quot;,\&quot;allergy\&quot;:\&quot;/${locale}/forecast/allergy/l/${locId}\&quot;,\&quot;apps\&quot;:\&quot;/${locale}/${collectionId}/${assetName}\&quot;,\&quot;article\&quot;:\&quot;/${locale}/${collectionId}/news/${articleTitle}\&quot;,\&quot;betterDecisions\&quot;:\&quot;/mission\&quot;,\&quot;boatBeach\&quot;:\&quot;/${locale}/forecast/boat-beach/l/${locId}\&quot;,\&quot;breathing\&quot;:\&quot;/${locale}/forecast/breathing/l/${locId}\&quot;,\&quot;callforcode\&quot;:\&quot;/callforcode\&quot;,\&quot;christmasCountdown\&quot;:\&quot;/forecast/christmas-countdown/l/${locId}\&quot;,\&quot;coldFlu\&quot;:\&quot;/${locale}/forecast/cold-flu/l/${locId}\&quot;,\&quot;covid19\&quot;:\&quot;/${locale}/coronavirus/l/${locId}\&quot;,\&quot;covid19map\&quot;:\&quot;/${locale}/coronavirus/map/l/${locId}\&quot;,\&quot;dataDefinitions\&quot;:\&quot;/${locale}/data-definitions\&quot;,\&quot;dataInventory\&quot;:\&quot;/${locale}/data-inventory\&quot;,\&quot;dataPartners\&quot;:\&quot;/${locale}/data-partners\&quot;,\&quot;dataRights\&quot;:\&quot;/${locale}/data-rights\&quot;,\&quot;farming\&quot;:\&quot;/${locale}/forecast/agriculture/l/${locId}\&quot;,\&quot;fishing\&quot;:\&quot;/${locale}/forecast/fishing/l/${locId}\&quot;,\&quot;fiveday\&quot;:\&quot;/${locale}/weather/5day/l/${locId}\&quot;,\&quot;goRun\&quot;:\&quot;/${locale}/forecast/gorun/l/${locId}\&quot;,\&quot;home\&quot;:\&quot;/${locale}\&quot;,\&quot;hourly\&quot;:\&quot;/${locale}/weather/hourbyhour/l/${locId}\&quot;,\&quot;interactiveMap\&quot;:\&quot;/${locale}/weather/radar/interactive/l/${locId}\&quot;,\&quot;legal\&quot;:\&quot;/${locale}/${collectionId}/${assetName}\&quot;,\&quot;maps\&quot;:\&quot;/maps/${collectionId}\&quot;,\&quot;memberSettings\&quot;:\&quot;/${locale}/member/settings\&quot;,\&quot;memorialdayCountdown\&quot;:\&quot;/forecast/memorial-day-countdown/l/${locId}\&quot;,\&quot;mlbCountdown\&quot;:\&quot;/${locale}/forecast/opening-day-countdown/l/${locId}\&quot;,\&quot;monthly\&quot;:\&quot;/${locale}/weather/monthly/l/${locId}\&quot;,\&quot;notification\&quot;:\&quot;/${locale}/life/manage-notifications\&quot;,\&quot;premiumOnboarding\&quot;:\&quot;/premium/onboarding\&quot;,\&quot;privacyPolicyDirectory\&quot;:\&quot;/${locale}/privacy-policy-directory\&quot;,\&quot;privacySettings\&quot;:\&quot;/${locale}/privacy-settings\&quot;,\&quot;radar\&quot;:\&quot;/${locale}/weather/radar/interactive/l/${locId}\&quot;,\&quot;rss\&quot;:\&quot;/rss\&quot;,\&quot;search\&quot;:\&quot;/${locale}/search/enhancedlocalsearch\&quot;,\&quot;ski\&quot;:\&quot;/${locale}/forecast/ski/l/${locId}\&quot;,\&quot;slideshows\&quot;:\&quot;/${locale}/slideshows\&quot;,\&quot;tenday\&quot;:\&quot;/${locale}/weather/tenday/l/${locId}\&quot;,\&quot;testUrl\&quot;:\&quot;/${locale}/weather/testUrl\&quot;,\&quot;thanksgivingCountdown\&quot;:\&quot;/forecast/thanksgiving-countdown/l/${locId}\&quot;,\&quot;today\&quot;:\&quot;/${locale}/weather/today/l/${locId}\&quot;,\&quot;unsubscribe\&quot;:\&quot;/${locale}/life/alerts/unsubscribe\&quot;,\&quot;video\&quot;:\&quot;/${locale}/${collectionId}/video/${videoTitle}\&quot;,\&quot;weekend\&quot;:\&quot;/${locale}/weather/weekend/l/${locId}\&quot;,\&quot;yesterday\&quot;:\&quot;//www.wunderground.com/history/daily/${locId}/yesterday\&quot;}},\&quot;bs-BA\&quot;:{\&quot;wxu-urls\&quot;:{\&quot;airQuality\&quot;:\&quot;/${locale}/forecast/air-quality/l/${locId}\&quot;,\&quot;alertDetails\&quot;:\&quot;/${locale}/weather/alerts/localalerts/l/${locId}\&quot;,\&quot;alerts\&quot;:\&quot;/${locale}/weather/alerts/localalerts/l/${locId}\&quot;,\&quot;allergy\&quot;:\&quot;/${locale}/forecast/allergy/l/${locId}\&quot;,\&quot;apps\&quot;:\&quot;/${locale}/${collectionId}/${assetName}\&quot;,\&quot;article\&quot;:\&quot;/${locale}/${collectionId}/news/${articleTitle}\&quot;,\&quot;betterDecisions\&quot;:\&quot;/mission\&quot;,\&quot;boatBeach\&quot;:\&quot;/${locale}/forecast/boat-beach/l/${locId}\&quot;,\&quot;breathing\&quot;:\&quot;/${locale}/forecast/breathing/l/${locId}\&quot;,\&quot;callforcode\&quot;:\&quot;/callforcode\&quot;,\&quot;christmasCountdown\&quot;:\&quot;/forecast/christmas-countdown/l/${locId}\&quot;,\&quot;coldFlu\&quot;:\&quot;/${locale}/forecast/cold-flu/l/${locId}\&quot;,\&quot;covid19\&quot;:\&quot;/${locale}/coronavirus/l/${locId}\&quot;,\&quot;covid19map\&quot;:\&quot;/${locale}/coronavirus/map/l/${locId}\&quot;,\&quot;dataDefinitions\&quot;:\&quot;/${locale}/data-definitions\&quot;,\&quot;dataInventory\&quot;:\&quot;/${locale}/data-inventory\&quot;,\&quot;dataPartners\&quot;:\&quot;/${locale}/data-partners\&quot;,\&quot;dataRights\&quot;:\&quot;/${locale}/data-rights\&quot;,\&quot;farming\&quot;:\&quot;/${locale}/forecast/agriculture/l/${locId}\&quot;,\&quot;fishing\&quot;:\&quot;/${locale}/forecast/fishing/l/${locId}\&quot;,\&quot;fiveday\&quot;:\&quot;/${locale}/vrijeme/5dana/l/${locId}\&quot;,\&quot;goRun\&quot;:\&quot;/${locale}/forecast/gorun/l/${locId}\&quot;,\&quot;home\&quot;:\&quot;/${locale}\&quot;,\&quot;hourly\&quot;:\&quot;/${locale}/vrijeme/posatu/l/${locId}\&quot;,\&quot;interactiveMap\&quot;:\&quot;/${locale}/vrijeme/karte/interaktivne/l/${locId}\&quot;,\&quot;legal\&quot;:\&quot;/${locale}/${collectionId}/${assetName}\&quot;,\&quot;maps\&quot;:\&quot;/maps/${collectionId}\&quot;,\&quot;memberSettings\&quot;:\&quot;/${locale}/member/settings\&quot;,\&quot;memorialdayCountdown\&quot;:\&quot;/forecast/memorial-day-countdown/l/${locId}\&quot;,\&quot;mlbCountdown\&quot;:\&quot;/${locale}/forecast/opening-day-countdown/l/${locId}\&quot;,\&quot;monthly\&quot;:\&quot;/${locale}/vrijeme/mjesecna/l/${locId}\&quot;,\&quot;notification\&quot;:\&quot;/${locale}/life/manage-notifications\&quot;,\&quot;premiumOnboarding\&quot;:\&quot;/premium/onboarding\&quot;,\&quot;privacyPolicyDirectory\&quot;:\&quot;/${locale}/privacy-policy-directory\&quot;,\&quot;privacySettings\&quot;:\&quot;/${locale}/privacy-settings\&quot;,\&quot;radar\&quot;:\&quot;/${locale}/vrijeme/karte/interaktivne/l/${locId}\&quot;,\&quot;rss\&quot;:\&quot;/rss\&quot;,\&quot;search\&quot;:\&quot;/${locale}/search/enhancedlocalsearch\&quot;,\&quot;ski\&quot;:\&quot;/${locale}/forecast/ski/l/${locId}\&quot;,\&quot;slideshows\&quot;:\&quot;/${locale}/slideshows\&quot;,\&quot;tenday\&quot;:\&quot;/${locale}/vrijeme/desetdana/l/${locId}\&quot;,\&quot;testUrl\&quot;:\&quot;/${locale}/weather/testUrl\&quot;,\&quot;thanksgivingCountdown\&quot;:\&quot;/forecast/thanksgiving-countdown/l/${locId}\&quot;,\&quot;today\&quot;:\&quot;/${locale}/vrijeme/danas/l/${locId}\&quot;,\&quot;unsubscribe\&quot;:\&quot;/${locale}/life/alerts/unsubscribe\&quot;,\&quot;video\&quot;:\&quot;/${locale}/${collectionId}/video/${videoTitle}\&quot;,\&quot;weekend\&quot;:\&quot;/${locale}/vrijeme/vikend/l/${locId}\&quot;,\&quot;yesterday\&quot;:\&quot;//www.wunderground.com/history/daily/${locId}/yesterday\&quot;}},\&quot;ca-ES\&quot;:{\&quot;wxu-urls\&quot;:{\&quot;airQuality\&quot;:\&quot;/${locale}/forecast/air-quality/l/${locId}\&quot;,\&quot;alertDetails\&quot;:\&quot;/${locale}/weather/alerts/localalerts/l/${locId}\&quot;,\&quot;alerts\&quot;:\&quot;/${locale}/weather/alerts/localalerts/l/${locId}\&quot;,\&quot;allergy\&quot;:\&quot;/${locale}/forecast/allergy/l/${locId}\&quot;,\&quot;apps\&quot;:\&quot;/${locale}/${collectionId}/${assetName}\&quot;,\&quot;article\&quot;:\&quot;/${locale}/${collectionId}/news/${articleTitle}\&quot;,\&quot;betterDecisions\&quot;:\&quot;/missi\u00F3\&quot;,\&quot;boatBeach\&quot;:\&quot;/${locale}/forecast/boat-beach/l/${locId}\&quot;,\&quot;breathing\&quot;:\&quot;/${locale}/forecast/breathing/l/${locId}\&quot;,\&quot;callforcode\&quot;:\&quot;/callforcode\&quot;,\&quot;christmasCountdown\&quot;:\&quot;/forecast/christmas-countdown/l/${locId}\&quot;,\&quot;coldFlu\&quot;:\&quot;/${locale}/forecast/cold-flu/l/${locId}\&quot;,\&quot;covid19\&quot;:\&quot;/${locale}/coronavirus/l/${locId}\&quot;,\&quot;covid19map\&quot;:\&quot;/${locale}/coronavirus/map/l/${locId}\&quot;,\&quot;dataDefinitions\&quot;:\&quot;/${locale}/data-definitions\&quot;,\&quot;dataInventory\&quot;:\&quot;/${locale}/data-inventory\&quot;,\&quot;dataPartners\&quot;:\&quot;/${locale}/data-partners\&quot;,\&quot;dataRights\&quot;:\&quot;/${locale}/data-rights\&quot;,\&quot;farming\&quot;:\&quot;/${locale}/forecast/agriculture/l/${locId}\&quot;,\&quot;fishing\&quot;:\&quot;/${locale}/forecast/fishing/l/${locId}\&quot;,\&quot;fiveday\&quot;:\&quot;/${locale}/temps/5dies/l/${locId}\&quot;,\&quot;goRun\&quot;:\&quot;/${locale}/forecast/gorun/l/${locId}\&quot;,\&quot;home\&quot;:\&quot;/${locale}\&quot;,\&quot;hourly\&quot;:\&quot;/${locale}/temps/hora/l/${locId}\&quot;,\&quot;interactiveMap\&quot;:\&quot;/${locale}/temps/mapes/interactive/l/${locId}\&quot;,\&quot;legal\&quot;:\&quot;/${locale}/${collectionId}/${assetName}\&quot;,\&quot;maps\&quot;:\&quot;/maps/${collectionId}\&quot;,\&quot;memberSettings\&quot;:\&quot;/${locale}/member/settings\&quot;,\&quot;memorialdayCountdown\&quot;:\&quot;/forecast/memorial-day-countdown/l/${locId}\&quot;,\&quot;mlbCountdown\&quot;:\&quot;/${locale}/forecast/opening-day-countdown/l/${locId}\&quot;,\&quot;monthly\&quot;:\&quot;/${locale}/temps/mensual/l/${locId}\&quot;,\&quot;notification\&quot;:\&quot;/${locale}/life/manage-notifications\&quot;,\&quot;premiumOnboarding\&quot;:\&quot;/premium/onboarding\&quot;,\&quot;privacyPolicyDirectory\&quot;:\&quot;/${locale}/privacy-policy-directory\&quot;,\&quot;privacySettings\&quot;:\&quot;/${locale}/privacy-settings\&quot;,\&quot;radar\&quot;:\&quot;/${locale}/temps/mapes/interactive/l/${locId}\&quot;,\&quot;rss\&quot;:\&quot;/rss\&quot;,\&quot;search\&quot;:\&quot;/${locale}/search/enhancedlocalsearch\&quot;,\&quot;ski\&quot;:\&quot;/${locale}/forecast/ski/l/${locId}\&quot;,\&quot;slideshows\&quot;:\&quot;/${locale}/slideshows\&quot;,\&quot;tenday\&quot;:\&quot;/${locale}/temps/10dies/l/${locId}\&quot;,\&quot;testUrl\&quot;:\&quot;/${locale}/weather/testUrl\&quot;,\&quot;thanksgivingCountdown\&quot;:\&quot;/forecast/thanksgiving-countdown/l/${locId}\&quot;,\&quot;today\&quot;:\&quot;/${locale}/temps/avui/l/${locId}\&quot;,\&quot;unsubscribe\&quot;:\&quot;/${locale}/life/alerts/unsubscribe\&quot;,\&quot;video\&quot;:\&quot;/${locale}/${collectionId}/video/${videoTitle}\&quot;,\&quot;weekend\&quot;:\&quot;/${locale}/temps/capsetmana/l/${locId}\&quot;,\&quot;yesterday\&quot;:\&quot;//www.wunderground.com/history/daily/${locId}/yesterday\&quot;}},\&quot;cs-CZ\&quot;:{\&quot;wxu-urls\&quot;:{\&quot;airQuality\&quot;:\&quot;/${locale}/forecast/air-quality/l/${locId}\&quot;,\&quot;alertDetails\&quot;:\&quot;/${locale}/weather/alerts/localalerts/l/${locId}\&quot;,\&quot;alerts\&quot;:\&quot;/${locale}/weather/alerts/localalerts/l/${locId}\&quot;,\&quot;allergy\&quot;:\&quot;/${locale}/forecast/allergy/l/${locId}\&quot;,\&quot;apps\&quot;:\&quot;/${locale}/${collectionId}/${assetName}\&quot;,\&quot;article\&quot;:\&quot;/${locale}/${collectionId}/news/${articleTitle}\&quot;,\&quot;betterDecisions\&quot;:\&quot;/mission\&quot;,\&quot;boatBeach\&quot;:\&quot;/${locale}/forecast/boat-beach/l/${locId}\&quot;,\&quot;breathing\&quot;:\&quot;/${locale}/forecast/breathing/l/${locId}\&quot;,\&quot;callforcode\&quot;:\&quot;/callforcode\&quot;,\&quot;christmasCountdown\&quot;:\&quot;/forecast/christmas-countdown/l/${locId}\&quot;,\&quot;coldFlu\&quot;:\&quot;/${locale}/forecast/cold-flu/l/${locId}\&quot;,\&quot;covid19\&quot;:\&quot;/${locale}/coronavirus/l/${locId}\&quot;,\&quot;covid19map\&quot;:\&quot;/${locale}/coronavirus/map/l/${locId}\&quot;,\&quot;dataDefinitions\&quot;:\&quot;/${locale}/\u00FAdaje-definice\&quot;,\&quot;dataInventory\&quot;:\&quot;/${locale}/data-inventory\&quot;,\&quot;dataPartners\&quot;:\&quot;/${locale}/data-partners\&quot;,\&quot;dataRights\&quot;:\&quot;/${locale}/\u00FAdaje-pr\u00E1va\&quot;,\&quot;farming\&quot;:\&quot;/${locale}/forecast/agriculture/l/${locId}\&quot;,\&quot;fishing\&quot;:\&quot;/${locale}/forecast/fishing/l/${locId}\&quot;,\&quot;fiveday\&quot;:\&quot;/${locale}/pocasi/5dni/l/${locId}\&quot;,\&quot;goRun\&quot;:\&quot;/${locale}/forecast/gorun/l/${locId}\&quot;,\&quot;home\&quot;:\&quot;/${locale}\&quot;,\&quot;hourly\&quot;:\&quot;/${locale}/pocasi/denne/l/${locId}\&quot;,\&quot;interactiveMap\&quot;:\&quot;/${locale}/pocasi/mapy/interactive/l/${locId}\&quot;,\&quot;legal\&quot;:\&quot;/${locale}/${collectionId}/${assetName}\&quot;,\&quot;maps\&quot;:\&quot;/maps/${collectionId}\&quot;,\&quot;memberSettings\&quot;:\&quot;/${locale}/member/settings\&quot;,\&quot;memorialdayCountdown\&quot;:\&quot;/forecast/memorial-day-countdown/l/${locId}\&quot;,\&quot;mlbCountdown\&quot;:\&quot;/${locale}/forecast/opening-day-countdown/l/${locId}\&quot;,\&quot;monthly\&quot;:\&quot;/${locale}/pocasi/mesicne/l/${locId}\&quot;,\&quot;notification\&quot;:\&quot;/${locale}/life/manage-notifications\&quot;,\&quot;premiumOnboarding\&quot;:\&quot;/premium/onboarding\&quot;,\&quot;privacyPolicyDirectory\&quot;:\&quot;/${locale}/privacy-policy-directory\&quot;,\&quot;privacySettings\&quot;:\&quot;/${locale}/privacy-settings\&quot;,\&quot;radar\&quot;:\&quot;/${locale}/weather/radar/interactive/l/${locId}\&quot;,\&quot;rss\&quot;:\&quot;/rss\&quot;,\&quot;search\&quot;:\&quot;/${locale}/search/enhancedlocalsearch\&quot;,\&quot;ski\&quot;:\&quot;/${locale}/forecast/ski/l/${locId}\&quot;,\&quot;slideshows\&quot;:\&quot;/${locale}/slideshows\&quot;,\&quot;tenday\&quot;:\&quot;/${locale}/pocasi/10dni/l/${locId}\&quot;,\&quot;testUrl\&quot;:\&quot;/${locale}/weather/testUrl\&quot;,\&quot;thanksgivingCountdown\&quot;:\&quot;/forecast/thanksgiving-countdown/l/${locId}\&quot;,\&quot;today\&quot;:\&quot;/${locale}/pocasi/dnes/l/${locId}\&quot;,\&quot;unsubscribe\&quot;:\&quot;/${locale}/life/alerts/unsubscribe\&quot;,\&quot;video\&quot;:\&quot;/${locale}/${collectionId}/video/${videoTitle}\&quot;,\&quot;weekend\&quot;:\&quot;/${locale}/pocasi/vikend/l/${locId}\&quot;,\&quot;yesterday\&quot;:\&quot;//www.wunderground.com/history/daily/${locId}/yesterday\&quot;}},\&quot;da-DK\&quot;:{\&quot;wxu-urls\&quot;:{\&quot;airQuality\&quot;:\&quot;/${locale}/forecast/air-quality/l/${locId}\&quot;,\&quot;alertDetails\&quot;:\&quot;/${locale}/weather/alerts/localalerts/l/${locId}\&quot;,\&quot;alerts\&quot;:\&quot;/${locale}/weather/alerts/localalerts/l/${locId}\&quot;,\&quot;allergy\&quot;:\&quot;/${locale}/forecast/allergy/l/${locId}\&quot;,\&quot;apps\&quot;:\&quot;/${locale}/${collectionId}/${assetName}\&quot;,\&quot;article\&quot;:\&quot;/${locale}/${collectionId}/news/${articleTitle}\&quot;,\&quot;betterDecisions\&quot;:\&quot;/mission\&quot;,\&quot;boatBeach\&quot;:\&quot;/${locale}/forecast/boat-beach/l/${locId}\&quot;,\&quot;breathing\&quot;:\&quot;/${locale}/forecast/breathing/l/${locId}\&quot;,\&quot;callforcode\&quot;:\&quot;/callforcode\&quot;,\&quot;christmasCountdown\&quot;:\&quot;/forecast/christmas-countdown/l/${locId}\&quot;,\&quot;coldFlu\&quot;:\&quot;/${locale}/forecast/cold-flu/l/${locId}\&quot;,\&quot;covid19\&quot;:\&quot;/${locale}/coronavirus/l/${locId}\&quot;,\&quot;covid19map\&quot;:\&quot;/${locale}/coronavirus/map/l/${locId}\&quot;,\&quot;dataDefinitions\&quot;:\&quot;/${locale}/data-definitions\&quot;,\&quot;dataInventory\&quot;:\&quot;/${locale}/data-inventory\&quot;,\&quot;dataPartners\&quot;:\&quot;/${locale}/data-partners\&quot;,\&quot;dataRights\&quot;:\&quot;/${locale}/data-rights\&quot;,\&quot;farming\&quot;:\&quot;/${locale}/forecast/agriculture/l/${locId}\&quot;,\&quot;fishing\&quot;:\&quot;/${locale}/forecast/fishing/l/${locId}\&quot;,\&quot;fiveday\&quot;:\&quot;/${locale}/vejret/5dage/l/${locId}\&quot;,\&quot;goRun\&quot;:\&quot;/${locale}/forecast/gorun/l/${locId}\&quot;,\&quot;home\&quot;:\&quot;/${locale}\&quot;,\&quot;hourly\&quot;:\&quot;/${locale}/vejret/hvertime/l/${locId}\&quot;,\&quot;interactiveMap\&quot;:\&quot;/${locale}/vejret/kort/interactive/l/${locId}\&quot;,\&quot;legal\&quot;:\&quot;/${locale}/${collectionId}/${assetName}\&quot;,\&quot;maps\&quot;:\&quot;/maps/${collectionId}\&quot;,\&quot;memberSettings\&quot;:\&quot;/${locale}/member/settings\&quot;,\&quot;memorialdayCountdown\&quot;:\&quot;/forecast/memorial-day-countdown/l/${locId}\&quot;,\&quot;mlbCountdown\&quot;:\&quot;/${locale}/forecast/opening-day-countdown/l/${locId}\&quot;,\&quot;monthly\&quot;:\&quot;/${locale}/vejret/manedlig/l/${locId}\&quot;,\&quot;notification\&quot;:\&quot;/${locale}/life/manage-notifications\&quot;,\&quot;premiumOnboarding\&quot;:\&quot;/premium/onboarding\&quot;,\&quot;privacyPolicyDirectory\&quot;:\&quot;/${locale}/privacy-policy-directory\&quot;,\&quot;privacySettings\&quot;:\&quot;/${locale}/privacy-settings\&quot;,\&quot;radar\&quot;:\&quot;/${locale}/weather/radar/interactive/l/${locId}\&quot;,\&quot;rss\&quot;:\&quot;/rss\&quot;,\&quot;search\&quot;:\&quot;/${locale}/search/enhancedlocalsearch\&quot;,\&quot;ski\&quot;:\&quot;/${locale}/forecast/ski/l/${locId}\&quot;,\&quot;slideshows\&quot;:\&quot;/${locale}/slideshows\&quot;,\&quot;tenday\&quot;:\&quot;/${locale}/vejret/10dage/l/${locId}\&quot;,\&quot;testUrl\&quot;:\&quot;/${locale}/weather/testUrl\&quot;,\&quot;thanksgivingCountdown\&quot;:\&quot;/forecast/thanksgiving-countdown/l/${locId}\&quot;,\&quot;today\&quot;:\&quot;/${locale}/vejret/idag/l/${locId}\&quot;,\&quot;unsubscribe\&quot;:\&quot;/${locale}/life/alerts/unsubscribe\&quot;,\&quot;video\&quot;:\&quot;/${locale}/${collectionId}/video/${videoTitle}\&quot;,\&quot;weekend\&quot;:\&quot;/${locale}/vejret/weekend/l/${locId}\&quot;,\&quot;yesterday\&quot;:\&quot;//www.wunderground.com/history/daily/${locId}/yesterday\&quot;}},\&quot;de-AT\&quot;:{\&quot;wxu-urls\&quot;:{\&quot;airQuality\&quot;:\&quot;/${locale}/forecast/air-quality/l/${locId}\&quot;,\&quot;alertDetails\&quot;:\&quot;/${locale}/weather/alerts/localalerts/l/${locId}\&quot;,\&quot;alerts\&quot;:\&quot;/${locale}/weather/alerts/localalerts/l/${locId}\&quot;,\&quot;allergy\&quot;:\&quot;/${locale}/forecast/allergy/l/${locId}\&quot;,\&quot;apps\&quot;:\&quot;/${locale}/${collectionId}/${assetName}\&quot;,\&quot;article\&quot;:\&quot;/${locale}/${collectionId}/news/${articleTitle}\&quot;,\&quot;betterDecisions\&quot;:\&quot;/mission\&quot;,\&quot;boatBeach\&quot;:\&quot;/${locale}/forecast/boat-beach/l/${locId}\&quot;,\&quot;breathing\&quot;:\&quot;/${locale}/forecast/breathing/l/${locId}\&quot;,\&quot;callforcode\&quot;:\&quot;/callforcode\&quot;,\&quot;christmasCountdown\&quot;:\&quot;/forecast/christmas-countdown/l/${locId}\&quot;,\&quot;coldFlu\&quot;:\&quot;/${locale}/forecast/cold-flu/l/${locId}\&quot;,\&quot;covid19\&quot;:\&quot;/${locale}/coronavirus/l/${locId}\&quot;,\&quot;covid19map\&quot;:\&quot;/${locale}/coronavirus/map/l/${locId}\&quot;,\&quot;dataDefinitions\&quot;:\&quot;/${locale}/data-definitions\&quot;,\&quot;dataInventory\&quot;:\&quot;/${locale}/data-inventory\&quot;,\&quot;dataPartners\&quot;:\&quot;/${locale}/data-partners\&quot;,\&quot;dataRights\&quot;:\&quot;/${locale}/data-rights\&quot;,\&quot;farming\&quot;:\&quot;/${locale}/forecast/agriculture/l/${locId}\&quot;,\&quot;fishing\&quot;:\&quot;/${locale}/forecast/fishing/l/${locId}\&quot;,\&quot;fiveday\&quot;:\&quot;/${locale}/wetter/5tage/l/${locId}\&quot;,\&quot;goRun\&quot;:\&quot;/${locale}/forecast/gorun/l/${locId}\&quot;,\&quot;home\&quot;:\&quot;/${locale}\&quot;,\&quot;hourly\&quot;:\&quot;/${locale}/wetter/stundlich/l/${locId}\&quot;,\&quot;interactiveMap\&quot;:\&quot;/${locale}/wetter/karten/interaktiv/l/${locId}\&quot;,\&quot;legal\&quot;:\&quot;/${locale}/${collectionId}/${assetName}\&quot;,\&quot;maps\&quot;:\&quot;/maps/${collectionId}\&quot;,\&quot;memberSettings\&quot;:\&quot;/${locale}/member/settings\&quot;,\&quot;memorialdayCountdown\&quot;:\&quot;/forecast/memorial-day-countdown/l/${locId}\&quot;,\&quot;mlbCountdown\&quot;:\&quot;/${locale}/forecast/opening-day-countdown/l/${locId}\&quot;,\&quot;monthly\&quot;:\&quot;/${locale}/wetter/Monatlich/l/${locId}\&quot;,\&quot;notification\&quot;:\&quot;/${locale}/life/manage-notifications\&quot;,\&quot;premiumOnboarding\&quot;:\&quot;/premium/onboarding\&quot;,\&quot;privacyPolicyDirectory\&quot;:\&quot;/${locale}/privacy-policy-directory\&quot;,\&quot;privacySettings\&quot;:\&quot;/${locale}/privacy-settings\&quot;,\&quot;radar\&quot;:\&quot;/${locale}/weather/radar/interactive/l/${locId}\&quot;,\&quot;rss\&quot;:\&quot;/rss\&quot;,\&quot;search\&quot;:\&quot;/${locale}/search/enhancedlocalsearch\&quot;,\&quot;ski\&quot;:\&quot;/${locale}/forecast/ski/l/${locId}\&quot;,\&quot;slideshows\&quot;:\&quot;/${locale}/slideshows\&quot;,\&quot;tenday\&quot;:\&quot;/${locale}/wetter/10tage/l/${locId}\&quot;,\&quot;testUrl\&quot;:\&quot;/${locale}/weather/testUrl\&quot;,\&quot;thanksgivingCountdown\&quot;:\&quot;/forecast/thanksgiving-countdown/l/${locId}\&quot;,\&quot;today\&quot;:\&quot;/${locale}/wetter/heute/l/${locId}\&quot;,\&quot;unsubscribe\&quot;:\&quot;/${locale}/life/alerts/unsubscribe\&quot;,\&quot;video\&quot;:\&quot;/${locale}/${collectionId}/video/${videoTitle}\&quot;,\&quot;weekend\&quot;:\&quot;/${locale}/wetter/wochenende/l/${locId}\&quot;,\&quot;yesterday\&quot;:\&quot;//www.wunderground.com/history/daily/${locId}/yesterday\&quot;}},\&quot;de-DE\&quot;:{\&quot;wxu-urls\&quot;:{\&quot;airQuality\&quot;:\&quot;/${locale}/forecast/air-quality/l/${locId}\&quot;,\&quot;alertDetails\&quot;:\&quot;/${locale}/weather/alerts/localalerts/l/${locId}\&quot;,\&quot;alerts\&quot;:\&quot;/${locale}/weather/alerts/localalerts/l/${locId}\&quot;,\&quot;allergy\&quot;:\&quot;/${locale}/forecast/allergy/l/${locId}\&quot;,\&quot;apps\&quot;:\&quot;/${locale}/${collectionId}/${assetName}\&quot;,\&quot;article\&quot;:\&quot;/${locale}/${collectionId}/news/${articleTitle}\&quot;,\&quot;betterDecisions\&quot;:\&quot;/mission\&quot;,\&quot;boatBeach\&quot;:\&quot;/${locale}/forecast/boat-beach/l/${locId}\&quot;,\&quot;breathing\&quot;:\&quot;/${locale}/forecast/breathing/l/${locId}\&quot;,\&quot;callforcode\&quot;:\&quot;/callforcode\&quot;,\&quot;christmasCountdown\&quot;:\&quot;/forecast/christmas-countdown/l/${locId}\&quot;,\&quot;coldFlu\&quot;:\&quot;/${locale}/forecast/cold-flu/l/${locId}\&quot;,\&quot;covid19\&quot;:\&quot;/${locale}/coronavirus/l/${locId}\&quot;,\&quot;covid19map\&quot;:\&quot;/${locale}/coronavirus/map/l/${locId}\&quot;,\&quot;dataDefinitions\&quot;:\&quot;/${locale}/data-definitions\&quot;,\&quot;dataInventory\&quot;:\&quot;/${locale}/data-inventory\&quot;,\&quot;dataPartners\&quot;:\&quot;/${locale}/data-partners\&quot;,\&quot;dataRights\&quot;:\&quot;/${locale}/data-rights\&quot;,\&quot;farming\&quot;:\&quot;/${locale}/forecast/agriculture/l/${locId}\&quot;,\&quot;fishing\&quot;:\&quot;/${locale}/forecast/fishing/l/${locId}\&quot;,\&quot;fiveday\&quot;:\&quot;/${locale}/wetter/5tage/l/${locId}\&quot;,\&quot;goRun\&quot;:\&quot;/${locale}/forecast/gorun/l/${locId}\&quot;,\&quot;home\&quot;:\&quot;/${locale}\&quot;,\&quot;hourly\&quot;:\&quot;/${locale}/wetter/stundlich/l/${locId}\&quot;,\&quot;interactiveMap\&quot;:\&quot;/${locale}/wetter/karten/interaktiv/l/${locId}\&quot;,\&quot;legal\&quot;:\&quot;/${locale}/${collectionId}/${assetName}\&quot;,\&quot;maps\&quot;:\&quot;/maps/${collectionId}\&quot;,\&quot;memberSettings\&quot;:\&quot;/${locale}/member/settings\&quot;,\&quot;memorialdayCountdown\&quot;:\&quot;/forecast/memorial-day-countdown/l/${locId}\&quot;,\&quot;mlbCountdown\&quot;:\&quot;/${locale}/forecast/opening-day-countdown/l/${locId}\&quot;,\&quot;monthly\&quot;:\&quot;/${locale}/wetter/Monatlich/l/${locId}\&quot;,\&quot;notification\&quot;:\&quot;/${locale}/life/manage-notifications\&quot;,\&quot;premiumOnboarding\&quot;:\&quot;/premium/onboarding\&quot;,\&quot;privacyPolicyDirectory\&quot;:\&quot;/${locale}/privacy-policy-directory\&quot;,\&quot;privacySettings\&quot;:\&quot;/${locale}/privacy-settings\&quot;,\&quot;radar\&quot;:\&quot;/${locale}/weather/radar/interactive/l/${locId}\&quot;,\&quot;rss\&quot;:\&quot;/rss\&quot;,\&quot;search\&quot;:\&quot;/${locale}/search/enhancedlocalsearch\&quot;,\&quot;ski\&quot;:\&quot;/${locale}/forecast/ski/l/${locId}\&quot;,\&quot;slideshows\&quot;:\&quot;/${locale}/slideshows\&quot;,\&quot;tenday\&quot;:\&quot;/${locale}/wetter/10tage/l/${locId}\&quot;,\&quot;testUrl\&quot;:\&quot;/${locale}/weather/testUrl\&quot;,\&quot;thanksgivingCountdown\&quot;:\&quot;/forecast/thanksgiving-countdown/l/${locId}\&quot;,\&quot;today\&quot;:\&quot;/${locale}/wetter/heute/l/${locId}\&quot;,\&quot;unsubscribe\&quot;:\&quot;/${locale}/life/alerts/unsubscribe\&quot;,\&quot;video\&quot;:\&quot;/${locale}/${collectionId}/video/${videoTitle}\&quot;,\&quot;weekend\&quot;:\&quot;/${locale}/wetter/wochenende/l/${locId}\&quot;,\&quot;yesterday\&quot;:\&quot;//www.wunderground.com/history/daily/${locId}/yesterday\&quot;}},\&quot;el-GR\&quot;:{\&quot;wxu-urls\&quot;:{\&quot;airQuality\&quot;:\&quot;/${locale}/forecast/air-quality/l/${locId}\&quot;,\&quot;alertDetails\&quot;:\&quot;/${locale}/weather/alerts/localalerts/l/${locId}\&quot;,\&quot;alerts\&quot;:\&quot;/${locale}/weather/alerts/localalerts/l/${locId}\&quot;,\&quot;allergy\&quot;:\&quot;/${locale}/forecast/allergy/l/${locId}\&quot;,\&quot;apps\&quot;:\&quot;/${locale}/${collectionId}/${assetName}\&quot;,\&quot;article\&quot;:\&quot;/${locale}/${collectionId}/news/${articleTitle}\&quot;,\&quot;betterDecisions\&quot;:\&quot;/mission\&quot;,\&quot;boatBeach\&quot;:\&quot;/${locale}/forecast/boat-beach/l/${locId}\&quot;,\&quot;breathing\&quot;:\&quot;/${locale}/forecast/breathing/l/${locId}\&quot;,\&quot;callforcode\&quot;:\&quot;/callforcode\&quot;,\&quot;christmasCountdown\&quot;:\&quot;/forecast/christmas-countdown/l/${locId}\&quot;,\&quot;coldFlu\&quot;:\&quot;/${locale}/forecast/cold-flu/l/${locId}\&quot;,\&quot;covid19\&quot;:\&quot;/${locale}/coronavirus/l/${locId}\&quot;,\&quot;covid19map\&quot;:\&quot;/${locale}/coronavirus/map/l/${locId}\&quot;,\&quot;dataDefinitions\&quot;:\&quot;/${locale}/data-definitions\&quot;,\&quot;dataInventory\&quot;:\&quot;/${locale}/data-inventory\&quot;,\&quot;dataPartners\&quot;:\&quot;/${locale}/data-partners\&quot;,\&quot;dataRights\&quot;:\&quot;/${locale}/data-rights\&quot;,\&quot;farming\&quot;:\&quot;/${locale}/forecast/agriculture/l/${locId}\&quot;,\&quot;fishing\&quot;:\&quot;/${locale}/forecast/fishing/l/${locId}\&quot;,\&quot;fiveday\&quot;:\&quot;/${locale}/weather/5day/l/${locId}\&quot;,\&quot;goRun\&quot;:\&quot;/${locale}/forecast/gorun/l/${locId}\&quot;,\&quot;home\&quot;:\&quot;/${locale}\&quot;,\&quot;hourly\&quot;:\&quot;/${locale}/weather/hourbyhour/l/${locId}\&quot;,\&quot;interactiveMap\&quot;:\&quot;/${locale}/weather/radar/interactive/l/${locId}\&quot;,\&quot;legal\&quot;:\&quot;/${locale}/${collectionId}/${assetName}\&quot;,\&quot;maps\&quot;:\&quot;/maps/${collectionId}\&quot;,\&quot;memberSettings\&quot;:\&quot;/${locale}/member/settings\&quot;,\&quot;memorialdayCountdown\&quot;:\&quot;/forecast/memorial-day-countdown/l/${locId}\&quot;,\&quot;mlbCountdown\&quot;:\&quot;/${locale}/forecast/opening-day-countdown/l/${locId}\&quot;,\&quot;monthly\&quot;:\&quot;/${locale}/weather/monthly/l/${locId}\&quot;,\&quot;notification\&quot;:\&quot;/${locale}/life/manage-notifications\&quot;,\&quot;premiumOnboarding\&quot;:\&quot;/premium/onboarding\&quot;,\&quot;privacyPolicyDirectory\&quot;:\&quot;/${locale}/privacy-policy-directory\&quot;,\&quot;privacySettings\&quot;:\&quot;/${locale}/privacy-settings\&quot;,\&quot;radar\&quot;:\&quot;/${locale}/weather/radar/interactive/l/${locId}\&quot;,\&quot;rss\&quot;:\&quot;/rss\&quot;,\&quot;search\&quot;:\&quot;/${locale}/search/enhancedlocalsearch\&quot;,\&quot;ski\&quot;:\&quot;/${locale}/forecast/ski/l/${locId}\&quot;,\&quot;slideshows\&quot;:\&quot;/${locale}/slideshows\&quot;,\&quot;tenday\&quot;:\&quot;/${locale}/weather/tenday/l/${locId}\&quot;,\&quot;testUrl\&quot;:\&quot;/${locale}/weather/testUrl\&quot;,\&quot;thanksgivingCountdown\&quot;:\&quot;/forecast/thanksgiving-countdown/l/${locId}\&quot;,\&quot;today\&quot;:\&quot;/${locale}/weather/today/l/${locId}\&quot;,\&quot;unsubscribe\&quot;:\&quot;/${locale}/life/alerts/unsubscribe\&quot;,\&quot;video\&quot;:\&quot;/${locale}/${collectionId}/video/${videoTitle}\&quot;,\&quot;weekend\&quot;:\&quot;/${locale}/weather/weekend/l/${locId}\&quot;,\&quot;yesterday\&quot;:\&quot;//www.wunderground.com/history/daily/${locId}/yesterday\&quot;}},\&quot;en-AU\&quot;:{\&quot;wxu-urls\&quot;:{\&quot;airQuality\&quot;:\&quot;/${locale}/forecast/air-quality/l/${locId}\&quot;,\&quot;alertDetails\&quot;:\&quot;/${locale}/weather/alerts/localalerts/l/${locId}\&quot;,\&quot;alerts\&quot;:\&quot;/${locale}/weather/alerts/localalerts/l/${locId}\&quot;,\&quot;allergy\&quot;:\&quot;/${locale}/forecast/allergy/l/${locId}\&quot;,\&quot;apps\&quot;:\&quot;/${locale}/${collectionId}/${assetName}\&quot;,\&quot;article\&quot;:\&quot;/${locale}/${collectionId}/news/${articleTitle}\&quot;,\&quot;betterDecisions\&quot;:\&quot;/mission\&quot;,\&quot;boatBeach\&quot;:\&quot;/${locale}/forecast/boat-beach/l/${locId}\&quot;,\&quot;breathing\&quot;:\&quot;/${locale}/forecast/breathing/l/${locId}\&quot;,\&quot;callforcode\&quot;:\&quot;/callforcode\&quot;,\&quot;christmasCountdown\&quot;:\&quot;/forecast/christmas-countdown/l/${locId}\&quot;,\&quot;coldFlu\&quot;:\&quot;/${locale}/forecast/cold-flu/l/${locId}\&quot;,\&quot;covid19\&quot;:\&quot;/${locale}/coronavirus/l/${locId}\&quot;,\&quot;covid19map\&quot;:\&quot;/${locale}/coronavirus/map/l/${locId}\&quot;,\&quot;dataDefinitions\&quot;:\&quot;/${locale}/data-definitions\&quot;,\&quot;dataInventory\&quot;:\&quot;/${locale}/data-inventory\&quot;,\&quot;dataPartners\&quot;:\&quot;/${locale}/data-partners\&quot;,\&quot;dataRights\&quot;:\&quot;/${locale}/data-rights\&quot;,\&quot;farming\&quot;:\&quot;/${locale}/forecast/agriculture/l/${locId}\&quot;,\&quot;fishing\&quot;:\&quot;/${locale}/forecast/fishing/l/${locId}\&quot;,\&quot;fiveday\&quot;:\&quot;/${locale}/weather/5day/l/${locId}\&quot;,\&quot;goRun\&quot;:\&quot;/${locale}/forecast/gorun/l/${locId}\&quot;,\&quot;home\&quot;:\&quot;/${locale}\&quot;,\&quot;hourly\&quot;:\&quot;/${locale}/weather/hourbyhour/l/${locId}\&quot;,\&quot;interactiveMap\&quot;:\&quot;/${locale}/weather/radar/interactive/l/${locId}\&quot;,\&quot;legal\&quot;:\&quot;/${locale}/${collectionId}/${assetName}\&quot;,\&quot;maps\&quot;:\&quot;/maps/${collectionId}\&quot;,\&quot;memberSettings\&quot;:\&quot;/${locale}/member/settings\&quot;,\&quot;memorialdayCountdown\&quot;:\&quot;/forecast/memorial-day-countdown/l/${locId}\&quot;,\&quot;mlbCountdown\&quot;:\&quot;/${locale}/forecast/opening-day-countdown/l/${locId}\&quot;,\&quot;monthly\&quot;:\&quot;/${locale}/weather/monthly/l/${locId}\&quot;,\&quot;notification\&quot;:\&quot;/${locale}/life/manage-notifications\&quot;,\&quot;premiumOnboarding\&quot;:\&quot;/premium/onboarding\&quot;,\&quot;privacyPolicyDirectory\&quot;:\&quot;/${locale}/privacy-policy-directory\&quot;,\&quot;privacySettings\&quot;:\&quot;/${locale}/privacy-settings\&quot;,\&quot;radar\&quot;:\&quot;/${locale}/weather/radar/interactive/l/${locId}\&quot;,\&quot;rss\&quot;:\&quot;/rss\&quot;,\&quot;search\&quot;:\&quot;/${locale}/search/enhancedlocalsearch\&quot;,\&quot;ski\&quot;:\&quot;/${locale}/forecast/ski/l/${locId}\&quot;,\&quot;slideshows\&quot;:\&quot;/${locale}/slideshows\&quot;,\&quot;tenday\&quot;:\&quot;/${locale}/weather/tenday/l/${locId}\&quot;,\&quot;testUrl\&quot;:\&quot;/${locale}/weather/testUrl\&quot;,\&quot;thanksgivingCountdown\&quot;:\&quot;/forecast/thanksgiving-countdown/l/${locId}\&quot;,\&quot;today\&quot;:\&quot;/${locale}/weather/today/l/${locId}\&quot;,\&quot;unsubscribe\&quot;:\&quot;/${locale}/life/alerts/unsubscribe\&quot;,\&quot;video\&quot;:\&quot;/${locale}/${collectionId}/video/${videoTitle}\&quot;,\&quot;weekend\&quot;:\&quot;/${locale}/weather/weekend/l/${locId}\&quot;,\&quot;yesterday\&quot;:\&quot;//www.wunderground.com/history/daily/${locId}/yesterday\&quot;}},\&quot;en-CA\&quot;:{\&quot;wxu-urls\&quot;:{\&quot;airQuality\&quot;:\&quot;/${locale}/forecast/air-quality/l/${locId}\&quot;,\&quot;alertDetails\&quot;:\&quot;/${locale}/weather/alerts/localalerts/l/${locId}\&quot;,\&quot;alerts\&quot;:\&quot;/${locale}/weather/alerts/localalerts/l/${locId}\&quot;,\&quot;allergy\&quot;:\&quot;/${locale}/forecast/allergy/l/${locId}\&quot;,\&quot;apps\&quot;:\&quot;/${locale}/${collectionId}/${assetName}\&quot;,\&quot;article\&quot;:\&quot;/${locale}/${collectionId}/news/${articleTitle}\&quot;,\&quot;betterDecisions\&quot;:\&quot;/mission\&quot;,\&quot;boatBeach\&quot;:\&quot;/${locale}/forecast/boat-beach/l/${locId}\&quot;,\&quot;breathing\&quot;:\&quot;/${locale}/forecast/breathing/l/${locId}\&quot;,\&quot;callforcode\&quot;:\&quot;/callforcode\&quot;,\&quot;christmasCountdown\&quot;:\&quot;/forecast/christmas-countdown/l/${locId}\&quot;,\&quot;coldFlu\&quot;:\&quot;/${locale}/forecast/cold-flu/l/${locId}\&quot;,\&quot;covid19\&quot;:\&quot;/${locale}/coronavirus/l/${locId}\&quot;,\&quot;covid19map\&quot;:\&quot;/${locale}/coronavirus/map/l/${locId}\&quot;,\&quot;dataDefinitions\&quot;:\&quot;/${locale}/data-definitions\&quot;,\&quot;dataInventory\&quot;:\&quot;/${locale}/data-inventory\&quot;,\&quot;dataPartners\&quot;:\&quot;/${locale}/data-partners\&quot;,\&quot;dataRights\&quot;:\&quot;/${locale}/data-rights\&quot;,\&quot;farming\&quot;:\&quot;/${locale}/forecast/agriculture/l/${locId}\&quot;,\&quot;fishing\&quot;:\&quot;/${locale}/forecast/fishing/l/${locId}\&quot;,\&quot;fiveday\&quot;:\&quot;/${locale}/weather/5day/l/${locId}\&quot;,\&quot;goRun\&quot;:\&quot;/${locale}/forecast/gorun/l/${locId}\&quot;,\&quot;home\&quot;:\&quot;/${locale}\&quot;,\&quot;hourly\&quot;:\&quot;/${locale}/weather/hourbyhour/l/${locId}\&quot;,\&quot;interactiveMap\&quot;:\&quot;/${locale}/weather/radar/interactive/l/${locId}\&quot;,\&quot;legal\&quot;:\&quot;/${locale}/${collectionId}/${assetName}\&quot;,\&quot;maps\&quot;:\&quot;/maps/${collectionId}\&quot;,\&quot;memberSettings\&quot;:\&quot;/${locale}/member/settings\&quot;,\&quot;memorialdayCountdown\&quot;:\&quot;/forecast/memorial-day-countdown/l/${locId}\&quot;,\&quot;mlbCountdown\&quot;:\&quot;/${locale}/forecast/opening-day-countdown/l/${locId}\&quot;,\&quot;monthly\&quot;:\&quot;/${locale}/weather/monthly/l/${locId}\&quot;,\&quot;notification\&quot;:\&quot;/${locale}/life/manage-notifications\&quot;,\&quot;premiumOnboarding\&quot;:\&quot;/premium/onboarding\&quot;,\&quot;privacyPolicyDirectory\&quot;:\&quot;/${locale}/privacy-policy-directory\&quot;,\&quot;privacySettings\&quot;:\&quot;/${locale}/privacy-settings\&quot;,\&quot;radar\&quot;:\&quot;/${locale}/weather/radar/interactive/l/${locId}\&quot;,\&quot;rss\&quot;:\&quot;/rss\&quot;,\&quot;search\&quot;:\&quot;/${locale}/search/enhancedlocalsearch\&quot;,\&quot;ski\&quot;:\&quot;/${locale}/forecast/ski/l/${locId}\&quot;,\&quot;slideshows\&quot;:\&quot;/${locale}/slideshows\&quot;,\&quot;tenday\&quot;:\&quot;/${locale}/weather/tenday/l/${locId}\&quot;,\&quot;testUrl\&quot;:\&quot;/${locale}/weather/testUrl\&quot;,\&quot;thanksgivingCountdown\&quot;:\&quot;/forecast/thanksgiving-countdown/l/${locId}\&quot;,\&quot;today\&quot;:\&quot;/${locale}/weather/today/l/${locId}\&quot;,\&quot;unsubscribe\&quot;:\&quot;/${locale}/life/alerts/unsubscribe\&quot;,\&quot;video\&quot;:\&quot;/${locale}/${collectionId}/video/${videoTitle}\&quot;,\&quot;weekend\&quot;:\&quot;/${locale}/weather/weekend/l/${locId}\&quot;,\&quot;yesterday\&quot;:\&quot;//www.wunderground.com/history/daily/${locId}/yesterday\&quot;}},\&quot;en-GB\&quot;:{\&quot;wxu-urls\&quot;:{\&quot;airQuality\&quot;:\&quot;/${locale}/forecast/air-quality/l/${locId}\&quot;,\&quot;alertDetails\&quot;:\&quot;/${locale}/weather/alerts/localalerts/l/${locId}\&quot;,\&quot;alerts\&quot;:\&quot;/${locale}/weather/alerts/localalerts/l/${locId}\&quot;,\&quot;allergy\&quot;:\&quot;/${locale}/forecast/allergy/l/${locId}\&quot;,\&quot;apps\&quot;:\&quot;/${locale}/${collectionId}/${assetName}\&quot;,\&quot;article\&quot;:\&quot;/${locale}/${collectionId}/news/${articleTitle}\&quot;,\&quot;betterDecisions\&quot;:\&quot;/mission\&quot;,\&quot;boatBeach\&quot;:\&quot;/${locale}/forecast/boat-beach/l/${locId}\&quot;,\&quot;breathing\&quot;:\&quot;/${locale}/forecast/breathing/l/${locId}\&quot;,\&quot;callforcode\&quot;:\&quot;/callforcode\&quot;,\&quot;christmasCountdown\&quot;:\&quot;/forecast/christmas-countdown/l/${locId}\&quot;,\&quot;coldFlu\&quot;:\&quot;/${locale}/forecast/cold-flu/l/${locId}\&quot;,\&quot;covid19\&quot;:\&quot;/${locale}/coronavirus/l/${locId}\&quot;,\&quot;covid19map\&quot;:\&quot;/${locale}/coronavirus/map/l/${locId}\&quot;,\&quot;dataDefinitions\&quot;:\&quot;/${locale}/data-definitions\&quot;,\&quot;dataInventory\&quot;:\&quot;/${locale}/data-inventory\&quot;,\&quot;dataPartners\&quot;:\&quot;/${locale}/data-partners\&quot;,\&quot;dataRights\&quot;:\&quot;/${locale}/data-rights\&quot;,\&quot;farming\&quot;:\&quot;/${locale}/forecast/agriculture/l/${locId}\&quot;,\&quot;fishing\&quot;:\&quot;/${locale}/forecast/fishing/l/${locId}\&quot;,\&quot;fiveday\&quot;:\&quot;/${locale}/weather/5day/l/${locId}\&quot;,\&quot;goRun\&quot;:\&quot;/${locale}/forecast/gorun/l/${locId}\&quot;,\&quot;home\&quot;:\&quot;/${locale}\&quot;,\&quot;hourly\&quot;:\&quot;/${locale}/weather/hourbyhour/l/${locId}\&quot;,\&quot;interactiveMap\&quot;:\&quot;/${locale}/weather/radar/interactive/l/${locId}\&quot;,\&quot;legal\&quot;:\&quot;/${locale}/${collectionId}/${assetName}\&quot;,\&quot;maps\&quot;:\&quot;/maps/${collectionId}\&quot;,\&quot;memberSettings\&quot;:\&quot;/${locale}/member/settings\&quot;,\&quot;memorialdayCountdown\&quot;:\&quot;/forecast/memorial-day-countdown/l/${locId}\&quot;,\&quot;mlbCountdown\&quot;:\&quot;/${locale}/forecast/opening-day-countdown/l/${locId}\&quot;,\&quot;monthly\&quot;:\&quot;/${locale}/weather/monthly/l/${locId}\&quot;,\&quot;notification\&quot;:\&quot;/${locale}/life/manage-notifications\&quot;,\&quot;premiumOnboarding\&quot;:\&quot;/premium/onboarding\&quot;,\&quot;privacyPolicyDirectory\&quot;:\&quot;/${locale}/privacy-policy-directory\&quot;,\&quot;privacySettings\&quot;:\&quot;/${locale}/privacy-settings\&quot;,\&quot;radar\&quot;:\&quot;/${locale}/weather/radar/interactive/l/${locId}\&quot;,\&quot;rss\&quot;:\&quot;/rss\&quot;,\&quot;search\&quot;:\&quot;/${locale}/search/enhancedlocalsearch\&quot;,\&quot;ski\&quot;:\&quot;/${locale}/forecast/ski/l/${locId}\&quot;,\&quot;slideshows\&quot;:\&quot;/${locale}/slideshows\&quot;,\&quot;tenday\&quot;:\&quot;/${locale}/weather/tenday/l/${locId}\&quot;,\&quot;testUrl\&quot;:\&quot;/${locale}/weather/testUrl\&quot;,\&quot;thanksgivingCountdown\&quot;:\&quot;/forecast/thanksgiving-countdown/l/${locId}\&quot;,\&quot;today\&quot;:\&quot;/${locale}/weather/today/l/${locId}\&quot;,\&quot;unsubscribe\&quot;:\&quot;/${locale}/life/alerts/unsubscribe\&quot;,\&quot;video\&quot;:\&quot;/${locale}/${collectionId}/video/${videoTitle}\&quot;,\&quot;weekend\&quot;:\&quot;/${locale}/weather/weekend/l/${locId}\&quot;,\&quot;yesterday\&quot;:\&quot;//www.wunderground.com/history/daily/${locId}/yesterday\&quot;}},\&quot;en-IN\&quot;:{\&quot;wxu-urls\&quot;:{\&quot;airQuality\&quot;:\&quot;/${locale}/forecast/air-quality/l/${locId}\&quot;,\&quot;alertDetails\&quot;:\&quot;/${locale}/weather/alerts/localalerts/l/${locId}\&quot;,\&quot;alerts\&quot;:\&quot;/${locale}/weather/alerts/localalerts/l/${locId}\&quot;,\&quot;allergy\&quot;:\&quot;/${locale}/forecast/allergy/l/${locId}\&quot;,\&quot;apps\&quot;:\&quot;/${locale}/${collectionId}/${assetName}\&quot;,\&quot;article\&quot;:\&quot;/${locale}/${collectionId}/news/${articleTitle}\&quot;,\&quot;betterDecisions\&quot;:\&quot;/mission\&quot;,\&quot;boatBeach\&quot;:\&quot;/${locale}/forecast/boat-beach/l/${locId}\&quot;,\&quot;breathing\&quot;:\&quot;/${locale}/forecast/breathing/l/${locId}\&quot;,\&quot;callforcode\&quot;:\&quot;/callforcode\&quot;,\&quot;christmasCountdown\&quot;:\&quot;/forecast/christmas-countdown/l/${locId}\&quot;,\&quot;coldFlu\&quot;:\&quot;/${locale}/forecast/cold-flu/l/${locId}\&quot;,\&quot;covid19\&quot;:\&quot;/${locale}/coronavirus/l/${locId}\&quot;,\&quot;covid19map\&quot;:\&quot;/${locale}/coronavirus/map/l/${locId}\&quot;,\&quot;dataDefinitions\&quot;:\&quot;/${locale}/data-definitions\&quot;,\&quot;dataInventory\&quot;:\&quot;/${locale}/data-inventory\&quot;,\&quot;dataPartners\&quot;:\&quot;/${locale}/data-partners\&quot;,\&quot;dataRights\&quot;:\&quot;/${locale}/data-rights\&quot;,\&quot;farming\&quot;:\&quot;/${locale}/forecast/agriculture/l/${locId}\&quot;,\&quot;fishing\&quot;:\&quot;/${locale}/forecast/fishing/l/${locId}\&quot;,\&quot;fiveday\&quot;:\&quot;/${locale}/weather/5day/l/${locId}\&quot;,\&quot;goRun\&quot;:\&quot;/${locale}/forecast/gorun/l/${locId}\&quot;,\&quot;home\&quot;:\&quot;/${locale}\&quot;,\&quot;hourly\&quot;:\&quot;/${locale}/weather/hourbyhour/l/${locId}\&quot;,\&quot;interactiveMap\&quot;:\&quot;/${locale}/weather/maps/interactive/l/${locId}\&quot;,\&quot;legal\&quot;:\&quot;/${locale}/${collectionId}/${assetName}\&quot;,\&quot;maps\&quot;:\&quot;/maps/${collectionId}\&quot;,\&quot;memberSettings\&quot;:\&quot;/${locale}/member/settings\&quot;,\&quot;memorialdayCountdown\&quot;:\&quot;/forecast/memorial-day-countdown/l/${locId}\&quot;,\&quot;mlbCountdown\&quot;:\&quot;/${locale}/forecast/opening-day-countdown/l/${locId}\&quot;,\&quot;monthly\&quot;:\&quot;/${locale}/weather/monthly/l/${locId}\&quot;,\&quot;notification\&quot;:\&quot;/${locale}/life/manage-notifications\&quot;,\&quot;premiumOnboarding\&quot;:\&quot;/premium/onboarding\&quot;,\&quot;privacyPolicyDirectory\&quot;:\&quot;/${locale}/privacy-policy-directory\&quot;,\&quot;privacySettings\&quot;:\&quot;/${locale}/privacy-settings\&quot;,\&quot;radar\&quot;:\&quot;/${locale}/weather/radar/interactive/l/${locId}\&quot;,\&quot;rss\&quot;:\&quot;/rss\&quot;,\&quot;search\&quot;:\&quot;/${locale}/search/enhancedlocalsearch\&quot;,\&quot;ski\&quot;:\&quot;/${locale}/forecast/ski/l/${locId}\&quot;,\&quot;slideshows\&quot;:\&quot;/${locale}/slideshows\&quot;,\&quot;tenday\&quot;:\&quot;/${locale}/weather/tenday/l/${locId}\&quot;,\&quot;testUrl\&quot;:\&quot;/${locale}/weather/testUrl\&quot;,\&quot;thanksgivingCountdown\&quot;:\&quot;/forecast/thanksgiving-countdown/l/${locId}\&quot;,\&quot;today\&quot;:\&quot;/${locale}/weather/today/l/${locId}\&quot;,\&quot;unsubscribe\&quot;:\&quot;/${locale}/life/alerts/unsubscribe\&quot;,\&quot;video\&quot;:\&quot;/${locale}/${collectionId}/video/${videoTitle}\&quot;,\&quot;weekend\&quot;:\&quot;/${locale}/weather/weekend/l/${locId}\&quot;,\&quot;yesterday\&quot;:\&quot;//www.wunderground.com/history/daily/${locId}/yesterday\&quot;}},\&quot;en-US\&quot;:{\&quot;wxu-content-media\&quot;:{\&quot;readMore\&quot;:\&quot;Read More\&quot;,\&quot;seeMore\&quot;:\&quot;See More\&quot;,\&quot;trendingVideos\&quot;:\&quot;Trending Videos\&quot;,\&quot;watchNow\&quot;:\&quot;Watch Now\&quot;},\&quot;wxu-countries\&quot;:{\&quot;Africa\&quot;:\&quot;Africa\&quot;,\&quot;Algeria\&quot;:\&quot;Algeria\&quot;,\&quot;Americas\&quot;:\&quot;Americas\&quot;,\&quot;Andorra\&quot;:\&quot;Andorra\&quot;,\&quot;Angola\&quot;:\&quot;Angola\&quot;,\&quot;Antigua and Barbuda\&quot;:\&quot;Antigua and Barbuda\&quot;,\&quot;Argentina\&quot;:\&quot;Argentina\&quot;,\&quot;Asia Pacific\&quot;:\&quot;Asia Pacific\&quot;,\&quot;Australia\&quot;:\&quot;Australia\&quot;,\&quot;Austria\&quot;:\&quot;Austria\&quot;,\&quot;Bahamas\&quot;:\&quot;Bahamas\&quot;,\&quot;Bahrain\&quot;:\&quot;Bahrain\&quot;,\&quot;Bangladesh\&quot;:\&quot;Bangladesh\&quot;,\&quot;Barbados\&quot;:\&quot;Barbados\&quot;,\&quot;Belarus\&quot;:\&quot;Belarus\&quot;,\&quot;Belgium\&quot;:\&quot;Belgium\&quot;,\&quot;Belize\&quot;:\&quot;Belize\&quot;,\&quot;Benin\&quot;:\&quot;Benin\&quot;,\&quot;Bolivia\&quot;:\&quot;Bolivia\&quot;,\&quot;Bosnia and Herzegovina\&quot;:\&quot;Bosnia and Herzegovina\&quot;,\&quot;Brazil\&quot;:\&quot;Brazil\&quot;,\&quot;Brunei\&quot;:\&quot;Brunei\&quot;,\&quot;Bulgaria\&quot;:\&quot;Bulgaria\&quot;,\&quot;Burkina Faso\&quot;:\&quot;Burkina Faso\&quot;,\&quot;Burundi\&quot;:\&quot;Burundi\&quot;,\&quot;Cameroon\&quot;:\&quot;Cameroon\&quot;,\&quot;Canada\&quot;:\&quot;Canada\&quot;,\&quot;Cape Verde\&quot;:\&quot;Cape Verde\&quot;,\&quot;Central African Republic\&quot;:\&quot;Central African Republic\&quot;,\&quot;Chad\&quot;:\&quot;Chad\&quot;,\&quot;Chile\&quot;:\&quot;Chile\&quot;,\&quot;China\&quot;:\&quot;China\&quot;,\&quot;Colombia\&quot;:\&quot;Colombia\&quot;,\&quot;Comoros\&quot;:\&quot;Comoros\&quot;,\&quot;Costa Rica\&quot;:\&quot;Costa Rica\&quot;,\&quot;Croatia\&quot;:\&quot;Croatia\&quot;,\&quot;Cyprus\&quot;:\&quot;Cyprus\&quot;,\&quot;Czech Republic\&quot;:\&quot;Czech Republic\&quot;,\&quot;C\u00F4te d&apos;Ivoire\&quot;:\&quot;C\u00F4te d&apos;Ivoire\&quot;,\&quot;Denmark\&quot;:\&quot;Denmark\&quot;,\&quot;Djibouti\&quot;:\&quot;Djibouti\&quot;,\&quot;Dominica\&quot;:\&quot;Dominica\&quot;,\&quot;Dominican Republic\&quot;:\&quot;Dominican Republic\&quot;,\&quot;Domocratic Republic of the Congo\&quot;:\&quot;Domocratic Republic of the Congo\&quot;,\&quot;East Timor\&quot;:\&quot;East Timor\&quot;,\&quot;Ecuador\&quot;:\&quot;Ecuador\&quot;,\&quot;Egypt\&quot;:\&quot;Egypt\&quot;,\&quot;El Salvador\&quot;:\&quot;El Salvador\&quot;,\&quot;Equatorial Guinea\&quot;:\&quot;Equatorial Guinea\&quot;,\&quot;Eritrea\&quot;:\&quot;Eritrea\&quot;,\&quot;Estonia\&quot;:\&quot;Estonia\&quot;,\&quot;Europe\&quot;:\&quot;Europe\&quot;,\&quot;Fiji\&quot;:\&quot;Fiji\&quot;,\&quot;Finland\&quot;:\&quot;Finland\&quot;,\&quot;France\&quot;:\&quot;France\&quot;,\&quot;Gabon\&quot;:\&quot;Gabon\&quot;,\&quot;Gambia\&quot;:\&quot;Gambia\&quot;,\&quot;Germany\&quot;:\&quot;Germany\&quot;,\&quot;Ghana\&quot;:\&quot;Ghana\&quot;,\&quot;Greece\&quot;:\&quot;Greece\&quot;,\&quot;Grenada\&quot;:\&quot;Grenada\&quot;,\&quot;Guatemala\&quot;:\&quot;Guatemala\&quot;,\&quot;Guinea\&quot;:\&quot;Guinea\&quot;,\&quot;Guinea-Bissau\&quot;:\&quot;Guinea-Bissau\&quot;,\&quot;Guyana\&quot;:\&quot;Guyana\&quot;,\&quot;Haiti\&quot;:\&quot;Haiti\&quot;,\&quot;Honduras\&quot;:\&quot;Honduras\&quot;,\&quot;Hong Kong SAR\&quot;:\&quot;Hong Kong SAR\&quot;,\&quot;Hungary\&quot;:\&quot;Hungary\&quot;,\&quot;Iceland\&quot;:\&quot;Iceland\&quot;,\&quot;India\&quot;:\&quot;India\&quot;,\&quot;India (English)\&quot;:\&quot;India (English)\&quot;,\&quot;India (Hindi)\&quot;:\&quot;India (Hindi)\&quot;,\&quot;Indonesia\&quot;:\&quot;Indonesia\&quot;,\&quot;Iran\&quot;:\&quot;Iran\&quot;,\&quot;Iraq\&quot;:\&quot;Iraq\&quot;,\&quot;Ireland\&quot;:\&quot;Ireland\&quot;,\&quot;Israel\&quot;:\&quot;Israel\&quot;,\&quot;Italy\&quot;:\&quot;Italy\&quot;,\&quot;Jamaica\&quot;:\&quot;Jamaica\&quot;,\&quot;Japan\&quot;:\&quot;Japan\&quot;,\&quot;Jordan\&quot;:\&quot;Jordan\&quot;,\&quot;Kenya\&quot;:\&quot;Kenya\&quot;,\&quot;Kiribati\&quot;:\&quot;Kiribati\&quot;,\&quot;Kuwait\&quot;:\&quot;Kuwait\&quot;,\&quot;Kyrgyzstan\&quot;:\&quot;Kyrgyzstan\&quot;,\&quot;Lebanon\&quot;:\&quot;Lebanon\&quot;,\&quot;Lesotho\&quot;:\&quot;Lesotho\&quot;,\&quot;Liberia\&quot;:\&quot;Liberia\&quot;,\&quot;Libya\&quot;:\&quot;Libya\&quot;,\&quot;Liechtenstein\&quot;:\&quot;Liechtenstein\&quot;,\&quot;Luxembourg\&quot;:\&quot;Luxembourg\&quot;,\&quot;Madagascar\&quot;:\&quot;Madagascar\&quot;,\&quot;Malaysia\&quot;:\&quot;Malaysia\&quot;,\&quot;Mali\&quot;:\&quot;Mali\&quot;,\&quot;Malta\&quot;:\&quot;Malta\&quot;,\&quot;Marshall Islands\&quot;:\&quot;Marshall Islands\&quot;,\&quot;Mauritania\&quot;:\&quot;Mauritania\&quot;,\&quot;Mauritius\&quot;:\&quot;Mauritius\&quot;,\&quot;Mexico\&quot;:\&quot;Mexico\&quot;,\&quot;Micronesia\&quot;:\&quot;Micronesia\&quot;,\&quot;Middle East\&quot;:\&quot;Middle East\&quot;,\&quot;Monaco\&quot;:\&quot;Monaco\&quot;,\&quot;Morocco\&quot;:\&quot;Morocco\&quot;,\&quot;Mozambique\&quot;:\&quot;Mozambique\&quot;,\&quot;Namibia\&quot;:\&quot;Namibia\&quot;,\&quot;Netherlands\&quot;:\&quot;Netherlands\&quot;,\&quot;New Zealand\&quot;:\&quot;New Zealand\&quot;,\&quot;Nicaragua\&quot;:\&quot;Nicaragua\&quot;,\&quot;Niger\&quot;:\&quot;Niger\&quot;,\&quot;Nigeria\&quot;:\&quot;Nigeria\&quot;,\&quot;North Korea\&quot;:\&quot;North Korea\&quot;,\&quot;Norway\&quot;:\&quot;Norway\&quot;,\&quot;Oman\&quot;:\&quot;Oman\&quot;,\&quot;Pakistan\&quot;:\&quot;Pakistan\&quot;,\&quot;Palau\&quot;:\&quot;Palau\&quot;,\&quot;Panama\&quot;:\&quot;Panama\&quot;,\&quot;Paraguay\&quot;:\&quot;Paraguay\&quot;,\&quot;Peru\&quot;:\&quot;Peru\&quot;,\&quot;Philippines\&quot;:\&quot;Philippines\&quot;,\&quot;Poland\&quot;:\&quot;Poland\&quot;,\&quot;Portugal\&quot;:\&quot;Portugal\&quot;,\&quot;Qatar\&quot;:\&quot;Qatar\&quot;,\&quot;Republic of Congo\&quot;:\&quot;Republic of Congo\&quot;,\&quot;Romania\&quot;:\&quot;Romania\&quot;,\&quot;Russia\&quot;:\&quot;Russia\&quot;,\&quot;Rwanda\&quot;:\&quot;Rwanda\&quot;,\&quot;Samoa\&quot;:\&quot;Samoa\&quot;,\&quot;San Marino\&quot;:\&quot;San Marino\&quot;,\&quot;Sao Tome and Principe\&quot;:\&quot;Sao Tome and Principe\&quot;,\&quot;Saudi Arabia\&quot;:\&quot;Saudi Arabia\&quot;,\&quot;Senegal\&quot;:\&quot;Senegal\&quot;,\&quot;Serbia\&quot;:\&quot;Serbia\&quot;,\&quot;Sierra Leone\&quot;:\&quot;Sierra Leone\&quot;,\&quot;Singapore\&quot;:\&quot;Singapore\&quot;,\&quot;Slovakia\&quot;:\&quot;Slovakia\&quot;,\&quot;Solomon Islands\&quot;:\&quot;Solomon Islands\&quot;,\&quot;Somalia\&quot;:\&quot;Somalia\&quot;,\&quot;South Africa\&quot;:\&quot;South Africa\&quot;,\&quot;South Korea\&quot;:\&quot;South Korea\&quot;,\&quot;South Sudan\&quot;:\&quot;South Sudan\&quot;,\&quot;Spain\&quot;:\&quot;Spain\&quot;,\&quot;St. Kitts and Nevis\&quot;:\&quot;St. Kitts and Nevis\&quot;,\&quot;St. Lucia\&quot;:\&quot;St. Lucia\&quot;,\&quot;St. Vincent and the Grenadines\&quot;:\&quot;St. Vincent and the Grenadines\&quot;,\&quot;State of Vatican City (Holy See)\&quot;:\&quot;State of Vatican City (Holy See)\&quot;,\&quot;Sudan\&quot;:\&quot;Sudan\&quot;,\&quot;Suriname\&quot;:\&quot;Suriname\&quot;,\&quot;Swaziland\&quot;:\&quot;Swaziland\&quot;,\&quot;Sweden\&quot;:\&quot;Sweden\&quot;,\&quot;Switzerland\&quot;:\&quot;Switzerland\&quot;,\&quot;Syria\&quot;:\&quot;Syria\&quot;,\&quot;Taiwan\&quot;:\&quot;Taiwan\&quot;,\&quot;Tanzania\&quot;:\&quot;Tanzania\&quot;,\&quot;Thailand\&quot;:\&quot;Thailand\&quot;,\&quot;Togo\&quot;:\&quot;Togo\&quot;,\&quot;Tonga\&quot;:\&quot;Tonga\&quot;,\&quot;Trinidad and Tobago\&quot;:\&quot;Trinidad and Tobago\&quot;,\&quot;Tunisia\&quot;:\&quot;Tunisia\&quot;,\&quot;Turkey\&quot;:\&quot;Turkey\&quot;,\&quot;Tuvalu\&quot;:\&quot;Tuvalu\&quot;,\&quot;Uganda\&quot;:\&quot;Uganda\&quot;,\&quot;Ukraine\&quot;:\&quot;Ukraine\&quot;,\&quot;United Arab Emirates\&quot;:\&quot;United Arab Emirates\&quot;,\&quot;United Kingdom\&quot;:\&quot;United Kingdom\&quot;,\&quot;United States\&quot;:\&quot;United States\&quot;,\&quot;Uruguay\&quot;:\&quot;Uruguay\&quot;,\&quot;Vanuatu\&quot;:\&quot;Vanuatu\&quot;,\&quot;Venezuela\&quot;:\&quot;Venezuela\&quot;,\&quot;Vietnam\&quot;:\&quot;Vietnam\&quot;,\&quot;Yemen\&quot;:\&quot;Yemen\&quot;,\&quot;testKey1\&quot;:\&quot;This is a test key/value; do not translate!\&quot;},\&quot;wxu-footer\&quot;:{\&quot;accessibilityStatement\&quot;:\&quot;Accessibility Statement\&quot;,\&quot;adChoices\&quot;:\&quot;Ad Choices\&quot;,\&quot;adPartners\&quot;:\&quot;Ad Partners\&quot;,\&quot;advertise\&quot;:\&quot;Advertise\&quot;,\&quot;advertiseSelfService\&quot;:\&quot;Advertise- Self Service\&quot;,\&quot;advertiseWithUs\&quot;:\&quot;Advertise With Us\&quot;,\&quot;analyticsPartners\&quot;:\&quot;Analytics Partners\&quot;,\&quot;careers\&quot;:\&quot;Careers\&quot;,\&quot;connect\&quot;:\&quot;Connect With Us\&quot;,\&quot;dataPartners\&quot;:\&quot;Ads and Analytics Vendors\&quot;,\&quot;dataRights\&quot;:\&quot;Data Rights\&quot;,\&quot;dataVendors\&quot;:\&quot;Data Vendors\&quot;,\&quot;doNotSell\&quot;:\&quot;Do Not Sell My Personal Information\&quot;,\&quot;downloadApps\&quot;:\&quot;Download Apps\&quot;,\&quot;essential\&quot;:\&quot;This icon serves as a link to download the eSSENTIAL Accessibility assistive technology app for individuals with physical disabilities. It is featured as part of our commitment to diversity and inclusion.\&quot;,\&quot;feedback\&quot;:\&quot;Feedback\&quot;,\&quot;impressum\&quot;:\&quot;Impressum\&quot;,\&quot;newslettersAlerts\&quot;:\&quot;Newsletters and Alerts\&quot;,\&quot;parentalControls\&quot;:\&quot;Parental Controls\&quot;,\&quot;poweredBy\&quot;:\&quot;Powered by the\&quot;,\&quot;pressRoom\&quot;:\&quot;Press Room\&quot;,\&quot;privacyLinksLabel\&quot;:\&quot;We recognize our responsibility to use data and technology for good. Take control of your data.\&quot;,\&quot;privacyPolicy\&quot;:\&quot;Privacy Policy\&quot;,\&quot;privacySettings\&quot;:\&quot;Privacy Settings\&quot;,\&quot;reviewAdsSettings\&quot;:\&quot;Review My Advertising Settings\&quot;,\&quot;termsOfUse\&quot;:\&quot;Terms of Use\&quot;,\&quot;tv\&quot;:\&quot;TV\&quot;,\&quot;weatherAPI\&quot;:\&quot;Weather API\&quot;},\&quot;wxu-general\&quot;:{\&quot;K\&quot;:\&quot;K\&quot;,\&quot;M\&quot;:\&quot;M\&quot;,\&quot;asOfTime\&quot;:\&quot;As of ${time}\&quot;,\&quot;brandCopyright\&quot;:\&quot;\u00A9 Copyright ${brand} ${year1}, ${year2}\&quot;,\&quot;cm\&quot;:\&quot;cm\&quot;,\&quot;ft\&quot;:\&quot;ft\&quot;,\&quot;in\&quot;:\&quot;in\&quot;,\&quot;in/hr\&quot;:\&quot;in/hr\&quot;,\&quot;indexOfTotal\&quot;:\&quot;${index} of ${total}\&quot;,\&quot;km\&quot;:\&quot;km\&quot;,\&quot;km/h\&quot;:\&quot;km/h\&quot;,\&quot;m\&quot;:\&quot;m\&quot;,\&quot;mb\&quot;:\&quot;mb\&quot;,\&quot;mi\&quot;:\&quot;mi\&quot;,\&quot;mm\&quot;:\&quot;mm\&quot;,\&quot;mm/hr\&quot;:\&quot;mm/hr\&quot;,\&quot;mph\&quot;:\&quot;mph\&quot;,\&quot;next\&quot;:\&quot;Next\&quot;,\&quot;noData\&quot;:\&quot;There is no data available at this time\&quot;,\&quot;prev\&quot;:\&quot;Previous\&quot;,\&quot;today\&quot;:\&quot;Today\&quot;,\&quot;tomorrow\&quot;:\&quot;Tomorrow\&quot;,\&quot;uvIndexExtreme\&quot;:\&quot;Extreme\&quot;,\&quot;uvIndexVal\&quot;:\&quot;{{val}} of {{maxVal}}\&quot;},\&quot;wxu-hurricane-central\&quot;:{\&quot;directionSpeedUnit\&quot;:\&quot;${direction} at ${speed} ${windUnit}\&quot;,\&quot;hurricaneTrackerCta\&quot;:\&quot;Track Storm\&quot;,\&quot;hurricaneTrackerTitle\&quot;:\&quot;Hurricane Tracker\&quot;,\&quot;maxWinds\&quot;:\&quot;Max Winds\&quot;,\&quot;movement\&quot;:\&quot;Movement\&quot;,\&quot;pressure\&quot;:\&quot;Pressure\&quot;,\&quot;pressureValue\&quot;:\&quot;${pressure} mb\&quot;},\&quot;wxu-main-menu\&quot;:{\&quot;accessibilityHelp\&quot;:\&quot;Accessibility Help\&quot;,\&quot;activities\&quot;:\&quot;Activities\&quot;,\&quot;adChoices\&quot;:\&quot;Ad Choices\&quot;,\&quot;adPartners\&quot;:\&quot;Ad Partners\&quot;,\&quot;advertise\&quot;:\&quot;Advertise\&quot;,\&quot;advertiseSelfService\&quot;:\&quot;Advertise- Self Service\&quot;,\&quot;advertiseWithUs\&quot;:\&quot;Advertise With Us\&quot;,\&quot;africa\&quot;:\&quot;Africa\&quot;,\&quot;airQualityForecast\&quot;:\&quot;Air Quality Forecast\&quot;,\&quot;allergyTracker\&quot;:\&quot;Allergy Tracker\&quot;,\&quot;americas\&quot;:\&quot;Americas\&quot;,\&quot;analyticsPartners\&quot;:\&quot;Analytics Partners\&quot;,\&quot;asiaPacific\&quot;:\&quot;Asia Pacific\&quot;,\&quot;awardWinningInvestigations\&quot;:\&quot;Award-Winning Investigations\&quot;,\&quot;backToMainMenu\&quot;:\&quot;Back to Menu\&quot;,\&quot;boatBeach\&quot;:\&quot;Boat &amp; Beach\&quot;,\&quot;boatBeachForecast\&quot;:\&quot;Boat &amp; Beach Forecast\&quot;,\&quot;careers\&quot;:\&quot;Careers\&quot;,\&quot;changeLanguage\&quot;:\&quot;Change Language\&quot;,\&quot;classicWeatherMaps\&quot;:\&quot;Classic Weather Maps\&quot;,\&quot;climateNews\&quot;:\&quot;Climate News\&quot;,\&quot;close\&quot;:\&quot;Close\&quot;,\&quot;coldFlu\&quot;:\&quot;Cold &amp; Flu\&quot;,\&quot;dataRights\&quot;:\&quot;Data Rights\&quot;,\&quot;deals\&quot;:\&quot;Seasonal Deals\&quot;,\&quot;delete\&quot;:\&quot;Delete\&quot;,\&quot;doNotSell\&quot;:\&quot;Do Not Sell My Information\&quot;,\&quot;downloadApps\&quot;:\&quot;Download Apps\&quot;,\&quot;europe\&quot;:\&quot;Europe\&quot;,\&quot;feedback\&quot;:\&quot;Feedback\&quot;,\&quot;fifteenDayForecast\&quot;:\&quot;15 Day Forecast\&quot;,\&quot;fifteenday\&quot;:\&quot;15 Day\&quot;,\&quot;fishing\&quot;:\&quot;Fishing\&quot;,\&quot;fiveDayForecast\&quot;:\&quot;5 Day Forecast\&quot;,\&quot;forecast\&quot;:\&quot;Forecast\&quot;,\&quot;gardeningForecast\&quot;:\&quot;Gardening Forecast\&quot;,\&quot;getNotifications\&quot;:\&quot;Get Notifications\&quot;,\&quot;getSevereAlerts\&quot;:\&quot;Get Severe Alerts\&quot;,\&quot;health\&quot;:\&quot;Health\&quot;,\&quot;healthActivities\&quot;:\&quot;Health &amp; Activities\&quot;,\&quot;home\&quot;:\&quot;Home\&quot;,\&quot;hourly\&quot;:\&quot;Hourly\&quot;,\&quot;hourlyForecast\&quot;:\&quot;Hourly Forecast\&quot;,\&quot;hurricaneCentral\&quot;:\&quot;Hurricane Central\&quot;,\&quot;hybrid\&quot;:\&quot;Hybrid\&quot;,\&quot;hybridUnitTypes\&quot;:\&quot;Hybrid - C / millimeters / miles / mph / millibars\&quot;,\&quot;imperialUnitTypes\&quot;:\&quot;Imperial - F / mph / miles / inches\&quot;,\&quot;impressum\&quot;:\&quot;Impressum\&quot;,\&quot;language\&quot;:\&quot;Language\&quot;,\&quot;localizationMenuButton\&quot;:\&quot;Open Localization Menu\&quot;,\&quot;locationMenuButton\&quot;:\&quot;More options dialog for {location}\&quot;,\&quot;mainMenu\&quot;:\&quot;Menu\&quot;,\&quot;manageNotifications\&quot;:\&quot;Manage Notifications\&quot;,\&quot;maps\&quot;:\&quot;Maps\&quot;,\&quot;metricUnitTypes\&quot;:\&quot;Metric - C / millimeters / km / kmh / millibars\&quot;,\&quot;middleEast\&quot;:\&quot;Middle East\&quot;,\&quot;monthly\&quot;:\&quot;Monthly\&quot;,\&quot;monthlyForecast\&quot;:\&quot;Monthly Forecast\&quot;,\&quot;more\&quot;:\&quot;More\&quot;,\&quot;moreForecasts\&quot;:\&quot;More Forecasts\&quot;,\&quot;nationalForecast\&quot;:\&quot;National Forecast\&quot;,\&quot;nationalNews\&quot;:\&quot;National News\&quot;,\&quot;news\&quot;:\&quot;News\&quot;,\&quot;newslettersAlerts\&quot;:\&quot;Newsletters &amp; Alerts\&quot;,\&quot;parentalControls\&quot;:\&quot;Parental Controls\&quot;,\&quot;personalities\&quot;:\&quot;Personalities\&quot;,\&quot;photos\&quot;:\&quot;Photos\&quot;,\&quot;poweredBy\&quot;:\&quot;Powered By\&quot;,\&quot;pressRoom\&quot;:\&quot;Press Room\&quot;,\&quot;privacy\&quot;:\&quot;Privacy\&quot;,\&quot;privacyLinksLabel\&quot;:\&quot;We recognize our responsibility to use data and technology for good. Take control of your data:\&quot;,\&quot;privacyPolicy\&quot;:\&quot;Privacy Policy\&quot;,\&quot;privacySettings\&quot;:\&quot;Privacy Settings\&quot;,\&quot;radarMaps\&quot;:\&quot;Radar Maps\&quot;,\&quot;regionalSatellite\&quot;:\&quot;Regional Satellite\&quot;,\&quot;remove\&quot;:\&quot;Remove\&quot;,\&quot;reviewAdsSettings\&quot;:\&quot;Review My Advertising Settings\&quot;,\&quot;safetyPreparedness\&quot;:\&quot;Safety &amp; Preparedness\&quot;,\&quot;savedLocationList\&quot;:\&quot;Saved Locations\&quot;,\&quot;severe\&quot;:\&quot;Severe\&quot;,\&quot;severeAlerts\&quot;:\&quot;Severe Alerts\&quot;,\&quot;siteNavigationLinks\&quot;:\&quot;Site Navigation Links\&quot;,\&quot;skiForecast\&quot;:\&quot;Ski Forecast\&quot;,\&quot;skipToMain\&quot;:\&quot;Skip to Main Content\&quot;,\&quot;slideshows\&quot;:\&quot;Slideshows\&quot;,\&quot;specialtyForecasts\&quot;:\&quot;Specialty Forecasts\&quot;,\&quot;tenDayForecast\&quot;:\&quot;10 Day Forecast\&quot;,\&quot;tenday\&quot;:\&quot;10 Day\&quot;,\&quot;termsOfUse\&quot;:\&quot;Terms of Use\&quot;,\&quot;today\&quot;:\&quot;Today\&quot;,\&quot;todayForecast\&quot;:\&quot;Today&apos;s Forecast\&quot;,\&quot;topStories\&quot;:\&quot;Top Stories\&quot;,\&quot;tv\&quot;:\&quot;TV\&quot;,\&quot;unitC\&quot;:\&quot;\u00B0C\&quot;,\&quot;unitF\&quot;:\&quot;\u00B0F\&quot;,\&quot;units\&quot;:\&quot;Units\&quot;,\&quot;unitsAndLanguage\&quot;:\&quot;Units and Language\&quot;,\&quot;video\&quot;:\&quot;Video\&quot;,\&quot;videoPhotos\&quot;:\&quot;Video &amp; Photos\&quot;,\&quot;watchLive\&quot;:\&quot;Watch Live\&quot;,\&quot;waterScarcity\&quot;:\&quot;Water Scarcity\&quot;,\&quot;weather\&quot;:\&quot;Weather\&quot;,\&quot;weatherAPI\&quot;:\&quot;Weather API\&quot;,\&quot;weatherInMotion\&quot;:\&quot;Weather in Motion\&quot;,\&quot;weatherNews\&quot;:\&quot;Weather News\&quot;,\&quot;weekend\&quot;:\&quot;Weekend\&quot;,\&quot;weekendForecast\&quot;:\&quot;Weekend Forecast\&quot;,\&quot;yesterday\&quot;:\&quot;Yesterday&apos;s Weather\&quot;},\&quot;wxu-meta\&quot;:{\&quot;homePageDescription\&quot;:\&quot;The Weather Channel and weather.com provide a national and local weather forecast for cities, as well as weather radar, report and hurricane coverage\&quot;,\&quot;homePageKeywords\&quot;:\&quot;national weather, national weather forecast, local weather, local weather forecast, weather, weather forecast, weather radar, weather report, hurricane, weather.com, weather channel\&quot;,\&quot;homePageTitle\&quot;:\&quot;National and Local Weather Radar, Daily Forecast, Hurricane and information from The Weather Channel and weather.com\&quot;},\&quot;wxu-navigation\&quot;:{\&quot;10 Day\&quot;:\&quot;10 Day\&quot;,\&quot;Hourly\&quot;:\&quot;Hourly\&quot;,\&quot;Monthly\&quot;:\&quot;Monthly\&quot;,\&quot;Radar\&quot;:\&quot;Radar\&quot;,\&quot;Site Navigation\&quot;:\&quot;Site Navigation\&quot;,\&quot;Today\&quot;:\&quot;Today\&quot;,\&quot;Video\&quot;:\&quot;Video\&quot;,\&quot;Weekend\&quot;:\&quot;Weekend\&quot;,\&quot;airQualityForecast\&quot;:\&quot;Air Quality Forecast\&quot;,\&quot;allergyTracker\&quot;:\&quot;Allergy Tracker\&quot;,\&quot;boatBeach\&quot;:\&quot;Boat &amp; Beach\&quot;,\&quot;coldFlu\&quot;:\&quot;Cold &amp; Flu\&quot;,\&quot;covid19\&quot;:\&quot;Covid-19\&quot;,\&quot;farming\&quot;:\&quot;Farming\&quot;,\&quot;fifteenDay\&quot;:\&quot;15 Day\&quot;,\&quot;fishing\&quot;:\&quot;Fishing\&quot;,\&quot;gardening\&quot;:\&quot;Gardening\&quot;,\&quot;more\&quot;:\&quot;More\&quot;,\&quot;moreForecasts\&quot;:\&quot;More Forecasts\&quot;,\&quot;skiForecast\&quot;:\&quot;Ski Forecast\&quot;,\&quot;tenDay\&quot;:\&quot;10 Day\&quot;,\&quot;yesterday\&quot;:\&quot;Yesterday&apos;s Weather\&quot;},\&quot;wxu-privacy-data-notice\&quot;:{\&quot;ccpaSectionLinkLabel\&quot;:\&quot;CCPA Notice\&quot;,\&quot;headingTitle\&quot;:\&quot;Your Privacy\&quot;,\&quot;mainParagraph\&quot;:\&quot;See our {{privacyPolicyLink}} to learn about the types of data we collect and how we use and share it. We collect data from your browser to personalize your weather and the ads you see.\&quot;,\&quot;mainParagraph_usa\&quot;:\&quot;See our {{privacyPolicyLink}} to learn about the types of data we collect and how we use and share it. We collect data from your browser to personalize your weather and the ads you see.\&quot;,\&quot;mainParagraph_usa-ccpa\&quot;:\&quot;Please refer to the {{ccpaSectionLink}} in our {{privacyPolicyLink}} to learn about the types of data we collect and how we use and share it. We collect data from your device to personalize your weather and the ads you see.\&quot;,\&quot;privacyPolicyLinkLabel\&quot;:\&quot;Privacy Policy\&quot;,\&quot;privacySettingsLabel\&quot;:\&quot;Review Privacy and Advertising Settings\&quot;},\&quot;wxu-search\&quot;:{\&quot;addCityZip\&quot;:\&quot;Search City or Zip Code\&quot;,\&quot;clearAll\&quot;:\&quot;Clear All\&quot;,\&quot;locationDisplayName\&quot;:\&quot;${presentationName} Weather\&quot;,\&quot;noRecents\&quot;:\&quot;You have no recent locations\&quot;,\&quot;noResults\&quot;:\&quot;No results found\&quot;,\&quot;recentLocations\&quot;:\&quot;Recent Locations\&quot;,\&quot;recentLocationsList\&quot;:\&quot;Recent Locations List\&quot;,\&quot;searchAccessibleHint\&quot;:\&quot;Type at least three characters to start auto complete. Recently searched locations will be displayed if there is no search query. The first option will be automatically selected. Use up and down arrows to change selection. Use escape to clear.\&quot;,\&quot;searchDialog\&quot;:\&quot;Search Dialog\&quot;,\&quot;searchResultsList\&quot;:\&quot;Search Result List\&quot;,\&quot;searchResultsStatus\&quot;:\&quot;${numberOfResults} Results Found for ${searchQuery}\&quot;},\&quot;wxu-taboola\&quot;:{\&quot;sponsoredContentTitle\&quot;:\&quot;Sponsored Content\&quot;},\&quot;wxu-today-details\&quot;:{\&quot;pressure\&quot;:\&quot;Pressure\&quot;},\&quot;wxu-today-map\&quot;:{\&quot;improveMap\&quot;:\&quot;Improve this map\&quot;,\&quot;now\&quot;:\&quot;Now\&quot;,\&quot;radar\&quot;:\&quot;Radar\&quot;,\&quot;seeRadar\&quot;:\&quot;See Radar\&quot;},\&quot;wxu-upsell-toast\&quot;:{\&quot;ctaText\&quot;:\&quot;Download App\&quot;,\&quot;summaryText\&quot;:\&quot;Get the world&apos;s most downloaded weather app.\&quot;,\&quot;title\&quot;:\&quot;Faster. Simpler.\&quot;},\&quot;wxu-urls\&quot;:{\&quot;airQuality\&quot;:\&quot;/${locale}/forecast/air-quality/l/${locId}\&quot;,\&quot;alertDetails\&quot;:\&quot;/${locale}/weather/alerts/localalerts/l/${locId}\&quot;,\&quot;alerts\&quot;:\&quot;/${locale}/weather/alerts/localalerts/l/${locId}\&quot;,\&quot;allergy\&quot;:\&quot;/${locale}/forecast/allergy/l/${locId}\&quot;,\&quot;apps\&quot;:\&quot;/${locale}/${collectionId}/${assetName}\&quot;,\&quot;article\&quot;:\&quot;/${locale}/${collectionId}/news/${articleTitle}\&quot;,\&quot;betterDecisions\&quot;:\&quot;/mission\&quot;,\&quot;boatBeach\&quot;:\&quot;/${locale}/forecast/boat-beach/l/${locId}\&quot;,\&quot;breathing\&quot;:\&quot;/${locale}/forecast/breathing/l/${locId}\&quot;,\&quot;callforcode\&quot;:\&quot;/callforcode\&quot;,\&quot;christmasCountdown\&quot;:\&quot;/forecast/christmas-countdown/l/${locId}\&quot;,\&quot;coldFlu\&quot;:\&quot;/${locale}/forecast/cold-flu/l/${locId}\&quot;,\&quot;covid19\&quot;:\&quot;/${locale}/coronavirus/l/${locId}\&quot;,\&quot;covid19map\&quot;:\&quot;/${locale}/coronavirus/map/l/${locId}\&quot;,\&quot;dataDefinitions\&quot;:\&quot;/${locale}/data-definitions\&quot;,\&quot;dataInventory\&quot;:\&quot;/${locale}/data-inventory\&quot;,\&quot;dataPartners\&quot;:\&quot;/${locale}/data-partners\&quot;,\&quot;dataRights\&quot;:\&quot;/${locale}/data-rights\&quot;,\&quot;farming\&quot;:\&quot;/${locale}/forecast/agriculture/l/${locId}\&quot;,\&quot;fishing\&quot;:\&quot;/${locale}/forecast/fishing/l/${locId}\&quot;,\&quot;fiveday\&quot;:\&quot;/${locale}/weather/5day/l/${locId}\&quot;,\&quot;goRun\&quot;:\&quot;/${locale}/forecast/gorun/l/${locId}\&quot;,\&quot;home\&quot;:\&quot;/${locale}\&quot;,\&quot;hourly\&quot;:\&quot;/${locale}/weather/hourbyhour/l/${locId}\&quot;,\&quot;interactiveMap\&quot;:\&quot;/${locale}/weather/radar/interactive/l/${locId}\&quot;,\&quot;legal\&quot;:\&quot;/${locale}/${collectionId}/${assetName}\&quot;,\&quot;maps\&quot;:\&quot;/maps/${collectionId}\&quot;,\&quot;memberSettings\&quot;:\&quot;/${locale}/member/settings\&quot;,\&quot;memorialdayCountdown\&quot;:\&quot;/forecast/memorial-day-countdown/l/${locId}\&quot;,\&quot;mlbCountdown\&quot;:\&quot;/${locale}/forecast/opening-day-countdown/l/${locId}\&quot;,\&quot;monthly\&quot;:\&quot;/${locale}/weather/monthly/l/${locId}\&quot;,\&quot;notification\&quot;:\&quot;/${locale}/life/manage-notifications\&quot;,\&quot;premiumOnboarding\&quot;:\&quot;/premium/onboarding\&quot;,\&quot;privacyPolicyDirectory\&quot;:\&quot;/${locale}/privacy-policy-directory\&quot;,\&quot;privacySettings\&quot;:\&quot;/${locale}/privacy-settings\&quot;,\&quot;radar\&quot;:\&quot;/${locale}/weather/radar/interactive/l/${locId}\&quot;,\&quot;rss\&quot;:\&quot;/rss\&quot;,\&quot;search\&quot;:\&quot;/${locale}/search/enhancedlocalsearch\&quot;,\&quot;ski\&quot;:\&quot;/${locale}/forecast/ski/l/${locId}\&quot;,\&quot;slideshows\&quot;:\&quot;/${locale}/slideshows\&quot;,\&quot;tenday\&quot;:\&quot;/${locale}/weather/tenday/l/${locId}\&quot;,\&quot;testUrl\&quot;:\&quot;/${locale}/weather/testUrl\&quot;,\&quot;thanksgivingCountdown\&quot;:\&quot;/forecast/thanksgiving-countdown/l/${locId}\&quot;,\&quot;today\&quot;:\&quot;/${locale}/weather/today/l/${locId}\&quot;,\&quot;unsubscribe\&quot;:\&quot;/${locale}/life/alerts/unsubscribe\&quot;,\&quot;video\&quot;:\&quot;/${locale}/${collectionId}/video/${videoTitle}\&quot;,\&quot;weekend\&quot;:\&quot;/${locale}/weather/weekend/l/${locId}\&quot;,\&quot;yesterday\&quot;:\&quot;//www.wunderground.com/history/daily/${locId}/yesterday\&quot;},\&quot;wxu-user-subscription\&quot;:{\&quot;15MinUpsell\&quot;:\&quot;Like the granularity of 15 minute forecasts? Get 7 hours worth instead of 1.\&quot;,\&quot;4999Year\&quot;:\&quot;$49.99/year (17% off)\&quot;,\&quot;4xHourlyForecast\&quot;:\&quot;4x the hourly forecasts\&quot;,\&quot;account\&quot;:\&quot;Account\&quot;,\&quot;accountCreated\&quot;:\&quot;Your account was created. Your benefits include:\&quot;,\&quot;accountLinkLabel\&quot;:\&quot;Account\&quot;,\&quot;alreadyAccount\&quot;:\&quot;Already have an account?\&quot;,\&quot;alreadyMember\&quot;:\&quot;Already a subscriber?\&quot;,\&quot;backToManageAccount\&quot;:\&quot;Back to Manage Account\&quot;,\&quot;cancelAnytime\&quot;:\&quot;Cancel anytime.\&quot;,\&quot;congratulations\&quot;:\&quot;Congratulations\&quot;,\&quot;detailed15Minute\&quot;:\&quot;Detailed 15-min forecasts\&quot;,\&quot;emailLinkLabel\&quot;:\&quot;subscriptions@weather.com\&quot;,\&quot;fasterSpeed\&quot;:\&quot;Faster speed (due to no ads)\&quot;,\&quot;freeSubscription\&quot;:\&quot;Free Subscription\&quot;,\&quot;freeTrial\&quot;:\&quot;Start your FREE 7-DAY Trial\&quot;,\&quot;goPremium\&quot;:\&quot;Go Premium\&quot;,\&quot;havePremium\&quot;:\&quot;Have a Premium account?\&quot;,\&quot;hourlyUpgradeText\&quot;:\&quot;Upgrade to Premium and get 192-hour forecasts, so you can plan farther ahead.\&quot;,\&quot;legalText\&quot;:\&quot;If you use the promotional code, you will be billed $0.99 per month for your Premium for Web subscription for the first three months, then $4.99 per month thereafter. Purchases not using the promotional code will be billed at $4.99 per month. The promotional code is available to first time subscribers only. Sales tax may apply. During the promotional period and thereafter, your subscription will automatically renew until you cancel. Your payment method will be retained and used to pay for any renewal periods. You may cancel the renewal of your subscription anytime. Premium for Web subscriptions are not available outside the United States or in any territory.\&quot;,\&quot;levelUpForecast\&quot;:\&quot;Level up your forecast\&quot;,\&quot;logIn\&quot;:\&quot;Log In\&quot;,\&quot;manageAccount\&quot;:\&quot;Manage Account\&quot;,\&quot;manageSubscription\&quot;:\&quot;Manage Subscription\&quot;,\&quot;myAccount\&quot;:\&quot;My Account\&quot;,\&quot;noAds\&quot;:\&quot;no ads\&quot;,\&quot;premium\&quot;:\&quot;Premium\&quot;,\&quot;signOut\&quot;:\&quot;Sign Out\&quot;,\&quot;signUp\&quot;:\&quot;Sign Up\&quot;,\&quot;signUpHeader\&quot;:\&quot;Sign Up \u2014 It\u2019s Free.\&quot;,\&quot;signUpPopupContent\&quot;:\&quot;Get an account so you can access your saved weather locations and preferences on your phone, computer - anywhere.\&quot;,\&quot;signUpPopupTitle\&quot;:\&quot;Sign Up - It&apos;s Free.\&quot;,\&quot;signUpText\&quot;:\&quot;Get an account so you can access your saved weather locations and preferences on your phone, computer \u2014 anywhere.\&quot;,\&quot;siteLabel\&quot;:\&quot;weather.com\&quot;,\&quot;siteOnlyText\&quot;:\&quot;This Premium subscription is for the ${siteLink} website only.\&quot;,\&quot;siteUrl\&quot;:\&quot;https://weather.com\&quot;,\&quot;soldSeperatelyText\&quot;:\&quot;The Premium subscription for The Weather Channel app is sold separately.\&quot;,\&quot;subscribe\&quot;:\&quot;Subscribe\&quot;,\&quot;subscribePremium\&quot;:\&quot;Subscribe To Premium\&quot;,\&quot;subscribeToPremium\&quot;:\&quot;Subscribe to Premium for Web to enjoy our best features yet.\&quot;,\&quot;success\&quot;:\&quot;Success!\&quot;,\&quot;unlockAdFree\&quot;:\&quot;Unlock an ad free experience now!\&quot;,\&quot;unlockBetterWeather\&quot;:\&quot;Level up your forecast.\&quot;,\&quot;unlockHourlyForecasts\&quot;:\&quot;Unlock more hourly forecasts\&quot;,\&quot;unlockWeather\&quot;:\&quot;Level up your forecast.\&quot;,\&quot;unlockedAdFree\&quot;:\&quot;You have already unlocked the ad free experience!\&quot;,\&quot;upgradeYourForecast\&quot;:\&quot;Upgrade your forecast\&quot;,\&quot;withAds\&quot;:\&quot;WITH ADS\&quot;,\&quot;withoutAds\&quot;:\&quot;WITHOUT ADS\&quot;}},\&quot;es\&quot;:{\&quot;wxu-urls\&quot;:{\&quot;airQuality\&quot;:\&quot;/${locale}/forecast/air-quality/l/${locId}\&quot;,\&quot;alertDetails\&quot;:\&quot;/${locale}/weather/alerts/localalerts/l/${locId}\&quot;,\&quot;alerts\&quot;:\&quot;/${locale}/weather/alerts/localalerts/l/${locId}\&quot;,\&quot;allergy\&quot;:\&quot;/${locale}/forecast/allergy/l/${locId}\&quot;,\&quot;apps\&quot;:\&quot;/${locale}/${collectionId}/${assetName}\&quot;,\&quot;article\&quot;:\&quot;/${locale}/${collectionId}/news/${articleTitle}\&quot;,\&quot;betterDecisions\&quot;:\&quot;/misi\u00F3n\&quot;,\&quot;boatBeach\&quot;:\&quot;/${locale}/forecast/boat-beach/l/${locId}\&quot;,\&quot;breathing\&quot;:\&quot;/${locale}/forecast/breathing/l/${locId}\&quot;,\&quot;callforcode\&quot;:\&quot;/callforcode\&quot;,\&quot;christmasCountdown\&quot;:\&quot;/forecast/christmas-countdown/l/${locId}\&quot;,\&quot;coldFlu\&quot;:\&quot;/${locale}/forecast/cold-flu/l/${locId}\&quot;,\&quot;covid19\&quot;:\&quot;/${locale}/coronavirus/l/${locId}\&quot;,\&quot;covid19map\&quot;:\&quot;/${locale}/coronavirus/map/l/${locId}\&quot;,\&quot;dataDefinitions\&quot;:\&quot;/${locale}/data-definitions\&quot;,\&quot;dataInventory\&quot;:\&quot;/${locale}/data-inventory\&quot;,\&quot;dataPartners\&quot;:\&quot;/${locale}/data-partners\&quot;,\&quot;dataRights\&quot;:\&quot;/${locale}/data-rights\&quot;,\&quot;farming\&quot;:\&quot;/${locale}/forecast/agriculture/l/${locId}\&quot;,\&quot;fishing\&quot;:\&quot;/${locale}/forecast/fishing/l/${locId}\&quot;,\&quot;fiveday\&quot;:\&quot;/${locale}/tiempo/5dias/l/${locId}\&quot;,\&quot;goRun\&quot;:\&quot;/${locale}/forecast/gorun/l/${locId}\&quot;,\&quot;home\&quot;:\&quot;/${locale}\&quot;,\&quot;hourly\&quot;:\&quot;/${locale}/tiempo/horario/l/${locId}\&quot;,\&quot;interactiveMap\&quot;:\&quot;/${locale}/tiempo/mapas/interactive/l/${locId}\&quot;,\&quot;legal\&quot;:\&quot;/${locale}/${collectionId}/${assetName}\&quot;,\&quot;maps\&quot;:\&quot;/maps/${collectionId}\&quot;,\&quot;memberSettings\&quot;:\&quot;/${locale}/member/settings\&quot;,\&quot;memorialdayCountdown\&quot;:\&quot;/forecast/memorial-day-countdown/l/${locId}\&quot;,\&quot;mlbCountdown\&quot;:\&quot;/${locale}/forecast/opening-day-countdown/l/${locId}\&quot;,\&quot;monthly\&quot;:\&quot;/${locale}/tiempo/mensual/l/${locId}\&quot;,\&quot;notification\&quot;:\&quot;/${locale}/life/manage-notifications\&quot;,\&quot;premiumOnboarding\&quot;:\&quot;/premium/onboarding\&quot;,\&quot;privacyPolicyDirectory\&quot;:\&quot;/${locale}/directorio-de-pol\u00EDticas-de-privacidad\&quot;,\&quot;privacySettings\&quot;:\&quot;/${locale}/privacy-settings\&quot;,\&quot;radar\&quot;:\&quot;/${locale}/tiempo/mapas/interactive/l/${locId}\&quot;,\&quot;rss\&quot;:\&quot;/rss\&quot;,\&quot;search\&quot;:\&quot;/${locale}/search/enhancedlocalsearch\&quot;,\&quot;ski\&quot;:\&quot;/${locale}/forecast/ski/l/${locId}\&quot;,\&quot;slideshows\&quot;:\&quot;/${locale}/slideshows\&quot;,\&quot;tenday\&quot;:\&quot;/${locale}/tiempo/10dias/l/${locId}\&quot;,\&quot;testUrl\&quot;:\&quot;/${locale}/weather/testUrl\&quot;,\&quot;thanksgivingCountdown\&quot;:\&quot;/forecast/thanksgiving-countdown/l/${locId}\&quot;,\&quot;today\&quot;:\&quot;/${locale}/tiempo/hoy/l/${locId}\&quot;,\&quot;unsubscribe\&quot;:\&quot;/${locale}/life/alerts/unsubscribe\&quot;,\&quot;video\&quot;:\&quot;/${locale}/${collectionId}/video/${videoTitle}\&quot;,\&quot;weekend\&quot;:\&quot;/${locale}/tiempo/finde/l/${locId}\&quot;,\&quot;yesterday\&quot;:\&quot;//www.wunderground.com/history/daily/${locId}/yesterday\&quot;}},\&quot;es-AR\&quot;:{\&quot;wxu-urls\&quot;:{\&quot;airQuality\&quot;:\&quot;/${locale}/forecast/air-quality/l/${locId}\&quot;,\&quot;alertDetails\&quot;:\&quot;/${locale}/weather/alerts/localalerts/l/${locId}\&quot;,\&quot;alerts\&quot;:\&quot;/${locale}/weather/alerts/localalerts/l/${locId}\&quot;,\&quot;allergy\&quot;:\&quot;/${locale}/forecast/allergy/l/${locId}\&quot;,\&quot;apps\&quot;:\&quot;/${locale}/${collectionId}/${assetName}\&quot;,\&quot;article\&quot;:\&quot;/${locale}/${collectionId}/news/${articleTitle}\&quot;,\&quot;betterDecisions\&quot;:\&quot;/misi\u00F3n\&quot;,\&quot;boatBeach\&quot;:\&quot;/${locale}/forecast/boat-beach/l/${locId}\&quot;,\&quot;breathing\&quot;:\&quot;/${locale}/forecast/breathing/l/${locId}\&quot;,\&quot;callforcode\&quot;:\&quot;/callforcode\&quot;,\&quot;christmasCountdown\&quot;:\&quot;/forecast/christmas-countdown/l/${locId}\&quot;,\&quot;coldFlu\&quot;:\&quot;/${locale}/forecast/cold-flu/l/${locId}\&quot;,\&quot;covid19\&quot;:\&quot;/${locale}/coronavirus/l/${locId}\&quot;,\&quot;covid19map\&quot;:\&quot;/${locale}/coronavirus/map/l/${locId}\&quot;,\&quot;dataDefinitions\&quot;:\&quot;/${locale}/data-definitions\&quot;,\&quot;dataInventory\&quot;:\&quot;/${locale}/data-inventory\&quot;,\&quot;dataPartners\&quot;:\&quot;/${locale}/data-partners\&quot;,\&quot;dataRights\&quot;:\&quot;/${locale}/data-rights\&quot;,\&quot;farming\&quot;:\&quot;/${locale}/forecast/agriculture/l/${locId}\&quot;,\&quot;fishing\&quot;:\&quot;/${locale}/forecast/fishing/l/${locId}\&quot;,\&quot;fiveday\&quot;:\&quot;/${locale}/tiempo/5dias/l/${locId}\&quot;,\&quot;goRun\&quot;:\&quot;/${locale}/forecast/gorun/l/${locId}\&quot;,\&quot;home\&quot;:\&quot;/${locale}\&quot;,\&quot;hourly\&quot;:\&quot;/${locale}/tiempo/horario/l/${locId}\&quot;,\&quot;interactiveMap\&quot;:\&quot;/${locale}/tiempo/mapas/interactive/l/${locId}\&quot;,\&quot;legal\&quot;:\&quot;/${locale}/${collectionId}/${assetName}\&quot;,\&quot;maps\&quot;:\&quot;/maps/${collectionId}\&quot;,\&quot;memberSettings\&quot;:\&quot;/${locale}/member/settings\&quot;,\&quot;memorialdayCountdown\&quot;:\&quot;/forecast/memorial-day-countdown/l/${locId}\&quot;,\&quot;mlbCountdown\&quot;:\&quot;/${locale}/forecast/opening-day-countdown/l/${locId}\&quot;,\&quot;monthly\&quot;:\&quot;/${locale}/tiempo/mensual/l/${locId}\&quot;,\&quot;notification\&quot;:\&quot;/${locale}/life/manage-notifications\&quot;,\&quot;premiumOnboarding\&quot;:\&quot;/premium/onboarding\&quot;,\&quot;privacyPolicyDirectory\&quot;:\&quot;/${locale}/directorio-de-pol\u00EDticas-de-privacidad\&quot;,\&quot;privacySettings\&quot;:\&quot;/${locale}/privacy-settings\&quot;,\&quot;radar\&quot;:\&quot;/${locale}/weather/radar/interactive/l/${locId}\&quot;,\&quot;rss\&quot;:\&quot;/rss\&quot;,\&quot;search\&quot;:\&quot;/${locale}/search/enhancedlocalsearch\&quot;,\&quot;ski\&quot;:\&quot;/${locale}/forecast/ski/l/${locId}\&quot;,\&quot;slideshows\&quot;:\&quot;/${locale}/slideshows\&quot;,\&quot;tenday\&quot;:\&quot;/${locale}/tiempo/10dias/l/${locId}\&quot;,\&quot;testUrl\&quot;:\&quot;/${locale}/weather/testUrl\&quot;,\&quot;thanksgivingCountdown\&quot;:\&quot;/forecast/thanksgiving-countdown/l/${locId}\&quot;,\&quot;today\&quot;:\&quot;/${locale}/tiempo/hoy/l/${locId}\&quot;,\&quot;unsubscribe\&quot;:\&quot;/${locale}/life/alerts/unsubscribe\&quot;,\&quot;video\&quot;:\&quot;/${locale}/${collectionId}/video/${videoTitle}\&quot;,\&quot;weekend\&quot;:\&quot;/${locale}/tiempo/finde/l/${locId}\&quot;,\&quot;yesterday\&quot;:\&quot;//www.wunderground.com/history/daily/${locId}/yesterday\&quot;}},\&quot;es-ES\&quot;:{\&quot;wxu-urls\&quot;:{\&quot;airQuality\&quot;:\&quot;/${locale}/forecast/air-quality/l/${locId}\&quot;,\&quot;alertDetails\&quot;:\&quot;/${locale}/weather/alerts/localalerts/l/${locId}\&quot;,\&quot;alerts\&quot;:\&quot;/${locale}/weather/alerts/localalerts/l/${locId}\&quot;,\&quot;allergy\&quot;:\&quot;/${locale}/forecast/allergy/l/${locId}\&quot;,\&quot;apps\&quot;:\&quot;/${locale}/${collectionId}/${assetName}\&quot;,\&quot;article\&quot;:\&quot;/${locale}/${collectionId}/news/${articleTitle}\&quot;,\&quot;betterDecisions\&quot;:\&quot;/misi\u00F3n\&quot;,\&quot;boatBeach\&quot;:\&quot;/${locale}/forecast/boat-beach/l/${locId}\&quot;,\&quot;breathing\&quot;:\&quot;/${locale}/forecast/breathing/l/${locId}\&quot;,\&quot;callforcode\&quot;:\&quot;/callforcode\&quot;,\&quot;christmasCountdown\&quot;:\&quot;/forecast/christmas-countdown/l/${locId}\&quot;,\&quot;coldFlu\&quot;:\&quot;/${locale}/forecast/cold-flu/l/${locId}\&quot;,\&quot;covid19\&quot;:\&quot;/${locale}/coronavirus/l/${locId}\&quot;,\&quot;covid19map\&quot;:\&quot;/${locale}/coronavirus/map/l/${locId}\&quot;,\&quot;dataDefinitions\&quot;:\&quot;/${locale}/data-definitions\&quot;,\&quot;dataInventory\&quot;:\&quot;/${locale}/data-inventory\&quot;,\&quot;dataPartners\&quot;:\&quot;/${locale}/data-partners\&quot;,\&quot;dataRights\&quot;:\&quot;/${locale}/data-rights\&quot;,\&quot;farming\&quot;:\&quot;/${locale}/forecast/agriculture/l/${locId}\&quot;,\&quot;fishing\&quot;:\&quot;/${locale}/forecast/fishing/l/${locId}\&quot;,\&quot;fiveday\&quot;:\&quot;/${locale}/tiempo/5dias/l/${locId}\&quot;,\&quot;goRun\&quot;:\&quot;/${locale}/forecast/gorun/l/${locId}\&quot;,\&quot;home\&quot;:\&quot;/${locale}\&quot;,\&quot;hourly\&quot;:\&quot;/${locale}/tiempo/horario/l/${locId}\&quot;,\&quot;interactiveMap\&quot;:\&quot;/${locale}/tiempo/mapas/interactive/l/${locId}\&quot;,\&quot;legal\&quot;:\&quot;/${locale}/${collectionId}/${assetName}\&quot;,\&quot;maps\&quot;:\&quot;/maps/${collectionId}\&quot;,\&quot;memberSettings\&quot;:\&quot;/${locale}/member/settings\&quot;,\&quot;memorialdayCountdown\&quot;:\&quot;/forecast/memorial-day-countdown/l/${locId}\&quot;,\&quot;mlbCountdown\&quot;:\&quot;/${locale}/forecast/opening-day-countdown/l/${locId}\&quot;,\&quot;monthly\&quot;:\&quot;/${locale}/tiempo/mensual/l/${locId}\&quot;,\&quot;notification\&quot;:\&quot;/${locale}/life/manage-notifications\&quot;,\&quot;premiumOnboarding\&quot;:\&quot;/premium/onboarding\&quot;,\&quot;privacyPolicyDirectory\&quot;:\&quot;/${locale}/directorio-de-pol\u00EDticas-de-privacidad\&quot;,\&quot;privacySettings\&quot;:\&quot;/${locale}/privacy-settings\&quot;,\&quot;radar\&quot;:\&quot;/${locale}/tiempo/mapas/interactive/l/${locId}\&quot;,\&quot;rss\&quot;:\&quot;/rss\&quot;,\&quot;search\&quot;:\&quot;/${locale}/search/enhancedlocalsearch\&quot;,\&quot;ski\&quot;:\&quot;/${locale}/forecast/ski/l/${locId}\&quot;,\&quot;slideshows\&quot;:\&quot;/${locale}/slideshows\&quot;,\&quot;tenday\&quot;:\&quot;/${locale}/tiempo/10dias/l/${locId}\&quot;,\&quot;testUrl\&quot;:\&quot;/${locale}/weather/testUrl\&quot;,\&quot;thanksgivingCountdown\&quot;:\&quot;/forecast/thanksgiving-countdown/l/${locId}\&quot;,\&quot;today\&quot;:\&quot;/${locale}/tiempo/hoy/l/${locId}\&quot;,\&quot;unsubscribe\&quot;:\&quot;/${locale}/life/alerts/unsubscribe\&quot;,\&quot;video\&quot;:\&quot;/${locale}/${collectionId}/video/${videoTitle}\&quot;,\&quot;weekend\&quot;:\&quot;/${locale}/tiempo/finde/l/${locId}\&quot;,\&quot;yesterday\&quot;:\&quot;//www.wunderground.com/history/daily/${locId}/yesterday\&quot;}},\&quot;es-LA\&quot;:{\&quot;wxu-urls\&quot;:{\&quot;airQuality\&quot;:\&quot;/${locale}/forecast/air-quality/l/${locId}\&quot;,\&quot;alertDetails\&quot;:\&quot;/${locale}/weather/alerts/localalerts/l/${locId}\&quot;,\&quot;alerts\&quot;:\&quot;/${locale}/weather/alerts/localalerts/l/${locId}\&quot;,\&quot;allergy\&quot;:\&quot;/${locale}/forecast/allergy/l/${locId}\&quot;,\&quot;apps\&quot;:\&quot;/${locale}/${collectionId}/${assetName}\&quot;,\&quot;article\&quot;:\&quot;/${locale}/${collectionId}/news/${articleTitle}\&quot;,\&quot;betterDecisions\&quot;:\&quot;/misi\u00F3n\&quot;,\&quot;boatBeach\&quot;:\&quot;/${locale}/forecast/boat-beach/l/${locId}\&quot;,\&quot;breathing\&quot;:\&quot;/${locale}/forecast/breathing/l/${locId}\&quot;,\&quot;callforcode\&quot;:\&quot;/callforcode\&quot;,\&quot;christmasCountdown\&quot;:\&quot;/forecast/christmas-countdown/l/${locId}\&quot;,\&quot;coldFlu\&quot;:\&quot;/${locale}/forecast/cold-flu/l/${locId}\&quot;,\&quot;covid19\&quot;:\&quot;/${locale}/coronavirus/l/${locId}\&quot;,\&quot;covid19map\&quot;:\&quot;/${locale}/coronavirus/map/l/${locId}\&quot;,\&quot;dataDefinitions\&quot;:\&quot;/${locale}/data-definitions\&quot;,\&quot;dataInventory\&quot;:\&quot;/${locale}/data-inventory\&quot;,\&quot;dataPartners\&quot;:\&quot;/${locale}/data-partners\&quot;,\&quot;dataRights\&quot;:\&quot;/${locale}/data-rights\&quot;,\&quot;farming\&quot;:\&quot;/${locale}/forecast/agriculture/l/${locId}\&quot;,\&quot;fishing\&quot;:\&quot;/${locale}/forecast/fishing/l/${locId}\&quot;,\&quot;fiveday\&quot;:\&quot;/${locale}/tiempo/5dias/l/${locId}\&quot;,\&quot;goRun\&quot;:\&quot;/${locale}/forecast/gorun/l/${locId}\&quot;,\&quot;home\&quot;:\&quot;/${locale}\&quot;,\&quot;hourly\&quot;:\&quot;/${locale}/tiempo/horario/l/${locId}\&quot;,\&quot;interactiveMap\&quot;:\&quot;/${locale}/tiempo/mapas/interactive/l/${locId}\&quot;,\&quot;legal\&quot;:\&quot;/${locale}/${collectionId}/${assetName}\&quot;,\&quot;maps\&quot;:\&quot;/maps/${collectionId}\&quot;,\&quot;memberSettings\&quot;:\&quot;/${locale}/member/settings\&quot;,\&quot;memorialdayCountdown\&quot;:\&quot;/forecast/memorial-day-countdown/l/${locId}\&quot;,\&quot;mlbCountdown\&quot;:\&quot;/${locale}/forecast/opening-day-countdown/l/${locId}\&quot;,\&quot;monthly\&quot;:\&quot;/${locale}/tiempo/mensual/l/${locId}\&quot;,\&quot;notification\&quot;:\&quot;/${locale}/life/manage-notifications\&quot;,\&quot;premiumOnboarding\&quot;:\&quot;/premium/onboarding\&quot;,\&quot;privacyPolicyDirectory\&quot;:\&quot;/${locale}/directorio-de-pol\u00EDticas-de-privacidad\&quot;,\&quot;privacySettings\&quot;:\&quot;/${locale}/privacy-settings\&quot;,\&quot;radar\&quot;:\&quot;/${locale}/weather/radar/interactive/l/${locId}\&quot;,\&quot;rss\&quot;:\&quot;/rss\&quot;,\&quot;search\&quot;:\&quot;/${locale}/search/enhancedlocalsearch\&quot;,\&quot;ski\&quot;:\&quot;/${locale}/forecast/ski/l/${locId}\&quot;,\&quot;slideshows\&quot;:\&quot;/${locale}/slideshows\&quot;,\&quot;tenday\&quot;:\&quot;/${locale}/tiempo/10dias/l/${locId}\&quot;,\&quot;testUrl\&quot;:\&quot;/${locale}/weather/testUrl\&quot;,\&quot;thanksgivingCountdown\&quot;:\&quot;/forecast/thanksgiving-countdown/l/${locId}\&quot;,\&quot;today\&quot;:\&quot;/${locale}/tiempo/hoy/l/${locId}\&quot;,\&quot;unsubscribe\&quot;:\&quot;/${locale}/life/alerts/unsubscribe\&quot;,\&quot;video\&quot;:\&quot;/${locale}/${collectionId}/video/${videoTitle}\&quot;,\&quot;weekend\&quot;:\&quot;/${locale}/tiempo/finde/l/${locId}\&quot;,\&quot;yesterday\&quot;:\&quot;//www.wunderground.com/history/daily/${locId}/yesterday\&quot;}},\&quot;es-US\&quot;:{\&quot;wxu-urls\&quot;:{\&quot;airQuality\&quot;:\&quot;/${locale}/forecast/air-quality/l/${locId}\&quot;,\&quot;alertDetails\&quot;:\&quot;/${locale}/weather/alerts/localalerts/l/${locId}\&quot;,\&quot;alerts\&quot;:\&quot;/${locale}/weather/alerts/localalerts/l/${locId}\&quot;,\&quot;allergy\&quot;:\&quot;/${locale}/forecast/allergy/l/${locId}\&quot;,\&quot;apps\&quot;:\&quot;/${locale}/${collectionId}/${assetName}\&quot;,\&quot;article\&quot;:\&quot;/${locale}/${collectionId}/news/${articleTitle}\&quot;,\&quot;betterDecisions\&quot;:\&quot;/misi\u00F3n\&quot;,\&quot;boatBeach\&quot;:\&quot;/${locale}/forecast/boat-beach/l/${locId}\&quot;,\&quot;breathing\&quot;:\&quot;/${locale}/forecast/breathing/l/${locId}\&quot;,\&quot;callforcode\&quot;:\&quot;/callforcode\&quot;,\&quot;christmasCountdown\&quot;:\&quot;/forecast/christmas-countdown/l/${locId}\&quot;,\&quot;coldFlu\&quot;:\&quot;/${locale}/forecast/cold-flu/l/${locId}\&quot;,\&quot;covid19\&quot;:\&quot;/${locale}/coronavirus/l/${locId}\&quot;,\&quot;covid19map\&quot;:\&quot;/${locale}/coronavirus/map/l/${locId}\&quot;,\&quot;dataDefinitions\&quot;:\&quot;/${locale}/data-definitions\&quot;,\&quot;dataInventory\&quot;:\&quot;/${locale}/data-inventory\&quot;,\&quot;dataPartners\&quot;:\&quot;/${locale}/data-partners\&quot;,\&quot;dataRights\&quot;:\&quot;/${locale}/data-rights\&quot;,\&quot;farming\&quot;:\&quot;/${locale}/forecast/agriculture/l/${locId}\&quot;,\&quot;fishing\&quot;:\&quot;/${locale}/forecast/fishing/l/${locId}\&quot;,\&quot;fiveday\&quot;:\&quot;/${locale}/tiempo/5dias/l/${locId}\&quot;,\&quot;goRun\&quot;:\&quot;/${locale}/forecast/gorun/l/${locId}\&quot;,\&quot;home\&quot;:\&quot;/${locale}\&quot;,\&quot;hourly\&quot;:\&quot;/${locale}/tiempo/horario/l/${locId}\&quot;,\&quot;interactiveMap\&quot;:\&quot;/${locale}/tiempo/mapas/interactive/l/${locId}\&quot;,\&quot;legal\&quot;:\&quot;/${locale}/${collectionId}/${assetName}\&quot;,\&quot;maps\&quot;:\&quot;/maps/${collectionId}\&quot;,\&quot;memberSettings\&quot;:\&quot;/${locale}/member/settings\&quot;,\&quot;memorialdayCountdown\&quot;:\&quot;/forecast/memorial-day-countdown/l/${locId}\&quot;,\&quot;mlbCountdown\&quot;:\&quot;/${locale}/forecast/opening-day-countdown/l/${locId}\&quot;,\&quot;monthly\&quot;:\&quot;/${locale}/tiempo/mensual/l/${locId}\&quot;,\&quot;notification\&quot;:\&quot;/${locale}/life/manage-notifications\&quot;,\&quot;premiumOnboarding\&quot;:\&quot;/premium/onboarding\&quot;,\&quot;privacyPolicyDirectory\&quot;:\&quot;/${locale}/directorio-de-pol\u00EDticas-de-privacidad\&quot;,\&quot;privacySettings\&quot;:\&quot;/${locale}/privacy-settings\&quot;,\&quot;radar\&quot;:\&quot;/${locale}/tiempo/mapas/interactive/l/${locId}\&quot;,\&quot;rss\&quot;:\&quot;/rss\&quot;,\&quot;search\&quot;:\&quot;/${locale}/search/enhancedlocalsearch\&quot;,\&quot;ski\&quot;:\&quot;/${locale}/forecast/ski/l/${locId}\&quot;,\&quot;slideshows\&quot;:\&quot;/${locale}/slideshows\&quot;,\&quot;tenday\&quot;:\&quot;/${locale}/tiempo/10dias/l/${locId}\&quot;,\&quot;testUrl\&quot;:\&quot;/${locale}/weather/testUrl\&quot;,\&quot;thanksgivingCountdown\&quot;:\&quot;/forecast/thanksgiving-countdown/l/${locId}\&quot;,\&quot;today\&quot;:\&quot;/${locale}/tiempo/hoy/l/${locId}\&quot;,\&quot;unsubscribe\&quot;:\&quot;/${locale}/life/alerts/unsubscribe\&quot;,\&quot;video\&quot;:\&quot;/${locale}/${collectionId}/video/${videoTitle}\&quot;,\&quot;weekend\&quot;:\&quot;/${locale}/tiempo/finde/l/${locId}\&quot;,\&quot;yesterday\&quot;:\&quot;//www.wunderground.com/history/daily/${locId}/yesterday\&quot;}},\&quot;et-EE\&quot;:{\&quot;wxu-urls\&quot;:{\&quot;airQuality\&quot;:\&quot;/${locale}/forecast/air-quality/l/${locId}\&quot;,\&quot;alertDetails\&quot;:\&quot;/${locale}/weather/alerts/localalerts/l/${locId}\&quot;,\&quot;alerts\&quot;:\&quot;/${locale}/weather/alerts/localalerts/l/${locId}\&quot;,\&quot;allergy\&quot;:\&quot;/${locale}/forecast/allergy/l/${locId}\&quot;,\&quot;apps\&quot;:\&quot;/${locale}/${collectionId}/${assetName}\&quot;,\&quot;article\&quot;:\&quot;/${locale}/${collectionId}/news/${articleTitle}\&quot;,\&quot;betterDecisions\&quot;:\&quot;/mission\&quot;,\&quot;boatBeach\&quot;:\&quot;/${locale}/forecast/boat-beach/l/${locId}\&quot;,\&quot;breathing\&quot;:\&quot;/${locale}/forecast/breathing/l/${locId}\&quot;,\&quot;callforcode\&quot;:\&quot;/callforcode\&quot;,\&quot;christmasCountdown\&quot;:\&quot;/forecast/christmas-countdown/l/${locId}\&quot;,\&quot;coldFlu\&quot;:\&quot;/${locale}/forecast/cold-flu/l/${locId}\&quot;,\&quot;covid19\&quot;:\&quot;/${locale}/coronavirus/l/${locId}\&quot;,\&quot;covid19map\&quot;:\&quot;/${locale}/coronavirus/map/l/${locId}\&quot;,\&quot;dataDefinitions\&quot;:\&quot;/${locale}/data-definitions\&quot;,\&quot;dataInventory\&quot;:\&quot;/${locale}/data-inventory\&quot;,\&quot;dataPartners\&quot;:\&quot;/${locale}/data-partners\&quot;,\&quot;dataRights\&quot;:\&quot;/${locale}/data-rights\&quot;,\&quot;farming\&quot;:\&quot;/${locale}/forecast/agriculture/l/${locId}\&quot;,\&quot;fishing\&quot;:\&quot;/${locale}/forecast/fishing/l/${locId}\&quot;,\&quot;fiveday\&quot;:\&quot;/${locale}/ilm/5paeva/l/${locId}\&quot;,\&quot;goRun\&quot;:\&quot;/${locale}/forecast/gorun/l/${locId}\&quot;,\&quot;home\&quot;:\&quot;/${locale}\&quot;,\&quot;hourly\&quot;:\&quot;/${locale}/ilm/tunnikaupa/l/${locId}\&quot;,\&quot;interactiveMap\&quot;:\&quot;/${locale}/ilm/kaardid/interaktiivne/l/${locId}\&quot;,\&quot;legal\&quot;:\&quot;/${locale}/${collectionId}/${assetName}\&quot;,\&quot;maps\&quot;:\&quot;/maps/${collectionId}\&quot;,\&quot;memberSettings\&quot;:\&quot;/${locale}/member/settings\&quot;,\&quot;memorialdayCountdown\&quot;:\&quot;/forecast/memorial-day-countdown/l/${locId}\&quot;,\&quot;mlbCountdown\&quot;:\&quot;/${locale}/forecast/opening-day-countdown/l/${locId}\&quot;,\&quot;monthly\&quot;:\&quot;/${locale}/ilm/igakuine/l/${locId}\&quot;,\&quot;notification\&quot;:\&quot;/${locale}/life/manage-notifications\&quot;,\&quot;premiumOnboarding\&quot;:\&quot;/premium/onboarding\&quot;,\&quot;privacyPolicyDirectory\&quot;:\&quot;/${locale}/privacy-policy-directory\&quot;,\&quot;privacySettings\&quot;:\&quot;/${locale}/privacy-settings\&quot;,\&quot;radar\&quot;:\&quot;/${locale}/weather/radar/interactive/l/${locId}\&quot;,\&quot;rss\&quot;:\&quot;/rss\&quot;,\&quot;search\&quot;:\&quot;/${locale}/search/enhancedlocalsearch\&quot;,\&quot;ski\&quot;:\&quot;/${locale}/forecast/ski/l/${locId}\&quot;,\&quot;slideshows\&quot;:\&quot;/${locale}/slideshows\&quot;,\&quot;tenday\&quot;:\&quot;/${locale}/ilm/kummepaeva/l/${locId}\&quot;,\&quot;testUrl\&quot;:\&quot;/${locale}/weather/testUrl\&quot;,\&quot;thanksgivingCountdown\&quot;:\&quot;/forecast/thanksgiving-countdown/l/${locId}\&quot;,\&quot;today\&quot;:\&quot;/${locale}/ilm/tana/l/${locId}\&quot;,\&quot;unsubscribe\&quot;:\&quot;/${locale}/life/alerts/unsubscribe\&quot;,\&quot;video\&quot;:\&quot;/${locale}/${collectionId}/video/${videoTitle}\&quot;,\&quot;weekend\&quot;:\&quot;/${locale}/ilm/nadalavahetus/l/${locId}\&quot;,\&quot;yesterday\&quot;:\&quot;//www.wunderground.com/history/daily/${locId}/yesterday\&quot;}},\&quot;fa-IR\&quot;:{\&quot;wxu-urls\&quot;:{\&quot;airQuality\&quot;:\&quot;/${locale}/forecast/air-quality/l/${locId}\&quot;,\&quot;alertDetails\&quot;:\&quot;/${locale}/weather/alerts/localalerts/l/${locId}\&quot;,\&quot;alerts\&quot;:\&quot;/${locale}/weather/alerts/localalerts/l/${locId}\&quot;,\&quot;allergy\&quot;:\&quot;/${locale}/forecast/allergy/l/${locId}\&quot;,\&quot;apps\&quot;:\&quot;/${locale}/${collectionId}/${assetName}\&quot;,\&quot;article\&quot;:\&quot;/${locale}/${collectionId}/news/${articleTitle}\&quot;,\&quot;betterDecisions\&quot;:\&quot;/\u0645\u0623\u0645\u0648\u0631\u06CC\u062A\&quot;,\&quot;boatBeach\&quot;:\&quot;/${locale}/forecast/boat-beach/l/${locId}\&quot;,\&quot;breathing\&quot;:\&quot;/${locale}/forecast/breathing/l/${locId}\&quot;,\&quot;callforcode\&quot;:\&quot;/callforcode\&quot;,\&quot;christmasCountdown\&quot;:\&quot;/forecast/christmas-countdown/l/${locId}\&quot;,\&quot;coldFlu\&quot;:\&quot;/${locale}/forecast/cold-flu/l/${locId}\&quot;,\&quot;covid19\&quot;:\&quot;/${locale}/coronavirus/l/${locId}\&quot;,\&quot;covid19map\&quot;:\&quot;/${locale}/coronavirus/map/l/${locId}\&quot;,\&quot;dataDefinitions\&quot;:\&quot;/${locale}/data-definitions\&quot;,\&quot;dataInventory\&quot;:\&quot;/${locale}/data-inventory\&quot;,\&quot;dataPartners\&quot;:\&quot;/${locale}/data-partners\&quot;,\&quot;dataRights\&quot;:\&quot;/${locale}/data-rights\&quot;,\&quot;farming\&quot;:\&quot;/${locale}/forecast/agriculture/l/${locId}\&quot;,\&quot;fishing\&quot;:\&quot;/${locale}/forecast/fishing/l/${locId}\&quot;,\&quot;fiveday\&quot;:\&quot;/${locale}/weather/5day/l/${locId}\&quot;,\&quot;goRun\&quot;:\&quot;/${locale}/forecast/gorun/l/${locId}\&quot;,\&quot;home\&quot;:\&quot;/${locale}\&quot;,\&quot;hourly\&quot;:\&quot;/${locale}/weather/hourbyhour/l/${locId}\&quot;,\&quot;interactiveMap\&quot;:\&quot;/${locale}/weather/radar/interactive/l/${locId}\&quot;,\&quot;legal\&quot;:\&quot;/${locale}/${collectionId}/${assetName}\&quot;,\&quot;maps\&quot;:\&quot;/maps/${collectionId}\&quot;,\&quot;memberSettings\&quot;:\&quot;/${locale}/member/settings\&quot;,\&quot;memorialdayCountdown\&quot;:\&quot;/forecast/memorial-day-countdown/l/${locId}\&quot;,\&quot;mlbCountdown\&quot;:\&quot;/${locale}/forecast/opening-day-countdown/l/${locId}\&quot;,\&quot;monthly\&quot;:\&quot;/${locale}/weather/monthly/l/${locId}\&quot;,\&quot;notification\&quot;:\&quot;/${locale}/life/manage-notifications\&quot;,\&quot;premiumOnboarding\&quot;:\&quot;/premium/onboarding\&quot;,\&quot;privacyPolicyDirectory\&quot;:\&quot;/${locale}/privacy-policy-directory\&quot;,\&quot;privacySettings\&quot;:\&quot;/${locale}/privacy-settings\&quot;,\&quot;radar\&quot;:\&quot;/${locale}/weather/radar/interactive/l/${locId}\&quot;,\&quot;rss\&quot;:\&quot;/rss\&quot;,\&quot;search\&quot;:\&quot;/${locale}/search/enhancedlocalsearch\&quot;,\&quot;ski\&quot;:\&quot;/${locale}/forecast/ski/l/${locId}\&quot;,\&quot;slideshows\&quot;:\&quot;/${locale}/slideshows\&quot;,\&quot;tenday\&quot;:\&quot;/${locale}/weather/tenday/l/${locId}\&quot;,\&quot;testUrl\&quot;:\&quot;/${locale}/weather/testUrl\&quot;,\&quot;thanksgivingCountdown\&quot;:\&quot;/forecast/thanksgiving-countdown/l/${locId}\&quot;,\&quot;today\&quot;:\&quot;/${locale}/weather/today/l/${locId}\&quot;,\&quot;unsubscribe\&quot;:\&quot;/${locale}/life/alerts/unsubscribe\&quot;,\&quot;video\&quot;:\&quot;/${locale}/${collectionId}/video/${videoTitle}\&quot;,\&quot;weekend\&quot;:\&quot;/${locale}/weather/weekend/l/${locId}\&quot;,\&quot;yesterday\&quot;:\&quot;//www.wunderground.com/history/daily/${locId}/yesterday\&quot;}},\&quot;fi-FI\&quot;:{\&quot;wxu-urls\&quot;:{\&quot;airQuality\&quot;:\&quot;/${locale}/forecast/air-quality/l/${locId}\&quot;,\&quot;alertDetails\&quot;:\&quot;/${locale}/weather/alerts/localalerts/l/${locId}\&quot;,\&quot;alerts\&quot;:\&quot;/${locale}/weather/alerts/localalerts/l/${locId}\&quot;,\&quot;allergy\&quot;:\&quot;/${locale}/forecast/allergy/l/${locId}\&quot;,\&quot;apps\&quot;:\&quot;/${locale}/${collectionId}/${assetName}\&quot;,\&quot;article\&quot;:\&quot;/${locale}/${collectionId}/news/${articleTitle}\&quot;,\&quot;betterDecisions\&quot;:\&quot;/mission\&quot;,\&quot;boatBeach\&quot;:\&quot;/${locale}/forecast/boat-beach/l/${locId}\&quot;,\&quot;breathing\&quot;:\&quot;/${locale}/forecast/breathing/l/${locId}\&quot;,\&quot;callforcode\&quot;:\&quot;/callforcode\&quot;,\&quot;christmasCountdown\&quot;:\&quot;/forecast/christmas-countdown/l/${locId}\&quot;,\&quot;coldFlu\&quot;:\&quot;/${locale}/forecast/cold-flu/l/${locId}\&quot;,\&quot;covid19\&quot;:\&quot;/${locale}/coronavirus/l/${locId}\&quot;,\&quot;covid19map\&quot;:\&quot;/${locale}/coronavirus/map/l/${locId}\&quot;,\&quot;dataDefinitions\&quot;:\&quot;/${locale}/data-definitions\&quot;,\&quot;dataInventory\&quot;:\&quot;/${locale}/data-inventory\&quot;,\&quot;dataPartners\&quot;:\&quot;/${locale}/data-partners\&quot;,\&quot;dataRights\&quot;:\&quot;/${locale}/data-rights\&quot;,\&quot;farming\&quot;:\&quot;/${locale}/forecast/agriculture/l/${locId}\&quot;,\&quot;fishing\&quot;:\&quot;/${locale}/forecast/fishing/l/${locId}\&quot;,\&quot;fiveday\&quot;:\&quot;/${locale}/weather/5day/l/${locId}\&quot;,\&quot;goRun\&quot;:\&quot;/${locale}/forecast/gorun/l/${locId}\&quot;,\&quot;home\&quot;:\&quot;/${locale}\&quot;,\&quot;hourly\&quot;:\&quot;/${locale}/weather/hourbyhour/l/${locId}\&quot;,\&quot;interactiveMap\&quot;:\&quot;/${locale}/weather/radar/interactive/l/${locId}\&quot;,\&quot;legal\&quot;:\&quot;/${locale}/${collectionId}/${assetName}\&quot;,\&quot;maps\&quot;:\&quot;/maps/${collectionId}\&quot;,\&quot;memberSettings\&quot;:\&quot;/${locale}/member/settings\&quot;,\&quot;memorialdayCountdown\&quot;:\&quot;/forecast/memorial-day-countdown/l/${locId}\&quot;,\&quot;mlbCountdown\&quot;:\&quot;/${locale}/forecast/opening-day-countdown/l/${locId}\&quot;,\&quot;monthly\&quot;:\&quot;/${locale}/weather/monthly/l/${locId}\&quot;,\&quot;notification\&quot;:\&quot;/${locale}/life/manage-notifications\&quot;,\&quot;premiumOnboarding\&quot;:\&quot;/premium/onboarding\&quot;,\&quot;privacyPolicyDirectory\&quot;:\&quot;/${locale}/privacy-policy-directory\&quot;,\&quot;privacySettings\&quot;:\&quot;/${locale}/privacy-settings\&quot;,\&quot;radar\&quot;:\&quot;/${locale}/weather/radar/interactive/l/${locId}\&quot;,\&quot;rss\&quot;:\&quot;/rss\&quot;,\&quot;search\&quot;:\&quot;/${locale}/search/enhancedlocalsearch\&quot;,\&quot;ski\&quot;:\&quot;/${locale}/forecast/ski/l/${locId}\&quot;,\&quot;slideshows\&quot;:\&quot;/${locale}/slideshows\&quot;,\&quot;tenday\&quot;:\&quot;/${locale}/weather/tenday/l/${locId}\&quot;,\&quot;testUrl\&quot;:\&quot;/${locale}/weather/testUrl\&quot;,\&quot;thanksgivingCountdown\&quot;:\&quot;/forecast/thanksgiving-countdown/l/${locId}\&quot;,\&quot;today\&quot;:\&quot;/${locale}/weather/today/l/${locId}\&quot;,\&quot;unsubscribe\&quot;:\&quot;/${locale}/life/alerts/unsubscribe\&quot;,\&quot;video\&quot;:\&quot;/${locale}/${collectionId}/video/${videoTitle}\&quot;,\&quot;weekend\&quot;:\&quot;/${locale}/weather/weekend/l/${locId}\&quot;,\&quot;yesterday\&quot;:\&quot;//www.wunderground.com/history/daily/${locId}/yesterday\&quot;}},\&quot;fr\&quot;:{\&quot;wxu-urls\&quot;:{\&quot;airQuality\&quot;:\&quot;/${locale}/forecast/air-quality/l/${locId}\&quot;,\&quot;alertDetails\&quot;:\&quot;/${locale}/weather/alerts/localalerts/l/${locId}\&quot;,\&quot;alerts\&quot;:\&quot;/${locale}/weather/alerts/localalerts/l/${locId}\&quot;,\&quot;allergy\&quot;:\&quot;/${locale}/forecast/allergy/l/${locId}\&quot;,\&quot;apps\&quot;:\&quot;/${locale}/${collectionId}/${assetName}\&quot;,\&quot;article\&quot;:\&quot;/${locale}/${collectionId}/news/${articleTitle}\&quot;,\&quot;betterDecisions\&quot;:\&quot;/mission\&quot;,\&quot;boatBeach\&quot;:\&quot;/${locale}/forecast/boat-beach/l/${locId}\&quot;,\&quot;breathing\&quot;:\&quot;/${locale}/forecast/breathing/l/${locId}\&quot;,\&quot;callforcode\&quot;:\&quot;/callforcode\&quot;,\&quot;christmasCountdown\&quot;:\&quot;/forecast/christmas-countdown/l/${locId}\&quot;,\&quot;coldFlu\&quot;:\&quot;/${locale}/forecast/cold-flu/l/${locId}\&quot;,\&quot;covid19\&quot;:\&quot;/${locale}/coronavirus/l/${locId}\&quot;,\&quot;covid19map\&quot;:\&quot;/${locale}/coronavirus/map/l/${locId}\&quot;,\&quot;dataDefinitions\&quot;:\&quot;/${locale}/d\u00E9finitions des donn\u00E9es\&quot;,\&quot;dataInventory\&quot;:\&quot;/${locale}/data-inventory\&quot;,\&quot;dataPartners\&quot;:\&quot;/${locale}/data-partners\&quot;,\&quot;dataRights\&quot;:\&quot;/${locale}/droits sur les donn\u00E9es\&quot;,\&quot;farming\&quot;:\&quot;/${locale}/forecast/agriculture/l/${locId}\&quot;,\&quot;fishing\&quot;:\&quot;/${locale}/forecast/fishing/l/${locId}\&quot;,\&quot;fiveday\&quot;:\&quot;/${locale}/temps/5jours/l/${locId}\&quot;,\&quot;goRun\&quot;:\&quot;/${locale}/forecast/gorun/l/${locId}\&quot;,\&quot;home\&quot;:\&quot;/${locale}\&quot;,\&quot;hourly\&quot;:\&quot;/${locale}/temps/parheure/l/${locId}\&quot;,\&quot;interactiveMap\&quot;:\&quot;/${locale}/temps/cartes/interactive/l/${locId}\&quot;,\&quot;legal\&quot;:\&quot;/${locale}/${collectionId}/${assetName}\&quot;,\&quot;maps\&quot;:\&quot;/maps/${collectionId}\&quot;,\&quot;memberSettings\&quot;:\&quot;/${locale}/member/settings\&quot;,\&quot;memorialdayCountdown\&quot;:\&quot;/forecast/memorial-day-countdown/l/${locId}\&quot;,\&quot;mlbCountdown\&quot;:\&quot;/${locale}/forecast/opening-day-countdown/l/${locId}\&quot;,\&quot;monthly\&quot;:\&quot;/${locale}/temps/mensuel/l/${locId}\&quot;,\&quot;notification\&quot;:\&quot;/${locale}/life/manage-notifications\&quot;,\&quot;premiumOnboarding\&quot;:\&quot;/premium/onboarding\&quot;,\&quot;privacyPolicyDirectory\&quot;:\&quot;/${locale}/privacy-policy-directory\&quot;,\&quot;privacySettings\&quot;:\&quot;/${locale}/privacy-settings\&quot;,\&quot;radar\&quot;:\&quot;/${locale}/weather/radar/interactive/l/${locId}\&quot;,\&quot;rss\&quot;:\&quot;/rss\&quot;,\&quot;search\&quot;:\&quot;/${locale}/search/enhancedlocalsearch\&quot;,\&quot;ski\&quot;:\&quot;/${locale}/forecast/ski/l/${locId}\&quot;,\&quot;slideshows\&quot;:\&quot;/${locale}/slideshows\&quot;,\&quot;tenday\&quot;:\&quot;/${locale}/temps/10jours/l/${locId}\&quot;,\&quot;testUrl\&quot;:\&quot;/${locale}/weather/testUrl\&quot;,\&quot;thanksgivingCountdown\&quot;:\&quot;/forecast/thanksgiving-countdown/l/${locId}\&quot;,\&quot;today\&quot;:\&quot;/${locale}/temps/aujour/l/${locId}\&quot;,\&quot;unsubscribe\&quot;:\&quot;/${locale}/life/alerts/unsubscribe\&quot;,\&quot;video\&quot;:\&quot;/${locale}/${collectionId}/video/${videoTitle}\&quot;,\&quot;weekend\&quot;:\&quot;/${locale}/temps/week-end/l/${locId}\&quot;,\&quot;yesterday\&quot;:\&quot;//www.wunderground.com/history/daily/${locId}/yesterday\&quot;}},\&quot;fr-CA\&quot;:{\&quot;wxu-urls\&quot;:{\&quot;airQuality\&quot;:\&quot;/${locale}/forecast/air-quality/l/${locId}\&quot;,\&quot;alertDetails\&quot;:\&quot;/${locale}/weather/alerts/localalerts/l/${locId}\&quot;,\&quot;alerts\&quot;:\&quot;/${locale}/weather/alerts/localalerts/l/${locId}\&quot;,\&quot;allergy\&quot;:\&quot;/${locale}/forecast/allergy/l/${locId}\&quot;,\&quot;apps\&quot;:\&quot;/${locale}/${collectionId}/${assetName}\&quot;,\&quot;article\&quot;:\&quot;/${locale}/${collectionId}/news/${articleTitle}\&quot;,\&quot;betterDecisions\&quot;:\&quot;/mission\&quot;,\&quot;boatBeach\&quot;:\&quot;/${locale}/forecast/boat-beach/l/${locId}\&quot;,\&quot;breathing\&quot;:\&quot;/${locale}/forecast/breathing/l/${locId}\&quot;,\&quot;callforcode\&quot;:\&quot;/callforcode\&quot;,\&quot;christmasCountdown\&quot;:\&quot;/forecast/christmas-countdown/l/${locId}\&quot;,\&quot;coldFlu\&quot;:\&quot;/${locale}/forecast/cold-flu/l/${locId}\&quot;,\&quot;covid19\&quot;:\&quot;/${locale}/coronavirus/l/${locId}\&quot;,\&quot;covid19map\&quot;:\&quot;/${locale}/coronavirus/map/l/${locId}\&quot;,\&quot;dataDefinitions\&quot;:\&quot;/${locale}/donn\u00E9es-d\u00E9finitions\&quot;,\&quot;dataInventory\&quot;:\&quot;/${locale}/data-inventory\&quot;,\&quot;dataPartners\&quot;:\&quot;/${locale}/data-partners\&quot;,\&quot;dataRights\&quot;:\&quot;/${locale}/donn\u00E9es-droits\&quot;,\&quot;farming\&quot;:\&quot;/${locale}/forecast/agriculture/l/${locId}\&quot;,\&quot;fishing\&quot;:\&quot;/${locale}/forecast/fishing/l/${locId}\&quot;,\&quot;fiveday\&quot;:\&quot;/${locale}/temps/5jours/l/${locId}\&quot;,\&quot;goRun\&quot;:\&quot;/${locale}/forecast/gorun/l/${locId}\&quot;,\&quot;home\&quot;:\&quot;/${locale}\&quot;,\&quot;hourly\&quot;:\&quot;/${locale}/temps/parheure/l/${locId}\&quot;,\&quot;interactiveMap\&quot;:\&quot;/${locale}/temps/cartes/interactive/l/${locId}\&quot;,\&quot;legal\&quot;:\&quot;/${locale}/${collectionId}/${assetName}\&quot;,\&quot;maps\&quot;:\&quot;/maps/${collectionId}\&quot;,\&quot;memberSettings\&quot;:\&quot;/${locale}/member/settings\&quot;,\&quot;memorialdayCountdown\&quot;:\&quot;/forecast/memorial-day-countdown/l/${locId}\&quot;,\&quot;mlbCountdown\&quot;:\&quot;/${locale}/forecast/opening-day-countdown/l/${locId}\&quot;,\&quot;monthly\&quot;:\&quot;/${locale}/temps/mensuel/l/${locId}\&quot;,\&quot;notification\&quot;:\&quot;/${locale}/life/manage-notifications\&quot;,\&quot;premiumOnboarding\&quot;:\&quot;/premium/onboarding\&quot;,\&quot;privacyPolicyDirectory\&quot;:\&quot;/${locale}/privacy-policy-directory\&quot;,\&quot;privacySettings\&quot;:\&quot;/${locale}/privacy-settings\&quot;,\&quot;radar\&quot;:\&quot;/${locale}/temps/cartes/interactive/l/${locId}\&quot;,\&quot;rss\&quot;:\&quot;/rss\&quot;,\&quot;search\&quot;:\&quot;/${locale}/search/enhancedlocalsearch\&quot;,\&quot;ski\&quot;:\&quot;/${locale}/forecast/ski/l/${locId}\&quot;,\&quot;slideshows\&quot;:\&quot;/${locale}/slideshows\&quot;,\&quot;tenday\&quot;:\&quot;/${locale}/temps/10jours/l/${locId}\&quot;,\&quot;testUrl\&quot;:\&quot;/${locale}/weather/testUrl\&quot;,\&quot;thanksgivingCountdown\&quot;:\&quot;/forecast/thanksgiving-countdown/l/${locId}\&quot;,\&quot;today\&quot;:\&quot;/${locale}/temps/aujour/l/${locId}\&quot;,\&quot;unsubscribe\&quot;:\&quot;/${locale}/life/alerts/unsubscribe\&quot;,\&quot;video\&quot;:\&quot;/${locale}/${collectionId}/video/${videoTitle}\&quot;,\&quot;weekend\&quot;:\&quot;/${locale}/temps/week-end/l/${locId}\&quot;,\&quot;yesterday\&quot;:\&quot;//www.wunderground.com/history/daily/${locId}/yesterday\&quot;}},\&quot;fr-FR\&quot;:{\&quot;wxu-urls\&quot;:{\&quot;airQuality\&quot;:\&quot;/${locale}/forecast/air-quality/l/${locId}\&quot;,\&quot;alertDetails\&quot;:\&quot;/${locale}/weather/alerts/localalerts/l/${locId}\&quot;,\&quot;alerts\&quot;:\&quot;/${locale}/weather/alerts/localalerts/l/${locId}\&quot;,\&quot;allergy\&quot;:\&quot;/${locale}/forecast/allergy/l/${locId}\&quot;,\&quot;apps\&quot;:\&quot;/${locale}/${collectionId}/${assetName}\&quot;,\&quot;article\&quot;:\&quot;/${locale}/${collectionId}/news/${articleTitle}\&quot;,\&quot;betterDecisions\&quot;:\&quot;/mission\&quot;,\&quot;boatBeach\&quot;:\&quot;/${locale}/forecast/boat-beach/l/${locId}\&quot;,\&quot;breathing\&quot;:\&quot;/${locale}/forecast/breathing/l/${locId}\&quot;,\&quot;callforcode\&quot;:\&quot;/callforcode\&quot;,\&quot;christmasCountdown\&quot;:\&quot;/forecast/christmas-countdown/l/${locId}\&quot;,\&quot;coldFlu\&quot;:\&quot;/${locale}/forecast/cold-flu/l/${locId}\&quot;,\&quot;covid19\&quot;:\&quot;/${locale}/coronavirus/l/${locId}\&quot;,\&quot;covid19map\&quot;:\&quot;/${locale}/coronavirus/map/l/${locId}\&quot;,\&quot;dataDefinitions\&quot;:\&quot;/${locale}/d\u00E9finitions des donn\u00E9es\&quot;,\&quot;dataInventory\&quot;:\&quot;/${locale}/data-inventory\&quot;,\&quot;dataPartners\&quot;:\&quot;/${locale}/data-partners\&quot;,\&quot;dataRights\&quot;:\&quot;/${locale}/droits sur les donn\u00E9es\&quot;,\&quot;farming\&quot;:\&quot;/${locale}/forecast/agriculture/l/${locId}\&quot;,\&quot;fishing\&quot;:\&quot;/${locale}/forecast/fishing/l/${locId}\&quot;,\&quot;fiveday\&quot;:\&quot;/${locale}/temps/5jours/l/${locId}\&quot;,\&quot;goRun\&quot;:\&quot;/${locale}/forecast/gorun/l/${locId}\&quot;,\&quot;home\&quot;:\&quot;/${locale}\&quot;,\&quot;hourly\&quot;:\&quot;/${locale}/temps/parheure/l/${locId}\&quot;,\&quot;interactiveMap\&quot;:\&quot;/${locale}/temps/cartes/interactive/l/${locId}\&quot;,\&quot;legal\&quot;:\&quot;/${locale}/${collectionId}/${assetName}\&quot;,\&quot;maps\&quot;:\&quot;/maps/${collectionId}\&quot;,\&quot;memberSettings\&quot;:\&quot;/${locale}/member/settings\&quot;,\&quot;memorialdayCountdown\&quot;:\&quot;/forecast/memorial-day-countdown/l/${locId}\&quot;,\&quot;mlbCountdown\&quot;:\&quot;/${locale}/forecast/opening-day-countdown/l/${locId}\&quot;,\&quot;monthly\&quot;:\&quot;/${locale}/temps/mensuel/l/${locId}\&quot;,\&quot;notification\&quot;:\&quot;/${locale}/life/manage-notifications\&quot;,\&quot;premiumOnboarding\&quot;:\&quot;/premium/onboarding\&quot;,\&quot;privacyPolicyDirectory\&quot;:\&quot;/${locale}/privacy-policy-directory\&quot;,\&quot;privacySettings\&quot;:\&quot;/${locale}/privacy-settings\&quot;,\&quot;radar\&quot;:\&quot;/${locale}/weather/radar/interactive/l/${locId}\&quot;,\&quot;rss\&quot;:\&quot;/rss\&quot;,\&quot;search\&quot;:\&quot;/${locale}/search/enhancedlocalsearch\&quot;,\&quot;ski\&quot;:\&quot;/${locale}/forecast/ski/l/${locId}\&quot;,\&quot;slideshows\&quot;:\&quot;/${locale}/slideshows\&quot;,\&quot;tenday\&quot;:\&quot;/${locale}/temps/10jours/l/${locId}\&quot;,\&quot;testUrl\&quot;:\&quot;/${locale}/weather/testUrl\&quot;,\&quot;thanksgivingCountdown\&quot;:\&quot;/forecast/thanksgiving-countdown/l/${locId}\&quot;,\&quot;today\&quot;:\&quot;/${locale}/temps/aujour/l/${locId}\&quot;,\&quot;unsubscribe\&quot;:\&quot;/${locale}/life/alerts/unsubscribe\&quot;,\&quot;video\&quot;:\&quot;/${locale}/${collectionId}/video/${videoTitle}\&quot;,\&quot;weekend\&quot;:\&quot;/${locale}/temps/week-end/l/${locId}\&quot;,\&quot;yesterday\&quot;:\&quot;//www.wunderground.com/history/daily/${locId}/yesterday\&quot;}},\&quot;gu-IN\&quot;:{\&quot;wxu-urls\&quot;:{\&quot;airQuality\&quot;:\&quot;/${locale}/forecast/air-quality/l/${locId}\&quot;,\&quot;alertDetails\&quot;:\&quot;/${locale}/weather/alerts/localalerts/l/${locId}\&quot;,\&quot;alerts\&quot;:\&quot;/${locale}/weather/alerts/localalerts/l/${locId}\&quot;,\&quot;allergy\&quot;:\&quot;/${locale}/forecast/allergy/l/${locId}\&quot;,\&quot;apps\&quot;:\&quot;/${locale}/${collectionId}/${assetName}\&quot;,\&quot;article\&quot;:\&quot;/${locale}/${collectionId}/news/${articleTitle}\&quot;,\&quot;betterDecisions\&quot;:\&quot;/mission\&quot;,\&quot;boatBeach\&quot;:\&quot;/${locale}/forecast/boat-beach/l/${locId}\&quot;,\&quot;breathing\&quot;:\&quot;/${locale}/forecast/breathing/l/${locId}\&quot;,\&quot;callforcode\&quot;:\&quot;/callforcode\&quot;,\&quot;christmasCountdown\&quot;:\&quot;/forecast/christmas-countdown/l/${locId}\&quot;,\&quot;coldFlu\&quot;:\&quot;/${locale}/forecast/cold-flu/l/${locId}\&quot;,\&quot;covid19\&quot;:\&quot;/${locale}/coronavirus/l/${locId}\&quot;,\&quot;covid19map\&quot;:\&quot;/${locale}/coronavirus/map/l/${locId}\&quot;,\&quot;dataDefinitions\&quot;:\&quot;/${locale}/data-definitions\&quot;,\&quot;dataInventory\&quot;:\&quot;/${locale}/data-inventory\&quot;,\&quot;dataPartners\&quot;:\&quot;/${locale}/data-partners\&quot;,\&quot;dataRights\&quot;:\&quot;/${locale}/data-rights\&quot;,\&quot;farming\&quot;:\&quot;/${locale}/forecast/agriculture/l/${locId}\&quot;,\&quot;fishing\&quot;:\&quot;/${locale}/forecast/fishing/l/${locId}\&quot;,\&quot;fiveday\&quot;:\&quot;/${locale}/weather/5day/l/${locId}\&quot;,\&quot;goRun\&quot;:\&quot;/${locale}/forecast/gorun/l/${locId}\&quot;,\&quot;home\&quot;:\&quot;/${locale}\&quot;,\&quot;hourly\&quot;:\&quot;/${locale}/weather/hourbyhour/l/${locId}\&quot;,\&quot;interactiveMap\&quot;:\&quot;/${locale}/weather/maps/interactive/l/${locId}\&quot;,\&quot;legal\&quot;:\&quot;/${locale}/${collectionId}/${assetName}\&quot;,\&quot;maps\&quot;:\&quot;/maps/${collectionId}\&quot;,\&quot;memberSettings\&quot;:\&quot;/${locale}/member/settings\&quot;,\&quot;memorialdayCountdown\&quot;:\&quot;/forecast/memorial-day-countdown/l/${locId}\&quot;,\&quot;mlbCountdown\&quot;:\&quot;/${locale}/forecast/opening-day-countdown/l/${locId}\&quot;,\&quot;monthly\&quot;:\&quot;/${locale}/weather/monthly/l/${locId}\&quot;,\&quot;notification\&quot;:\&quot;/${locale}/life/manage-notifications\&quot;,\&quot;premiumOnboarding\&quot;:\&quot;/premium/onboarding\&quot;,\&quot;privacyPolicyDirectory\&quot;:\&quot;/${locale}/privacy-policy-directory\&quot;,\&quot;privacySettings\&quot;:\&quot;/${locale}/privacy-settings\&quot;,\&quot;radar\&quot;:\&quot;/${locale}/weather/radar/interactive/l/${locId}\&quot;,\&quot;rss\&quot;:\&quot;/rss\&quot;,\&quot;search\&quot;:\&quot;/${locale}/search/enhancedlocalsearch\&quot;,\&quot;ski\&quot;:\&quot;/${locale}/forecast/ski/l/${locId}\&quot;,\&quot;slideshows\&quot;:\&quot;/${locale}/slideshows\&quot;,\&quot;tenday\&quot;:\&quot;/${locale}/weather/tenday/l/${locId}\&quot;,\&quot;testUrl\&quot;:\&quot;/${locale}/weather/testUrl\&quot;,\&quot;thanksgivingCountdown\&quot;:\&quot;/forecast/thanksgiving-countdown/l/${locId}\&quot;,\&quot;today\&quot;:\&quot;/${locale}/weather/today/l/${locId}\&quot;,\&quot;unsubscribe\&quot;:\&quot;/${locale}/life/alerts/unsubscribe\&quot;,\&quot;video\&quot;:\&quot;/${locale}/${collectionId}/video/${videoTitle}\&quot;,\&quot;weekend\&quot;:\&quot;/${locale}/weather/weekend/l/${locId}\&quot;,\&quot;yesterday\&quot;:\&quot;//www.wunderground.com/history/daily/${locId}/yesterday\&quot;}},\&quot;he-IL\&quot;:{\&quot;wxu-urls\&quot;:{\&quot;airQuality\&quot;:\&quot;/${locale}/forecast/air-quality/l/${locId}\&quot;,\&quot;alertDetails\&quot;:\&quot;/${locale}/weather/alerts/localalerts/l/${locId}\&quot;,\&quot;alerts\&quot;:\&quot;/${locale}/weather/alerts/localalerts/l/${locId}\&quot;,\&quot;allergy\&quot;:\&quot;/${locale}/forecast/allergy/l/${locId}\&quot;,\&quot;apps\&quot;:\&quot;/${locale}/${collectionId}/${assetName}\&quot;,\&quot;article\&quot;:\&quot;/${locale}/${collectionId}/news/${articleTitle}\&quot;,\&quot;betterDecisions\&quot;:\&quot;/\u05DE\u05E9\u05D9\u05DE\u05D4\&quot;,\&quot;boatBeach\&quot;:\&quot;/${locale}/forecast/boat-beach/l/${locId}\&quot;,\&quot;breathing\&quot;:\&quot;/${locale}/forecast/breathing/l/${locId}\&quot;,\&quot;callforcode\&quot;:\&quot;/callforcode\&quot;,\&quot;christmasCountdown\&quot;:\&quot;/forecast/christmas-countdown/l/${locId}\&quot;,\&quot;coldFlu\&quot;:\&quot;/${locale}/forecast/cold-flu/l/${locId}\&quot;,\&quot;covid19\&quot;:\&quot;/ ${locale} / coronavirus / l / ${locId}\&quot;,\&quot;covid19map\&quot;:\&quot;/ ${locale} / coronavirus / map / l / ${locId}\&quot;,\&quot;dataDefinitions\&quot;:\&quot;/ ${locale} / \u05D4\u05D2\u05D3\u05E8\u05D5\u05EA \u05E0\u05EA\u05D5\u05E0\u05D9\u05DD\&quot;,\&quot;dataInventory\&quot;:\&quot;/${locale}/data-inventory\&quot;,\&quot;dataPartners\&quot;:\&quot;/${locale}/data-partners\&quot;,\&quot;dataRights\&quot;:\&quot;/ ${locale} / \u05D6\u05DB\u05D5\u05D9\u05D5\u05EA \u05E0\u05EA\u05D5\u05E0\u05D9\u05DD\&quot;,\&quot;farming\&quot;:\&quot;/${locale}/forecast/agriculture/l/${locId}\&quot;,\&quot;fishing\&quot;:\&quot;/${locale}/forecast/fishing/l/${locId}\&quot;,\&quot;fiveday\&quot;:\&quot;/${locale}/weather/5day/l/${locId}\&quot;,\&quot;goRun\&quot;:\&quot;/${locale}/forecast/gorun/l/${locId}\&quot;,\&quot;home\&quot;:\&quot;/${locale}\&quot;,\&quot;hourly\&quot;:\&quot;/${locale}/weather/hourbyhour/l/${locId}\&quot;,\&quot;interactiveMap\&quot;:\&quot;/${locale}/weather/radar/interactive/l/${locId}\&quot;,\&quot;legal\&quot;:\&quot;/${locale}/${collectionId}/${assetName}\&quot;,\&quot;maps\&quot;:\&quot;/maps/${collectionId}\&quot;,\&quot;memberSettings\&quot;:\&quot;/${locale}/member/settings\&quot;,\&quot;memorialdayCountdown\&quot;:\&quot;/forecast/memorial-day-countdown/l/${locId}\&quot;,\&quot;mlbCountdown\&quot;:\&quot;/${locale}/forecast/opening-day-countdown/l/${locId}\&quot;,\&quot;monthly\&quot;:\&quot;/${locale}/weather/monthly/l/${locId}\&quot;,\&quot;notification\&quot;:\&quot;/${locale}/life/manage-notifications\&quot;,\&quot;premiumOnboarding\&quot;:\&quot;/premium/onboarding\&quot;,\&quot;privacyPolicyDirectory\&quot;:\&quot;/${locale}/privacy-policy-directory\&quot;,\&quot;privacySettings\&quot;:\&quot;/${locale}/privacy-settings\&quot;,\&quot;radar\&quot;:\&quot;/${locale}/weather/radar/interactive/l/${locId}\&quot;,\&quot;rss\&quot;:\&quot;/rss\&quot;,\&quot;search\&quot;:\&quot;/${locale}/search/enhancedlocalsearch\&quot;,\&quot;ski\&quot;:\&quot;/${locale}/forecast/ski/l/${locId}\&quot;,\&quot;slideshows\&quot;:\&quot;/${locale}/slideshows\&quot;,\&quot;tenday\&quot;:\&quot;/${locale}/weather/tenday/l/${locId}\&quot;,\&quot;testUrl\&quot;:\&quot;/${locale}/weather/testUrl\&quot;,\&quot;thanksgivingCountdown\&quot;:\&quot;/forecast/thanksgiving-countdown/l/${locId}\&quot;,\&quot;today\&quot;:\&quot;/${locale}/weather/today/l/${locId}\&quot;,\&quot;unsubscribe\&quot;:\&quot;/${locale}/life/alerts/unsubscribe\&quot;,\&quot;video\&quot;:\&quot;/${locale}/${collectionId}/video/${videoTitle}\&quot;,\&quot;weekend\&quot;:\&quot;/${locale}/weather/weekend/l/${locId}\&quot;,\&quot;yesterday\&quot;:\&quot;//www.wunderground.com/history/daily/${locId}/yesterday\&quot;}},\&quot;hi-IN\&quot;:{\&quot;wxu-urls\&quot;:{\&quot;airQuality\&quot;:\&quot;/${locale}/forecast/air-quality/l/${locId}\&quot;,\&quot;alertDetails\&quot;:\&quot;/${locale}/weather/alerts/localalerts/l/${locId}\&quot;,\&quot;alerts\&quot;:\&quot;/${locale}/weather/alerts/localalerts/l/${locId}\&quot;,\&quot;allergy\&quot;:\&quot;/${locale}/forecast/allergy/l/${locId}\&quot;,\&quot;apps\&quot;:\&quot;/${locale}/${collectionId}/${assetName}\&quot;,\&quot;article\&quot;:\&quot;/${locale}/${collectionId}/news/${articleTitle}\&quot;,\&quot;betterDecisions\&quot;:\&quot;/mission\&quot;,\&quot;boatBeach\&quot;:\&quot;/${locale}/forecast/boat-beach/l/${locId}\&quot;,\&quot;breathing\&quot;:\&quot;/${locale}/forecast/breathing/l/${locId}\&quot;,\&quot;callforcode\&quot;:\&quot;/callforcode\&quot;,\&quot;christmasCountdown\&quot;:\&quot;/forecast/christmas-countdown/l/${locId}\&quot;,\&quot;coldFlu\&quot;:\&quot;/${locale}/forecast/cold-flu/l/${locId}\&quot;,\&quot;covid19\&quot;:\&quot;/${locale}/coronavirus/l/${locId}\&quot;,\&quot;covid19map\&quot;:\&quot;/${locale}/coronavirus/map/l/${locId}\&quot;,\&quot;dataDefinitions\&quot;:\&quot;/${locale}/data-definitions\&quot;,\&quot;dataInventory\&quot;:\&quot;/${locale}/data-inventory\&quot;,\&quot;dataPartners\&quot;:\&quot;/${locale}/data-partners\&quot;,\&quot;dataRights\&quot;:\&quot;/${locale}/data-rights\&quot;,\&quot;farming\&quot;:\&quot;/${locale}/forecast/agriculture/l/${locId}\&quot;,\&quot;fishing\&quot;:\&quot;/${locale}/forecast/fishing/l/${locId}\&quot;,\&quot;fiveday\&quot;:\&quot;/${locale}/weather/5day/l/${locId}\&quot;,\&quot;goRun\&quot;:\&quot;/${locale}/forecast/gorun/l/${locId}\&quot;,\&quot;home\&quot;:\&quot;/${locale}\&quot;,\&quot;hourly\&quot;:\&quot;/${locale}/weather/hourbyhour/l/${locId}\&quot;,\&quot;interactiveMap\&quot;:\&quot;/${locale}/weather/radar/interactive/l/${locId}\&quot;,\&quot;legal\&quot;:\&quot;/${locale}/${collectionId}/${assetName}\&quot;,\&quot;maps\&quot;:\&quot;/maps/${collectionId}\&quot;,\&quot;memberSettings\&quot;:\&quot;/${locale}/member/settings\&quot;,\&quot;memorialdayCountdown\&quot;:\&quot;/forecast/memorial-day-countdown/l/${locId}\&quot;,\&quot;mlbCountdown\&quot;:\&quot;/${locale}/forecast/opening-day-countdown/l/${locId}\&quot;,\&quot;monthly\&quot;:\&quot;/${locale}/weather/monthly/l/${locId}\&quot;,\&quot;notification\&quot;:\&quot;/${locale}/life/manage-notifications\&quot;,\&quot;premiumOnboarding\&quot;:\&quot;/premium/onboarding\&quot;,\&quot;privacyPolicyDirectory\&quot;:\&quot;/${locale}/privacy-policy-directory\&quot;,\&quot;privacySettings\&quot;:\&quot;/${locale}/privacy-settings\&quot;,\&quot;radar\&quot;:\&quot;/${locale}/weather/radar/interactive/l/${locId}\&quot;,\&quot;rss\&quot;:\&quot;/rss\&quot;,\&quot;search\&quot;:\&quot;/${locale}/search/enhancedlocalsearch\&quot;,\&quot;ski\&quot;:\&quot;/${locale}/forecast/ski/l/${locId}\&quot;,\&quot;slideshows\&quot;:\&quot;/${locale}/slideshows\&quot;,\&quot;tenday\&quot;:\&quot;/${locale}/weather/tenday/l/${locId}\&quot;,\&quot;testUrl\&quot;:\&quot;/${locale}/weather/testUrl\&quot;,\&quot;thanksgivingCountdown\&quot;:\&quot;/forecast/thanksgiving-countdown/l/${locId}\&quot;,\&quot;today\&quot;:\&quot;/${locale}/weather/today/l/${locId}\&quot;,\&quot;unsubscribe\&quot;:\&quot;/${locale}/life/alerts/unsubscribe\&quot;,\&quot;video\&quot;:\&quot;/${locale}/${collectionId}/video/${videoTitle}\&quot;,\&quot;weekend\&quot;:\&quot;/${locale}/weather/weekend/l/${locId}\&quot;,\&quot;yesterday\&quot;:\&quot;//www.wunderground.com/history/daily/${locId}/yesterday\&quot;}},\&quot;hr-HR\&quot;:{\&quot;wxu-urls\&quot;:{\&quot;airQuality\&quot;:\&quot;/${locale}/forecast/air-quality/l/${locId}\&quot;,\&quot;alertDetails\&quot;:\&quot;/${locale}/weather/alerts/localalerts/l/${locId}\&quot;,\&quot;alerts\&quot;:\&quot;/${locale}/weather/alerts/localalerts/l/${locId}\&quot;,\&quot;allergy\&quot;:\&quot;/${locale}/forecast/allergy/l/${locId}\&quot;,\&quot;apps\&quot;:\&quot;/${locale}/${collectionId}/${assetName}\&quot;,\&quot;article\&quot;:\&quot;/${locale}/${collectionId}/news/${articleTitle}\&quot;,\&quot;betterDecisions\&quot;:\&quot;/mission\&quot;,\&quot;boatBeach\&quot;:\&quot;/${locale}/forecast/boat-beach/l/${locId}\&quot;,\&quot;breathing\&quot;:\&quot;/${locale}/forecast/breathing/l/${locId}\&quot;,\&quot;callforcode\&quot;:\&quot;/callforcode\&quot;,\&quot;christmasCountdown\&quot;:\&quot;/forecast/christmas-countdown/l/${locId}\&quot;,\&quot;coldFlu\&quot;:\&quot;/${locale}/forecast/cold-flu/l/${locId}\&quot;,\&quot;covid19\&quot;:\&quot;/${locale}/coronavirus/l/${locId}\&quot;,\&quot;covid19map\&quot;:\&quot;/${locale}/coronavirus/map/l/${locId}\&quot;,\&quot;dataDefinitions\&quot;:\&quot;/${locale}/data-definitions\&quot;,\&quot;dataInventory\&quot;:\&quot;/${locale}/data-inventory\&quot;,\&quot;dataPartners\&quot;:\&quot;/${locale}/data-partners\&quot;,\&quot;dataRights\&quot;:\&quot;/${locale}/data-rights\&quot;,\&quot;farming\&quot;:\&quot;/${locale}/forecast/agriculture/l/${locId}\&quot;,\&quot;fishing\&quot;:\&quot;/${locale}/forecast/fishing/l/${locId}\&quot;,\&quot;fiveday\&quot;:\&quot;/${locale}/vrijeme/5dana/l/${locId}\&quot;,\&quot;goRun\&quot;:\&quot;/${locale}/forecast/gorun/l/${locId}\&quot;,\&quot;home\&quot;:\&quot;/${locale}\&quot;,\&quot;hourly\&quot;:\&quot;/${locale}/vrijeme/satu/l/${locId}\&quot;,\&quot;interactiveMap\&quot;:\&quot;/${locale}/vrijeme/karte/interactive/l/${locId}\&quot;,\&quot;legal\&quot;:\&quot;/${locale}/${collectionId}/${assetName}\&quot;,\&quot;maps\&quot;:\&quot;/maps/${collectionId}\&quot;,\&quot;memberSettings\&quot;:\&quot;/${locale}/member/settings\&quot;,\&quot;memorialdayCountdown\&quot;:\&quot;/forecast/memorial-day-countdown/l/${locId}\&quot;,\&quot;mlbCountdown\&quot;:\&quot;/${locale}/forecast/opening-day-countdown/l/${locId}\&quot;,\&quot;monthly\&quot;:\&quot;/${locale}/vrijeme/mjesecno/l/${locId}\&quot;,\&quot;notification\&quot;:\&quot;/${locale}/life/manage-notifications\&quot;,\&quot;premiumOnboarding\&quot;:\&quot;/premium/onboarding\&quot;,\&quot;privacyPolicyDirectory\&quot;:\&quot;/${locale}/privacy-policy-directory\&quot;,\&quot;privacySettings\&quot;:\&quot;/${locale}/privacy-settings\&quot;,\&quot;radar\&quot;:\&quot;/${locale}/vrijeme/karte/interaktivno/l/${locId}\&quot;,\&quot;rss\&quot;:\&quot;/rss\&quot;,\&quot;search\&quot;:\&quot;/${locale}/search/enhancedlocalsearch\&quot;,\&quot;ski\&quot;:\&quot;/${locale}/forecast/ski/l/${locId}\&quot;,\&quot;slideshows\&quot;:\&quot;/${locale}/slideshows\&quot;,\&quot;tenday\&quot;:\&quot;/${locale}/vrijeme/10dana/l/${locId}\&quot;,\&quot;testUrl\&quot;:\&quot;/${locale}/weather/testUrl\&quot;,\&quot;thanksgivingCountdown\&quot;:\&quot;/forecast/thanksgiving-countdown/l/${locId}\&quot;,\&quot;today\&quot;:\&quot;/${locale}/vrijeme/danas/l/${locId}\&quot;,\&quot;unsubscribe\&quot;:\&quot;/${locale}/life/alerts/unsubscribe\&quot;,\&quot;video\&quot;:\&quot;/${locale}/${collectionId}/video/${videoTitle}\&quot;,\&quot;weekend\&quot;:\&quot;/${locale}/vrijeme/vikend/l/${locId}\&quot;,\&quot;yesterday\&quot;:\&quot;//www.wunderground.com/history/daily/${locId}/yesterday\&quot;}},\&quot;hu-HU\&quot;:{\&quot;wxu-urls\&quot;:{\&quot;airQuality\&quot;:\&quot;/${locale}/forecast/air-quality/l/${locId}\&quot;,\&quot;alertDetails\&quot;:\&quot;/${locale}/weather/alerts/localalerts/l/${locId}\&quot;,\&quot;alerts\&quot;:\&quot;/${locale}/weather/alerts/localalerts/l/${locId}\&quot;,\&quot;allergy\&quot;:\&quot;/${locale}/forecast/allergy/l/${locId}\&quot;,\&quot;apps\&quot;:\&quot;/${locale}/${collectionId}/${assetName}\&quot;,\&quot;article\&quot;:\&quot;/${locale}/${collectionId}/news/${articleTitle}\&quot;,\&quot;betterDecisions\&quot;:\&quot;/k\u00FCldet\u00E9s\&quot;,\&quot;boatBeach\&quot;:\&quot;/${locale}/forecast/boat-beach/l/${locId}\&quot;,\&quot;breathing\&quot;:\&quot;/${locale}/forecast/breathing/l/${locId}\&quot;,\&quot;callforcode\&quot;:\&quot;/callforcode\&quot;,\&quot;christmasCountdown\&quot;:\&quot;/forecast/christmas-countdown/l/${locId}\&quot;,\&quot;coldFlu\&quot;:\&quot;/${locale}/forecast/cold-flu/l/${locId}\&quot;,\&quot;covid19\&quot;:\&quot;/${locale}/coronavirus/l/${locId}\&quot;,\&quot;covid19map\&quot;:\&quot;/${locale}/coronavirus/map/l/${locId}\&quot;,\&quot;dataDefinitions\&quot;:\&quot;/${locale}/adatokkal-kapcsolatos-meghat\u00E1roz\u00E1sok\&quot;,\&quot;dataInventory\&quot;:\&quot;/${locale}/data-inventory\&quot;,\&quot;dataPartners\&quot;:\&quot;/${locale}/adatpartnerek\&quot;,\&quot;dataRights\&quot;:\&quot;/${locale}/adatokkal-kapcsolatos-jogok\&quot;,\&quot;farming\&quot;:\&quot;/${locale}/forecast/agriculture/l/${locId}\&quot;,\&quot;fishing\&quot;:\&quot;/${locale}/forecast/fishing/l/${locId}\&quot;,\&quot;fiveday\&quot;:\&quot;/${locale}/idojaras/5nap/l/${locId}\&quot;,\&quot;goRun\&quot;:\&quot;/${locale}/forecast/gorun/l/${locId}\&quot;,\&quot;home\&quot;:\&quot;/${locale}\&quot;,\&quot;hourly\&quot;:\&quot;/${locale}/idojaras/orankent/l/${locId}\&quot;,\&quot;interactiveMap\&quot;:\&quot;/${locale}/idojaras/terkepek/interactive/l/${locId}\&quot;,\&quot;legal\&quot;:\&quot;/${locale}/${collectionId}/${assetName}\&quot;,\&quot;maps\&quot;:\&quot;/maps/${collectionId}\&quot;,\&quot;memberSettings\&quot;:\&quot;/${locale}/member/settings\&quot;,\&quot;memorialdayCountdown\&quot;:\&quot;/forecast/memorial-day-countdown/l/${locId}\&quot;,\&quot;mlbCountdown\&quot;:\&quot;/${locale}/forecast/opening-day-countdown/l/${locId}\&quot;,\&quot;monthly\&quot;:\&quot;/${locale}/idojaras/havi/l/${locId}\&quot;,\&quot;notification\&quot;:\&quot;/${locale}/life/manage-notifications\&quot;,\&quot;premiumOnboarding\&quot;:\&quot;/premium/onboarding\&quot;,\&quot;privacyPolicyDirectory\&quot;:\&quot;/${locale}/privacy-policy-directory\&quot;,\&quot;privacySettings\&quot;:\&quot;/${locale}/privacy-settings\&quot;,\&quot;radar\&quot;:\&quot;/${locale}/idojaras/terkepek/interactive/l/${locId}\&quot;,\&quot;rss\&quot;:\&quot;/rss\&quot;,\&quot;search\&quot;:\&quot;/${locale}/search/enhancedlocalsearch\&quot;,\&quot;ski\&quot;:\&quot;/${locale}/forecast/ski/l/${locId}\&quot;,\&quot;slideshows\&quot;:\&quot;/${locale}/slideshows\&quot;,\&quot;tenday\&quot;:\&quot;/${locale}/idojaras/10nap/l/${locId}\&quot;,\&quot;testUrl\&quot;:\&quot;/${locale}/weather/testUrl\&quot;,\&quot;thanksgivingCountdown\&quot;:\&quot;/forecast/thanksgiving-countdown/l/${locId}\&quot;,\&quot;today\&quot;:\&quot;/${locale}/idojaras/ma/l/${locId}\&quot;,\&quot;unsubscribe\&quot;:\&quot;/${locale}/life/alerts/unsubscribe\&quot;,\&quot;video\&quot;:\&quot;/${locale}/${collectionId}/video/${videoTitle}\&quot;,\&quot;weekend\&quot;:\&quot;/${locale}/idojaras/hetvege/l/${locId}\&quot;,\&quot;yesterday\&quot;:\&quot;//www.wunderground.com/history/daily/${locId}/yesterday\&quot;}},\&quot;id-ID\&quot;:{\&quot;wxu-urls\&quot;:{\&quot;airQuality\&quot;:\&quot;/${locale}/forecast/air-quality/l/${locId}\&quot;,\&quot;alertDetails\&quot;:\&quot;/${locale}/weather/alerts/localalerts/l/${locId}\&quot;,\&quot;alerts\&quot;:\&quot;/${locale}/weather/alerts/localalerts/l/${locId}\&quot;,\&quot;allergy\&quot;:\&quot;/${locale}/forecast/allergy/l/${locId}\&quot;,\&quot;apps\&quot;:\&quot;/${locale}/${collectionId}/${assetName}\&quot;,\&quot;article\&quot;:\&quot;/${locale}/${collectionId}/news/${articleTitle}\&quot;,\&quot;betterDecisions\&quot;:\&quot;/mission\&quot;,\&quot;boatBeach\&quot;:\&quot;/${locale}/forecast/boat-beach/l/${locId}\&quot;,\&quot;breathing\&quot;:\&quot;/${locale}/forecast/breathing/l/${locId}\&quot;,\&quot;callforcode\&quot;:\&quot;/callforcode\&quot;,\&quot;christmasCountdown\&quot;:\&quot;/forecast/christmas-countdown/l/${locId}\&quot;,\&quot;coldFlu\&quot;:\&quot;/${locale}/forecast/cold-flu/l/${locId}\&quot;,\&quot;covid19\&quot;:\&quot;/${locale}/coronavirus/l/${locId}\&quot;,\&quot;covid19map\&quot;:\&quot;/${locale}/coronavirus/map/l/${locId}\&quot;,\&quot;dataDefinitions\&quot;:\&quot;/${locale}/data-definitions\&quot;,\&quot;dataInventory\&quot;:\&quot;/${locale}/data-inventory\&quot;,\&quot;dataPartners\&quot;:\&quot;/${locale}/data-partners\&quot;,\&quot;dataRights\&quot;:\&quot;/${locale}/data-rights\&quot;,\&quot;farming\&quot;:\&quot;/${locale}/forecast/agriculture/l/${locId}\&quot;,\&quot;fishing\&quot;:\&quot;/${locale}/forecast/fishing/l/${locId}\&quot;,\&quot;fiveday\&quot;:\&quot;/${locale}/cuaca/5hari/l/${locId}\&quot;,\&quot;goRun\&quot;:\&quot;/${locale}/forecast/gorun/l/${locId}\&quot;,\&quot;home\&quot;:\&quot;/${locale}\&quot;,\&quot;hourly\&quot;:\&quot;/${locale}/cuaca/tiapjam/l/${locId}\&quot;,\&quot;interactiveMap\&quot;:\&quot;/${locale}/cuaca/peta/interactive/l/${locId}\&quot;,\&quot;legal\&quot;:\&quot;/${locale}/${collectionId}/${assetName}\&quot;,\&quot;maps\&quot;:\&quot;/maps/${collectionId}\&quot;,\&quot;memberSettings\&quot;:\&quot;/${locale}/member/settings\&quot;,\&quot;memorialdayCountdown\&quot;:\&quot;/forecast/memorial-day-countdown/l/${locId}\&quot;,\&quot;mlbCountdown\&quot;:\&quot;/${locale}/forecast/opening-day-countdown/l/${locId}\&quot;,\&quot;monthly\&quot;:\&quot;/${locale}/cuaca/bulanan/l/${locId}\&quot;,\&quot;notification\&quot;:\&quot;/${locale}/life/manage-notifications\&quot;,\&quot;premiumOnboarding\&quot;:\&quot;/premium/onboarding\&quot;,\&quot;privacyPolicyDirectory\&quot;:\&quot;/${locale}/privacy-policy-directory\&quot;,\&quot;privacySettings\&quot;:\&quot;/${locale}/privacy-settings\&quot;,\&quot;radar\&quot;:\&quot;/${locale}/cuaca/peta/interactive/l/${locId}\&quot;,\&quot;rss\&quot;:\&quot;/rss\&quot;,\&quot;search\&quot;:\&quot;/${locale}/search/enhancedlocalsearch\&quot;,\&quot;ski\&quot;:\&quot;/${locale}/forecast/ski/l/${locId}\&quot;,\&quot;slideshows\&quot;:\&quot;/${locale}/slideshows\&quot;,\&quot;tenday\&quot;:\&quot;/${locale}/cuaca/10hari/l/${locId}\&quot;,\&quot;testUrl\&quot;:\&quot;/${locale}/weather/testUrl\&quot;,\&quot;thanksgivingCountdown\&quot;:\&quot;/forecast/thanksgiving-countdown/l/${locId}\&quot;,\&quot;today\&quot;:\&quot;/${locale}/cuaca/sekarang/l/${locId}\&quot;,\&quot;unsubscribe\&quot;:\&quot;/${locale}/life/alerts/unsubscribe\&quot;,\&quot;video\&quot;:\&quot;/${locale}/${collectionId}/video/${videoTitle}\&quot;,\&quot;weekend\&quot;:\&quot;/${locale}/cuaca/akhirpekan/l/${locId}\&quot;,\&quot;yesterday\&quot;:\&quot;//www.wunderground.com/history/daily/${locId}/yesterday\&quot;}},\&quot;is-IS\&quot;:{\&quot;wxu-urls\&quot;:{\&quot;airQuality\&quot;:\&quot;/${locale}/forecast/air-quality/l/${locId}\&quot;,\&quot;alertDetails\&quot;:\&quot;/${locale}/weather/alerts/localalerts/l/${locId}\&quot;,\&quot;alerts\&quot;:\&quot;/${locale}/weather/alerts/localalerts/l/${locId}\&quot;,\&quot;allergy\&quot;:\&quot;/${locale}/forecast/allergy/l/${locId}\&quot;,\&quot;apps\&quot;:\&quot;/${locale}/${collectionId}/${assetName}\&quot;,\&quot;article\&quot;:\&quot;/${locale}/${collectionId}/news/${articleTitle}\&quot;,\&quot;betterDecisions\&quot;:\&quot;/mission\&quot;,\&quot;boatBeach\&quot;:\&quot;/${locale}/forecast/boat-beach/l/${locId}\&quot;,\&quot;breathing\&quot;:\&quot;/${locale}/forecast/breathing/l/${locId}\&quot;,\&quot;callforcode\&quot;:\&quot;/callforcode\&quot;,\&quot;christmasCountdown\&quot;:\&quot;/forecast/christmas-countdown/l/${locId}\&quot;,\&quot;coldFlu\&quot;:\&quot;/${locale}/forecast/cold-flu/l/${locId}\&quot;,\&quot;covid19\&quot;:\&quot;/${locale}/coronavirus/l/${locId}\&quot;,\&quot;covid19map\&quot;:\&quot;/${locale}/coronavirus/map/l/${locId}\&quot;,\&quot;dataDefinitions\&quot;:\&quot;/${locale}/data-definitions\&quot;,\&quot;dataInventory\&quot;:\&quot;/${locale}/data-inventory\&quot;,\&quot;dataPartners\&quot;:\&quot;/${locale}/data-partners\&quot;,\&quot;dataRights\&quot;:\&quot;/${locale}/data-rights\&quot;,\&quot;farming\&quot;:\&quot;/${locale}/forecast/agriculture/l/${locId}\&quot;,\&quot;fishing\&quot;:\&quot;/${locale}/forecast/fishing/l/${locId}\&quot;,\&quot;fiveday\&quot;:\&quot;/${locale}/vedur/5dagar/l/${locId}\&quot;,\&quot;goRun\&quot;:\&quot;/${locale}/forecast/gorun/l/${locId}\&quot;,\&quot;home\&quot;:\&quot;/${locale}\&quot;,\&quot;hourly\&quot;:\&quot;/${locale}/vedur/eftirklst/l/${locId}\&quot;,\&quot;interactiveMap\&quot;:\&quot;/${locale}/vedur/kort/gagnvirkt/l/${locId}\&quot;,\&quot;legal\&quot;:\&quot;/${locale}/${collectionId}/${assetName}\&quot;,\&quot;maps\&quot;:\&quot;/maps/${collectionId}\&quot;,\&quot;memberSettings\&quot;:\&quot;/${locale}/member/settings\&quot;,\&quot;memorialdayCountdown\&quot;:\&quot;/forecast/memorial-day-countdown/l/${locId}\&quot;,\&quot;mlbCountdown\&quot;:\&quot;/${locale}/forecast/opening-day-countdown/l/${locId}\&quot;,\&quot;monthly\&quot;:\&quot;/${locale}/vedur/manaoarlega/l/${locId}\&quot;,\&quot;notification\&quot;:\&quot;/${locale}/life/manage-notifications\&quot;,\&quot;premiumOnboarding\&quot;:\&quot;/premium/onboarding\&quot;,\&quot;privacyPolicyDirectory\&quot;:\&quot;/${locale}/privacy-policy-directory\&quot;,\&quot;privacySettings\&quot;:\&quot;/${locale}/privacy-settings\&quot;,\&quot;radar\&quot;:\&quot;/${locale}/weather/radar/interactive/l/${locId}\&quot;,\&quot;rss\&quot;:\&quot;/rss\&quot;,\&quot;search\&quot;:\&quot;/${locale}/search/enhancedlocalsearch\&quot;,\&quot;ski\&quot;:\&quot;/${locale}/forecast/ski/l/${locId}\&quot;,\&quot;slideshows\&quot;:\&quot;/${locale}/slideshows\&quot;,\&quot;tenday\&quot;:\&quot;/${locale}/vedur/tiudagar/l/${locId}\&quot;,\&quot;testUrl\&quot;:\&quot;/${locale}/weather/testUrl\&quot;,\&quot;thanksgivingCountdown\&quot;:\&quot;/forecast/thanksgiving-countdown/l/${locId}\&quot;,\&quot;today\&quot;:\&quot;/${locale}/vedur/idag/l/${locId}\&quot;,\&quot;unsubscribe\&quot;:\&quot;/${locale}/life/alerts/unsubscribe\&quot;,\&quot;video\&quot;:\&quot;/${locale}/${collectionId}/video/${videoTitle}\&quot;,\&quot;weekend\&quot;:\&quot;/${locale}/vedur/helgi/l/${locId}\&quot;,\&quot;yesterday\&quot;:\&quot;//www.wunderground.com/history/daily/${locId}/yesterday\&quot;}},\&quot;it\&quot;:{\&quot;wxu-urls\&quot;:{\&quot;airQuality\&quot;:\&quot;/${locale}/forecast/air-quality/l/${locId}\&quot;,\&quot;alertDetails\&quot;:\&quot;/${locale}/weather/alerts/localalerts/l/${locId}\&quot;,\&quot;alerts\&quot;:\&quot;/${locale}/weather/alerts/localalerts/l/${locId}\&quot;,\&quot;allergy\&quot;:\&quot;/${locale}/forecast/allergy/l/${locId}\&quot;,\&quot;apps\&quot;:\&quot;/${locale}/${collectionId}/${assetName}\&quot;,\&quot;article\&quot;:\&quot;/${locale}/${collectionId}/news/${articleTitle}\&quot;,\&quot;betterDecisions\&quot;:\&quot;/mission\&quot;,\&quot;boatBeach\&quot;:\&quot;/${locale}/forecast/boat-beach/l/${locId}\&quot;,\&quot;breathing\&quot;:\&quot;/${locale}/forecast/breathing/l/${locId}\&quot;,\&quot;callforcode\&quot;:\&quot;/callforcode\&quot;,\&quot;christmasCountdown\&quot;:\&quot;/forecast/christmas-countdown/l/${locId}\&quot;,\&quot;coldFlu\&quot;:\&quot;/${locale}/forecast/cold-flu/l/${locId}\&quot;,\&quot;covid19\&quot;:\&quot;/${locale}/coronavirus/l/${locId}\&quot;,\&quot;covid19map\&quot;:\&quot;/${locale}/coronavirus/map/l/${locId}\&quot;,\&quot;dataDefinitions\&quot;:\&quot;/${locale}/definizioni-dati\&quot;,\&quot;dataInventory\&quot;:\&quot;/${locale}/data-inventory\&quot;,\&quot;dataPartners\&quot;:\&quot;/${locale}/data-partners\&quot;,\&quot;dataRights\&quot;:\&quot;/${locale}/diritti-sui-dati\&quot;,\&quot;farming\&quot;:\&quot;/${locale}/forecast/agriculture/l/${locId}\&quot;,\&quot;fishing\&quot;:\&quot;/${locale}/forecast/fishing/l/${locId}\&quot;,\&quot;fiveday\&quot;:\&quot;/${locale}/tempo/5giorni/l/${locId}\&quot;,\&quot;goRun\&quot;:\&quot;/${locale}/forecast/gorun/l/${locId}\&quot;,\&quot;home\&quot;:\&quot;/${locale}\&quot;,\&quot;hourly\&quot;:\&quot;/${locale}/tempo/orario/l/${locId}\&quot;,\&quot;interactiveMap\&quot;:\&quot;/${locale}/tempo/mappe/interactive/l/${locId}\&quot;,\&quot;legal\&quot;:\&quot;/${locale}/${collectionId}/${assetName}\&quot;,\&quot;maps\&quot;:\&quot;/maps/${collectionId}\&quot;,\&quot;memberSettings\&quot;:\&quot;/${locale}/member/settings\&quot;,\&quot;memorialdayCountdown\&quot;:\&quot;/forecast/memorial-day-countdown/l/${locId}\&quot;,\&quot;mlbCountdown\&quot;:\&quot;/${locale}/forecast/opening-day-countdown/l/${locId}\&quot;,\&quot;monthly\&quot;:\&quot;/${locale}/tempo/mensile/l/${locId}\&quot;,\&quot;notification\&quot;:\&quot;/${locale}/life/manage-notifications\&quot;,\&quot;premiumOnboarding\&quot;:\&quot;/premium/onboarding\&quot;,\&quot;privacyPolicyDirectory\&quot;:\&quot;/${locale}/privacy-policy-directory\&quot;,\&quot;privacySettings\&quot;:\&quot;/${locale}/privacy-settings\&quot;,\&quot;radar\&quot;:\&quot;/${locale}/weather/radar/interactive/l/${locId}\&quot;,\&quot;rss\&quot;:\&quot;/rss\&quot;,\&quot;search\&quot;:\&quot;/${locale}/search/enhancedlocalsearch\&quot;,\&quot;ski\&quot;:\&quot;/${locale}/forecast/ski/l/${locId}\&quot;,\&quot;slideshows\&quot;:\&quot;/${locale}/slideshows\&quot;,\&quot;tenday\&quot;:\&quot;/${locale}/tempo/10giorni/l/${locId}\&quot;,\&quot;testUrl\&quot;:\&quot;/${locale}/weather/testUrl\&quot;,\&quot;thanksgivingCountdown\&quot;:\&quot;/forecast/thanksgiving-countdown/l/${locId}\&quot;,\&quot;today\&quot;:\&quot;/${locale}/tempo/oggi/l/${locId}\&quot;,\&quot;unsubscribe\&quot;:\&quot;/${locale}/life/alerts/unsubscribe\&quot;,\&quot;video\&quot;:\&quot;/${locale}/${collectionId}/video/${videoTitle}\&quot;,\&quot;weekend\&quot;:\&quot;/${locale}/tempo/weekend/l/${locId}\&quot;,\&quot;yesterday\&quot;:\&quot;//www.wunderground.com/history/daily/${locId}/yesterday\&quot;}},\&quot;ja-JP\&quot;:{\&quot;wxu-urls\&quot;:{\&quot;airQuality\&quot;:\&quot;/${locale}/forecast/air-quality/l/${locId}\&quot;,\&quot;alertDetails\&quot;:\&quot;/${locale}/weather/alerts/localalerts/l/${locId}\&quot;,\&quot;alerts\&quot;:\&quot;/${locale}/weather/alerts/localalerts/l/${locId}\&quot;,\&quot;allergy\&quot;:\&quot;/${locale}/forecast/allergy/l/${locId}\&quot;,\&quot;apps\&quot;:\&quot;/${locale}/${collectionId}/${assetName}\&quot;,\&quot;article\&quot;:\&quot;/${locale}/${collectionId}/news/${articleTitle}\&quot;,\&quot;betterDecisions\&quot;:\&quot;/mission\&quot;,\&quot;boatBeach\&quot;:\&quot;/${locale}/forecast/boat-beach/l/${locId}\&quot;,\&quot;breathing\&quot;:\&quot;/${locale}/forecast/breathing/l/${locId}\&quot;,\&quot;callforcode\&quot;:\&quot;/callforcode\&quot;,\&quot;christmasCountdown\&quot;:\&quot;/forecast/christmas-countdown/l/${locId}\&quot;,\&quot;coldFlu\&quot;:\&quot;/${locale}/forecast/cold-flu/l/${locId}\&quot;,\&quot;covid19\&quot;:\&quot;/${locale}/coronavirus/l/${locId}\&quot;,\&quot;covid19map\&quot;:\&quot;/${locale}/coronavirus/map/l/${locId}\&quot;,\&quot;dataDefinitions\&quot;:\&quot;/${locale}/data-definitions\&quot;,\&quot;dataInventory\&quot;:\&quot;/${locale}/data-inventory\&quot;,\&quot;dataPartners\&quot;:\&quot;/${locale}/data-partners\&quot;,\&quot;dataRights\&quot;:\&quot;/${locale}/data-rights\&quot;,\&quot;farming\&quot;:\&quot;/${locale}/forecast/agriculture/l/${locId}\&quot;,\&quot;fishing\&quot;:\&quot;/${locale}/forecast/fishing/l/${locId}\&quot;,\&quot;fiveday\&quot;:\&quot;/${locale}/weather/5day/l/${locId}\&quot;,\&quot;goRun\&quot;:\&quot;/${locale}/forecast/gorun/l/${locId}\&quot;,\&quot;home\&quot;:\&quot;/${locale}\&quot;,\&quot;hourly\&quot;:\&quot;/${locale}/weather/hourbyhour/l/${locId}\&quot;,\&quot;interactiveMap\&quot;:\&quot;/${locale}/weather/radar/interactive/l/${locId}\&quot;,\&quot;legal\&quot;:\&quot;/${locale}/${collectionId}/${assetName}\&quot;,\&quot;maps\&quot;:\&quot;/maps/${collectionId}\&quot;,\&quot;memberSettings\&quot;:\&quot;/${locale}/member/settings\&quot;,\&quot;memorialdayCountdown\&quot;:\&quot;/forecast/memorial-day-countdown/l/${locId}\&quot;,\&quot;mlbCountdown\&quot;:\&quot;/${locale}/forecast/opening-day-countdown/l/${locId}\&quot;,\&quot;monthly\&quot;:\&quot;/${locale}/weather/monthly/l/${locId}\&quot;,\&quot;notification\&quot;:\&quot;/${locale}/life/manage-notifications\&quot;,\&quot;premiumOnboarding\&quot;:\&quot;/premium/onboarding\&quot;,\&quot;privacyPolicyDirectory\&quot;:\&quot;/${locale}/privacy-policy-directory\&quot;,\&quot;privacySettings\&quot;:\&quot;/${locale}/privacy-settings\&quot;,\&quot;radar\&quot;:\&quot;/${locale}/weather/radar/interactive/l/${locId}\&quot;,\&quot;rss\&quot;:\&quot;/rss\&quot;,\&quot;search\&quot;:\&quot;/${locale}/search/enhancedlocalsearch\&quot;,\&quot;ski\&quot;:\&quot;/${locale}/forecast/ski/l/${locId}\&quot;,\&quot;slideshows\&quot;:\&quot;/${locale}/slideshows\&quot;,\&quot;tenday\&quot;:\&quot;/${locale}/weather/tenday/l/${locId}\&quot;,\&quot;testUrl\&quot;:\&quot;/${locale}/weather/testUrl\&quot;,\&quot;thanksgivingCountdown\&quot;:\&quot;/forecast/thanksgiving-countdown/l/${locId}\&quot;,\&quot;today\&quot;:\&quot;/${locale}/weather/today/l/${locId}\&quot;,\&quot;unsubscribe\&quot;:\&quot;/${locale}/life/alerts/unsubscribe\&quot;,\&quot;video\&quot;:\&quot;/${locale}/${collectionId}/video/${videoTitle}\&quot;,\&quot;weekend\&quot;:\&quot;/${locale}/weather/weekend/l/${locId}\&quot;,\&quot;yesterday\&quot;:\&quot;//www.wunderground.com/history/daily/${locId}/yesterday\&quot;}},\&quot;jv\&quot;:{\&quot;wxu-urls\&quot;:{\&quot;airQuality\&quot;:\&quot;/${locale}/forecast/air-quality/l/${locId}\&quot;,\&quot;alertDetails\&quot;:\&quot;/${locale}/weather/alerts/localalerts/l/${locId}\&quot;,\&quot;alerts\&quot;:\&quot;/${locale}/weather/alerts/localalerts/l/${locId}\&quot;,\&quot;allergy\&quot;:\&quot;/${locale}/forecast/allergy/l/${locId}\&quot;,\&quot;apps\&quot;:\&quot;/${locale}/${collectionId}/${assetName}\&quot;,\&quot;article\&quot;:\&quot;/${locale}/${collectionId}/news/${articleTitle}\&quot;,\&quot;betterDecisions\&quot;:\&quot;/mission\&quot;,\&quot;boatBeach\&quot;:\&quot;/${locale}/forecast/boat-beach/l/${locId}\&quot;,\&quot;breathing\&quot;:\&quot;/${locale}/forecast/breathing/l/${locId}\&quot;,\&quot;callforcode\&quot;:\&quot;/callforcode\&quot;,\&quot;christmasCountdown\&quot;:\&quot;/forecast/christmas-countdown/l/${locId}\&quot;,\&quot;coldFlu\&quot;:\&quot;/${locale}/forecast/cold-flu/l/${locId}\&quot;,\&quot;covid19\&quot;:\&quot;/${locale}/coronavirus/l/${locId}\&quot;,\&quot;covid19map\&quot;:\&quot;/${locale}/coronavirus/map/l/${locId}\&quot;,\&quot;dataDefinitions\&quot;:\&quot;/${locale}/data-definitions\&quot;,\&quot;dataInventory\&quot;:\&quot;/${locale}/data-inventory\&quot;,\&quot;dataPartners\&quot;:\&quot;/${locale}/data-partners\&quot;,\&quot;dataRights\&quot;:\&quot;/${locale}/data-rights\&quot;,\&quot;farming\&quot;:\&quot;/${locale}/forecast/agriculture/l/${locId}\&quot;,\&quot;fishing\&quot;:\&quot;/${locale}/forecast/fishing/l/${locId}\&quot;,\&quot;fiveday\&quot;:\&quot;/${locale}/cuaca/5dina/l/${locId}\&quot;,\&quot;goRun\&quot;:\&quot;/${locale}/forecast/gorun/l/${locId}\&quot;,\&quot;home\&quot;:\&quot;/${locale}\&quot;,\&quot;hourly\&quot;:\&quot;/${locale}/cuaca/jam-jaman/l/${locId}\&quot;,\&quot;interactiveMap\&quot;:\&quot;/${locale}/cuaca/peta/interaktif/l/${locId}\&quot;,\&quot;legal\&quot;:\&quot;/${locale}/${collectionId}/${assetName}\&quot;,\&quot;maps\&quot;:\&quot;/maps/${collectionId}\&quot;,\&quot;memberSettings\&quot;:\&quot;/${locale}/member/settings\&quot;,\&quot;memorialdayCountdown\&quot;:\&quot;/forecast/memorial-day-countdown/l/${locId}\&quot;,\&quot;mlbCountdown\&quot;:\&quot;/${locale}/forecast/opening-day-countdown/l/${locId}\&quot;,\&quot;monthly\&quot;:\&quot;/${locale}/cuaca/wulanan/l/${locId}\&quot;,\&quot;notification\&quot;:\&quot;/${locale}/life/manage-notifications\&quot;,\&quot;premiumOnboarding\&quot;:\&quot;/premium/onboarding\&quot;,\&quot;privacyPolicyDirectory\&quot;:\&quot;/${locale}/privacy-policy-directory\&quot;,\&quot;privacySettings\&quot;:\&quot;/${locale}/privacy-settings\&quot;,\&quot;radar\&quot;:\&quot;/${locale}/weather/radar/interactive/l/${locId}\&quot;,\&quot;rss\&quot;:\&quot;/rss\&quot;,\&quot;search\&quot;:\&quot;/${locale}/search/enhancedlocalsearch\&quot;,\&quot;ski\&quot;:\&quot;/${locale}/forecast/ski/l/${locId}\&quot;,\&quot;slideshows\&quot;:\&quot;/${locale}/slideshows\&quot;,\&quot;tenday\&quot;:\&quot;/${locale}/cuaca/sepuluhdina/l/${locId}\&quot;,\&quot;testUrl\&quot;:\&quot;/${locale}/weather/testUrl\&quot;,\&quot;thanksgivingCountdown\&quot;:\&quot;/forecast/thanksgiving-countdown/l/${locId}\&quot;,\&quot;today\&quot;:\&quot;/${locale}/cuaca/dina-iki/l/${locId}\&quot;,\&quot;unsubscribe\&quot;:\&quot;/${locale}/life/alerts/unsubscribe\&quot;,\&quot;video\&quot;:\&quot;/${locale}/${collectionId}/video/${videoTitle}\&quot;,\&quot;weekend\&quot;:\&quot;/${locale}/cuaca/pksnmingg/l/${locId}\&quot;,\&quot;yesterday\&quot;:\&quot;//www.wunderground.com/history/daily/${locId}/yesterday\&quot;}},\&quot;ka-GE\&quot;:{\&quot;wxu-urls\&quot;:{\&quot;airQuality\&quot;:\&quot;/${locale}/forecast/air-quality/l/${locId}\&quot;,\&quot;alertDetails\&quot;:\&quot;/${locale}/weather/alerts/localalerts/l/${locId}\&quot;,\&quot;alerts\&quot;:\&quot;/${locale}/weather/alerts/localalerts/l/${locId}\&quot;,\&quot;allergy\&quot;:\&quot;/${locale}/forecast/allergy/l/${locId}\&quot;,\&quot;apps\&quot;:\&quot;/${locale}/${collectionId}/${assetName}\&quot;,\&quot;article\&quot;:\&quot;/${locale}/${collectionId}/news/${articleTitle}\&quot;,\&quot;betterDecisions\&quot;:\&quot;/mission\&quot;,\&quot;boatBeach\&quot;:\&quot;/${locale}/forecast/boat-beach/l/${locId}\&quot;,\&quot;breathing\&quot;:\&quot;/${locale}/forecast/breathing/l/${locId}\&quot;,\&quot;callforcode\&quot;:\&quot;/callforcode\&quot;,\&quot;christmasCountdown\&quot;:\&quot;/forecast/christmas-countdown/l/${locId}\&quot;,\&quot;coldFlu\&quot;:\&quot;/${locale}/forecast/cold-flu/l/${locId}\&quot;,\&quot;covid19\&quot;:\&quot;/${locale}/coronavirus/l/${locId}\&quot;,\&quot;covid19map\&quot;:\&quot;/${locale}/coronavirus/map/l/${locId}\&quot;,\&quot;dataDefinitions\&quot;:\&quot;/${locale}/data-definitions\&quot;,\&quot;dataInventory\&quot;:\&quot;/${locale}/data-inventory\&quot;,\&quot;dataPartners\&quot;:\&quot;/${locale}/data-partners\&quot;,\&quot;dataRights\&quot;:\&quot;/${locale}/data-rights\&quot;,\&quot;farming\&quot;:\&quot;/${locale}/forecast/agriculture/l/${locId}\&quot;,\&quot;fishing\&quot;:\&quot;/${locale}/forecast/fishing/l/${locId}\&quot;,\&quot;fiveday\&quot;:\&quot;/${locale}/weather/5day/l/${locId}\&quot;,\&quot;goRun\&quot;:\&quot;/${locale}/forecast/gorun/l/${locId}\&quot;,\&quot;home\&quot;:\&quot;/${locale}\&quot;,\&quot;hourly\&quot;:\&quot;/${locale}/weather/hourbyhour/l/${locId}\&quot;,\&quot;interactiveMap\&quot;:\&quot;/${locale}/weather/maps/interactive/l/${locId}\&quot;,\&quot;legal\&quot;:\&quot;/${locale}/${collectionId}/${assetName}\&quot;,\&quot;maps\&quot;:\&quot;/maps/${collectionId}\&quot;,\&quot;memberSettings\&quot;:\&quot;/${locale}/member/settings\&quot;,\&quot;memorialdayCountdown\&quot;:\&quot;/forecast/memorial-day-countdown/l/${locId}\&quot;,\&quot;mlbCountdown\&quot;:\&quot;/${locale}/forecast/opening-day-countdown/l/${locId}\&quot;,\&quot;monthly\&quot;:\&quot;/${locale}/weather/monthly/l/${locId}\&quot;,\&quot;notification\&quot;:\&quot;/${locale}/life/manage-notifications\&quot;,\&quot;premiumOnboarding\&quot;:\&quot;/premium/onboarding\&quot;,\&quot;privacyPolicyDirectory\&quot;:\&quot;/${locale}/privacy-policy-directory\&quot;,\&quot;privacySettings\&quot;:\&quot;/${locale}/privacy-settings\&quot;,\&quot;radar\&quot;:\&quot;/${locale}/weather/radar/interactive/l/${locId}\&quot;,\&quot;rss\&quot;:\&quot;/rss\&quot;,\&quot;search\&quot;:\&quot;/${locale}/search/enhancedlocalsearch\&quot;,\&quot;ski\&quot;:\&quot;/${locale}/forecast/ski/l/${locId}\&quot;,\&quot;slideshows\&quot;:\&quot;/${locale}/slideshows\&quot;,\&quot;tenday\&quot;:\&quot;/${locale}/weather/tenday/l/${locId}\&quot;,\&quot;testUrl\&quot;:\&quot;/${locale}/weather/testUrl\&quot;,\&quot;thanksgivingCountdown\&quot;:\&quot;/forecast/thanksgiving-countdown/l/${locId}\&quot;,\&quot;today\&quot;:\&quot;/${locale}/weather/today/l/${locId}\&quot;,\&quot;unsubscribe\&quot;:\&quot;/${locale}/life/alerts/unsubscribe\&quot;,\&quot;video\&quot;:\&quot;/${locale}/${collectionId}/video/${videoTitle}\&quot;,\&quot;weekend\&quot;:\&quot;/${locale}/weather/weekend/l/${locId}\&quot;,\&quot;yesterday\&quot;:\&quot;//www.wunderground.com/history/daily/${locId}/yesterday\&quot;}},\&quot;kk-KZ\&quot;:{\&quot;wxu-urls\&quot;:{\&quot;airQuality\&quot;:\&quot;/${locale}/forecast/air-quality/l/${locId}\&quot;,\&quot;alertDetails\&quot;:\&quot;/${locale}/weather/alerts/localalerts/l/${locId}\&quot;,\&quot;alerts\&quot;:\&quot;/${locale}/weather/alerts/localalerts/l/${locId}\&quot;,\&quot;allergy\&quot;:\&quot;/${locale}/forecast/allergy/l/${locId}\&quot;,\&quot;apps\&quot;:\&quot;/${locale}/${collectionId}/${assetName}\&quot;,\&quot;article\&quot;:\&quot;/${locale}/${collectionId}/news/${articleTitle}\&quot;,\&quot;betterDecisions\&quot;:\&quot;/mission\&quot;,\&quot;boatBeach\&quot;:\&quot;/${locale}/forecast/boat-beach/l/${locId}\&quot;,\&quot;breathing\&quot;:\&quot;/${locale}/forecast/breathing/l/${locId}\&quot;,\&quot;callforcode\&quot;:\&quot;/callforcode\&quot;,\&quot;christmasCountdown\&quot;:\&quot;/forecast/christmas-countdown/l/${locId}\&quot;,\&quot;coldFlu\&quot;:\&quot;/${locale}/forecast/cold-flu/l/${locId}\&quot;,\&quot;covid19\&quot;:\&quot;/${locale}/coronavirus/l/${locId}\&quot;,\&quot;covid19map\&quot;:\&quot;/${locale}/coronavirus/map/l/${locId}\&quot;,\&quot;dataDefinitions\&quot;:\&quot;/${locale}/data-definitions\&quot;,\&quot;dataInventory\&quot;:\&quot;/${locale}/data-inventory\&quot;,\&quot;dataPartners\&quot;:\&quot;/${locale}/data-partners\&quot;,\&quot;dataRights\&quot;:\&quot;/${locale}/data-rights\&quot;,\&quot;farming\&quot;:\&quot;/${locale}/forecast/agriculture/l/${locId}\&quot;,\&quot;fishing\&quot;:\&quot;/${locale}/forecast/fishing/l/${locId}\&quot;,\&quot;fiveday\&quot;:\&quot;/${locale}/weather/5day/l/${locId}\&quot;,\&quot;goRun\&quot;:\&quot;/${locale}/forecast/gorun/l/${locId}\&quot;,\&quot;home\&quot;:\&quot;/${locale}\&quot;,\&quot;hourly\&quot;:\&quot;/${locale}/weather/hourbyhour/l/${locId}\&quot;,\&quot;interactiveMap\&quot;:\&quot;/${locale}/weather/maps/interactive/l/${locId}\&quot;,\&quot;legal\&quot;:\&quot;/${locale}/${collectionId}/${assetName}\&quot;,\&quot;maps\&quot;:\&quot;/maps/${collectionId}\&quot;,\&quot;memberSettings\&quot;:\&quot;/${locale}/member/settings\&quot;,\&quot;memorialdayCountdown\&quot;:\&quot;/forecast/memorial-day-countdown/l/${locId}\&quot;,\&quot;mlbCountdown\&quot;:\&quot;/${locale}/forecast/opening-day-countdown/l/${locId}\&quot;,\&quot;monthly\&quot;:\&quot;/${locale}/weather/monthly/l/${locId}\&quot;,\&quot;notification\&quot;:\&quot;/${locale}/life/manage-notifications\&quot;,\&quot;premiumOnboarding\&quot;:\&quot;/premium/onboarding\&quot;,\&quot;privacyPolicyDirectory\&quot;:\&quot;/${locale}/privacy-policy-directory\&quot;,\&quot;privacySettings\&quot;:\&quot;/${locale}/privacy-settings\&quot;,\&quot;radar\&quot;:\&quot;/${locale}/weather/radar/interactive/l/${locId}\&quot;,\&quot;rss\&quot;:\&quot;/rss\&quot;,\&quot;search\&quot;:\&quot;/${locale}/search/enhancedlocalsearch\&quot;,\&quot;ski\&quot;:\&quot;/${locale}/forecast/ski/l/${locId}\&quot;,\&quot;slideshows\&quot;:\&quot;/${locale}/slideshows\&quot;,\&quot;tenday\&quot;:\&quot;/${locale}/weather/tenday/l/${locId}\&quot;,\&quot;testUrl\&quot;:\&quot;/${locale}/weather/testUrl\&quot;,\&quot;thanksgivingCountdown\&quot;:\&quot;/forecast/thanksgiving-countdown/l/${locId}\&quot;,\&quot;today\&quot;:\&quot;/${locale}/weather/today/l/${locId}\&quot;,\&quot;unsubscribe\&quot;:\&quot;/${locale}/life/alerts/unsubscribe\&quot;,\&quot;video\&quot;:\&quot;/${locale}/${collectionId}/video/${videoTitle}\&quot;,\&quot;weekend\&quot;:\&quot;/${locale}/weather/weekend/l/${locId}\&quot;,\&quot;yesterday\&quot;:\&quot;//www.wunderground.com/history/daily/${locId}/yesterday\&quot;}},\&quot;kn-IN\&quot;:{\&quot;wxu-urls\&quot;:{\&quot;airQuality\&quot;:\&quot;/${locale}/forecast/air-quality/l/${locId}\&quot;,\&quot;alertDetails\&quot;:\&quot;/${locale}/weather/alerts/localalerts/l/${locId}\&quot;,\&quot;alerts\&quot;:\&quot;/${locale}/weather/alerts/localalerts/l/${locId}\&quot;,\&quot;allergy\&quot;:\&quot;/${locale}/forecast/allergy/l/${locId}\&quot;,\&quot;apps\&quot;:\&quot;/${locale}/${collectionId}/${assetName}\&quot;,\&quot;article\&quot;:\&quot;/${locale}/${collectionId}/news/${articleTitle}\&quot;,\&quot;betterDecisions\&quot;:\&quot;/mission\&quot;,\&quot;boatBeach\&quot;:\&quot;/${locale}/forecast/boat-beach/l/${locId}\&quot;,\&quot;breathing\&quot;:\&quot;/${locale}/forecast/breathing/l/${locId}\&quot;,\&quot;callforcode\&quot;:\&quot;/callforcode\&quot;,\&quot;christmasCountdown\&quot;:\&quot;/forecast/christmas-countdown/l/${locId}\&quot;,\&quot;coldFlu\&quot;:\&quot;/${locale}/forecast/cold-flu/l/${locId}\&quot;,\&quot;covid19\&quot;:\&quot;/${locale}/coronavirus/l/${locId}\&quot;,\&quot;covid19map\&quot;:\&quot;/${locale}/coronavirus/map/l/${locId}\&quot;,\&quot;dataDefinitions\&quot;:\&quot;/${locale}/data-definitions\&quot;,\&quot;dataInventory\&quot;:\&quot;/${locale}/data-inventory\&quot;,\&quot;dataPartners\&quot;:\&quot;/${locale}/data-partners\&quot;,\&quot;dataRights\&quot;:\&quot;/${locale}/data-rights\&quot;,\&quot;farming\&quot;:\&quot;/${locale}/forecast/agriculture/l/${locId}\&quot;,\&quot;fishing\&quot;:\&quot;/${locale}/forecast/fishing/l/${locId}\&quot;,\&quot;fiveday\&quot;:\&quot;/${locale}/weather/5day/l/${locId}\&quot;,\&quot;goRun\&quot;:\&quot;/${locale}/forecast/gorun/l/${locId}\&quot;,\&quot;home\&quot;:\&quot;/${locale}\&quot;,\&quot;hourly\&quot;:\&quot;/${locale}/weather/hourbyhour/l/${locId}\&quot;,\&quot;interactiveMap\&quot;:\&quot;/${locale}/weather/maps/interactive/l/${locId}\&quot;,\&quot;legal\&quot;:\&quot;/${locale}/${collectionId}/${assetName}\&quot;,\&quot;maps\&quot;:\&quot;/maps/${collectionId}\&quot;,\&quot;memberSettings\&quot;:\&quot;/${locale}/member/settings\&quot;,\&quot;memorialdayCountdown\&quot;:\&quot;/forecast/memorial-day-countdown/l/${locId}\&quot;,\&quot;mlbCountdown\&quot;:\&quot;/${locale}/forecast/opening-day-countdown/l/${locId}\&quot;,\&quot;monthly\&quot;:\&quot;/${locale}/weather/monthly/l/${locId}\&quot;,\&quot;notification\&quot;:\&quot;/${locale}/life/manage-notifications\&quot;,\&quot;premiumOnboarding\&quot;:\&quot;/premium/onboarding\&quot;,\&quot;privacyPolicyDirectory\&quot;:\&quot;/${locale}/privacy-policy-directory\&quot;,\&quot;privacySettings\&quot;:\&quot;/${locale}/privacy-settings\&quot;,\&quot;radar\&quot;:\&quot;/${locale}/weather/radar/interactive/l/${locId}\&quot;,\&quot;rss\&quot;:\&quot;/rss\&quot;,\&quot;search\&quot;:\&quot;/${locale}/search/enhancedlocalsearch\&quot;,\&quot;ski\&quot;:\&quot;/${locale}/forecast/ski/l/${locId}\&quot;,\&quot;slideshows\&quot;:\&quot;/${locale}/slideshows\&quot;,\&quot;tenday\&quot;:\&quot;/${locale}/weather/tenday/l/${locId}\&quot;,\&quot;testUrl\&quot;:\&quot;/${locale}/weather/testUrl\&quot;,\&quot;thanksgivingCountdown\&quot;:\&quot;/forecast/thanksgiving-countdown/l/${locId}\&quot;,\&quot;today\&quot;:\&quot;/${locale}/weather/today/l/${locId}\&quot;,\&quot;unsubscribe\&quot;:\&quot;/${locale}/life/alerts/unsubscribe\&quot;,\&quot;video\&quot;:\&quot;/${locale}/${collectionId}/video/${videoTitle}\&quot;,\&quot;weekend\&quot;:\&quot;/${locale}/weather/weekend/l/${locId}\&quot;,\&quot;yesterday\&quot;:\&quot;//www.wunderground.com/history/daily/${locId}/yesterday\&quot;}},\&quot;ko-KR\&quot;:{\&quot;wxu-urls\&quot;:{\&quot;airQuality\&quot;:\&quot;/${locale}/forecast/air-quality/l/${locId}\&quot;,\&quot;alertDetails\&quot;:\&quot;/${locale}/weather/alerts/localalerts/l/${locId}\&quot;,\&quot;alerts\&quot;:\&quot;/${locale}/weather/alerts/localalerts/l/${locId}\&quot;,\&quot;allergy\&quot;:\&quot;/${locale}/forecast/allergy/l/${locId}\&quot;,\&quot;apps\&quot;:\&quot;/${locale}/${collectionId}/${assetName}\&quot;,\&quot;article\&quot;:\&quot;/${locale}/${collectionId}/news/${articleTitle}\&quot;,\&quot;betterDecisions\&quot;:\&quot;/mission\&quot;,\&quot;boatBeach\&quot;:\&quot;/${locale}/forecast/boat-beach/l/${locId}\&quot;,\&quot;breathing\&quot;:\&quot;/${locale}/forecast/breathing/l/${locId}\&quot;,\&quot;callforcode\&quot;:\&quot;/callforcode\&quot;,\&quot;christmasCountdown\&quot;:\&quot;/forecast/christmas-countdown/l/${locId}\&quot;,\&quot;coldFlu\&quot;:\&quot;/${locale}/forecast/cold-flu/l/${locId}\&quot;,\&quot;covid19\&quot;:\&quot;/${locale}/coronavirus/l/${locId}\&quot;,\&quot;covid19map\&quot;:\&quot;/${locale}/coronavirus/map/l/${locId}\&quot;,\&quot;dataDefinitions\&quot;:\&quot;/${locale}/data-definitions\&quot;,\&quot;dataInventory\&quot;:\&quot;/${locale}/data-inventory\&quot;,\&quot;dataPartners\&quot;:\&quot;/${locale}/data-partners\&quot;,\&quot;dataRights\&quot;:\&quot;/${locale}/data-rights\&quot;,\&quot;farming\&quot;:\&quot;/${locale}/forecast/agriculture/l/${locId}\&quot;,\&quot;fishing\&quot;:\&quot;/${locale}/forecast/fishing/l/${locId}\&quot;,\&quot;fiveday\&quot;:\&quot;/${locale}/weather/5day/l/${locId}\&quot;,\&quot;goRun\&quot;:\&quot;/${locale}/forecast/gorun/l/${locId}\&quot;,\&quot;home\&quot;:\&quot;/${locale}\&quot;,\&quot;hourly\&quot;:\&quot;/${locale}/weather/hourbyhour/l/${locId}\&quot;,\&quot;interactiveMap\&quot;:\&quot;/${locale}/weather/radar/interactive/l/${locId}\&quot;,\&quot;legal\&quot;:\&quot;/${locale}/${collectionId}/${assetName}\&quot;,\&quot;maps\&quot;:\&quot;/maps/${collectionId}\&quot;,\&quot;memberSettings\&quot;:\&quot;/${locale}/member/settings\&quot;,\&quot;memorialdayCountdown\&quot;:\&quot;/forecast/memorial-day-countdown/l/${locId}\&quot;,\&quot;mlbCountdown\&quot;:\&quot;/${locale}/forecast/opening-day-countdown/l/${locId}\&quot;,\&quot;monthly\&quot;:\&quot;/${locale}/weather/monthly/l/${locId}\&quot;,\&quot;notification\&quot;:\&quot;/${locale}/life/manage-notifications\&quot;,\&quot;premiumOnboarding\&quot;:\&quot;/premium/onboarding\&quot;,\&quot;privacyPolicyDirectory\&quot;:\&quot;/${locale}/privacy-policy-directory\&quot;,\&quot;privacySettings\&quot;:\&quot;/${locale}/privacy-settings\&quot;,\&quot;radar\&quot;:\&quot;/${locale}/weather/radar/interactive/l/${locId}\&quot;,\&quot;rss\&quot;:\&quot;/rss\&quot;,\&quot;search\&quot;:\&quot;/${locale}/search/enhancedlocalsearch\&quot;,\&quot;ski\&quot;:\&quot;/${locale}/forecast/ski/l/${locId}\&quot;,\&quot;slideshows\&quot;:\&quot;/${locale}/slideshows\&quot;,\&quot;tenday\&quot;:\&quot;/${locale}/weather/tenday/l/${locId}\&quot;,\&quot;testUrl\&quot;:\&quot;/${locale}/weather/testUrl\&quot;,\&quot;thanksgivingCountdown\&quot;:\&quot;/forecast/thanksgiving-countdown/l/${locId}\&quot;,\&quot;today\&quot;:\&quot;/${locale}/weather/today/l/${locId}\&quot;,\&quot;unsubscribe\&quot;:\&quot;/${locale}/life/alerts/unsubscribe\&quot;,\&quot;video\&quot;:\&quot;/${locale}/${collectionId}/video/${videoTitle}\&quot;,\&quot;weekend\&quot;:\&quot;/${locale}/weather/weekend/l/${locId}\&quot;,\&quot;yesterday\&quot;:\&quot;//www.wunderground.com/history/daily/${locId}/yesterday\&quot;}},\&quot;lt-LT\&quot;:{\&quot;wxu-urls\&quot;:{\&quot;airQuality\&quot;:\&quot;/${locale}/forecast/air-quality/l/${locId}\&quot;,\&quot;alertDetails\&quot;:\&quot;/${locale}/weather/alerts/localalerts/l/${locId}\&quot;,\&quot;alerts\&quot;:\&quot;/${locale}/weather/alerts/localalerts/l/${locId}\&quot;,\&quot;allergy\&quot;:\&quot;/${locale}/forecast/allergy/l/${locId}\&quot;,\&quot;apps\&quot;:\&quot;/${locale}/${collectionId}/${assetName}\&quot;,\&quot;article\&quot;:\&quot;/${locale}/${collectionId}/news/${articleTitle}\&quot;,\&quot;betterDecisions\&quot;:\&quot;/mission\&quot;,\&quot;boatBeach\&quot;:\&quot;/${locale}/forecast/boat-beach/l/${locId}\&quot;,\&quot;breathing\&quot;:\&quot;/${locale}/forecast/breathing/l/${locId}\&quot;,\&quot;callforcode\&quot;:\&quot;/callforcode\&quot;,\&quot;christmasCountdown\&quot;:\&quot;/forecast/christmas-countdown/l/${locId}\&quot;,\&quot;coldFlu\&quot;:\&quot;/${locale}/forecast/cold-flu/l/${locId}\&quot;,\&quot;covid19\&quot;:\&quot;/${locale}/coronavirus/l/${locId}\&quot;,\&quot;covid19map\&quot;:\&quot;/${locale}/coronavirus/map/l/${locId}\&quot;,\&quot;dataDefinitions\&quot;:\&quot;/${locale}/data-definitions\&quot;,\&quot;dataInventory\&quot;:\&quot;/${locale}/data-inventory\&quot;,\&quot;dataPartners\&quot;:\&quot;/${locale}/data-partners\&quot;,\&quot;dataRights\&quot;:\&quot;/${locale}/data-rights\&quot;,\&quot;farming\&quot;:\&quot;/${locale}/forecast/agriculture/l/${locId}\&quot;,\&quot;fishing\&quot;:\&quot;/${locale}/forecast/fishing/l/${locId}\&quot;,\&quot;fiveday\&quot;:\&quot;/${locale}/orai/5dienu/l/${locId}\&quot;,\&quot;goRun\&quot;:\&quot;/${locale}/forecast/gorun/l/${locId}\&quot;,\&quot;home\&quot;:\&quot;/${locale}\&quot;,\&quot;hourly\&quot;:\&quot;/${locale}/orai/kasvalanda/l/${locId}\&quot;,\&quot;interactiveMap\&quot;:\&quot;/${locale}/orai/zemelapiai/interaktyvus/l/${locId}\&quot;,\&quot;legal\&quot;:\&quot;/${locale}/${collectionId}/${assetName}\&quot;,\&quot;maps\&quot;:\&quot;/maps/${collectionId}\&quot;,\&quot;memberSettings\&quot;:\&quot;/${locale}/member/settings\&quot;,\&quot;memorialdayCountdown\&quot;:\&quot;/forecast/memorial-day-countdown/l/${locId}\&quot;,\&quot;mlbCountdown\&quot;:\&quot;/${locale}/forecast/opening-day-countdown/l/${locId}\&quot;,\&quot;monthly\&quot;:\&quot;/${locale}/orai/ikmenesi/l/${locId}\&quot;,\&quot;notification\&quot;:\&quot;/${locale}/life/manage-notifications\&quot;,\&quot;premiumOnboarding\&quot;:\&quot;/premium/onboarding\&quot;,\&quot;privacyPolicyDirectory\&quot;:\&quot;/${locale}/privacy-policy-directory\&quot;,\&quot;privacySettings\&quot;:\&quot;/${locale}/privacy-settings\&quot;,\&quot;radar\&quot;:\&quot;/${locale}/weather/radar/interactive/l/${locId}\&quot;,\&quot;rss\&quot;:\&quot;/rss\&quot;,\&quot;search\&quot;:\&quot;/${locale}/search/enhancedlocalsearch\&quot;,\&quot;ski\&quot;:\&quot;/${locale}/forecast/ski/l/${locId}\&quot;,\&quot;slideshows\&quot;:\&quot;/${locale}/slideshows\&quot;,\&quot;tenday\&quot;:\&quot;/${locale}/orai/desimtdienu/l/${locId}\&quot;,\&quot;testUrl\&quot;:\&quot;/${locale}/weather/testUrl\&quot;,\&quot;thanksgivingCountdown\&quot;:\&quot;/forecast/thanksgiving-countdown/l/${locId}\&quot;,\&quot;today\&quot;:\&quot;/${locale}/orai/siandien/l/${locId}\&quot;,\&quot;unsubscribe\&quot;:\&quot;/${locale}/life/alerts/unsubscribe\&quot;,\&quot;video\&quot;:\&quot;/${locale}/${collectionId}/video/${videoTitle}\&quot;,\&quot;weekend\&quot;:\&quot;/${locale}/orai/savaitgalis/l/${locId}\&quot;,\&quot;yesterday\&quot;:\&quot;//www.wunderground.com/history/daily/${locId}/yesterday\&quot;}},\&quot;lv-LV\&quot;:{\&quot;wxu-urls\&quot;:{\&quot;airQuality\&quot;:\&quot;/${locale}/forecast/air-quality/l/${locId}\&quot;,\&quot;alertDetails\&quot;:\&quot;/${locale}/weather/alerts/localalerts/l/${locId}\&quot;,\&quot;alerts\&quot;:\&quot;/${locale}/weather/alerts/localalerts/l/${locId}\&quot;,\&quot;allergy\&quot;:\&quot;/${locale}/forecast/allergy/l/${locId}\&quot;,\&quot;apps\&quot;:\&quot;/${locale}/${collectionId}/${assetName}\&quot;,\&quot;article\&quot;:\&quot;/${locale}/${collectionId}/news/${articleTitle}\&quot;,\&quot;betterDecisions\&quot;:\&quot;/mission\&quot;,\&quot;boatBeach\&quot;:\&quot;/${locale}/forecast/boat-beach/l/${locId}\&quot;,\&quot;breathing\&quot;:\&quot;/${locale}/forecast/breathing/l/${locId}\&quot;,\&quot;callforcode\&quot;:\&quot;/callforcode\&quot;,\&quot;christmasCountdown\&quot;:\&quot;/forecast/christmas-countdown/l/${locId}\&quot;,\&quot;coldFlu\&quot;:\&quot;/${locale}/forecast/cold-flu/l/${locId}\&quot;,\&quot;covid19\&quot;:\&quot;/${locale}/coronavirus/l/${locId}\&quot;,\&quot;covid19map\&quot;:\&quot;/${locale}/coronavirus/map/l/${locId}\&quot;,\&quot;dataDefinitions\&quot;:\&quot;/${locale}/data-definitions\&quot;,\&quot;dataInventory\&quot;:\&quot;/${locale}/data-inventory\&quot;,\&quot;dataPartners\&quot;:\&quot;/${locale}/data-partners\&quot;,\&quot;dataRights\&quot;:\&quot;/${locale}/data-rights\&quot;,\&quot;farming\&quot;:\&quot;/${locale}/forecast/agriculture/l/${locId}\&quot;,\&quot;fishing\&quot;:\&quot;/${locale}/forecast/fishing/l/${locId}\&quot;,\&quot;fiveday\&quot;:\&quot;/${locale}/laiks/5dien/l/${locId}\&quot;,\&quot;goRun\&quot;:\&quot;/${locale}/forecast/gorun/l/${locId}\&quot;,\&quot;home\&quot;:\&quot;/${locale}\&quot;,\&quot;hourly\&quot;:\&quot;/${locale}/laiks/pastundam/l/${locId}\&quot;,\&quot;interactiveMap\&quot;:\&quot;/${locale}/laiks/kartes/interaktivs/l/${locId}\&quot;,\&quot;legal\&quot;:\&quot;/${locale}/${collectionId}/${assetName}\&quot;,\&quot;maps\&quot;:\&quot;/maps/${collectionId}\&quot;,\&quot;memberSettings\&quot;:\&quot;/${locale}/member/settings\&quot;,\&quot;memorialdayCountdown\&quot;:\&quot;/forecast/memorial-day-countdown/l/${locId}\&quot;,\&quot;mlbCountdown\&quot;:\&quot;/${locale}/forecast/opening-day-countdown/l/${locId}\&quot;,\&quot;monthly\&quot;:\&quot;/${locale}/laiks/ik-menesi/l/${locId}\&quot;,\&quot;notification\&quot;:\&quot;/${locale}/life/manage-notifications\&quot;,\&quot;premiumOnboarding\&quot;:\&quot;/premium/onboarding\&quot;,\&quot;privacyPolicyDirectory\&quot;:\&quot;/${locale}/privacy-policy-directory\&quot;,\&quot;privacySettings\&quot;:\&quot;/${locale}/privacy-settings\&quot;,\&quot;radar\&quot;:\&quot;/${locale}/weather/radar/interactive/l/${locId}\&quot;,\&quot;rss\&quot;:\&quot;/rss\&quot;,\&quot;search\&quot;:\&quot;/${locale}/search/enhancedlocalsearch\&quot;,\&quot;ski\&quot;:\&quot;/${locale}/forecast/ski/l/${locId}\&quot;,\&quot;slideshows\&quot;:\&quot;/${locale}/slideshows\&quot;,\&quot;tenday\&quot;:\&quot;/${locale}/laiks/desmitdienam/l/${locId}\&quot;,\&quot;testUrl\&quot;:\&quot;/${locale}/weather/testUrl\&quot;,\&quot;thanksgivingCountdown\&quot;:\&quot;/forecast/thanksgiving-countdown/l/${locId}\&quot;,\&quot;today\&quot;:\&quot;/${locale}/laiks/sodien/l/${locId}\&quot;,\&quot;unsubscribe\&quot;:\&quot;/${locale}/life/alerts/unsubscribe\&quot;,\&quot;video\&quot;:\&quot;/${locale}/${collectionId}/video/${videoTitle}\&quot;,\&quot;weekend\&quot;:\&quot;/${locale}/laiks/nedelasnogale/l/${locId}\&quot;,\&quot;yesterday\&quot;:\&quot;//www.wunderground.com/history/daily/${locId}/yesterday\&quot;}},\&quot;mk-MK\&quot;:{\&quot;wxu-urls\&quot;:{\&quot;airQuality\&quot;:\&quot;/${locale}/forecast/air-quality/l/${locId}\&quot;,\&quot;alertDetails\&quot;:\&quot;/${locale}/weather/alerts/localalerts/l/${locId}\&quot;,\&quot;alerts\&quot;:\&quot;/${locale}/weather/alerts/localalerts/l/${locId}\&quot;,\&quot;allergy\&quot;:\&quot;/${locale}/forecast/allergy/l/${locId}\&quot;,\&quot;apps\&quot;:\&quot;/${locale}/${collectionId}/${assetName}\&quot;,\&quot;article\&quot;:\&quot;/${locale}/${collectionId}/news/${articleTitle}\&quot;,\&quot;betterDecisions\&quot;:\&quot;/mission\&quot;,\&quot;boatBeach\&quot;:\&quot;/${locale}/forecast/boat-beach/l/${locId}\&quot;,\&quot;breathing\&quot;:\&quot;/${locale}/forecast/breathing/l/${locId}\&quot;,\&quot;callforcode\&quot;:\&quot;/callforcode\&quot;,\&quot;christmasCountdown\&quot;:\&quot;/forecast/christmas-countdown/l/${locId}\&quot;,\&quot;coldFlu\&quot;:\&quot;/${locale}/forecast/cold-flu/l/${locId}\&quot;,\&quot;covid19\&quot;:\&quot;/${locale}/coronavirus/l/${locId}\&quot;,\&quot;covid19map\&quot;:\&quot;/${locale}/coronavirus/map/l/${locId}\&quot;,\&quot;dataDefinitions\&quot;:\&quot;/${locale}/data-definitions\&quot;,\&quot;dataInventory\&quot;:\&quot;/${locale}/data-inventory\&quot;,\&quot;dataPartners\&quot;:\&quot;/${locale}/data-partners\&quot;,\&quot;dataRights\&quot;:\&quot;/${locale}/data-rights\&quot;,\&quot;farming\&quot;:\&quot;/${locale}/forecast/agriculture/l/${locId}\&quot;,\&quot;fishing\&quot;:\&quot;/${locale}/forecast/fishing/l/${locId}\&quot;,\&quot;fiveday\&quot;:\&quot;/${locale}/weather/5day/l/${locId}\&quot;,\&quot;goRun\&quot;:\&quot;/${locale}/forecast/gorun/l/${locId}\&quot;,\&quot;home\&quot;:\&quot;/${locale}\&quot;,\&quot;hourly\&quot;:\&quot;/${locale}/weather/hourbyhour/l/${locId}\&quot;,\&quot;interactiveMap\&quot;:\&quot;/${locale}/weather/maps/interactive/l/${locId}\&quot;,\&quot;legal\&quot;:\&quot;/${locale}/${collectionId}/${assetName}\&quot;,\&quot;maps\&quot;:\&quot;/maps/${collectionId}\&quot;,\&quot;memberSettings\&quot;:\&quot;/${locale}/member/settings\&quot;,\&quot;memorialdayCountdown\&quot;:\&quot;/forecast/memorial-day-countdown/l/${locId}\&quot;,\&quot;mlbCountdown\&quot;:\&quot;/${locale}/forecast/opening-day-countdown/l/${locId}\&quot;,\&quot;monthly\&quot;:\&quot;/${locale}/weather/monthly/l/${locId}\&quot;,\&quot;notification\&quot;:\&quot;/${locale}/life/manage-notifications\&quot;,\&quot;premiumOnboarding\&quot;:\&quot;/premium/onboarding\&quot;,\&quot;privacyPolicyDirectory\&quot;:\&quot;/${locale}/privacy-policy-directory\&quot;,\&quot;privacySettings\&quot;:\&quot;/${locale}/privacy-settings\&quot;,\&quot;radar\&quot;:\&quot;/${locale}/weather/radar/interactive/l/${locId}\&quot;,\&quot;rss\&quot;:\&quot;/rss\&quot;,\&quot;search\&quot;:\&quot;/${locale}/search/enhancedlocalsearch\&quot;,\&quot;ski\&quot;:\&quot;/${locale}/forecast/ski/l/${locId}\&quot;,\&quot;slideshows\&quot;:\&quot;/${locale}/slideshows\&quot;,\&quot;tenday\&quot;:\&quot;/${locale}/weather/tenday/l/${locId}\&quot;,\&quot;testUrl\&quot;:\&quot;/${locale}/weather/testUrl\&quot;,\&quot;thanksgivingCountdown\&quot;:\&quot;/forecast/thanksgiving-countdown/l/${locId}\&quot;,\&quot;today\&quot;:\&quot;/${locale}/weather/today/l/${locId}\&quot;,\&quot;unsubscribe\&quot;:\&quot;/${locale}/life/alerts/unsubscribe\&quot;,\&quot;video\&quot;:\&quot;/${locale}/${collectionId}/video/${videoTitle}\&quot;,\&quot;weekend\&quot;:\&quot;/${locale}/weather/weekend/l/${locId}\&quot;,\&quot;yesterday\&quot;:\&quot;//www.wunderground.com/history/daily/${locId}/yesterday\&quot;}},\&quot;ms-MY\&quot;:{\&quot;wxu-urls\&quot;:{\&quot;airQuality\&quot;:\&quot;/${locale}/forecast/air-quality/l/${locId}\&quot;,\&quot;alertDetails\&quot;:\&quot;/${locale}/weather/alerts/localalerts/l/${locId}\&quot;,\&quot;alerts\&quot;:\&quot;/${locale}/weather/alerts/localalerts/l/${locId}\&quot;,\&quot;allergy\&quot;:\&quot;/${locale}/forecast/allergy/l/${locId}\&quot;,\&quot;apps\&quot;:\&quot;/${locale}/${collectionId}/${assetName}\&quot;,\&quot;article\&quot;:\&quot;/${locale}/${collectionId}/news/${articleTitle}\&quot;,\&quot;betterDecisions\&quot;:\&quot;/mission\&quot;,\&quot;boatBeach\&quot;:\&quot;/${locale}/forecast/boat-beach/l/${locId}\&quot;,\&quot;breathing\&quot;:\&quot;/${locale}/forecast/breathing/l/${locId}\&quot;,\&quot;callforcode\&quot;:\&quot;/callforcode\&quot;,\&quot;christmasCountdown\&quot;:\&quot;/forecast/christmas-countdown/l/${locId}\&quot;,\&quot;coldFlu\&quot;:\&quot;/${locale}/forecast/cold-flu/l/${locId}\&quot;,\&quot;covid19\&quot;:\&quot;/${locale}/coronavirus/l/${locId}\&quot;,\&quot;covid19map\&quot;:\&quot;/${locale}/coronavirus/map/l/${locId}\&quot;,\&quot;dataDefinitions\&quot;:\&quot;/${locale}/data-definitions\&quot;,\&quot;dataInventory\&quot;:\&quot;/${locale}/data-inventory\&quot;,\&quot;dataPartners\&quot;:\&quot;/${locale}/data-partners\&quot;,\&quot;dataRights\&quot;:\&quot;/${locale}/data-rights\&quot;,\&quot;farming\&quot;:\&quot;/${locale}/forecast/agriculture/l/${locId}\&quot;,\&quot;fishing\&quot;:\&quot;/${locale}/forecast/fishing/l/${locId}\&quot;,\&quot;fiveday\&quot;:\&quot;/${locale}/weather/5day/l/${locId}\&quot;,\&quot;goRun\&quot;:\&quot;/${locale}/forecast/gorun/l/${locId}\&quot;,\&quot;home\&quot;:\&quot;/${locale}\&quot;,\&quot;hourly\&quot;:\&quot;/${locale}/weather/hourbyhour/l/${locId}\&quot;,\&quot;interactiveMap\&quot;:\&quot;/${locale}/weather/radar/interactive/l/${locId}\&quot;,\&quot;legal\&quot;:\&quot;/${locale}/${collectionId}/${assetName}\&quot;,\&quot;maps\&quot;:\&quot;/maps/${collectionId}\&quot;,\&quot;memberSettings\&quot;:\&quot;/${locale}/member/settings\&quot;,\&quot;memorialdayCountdown\&quot;:\&quot;/forecast/memorial-day-countdown/l/${locId}\&quot;,\&quot;mlbCountdown\&quot;:\&quot;/${locale}/forecast/opening-day-countdown/l/${locId}\&quot;,\&quot;monthly\&quot;:\&quot;/${locale}/weather/monthly/l/${locId}\&quot;,\&quot;notification\&quot;:\&quot;/${locale}/life/manage-notifications\&quot;,\&quot;premiumOnboarding\&quot;:\&quot;/premium/onboarding\&quot;,\&quot;privacyPolicyDirectory\&quot;:\&quot;/${locale}/privacy-policy-directory\&quot;,\&quot;privacySettings\&quot;:\&quot;/${locale}/privacy-settings\&quot;,\&quot;radar\&quot;:\&quot;/${locale}/weather/radar/interactive/l/${locId}\&quot;,\&quot;rss\&quot;:\&quot;/rss\&quot;,\&quot;search\&quot;:\&quot;/${locale}/search/enhancedlocalsearch\&quot;,\&quot;ski\&quot;:\&quot;/${locale}/forecast/ski/l/${locId}\&quot;,\&quot;slideshows\&quot;:\&quot;/${locale}/slideshows\&quot;,\&quot;tenday\&quot;:\&quot;/${locale}/weather/tenday/l/${locId}\&quot;,\&quot;testUrl\&quot;:\&quot;/${locale}/weather/testUrl\&quot;,\&quot;thanksgivingCountdown\&quot;:\&quot;/forecast/thanksgiving-countdown/l/${locId}\&quot;,\&quot;today\&quot;:\&quot;/${locale}/weather/today/l/${locId}\&quot;,\&quot;unsubscribe\&quot;:\&quot;/${locale}/life/alerts/unsubscribe\&quot;,\&quot;video\&quot;:\&quot;/${locale}/${collectionId}/video/${videoTitle}\&quot;,\&quot;weekend\&quot;:\&quot;/${locale}/weather/weekend/l/${locId}\&quot;,\&quot;yesterday\&quot;:\&quot;//www.wunderground.com/history/daily/${locId}/yesterday\&quot;}},\&quot;nl-NL\&quot;:{\&quot;wxu-urls\&quot;:{\&quot;airQuality\&quot;:\&quot;/${locale}/forecast/air-quality/l/${locId}\&quot;,\&quot;alertDetails\&quot;:\&quot;/${locale}/weather/alerts/localalerts/l/${locId}\&quot;,\&quot;alerts\&quot;:\&quot;/${locale}/weather/alerts/localalerts/l/${locId}\&quot;,\&quot;allergy\&quot;:\&quot;/${locale}/forecast/allergy/l/${locId}\&quot;,\&quot;apps\&quot;:\&quot;/${locale}/${collectionId}/${assetName}\&quot;,\&quot;article\&quot;:\&quot;/${locale}/${collectionId}/news/${articleTitle}\&quot;,\&quot;betterDecisions\&quot;:\&quot;/missie\&quot;,\&quot;boatBeach\&quot;:\&quot;/${locale}/forecast/boat-beach/l/${locId}\&quot;,\&quot;breathing\&quot;:\&quot;/${locale}/forecast/breathing/l/${locId}\&quot;,\&quot;callforcode\&quot;:\&quot;/callforcode\&quot;,\&quot;christmasCountdown\&quot;:\&quot;/forecast/christmas-countdown/l/${locId}\&quot;,\&quot;coldFlu\&quot;:\&quot;/${locale}/forecast/cold-flu/l/${locId}\&quot;,\&quot;covid19\&quot;:\&quot;/${locale}/coronavirus/l/${locId}\&quot;,\&quot;covid19map\&quot;:\&quot;/${locale}/coronavirus/map/l/${locId}\&quot;,\&quot;dataDefinitions\&quot;:\&quot;/${locale}/definities van gegevens\&quot;,\&quot;dataInventory\&quot;:\&quot;/${locale}/data-inventory\&quot;,\&quot;dataPartners\&quot;:\&quot;/${locale}/data-partners\&quot;,\&quot;dataRights\&quot;:\&quot;/${locale}/gegevensrechten\&quot;,\&quot;farming\&quot;:\&quot;/${locale}/forecast/agriculture/l/${locId}\&quot;,\&quot;fishing\&quot;:\&quot;/${locale}/forecast/fishing/l/${locId}\&quot;,\&quot;fiveday\&quot;:\&quot;/${locale}/weer/5dagen/l/${locId}\&quot;,\&quot;goRun\&quot;:\&quot;/${locale}/forecast/gorun/l/${locId}\&quot;,\&quot;home\&quot;:\&quot;/${locale}\&quot;,\&quot;hourly\&quot;:\&quot;/${locale}/weer/elkuur/l/${locId}\&quot;,\&quot;interactiveMap\&quot;:\&quot;/${locale}/weer/kaarten/interactive/l/${locId}\&quot;,\&quot;legal\&quot;:\&quot;/${locale}/${collectionId}/${assetName}\&quot;,\&quot;maps\&quot;:\&quot;/maps/${collectionId}\&quot;,\&quot;memberSettings\&quot;:\&quot;/${locale}/member/settings\&quot;,\&quot;memorialdayCountdown\&quot;:\&quot;/forecast/memorial-day-countdown/l/${locId}\&quot;,\&quot;mlbCountdown\&quot;:\&quot;/${locale}/forecast/opening-day-countdown/l/${locId}\&quot;,\&quot;monthly\&quot;:\&quot;/${locale}/weer/monthly/l/${locId}\&quot;,\&quot;notification\&quot;:\&quot;/${locale}/life/manage-notifications\&quot;,\&quot;premiumOnboarding\&quot;:\&quot;/premium/onboarding\&quot;,\&quot;privacyPolicyDirectory\&quot;:\&quot;/${locale}/privacy-policy-directory\&quot;,\&quot;privacySettings\&quot;:\&quot;/${locale}/privacy-settings\&quot;,\&quot;radar\&quot;:\&quot;/${locale}/weather/radar/interactive/l/${locId}\&quot;,\&quot;rss\&quot;:\&quot;/rss\&quot;,\&quot;search\&quot;:\&quot;/${locale}/search/enhancedlocalsearch\&quot;,\&quot;ski\&quot;:\&quot;/${locale}/forecast/ski/l/${locId}\&quot;,\&quot;slideshows\&quot;:\&quot;/${locale}/slideshows\&quot;,\&quot;tenday\&quot;:\&quot;/${locale}/weer/10dagen/l/${locId}\&quot;,\&quot;testUrl\&quot;:\&quot;/${locale}/weather/testUrl\&quot;,\&quot;thanksgivingCountdown\&quot;:\&quot;/forecast/thanksgiving-countdown/l/${locId}\&quot;,\&quot;today\&quot;:\&quot;/${locale}/weer/vandaag/l/${locId}\&quot;,\&quot;unsubscribe\&quot;:\&quot;/${locale}/life/alerts/unsubscribe\&quot;,\&quot;video\&quot;:\&quot;/${locale}/${collectionId}/video/${videoTitle}\&quot;,\&quot;weekend\&quot;:\&quot;/${locale}/weer/weekend/l/${locId}\&quot;,\&quot;yesterday\&quot;:\&quot;//www.wunderground.com/history/daily/${locId}/yesterday\&quot;}},\&quot;no-NO\&quot;:{\&quot;wxu-urls\&quot;:{\&quot;airQuality\&quot;:\&quot;/${locale}/forecast/air-quality/l/${locId}\&quot;,\&quot;alertDetails\&quot;:\&quot;/${locale}/weather/alerts/localalerts/l/${locId}\&quot;,\&quot;alerts\&quot;:\&quot;/${locale}/weather/alerts/localalerts/l/${locId}\&quot;,\&quot;allergy\&quot;:\&quot;/${locale}/forecast/allergy/l/${locId}\&quot;,\&quot;apps\&quot;:\&quot;/${locale}/${collectionId}/${assetName}\&quot;,\&quot;article\&quot;:\&quot;/${locale}/${collectionId}/news/${articleTitle}\&quot;,\&quot;betterDecisions\&quot;:\&quot;/mission\&quot;,\&quot;boatBeach\&quot;:\&quot;/${locale}/forecast/boat-beach/l/${locId}\&quot;,\&quot;breathing\&quot;:\&quot;/${locale}/forecast/breathing/l/${locId}\&quot;,\&quot;callforcode\&quot;:\&quot;/callforcode\&quot;,\&quot;christmasCountdown\&quot;:\&quot;/forecast/christmas-countdown/l/${locId}\&quot;,\&quot;coldFlu\&quot;:\&quot;/${locale}/forecast/cold-flu/l/${locId}\&quot;,\&quot;covid19\&quot;:\&quot;/${locale}/coronavirus/l/${locId}\&quot;,\&quot;covid19map\&quot;:\&quot;/${locale}/coronavirus/map/l/${locId}\&quot;,\&quot;dataDefinitions\&quot;:\&quot;/${locale}/data-definitions\&quot;,\&quot;dataInventory\&quot;:\&quot;/${locale}/data-inventory\&quot;,\&quot;dataPartners\&quot;:\&quot;/${locale}/data-partners\&quot;,\&quot;dataRights\&quot;:\&quot;/${locale}/data-rights\&quot;,\&quot;farming\&quot;:\&quot;/${locale}/forecast/agriculture/l/${locId}\&quot;,\&quot;fishing\&quot;:\&quot;/${locale}/forecast/fishing/l/${locId}\&quot;,\&quot;fiveday\&quot;:\&quot;/${locale}/weather/5day/l/${locId}\&quot;,\&quot;goRun\&quot;:\&quot;/${locale}/forecast/gorun/l/${locId}\&quot;,\&quot;home\&quot;:\&quot;/${locale}\&quot;,\&quot;hourly\&quot;:\&quot;/${locale}/weather/hourbyhour/l/${locId}\&quot;,\&quot;interactiveMap\&quot;:\&quot;/${locale}/weather/radar/interactive/l/${locId}\&quot;,\&quot;legal\&quot;:\&quot;/${locale}/${collectionId}/${assetName}\&quot;,\&quot;maps\&quot;:\&quot;/maps/${collectionId}\&quot;,\&quot;memberSettings\&quot;:\&quot;/${locale}/member/settings\&quot;,\&quot;memorialdayCountdown\&quot;:\&quot;/forecast/memorial-day-countdown/l/${locId}\&quot;,\&quot;mlbCountdown\&quot;:\&quot;/${locale}/forecast/opening-day-countdown/l/${locId}\&quot;,\&quot;monthly\&quot;:\&quot;/${locale}/weather/monthly/l/${locId}\&quot;,\&quot;notification\&quot;:\&quot;/${locale}/life/manage-notifications\&quot;,\&quot;premiumOnboarding\&quot;:\&quot;/premium/onboarding\&quot;,\&quot;privacyPolicyDirectory\&quot;:\&quot;/${locale}/privacy-policy-directory\&quot;,\&quot;privacySettings\&quot;:\&quot;/${locale}/privacy-settings\&quot;,\&quot;radar\&quot;:\&quot;/${locale}/weather/radar/interactive/l/${locId}\&quot;,\&quot;rss\&quot;:\&quot;/rss\&quot;,\&quot;search\&quot;:\&quot;/${locale}/search/enhancedlocalsearch\&quot;,\&quot;ski\&quot;:\&quot;/${locale}/forecast/ski/l/${locId}\&quot;,\&quot;slideshows\&quot;:\&quot;/${locale}/slideshows\&quot;,\&quot;tenday\&quot;:\&quot;/${locale}/weather/tenday/l/${locId}\&quot;,\&quot;testUrl\&quot;:\&quot;/${locale}/weather/testUrl\&quot;,\&quot;thanksgivingCountdown\&quot;:\&quot;/forecast/thanksgiving-countdown/l/${locId}\&quot;,\&quot;today\&quot;:\&quot;/${locale}/weather/today/l/${locId}\&quot;,\&quot;unsubscribe\&quot;:\&quot;/${locale}/life/alerts/unsubscribe\&quot;,\&quot;video\&quot;:\&quot;/${locale}/${collectionId}/video/${videoTitle}\&quot;,\&quot;weekend\&quot;:\&quot;/${locale}/weather/weekend/l/${locId}\&quot;,\&quot;yesterday\&quot;:\&quot;//www.wunderground.com/history/daily/${locId}/yesterday\&quot;}},\&quot;pl\&quot;:{\&quot;wxu-urls\&quot;:{\&quot;airQuality\&quot;:\&quot;/${locale}/forecast/air-quality/l/${locId}\&quot;,\&quot;alertDetails\&quot;:\&quot;/${locale}/weather/alerts/localalerts/l/${locId}\&quot;,\&quot;alerts\&quot;:\&quot;/${locale}/weather/alerts/localalerts/l/${locId}\&quot;,\&quot;allergy\&quot;:\&quot;/${locale}/forecast/allergy/l/${locId}\&quot;,\&quot;apps\&quot;:\&quot;/${locale}/${collectionId}/${assetName}\&quot;,\&quot;article\&quot;:\&quot;/${locale}/${collectionId}/news/${articleTitle}\&quot;,\&quot;betterDecisions\&quot;:\&quot;/misja\&quot;,\&quot;boatBeach\&quot;:\&quot;/${locale}/forecast/boat-beach/l/${locId}\&quot;,\&quot;breathing\&quot;:\&quot;/${locale}/forecast/breathing/l/${locId}\&quot;,\&quot;callforcode\&quot;:\&quot;/callforcode\&quot;,\&quot;christmasCountdown\&quot;:\&quot;/forecast/christmas-countdown/l/${locId}\&quot;,\&quot;coldFlu\&quot;:\&quot;/${locale}/forecast/cold-flu/l/${locId}\&quot;,\&quot;covid19\&quot;:\&quot;/${locale}/koronawirus/l/${locId}\&quot;,\&quot;covid19map\&quot;:\&quot;/${locale}/koronawirus/mapa/l/${locId}\&quot;,\&quot;dataDefinitions\&quot;:\&quot;/${locale}/definicje-danych\&quot;,\&quot;dataInventory\&quot;:\&quot;/${locale}/data-inventory\&quot;,\&quot;dataPartners\&quot;:\&quot;/${locale}/data-partners\&quot;,\&quot;dataRights\&quot;:\&quot;/${locale}/prawa-do-danych\&quot;,\&quot;farming\&quot;:\&quot;/${locale}/forecast/agriculture/l/${locId}\&quot;,\&quot;fishing\&quot;:\&quot;/${locale}/forecast/fishing/l/${locId}\&quot;,\&quot;fiveday\&quot;:\&quot;/${locale}/pogoda/5dni/l/${locId}\&quot;,\&quot;goRun\&quot;:\&quot;/${locale}/forecast/gorun/l/${locId}\&quot;,\&quot;home\&quot;:\&quot;/${locale}\&quot;,\&quot;hourly\&quot;:\&quot;/${locale}/pogoda/godzinowa/l/${locId}\&quot;,\&quot;interactiveMap\&quot;:\&quot;/${locale}/pogoda/mapy/interactive/l/${locId}\&quot;,\&quot;legal\&quot;:\&quot;/${locale}/${collectionId}/${assetName}\&quot;,\&quot;maps\&quot;:\&quot;/maps/${collectionId}\&quot;,\&quot;memberSettings\&quot;:\&quot;/${locale}/member/settings\&quot;,\&quot;memorialdayCountdown\&quot;:\&quot;/forecast/memorial-day-countdown/l/${locId}\&quot;,\&quot;mlbCountdown\&quot;:\&quot;/${locale}/forecast/opening-day-countdown/l/${locId}\&quot;,\&quot;monthly\&quot;:\&quot;/${locale}/pogoda/miesieczne/l/${locId}\&quot;,\&quot;notification\&quot;:\&quot;/${locale}/life/manage-notifications\&quot;,\&quot;premiumOnboarding\&quot;:\&quot;/premium/onboarding\&quot;,\&quot;privacyPolicyDirectory\&quot;:\&quot;/${locale}/privacy-policy-directory\&quot;,\&quot;privacySettings\&quot;:\&quot;/${locale}/privacy-settings\&quot;,\&quot;radar\&quot;:\&quot;/${locale}/pogoda/mapy/interactive/l/${locId}\&quot;,\&quot;rss\&quot;:\&quot;/rss\&quot;,\&quot;search\&quot;:\&quot;/${locale}/search/enhancedlocalsearch\&quot;,\&quot;ski\&quot;:\&quot;/${locale}/forecast/ski/l/${locId}\&quot;,\&quot;slideshows\&quot;:\&quot;/${locale}/slideshows\&quot;,\&quot;tenday\&quot;:\&quot;/${locale}/pogoda/10dni/l/${locId}\&quot;,\&quot;testUrl\&quot;:\&quot;/${locale}/weather/testUrl\&quot;,\&quot;thanksgivingCountdown\&quot;:\&quot;/forecast/thanksgiving-countdown/l/${locId}\&quot;,\&quot;today\&quot;:\&quot;/${locale}/pogoda/dzisiaj/l/${locId}\&quot;,\&quot;unsubscribe\&quot;:\&quot;/${locale}/life/alerts/unsubscribe\&quot;,\&quot;video\&quot;:\&quot;/${locale}/${collectionId}/video/${videoTitle}\&quot;,\&quot;weekend\&quot;:\&quot;/${locale}/pogoda/weekend/l/${locId}\&quot;,\&quot;yesterday\&quot;:\&quot;//www.wunderground.com/history/daily/${locId}/yesterday\&quot;}},\&quot;pt-BR\&quot;:{\&quot;wxu-urls\&quot;:{\&quot;airQuality\&quot;:\&quot;/${locale}/forecast/air-quality/l/${locId}\&quot;,\&quot;alertDetails\&quot;:\&quot;/${locale}/weather/alerts/localalerts/l/${locId}\&quot;,\&quot;alerts\&quot;:\&quot;/${locale}/weather/alerts/localalerts/l/${locId}\&quot;,\&quot;allergy\&quot;:\&quot;/${locale}/forecast/allergy/l/${locId}\&quot;,\&quot;apps\&quot;:\&quot;/${locale}/${collectionId}/${assetName}\&quot;,\&quot;article\&quot;:\&quot;/${locale}/${collectionId}/news/${articleTitle}\&quot;,\&quot;betterDecisions\&quot;:\&quot;/miss\u00E3o\&quot;,\&quot;boatBeach\&quot;:\&quot;/${locale}/forecast/boat-beach/l/${locId}\&quot;,\&quot;breathing\&quot;:\&quot;/${locale}/forecast/breathing/l/${locId}\&quot;,\&quot;callforcode\&quot;:\&quot;/callforcode\&quot;,\&quot;christmasCountdown\&quot;:\&quot;/forecast/christmas-countdown/l/${locId}\&quot;,\&quot;coldFlu\&quot;:\&quot;/${locale}/forecast/cold-flu/l/${locId}\&quot;,\&quot;covid19\&quot;:\&quot;/${locale}/coronavirus/l/${locId}\&quot;,\&quot;covid19map\&quot;:\&quot;/${locale}/coronavirus/map/l/${locId}\&quot;,\&quot;dataDefinitions\&quot;:\&quot;/${locale}/data-definitions\&quot;,\&quot;dataInventory\&quot;:\&quot;/${locale}/data-inventory\&quot;,\&quot;dataPartners\&quot;:\&quot;/${locale}/data-partners\&quot;,\&quot;dataRights\&quot;:\&quot;/${locale}/data-rights\&quot;,\&quot;farming\&quot;:\&quot;/${locale}/forecast/agriculture/l/${locId}\&quot;,\&quot;fishing\&quot;:\&quot;/${locale}/forecast/fishing/l/${locId}\&quot;,\&quot;fiveday\&quot;:\&quot;/${locale}/clima/5dias/l/${locId}\&quot;,\&quot;goRun\&quot;:\&quot;/${locale}/forecast/gorun/l/${locId}\&quot;,\&quot;home\&quot;:\&quot;/${locale}\&quot;,\&quot;hourly\&quot;:\&quot;/${locale}/clima/horaria/l/${locId}\&quot;,\&quot;interactiveMap\&quot;:\&quot;/${locale}/clima/mapas/interactive/l/${locId}\&quot;,\&quot;legal\&quot;:\&quot;/${locale}/${collectionId}/${assetName}\&quot;,\&quot;maps\&quot;:\&quot;/maps/${collectionId}\&quot;,\&quot;memberSettings\&quot;:\&quot;/${locale}/member/settings\&quot;,\&quot;memorialdayCountdown\&quot;:\&quot;/forecast/memorial-day-countdown/l/${locId}\&quot;,\&quot;mlbCountdown\&quot;:\&quot;/${locale}/forecast/opening-day-countdown/l/${locId}\&quot;,\&quot;monthly\&quot;:\&quot;/${locale}/clima/mensal/l/${locId}\&quot;,\&quot;notification\&quot;:\&quot;/${locale}/life/manage-notifications\&quot;,\&quot;premiumOnboarding\&quot;:\&quot;/premium/onboarding\&quot;,\&quot;privacyPolicyDirectory\&quot;:\&quot;/${locale}/diretorio-de-politicas-de-privacidade\&quot;,\&quot;privacySettings\&quot;:\&quot;/${locale}/privacy-settings\&quot;,\&quot;radar\&quot;:\&quot;/${locale}/clima/mapas/interactive/l/${locId}\&quot;,\&quot;rss\&quot;:\&quot;/rss\&quot;,\&quot;search\&quot;:\&quot;/${locale}/search/enhancedlocalsearch\&quot;,\&quot;ski\&quot;:\&quot;/${locale}/forecast/ski/l/${locId}\&quot;,\&quot;slideshows\&quot;:\&quot;/${locale}/slideshows\&quot;,\&quot;tenday\&quot;:\&quot;/${locale}/clima/10dias/l/${locId}\&quot;,\&quot;testUrl\&quot;:\&quot;/${locale}/weather/testUrl\&quot;,\&quot;thanksgivingCountdown\&quot;:\&quot;/forecast/thanksgiving-countdown/l/${locId}\&quot;,\&quot;today\&quot;:\&quot;/${locale}/clima/hoje/l/${locId}\&quot;,\&quot;unsubscribe\&quot;:\&quot;/${locale}/life/alerts/unsubscribe\&quot;,\&quot;video\&quot;:\&quot;/${locale}/${collectionId}/video/${videoTitle}\&quot;,\&quot;weekend\&quot;:\&quot;/${locale}/clima/fimdesemana/l/${locId}\&quot;,\&quot;yesterday\&quot;:\&quot;//www.wunderground.com/history/daily/${locId}/yesterday\&quot;}},\&quot;pt-PT\&quot;:{\&quot;wxu-urls\&quot;:{\&quot;airQuality\&quot;:\&quot;/${locale}/forecast/air-quality/l/${locId}\&quot;,\&quot;alertDetails\&quot;:\&quot;/${locale}/weather/alerts/localalerts/l/${locId}\&quot;,\&quot;alerts\&quot;:\&quot;/${locale}/weather/alerts/localalerts/l/${locId}\&quot;,\&quot;allergy\&quot;:\&quot;/${locale}/forecast/allergy/l/${locId}\&quot;,\&quot;apps\&quot;:\&quot;/${locale}/${collectionId}/${assetName}\&quot;,\&quot;article\&quot;:\&quot;/${locale}/${collectionId}/news/${articleTitle}\&quot;,\&quot;betterDecisions\&quot;:\&quot;/mission\&quot;,\&quot;boatBeach\&quot;:\&quot;/${locale}/forecast/boat-beach/l/${locId}\&quot;,\&quot;breathing\&quot;:\&quot;/${locale}/forecast/breathing/l/${locId}\&quot;,\&quot;callforcode\&quot;:\&quot;/callforcode\&quot;,\&quot;christmasCountdown\&quot;:\&quot;/forecast/christmas-countdown/l/${locId}\&quot;,\&quot;coldFlu\&quot;:\&quot;/${locale}/forecast/cold-flu/l/${locId}\&quot;,\&quot;covid19\&quot;:\&quot;/${locale}/coronavirus/l/${locId}\&quot;,\&quot;covid19map\&quot;:\&quot;/${locale}/coronavirus/map/l/${locId}\&quot;,\&quot;dataDefinitions\&quot;:\&quot;/${locale}/data-definitions\&quot;,\&quot;dataInventory\&quot;:\&quot;/${locale}/data-inventory\&quot;,\&quot;dataPartners\&quot;:\&quot;/${locale}/data-partners\&quot;,\&quot;dataRights\&quot;:\&quot;/${locale}/data-rights\&quot;,\&quot;farming\&quot;:\&quot;/${locale}/forecast/agriculture/l/${locId}\&quot;,\&quot;fishing\&quot;:\&quot;/${locale}/forecast/fishing/l/${locId}\&quot;,\&quot;fiveday\&quot;:\&quot;/${locale}/clima/5dias/l/${locId}\&quot;,\&quot;goRun\&quot;:\&quot;/${locale}/forecast/gorun/l/${locId}\&quot;,\&quot;home\&quot;:\&quot;/${locale}\&quot;,\&quot;hourly\&quot;:\&quot;/${locale}/clima/horaria/l/${locId}\&quot;,\&quot;interactiveMap\&quot;:\&quot;/${locale}/clima/mapas/interactive/l/${locId}\&quot;,\&quot;legal\&quot;:\&quot;/${locale}/${collectionId}/${assetName}\&quot;,\&quot;maps\&quot;:\&quot;/maps/${collectionId}\&quot;,\&quot;memberSettings\&quot;:\&quot;/${locale}/member/settings\&quot;,\&quot;memorialdayCountdown\&quot;:\&quot;/forecast/memorial-day-countdown/l/${locId}\&quot;,\&quot;mlbCountdown\&quot;:\&quot;/${locale}/forecast/opening-day-countdown/l/${locId}\&quot;,\&quot;monthly\&quot;:\&quot;/${locale}/clima/mensalmente/l/${locId}\&quot;,\&quot;notification\&quot;:\&quot;/${locale}/life/manage-notifications\&quot;,\&quot;premiumOnboarding\&quot;:\&quot;/premium/onboarding\&quot;,\&quot;privacyPolicyDirectory\&quot;:\&quot;/${locale}/privacy-policy-directory\&quot;,\&quot;privacySettings\&quot;:\&quot;/${locale}/privacy-settings\&quot;,\&quot;radar\&quot;:\&quot;/${locale}/weather/radar/interactive/l/${locId}\&quot;,\&quot;rss\&quot;:\&quot;/rss\&quot;,\&quot;search\&quot;:\&quot;/${locale}/search/enhancedlocalsearch\&quot;,\&quot;ski\&quot;:\&quot;/${locale}/forecast/ski/l/${locId}\&quot;,\&quot;slideshows\&quot;:\&quot;/${locale}/slideshows\&quot;,\&quot;tenday\&quot;:\&quot;/${locale}/clima/10dias/l/${locId}\&quot;,\&quot;testUrl\&quot;:\&quot;/${locale}/weather/testUrl\&quot;,\&quot;thanksgivingCountdown\&quot;:\&quot;/forecast/thanksgiving-countdown/l/${locId}\&quot;,\&quot;today\&quot;:\&quot;/${locale}/clima/hoje/l/${locId}\&quot;,\&quot;unsubscribe\&quot;:\&quot;/${locale}/life/alerts/unsubscribe\&quot;,\&quot;video\&quot;:\&quot;/${locale}/${collectionId}/video/${videoTitle}\&quot;,\&quot;weekend\&quot;:\&quot;/${locale}/clima/fimdesemana/l/${locId}\&quot;,\&quot;yesterday\&quot;:\&quot;//www.wunderground.com/history/daily/${locId}/yesterday\&quot;}},\&quot;ro-RO\&quot;:{\&quot;wxu-urls\&quot;:{\&quot;airQuality\&quot;:\&quot;/${locale}/forecast/air-quality/l/${locId}\&quot;,\&quot;alertDetails\&quot;:\&quot;/${locale}/weather/alerts/localalerts/l/${locId}\&quot;,\&quot;alerts\&quot;:\&quot;/${locale}/weather/alerts/localalerts/l/${locId}\&quot;,\&quot;allergy\&quot;:\&quot;/${locale}/forecast/allergy/l/${locId}\&quot;,\&quot;apps\&quot;:\&quot;/${locale}/${collectionId}/${assetName}\&quot;,\&quot;article\&quot;:\&quot;/${locale}/${collectionId}/news/${articleTitle}\&quot;,\&quot;betterDecisions\&quot;:\&quot;/mission\&quot;,\&quot;boatBeach\&quot;:\&quot;/${locale}/forecast/boat-beach/l/${locId}\&quot;,\&quot;breathing\&quot;:\&quot;/${locale}/forecast/breathing/l/${locId}\&quot;,\&quot;callforcode\&quot;:\&quot;/callforcode\&quot;,\&quot;christmasCountdown\&quot;:\&quot;/forecast/christmas-countdown/l/${locId}\&quot;,\&quot;coldFlu\&quot;:\&quot;/${locale}/forecast/cold-flu/l/${locId}\&quot;,\&quot;covid19\&quot;:\&quot;/${locale}/coronavirus/l/${locId}\&quot;,\&quot;covid19map\&quot;:\&quot;/${locale}/coronavirus/map/l/${locId}\&quot;,\&quot;dataDefinitions\&quot;:\&quot;/${locale}/data-definitions\&quot;,\&quot;dataInventory\&quot;:\&quot;/${locale}/data-inventory\&quot;,\&quot;dataPartners\&quot;:\&quot;/${locale}/data-partners\&quot;,\&quot;dataRights\&quot;:\&quot;/${locale}/data-rights\&quot;,\&quot;farming\&quot;:\&quot;/${locale}/forecast/agriculture/l/${locId}\&quot;,\&quot;fishing\&quot;:\&quot;/${locale}/forecast/fishing/l/${locId}\&quot;,\&quot;fiveday\&quot;:\&quot;/${locale}/vreme/5zile/l/${locId}\&quot;,\&quot;goRun\&quot;:\&quot;/${locale}/forecast/gorun/l/${locId}\&quot;,\&quot;home\&quot;:\&quot;/${locale}\&quot;,\&quot;hourly\&quot;:\&quot;/${locale}/vreme/orara/l/${locId}\&quot;,\&quot;interactiveMap\&quot;:\&quot;/${locale}/vreme/harti/interactive/l/${locId}\&quot;,\&quot;legal\&quot;:\&quot;/${locale}/${collectionId}/${assetName}\&quot;,\&quot;maps\&quot;:\&quot;/maps/${collectionId}\&quot;,\&quot;memberSettings\&quot;:\&quot;/${locale}/member/settings\&quot;,\&quot;memorialdayCountdown\&quot;:\&quot;/forecast/memorial-day-countdown/l/${locId}\&quot;,\&quot;mlbCountdown\&quot;:\&quot;/${locale}/forecast/opening-day-countdown/l/${locId}\&quot;,\&quot;monthly\&quot;:\&quot;/${locale}/vreme/peluni/l/${locId}\&quot;,\&quot;notification\&quot;:\&quot;/${locale}/life/manage-notifications\&quot;,\&quot;premiumOnboarding\&quot;:\&quot;/premium/onboarding\&quot;,\&quot;privacyPolicyDirectory\&quot;:\&quot;/${locale}/privacy-policy-directory\&quot;,\&quot;privacySettings\&quot;:\&quot;/${locale}/privacy-settings\&quot;,\&quot;radar\&quot;:\&quot;/${locale}/weather/radar/interactive/l/${locId}\&quot;,\&quot;rss\&quot;:\&quot;/rss\&quot;,\&quot;search\&quot;:\&quot;/${locale}/search/enhancedlocalsearch\&quot;,\&quot;ski\&quot;:\&quot;/${locale}/forecast/ski/l/${locId}\&quot;,\&quot;slideshows\&quot;:\&quot;/${locale}/slideshows\&quot;,\&quot;tenday\&quot;:\&quot;/${locale}/vreme/10zile/l/${locId}\&quot;,\&quot;testUrl\&quot;:\&quot;/${locale}/weather/testUrl\&quot;,\&quot;thanksgivingCountdown\&quot;:\&quot;/forecast/thanksgiving-countdown/l/${locId}\&quot;,\&quot;today\&quot;:\&quot;/${locale}/vreme/astazi/l/${locId}\&quot;,\&quot;unsubscribe\&quot;:\&quot;/${locale}/life/alerts/unsubscribe\&quot;,\&quot;video\&quot;:\&quot;/${locale}/${collectionId}/video/${videoTitle}\&quot;,\&quot;weekend\&quot;:\&quot;/${locale}/vreme/weekend/l/${locId}\&quot;,\&quot;yesterday\&quot;:\&quot;//www.wunderground.com/history/daily/${locId}/yesterday\&quot;}},\&quot;ru-RU\&quot;:{\&quot;wxu-urls\&quot;:{\&quot;airQuality\&quot;:\&quot;/${locale}/forecast/air-quality/l/${locId}\&quot;,\&quot;alertDetails\&quot;:\&quot;/${locale}/weather/alerts/localalerts/l/${locId}\&quot;,\&quot;alerts\&quot;:\&quot;/${locale}/weather/alerts/localalerts/l/${locId}\&quot;,\&quot;allergy\&quot;:\&quot;/${locale}/forecast/allergy/l/${locId}\&quot;,\&quot;apps\&quot;:\&quot;/${locale}/${collectionId}/${assetName}\&quot;,\&quot;article\&quot;:\&quot;/${locale}/${collectionId}/news/${articleTitle}\&quot;,\&quot;betterDecisions\&quot;:\&quot;/mission\&quot;,\&quot;boatBeach\&quot;:\&quot;/${locale}/forecast/boat-beach/l/${locId}\&quot;,\&quot;breathing\&quot;:\&quot;/${locale}/forecast/breathing/l/${locId}\&quot;,\&quot;callforcode\&quot;:\&quot;/callforcode\&quot;,\&quot;christmasCountdown\&quot;:\&quot;/forecast/christmas-countdown/l/${locId}\&quot;,\&quot;coldFlu\&quot;:\&quot;/${locale}/forecast/cold-flu/l/${locId}\&quot;,\&quot;covid19\&quot;:\&quot;/${locale}/coronavirus/l/${locId}\&quot;,\&quot;covid19map\&quot;:\&quot;/${locale}/coronavirus/map/l/${locId}\&quot;,\&quot;dataDefinitions\&quot;:\&quot;/${locale}/data-definitions\&quot;,\&quot;dataInventory\&quot;:\&quot;/${locale}/data-inventory\&quot;,\&quot;dataPartners\&quot;:\&quot;/${locale}/data-partners\&quot;,\&quot;dataRights\&quot;:\&quot;/${locale}/data-rights\&quot;,\&quot;farming\&quot;:\&quot;/${locale}/forecast/agriculture/l/${locId}\&quot;,\&quot;fishing\&quot;:\&quot;/${locale}/forecast/fishing/l/${locId}\&quot;,\&quot;fiveday\&quot;:\&quot;/${locale}/weather/5day/l/${locId}\&quot;,\&quot;goRun\&quot;:\&quot;/${locale}/forecast/gorun/l/${locId}\&quot;,\&quot;home\&quot;:\&quot;/${locale}\&quot;,\&quot;hourly\&quot;:\&quot;/${locale}/weather/hourbyhour/l/${locId}\&quot;,\&quot;interactiveMap\&quot;:\&quot;/${locale}/weather/radar/interactive/l/${locId}\&quot;,\&quot;legal\&quot;:\&quot;/${locale}/${collectionId}/${assetName}\&quot;,\&quot;maps\&quot;:\&quot;/maps/${collectionId}\&quot;,\&quot;memberSettings\&quot;:\&quot;/${locale}/member/settings\&quot;,\&quot;memorialdayCountdown\&quot;:\&quot;/forecast/memorial-day-countdown/l/${locId}\&quot;,\&quot;mlbCountdown\&quot;:\&quot;/${locale}/forecast/opening-day-countdown/l/${locId}\&quot;,\&quot;monthly\&quot;:\&quot;/${locale}/weather/monthly/l/${locId}\&quot;,\&quot;notification\&quot;:\&quot;/${locale}/life/manage-notifications\&quot;,\&quot;premiumOnboarding\&quot;:\&quot;/premium/onboarding\&quot;,\&quot;privacyPolicyDirectory\&quot;:\&quot;/${locale}/privacy-policy-directory\&quot;,\&quot;privacySettings\&quot;:\&quot;/${locale}/privacy-settings\&quot;,\&quot;radar\&quot;:\&quot;/${locale}/weather/radar/interactive/l/${locId}\&quot;,\&quot;rss\&quot;:\&quot;/rss\&quot;,\&quot;search\&quot;:\&quot;/${locale}/search/enhancedlocalsearch\&quot;,\&quot;ski\&quot;:\&quot;/${locale}/forecast/ski/l/${locId}\&quot;,\&quot;slideshows\&quot;:\&quot;/${locale}/slideshows\&quot;,\&quot;tenday\&quot;:\&quot;/${locale}/weather/tenday/l/${locId}\&quot;,\&quot;testUrl\&quot;:\&quot;/${locale}/weather/testUrl\&quot;,\&quot;thanksgivingCountdown\&quot;:\&quot;/forecast/thanksgiving-countdown/l/${locId}\&quot;,\&quot;today\&quot;:\&quot;/${locale}/weather/today/l/${locId}\&quot;,\&quot;unsubscribe\&quot;:\&quot;/${locale}/life/alerts/unsubscribe\&quot;,\&quot;video\&quot;:\&quot;/${locale}/${collectionId}/video/${videoTitle}\&quot;,\&quot;weekend\&quot;:\&quot;/${locale}/weather/weekend/l/${locId}\&quot;,\&quot;yesterday\&quot;:\&quot;//www.wunderground.com/history/daily/${locId}/yesterday\&quot;}},\&quot;si-LK\&quot;:{\&quot;wxu-urls\&quot;:{\&quot;airQuality\&quot;:\&quot;/${locale}/forecast/air-quality/l/${locId}\&quot;,\&quot;alertDetails\&quot;:\&quot;/${locale}/weather/alerts/localalerts/l/${locId}\&quot;,\&quot;alerts\&quot;:\&quot;/${locale}/weather/alerts/localalerts/l/${locId}\&quot;,\&quot;allergy\&quot;:\&quot;/${locale}/forecast/allergy/l/${locId}\&quot;,\&quot;apps\&quot;:\&quot;/${locale}/${collectionId}/${assetName}\&quot;,\&quot;article\&quot;:\&quot;/${locale}/${collectionId}/news/${articleTitle}\&quot;,\&quot;betterDecisions\&quot;:\&quot;/mission\&quot;,\&quot;boatBeach\&quot;:\&quot;/${locale}/forecast/boat-beach/l/${locId}\&quot;,\&quot;breathing\&quot;:\&quot;/${locale}/forecast/breathing/l/${locId}\&quot;,\&quot;callforcode\&quot;:\&quot;/callforcode\&quot;,\&quot;christmasCountdown\&quot;:\&quot;/forecast/christmas-countdown/l/${locId}\&quot;,\&quot;coldFlu\&quot;:\&quot;/${locale}/forecast/cold-flu/l/${locId}\&quot;,\&quot;covid19\&quot;:\&quot;/${locale}/coronavirus/l/${locId}\&quot;,\&quot;covid19map\&quot;:\&quot;/${locale}/coronavirus/map/l/${locId}\&quot;,\&quot;dataDefinitions\&quot;:\&quot;/${locale}/data-definitions\&quot;,\&quot;dataInventory\&quot;:\&quot;/${locale}/data-inventory\&quot;,\&quot;dataPartners\&quot;:\&quot;/${locale}/data-partners\&quot;,\&quot;dataRights\&quot;:\&quot;/${locale}/data-rights\&quot;,\&quot;farming\&quot;:\&quot;/${locale}/forecast/agriculture/l/${locId}\&quot;,\&quot;fishing\&quot;:\&quot;/${locale}/forecast/fishing/l/${locId}\&quot;,\&quot;fiveday\&quot;:\&quot;/${locale}/weather/5day/l/${locId}\&quot;,\&quot;goRun\&quot;:\&quot;/${locale}/forecast/gorun/l/${locId}\&quot;,\&quot;home\&quot;:\&quot;/${locale}\&quot;,\&quot;hourly\&quot;:\&quot;/${locale}/weather/hourbyhour/l/${locId}\&quot;,\&quot;interactiveMap\&quot;:\&quot;/${locale}/weather/maps/interactive/l/${locId}\&quot;,\&quot;legal\&quot;:\&quot;/${locale}/${collectionId}/${assetName}\&quot;,\&quot;maps\&quot;:\&quot;/maps/${collectionId}\&quot;,\&quot;memberSettings\&quot;:\&quot;/${locale}/member/settings\&quot;,\&quot;memorialdayCountdown\&quot;:\&quot;/forecast/memorial-day-countdown/l/${locId}\&quot;,\&quot;mlbCountdown\&quot;:\&quot;/${locale}/forecast/opening-day-countdown/l/${locId}\&quot;,\&quot;monthly\&quot;:\&quot;/${locale}/weather/monthly/l/${locId}\&quot;,\&quot;notification\&quot;:\&quot;/${locale}/life/manage-notifications\&quot;,\&quot;premiumOnboarding\&quot;:\&quot;/premium/onboarding\&quot;,\&quot;privacyPolicyDirectory\&quot;:\&quot;/${locale}/privacy-policy-directory\&quot;,\&quot;privacySettings\&quot;:\&quot;/${locale}/privacy-settings\&quot;,\&quot;radar\&quot;:\&quot;/${locale}/weather/maps/interactive/l/${locId}\&quot;,\&quot;rss\&quot;:\&quot;/rss\&quot;,\&quot;search\&quot;:\&quot;/${locale}/search/enhancedlocalsearch\&quot;,\&quot;ski\&quot;:\&quot;/${locale}/forecast/ski/l/${locId}\&quot;,\&quot;slideshows\&quot;:\&quot;/${locale}/slideshows\&quot;,\&quot;tenday\&quot;:\&quot;/${locale}/weather/tenday/l/${locId}\&quot;,\&quot;testUrl\&quot;:\&quot;/${locale}/weather/testUrl\&quot;,\&quot;thanksgivingCountdown\&quot;:\&quot;/forecast/thanksgiving-countdown/l/${locId}\&quot;,\&quot;today\&quot;:\&quot;/${locale}/weather/today/l/${locId}\&quot;,\&quot;unsubscribe\&quot;:\&quot;/${locale}/life/alerts/unsubscribe\&quot;,\&quot;video\&quot;:\&quot;/${locale}/${collectionId}/video/${videoTitle}\&quot;,\&quot;weekend\&quot;:\&quot;/${locale}/weather/weekend/l/${locId}\&quot;,\&quot;yesterday\&quot;:\&quot;//www.wunderground.com/history/daily/${locId}/yesterday\&quot;}},\&quot;sk-SK\&quot;:{\&quot;wxu-urls\&quot;:{\&quot;airQuality\&quot;:\&quot;/${locale}/forecast/air-quality/l/${locId}\&quot;,\&quot;alertDetails\&quot;:\&quot;/${locale}/weather/alerts/localalerts/l/${locId}\&quot;,\&quot;alerts\&quot;:\&quot;/${locale}/weather/alerts/localalerts/l/${locId}\&quot;,\&quot;allergy\&quot;:\&quot;/${locale}/forecast/allergy/l/${locId}\&quot;,\&quot;apps\&quot;:\&quot;/${locale}/${collectionId}/${assetName}\&quot;,\&quot;article\&quot;:\&quot;/${locale}/${collectionId}/news/${articleTitle}\&quot;,\&quot;betterDecisions\&quot;:\&quot;/ciel\&quot;,\&quot;boatBeach\&quot;:\&quot;/${locale}/forecast/boat-beach/l/${locId}\&quot;,\&quot;breathing\&quot;:\&quot;/${locale}/forecast/breathing/l/${locId}\&quot;,\&quot;callforcode\&quot;:\&quot;/callforcode\&quot;,\&quot;christmasCountdown\&quot;:\&quot;/forecast/christmas-countdown/l/${locId}\&quot;,\&quot;coldFlu\&quot;:\&quot;/${locale}/forecast/cold-flu/l/${locId}\&quot;,\&quot;covid19\&quot;:\&quot;/${locale}/coronavirus/l/${locId}\&quot;,\&quot;covid19map\&quot;:\&quot;/${locale}/coronavirus/map/l/${locId}\&quot;,\&quot;dataDefinitions\&quot;:\&quot;/${locale}/definicie-udajov\&quot;,\&quot;dataInventory\&quot;:\&quot;/${locale}/data-inventory\&quot;,\&quot;dataPartners\&quot;:\&quot;/${locale}/data-partners\&quot;,\&quot;dataRights\&quot;:\&quot;/${locale}/prava-na-pristup-k-udajom\&quot;,\&quot;farming\&quot;:\&quot;/${locale}/forecast/agriculture/l/${locId}\&quot;,\&quot;fishing\&quot;:\&quot;/${locale}/forecast/fishing/l/${locId}\&quot;,\&quot;fiveday\&quot;:\&quot;/${locale}/pocasie/5dni/l/${locId}\&quot;,\&quot;goRun\&quot;:\&quot;/${locale}/forecast/gorun/l/${locId}\&quot;,\&quot;home\&quot;:\&quot;/${locale}\&quot;,\&quot;hourly\&quot;:\&quot;/${locale}/pocasie/Hodinova/l/${locId}\&quot;,\&quot;interactiveMap\&quot;:\&quot;/${locale}/pocasie/mapy/interactive/l/${locId}\&quot;,\&quot;legal\&quot;:\&quot;/${locale}/${collectionId}/${assetName}\&quot;,\&quot;maps\&quot;:\&quot;/maps/${collectionId}\&quot;,\&quot;memberSettings\&quot;:\&quot;/${locale}/member/settings\&quot;,\&quot;memorialdayCountdown\&quot;:\&quot;/forecast/memorial-day-countdown/l/${locId}\&quot;,\&quot;mlbCountdown\&quot;:\&quot;/${locale}/forecast/opening-day-countdown/l/${locId}\&quot;,\&quot;monthly\&quot;:\&quot;/${locale}/pocasie/mesacne/l/${locId}\&quot;,\&quot;notification\&quot;:\&quot;/${locale}/life/manage-notifications\&quot;,\&quot;premiumOnboarding\&quot;:\&quot;/premium/onboarding\&quot;,\&quot;privacyPolicyDirectory\&quot;:\&quot;/${locale}/privacy-policy-directory\&quot;,\&quot;privacySettings\&quot;:\&quot;/${locale}/privacy-settings\&quot;,\&quot;radar\&quot;:\&quot;/${locale}/weather/radar/interactive/l/${locId}\&quot;,\&quot;rss\&quot;:\&quot;/rss\&quot;,\&quot;search\&quot;:\&quot;/${locale}/search/enhancedlocalsearch\&quot;,\&quot;ski\&quot;:\&quot;/${locale}/forecast/ski/l/${locId}\&quot;,\&quot;slideshows\&quot;:\&quot;/${locale}/slideshows\&quot;,\&quot;tenday\&quot;:\&quot;/${locale}/pocasie/10dni/l/${locId}\&quot;,\&quot;testUrl\&quot;:\&quot;/${locale}/weather/testUrl\&quot;,\&quot;thanksgivingCountdown\&quot;:\&quot;/forecast/thanksgiving-countdown/l/${locId}\&quot;,\&quot;today\&quot;:\&quot;/${locale}/pocasie/dnes/l/${locId}\&quot;,\&quot;unsubscribe\&quot;:\&quot;/${locale}/life/alerts/unsubscribe\&quot;,\&quot;video\&quot;:\&quot;/${locale}/${collectionId}/video/${videoTitle}\&quot;,\&quot;weekend\&quot;:\&quot;/${locale}/pocasie/vikend/l/${locId}\&quot;,\&quot;yesterday\&quot;:\&quot;//www.wunderground.com/history/daily/${locId}/yesterday\&quot;}},\&quot;sl-SI\&quot;:{\&quot;wxu-urls\&quot;:{\&quot;airQuality\&quot;:\&quot;/${locale}/forecast/air-quality/l/${locId}\&quot;,\&quot;alertDetails\&quot;:\&quot;/${locale}/weather/alerts/localalerts/l/${locId}\&quot;,\&quot;alerts\&quot;:\&quot;/${locale}/weather/alerts/localalerts/l/${locId}\&quot;,\&quot;allergy\&quot;:\&quot;/${locale}/forecast/allergy/l/${locId}\&quot;,\&quot;apps\&quot;:\&quot;/${locale}/${collectionId}/${assetName}\&quot;,\&quot;article\&quot;:\&quot;/${locale}/${collectionId}/news/${articleTitle}\&quot;,\&quot;betterDecisions\&quot;:\&quot;/mission\&quot;,\&quot;boatBeach\&quot;:\&quot;/${locale}/forecast/boat-beach/l/${locId}\&quot;,\&quot;breathing\&quot;:\&quot;/${locale}/forecast/breathing/l/${locId}\&quot;,\&quot;callforcode\&quot;:\&quot;/callforcode\&quot;,\&quot;christmasCountdown\&quot;:\&quot;/forecast/christmas-countdown/l/${locId}\&quot;,\&quot;coldFlu\&quot;:\&quot;/${locale}/forecast/cold-flu/l/${locId}\&quot;,\&quot;covid19\&quot;:\&quot;/${locale}/coronavirus/l/${locId}\&quot;,\&quot;covid19map\&quot;:\&quot;/${locale}/coronavirus/map/l/${locId}\&quot;,\&quot;dataDefinitions\&quot;:\&quot;/${locale}/data-definitions\&quot;,\&quot;dataInventory\&quot;:\&quot;/${locale}/data-inventory\&quot;,\&quot;dataPartners\&quot;:\&quot;/${locale}/data-partners\&quot;,\&quot;dataRights\&quot;:\&quot;/${locale}/data-rights\&quot;,\&quot;farming\&quot;:\&quot;/${locale}/forecast/agriculture/l/${locId}\&quot;,\&quot;fishing\&quot;:\&quot;/${locale}/forecast/fishing/l/${locId}\&quot;,\&quot;fiveday\&quot;:\&quot;/${locale}/vreme/5dni/l/${locId}\&quot;,\&quot;goRun\&quot;:\&quot;/${locale}/forecast/gorun/l/${locId}\&quot;,\&quot;home\&quot;:\&quot;/${locale}\&quot;,\&quot;hourly\&quot;:\&quot;/${locale}/vreme/urozauro/l/${locId}\&quot;,\&quot;interactiveMap\&quot;:\&quot;/${locale}/vreme/zrmljevidi/interaktivno/l/${locId}\&quot;,\&quot;legal\&quot;:\&quot;/${locale}/${collectionId}/${assetName}\&quot;,\&quot;maps\&quot;:\&quot;/maps/${collectionId}\&quot;,\&quot;memberSettings\&quot;:\&quot;/${locale}/member/settings\&quot;,\&quot;memorialdayCountdown\&quot;:\&quot;/forecast/memorial-day-countdown/l/${locId}\&quot;,\&quot;mlbCountdown\&quot;:\&quot;/${locale}/forecast/opening-day-countdown/l/${locId}\&quot;,\&quot;monthly\&quot;:\&quot;/${locale}/vreme/mesecno/l/${locId}\&quot;,\&quot;notification\&quot;:\&quot;/${locale}/life/manage-notifications\&quot;,\&quot;premiumOnboarding\&quot;:\&quot;/premium/onboarding\&quot;,\&quot;privacyPolicyDirectory\&quot;:\&quot;/${locale}/privacy-policy-directory\&quot;,\&quot;privacySettings\&quot;:\&quot;/${locale}/privacy-settings\&quot;,\&quot;radar\&quot;:\&quot;/${locale}/weather/radar/interactive/l/${locId}\&quot;,\&quot;rss\&quot;:\&quot;/rss\&quot;,\&quot;search\&quot;:\&quot;/${locale}/search/enhancedlocalsearch\&quot;,\&quot;ski\&quot;:\&quot;/${locale}/forecast/ski/l/${locId}\&quot;,\&quot;slideshows\&quot;:\&quot;/${locale}/slideshows\&quot;,\&quot;tenday\&quot;:\&quot;/${locale}/vreme/desetdni/l/${locId}\&quot;,\&quot;testUrl\&quot;:\&quot;/${locale}/weather/testUrl\&quot;,\&quot;thanksgivingCountdown\&quot;:\&quot;/forecast/thanksgiving-countdown/l/${locId}\&quot;,\&quot;today\&quot;:\&quot;/${locale}/vreme/danes/l/${locId}\&quot;,\&quot;unsubscribe\&quot;:\&quot;/${locale}/life/alerts/unsubscribe\&quot;,\&quot;video\&quot;:\&quot;/${locale}/${collectionId}/video/${videoTitle}\&quot;,\&quot;weekend\&quot;:\&quot;/${locale}/vreme/konectedna/l/${locId}\&quot;,\&quot;yesterday\&quot;:\&quot;//www.wunderground.com/history/daily/${locId}/yesterday\&quot;}},\&quot;sq-AL\&quot;:{\&quot;wxu-urls\&quot;:{\&quot;airQuality\&quot;:\&quot;/${locale}/forecast/air-quality/l/${locId}\&quot;,\&quot;alertDetails\&quot;:\&quot;/${locale}/weather/alerts/localalerts/l/${locId}\&quot;,\&quot;alerts\&quot;:\&quot;/${locale}/weather/alerts/localalerts/l/${locId}\&quot;,\&quot;allergy\&quot;:\&quot;/${locale}/forecast/allergy/l/${locId}\&quot;,\&quot;apps\&quot;:\&quot;/${locale}/${collectionId}/${assetName}\&quot;,\&quot;article\&quot;:\&quot;/${locale}/${collectionId}/news/${articleTitle}\&quot;,\&quot;betterDecisions\&quot;:\&quot;/mission\&quot;,\&quot;boatBeach\&quot;:\&quot;/${locale}/forecast/boat-beach/l/${locId}\&quot;,\&quot;breathing\&quot;:\&quot;/${locale}/forecast/breathing/l/${locId}\&quot;,\&quot;callforcode\&quot;:\&quot;/callforcode\&quot;,\&quot;christmasCountdown\&quot;:\&quot;/forecast/christmas-countdown/l/${locId}\&quot;,\&quot;coldFlu\&quot;:\&quot;/${locale}/forecast/cold-flu/l/${locId}\&quot;,\&quot;covid19\&quot;:\&quot;/${locale}/coronavirus/l/${locId}\&quot;,\&quot;covid19map\&quot;:\&quot;/${locale}/coronavirus/map/l/${locId}\&quot;,\&quot;dataDefinitions\&quot;:\&quot;/${locale}/data-definitions\&quot;,\&quot;dataInventory\&quot;:\&quot;/${locale}/data-inventory\&quot;,\&quot;dataPartners\&quot;:\&quot;/${locale}/data-partners\&quot;,\&quot;dataRights\&quot;:\&quot;/${locale}/data-rights\&quot;,\&quot;farming\&quot;:\&quot;/${locale}/forecast/agriculture/l/${locId}\&quot;,\&quot;fishing\&quot;:\&quot;/${locale}/forecast/fishing/l/${locId}\&quot;,\&quot;fiveday\&quot;:\&quot;/${locale}/moti/5dite/l/${locId}\&quot;,\&quot;goRun\&quot;:\&quot;/${locale}/forecast/gorun/l/${locId}\&quot;,\&quot;home\&quot;:\&quot;/${locale}\&quot;,\&quot;hourly\&quot;:\&quot;/${locale}/moti/orepasore/l/${locId}\&quot;,\&quot;interactiveMap\&quot;:\&quot;/${locale}/moti/hartat/interaktive/l/${locId}\&quot;,\&quot;legal\&quot;:\&quot;/${locale}/${collectionId}/${assetName}\&quot;,\&quot;maps\&quot;:\&quot;/maps/${collectionId}\&quot;,\&quot;memberSettings\&quot;:\&quot;/${locale}/member/settings\&quot;,\&quot;memorialdayCountdown\&quot;:\&quot;/forecast/memorial-day-countdown/l/${locId}\&quot;,\&quot;mlbCountdown\&quot;:\&quot;/${locale}/forecast/opening-day-countdown/l/${locId}\&quot;,\&quot;monthly\&quot;:\&quot;/${locale}/moti/mujor/l/${locId}\&quot;,\&quot;notification\&quot;:\&quot;/${locale}/life/manage-notifications\&quot;,\&quot;premiumOnboarding\&quot;:\&quot;/premium/onboarding\&quot;,\&quot;privacyPolicyDirectory\&quot;:\&quot;/${locale}/privacy-policy-directory\&quot;,\&quot;privacySettings\&quot;:\&quot;/${locale}/privacy-settings\&quot;,\&quot;radar\&quot;:\&quot;/${locale}/weather/radar/interactive/l/${locId}\&quot;,\&quot;rss\&quot;:\&quot;/rss\&quot;,\&quot;search\&quot;:\&quot;/${locale}/search/enhancedlocalsearch\&quot;,\&quot;ski\&quot;:\&quot;/${locale}/forecast/ski/l/${locId}\&quot;,\&quot;slideshows\&quot;:\&quot;/${locale}/slideshows\&quot;,\&quot;tenday\&quot;:\&quot;/${locale}/moti/dhjetedite/l/${locId}\&quot;,\&quot;testUrl\&quot;:\&quot;/${locale}/weather/testUrl\&quot;,\&quot;thanksgivingCountdown\&quot;:\&quot;/forecast/thanksgiving-countdown/l/${locId}\&quot;,\&quot;today\&quot;:\&quot;/${locale}/moti/sot/l/${locId}\&quot;,\&quot;unsubscribe\&quot;:\&quot;/${locale}/life/alerts/unsubscribe\&quot;,\&quot;video\&quot;:\&quot;/${locale}/${collectionId}/video/${videoTitle}\&quot;,\&quot;weekend\&quot;:\&quot;/${locale}/moti/fundjave/l/${locId}\&quot;,\&quot;yesterday\&quot;:\&quot;//www.wunderground.com/history/daily/${locId}/yesterday\&quot;}},\&quot;sr-RS\&quot;:{\&quot;wxu-urls\&quot;:{\&quot;airQuality\&quot;:\&quot;/${locale}/forecast/air-quality/l/${locId}\&quot;,\&quot;alertDetails\&quot;:\&quot;/${locale}/weather/alerts/localalerts/l/${locId}\&quot;,\&quot;alerts\&quot;:\&quot;/${locale}/weather/alerts/localalerts/l/${locId}\&quot;,\&quot;allergy\&quot;:\&quot;/${locale}/forecast/allergy/l/${locId}\&quot;,\&quot;apps\&quot;:\&quot;/${locale}/${collectionId}/${assetName}\&quot;,\&quot;article\&quot;:\&quot;/${locale}/${collectionId}/news/${articleTitle}\&quot;,\&quot;betterDecisions\&quot;:\&quot;/mission\&quot;,\&quot;boatBeach\&quot;:\&quot;/${locale}/forecast/boat-beach/l/${locId}\&quot;,\&quot;breathing\&quot;:\&quot;/${locale}/forecast/breathing/l/${locId}\&quot;,\&quot;callforcode\&quot;:\&quot;/callforcode\&quot;,\&quot;christmasCountdown\&quot;:\&quot;/forecast/christmas-countdown/l/${locId}\&quot;,\&quot;coldFlu\&quot;:\&quot;/${locale}/forecast/cold-flu/l/${locId}\&quot;,\&quot;covid19\&quot;:\&quot;/${locale}/coronavirus/l/${locId}\&quot;,\&quot;covid19map\&quot;:\&quot;/${locale}/coronavirus/map/l/${locId}\&quot;,\&quot;dataDefinitions\&quot;:\&quot;/${locale}/data-definitions\&quot;,\&quot;dataInventory\&quot;:\&quot;/${locale}/data-inventory\&quot;,\&quot;dataPartners\&quot;:\&quot;/${locale}/data-partners\&quot;,\&quot;dataRights\&quot;:\&quot;/${locale}/data-rights\&quot;,\&quot;farming\&quot;:\&quot;/${locale}/forecast/agriculture/l/${locId}\&quot;,\&quot;fishing\&quot;:\&quot;/${locale}/forecast/fishing/l/${locId}\&quot;,\&quot;fiveday\&quot;:\&quot;/${locale}/vreme/5dana/l/${locId}\&quot;,\&quot;goRun\&quot;:\&quot;/${locale}/forecast/gorun/l/${locId}\&quot;,\&quot;home\&quot;:\&quot;/${locale}\&quot;,\&quot;hourly\&quot;:\&quot;/${locale}/vreme/pocasovima/l/${locId}\&quot;,\&quot;interactiveMap\&quot;:\&quot;/${locale}/vreme/karte/interaktivno/l/${locId}\&quot;,\&quot;legal\&quot;:\&quot;/${locale}/${collectionId}/${assetName}\&quot;,\&quot;maps\&quot;:\&quot;/maps/${collectionId}\&quot;,\&quot;memberSettings\&quot;:\&quot;/${locale}/member/settings\&quot;,\&quot;memorialdayCountdown\&quot;:\&quot;/forecast/memorial-day-countdown/l/${locId}\&quot;,\&quot;mlbCountdown\&quot;:\&quot;/${locale}/forecast/opening-day-countdown/l/${locId}\&quot;,\&quot;monthly\&quot;:\&quot;/${locale}/vreme/mesecna/l/${locId}\&quot;,\&quot;notification\&quot;:\&quot;/${locale}/life/manage-notifications\&quot;,\&quot;premiumOnboarding\&quot;:\&quot;/premium/onboarding\&quot;,\&quot;privacyPolicyDirectory\&quot;:\&quot;/${locale}/privacy-policy-directory\&quot;,\&quot;privacySettings\&quot;:\&quot;/${locale}/privacy-settings\&quot;,\&quot;radar\&quot;:\&quot;/${locale}/weather/radar/interactive/l/${locId}\&quot;,\&quot;rss\&quot;:\&quot;/rss\&quot;,\&quot;search\&quot;:\&quot;/${locale}/search/enhancedlocalsearch\&quot;,\&quot;ski\&quot;:\&quot;/${locale}/forecast/ski/l/${locId}\&quot;,\&quot;slideshows\&quot;:\&quot;/${locale}/slideshows\&quot;,\&quot;tenday\&quot;:\&quot;/${locale}/vreme/desetdana/l/${locId}\&quot;,\&quot;testUrl\&quot;:\&quot;/${locale}/weather/testUrl\&quot;,\&quot;thanksgivingCountdown\&quot;:\&quot;/forecast/thanksgiving-countdown/l/${locId}\&quot;,\&quot;today\&quot;:\&quot;/${locale}/vreme/danas/l/${locId}\&quot;,\&quot;unsubscribe\&quot;:\&quot;/${locale}/life/alerts/unsubscribe\&quot;,\&quot;video\&quot;:\&quot;/${locale}/${collectionId}/video/${videoTitle}\&quot;,\&quot;weekend\&quot;:\&quot;/${locale}/haliyahewa/wikendi/l/${locId}\&quot;,\&quot;yesterday\&quot;:\&quot;//www.wunderground.com/history/daily/${locId}/yesterday\&quot;}},\&quot;sv-SE\&quot;:{\&quot;wxu-urls\&quot;:{\&quot;airQuality\&quot;:\&quot;/${locale}/forecast/air-quality/l/${locId}\&quot;,\&quot;alertDetails\&quot;:\&quot;/${locale}/weather/alerts/localalerts/l/${locId}\&quot;,\&quot;alerts\&quot;:\&quot;/${locale}/weather/alerts/localalerts/l/${locId}\&quot;,\&quot;allergy\&quot;:\&quot;/${locale}/forecast/allergy/l/${locId}\&quot;,\&quot;apps\&quot;:\&quot;/${locale}/${collectionId}/${assetName}\&quot;,\&quot;article\&quot;:\&quot;/${locale}/${collectionId}/news/${articleTitle}\&quot;,\&quot;betterDecisions\&quot;:\&quot;/mission\&quot;,\&quot;boatBeach\&quot;:\&quot;/${locale}/forecast/boat-beach/l/${locId}\&quot;,\&quot;breathing\&quot;:\&quot;/${locale}/forecast/breathing/l/${locId}\&quot;,\&quot;callforcode\&quot;:\&quot;/callforcode\&quot;,\&quot;christmasCountdown\&quot;:\&quot;/forecast/christmas-countdown/l/${locId}\&quot;,\&quot;coldFlu\&quot;:\&quot;/${locale}/forecast/cold-flu/l/${locId}\&quot;,\&quot;covid19\&quot;:\&quot;/${locale}/coronavirus/l/${locId}\&quot;,\&quot;covid19map\&quot;:\&quot;/${locale}/coronavirus/map/l/${locId}\&quot;,\&quot;dataDefinitions\&quot;:\&quot;/${locale}/data-definitions\&quot;,\&quot;dataInventory\&quot;:\&quot;/${locale}/data-inventory\&quot;,\&quot;dataPartners\&quot;:\&quot;/${locale}/data-partners\&quot;,\&quot;dataRights\&quot;:\&quot;/${locale}/data-rights\&quot;,\&quot;farming\&quot;:\&quot;/${locale}/forecast/agriculture/l/${locId}\&quot;,\&quot;fishing\&quot;:\&quot;/${locale}/forecast/fishing/l/${locId}\&quot;,\&quot;fiveday\&quot;:\&quot;/${locale}/weather/5day/l/${locId}\&quot;,\&quot;goRun\&quot;:\&quot;/${locale}/forecast/gorun/l/${locId}\&quot;,\&quot;home\&quot;:\&quot;/${locale}\&quot;,\&quot;hourly\&quot;:\&quot;/${locale}/weather/hourbyhour/l/${locId}\&quot;,\&quot;interactiveMap\&quot;:\&quot;/${locale}/weather/radar/interactive/l/${locId}\&quot;,\&quot;legal\&quot;:\&quot;/${locale}/${collectionId}/${assetName}\&quot;,\&quot;maps\&quot;:\&quot;/maps/${collectionId}\&quot;,\&quot;memberSettings\&quot;:\&quot;/${locale}/member/settings\&quot;,\&quot;memorialdayCountdown\&quot;:\&quot;/forecast/memorial-day-countdown/l/${locId}\&quot;,\&quot;mlbCountdown\&quot;:\&quot;/${locale}/forecast/opening-day-countdown/l/${locId}\&quot;,\&quot;monthly\&quot;:\&quot;/${locale}/weather/monthly/l/${locId}\&quot;,\&quot;notification\&quot;:\&quot;/${locale}/life/manage-notifications\&quot;,\&quot;premiumOnboarding\&quot;:\&quot;/premium/onboarding\&quot;,\&quot;privacyPolicyDirectory\&quot;:\&quot;/${locale}/privacy-policy-directory\&quot;,\&quot;privacySettings\&quot;:\&quot;/${locale}/privacy-settings\&quot;,\&quot;radar\&quot;:\&quot;/${locale}/weather/radar/interactive/l/${locId}\&quot;,\&quot;rss\&quot;:\&quot;/rss\&quot;,\&quot;search\&quot;:\&quot;/${locale}/search/enhancedlocalsearch\&quot;,\&quot;ski\&quot;:\&quot;/${locale}/forecast/ski/l/${locId}\&quot;,\&quot;slideshows\&quot;:\&quot;/${locale}/slideshows\&quot;,\&quot;tenday\&quot;:\&quot;/${locale}/weather/tenday/l/${locId}\&quot;,\&quot;testUrl\&quot;:\&quot;/${locale}/weather/testUrl\&quot;,\&quot;thanksgivingCountdown\&quot;:\&quot;/forecast/thanksgiving-countdown/l/${locId}\&quot;,\&quot;today\&quot;:\&quot;/${locale}/weather/today/l/${locId}\&quot;,\&quot;unsubscribe\&quot;:\&quot;/${locale}/life/alerts/unsubscribe\&quot;,\&quot;video\&quot;:\&quot;/${locale}/${collectionId}/video/${videoTitle}\&quot;,\&quot;weekend\&quot;:\&quot;/${locale}/weather/weekend/l/${locId}\&quot;,\&quot;yesterday\&quot;:\&quot;//www.wunderground.com/history/daily/${locId}/yesterday\&quot;}},\&quot;sw\&quot;:{\&quot;wxu-urls\&quot;:{\&quot;airQuality\&quot;:\&quot;/${locale}/forecast/air-quality/l/${locId}\&quot;,\&quot;alertDetails\&quot;:\&quot;/${locale}/weather/alerts/localalerts/l/${locId}\&quot;,\&quot;alerts\&quot;:\&quot;/${locale}/weather/alerts/localalerts/l/${locId}\&quot;,\&quot;allergy\&quot;:\&quot;/${locale}/forecast/allergy/l/${locId}\&quot;,\&quot;apps\&quot;:\&quot;/${locale}/${collectionId}/${assetName}\&quot;,\&quot;article\&quot;:\&quot;/${locale}/${collectionId}/news/${articleTitle}\&quot;,\&quot;betterDecisions\&quot;:\&quot;/mission\&quot;,\&quot;boatBeach\&quot;:\&quot;/${locale}/forecast/boat-beach/l/${locId}\&quot;,\&quot;breathing\&quot;:\&quot;/${locale}/forecast/breathing/l/${locId}\&quot;,\&quot;callforcode\&quot;:\&quot;/callforcode\&quot;,\&quot;christmasCountdown\&quot;:\&quot;/forecast/christmas-countdown/l/${locId}\&quot;,\&quot;coldFlu\&quot;:\&quot;/${locale}/forecast/cold-flu/l/${locId}\&quot;,\&quot;covid19\&quot;:\&quot;/${locale}/coronavirus/l/${locId}\&quot;,\&quot;covid19map\&quot;:\&quot;/${locale}/coronavirus/map/l/${locId}\&quot;,\&quot;dataDefinitions\&quot;:\&quot;/${locale}/data-definitions\&quot;,\&quot;dataInventory\&quot;:\&quot;/${locale}/data-inventory\&quot;,\&quot;dataPartners\&quot;:\&quot;/${locale}/data-partners\&quot;,\&quot;dataRights\&quot;:\&quot;/${locale}/data-rights\&quot;,\&quot;farming\&quot;:\&quot;/${locale}/forecast/agriculture/l/${locId}\&quot;,\&quot;fishing\&quot;:\&quot;/${locale}/forecast/fishing/l/${locId}\&quot;,\&quot;fiveday\&quot;:\&quot;/${locale}/haliyahewa/siku5/l/${locId}\&quot;,\&quot;goRun\&quot;:\&quot;/${locale}/forecast/gorun/l/${locId}\&quot;,\&quot;home\&quot;:\&quot;/${locale}\&quot;,\&quot;hourly\&quot;:\&quot;/${locale}/haliyahewa/saakwasaa/l/${locId}\&quot;,\&quot;interactiveMap\&quot;:\&quot;/${locale}/haliyahewa/ramani/mwingiliano/l/${locId}\&quot;,\&quot;legal\&quot;:\&quot;/${locale}/${collectionId}/${assetName}\&quot;,\&quot;maps\&quot;:\&quot;/maps/${collectionId}\&quot;,\&quot;memberSettings\&quot;:\&quot;/${locale}/member/settings\&quot;,\&quot;memorialdayCountdown\&quot;:\&quot;/forecast/memorial-day-countdown/l/${locId}\&quot;,\&quot;mlbCountdown\&quot;:\&quot;/${locale}/forecast/opening-day-countdown/l/${locId}\&quot;,\&quot;monthly\&quot;:\&quot;/${locale}/haliyahewa/kilamwezi/l/${locId}\&quot;,\&quot;notification\&quot;:\&quot;/${locale}/life/manage-notifications\&quot;,\&quot;premiumOnboarding\&quot;:\&quot;/premium/onboarding\&quot;,\&quot;privacyPolicyDirectory\&quot;:\&quot;/${locale}/privacy-policy-directory\&quot;,\&quot;privacySettings\&quot;:\&quot;/${locale}/privacy-settings\&quot;,\&quot;radar\&quot;:\&quot;/${locale}/haliyahewa/ramani/mwingiliano/l/${locId}\&quot;,\&quot;rss\&quot;:\&quot;/rss\&quot;,\&quot;search\&quot;:\&quot;/${locale}/search/enhancedlocalsearch\&quot;,\&quot;ski\&quot;:\&quot;/${locale}/forecast/ski/l/${locId}\&quot;,\&quot;slideshows\&quot;:\&quot;/${locale}/slideshows\&quot;,\&quot;tenday\&quot;:\&quot;/${locale}/haliyahewa/sikukumi/l/${locId}\&quot;,\&quot;testUrl\&quot;:\&quot;/${locale}/weather/testUrl\&quot;,\&quot;thanksgivingCountdown\&quot;:\&quot;/forecast/thanksgiving-countdown/l/${locId}\&quot;,\&quot;today\&quot;:\&quot;/${locale}/haliyahewa/leo/l/${locId}\&quot;,\&quot;unsubscribe\&quot;:\&quot;/${locale}/life/alerts/unsubscribe\&quot;,\&quot;video\&quot;:\&quot;/${locale}/${collectionId}/video/${videoTitle}\&quot;,\&quot;weekend\&quot;:\&quot;/${locale}/haliyahewa/wikendi/l/${locId}\&quot;,\&quot;yesterday\&quot;:\&quot;//www.wunderground.com/history/daily/${locId}/yesterday\&quot;}},\&quot;ta-IN\&quot;:{\&quot;wxu-urls\&quot;:{\&quot;airQuality\&quot;:\&quot;/${locale}/forecast/air-quality/l/${locId}\&quot;,\&quot;alertDetails\&quot;:\&quot;/${locale}/weather/alerts/localalerts/l/${locId}\&quot;,\&quot;alerts\&quot;:\&quot;/${locale}/weather/alerts/localalerts/l/${locId}\&quot;,\&quot;allergy\&quot;:\&quot;/${locale}/forecast/allergy/l/${locId}\&quot;,\&quot;apps\&quot;:\&quot;/${locale}/${collectionId}/${assetName}\&quot;,\&quot;article\&quot;:\&quot;/${locale}/${collectionId}/news/${articleTitle}\&quot;,\&quot;betterDecisions\&quot;:\&quot;/mission\&quot;,\&quot;boatBeach\&quot;:\&quot;/${locale}/forecast/boat-beach/l/${locId}\&quot;,\&quot;breathing\&quot;:\&quot;/${locale}/forecast/breathing/l/${locId}\&quot;,\&quot;callforcode\&quot;:\&quot;/callforcode\&quot;,\&quot;christmasCountdown\&quot;:\&quot;/forecast/christmas-countdown/l/${locId}\&quot;,\&quot;coldFlu\&quot;:\&quot;/${locale}/forecast/cold-flu/l/${locId}\&quot;,\&quot;covid19\&quot;:\&quot;/${locale}/coronavirus/l/${locId}\&quot;,\&quot;covid19map\&quot;:\&quot;/${locale}/coronavirus/map/l/${locId}\&quot;,\&quot;dataDefinitions\&quot;:\&quot;/${locale}/data-definitions\&quot;,\&quot;dataInventory\&quot;:\&quot;/${locale}/data-inventory\&quot;,\&quot;dataPartners\&quot;:\&quot;/${locale}/data-partners\&quot;,\&quot;dataRights\&quot;:\&quot;/${locale}/data-rights\&quot;,\&quot;farming\&quot;:\&quot;/${locale}/forecast/agriculture/l/${locId}\&quot;,\&quot;fishing\&quot;:\&quot;/${locale}/forecast/fishing/l/${locId}\&quot;,\&quot;fiveday\&quot;:\&quot;/${locale}/weather/5day/l/${locId}\&quot;,\&quot;goRun\&quot;:\&quot;/${locale}/forecast/gorun/l/${locId}\&quot;,\&quot;home\&quot;:\&quot;/${locale}\&quot;,\&quot;hourly\&quot;:\&quot;/${locale}/weather/hourbyhour/l/${locId}\&quot;,\&quot;interactiveMap\&quot;:\&quot;/${locale}/weather/maps/interactive/l/${locId}\&quot;,\&quot;legal\&quot;:\&quot;/${locale}/${collectionId}/${assetName}\&quot;,\&quot;maps\&quot;:\&quot;/maps/${collectionId}\&quot;,\&quot;memberSettings\&quot;:\&quot;/${locale}/member/settings\&quot;,\&quot;memorialdayCountdown\&quot;:\&quot;/forecast/memorial-day-countdown/l/${locId}\&quot;,\&quot;mlbCountdown\&quot;:\&quot;/${locale}/forecast/opening-day-countdown/l/${locId}\&quot;,\&quot;monthly\&quot;:\&quot;/${locale}/weather/monthly/l/${locId}\&quot;,\&quot;notification\&quot;:\&quot;/${locale}/life/manage-notifications\&quot;,\&quot;premiumOnboarding\&quot;:\&quot;/premium/onboarding\&quot;,\&quot;privacyPolicyDirectory\&quot;:\&quot;/${locale}/privacy-policy-directory\&quot;,\&quot;privacySettings\&quot;:\&quot;/${locale}/privacy-settings\&quot;,\&quot;radar\&quot;:\&quot;/${locale}/weather/maps/interactive/l/${locId}\&quot;,\&quot;rss\&quot;:\&quot;/rss\&quot;,\&quot;search\&quot;:\&quot;/${locale}/search/enhancedlocalsearch\&quot;,\&quot;ski\&quot;:\&quot;/${locale}/forecast/ski/l/${locId}\&quot;,\&quot;slideshows\&quot;:\&quot;/${locale}/slideshows\&quot;,\&quot;tenday\&quot;:\&quot;/${locale}/weather/tenday/l/${locId}\&quot;,\&quot;testUrl\&quot;:\&quot;/${locale}/weather/testUrl\&quot;,\&quot;thanksgivingCountdown\&quot;:\&quot;/forecast/thanksgiving-countdown/l/${locId}\&quot;,\&quot;today\&quot;:\&quot;/${locale}/weather/today/l/${locId}\&quot;,\&quot;unsubscribe\&quot;:\&quot;/${locale}/life/alerts/unsubscribe\&quot;,\&quot;video\&quot;:\&quot;/${locale}/${collectionId}/video/${videoTitle}\&quot;,\&quot;weekend\&quot;:\&quot;/${locale}/weather/weekend/l/${locId}\&quot;,\&quot;yesterday\&quot;:\&quot;//www.wunderground.com/history/daily/${locId}/yesterday\&quot;}},\&quot;te-IN\&quot;:{\&quot;wxu-urls\&quot;:{\&quot;airQuality\&quot;:\&quot;/${locale}/forecast/air-quality/l/${locId}\&quot;,\&quot;alertDetails\&quot;:\&quot;/${locale}/weather/alerts/localalerts/l/${locId}\&quot;,\&quot;alerts\&quot;:\&quot;/${locale}/weather/alerts/localalerts/l/${locId}\&quot;,\&quot;allergy\&quot;:\&quot;/${locale}/forecast/allergy/l/${locId}\&quot;,\&quot;apps\&quot;:\&quot;/${locale}/${collectionId}/${assetName}\&quot;,\&quot;article\&quot;:\&quot;/${locale}/${collectionId}/news/${articleTitle}\&quot;,\&quot;betterDecisions\&quot;:\&quot;/mission\&quot;,\&quot;boatBeach\&quot;:\&quot;/${locale}/forecast/boat-beach/l/${locId}\&quot;,\&quot;breathing\&quot;:\&quot;/${locale}/forecast/breathing/l/${locId}\&quot;,\&quot;callforcode\&quot;:\&quot;/callforcode\&quot;,\&quot;christmasCountdown\&quot;:\&quot;/forecast/christmas-countdown/l/${locId}\&quot;,\&quot;coldFlu\&quot;:\&quot;/${locale}/forecast/cold-flu/l/${locId}\&quot;,\&quot;covid19\&quot;:\&quot;/${locale}/coronavirus/l/${locId}\&quot;,\&quot;covid19map\&quot;:\&quot;/${locale}/coronavirus/map/l/${locId}\&quot;,\&quot;dataDefinitions\&quot;:\&quot;/${locale}/data-definitions\&quot;,\&quot;dataInventory\&quot;:\&quot;/${locale}/data-inventory\&quot;,\&quot;dataPartners\&quot;:\&quot;/${locale}/data-partners\&quot;,\&quot;dataRights\&quot;:\&quot;/${locale}/data-rights\&quot;,\&quot;farming\&quot;:\&quot;/${locale}/forecast/agriculture/l/${locId}\&quot;,\&quot;fishing\&quot;:\&quot;/${locale}/forecast/fishing/l/${locId}\&quot;,\&quot;fiveday\&quot;:\&quot;/${locale}/weather/5day/l/${locId}\&quot;,\&quot;goRun\&quot;:\&quot;/${locale}/forecast/gorun/l/${locId}\&quot;,\&quot;home\&quot;:\&quot;/${locale}\&quot;,\&quot;hourly\&quot;:\&quot;/${locale}/weather/hourbyhour/l/${locId}\&quot;,\&quot;interactiveMap\&quot;:\&quot;/${locale}/weather/maps/interactive/l/${locId}\&quot;,\&quot;legal\&quot;:\&quot;/${locale}/${collectionId}/${assetName}\&quot;,\&quot;maps\&quot;:\&quot;/maps/${collectionId}\&quot;,\&quot;memberSettings\&quot;:\&quot;/${locale}/member/settings\&quot;,\&quot;memorialdayCountdown\&quot;:\&quot;/forecast/memorial-day-countdown/l/${locId}\&quot;,\&quot;mlbCountdown\&quot;:\&quot;/${locale}/forecast/opening-day-countdown/l/${locId}\&quot;,\&quot;monthly\&quot;:\&quot;/${locale}/weather/monthly/l/${locId}\&quot;,\&quot;notification\&quot;:\&quot;/${locale}/life/manage-notifications\&quot;,\&quot;premiumOnboarding\&quot;:\&quot;/premium/onboarding\&quot;,\&quot;privacyPolicyDirectory\&quot;:\&quot;/${locale}/privacy-policy-directory\&quot;,\&quot;privacySettings\&quot;:\&quot;/${locale}/privacy-settings\&quot;,\&quot;radar\&quot;:\&quot;/${locale}/weather/radar/interactive/l/${locId}\&quot;,\&quot;rss\&quot;:\&quot;/rss\&quot;,\&quot;search\&quot;:\&quot;/${locale}/search/enhancedlocalsearch\&quot;,\&quot;ski\&quot;:\&quot;/${locale}/forecast/ski/l/${locId}\&quot;,\&quot;slideshows\&quot;:\&quot;/${locale}/slideshows\&quot;,\&quot;tenday\&quot;:\&quot;/${locale}/weather/tenday/l/${locId}\&quot;,\&quot;testUrl\&quot;:\&quot;/${locale}/weather/testUrl\&quot;,\&quot;thanksgivingCountdown\&quot;:\&quot;/forecast/thanksgiving-countdown/l/${locId}\&quot;,\&quot;today\&quot;:\&quot;/${locale}/weather/today/l/${locId}\&quot;,\&quot;unsubscribe\&quot;:\&quot;/${locale}/life/alerts/unsubscribe\&quot;,\&quot;video\&quot;:\&quot;/${locale}/${collectionId}/video/${videoTitle}\&quot;,\&quot;weekend\&quot;:\&quot;/${locale}/weather/weekend/l/${locId}\&quot;,\&quot;yesterday\&quot;:\&quot;//www.wunderground.com/history/daily/${locId}/yesterday\&quot;}},\&quot;tg-TJ\&quot;:{\&quot;wxu-urls\&quot;:{\&quot;airQuality\&quot;:\&quot;/${locale}/forecast/air-quality/l/${locId}\&quot;,\&quot;alertDetails\&quot;:\&quot;/${locale}/weather/alerts/localalerts/l/${locId}\&quot;,\&quot;alerts\&quot;:\&quot;/${locale}/weather/alerts/localalerts/l/${locId}\&quot;,\&quot;allergy\&quot;:\&quot;/${locale}/forecast/allergy/l/${locId}\&quot;,\&quot;apps\&quot;:\&quot;/${locale}/${collectionId}/${assetName}\&quot;,\&quot;article\&quot;:\&quot;/${locale}/${collectionId}/news/${articleTitle}\&quot;,\&quot;betterDecisions\&quot;:\&quot;/mission\&quot;,\&quot;boatBeach\&quot;:\&quot;/${locale}/forecast/boat-beach/l/${locId}\&quot;,\&quot;breathing\&quot;:\&quot;/${locale}/forecast/breathing/l/${locId}\&quot;,\&quot;callforcode\&quot;:\&quot;/callforcode\&quot;,\&quot;christmasCountdown\&quot;:\&quot;/forecast/christmas-countdown/l/${locId}\&quot;,\&quot;coldFlu\&quot;:\&quot;/${locale}/forecast/cold-flu/l/${locId}\&quot;,\&quot;covid19\&quot;:\&quot;/${locale}/coronavirus/l/${locId}\&quot;,\&quot;covid19map\&quot;:\&quot;/${locale}/coronavirus/map/l/${locId}\&quot;,\&quot;dataDefinitions\&quot;:\&quot;/${locale}/data-definitions\&quot;,\&quot;dataInventory\&quot;:\&quot;/${locale}/data-inventory\&quot;,\&quot;dataPartners\&quot;:\&quot;/${locale}/data-partners\&quot;,\&quot;dataRights\&quot;:\&quot;/${locale}/data-rights\&quot;,\&quot;farming\&quot;:\&quot;/${locale}/forecast/agriculture/l/${locId}\&quot;,\&quot;fishing\&quot;:\&quot;/${locale}/forecast/fishing/l/${locId}\&quot;,\&quot;fiveday\&quot;:\&quot;/${locale}/weather/5day/l/${locId}\&quot;,\&quot;goRun\&quot;:\&quot;/${locale}/forecast/gorun/l/${locId}\&quot;,\&quot;home\&quot;:\&quot;/${locale}\&quot;,\&quot;hourly\&quot;:\&quot;/${locale}/weather/hourbyhour/l/${locId}\&quot;,\&quot;interactiveMap\&quot;:\&quot;/${locale}/weather/maps/interactive/l/${locId}\&quot;,\&quot;legal\&quot;:\&quot;/${locale}/${collectionId}/${assetName}\&quot;,\&quot;maps\&quot;:\&quot;/maps/${collectionId}\&quot;,\&quot;memberSettings\&quot;:\&quot;/${locale}/member/settings\&quot;,\&quot;memorialdayCountdown\&quot;:\&quot;/forecast/memorial-day-countdown/l/${locId}\&quot;,\&quot;mlbCountdown\&quot;:\&quot;/${locale}/forecast/opening-day-countdown/l/${locId}\&quot;,\&quot;monthly\&quot;:\&quot;/${locale}/weather/monthly/l/${locId}\&quot;,\&quot;notification\&quot;:\&quot;/${locale}/life/manage-notifications\&quot;,\&quot;premiumOnboarding\&quot;:\&quot;/premium/onboarding\&quot;,\&quot;privacyPolicyDirectory\&quot;:\&quot;/${locale}/privacy-policy-directory\&quot;,\&quot;privacySettings\&quot;:\&quot;/${locale}/privacy-settings\&quot;,\&quot;radar\&quot;:\&quot;/${locale}/weather/radar/interactive/l/${locId}\&quot;,\&quot;rss\&quot;:\&quot;/rss\&quot;,\&quot;search\&quot;:\&quot;/${locale}/search/enhancedlocalsearch\&quot;,\&quot;ski\&quot;:\&quot;/${locale}/forecast/ski/l/${locId}\&quot;,\&quot;slideshows\&quot;:\&quot;/${locale}/slideshows\&quot;,\&quot;tenday\&quot;:\&quot;/${locale}/weather/tenday/l/${locId}\&quot;,\&quot;testUrl\&quot;:\&quot;/${locale}/weather/testUrl\&quot;,\&quot;thanksgivingCountdown\&quot;:\&quot;/forecast/thanksgiving-countdown/l/${locId}\&quot;,\&quot;today\&quot;:\&quot;/${locale}/weather/today/l/${locId}\&quot;,\&quot;unsubscribe\&quot;:\&quot;/${locale}/life/alerts/unsubscribe\&quot;,\&quot;video\&quot;:\&quot;/${locale}/${collectionId}/video/${videoTitle}\&quot;,\&quot;weekend\&quot;:\&quot;/${locale}/weather/weekend/l/${locId}\&quot;,\&quot;yesterday\&quot;:\&quot;//www.wunderground.com/history/daily/${locId}/yesterday\&quot;}},\&quot;th-TH\&quot;:{\&quot;wxu-urls\&quot;:{\&quot;airQuality\&quot;:\&quot;/${locale}/forecast/air-quality/l/${locId}\&quot;,\&quot;alertDetails\&quot;:\&quot;/${locale}/weather/alerts/localalerts/l/${locId}\&quot;,\&quot;alerts\&quot;:\&quot;/${locale}/weather/alerts/localalerts/l/${locId}\&quot;,\&quot;allergy\&quot;:\&quot;/${locale}/forecast/allergy/l/${locId}\&quot;,\&quot;apps\&quot;:\&quot;/${locale}/${collectionId}/${assetName}\&quot;,\&quot;article\&quot;:\&quot;/${locale}/${collectionId}/news/${articleTitle}\&quot;,\&quot;betterDecisions\&quot;:\&quot;/mission\&quot;,\&quot;boatBeach\&quot;:\&quot;/${locale}/forecast/boat-beach/l/${locId}\&quot;,\&quot;breathing\&quot;:\&quot;/${locale}/forecast/breathing/l/${locId}\&quot;,\&quot;callforcode\&quot;:\&quot;/callforcode\&quot;,\&quot;christmasCountdown\&quot;:\&quot;/forecast/christmas-countdown/l/${locId}\&quot;,\&quot;coldFlu\&quot;:\&quot;/${locale}/forecast/cold-flu/l/${locId}\&quot;,\&quot;covid19\&quot;:\&quot;/${locale}/coronavirus/l/${locId}\&quot;,\&quot;covid19map\&quot;:\&quot;/${locale}/coronavirus/map/l/${locId}\&quot;,\&quot;dataDefinitions\&quot;:\&quot;/${locale}/data-definitions\&quot;,\&quot;dataInventory\&quot;:\&quot;/${locale}/data-inventory\&quot;,\&quot;dataPartners\&quot;:\&quot;/${locale}/data-partners\&quot;,\&quot;dataRights\&quot;:\&quot;/${locale}/data-rights\&quot;,\&quot;farming\&quot;:\&quot;/${locale}/forecast/agriculture/l/${locId}\&quot;,\&quot;fishing\&quot;:\&quot;/${locale}/forecast/fishing/l/${locId}\&quot;,\&quot;fiveday\&quot;:\&quot;/${locale}/weather/5day/l/${locId}\&quot;,\&quot;goRun\&quot;:\&quot;/${locale}/forecast/gorun/l/${locId}\&quot;,\&quot;home\&quot;:\&quot;/${locale}\&quot;,\&quot;hourly\&quot;:\&quot;/${locale}/weather/hourbyhour/l/${locId}\&quot;,\&quot;interactiveMap\&quot;:\&quot;/${locale}/weather/radar/interactive/l/${locId}\&quot;,\&quot;legal\&quot;:\&quot;/${locale}/${collectionId}/${assetName}\&quot;,\&quot;maps\&quot;:\&quot;/maps/${collectionId}\&quot;,\&quot;memberSettings\&quot;:\&quot;/${locale}/member/settings\&quot;,\&quot;memorialdayCountdown\&quot;:\&quot;/forecast/memorial-day-countdown/l/${locId}\&quot;,\&quot;mlbCountdown\&quot;:\&quot;/${locale}/forecast/opening-day-countdown/l/${locId}\&quot;,\&quot;monthly\&quot;:\&quot;/${locale}/weather/monthly/l/${locId}\&quot;,\&quot;notification\&quot;:\&quot;/${locale}/life/manage-notifications\&quot;,\&quot;premiumOnboarding\&quot;:\&quot;/premium/onboarding\&quot;,\&quot;privacyPolicyDirectory\&quot;:\&quot;/${locale}/privacy-policy-directory\&quot;,\&quot;privacySettings\&quot;:\&quot;/${locale}/privacy-settings\&quot;,\&quot;radar\&quot;:\&quot;/${locale}/weather/radar/interactive/l/${locId}\&quot;,\&quot;rss\&quot;:\&quot;/rss\&quot;,\&quot;search\&quot;:\&quot;/${locale}/search/enhancedlocalsearch\&quot;,\&quot;ski\&quot;:\&quot;/${locale}/forecast/ski/l/${locId}\&quot;,\&quot;slideshows\&quot;:\&quot;/${locale}/slideshows\&quot;,\&quot;tenday\&quot;:\&quot;/${locale}/weather/tenday/l/${locId}\&quot;,\&quot;testUrl\&quot;:\&quot;/${locale}/weather/testUrl\&quot;,\&quot;thanksgivingCountdown\&quot;:\&quot;/forecast/thanksgiving-countdown/l/${locId}\&quot;,\&quot;today\&quot;:\&quot;/${locale}/weather/today/l/${locId}\&quot;,\&quot;unsubscribe\&quot;:\&quot;/${locale}/life/alerts/unsubscribe\&quot;,\&quot;video\&quot;:\&quot;/${locale}/${collectionId}/video/${videoTitle}\&quot;,\&quot;weekend\&quot;:\&quot;/${locale}/weather/weekend/l/${locId}\&quot;,\&quot;yesterday\&quot;:\&quot;//www.wunderground.com/history/daily/${locId}/yesterday\&quot;}},\&quot;tk-TM\&quot;:{\&quot;wxu-urls\&quot;:{\&quot;airQuality\&quot;:\&quot;/${locale}/forecast/air-quality/l/${locId}\&quot;,\&quot;alertDetails\&quot;:\&quot;/${locale}/weather/alerts/localalerts/l/${locId}\&quot;,\&quot;alerts\&quot;:\&quot;/${locale}/weather/alerts/localalerts/l/${locId}\&quot;,\&quot;allergy\&quot;:\&quot;/${locale}/forecast/allergy/l/${locId}\&quot;,\&quot;apps\&quot;:\&quot;/${locale}/${collectionId}/${assetName}\&quot;,\&quot;article\&quot;:\&quot;/${locale}/${collectionId}/news/${articleTitle}\&quot;,\&quot;betterDecisions\&quot;:\&quot;/mission\&quot;,\&quot;boatBeach\&quot;:\&quot;/${locale}/forecast/boat-beach/l/${locId}\&quot;,\&quot;breathing\&quot;:\&quot;/${locale}/forecast/breathing/l/${locId}\&quot;,\&quot;callforcode\&quot;:\&quot;/callforcode\&quot;,\&quot;christmasCountdown\&quot;:\&quot;/forecast/christmas-countdown/l/${locId}\&quot;,\&quot;coldFlu\&quot;:\&quot;/${locale}/forecast/cold-flu/l/${locId}\&quot;,\&quot;covid19\&quot;:\&quot;/${locale}/coronavirus/l/${locId}\&quot;,\&quot;covid19map\&quot;:\&quot;/${locale}/coronavirus/map/l/${locId}\&quot;,\&quot;dataDefinitions\&quot;:\&quot;/${locale}/data-definitions\&quot;,\&quot;dataInventory\&quot;:\&quot;/${locale}/data-inventory\&quot;,\&quot;dataPartners\&quot;:\&quot;/${locale}/data-partners\&quot;,\&quot;dataRights\&quot;:\&quot;/${locale}/data-rights\&quot;,\&quot;farming\&quot;:\&quot;/${locale}/forecast/agriculture/l/${locId}\&quot;,\&quot;fishing\&quot;:\&quot;/${locale}/forecast/fishing/l/${locId}\&quot;,\&quot;fiveday\&quot;:\&quot;/${locale}/howa/5gun/l/${locId}\&quot;,\&quot;goRun\&quot;:\&quot;/${locale}/forecast/gorun/l/${locId}\&quot;,\&quot;home\&quot;:\&quot;/${locale}\&quot;,\&quot;hourly\&quot;:\&quot;/${locale}/howa/sagatmasagat/l/${locId}\&quot;,\&quot;interactiveMap\&quot;:\&quot;/${locale}/howa/kartalar/interaktiw/l/${locId}\&quot;,\&quot;legal\&quot;:\&quot;/${locale}/${collectionId}/${assetName}\&quot;,\&quot;maps\&quot;:\&quot;/maps/${collectionId}\&quot;,\&quot;memberSettings\&quot;:\&quot;/${locale}/member/settings\&quot;,\&quot;memorialdayCountdown\&quot;:\&quot;/forecast/memorial-day-countdown/l/${locId}\&quot;,\&quot;mlbCountdown\&quot;:\&quot;/${locale}/forecast/opening-day-countdown/l/${locId}\&quot;,\&quot;monthly\&quot;:\&quot;/${locale}/howa/aylyk/l/${locId}\&quot;,\&quot;notification\&quot;:\&quot;/${locale}/life/manage-notifications\&quot;,\&quot;premiumOnboarding\&quot;:\&quot;/premium/onboarding\&quot;,\&quot;privacyPolicyDirectory\&quot;:\&quot;/${locale}/privacy-policy-directory\&quot;,\&quot;privacySettings\&quot;:\&quot;/${locale}/privacy-settings\&quot;,\&quot;radar\&quot;:\&quot;/${locale}/weather/radar/interactive/l/${locId}\&quot;,\&quot;rss\&quot;:\&quot;/rss\&quot;,\&quot;search\&quot;:\&quot;/${locale}/search/enhancedlocalsearch\&quot;,\&quot;ski\&quot;:\&quot;/${locale}/forecast/ski/l/${locId}\&quot;,\&quot;slideshows\&quot;:\&quot;/${locale}/slideshows\&quot;,\&quot;tenday\&quot;:\&quot;/${locale}/howa/ongun/l/${locId}\&quot;,\&quot;testUrl\&quot;:\&quot;/${locale}/weather/testUrl\&quot;,\&quot;thanksgivingCountdown\&quot;:\&quot;/forecast/thanksgiving-countdown/l/${locId}\&quot;,\&quot;today\&quot;:\&quot;/${locale}/howa/sugun/l/${locId}\&quot;,\&quot;unsubscribe\&quot;:\&quot;/${locale}/life/alerts/unsubscribe\&quot;,\&quot;video\&quot;:\&quot;/${locale}/${collectionId}/video/${videoTitle}\&quot;,\&quot;weekend\&quot;:\&quot;/${locale}/howa/dyncguni/l/${locId}\&quot;,\&quot;yesterday\&quot;:\&quot;//www.wunderground.com/history/daily/${locId}/yesterday\&quot;}},\&quot;tl-PH\&quot;:{\&quot;wxu-urls\&quot;:{\&quot;airQuality\&quot;:\&quot;/${locale}/forecast/air-quality/l/${locId}\&quot;,\&quot;alertDetails\&quot;:\&quot;/${locale}/weather/alerts/localalerts/l/${locId}\&quot;,\&quot;alerts\&quot;:\&quot;/${locale}/weather/alerts/localalerts/l/${locId}\&quot;,\&quot;allergy\&quot;:\&quot;/${locale}/forecast/allergy/l/${locId}\&quot;,\&quot;apps\&quot;:\&quot;/${locale}/${collectionId}/${assetName}\&quot;,\&quot;article\&quot;:\&quot;/${locale}/${collectionId}/news/${articleTitle}\&quot;,\&quot;betterDecisions\&quot;:\&quot;/mission\&quot;,\&quot;boatBeach\&quot;:\&quot;/${locale}/forecast/boat-beach/l/${locId}\&quot;,\&quot;breathing\&quot;:\&quot;/${locale}/forecast/breathing/l/${locId}\&quot;,\&quot;callforcode\&quot;:\&quot;/callforcode\&quot;,\&quot;christmasCountdown\&quot;:\&quot;/forecast/christmas-countdown/l/${locId}\&quot;,\&quot;coldFlu\&quot;:\&quot;/${locale}/forecast/cold-flu/l/${locId}\&quot;,\&quot;covid19\&quot;:\&quot;/${locale}/coronavirus/l/${locId}\&quot;,\&quot;covid19map\&quot;:\&quot;/${locale}/coronavirus/map/l/${locId}\&quot;,\&quot;dataDefinitions\&quot;:\&quot;/${locale}/data-definitions\&quot;,\&quot;dataInventory\&quot;:\&quot;/${locale}/data-inventory\&quot;,\&quot;dataPartners\&quot;:\&quot;/${locale}/data-partners\&quot;,\&quot;dataRights\&quot;:\&quot;/${locale}/data-rights\&quot;,\&quot;farming\&quot;:\&quot;/${locale}/forecast/agriculture/l/${locId}\&quot;,\&quot;fishing\&quot;:\&quot;/${locale}/forecast/fishing/l/${locId}\&quot;,\&quot;fiveday\&quot;:\&quot;/${locale}/weather/5day/l/${locId}\&quot;,\&quot;goRun\&quot;:\&quot;/${locale}/forecast/gorun/l/${locId}\&quot;,\&quot;home\&quot;:\&quot;/${locale}\&quot;,\&quot;hourly\&quot;:\&quot;/${locale}/weather/hourbyhour/l/${locId}\&quot;,\&quot;interactiveMap\&quot;:\&quot;/${locale}/weather/radar/interative/l/${locId}\&quot;,\&quot;legal\&quot;:\&quot;/${locale}/${collectionId}/${assetName}\&quot;,\&quot;maps\&quot;:\&quot;/maps/${collectionId}\&quot;,\&quot;memberSettings\&quot;:\&quot;/${locale}/member/settings\&quot;,\&quot;memorialdayCountdown\&quot;:\&quot;/forecast/memorial-day-countdown/l/${locId}\&quot;,\&quot;mlbCountdown\&quot;:\&quot;/${locale}/forecast/opening-day-countdown/l/${locId}\&quot;,\&quot;monthly\&quot;:\&quot;/${locale}/weather/monthly/l/${locId}\&quot;,\&quot;notification\&quot;:\&quot;/${locale}/life/manage-notifications\&quot;,\&quot;premiumOnboarding\&quot;:\&quot;/premium/onboarding\&quot;,\&quot;privacyPolicyDirectory\&quot;:\&quot;/${locale}/privacy-policy-directory\&quot;,\&quot;privacySettings\&quot;:\&quot;/${locale}/privacy-settings\&quot;,\&quot;radar\&quot;:\&quot;/${locale}/weather/radar/interative/l/${locId}\&quot;,\&quot;rss\&quot;:\&quot;/rss\&quot;,\&quot;search\&quot;:\&quot;/${locale}/search/enhancedlocalsearch\&quot;,\&quot;ski\&quot;:\&quot;/${locale}/forecast/ski/l/${locId}\&quot;,\&quot;slideshows\&quot;:\&quot;/${locale}/slideshows\&quot;,\&quot;tenday\&quot;:\&quot;/${locale}/weather/tenday/l/${locId}\&quot;,\&quot;testUrl\&quot;:\&quot;/${locale}/weather/testUrl\&quot;,\&quot;thanksgivingCountdown\&quot;:\&quot;/forecast/thanksgiving-countdown/l/${locId}\&quot;,\&quot;today\&quot;:\&quot;/${locale}/weather/today/l/${locId}\&quot;,\&quot;unsubscribe\&quot;:\&quot;/${locale}/life/alerts/unsubscribe\&quot;,\&quot;video\&quot;:\&quot;/${locale}/${collectionId}/video/${videoTitle}\&quot;,\&quot;weekend\&quot;:\&quot;/${locale}/weather/weekend/l/${locId}\&quot;,\&quot;yesterday\&quot;:\&quot;//www.wunderground.com/history/daily/${locId}/yesterday\&quot;}},\&quot;tr-TR\&quot;:{\&quot;wxu-urls\&quot;:{\&quot;airQuality\&quot;:\&quot;/${locale}/forecast/air-quality/l/${locId}\&quot;,\&quot;alertDetails\&quot;:\&quot;/${locale}/weather/alerts/localalerts/l/${locId}\&quot;,\&quot;alerts\&quot;:\&quot;/${locale}/weather/alerts/localalerts/l/${locId}\&quot;,\&quot;allergy\&quot;:\&quot;/${locale}/forecast/allergy/l/${locId}\&quot;,\&quot;apps\&quot;:\&quot;/${locale}/${collectionId}/${assetName}\&quot;,\&quot;article\&quot;:\&quot;/${locale}/${collectionId}/news/${articleTitle}\&quot;,\&quot;betterDecisions\&quot;:\&quot;/mission\&quot;,\&quot;boatBeach\&quot;:\&quot;/${locale}/forecast/boat-beach/l/${locId}\&quot;,\&quot;breathing\&quot;:\&quot;/${locale}/forecast/breathing/l/${locId}\&quot;,\&quot;callforcode\&quot;:\&quot;/callforcode\&quot;,\&quot;christmasCountdown\&quot;:\&quot;/forecast/christmas-countdown/l/${locId}\&quot;,\&quot;coldFlu\&quot;:\&quot;/${locale}/forecast/cold-flu/l/${locId}\&quot;,\&quot;covid19\&quot;:\&quot;/${locale}/coronavirus/l/${locId}\&quot;,\&quot;covid19map\&quot;:\&quot;/${locale}/coronavirus/map/l/${locId}\&quot;,\&quot;dataDefinitions\&quot;:\&quot;/${locale}/data-definitions\&quot;,\&quot;dataInventory\&quot;:\&quot;/${locale}/data-inventory\&quot;,\&quot;dataPartners\&quot;:\&quot;/${locale}/data-partners\&quot;,\&quot;dataRights\&quot;:\&quot;/${locale}/data-rights\&quot;,\&quot;farming\&quot;:\&quot;/${locale}/forecast/agriculture/l/${locId}\&quot;,\&quot;fishing\&quot;:\&quot;/${locale}/forecast/fishing/l/${locId}\&quot;,\&quot;fiveday\&quot;:\&quot;/${locale}/kisisel/5gunluk/l/${locId}\&quot;,\&quot;goRun\&quot;:\&quot;/${locale}/forecast/gorun/l/${locId}\&quot;,\&quot;home\&quot;:\&quot;/${locale}\&quot;,\&quot;hourly\&quot;:\&quot;/${locale}/kisisel/saatlik/l/${locId}\&quot;,\&quot;interactiveMap\&quot;:\&quot;/${locale}/kisisel/harita/interactive/l/${locId}\&quot;,\&quot;legal\&quot;:\&quot;/${locale}/${collectionId}/${assetName}\&quot;,\&quot;maps\&quot;:\&quot;/maps/${collectionId}\&quot;,\&quot;memberSettings\&quot;:\&quot;/${locale}/member/settings\&quot;,\&quot;memorialdayCountdown\&quot;:\&quot;/forecast/memorial-day-countdown/l/${locId}\&quot;,\&quot;mlbCountdown\&quot;:\&quot;/${locale}/forecast/opening-day-countdown/l/${locId}\&quot;,\&quot;monthly\&quot;:\&quot;/${locale}/kisisel/Ayl\u0131k/l/${locId}\&quot;,\&quot;notification\&quot;:\&quot;/${locale}/life/manage-notifications\&quot;,\&quot;premiumOnboarding\&quot;:\&quot;/premium/onboarding\&quot;,\&quot;privacyPolicyDirectory\&quot;:\&quot;/${locale}/privacy-policy-directory\&quot;,\&quot;privacySettings\&quot;:\&quot;/${locale}/privacy-settings\&quot;,\&quot;radar\&quot;:\&quot;/${locale}/kisisel/harita/interactive/l/${locId}\&quot;,\&quot;rss\&quot;:\&quot;/rss\&quot;,\&quot;search\&quot;:\&quot;/${locale}/search/enhancedlocalsearch\&quot;,\&quot;ski\&quot;:\&quot;/${locale}/forecast/ski/l/${locId}\&quot;,\&quot;slideshows\&quot;:\&quot;/${locale}/slideshows\&quot;,\&quot;tenday\&quot;:\&quot;/${locale}/kisisel/10gunluk/l/${locId}\&quot;,\&quot;testUrl\&quot;:\&quot;/${locale}/weather/testUrl\&quot;,\&quot;thanksgivingCountdown\&quot;:\&quot;/forecast/thanksgiving-countdown/l/${locId}\&quot;,\&quot;today\&quot;:\&quot;/${locale}/kisisel/bugun/l/${locId}\&quot;,\&quot;unsubscribe\&quot;:\&quot;/${locale}/life/alerts/unsubscribe\&quot;,\&quot;video\&quot;:\&quot;/${locale}/${collectionId}/video/${videoTitle}\&quot;,\&quot;weekend\&quot;:\&quot;/${locale}/kisisel/haftasonu/l/${locId}\&quot;,\&quot;yesterday\&quot;:\&quot;//www.wunderground.com/history/daily/${locId}/yesterday\&quot;}},\&quot;uk-UA\&quot;:{\&quot;wxu-urls\&quot;:{\&quot;airQuality\&quot;:\&quot;/${locale}/forecast/air-quality/l/${locId}\&quot;,\&quot;alertDetails\&quot;:\&quot;/${locale}/weather/alerts/localalerts/l/${locId}\&quot;,\&quot;alerts\&quot;:\&quot;/${locale}/weather/alerts/localalerts/l/${locId}\&quot;,\&quot;allergy\&quot;:\&quot;/${locale}/forecast/allergy/l/${locId}\&quot;,\&quot;apps\&quot;:\&quot;/${locale}/${collectionId}/${assetName}\&quot;,\&quot;article\&quot;:\&quot;/${locale}/${collectionId}/news/${articleTitle}\&quot;,\&quot;betterDecisions\&quot;:\&quot;/mission\&quot;,\&quot;boatBeach\&quot;:\&quot;/${locale}/forecast/boat-beach/l/${locId}\&quot;,\&quot;breathing\&quot;:\&quot;/${locale}/forecast/breathing/l/${locId}\&quot;,\&quot;callforcode\&quot;:\&quot;/callforcode\&quot;,\&quot;christmasCountdown\&quot;:\&quot;/forecast/christmas-countdown/l/${locId}\&quot;,\&quot;coldFlu\&quot;:\&quot;/${locale}/forecast/cold-flu/l/${locId}\&quot;,\&quot;covid19\&quot;:\&quot;/${locale}/coronavirus/l/${locId}\&quot;,\&quot;covid19map\&quot;:\&quot;/${locale}/coronavirus/map/l/${locId}\&quot;,\&quot;dataDefinitions\&quot;:\&quot;/${locale}/data-definitions\&quot;,\&quot;dataInventory\&quot;:\&quot;/${locale}/data-inventory\&quot;,\&quot;dataPartners\&quot;:\&quot;/${locale}/data-partners\&quot;,\&quot;dataRights\&quot;:\&quot;/${locale}/data-rights\&quot;,\&quot;farming\&quot;:\&quot;/${locale}/forecast/agriculture/l/${locId}\&quot;,\&quot;fishing\&quot;:\&quot;/${locale}/forecast/fishing/l/${locId}\&quot;,\&quot;fiveday\&quot;:\&quot;/${locale}/weather/5day/l/${locId}\&quot;,\&quot;goRun\&quot;:\&quot;/${locale}/forecast/gorun/l/${locId}\&quot;,\&quot;home\&quot;:\&quot;/${locale}\&quot;,\&quot;hourly\&quot;:\&quot;/${locale}/weather/hourbyhour/l/${locId}\&quot;,\&quot;interactiveMap\&quot;:\&quot;/${locale}/weather/radar/interactive/l/${locId}\&quot;,\&quot;legal\&quot;:\&quot;/${locale}/${collectionId}/${assetName}\&quot;,\&quot;maps\&quot;:\&quot;/maps/${collectionId}\&quot;,\&quot;memberSettings\&quot;:\&quot;/${locale}/member/settings\&quot;,\&quot;memorialdayCountdown\&quot;:\&quot;/forecast/memorial-day-countdown/l/${locId}\&quot;,\&quot;mlbCountdown\&quot;:\&quot;/${locale}/forecast/opening-day-countdown/l/${locId}\&quot;,\&quot;monthly\&quot;:\&quot;/${locale}/weather/monthly/l/${locId}\&quot;,\&quot;notification\&quot;:\&quot;/${locale}/life/manage-notifications\&quot;,\&quot;premiumOnboarding\&quot;:\&quot;/premium/onboarding\&quot;,\&quot;privacyPolicyDirectory\&quot;:\&quot;/${locale}/privacy-policy-directory\&quot;,\&quot;privacySettings\&quot;:\&quot;/${locale}/privacy-settings\&quot;,\&quot;radar\&quot;:\&quot;/${locale}/weather/radar/interactive/l/${locId}\&quot;,\&quot;rss\&quot;:\&quot;/rss\&quot;,\&quot;search\&quot;:\&quot;/${locale}/search/enhancedlocalsearch\&quot;,\&quot;ski\&quot;:\&quot;/${locale}/forecast/ski/l/${locId}\&quot;,\&quot;slideshows\&quot;:\&quot;/${locale}/slideshows\&quot;,\&quot;tenday\&quot;:\&quot;/${locale}/weather/tenday/l/${locId}\&quot;,\&quot;testUrl\&quot;:\&quot;/${locale}/weather/testUrl\&quot;,\&quot;thanksgivingCountdown\&quot;:\&quot;/forecast/thanksgiving-countdown/l/${locId}\&quot;,\&quot;today\&quot;:\&quot;/${locale}/weather/today/l/${locId}\&quot;,\&quot;unsubscribe\&quot;:\&quot;/${locale}/life/alerts/unsubscribe\&quot;,\&quot;video\&quot;:\&quot;/${locale}/${collectionId}/video/${videoTitle}\&quot;,\&quot;weekend\&quot;:\&quot;/${locale}/weather/weekend/l/${locId}\&quot;,\&quot;yesterday\&quot;:\&quot;//www.wunderground.com/history/daily/${locId}/yesterday\&quot;}},\&quot;ur\&quot;:{\&quot;wxu-urls\&quot;:{\&quot;airQuality\&quot;:\&quot;/${locale}/forecast/air-quality/l/${locId}\&quot;,\&quot;alertDetails\&quot;:\&quot;/${locale}/weather/alerts/localalerts/l/${locId}\&quot;,\&quot;alerts\&quot;:\&quot;/${locale}/weather/alerts/localalerts/l/${locId}\&quot;,\&quot;allergy\&quot;:\&quot;/${locale}/forecast/allergy/l/${locId}\&quot;,\&quot;apps\&quot;:\&quot;/${locale}/${collectionId}/${assetName}\&quot;,\&quot;article\&quot;:\&quot;/${locale}/${collectionId}/news/${articleTitle}\&quot;,\&quot;betterDecisions\&quot;:\&quot;/mission\&quot;,\&quot;boatBeach\&quot;:\&quot;/${locale}/forecast/boat-beach/l/${locId}\&quot;,\&quot;breathing\&quot;:\&quot;/${locale}/forecast/breathing/l/${locId}\&quot;,\&quot;callforcode\&quot;:\&quot;/callforcode\&quot;,\&quot;christmasCountdown\&quot;:\&quot;/forecast/christmas-countdown/l/${locId}\&quot;,\&quot;coldFlu\&quot;:\&quot;/${locale}/forecast/cold-flu/l/${locId}\&quot;,\&quot;covid19\&quot;:\&quot;/${locale}/coronavirus/l/${locId}\&quot;,\&quot;covid19map\&quot;:\&quot;/${locale}/coronavirus/map/l/${locId}\&quot;,\&quot;dataDefinitions\&quot;:\&quot;/${locale}/data-definitions\&quot;,\&quot;dataInventory\&quot;:\&quot;/${locale}/data-inventory\&quot;,\&quot;dataPartners\&quot;:\&quot;/${locale}/data-partners\&quot;,\&quot;dataRights\&quot;:\&quot;/${locale}/data-rights\&quot;,\&quot;farming\&quot;:\&quot;/${locale}/forecast/agriculture/l/${locId}\&quot;,\&quot;fishing\&quot;:\&quot;/${locale}/forecast/fishing/l/${locId}\&quot;,\&quot;fiveday\&quot;:\&quot;/${locale}/weather/5day/l/${locId}\&quot;,\&quot;goRun\&quot;:\&quot;/${locale}/forecast/gorun/l/${locId}\&quot;,\&quot;home\&quot;:\&quot;/${locale}\&quot;,\&quot;hourly\&quot;:\&quot;/${locale}/weather/hourbyhour/l/${locId}\&quot;,\&quot;interactiveMap\&quot;:\&quot;/${locale}/weather/radar/interactive/l/${locId}\&quot;,\&quot;legal\&quot;:\&quot;/${locale}/${collectionId}/${assetName}\&quot;,\&quot;maps\&quot;:\&quot;/maps/${collectionId}\&quot;,\&quot;memberSettings\&quot;:\&quot;/${locale}/member/settings\&quot;,\&quot;memorialdayCountdown\&quot;:\&quot;/forecast/memorial-day-countdown/l/${locId}\&quot;,\&quot;mlbCountdown\&quot;:\&quot;/${locale}/forecast/opening-day-countdown/l/${locId}\&quot;,\&quot;monthly\&quot;:\&quot;/${locale}/weather/monthly/l/${locId}\&quot;,\&quot;notification\&quot;:\&quot;/${locale}/life/manage-notifications\&quot;,\&quot;premiumOnboarding\&quot;:\&quot;/premium/onboarding\&quot;,\&quot;privacyPolicyDirectory\&quot;:\&quot;/${locale}/privacy-policy-directory\&quot;,\&quot;privacySettings\&quot;:\&quot;/${locale}/privacy-settings\&quot;,\&quot;radar\&quot;:\&quot;/${locale}/weather/radar/interactive/l/${locId}\&quot;,\&quot;rss\&quot;:\&quot;/rss\&quot;,\&quot;search\&quot;:\&quot;/${locale}/search/enhancedlocalsearch\&quot;,\&quot;ski\&quot;:\&quot;/${locale}/forecast/ski/l/${locId}\&quot;,\&quot;slideshows\&quot;:\&quot;/${locale}/slideshows\&quot;,\&quot;tenday\&quot;:\&quot;/${locale}/weather/tenday/l/${locId}\&quot;,\&quot;testUrl\&quot;:\&quot;/${locale}/weather/testUrl\&quot;,\&quot;thanksgivingCountdown\&quot;:\&quot;/forecast/thanksgiving-countdown/l/${locId}\&quot;,\&quot;today\&quot;:\&quot;/${locale}/weather/today/l/${locId}\&quot;,\&quot;unsubscribe\&quot;:\&quot;/${locale}/life/alerts/unsubscribe\&quot;,\&quot;video\&quot;:\&quot;/${locale}/${collectionId}/video/${videoTitle}\&quot;,\&quot;weekend\&quot;:\&quot;/${locale}/weather/weekend/l/${locId}\&quot;,\&quot;yesterday\&quot;:\&quot;//www.wunderground.com/history/daily/${locId}/yesterday\&quot;}},\&quot;uz-UZ\&quot;:{\&quot;wxu-urls\&quot;:{\&quot;airQuality\&quot;:\&quot;/${locale}/forecast/air-quality/l/${locId}\&quot;,\&quot;alertDetails\&quot;:\&quot;/${locale}/weather/alerts/localalerts/l/${locId}\&quot;,\&quot;alerts\&quot;:\&quot;/${locale}/weather/alerts/localalerts/l/${locId}\&quot;,\&quot;allergy\&quot;:\&quot;/${locale}/forecast/allergy/l/${locId}\&quot;,\&quot;apps\&quot;:\&quot;/${locale}/${collectionId}/${assetName}\&quot;,\&quot;article\&quot;:\&quot;/${locale}/${collectionId}/news/${articleTitle}\&quot;,\&quot;betterDecisions\&quot;:\&quot;/mission\&quot;,\&quot;boatBeach\&quot;:\&quot;/${locale}/forecast/boat-beach/l/${locId}\&quot;,\&quot;breathing\&quot;:\&quot;/${locale}/forecast/breathing/l/${locId}\&quot;,\&quot;callforcode\&quot;:\&quot;/callforcode\&quot;,\&quot;christmasCountdown\&quot;:\&quot;/forecast/christmas-countdown/l/${locId}\&quot;,\&quot;coldFlu\&quot;:\&quot;/${locale}/forecast/cold-flu/l/${locId}\&quot;,\&quot;covid19\&quot;:\&quot;/${locale}/coronavirus/l/${locId}\&quot;,\&quot;covid19map\&quot;:\&quot;/${locale}/coronavirus/map/l/${locId}\&quot;,\&quot;dataDefinitions\&quot;:\&quot;/${locale}/data-definitions\&quot;,\&quot;dataInventory\&quot;:\&quot;/${locale}/data-inventory\&quot;,\&quot;dataPartners\&quot;:\&quot;/${locale}/data-partners\&quot;,\&quot;dataRights\&quot;:\&quot;/${locale}/data-rights\&quot;,\&quot;farming\&quot;:\&quot;/${locale}/forecast/agriculture/l/${locId}\&quot;,\&quot;fishing\&quot;:\&quot;/${locale}/forecast/fishing/l/${locId}\&quot;,\&quot;fiveday\&quot;:\&quot;/${locale}/ob-havo/5kun/l/${locId}\&quot;,\&quot;goRun\&quot;:\&quot;/${locale}/forecast/gorun/l/${locId}\&quot;,\&quot;home\&quot;:\&quot;/${locale}\&quot;,\&quot;hourly\&quot;:\&quot;/${locale}/ob-havo/soatma-soat/l/${locId}\&quot;,\&quot;interactiveMap\&quot;:\&quot;/${locale}/ob-havo/xaritalar/interaktiv/l/${locId}\&quot;,\&quot;legal\&quot;:\&quot;/${locale}/${collectionId}/${assetName}\&quot;,\&quot;maps\&quot;:\&quot;/maps/${collectionId}\&quot;,\&quot;memberSettings\&quot;:\&quot;/${locale}/member/settings\&quot;,\&quot;memorialdayCountdown\&quot;:\&quot;/forecast/memorial-day-countdown/l/${locId}\&quot;,\&quot;mlbCountdown\&quot;:\&quot;/${locale}/forecast/opening-day-countdown/l/${locId}\&quot;,\&quot;monthly\&quot;:\&quot;/${locale}/ob-havo/oylik/l/${locId}\&quot;,\&quot;notification\&quot;:\&quot;/${locale}/life/manage-notifications\&quot;,\&quot;premiumOnboarding\&quot;:\&quot;/premium/onboarding\&quot;,\&quot;privacyPolicyDirectory\&quot;:\&quot;/${locale}/privacy-policy-directory\&quot;,\&quot;privacySettings\&quot;:\&quot;/${locale}/privacy-settings\&quot;,\&quot;radar\&quot;:\&quot;/${locale}/weather/radar/interactive/l/${locId}\&quot;,\&quot;rss\&quot;:\&quot;/rss\&quot;,\&quot;search\&quot;:\&quot;/${locale}/search/enhancedlocalsearch\&quot;,\&quot;ski\&quot;:\&quot;/${locale}/forecast/ski/l/${locId}\&quot;,\&quot;slideshows\&quot;:\&quot;/${locale}/slideshows\&quot;,\&quot;tenday\&quot;:\&quot;/${locale}/ob-havo/10kun/l/${locId}\&quot;,\&quot;testUrl\&quot;:\&quot;/${locale}/weather/testUrl\&quot;,\&quot;thanksgivingCountdown\&quot;:\&quot;/forecast/thanksgiving-countdown/l/${locId}\&quot;,\&quot;today\&quot;:\&quot;/${locale}/ob-havo/bugun/l/${locId}\&quot;,\&quot;unsubscribe\&quot;:\&quot;/${locale}/life/alerts/unsubscribe\&quot;,\&quot;video\&quot;:\&quot;/${locale}/${collectionId}/video/${videoTitle}\&quot;,\&quot;weekend\&quot;:\&quot;/${locale}/ob-havo/dam-olish-kunlari/l/${locId}\&quot;,\&quot;yesterday\&quot;:\&quot;//www.wunderground.com/history/daily/${locId}/yesterday\&quot;}},\&quot;vi-VN\&quot;:{\&quot;wxu-urls\&quot;:{\&quot;airQuality\&quot;:\&quot;/${locale}/forecast/air-quality/l/${locId}\&quot;,\&quot;alertDetails\&quot;:\&quot;/${locale}/weather/alerts/localalerts/l/${locId}\&quot;,\&quot;alerts\&quot;:\&quot;/${locale}/weather/alerts/localalerts/l/${locId}\&quot;,\&quot;allergy\&quot;:\&quot;/${locale}/forecast/allergy/l/${locId}\&quot;,\&quot;apps\&quot;:\&quot;/${locale}/${collectionId}/${assetName}\&quot;,\&quot;article\&quot;:\&quot;/${locale}/${collectionId}/news/${articleTitle}\&quot;,\&quot;betterDecisions\&quot;:\&quot;/mission\&quot;,\&quot;boatBeach\&quot;:\&quot;/${locale}/forecast/boat-beach/l/${locId}\&quot;,\&quot;breathing\&quot;:\&quot;/${locale}/forecast/breathing/l/${locId}\&quot;,\&quot;callforcode\&quot;:\&quot;/callforcode\&quot;,\&quot;christmasCountdown\&quot;:\&quot;/forecast/christmas-countdown/l/${locId}\&quot;,\&quot;coldFlu\&quot;:\&quot;/${locale}/forecast/cold-flu/l/${locId}\&quot;,\&quot;covid19\&quot;:\&quot;/${locale}/coronavirus/l/${locId}\&quot;,\&quot;covid19map\&quot;:\&quot;/${locale}/coronavirus/map/l/${locId}\&quot;,\&quot;dataDefinitions\&quot;:\&quot;/${locale}/data-definitions\&quot;,\&quot;dataInventory\&quot;:\&quot;/${locale}/data-inventory\&quot;,\&quot;dataPartners\&quot;:\&quot;/${locale}/data-partners\&quot;,\&quot;dataRights\&quot;:\&quot;/${locale}/data-rights\&quot;,\&quot;farming\&quot;:\&quot;/${locale}/forecast/agriculture/l/${locId}\&quot;,\&quot;fishing\&quot;:\&quot;/${locale}/forecast/fishing/l/${locId}\&quot;,\&quot;fiveday\&quot;:\&quot;/${locale}/weather/5day/l/${locId}\&quot;,\&quot;goRun\&quot;:\&quot;/${locale}/forecast/gorun/l/${locId}\&quot;,\&quot;home\&quot;:\&quot;/${locale}\&quot;,\&quot;hourly\&quot;:\&quot;/${locale}/weather/hourbyhour/l/${locId}\&quot;,\&quot;interactiveMap\&quot;:\&quot;/${locale}/weather/radar/interactive/l/${locId}\&quot;,\&quot;legal\&quot;:\&quot;/${locale}/${collectionId}/${assetName}\&quot;,\&quot;maps\&quot;:\&quot;/maps/${collectionId}\&quot;,\&quot;memberSettings\&quot;:\&quot;/${locale}/member/settings\&quot;,\&quot;memorialdayCountdown\&quot;:\&quot;/forecast/memorial-day-countdown/l/${locId}\&quot;,\&quot;mlbCountdown\&quot;:\&quot;/${locale}/forecast/opening-day-countdown/l/${locId}\&quot;,\&quot;monthly\&quot;:\&quot;/${locale}/weather/monthly/l/${locId}\&quot;,\&quot;notification\&quot;:\&quot;/${locale}/life/manage-notifications\&quot;,\&quot;premiumOnboarding\&quot;:\&quot;/premium/onboarding\&quot;,\&quot;privacyPolicyDirectory\&quot;:\&quot;/${locale}/privacy-policy-directory\&quot;,\&quot;privacySettings\&quot;:\&quot;/${locale}/privacy-settings\&quot;,\&quot;radar\&quot;:\&quot;/${locale}/weather/radar/interactive/l/${locId}\&quot;,\&quot;rss\&quot;:\&quot;/rss\&quot;,\&quot;search\&quot;:\&quot;/${locale}/search/enhancedlocalsearch\&quot;,\&quot;ski\&quot;:\&quot;/${locale}/forecast/ski/l/${locId}\&quot;,\&quot;slideshows\&quot;:\&quot;/${locale}/slideshows\&quot;,\&quot;tenday\&quot;:\&quot;/${locale}/weather/tenday/l/${locId}\&quot;,\&quot;testUrl\&quot;:\&quot;/${locale}/weather/testUrl\&quot;,\&quot;thanksgivingCountdown\&quot;:\&quot;/forecast/thanksgiving-countdown/l/${locId}\&quot;,\&quot;today\&quot;:\&quot;/${locale}/weather/today/l/${locId}\&quot;,\&quot;unsubscribe\&quot;:\&quot;/${locale}/life/alerts/unsubscribe\&quot;,\&quot;video\&quot;:\&quot;/${locale}/${collectionId}/video/${videoTitle}\&quot;,\&quot;weekend\&quot;:\&quot;/${locale}/weather/weekend/l/${locId}\&quot;,\&quot;yesterday\&quot;:\&quot;//www.wunderground.com/history/daily/${locId}/yesterday\&quot;}},\&quot;xc-MN\&quot;:{\&quot;wxu-urls\&quot;:{\&quot;airQuality\&quot;:\&quot;/${locale}/forecast/air-quality/l/${locId}\&quot;,\&quot;alertDetails\&quot;:\&quot;/${locale}/weather/alerts/localalerts/l/${locId}\&quot;,\&quot;alerts\&quot;:\&quot;/${locale}/weather/alerts/localalerts/l/${locId}\&quot;,\&quot;allergy\&quot;:\&quot;/${locale}/forecast/allergy/l/${locId}\&quot;,\&quot;apps\&quot;:\&quot;/${locale}/${collectionId}/${assetName}\&quot;,\&quot;article\&quot;:\&quot;/${locale}/${collectionId}/news/${articleTitle}\&quot;,\&quot;betterDecisions\&quot;:\&quot;/mission\&quot;,\&quot;boatBeach\&quot;:\&quot;/${locale}/forecast/boat-beach/l/${locId}\&quot;,\&quot;breathing\&quot;:\&quot;/${locale}/forecast/breathing/l/${locId}\&quot;,\&quot;callforcode\&quot;:\&quot;/callforcode\&quot;,\&quot;christmasCountdown\&quot;:\&quot;/forecast/christmas-countdown/l/${locId}\&quot;,\&quot;coldFlu\&quot;:\&quot;/${locale}/forecast/cold-flu/l/${locId}\&quot;,\&quot;covid19\&quot;:\&quot;/${locale}/coronavirus/l/${locId}\&quot;,\&quot;covid19map\&quot;:\&quot;/${locale}/coronavirus/map/l/${locId}\&quot;,\&quot;dataDefinitions\&quot;:\&quot;/${locale}/data-definitions\&quot;,\&quot;dataInventory\&quot;:\&quot;/${locale}/data-inventory\&quot;,\&quot;dataPartners\&quot;:\&quot;/${locale}/data-partners\&quot;,\&quot;dataRights\&quot;:\&quot;/${locale}/data-rights\&quot;,\&quot;farming\&quot;:\&quot;/${locale}/forecast/agriculture/l/${locId}\&quot;,\&quot;fishing\&quot;:\&quot;/${locale}/forecast/fishing/l/${locId}\&quot;,\&quot;fiveday\&quot;:\&quot;/${locale}/weather/5day/l/${locId}\&quot;,\&quot;goRun\&quot;:\&quot;/${locale}/forecast/gorun/l/${locId}\&quot;,\&quot;home\&quot;:\&quot;/${locale}\&quot;,\&quot;hourly\&quot;:\&quot;/${locale}/weather/hourbyhour/l/${locId}\&quot;,\&quot;interactiveMap\&quot;:\&quot;/${locale}/weather/maps/interactive/l/${locId}\&quot;,\&quot;legal\&quot;:\&quot;/${locale}/${collectionId}/${assetName}\&quot;,\&quot;maps\&quot;:\&quot;/maps/${collectionId}\&quot;,\&quot;memberSettings\&quot;:\&quot;/${locale}/member/settings\&quot;,\&quot;memorialdayCountdown\&quot;:\&quot;/forecast/memorial-day-countdown/l/${locId}\&quot;,\&quot;mlbCountdown\&quot;:\&quot;/${locale}/forecast/opening-day-countdown/l/${locId}\&quot;,\&quot;monthly\&quot;:\&quot;/${locale}/weather/monthly/l/${locId}\&quot;,\&quot;notification\&quot;:\&quot;/${locale}/life/manage-notifications\&quot;,\&quot;premiumOnboarding\&quot;:\&quot;/premium/onboarding\&quot;,\&quot;privacyPolicyDirectory\&quot;:\&quot;/${locale}/privacy-policy-directory\&quot;,\&quot;privacySettings\&quot;:\&quot;/${locale}/privacy-settings\&quot;,\&quot;radar\&quot;:\&quot;/${locale}/weather/radar/interactive/l/${locId}\&quot;,\&quot;rss\&quot;:\&quot;/rss\&quot;,\&quot;search\&quot;:\&quot;/${locale}/search/enhancedlocalsearch\&quot;,\&quot;ski\&quot;:\&quot;/${locale}/forecast/ski/l/${locId}\&quot;,\&quot;slideshows\&quot;:\&quot;/${locale}/slideshows\&quot;,\&quot;tenday\&quot;:\&quot;/${locale}/weather/tenday/l/${locId}\&quot;,\&quot;testUrl\&quot;:\&quot;/${locale}/weather/testUrl\&quot;,\&quot;thanksgivingCountdown\&quot;:\&quot;/forecast/thanksgiving-countdown/l/${locId}\&quot;,\&quot;today\&quot;:\&quot;/${locale}/weather/today/l/${locId}\&quot;,\&quot;unsubscribe\&quot;:\&quot;/${locale}/life/alerts/unsubscribe\&quot;,\&quot;video\&quot;:\&quot;/${locale}/${collectionId}/video/${videoTitle}\&quot;,\&quot;weekend\&quot;:\&quot;/${locale}/weather/weekend/l/${locId}\&quot;,\&quot;yesterday\&quot;:\&quot;//www.wunderground.com/history/daily/${locId}/yesterday\&quot;}},\&quot;zh-CN\&quot;:{\&quot;wxu-urls\&quot;:{\&quot;airQuality\&quot;:\&quot;/${locale}/forecast/air-quality/l/${locId}\&quot;,\&quot;alertDetails\&quot;:\&quot;/${locale}/weather/alerts/localalerts/l/${locId}\&quot;,\&quot;alerts\&quot;:\&quot;/${locale}/weather/alerts/localalerts/l/${locId}\&quot;,\&quot;allergy\&quot;:\&quot;/${locale}/forecast/allergy/l/${locId}\&quot;,\&quot;apps\&quot;:\&quot;/${locale}/${collectionId}/${assetName}\&quot;,\&quot;article\&quot;:\&quot;/${locale}/${collectionId}/news/${articleTitle}\&quot;,\&quot;betterDecisions\&quot;:\&quot;/mission\&quot;,\&quot;boatBeach\&quot;:\&quot;/${locale}/forecast/boat-beach/l/${locId}\&quot;,\&quot;breathing\&quot;:\&quot;/${locale}/forecast/breathing/l/${locId}\&quot;,\&quot;callforcode\&quot;:\&quot;/callforcode\&quot;,\&quot;christmasCountdown\&quot;:\&quot;/forecast/christmas-countdown/l/${locId}\&quot;,\&quot;coldFlu\&quot;:\&quot;/${locale}/forecast/cold-flu/l/${locId}\&quot;,\&quot;covid19\&quot;:\&quot;/${locale}/coronavirus/l/${locId}\&quot;,\&quot;covid19map\&quot;:\&quot;/${locale}/coronavirus/map/l/${locId}\&quot;,\&quot;dataDefinitions\&quot;:\&quot;/${locale}/data-definitions\&quot;,\&quot;dataInventory\&quot;:\&quot;/${locale}/data-inventory\&quot;,\&quot;dataPartners\&quot;:\&quot;/${locale}/data-partners\&quot;,\&quot;dataRights\&quot;:\&quot;/${locale}/data-rights\&quot;,\&quot;farming\&quot;:\&quot;/${locale}/forecast/agriculture/l/${locId}\&quot;,\&quot;fishing\&quot;:\&quot;/${locale}/forecast/fishing/l/${locId}\&quot;,\&quot;fiveday\&quot;:\&quot;/${locale}/weather/5day/l/${locId}\&quot;,\&quot;goRun\&quot;:\&quot;/${locale}/forecast/gorun/l/${locId}\&quot;,\&quot;home\&quot;:\&quot;/${locale}\&quot;,\&quot;hourly\&quot;:\&quot;/${locale}/weather/hourbyhour/l/${locId}\&quot;,\&quot;interactiveMap\&quot;:\&quot;/${locale}/weather/radar/interactive/l/${locId}\&quot;,\&quot;legal\&quot;:\&quot;/${locale}/${collectionId}/${assetName}\&quot;,\&quot;maps\&quot;:\&quot;/maps/${collectionId}\&quot;,\&quot;memberSettings\&quot;:\&quot;/${locale}/member/settings\&quot;,\&quot;memorialdayCountdown\&quot;:\&quot;/forecast/memorial-day-countdown/l/${locId}\&quot;,\&quot;mlbCountdown\&quot;:\&quot;/${locale}/forecast/opening-day-countdown/l/${locId}\&quot;,\&quot;monthly\&quot;:\&quot;/${locale}/weather/monthly/l/${locId}\&quot;,\&quot;notification\&quot;:\&quot;/${locale}/life/manage-notifications\&quot;,\&quot;premiumOnboarding\&quot;:\&quot;/premium/onboarding\&quot;,\&quot;privacyPolicyDirectory\&quot;:\&quot;/${locale}/privacy-policy-directory\&quot;,\&quot;privacySettings\&quot;:\&quot;/${locale}/privacy-settings\&quot;,\&quot;radar\&quot;:\&quot;/${locale}/weather/radar/interactive/l/${locId}\&quot;,\&quot;rss\&quot;:\&quot;/rss\&quot;,\&quot;search\&quot;:\&quot;/${locale}/search/enhancedlocalsearch\&quot;,\&quot;ski\&quot;:\&quot;/${locale}/forecast/ski/l/${locId}\&quot;,\&quot;slideshows\&quot;:\&quot;/${locale}/slideshows\&quot;,\&quot;tenday\&quot;:\&quot;/${locale}/weather/tenday/l/${locId}\&quot;,\&quot;testUrl\&quot;:\&quot;/${locale}/weather/testUrl\&quot;,\&quot;thanksgivingCountdown\&quot;:\&quot;/forecast/thanksgiving-countdown/l/${locId}\&quot;,\&quot;today\&quot;:\&quot;/${locale}/weather/today/l/${locId}\&quot;,\&quot;unsubscribe\&quot;:\&quot;/${locale}/life/alerts/unsubscribe\&quot;,\&quot;video\&quot;:\&quot;/${locale}/${collectionId}/video/${videoTitle}\&quot;,\&quot;weekend\&quot;:\&quot;/${locale}/weather/weekend/l/${locId}\&quot;,\&quot;yesterday\&quot;:\&quot;//www.wunderground.com/history/daily/${locId}/yesterday\&quot;}},\&quot;zh-HK\&quot;:{\&quot;wxu-urls\&quot;:{\&quot;airQuality\&quot;:\&quot;/${locale}/forecast/air-quality/l/${locId}\&quot;,\&quot;alertDetails\&quot;:\&quot;/${locale}/weather/alerts/localalerts/l/${locId}\&quot;,\&quot;alerts\&quot;:\&quot;/${locale}/weather/alerts/localalerts/l/${locId}\&quot;,\&quot;allergy\&quot;:\&quot;/${locale}/forecast/allergy/l/${locId}\&quot;,\&quot;apps\&quot;:\&quot;/${locale}/${collectionId}/${assetName}\&quot;,\&quot;article\&quot;:\&quot;/${locale}/${collectionId}/news/${articleTitle}\&quot;,\&quot;betterDecisions\&quot;:\&quot;/mission\&quot;,\&quot;boatBeach\&quot;:\&quot;/${locale}/forecast/boat-beach/l/${locId}\&quot;,\&quot;breathing\&quot;:\&quot;/${locale}/forecast/breathing/l/${locId}\&quot;,\&quot;callforcode\&quot;:\&quot;/callforcode\&quot;,\&quot;christmasCountdown\&quot;:\&quot;/forecast/christmas-countdown/l/${locId}\&quot;,\&quot;coldFlu\&quot;:\&quot;/${locale}/forecast/cold-flu/l/${locId}\&quot;,\&quot;covid19\&quot;:\&quot;/${locale}/coronavirus/l/${locId}\&quot;,\&quot;covid19map\&quot;:\&quot;/${locale}/coronavirus/map/l/${locId}\&quot;,\&quot;dataDefinitions\&quot;:\&quot;/${locale}/data-definitions\&quot;,\&quot;dataInventory\&quot;:\&quot;/${locale}/data-inventory\&quot;,\&quot;dataPartners\&quot;:\&quot;/${locale}/data-partners\&quot;,\&quot;dataRights\&quot;:\&quot;/${locale}/data-rights\&quot;,\&quot;farming\&quot;:\&quot;/${locale}/forecast/agriculture/l/${locId}\&quot;,\&quot;fishing\&quot;:\&quot;/${locale}/forecast/fishing/l/${locId}\&quot;,\&quot;fiveday\&quot;:\&quot;/${locale}/weather/5day/l/${locId}\&quot;,\&quot;goRun\&quot;:\&quot;/${locale}/forecast/gorun/l/${locId}\&quot;,\&quot;home\&quot;:\&quot;/${locale}\&quot;,\&quot;hourly\&quot;:\&quot;/${locale}/weather/hourbyhour/l/${locId}\&quot;,\&quot;interactiveMap\&quot;:\&quot;/${locale}/weather/radar/interactive/l/${locId}\&quot;,\&quot;legal\&quot;:\&quot;/${locale}/${collectionId}/${assetName}\&quot;,\&quot;maps\&quot;:\&quot;/maps/${collectionId}\&quot;,\&quot;memberSettings\&quot;:\&quot;/${locale}/member/settings\&quot;,\&quot;memorialdayCountdown\&quot;:\&quot;/forecast/memorial-day-countdown/l/${locId}\&quot;,\&quot;mlbCountdown\&quot;:\&quot;/${locale}/forecast/opening-day-countdown/l/${locId}\&quot;,\&quot;monthly\&quot;:\&quot;/${locale}/weather/monthly/l/${locId}\&quot;,\&quot;notification\&quot;:\&quot;/${locale}/life/manage-notifications\&quot;,\&quot;premiumOnboarding\&quot;:\&quot;/premium/onboarding\&quot;,\&quot;privacyPolicyDirectory\&quot;:\&quot;/${locale}/privacy-policy-directory\&quot;,\&quot;privacySettings\&quot;:\&quot;/${locale}/privacy-settings\&quot;,\&quot;radar\&quot;:\&quot;/${locale}/weather/radar/interactive/l/${locId}\&quot;,\&quot;rss\&quot;:\&quot;/rss\&quot;,\&quot;search\&quot;:\&quot;/${locale}/search/enhancedlocalsearch\&quot;,\&quot;ski\&quot;:\&quot;/${locale}/forecast/ski/l/${locId}\&quot;,\&quot;slideshows\&quot;:\&quot;/${locale}/slideshows\&quot;,\&quot;tenday\&quot;:\&quot;/${locale}/weather/tenday/l/${locId}\&quot;,\&quot;testUrl\&quot;:\&quot;/${locale}/weather/testUrl\&quot;,\&quot;thanksgivingCountdown\&quot;:\&quot;/forecast/thanksgiving-countdown/l/${locId}\&quot;,\&quot;today\&quot;:\&quot;/${locale}/weather/today/l/${locId}\&quot;,\&quot;unsubscribe\&quot;:\&quot;/${locale}/life/alerts/unsubscribe\&quot;,\&quot;video\&quot;:\&quot;/${locale}/${collectionId}/video/${videoTitle}\&quot;,\&quot;weekend\&quot;:\&quot;/${locale}/weather/weekend/l/${locId}\&quot;,\&quot;yesterday\&quot;:\&quot;//www.wunderground.com/history/daily/${locId}/yesterday\&quot;}},\&quot;zh-TW\&quot;:{\&quot;wxu-urls\&quot;:{\&quot;airQuality\&quot;:\&quot;/${locale}/forecast/air-quality/l/${locId}\&quot;,\&quot;alertDetails\&quot;:\&quot;/${locale}/weather/alerts/localalerts/l/${locId}\&quot;,\&quot;alerts\&quot;:\&quot;/${locale}/weather/alerts/localalerts/l/${locId}\&quot;,\&quot;allergy\&quot;:\&quot;/${locale}/forecast/allergy/l/${locId}\&quot;,\&quot;apps\&quot;:\&quot;/${locale}/${collectionId}/${assetName}\&quot;,\&quot;article\&quot;:\&quot;/${locale}/${collectionId}/news/${articleTitle}\&quot;,\&quot;betterDecisions\&quot;:\&quot;/mission\&quot;,\&quot;boatBeach\&quot;:\&quot;/${locale}/forecast/boat-beach/l/${locId}\&quot;,\&quot;breathing\&quot;:\&quot;/${locale}/forecast/breathing/l/${locId}\&quot;,\&quot;callforcode\&quot;:\&quot;/callforcode\&quot;,\&quot;christmasCountdown\&quot;:\&quot;/forecast/christmas-countdown/l/${locId}\&quot;,\&quot;coldFlu\&quot;:\&quot;/${locale}/forecast/cold-flu/l/${locId}\&quot;,\&quot;covid19\&quot;:\&quot;/${locale}/coronavirus/l/${locId}\&quot;,\&quot;covid19map\&quot;:\&quot;/${locale}/coronavirus/map/l/${locId}\&quot;,\&quot;dataDefinitions\&quot;:\&quot;/${locale}/data-definitions\&quot;,\&quot;dataInventory\&quot;:\&quot;/${locale}/data-inventory\&quot;,\&quot;dataPartners\&quot;:\&quot;/${locale}/data-partners\&quot;,\&quot;dataRights\&quot;:\&quot;/${locale}/data-rights\&quot;,\&quot;farming\&quot;:\&quot;/${locale}/forecast/agriculture/l/${locId}\&quot;,\&quot;fishing\&quot;:\&quot;/${locale}/forecast/fishing/l/${locId}\&quot;,\&quot;fiveday\&quot;:\&quot;/${locale}/weather/5day/l/${locId}\&quot;,\&quot;goRun\&quot;:\&quot;/${locale}/forecast/gorun/l/${locId}\&quot;,\&quot;home\&quot;:\&quot;/${locale}\&quot;,\&quot;hourly\&quot;:\&quot;/${locale}/weather/hourbyhour/l/${locId}\&quot;,\&quot;interactiveMap\&quot;:\&quot;/${locale}/weather/radar/interactive/l/${locId}\&quot;,\&quot;legal\&quot;:\&quot;/${locale}/${collectionId}/${assetName}\&quot;,\&quot;maps\&quot;:\&quot;/maps/${collectionId}\&quot;,\&quot;memberSettings\&quot;:\&quot;/${locale}/member/settings\&quot;,\&quot;memorialdayCountdown\&quot;:\&quot;/forecast/memorial-day-countdown/l/${locId}\&quot;,\&quot;mlbCountdown\&quot;:\&quot;/${locale}/forecast/opening-day-countdown/l/${locId}\&quot;,\&quot;monthly\&quot;:\&quot;/${locale}/weather/monthly/l/${locId}\&quot;,\&quot;notification\&quot;:\&quot;/${locale}/life/manage-notifications\&quot;,\&quot;premiumOnboarding\&quot;:\&quot;/premium/onboarding\&quot;,\&quot;privacyPolicyDirectory\&quot;:\&quot;/${locale}/privacy-policy-directory\&quot;,\&quot;privacySettings\&quot;:\&quot;/${locale}/privacy-settings\&quot;,\&quot;radar\&quot;:\&quot;/${locale}/weather/radar/interactive/l/${locId}\&quot;,\&quot;rss\&quot;:\&quot;/rss\&quot;,\&quot;search\&quot;:\&quot;/${locale}/search/enhancedlocalsearch\&quot;,\&quot;ski\&quot;:\&quot;/${locale}/forecast/ski/l/${locId}\&quot;,\&quot;slideshows\&quot;:\&quot;/${locale}/slideshows\&quot;,\&quot;tenday\&quot;:\&quot;/${locale}/weather/tenday/l/${locId}\&quot;,\&quot;testUrl\&quot;:\&quot;/${locale}/weather/testUrl\&quot;,\&quot;thanksgivingCountdown\&quot;:\&quot;/forecast/thanksgiving-countdown/l/${locId}\&quot;,\&quot;today\&quot;:\&quot;/${locale}/weather/today/l/${locId}\&quot;,\&quot;unsubscribe\&quot;:\&quot;/${locale}/life/alerts/unsubscribe\&quot;,\&quot;video\&quot;:\&quot;/${locale}/${collectionId}/video/${videoTitle}\&quot;,\&quot;weekend\&quot;:\&quot;/${locale}/weather/weekend/l/${locId}\&quot;,\&quot;yesterday\&quot;:\&quot;//www.wunderground.com/history/daily/${locId}/yesterday\&quot;}}}&quot;);&lt;/script&gt;&lt;script&gt;if (&apos;serviceWorker&apos; in navigator) {&#10;      window.addEventListener(&apos;load&apos;, () =&gt; {&#10;        navigator.serviceWorker.register(&apos;/daybreak-home/assets/service-worker.js&apos;);&#10;      });&#10;    }&lt;/script&gt;&lt;div id=&quot;dpr-manager&quot;&gt;&lt;/div&gt;&lt;/body&gt;&lt;/html&gt;]" type="java.lang.AssertionError"><![CDATA[java.lang.AssertionError: 
expected [a string containing "delicious cheese!"] but found [<html dir="ltr" lang="en-US"><head>
      <meta data-react-helmet="true" charset="utf-8"><meta data-react-helmet="true" name="viewport" content="width=device-width, initial-scale=1, viewport-fit=cover"><meta data-react-helmet="true" name="robots" content="max-image-preview:large"><meta data-react-helmet="true" name="robots" content="index, follow"><meta data-react-helmet="true" name="referrer" content="origin"><meta data-react-helmet="true" name="description" content="The Weather Channel and weather.com provide a national and local weather forecast for cities, as well as weather radar, report and hurricane coverage"><meta data-react-helmet="true" name="msapplication-TileColor" content="#ffffff"><meta data-react-helmet="true" name="msapplication-TileImage" content="/daybreak-home/assets/ms-icon-144x144.d353af.png"><meta data-react-helmet="true" name="theme-color" content="#ffffff"><meta data-react-helmet="true" property="og:title" content="National and Local Weather Radar, Daily Forecast, Hurricane and information from The Weather Channel and weather.com"><meta data-react-helmet="true" property="og:image" content="https://s.w-x.co/240x180_twc_default.png"><meta data-react-helmet="true" property="og:image:url" content="https://s.w-x.co/240x180_twc_default.png"><meta data-react-helmet="true" property="og:image:secure_url" content="https://s.w-x.co/240x180_twc_default.png"><meta data-react-helmet="true" property="og:site_name" content="The Weather Channel"><meta data-react-helmet="true" property="og:type" content="article"><meta data-react-helmet="true" property="og:locale" content="en_US"><meta data-react-helmet="true" property="og:description" content="The Weather Channel and weather.com provide a national and local weather forecast for cities, as well as weather radar, report and hurricane coverage"><meta data-react-helmet="true" property="og:url" content="https://weather.com/">
      <title data-react-helmet="true">National and Local Weather Radar, Daily Forecast, Hurricane and information from The Weather Channel and weather.com</title>
      <link rel="preload" as="script" href="//confiant-integrations.global.ssl.fastly.net/sM1wMdWIAB1LeJwC9QvIgGUpPQ0/gpt_and_prebid/config.js"><link rel="preload" as="script" href="//c.amazon-adsystem.com/aax2/apstag.js"><link rel="preload" as="script" href="//cdn.adsafeprotected.com/iasPET.1.js"><link data-react-helmet="true" rel="canonical" href="https://weather.com/"><link data-react-helmet="true" rel="icon" sizes="192x192" href="/daybreak-home/assets/android-icon-192x192.59ccbc.png"><link data-react-helmet="true" rel="apple-touch-icon" sizes="114x114" href="/daybreak-home/assets/apple-icon-114x114.1354cc.png"><link data-react-helmet="true" rel="apple-touch-icon" sizes="120x120" href="/daybreak-home/assets/apple-icon-120x120.ba15c8.png"><link data-react-helmet="true" rel="apple-touch-icon" sizes="144x144" href="/daybreak-home/assets/apple-icon-144x144.d353af.png"><link data-react-helmet="true" rel="apple-touch-icon" sizes="152x152" href="/daybreak-home/assets/apple-icon-152x152.3eb488.png"><link data-react-helmet="true" rel="apple-touch-icon" sizes="180x180" href="/daybreak-home/assets/apple-icon-180x180.f0f315.png"><link data-react-helmet="true" rel="apple-touch-icon" sizes="57x57" href="/daybreak-home/assets/apple-icon-57x57.57039f.png"><link data-react-helmet="true" rel="apple-touch-icon" sizes="60x60" href="/daybreak-home/assets/apple-icon-60x60.97d314.png"><link data-react-helmet="true" rel="apple-touch-icon" sizes="72x72" href="/daybreak-home/assets/apple-icon-72x72.77210f.png"><link data-react-helmet="true" rel="apple-touch-icon" sizes="76x76" href="/daybreak-home/assets/apple-icon-76x76.625d0f.png"><link data-react-helmet="true" rel="icon" sizes="16x16" href="/daybreak-home/assets/favicon-16x16.ff392a.png"><link data-react-helmet="true" rel="icon" sizes="32x32" href="/daybreak-home/assets/favicon-32x32.c1752b.png"><link data-react-helmet="true" rel="icon" sizes="96x96" href="/daybreak-home/assets/favicon-96x96.e407ed.png"><link data-react-helmet="true" rel="manifest" href="/manifest.json">
      <link rel="preload" as="script" href="/daybreak-home/assets/main.1c834db10af7ef5f5601.js">
      <style type="text/css">:root{--border-radius:6px;color:var(--textDefault);--textBrand:#1b4de4;--textDefault:#2b2b2b;--textDark:#000;--textMedium:#2b2b2b;--textLight:#6f7585;--textOverlay:#fff;--textDisabled:#43454e;--borderDefault:#dedede;--borderLight:#f0f0f0;--backgroundDefault:#fff;--backgroundCard:#fff;--backgroundBrand:#039;--backgroundActive:#1b4de4;--backgroundBrandAccent:#1b4de4;--backgroundInverse:#000;--backgroundOverlay:#fff;--backgroundModalOverlay:rgba(0,0,0,0.8);--backgroundTableBody:#f1f1f1;--buttonBackground:#fff;--buttonText:#1b4de4;--primaryButtonBackground:#1b4de4;--primaryButtonText:#fff;--secondaryButtonBackground:#fff;--secondaryButtonText:#1b4de4;--buttonTrack:#6f7585;--buttonThumb:#fff;--buttonDisabled:#b1b1b1}html{line-height:1.5;-webkit-text-size-adjust:100%;font-family:-apple-system,BlinkMacSystemFont,Segoe UI,Roboto,Oxygen,Ubuntu,Cantarell,Fira Sans,Droid Sans,Helvetica Neue,sans-serif}[dir] body{margin:0}header,main{display:block;position:relative}h1{font-size:2em}[dir] h1{margin:.67em 0}hr{box-sizing:initial;height:0;overflow:visible}pre{font-family:monospace;font-size:1em}a{text-decoration:none}[dir] a{background-color:initial}abbr[title]{text-decoration:underline;-webkit-text-decoration:underline dotted;text-decoration:underline dotted}[dir] abbr[title]{border-bottom:none}b,strong{font-weight:bolder}code,kbd,samp{font-family:monospace;font-size:1em}small{font-size:80%}sub,sup{font-size:75%;line-height:0;position:relative;vertical-align:initial}sub{bottom:-.25em}sup{top:-.5em}[dir] img{border-style:none}button,input,optgroup,select,textarea{font-family:inherit;font-size:100%;line-height:1.15}[dir] button, [dir] input, [dir] optgroup, [dir] select, [dir] textarea{margin:0}button,input{overflow:visible;-webkit-tap-highlight-color:rgba(0,0,0,.2)}button:focus,input:focus{outline:5px auto #1b4de4}button,select{text-transform:none}[type=button],[type=reset],[type=submit],button{-webkit-appearance:button}[dir] [type=button]::-moz-focus-inner, [dir] [type=reset]::-moz-focus-inner, [dir] [type=submit]::-moz-focus-inner, [dir] button::-moz-focus-inner{border-style:none;padding:0}[type=button]:-moz-focusring,[type=reset]:-moz-focusring,[type=submit]:-moz-focusring,button:-moz-focusring{outline:1px dotted ButtonText}[dir] fieldset{padding:.35em .75em .625em}legend{box-sizing:border-box;color:inherit;display:table;max-width:100%;white-space:normal}[dir] legend{padding:0}progress{vertical-align:initial}textarea{overflow:auto}[type=checkbox],[type=radio]{box-sizing:border-box}[dir] [type=checkbox], [dir] [type=radio]{padding:0}[type=number]::-webkit-inner-spin-button,[type=number]::-webkit-outer-spin-button{height:auto}[type=search]{-webkit-appearance:textfield;outline-offset:-2px}[type=search]::-webkit-search-decoration{-webkit-appearance:none}::-webkit-file-upload-button{-webkit-appearance:button;font:inherit}details{display:block}summary{display:list-item}[hidden],template{display:none}.tp-modal .tp-close{top:unset!important}[dir] .tp-modal .tp-close{box-shadow:none!important;background:url('data:image/svg+xml;charset=utf-8,<svg width="18" height="18" xmlns="http://www.w3.org/2000/svg"><path d="M9 7.468L15.817.65a1.083 1.083 0 011.532 1.532L10.532 9l6.817 6.817a1.083 1.083 0 11-1.532 1.532L9 10.532 2.183 17.35A1.083 1.083 0 11.65 15.817L7.468 9 .65 2.183A1.083 1.083 0 012.183.65L9 7.468z" fill="%231B4DE4" fill-rule="evenodd"/></svg>') 50% no-repeat!important}[dir=ltr] .tp-modal .tp-close{right:0!important}[dir=rtl] .tp-modal .tp-close{left:0!important}[dir=ltr] .tp-modal .tp-close{right:16px!important;top:12px!important}[dir=rtl] .tp-modal .tp-close{left:16px!important;top:12px!important}@media screen and (max-width:480px){[dir=ltr] .tp-modal .tp-close{right:0!important}[dir=rtl] .tp-modal .tp-close{left:0!important}#checkout-container{width:unset!important}[dir] #checkout-container{margin:auto 30px}}html{color:var(--textDefault);scroll-behavior:smooth}:focus{outline:1px dotted #212121;outline:5px auto -webkit-focus-ring-color}body.modalOpen{overflow:hidden;width:100%;height:100%;-webkit-overflow-scrolling:touch}[dir] .DaybreakLargeScreen--appWrapper--O_upA{background-attachment:fixed;background-position:50%;background-size:cover}.DaybreakLargeScreen--regionMeta--3xkV8{display:none}.DaybreakLargeScreen--regionTopAds--3wIMe{overflow:hidden}[dir] .DaybreakLargeScreen--regionTopAds--3wIMe{background-color:#fff}.DaybreakLargeScreen--regionHeaderSticky--1mg4O{z-index:100;top:0;position:-webkit-sticky;position:sticky}#wx-hero-content{grid-column-start:1;grid-column-end:3}.DaybreakLargeScreen--gridWrapper--3wzvS{display:grid;grid-template-columns:minmax(0,1fr) 350px;grid-column-gap:12px;max-width:1162px;z-index:100}[dir] .DaybreakLargeScreen--gridWrapper--3wzvS{margin:12px auto!important}[dir] .DaybreakLargeScreen--gridWrapper--3wzvS .adWrapper.card, [dir] .DaybreakLargeScreen--gridWrapper--3wzvS .card{margin:0!important}.DaybreakLargeScreen--gridWrapper--3wzvS .card h2{font-size:1.25rem}.DaybreakLargeScreen--gridWrapper--3wzvS .fullWidth{grid-column:span 12}.DaybreakLargeScreen--gridWrapper--3wzvS .halfWidth{grid-column:span 6}@media only screen and (max-width:1008px){.DaybreakLargeScreen--gridWrapper--3wzvS .halfWidth{grid-column:span 12}}@media only screen and (max-width:641px){.DaybreakLargeScreen--gridWrapper--3wzvS{grid-template-columns:minmax(0,17fr) minmax(0,8fr)}}@media only screen and (max-width:427.6666666667px){.DaybreakLargeScreen--gridWrapper--3wzvS{display:block}[dir=ltr] .DaybreakLargeScreen--gridWrapper--3wzvS .regionMain{margin-right:12px}[dir=rtl] .DaybreakLargeScreen--gridWrapper--3wzvS .regionMain{margin-left:12px}[dir=ltr] .DaybreakLargeScreen--gridWrapper--3wzvS .regionSidebar{margin-left:12px}[dir=rtl] .DaybreakLargeScreen--gridWrapper--3wzvS .regionSidebar{margin-right:12px}}.DaybreakLargeScreen--gridWrapper--3wzvS .oneThirdWidth{grid-column:span 4}.DaybreakLargeScreen--gridWrapper--3wzvS .twoThirdWidth{grid-column:span 8}.DaybreakLargeScreen--gridWrapper--3wzvS .oneFourthWidth{grid-column:span 3}.DaybreakLargeScreen--gridWrapper--3wzvS .threeFourthWidth{grid-column:span 9}.DaybreakLargeScreen--regionMain--1F19m{display:grid;grid-column-start:1;grid-column-end:2;grid-template-columns:repeat(12,1fr);grid-column-gap:12px;grid-auto-rows:max-content}[dir=ltr] .DaybreakLargeScreen--regionMain--1F19m{margin-left:12px}[dir=rtl] .DaybreakLargeScreen--regionMain--1F19m{margin-right:12px}.DaybreakLargeScreen--regionMain--1F19m>div{width:100%;grid-column:span 12}.DaybreakLargeScreen--regionMain--1F19m>div>:first-child{height:100%;box-sizing:border-box}.DaybreakLargeScreen--removeGridStyles--rOiCU{display:block}[dir=ltr] .DaybreakLargeScreen--removeGridStyles--rOiCU{margin-left:unset}[dir=rtl] .DaybreakLargeScreen--removeGridStyles--rOiCU{margin-right:unset}.DaybreakLargeScreen--regionContentBottom--eIwFn,.DaybreakLargeScreen--regionContentTop--35bjX{z-index:0;max-width:1138px}[dir] .DaybreakLargeScreen--regionContentBottom--eIwFn, [dir] .DaybreakLargeScreen--regionContentTop--35bjX{margin:12px auto}@media only screen and (max-width:1023px){[dir] .DaybreakLargeScreen--regionContentBottom--eIwFn{margin:12px}}.DaybreakLargeScreen--regionSidebar--2kFGB{position:relative;grid-column-start:2;grid-column-end:3;display:grid;grid-auto-rows:max-content;grid-auto-columns:100%;grid-column-gap:12px}[dir=ltr] .DaybreakLargeScreen--regionSidebar--2kFGB{margin-right:12px}[dir=rtl] .DaybreakLargeScreen--regionSidebar--2kFGB{margin-left:12px}[dir] .DaybreakLargeScreen--regionMain--1F19m>div:not(:last-child):not([id^=WxuAd]), [dir] .DaybreakLargeScreen--regionSidebar--2kFGB>div:not(:last-child):not([id^=WxuAd]){margin-bottom:12px}[dir] .DaybreakLargeScreen--regionFooter--3zJxU{background-color:#fff;margin-top:48px}.removeIfEmpty:empty{display:none}@media only screen and (min-width:1440px){.DaybreakLargeScreen--clearNight--3pohZ,.DaybreakLargeScreen--cloudyFoggyDay--3gcca,.DaybreakLargeScreen--cloudyFoggyNight--1E5zA,.DaybreakLargeScreen--default--HLWoE,.DaybreakLargeScreen--rainyDay--31_-7,.DaybreakLargeScreen--rainyNight--22sHa,.DaybreakLargeScreen--snowyIcyDay--1-A4x,.DaybreakLargeScreen--snowyIcyNight--3U1lA,.DaybreakLargeScreen--sunnyDay--3mLLX{opacity:.6}.DaybreakLargeScreen--severe--1L0oQ{opacity:.2}}.TwcCopyright--copyright--3c6z9{font-size:.8125rem}.LinkList--LinkList--2qcvb{list-style:none}[dir] .LinkList--LinkList--2qcvb{padding:0}.LinkList--Link--3c6QD{text-decoration:none;color:#2b2b2b}.LinkList--default--3tsgi .LinkList--Link--3c6QD{display:block}[dir] .LinkList--default--3tsgi .LinkList--Link--3c6QD{padding:5px 16px}.LinkList--button--2jxAm{font-weight:700;line-height:1.5}[dir] .LinkList--button--2jxAm{border:none;background:none;border-radius:0;padding:0 .5em}.LinkList--columns-2--b7jSd{column-count:2;grid-column-gap:0;column-gap:0}.LinkList--columns-2--b7jSd .LinkList--Link--3c6QD{display:inline-block}[dir] .LinkList--columns-2--b7jSd .LinkList--Link--3c6QD{padding:5px 0}.LinkList--inline--ctyWE{display:flex;flex-flow:row wrap}.LinkList--inline--ctyWE .LinkList--Link--3c6QD{display:inline-block}[dir] .LinkList--inline--ctyWE .LinkList--Link--3c6QD{padding:0 .5em;margin-top:10px}[dir=ltr] .LinkList--inline--ctyWE .LinkList--Link--3c6QD{border-right:1px solid}[dir=rtl] .LinkList--inline--ctyWE .LinkList--Link--3c6QD{border-left:1px solid}[dir=ltr] .LinkList--inline--ctyWE :last-child .LinkList--Link--3c6QD{border-right:0}[dir=rtl] .LinkList--inline--ctyWE :last-child .LinkList--Link--3c6QD{border-left:0}.LinkList--inline-no-border--3rBYV{display:flex;flex-flow:row wrap;justify-content:center}.LinkList--inline-no-border--3rBYV .LinkList--Link--3c6QD{display:inline-block}[dir] .LinkList--inline-no-border--3rBYV .LinkList--Link--3c6QD{padding:0 .5em;margin-top:10px}.LinkList--inlineIcon--htdap,.LinkList--inlineIconContainer--1__vR{display:flex}.LinkList--inlineIcon--htdap{flex-direction:row;align-items:center}[dir] .Footer--container--17QeH{border-top:1px solid #dedede}.Footer--Footer--1HyT6{color:#2b2b2b;font-size:.875rem;max-width:1138px}[dir] .Footer--Footer--1HyT6{padding:30px;margin:0 auto}[dir=ltr] .Footer--Footer--1HyT6{text-align:left}[dir=rtl] .Footer--Footer--1HyT6{text-align:right}.Footer--iconWeatherCompany--I4AuQ{width:70px!important;height:70px!important}.Footer--iconWeatherChannel--2edFl{width:35px!important;height:35px!important}.Footer--iconWunderground--1Uqi0{width:50px!important;height:50px!important}.Footer--georgiaIcon--2T2M6{width:100px!important;height:34px!important}.Footer--essentialIcon--1hN7e{width:60px!important;height:23px!important}.Footer--ibmCloudIcon--KaA3A{width:143px!important;height:51px!important}.Footer--socialLogos--2MwDy{display:flex;align-items:center;justify-content:space-between}.Footer--socialLogos--2MwDy .Footer--socialContainer--2gmQD{display:flex;flex-grow:1}[dir] .Footer--socialLogos--2MwDy .Footer--socialLinks--3gaYZ{margin:0}.Footer--socialLogos--2MwDy .Footer--socialLinks--3gaYZ li{display:flex;align-items:center}[dir] .Footer--socialLogos--2MwDy .Footer--socialLinks--3gaYZ a{padding:0}[dir=ltr] .Footer--socialLogos--2MwDy .Footer--socialLinks--3gaYZ a{margin:0 0 0 10px}[dir=rtl] .Footer--socialLogos--2MwDy .Footer--socialLinks--3gaYZ a{margin:0 10px 0 0}.Footer--connect--x2PKn{font-size:1.125rem;font-weight:700;align-self:center}.Footer--socialLinks--3gaYZ .Footer--icon--256Lh{width:24px!important;height:24px!important}[dir] .Footer--socialLinks--3gaYZ .Footer--icon--256Lh{padding:10px;border-radius:100vw;background-color:#cfdaf9}[dir] .Footer--socialLinks--3gaYZ .Footer--icon--256Lh:hover{background-color:#1b4de4}.Footer--socialLinks--3gaYZ .Footer--icon--256Lh:hover path{fill:#fff}ul.Footer--linklist--1oQyV{justify-content:start;font-weight:700}ul.Footer--corporateLinks--9iyOo{font-weight:400}[dir] ul.Footer--corporateLinks--9iyOo{margin-top:35px}[dir=ltr] ul.Footer--legalLinks--2UpxR{margin:10px 0 10px -.5em}[dir=rtl] ul.Footer--legalLinks--2UpxR{margin:10px -.5em 10px 0}[dir] ul.Footer--legalLinks--2UpxR .Footer--link--1Fxpr{margin-top:10px}[dir=ltr] ul.Footer--privacyLinks--2uIcT{margin-left:-.5em}[dir=rtl] ul.Footer--privacyLinks--2uIcT{margin-right:-.5em}[dir] ul.Footer--privacyLinks--2uIcT .Footer--link--1Fxpr{margin-top:10px}[dir] ul .Footer--link--1Fxpr{margin:0}ul .Footer--link--1Fxpr:hover{color:#446de9}[dir] .Footer--externalAttribution--1iRqW{margin:7px 0 0}[dir] .Footer--externalAttribution--1iRqW .Footer--georgiaLogo--1iWRu{margin-top:10px}[dir=ltr] .Footer--externalAttribution--1iRqW .Footer--georgiaLogo--1iWRu{padding-left:10px}[dir=rtl] .Footer--externalAttribution--1iRqW .Footer--georgiaLogo--1iWRu{padding-right:10px}.Footer--privacyLinksParagraph--1qtvH{line-height:1.4}[dir] .Footer--privacyLinksParagraph--1qtvH{margin:18px 0 0}[dir] .Footer--attribution--t2lCS{margin:20px 0 0}.Footer--attribution--t2lCS .Footer--ibmLink--3l-1p{display:inline-flex;align-items:center;color:#2b2b2b;text-decoration:none}[dir] .Footer--attribution--t2lCS .Footer--ibmLink--3l-1p{margin-top:10px}[dir=ltr] .Footer--attribution--t2lCS .Footer--poweredBy--Zzdv2{padding:5px 10px 0 0}[dir=rtl] .Footer--attribution--t2lCS .Footer--poweredBy--Zzdv2{padding:5px 0 0 10px}.Footer--logoLockup--2C7WO{display:flex;align-items:center}[dir=ltr] .Footer--logoLockup--2C7WO :not(:first-child){margin-left:10px}[dir=rtl] .Footer--logoLockup--2C7WO :not(:first-child){margin-right:10px}[dir] .Footer--logoLockup--2C7WO.Footer--linkSpacing--l05S2{margin:0 auto}@media only screen and (min-width:1023px){[dir] .Footer--Footer--1HyT6{text-align:center}ul.Footer--linklist--1oQyV{justify-content:center}[dir] ul.Footer--legalLinks--2UpxR, [dir] ul.Footer--privacyLinks--2uIcT .Footer--link--1Fxpr{margin:10px 0 0}[dir] .Footer--georgiaLogo--1iWRu{margin-top:10px}}[id*=WxuFooter-sidebar] .Footer--socialContainer--2gmQD{display:block}[dir] [id*=WxuFooter-sidebar] .Footer--socialContainer--2gmQD{margin-bottom:20px}[id*=WxuFooter-sidebar] .Footer--socialLogos--2MwDy{display:block}[id*=WxuFooter-sidebar] .Footer--connect--x2PKn{display:block}[dir] [id*=WxuFooter-sidebar] .Footer--connect--x2PKn{margin-bottom:10px}[id*=WxuFooter-sidebar] .Footer--logoLockup--2C7WO{display:flex;justify-content:space-between}[dir] [id*=WxuFooter-sidebar] .Footer--logoLockup--2C7WO{padding:0 25px;margin-bottom:10px}[dir] .PromoDriver--card--L3N9x{margin:10px}[dir] .PromoDriver--cardRadar--3shnw{margin:10px 0!important}[dir] .PromoDriver--cardHeader--18cFA{padding:16px 16px 0!important}[dir] .PromoDriver--cardContent--3d1dY{padding:0 16px 16px;text-align:center}.PromoDriver--fallbackAndAd--1oRGC{display:inline-block;overflow:hidden;position:relative;top:0;width:285px;height:100px}[dir] .PromoDriver--fallbackAndAd--1oRGC{cursor:pointer}[dir=ltr] .PromoDriver--fallbackAndAd--1oRGC{left:0}[dir=rtl] .PromoDriver--fallbackAndAd--1oRGC{right:0}[dir] .PromoDriver--missingTitle--1KwDj{margin-top:16px}.PromoDriver--fallback--3TL5h{top:3px}.PromoDriver--ad--uS0ol,.PromoDriver--fallback--3TL5h{position:absolute;width:285px}[dir=ltr] .PromoDriver--ad--uS0ol, [dir=ltr] .PromoDriver--fallback--3TL5h{left:0}[dir=rtl] .PromoDriver--ad--uS0ol, [dir=rtl] .PromoDriver--fallback--3TL5h{right:0}.PromoDriver--ad--uS0ol{top:0}.MapboxAttribution--Attribution--1vD2Z{position:absolute;z-index:2;width:100%}.MapboxAttribution--Attribution--1vD2Z.MapboxAttribution--topleft--2xDnS{top:10px}[dir=ltr] .MapboxAttribution--Attribution--1vD2Z.MapboxAttribution--topleft--2xDnS{left:5px}[dir=rtl] .MapboxAttribution--Attribution--1vD2Z.MapboxAttribution--topleft--2xDnS{right:5px}.MapboxAttribution--Attribution--1vD2Z.MapboxAttribution--topright--3JfbO{top:10px}[dir=ltr] .MapboxAttribution--Attribution--1vD2Z.MapboxAttribution--topright--3JfbO{right:5px}[dir=rtl] .MapboxAttribution--Attribution--1vD2Z.MapboxAttribution--topright--3JfbO{left:5px}.MapboxAttribution--Attribution--1vD2Z.MapboxAttribution--bottomleft--3XCHf{bottom:5px}[dir=ltr] .MapboxAttribution--Attribution--1vD2Z.MapboxAttribution--bottomleft--3XCHf{left:5px}[dir=rtl] .MapboxAttribution--Attribution--1vD2Z.MapboxAttribution--bottomleft--3XCHf{right:5px}.MapboxAttribution--Attribution--1vD2Z.MapboxAttribution--bottomright--2dCKP{bottom:5px}[dir=ltr] .MapboxAttribution--Attribution--1vD2Z.MapboxAttribution--bottomright--2dCKP{right:5px}[dir=rtl] .MapboxAttribution--Attribution--1vD2Z.MapboxAttribution--bottomright--2dCKP{left:5px}.MapboxAttribution--buttonAndLogo--jhR2l{display:flex;align-items:center}.MapboxAttribution--Attribution--1vD2Z.MapboxAttribution--bottomright--2dCKP .MapboxAttribution--buttonAndLogo--jhR2l,.MapboxAttribution--Attribution--1vD2Z.MapboxAttribution--topright--3JfbO .MapboxAttribution--buttonAndLogo--jhR2l{justify-content:flex-end}.MapboxAttribution--buttonAndLogo--jhR2l .MapboxAttribution--mapboxLogo--2dmD6{position:relative;top:1px}[dir] .MapboxAttribution--buttonAndLogo--jhR2l .MapboxAttribution--mapboxLogo--2dmD6{border:0;background:none;cursor:pointer;padding:0}.MapboxAttribution--buttonAndLogo--jhR2l .MapboxAttribution--mapboxLogo--2dmD6 svg{width:75px;height:auto;opacity:.75;filter:drop-shadow(0 0 2px black)}.MapboxAttribution--buttonAndLogo--jhR2l .MapboxAttribution--mapboxLogo--2dmD6.MapboxAttribution--blue--16_2f{fill:#4264fb}.MapboxAttribution--buttonAndLogo--jhR2l .MapboxAttribution--mapboxLogo--2dmD6.MapboxAttribution--white--2kOId{fill:#fff}.MapboxAttribution--mapboxlinks--2ovD2{visibility:hidden;opacity:.8;font-size:.625rem;z-index:999}[dir] .MapboxAttribution--mapboxlinks--2ovD2{padding:5px;margin:7px 0;background:hsla(0,0%,100%,.8)}.MapboxAttribution--mapboxlinks--2ovD2.MapboxAttribution--stack--TRFcZ{display:flex!important;flex-direction:column}[dir=ltr] .MapboxAttribution--mapboxlinks--2ovD2.MapboxAttribution--stack--TRFcZ{text-align:right}[dir=rtl] .MapboxAttribution--mapboxlinks--2ovD2.MapboxAttribution--stack--TRFcZ{text-align:left}.MapboxAttribution--mapboxlinks--2ovD2 a{text-decoration:none;color:#2b2b2b}.MapboxAttribution--mapboxlinks--2ovD2.MapboxAttribution--show--2_KKv{display:inline-block;visibility:inherit}.MapboxAttribution--mapboxlinks--2ovD2.MapboxAttribution--hide--3WTWm{display:none}[dir] .MapboxAttribution--mapboxlinks--2ovD2 .MapboxAttribution--separator--LOEAa{padding:0 5px}.Wind--windWrapper--3aqXJ svg{width:17px;height:auto}[dir=ltr] .Wind--windWrapper--3aqXJ svg{margin-right:5px}[dir=rtl] .Wind--windWrapper--3aqXJ svg{margin-left:5px}.Mobile .Wind--windWrapper--3aqXJ svg{vertical-align:middle}.HurricaneTrackerCard--mapImage--3bPqE{height:320px;width:100%;z-index:0}[dir] .HurricaneTrackerCard--mapImage--3bPqE{background-position:50%;background-size:cover;margin-bottom:10px}.HurricaneTrackerCard--gradient--1z83d{position:absolute;height:100%;width:100%}[dir] .HurricaneTrackerCard--gradient--1z83d{background:#000;background:linear-gradient(0deg,#000,transparent 20%,transparent 80%,#000)}.HurricaneTrackerCard--stormDetailsHeader--2epC1{display:flex;position:absolute;max-width:60%;top:0;color:#fff;line-height:1.25;font-size:.875rem;z-index:1}[dir=ltr] .HurricaneTrackerCard--stormDetailsHeader--2epC1{margin:12px 0 0 16px}[dir=rtl] .HurricaneTrackerCard--stormDetailsHeader--2epC1{margin:12px 16px 0 0}.HurricaneTrackerCard--stormIcon--2dyhh{display:flex;height:35px;width:35px;min-width:35px;justify-content:center;align-items:center;line-height:1;box-sizing:border-box;font-weight:700}[dir] .HurricaneTrackerCard--stormIcon--2dyhh{border:2.25px solid #fff;border-radius:22.5px;background:grey;padding:2px;text-align:center}[dir] .HurricaneTrackerCard--stormIcon--2dyhh.HurricaneTrackerCard--ts--165D3{border-color:#61c747;background:#224818}[dir] .HurricaneTrackerCard--stormIcon--2dyhh.HurricaneTrackerCard--l--29MMX{border-color:#25bef7;background:#093b4d}.HurricaneTrackerCard--stormIcon--2dyhh.HurricaneTrackerCard--cat1--2aj_t{font-size:.625rem}[dir] .HurricaneTrackerCard--stormIcon--2dyhh.HurricaneTrackerCard--cat1--2aj_t{border-color:#ebdb02;background:#494501}.HurricaneTrackerCard--stormIcon--2dyhh.HurricaneTrackerCard--cat2--2FQ19{font-size:.625rem}[dir] .HurricaneTrackerCard--stormIcon--2dyhh.HurricaneTrackerCard--cat2--2FQ19{border-color:#ebb700;background:#524000}.HurricaneTrackerCard--stormIcon--2dyhh.HurricaneTrackerCard--cat3--2Oaco{font-size:.625rem}[dir] .HurricaneTrackerCard--stormIcon--2dyhh.HurricaneTrackerCard--cat3--2Oaco{border-color:#fc8800;background:#502c02}.HurricaneTrackerCard--stormIcon--2dyhh.HurricaneTrackerCard--cat4--2L5Xg{font-size:.625rem}[dir] .HurricaneTrackerCard--stormIcon--2dyhh.HurricaneTrackerCard--cat4--2L5Xg{border-color:#fc5e00;background:#511e00}.HurricaneTrackerCard--stormIcon--2dyhh.HurricaneTrackerCard--cat5--3SNLi{font-size:.625rem}[dir] .HurricaneTrackerCard--stormIcon--2dyhh.HurricaneTrackerCard--cat5--3SNLi{border-color:#ed2325;background:#4f0c0d}.HurricaneTrackerCard--stormName--GnxI5{font-weight:700;font-size:1rem;line-height:1.15}.HurricaneTrackerCard--stormDate--SnZCG{font-size:.75rem}.HurricaneTrackerCard--stormDetailsList--1M-cR{position:absolute;display:flex;flex-direction:row;width:100%;bottom:0;list-style-type:none;box-sizing:border-box;color:#fff;line-height:1.25;font-size:.875rem;z-index:1}[dir] .HurricaneTrackerCard--stormDetailsList--1M-cR{padding:0 16px}[dir=ltr] .HurricaneTrackerCard--stormDetailsList--1M-cR li{margin-right:32px}[dir=rtl] .HurricaneTrackerCard--stormDetailsList--1M-cR li{margin-left:32px}[dir=ltr] .HurricaneTrackerCard--stormDetailsList--1M-cR li:last-of-type{margin-right:0}[dir=rtl] .HurricaneTrackerCard--stormDetailsList--1M-cR li:last-of-type{margin-left:0}.HurricaneTrackerCard--bodyWrapper--KBdzt{position:relative}.HurricaneTrackerCard--textWrapper--1Hz_q{display:flex;flex-direction:column}[dir=ltr] .HurricaneTrackerCard--textWrapper--1Hz_q{margin-left:10px}[dir=rtl] .HurricaneTrackerCard--textWrapper--1Hz_q{margin-right:10px}.HurricaneTrackerCard--label--mO3OW{font-size:.75rem}.HurricaneTrackerCard--value--2WPHH{font-weight:700}.HurricaneTrackerCard--attributionPositionOverride--2MP4j{top:13px!important;z-index:1}[dir=ltr] .HurricaneTrackerCard--attributionPositionOverride--2MP4j{right:16px!important}[dir=rtl] .HurricaneTrackerCard--attributionPositionOverride--2MP4j{left:16px!important}[dir] .HurricaneTrackerCard--attributionPositionOverride--2MP4j button{padding:0!important}.Ellipsis--ellipsis--1sNTm{display:-webkit-box;display:-webkit-inline-box;-webkit-box-orient:vertical;overflow:hidden}.Image--intrinsicRatioRoot--1I6CT{position:relative;width:100%}.Image--intrinsicRatioElement--eptTV{display:block;position:absolute;top:0;width:100%;height:100%}[dir=ltr] .Image--intrinsicRatioElement--eptTV{left:0}[dir=rtl] .Image--intrinsicRatioElement--eptTV{right:0}[dir] .Image--rounded--2t_Qb{border-radius:6px}.Image--gradient--2COra{width:100%}[dir=ltr] .Image--gradient--2COra{background:linear-gradient(135deg,#f3f3f3,#e5e5e5 50%,#e5e5e5 51%,#f3f3f3)}[dir=rtl] .Image--gradient--2COra{background:linear-gradient(-135deg,#f3f3f3,#e5e5e5 50%,#e5e5e5 51%,#f3f3f3)}.MediaObject--mediaTitle--d3_JC{color:var(--textDefault);line-height:1.25em}[dir] .MediaObject--mediaTitle--d3_JC{margin:0}.Mobile .MediaObject--mediaTitle--d3_JC{display:inline-block}.LargeScreen .MediaObject--mediaTitle--d3_JC{display:block}.MediaObject--mediaCaption---lC-b{display:inline-block;color:var(--textDefault)}[dir] .MediaObject--mediaCaption---lC-b{margin-top:15px}[dir=ltr] .MediaObject--mediaCaption---lC-b{text-align:left}[dir=rtl] .MediaObject--mediaCaption---lC-b{text-align:right}[dir] .LargeScreen .MediaObject--mediaCaption---lC-b{margin-top:2px}.MediaObject--mediaCaptionCTA--jKhn8{color:#3e68f1}.MediaObject--mediaLink--330_t{text-decoration:none;display:block}.MediaObject--mediaLink--330_t:hover .MediaObject--mediaTitle--d3_JC{color:var(--textBrand)}.MediaObject--mediaImg--1zbhQ{display:flex;justify-content:center;align-items:center;position:relative}.MediaObject--mediaIcon--2Ge4G{align-self:center;position:absolute}.MediaObject--imageContainer--2G54J{max-width:100%}.MediaObject--smallMedia--jGsoI{width:147px;flex:1 0 50%}.MediaObject--smallMedia--jGsoI .MediaObject--mediaTitle--d3_JC{font-size:.875rem}[dir] .MediaObject--smallMedia--jGsoI .MediaObject--mediaTitle--d3_JC{margin:0 0 10px}[dir] .MediaObject--smallMedia--jGsoI .MediaObject--mediaImg--1zbhQ{margin-bottom:8px}.MediaObject--smallMedia--jGsoI .MediaObject--mediaIcon--2Ge4G{width:32px;height:32px}[dir] .MediaObject--smallMedia--jGsoI .MediaObject--mediaCategory--QpPav{margin:0 0 3px}.MediaObject--largeMedia--Ax2Ve{width:275px;flex:1 0 100%}[dir] .MediaObject--largeMedia--Ax2Ve .MediaObject--mediaImg--1zbhQ{margin-bottom:8px}.MediaObject--largeMedia--Ax2Ve .MediaObject--mediaTitle--d3_JC{font-size:1rem}[dir] .MediaObject--largeMedia--Ax2Ve .MediaObject--mediaTitle--d3_JC{margin-bottom:15px}.MediaObject--largeMedia--Ax2Ve .MediaObject--mediaIcon--2Ge4G{width:58px;height:58px}[dir] .MediaObject--largeMedia--Ax2Ve .MediaObject--mediaCategory--QpPav{margin:0 0 15px}[dir] .MediaObject--fullMedia--1jrAm .MediaObject--mediaImg--1zbhQ{margin-bottom:8px}.MediaObject--fullMedia--1jrAm .MediaObject--mediaTitle--d3_JC{font-size:1rem}[dir] .MediaObject--fullMedia--1jrAm .MediaObject--mediaTitle--d3_JC{margin:0 0 15px}.MediaObject--fullMedia--1jrAm .MediaObject--mediaIcon--2Ge4G{width:58px;height:58px}[dir] .MediaObject--fullMedia--1jrAm .MediaObject--mediaCategory--QpPav{margin:0 0 15px}.MediaObject--ctaButton--1NLAm{position:absolute;bottom:5px}[dir=ltr] .MediaObject--ctaButton--1NLAm{left:5px}[dir=rtl] .MediaObject--ctaButton--1NLAm{right:5px}.MediaObject--overlay--2IBdV{height:100%;position:absolute}[dir] .MediaObject--overlay--2IBdV{border-radius:6px;background:rgba(0,0,0,.15)}.MediaObject--fullWidthMediaList--2O8AG,.MediaObject--overlay--2IBdV{width:100%}[dir] .LargeScreen .MediaObject--fullWidthMediaList--2O8AG .MediaObject--mediaTitle--d3_JC{margin-bottom:2px}[dir] .LargeScreen .MediaObject--fullWidthMediaList--2O8AG .MediaObject--mediaCategory--QpPav{margin:0 0 2px}.MediaObject--mediaCategory--QpPav{color:var(--textLight);font-size:.8125rem}.MediaObject--mediaPublishDate--RQLhR{color:var(--textLight);font-size:.875rem}[dir] .MediaObject--mediaPublishDate--RQLhR{margin-top:10px}.Card--card--HiWPW{overflow:hidden}[dir] .Card--card--HiWPW{margin:12px 10px;border-radius:6px;box-shadow:0 0 12px 0 rgba(0,0,0,.2);background-color:var(--backgroundCard)}[dir] .moduleServiceWrapper .card{margin:0;box-shadow:none;padding-top:0;border-radius:0}[dir] .Card--cardHeader--1QwR4{padding:16px}.Card--cardHeading--5_qfE{font-size:1.125rem;flex-grow:1;color:var(--textDark)}[dir] .Card--cardHeading--5_qfE{margin:0}.LargeScreen .Card--cardHeading--5_qfE{font-size:1.25rem}.Card--cardFooter--rsrd-{display:flex;flex-flow:row nowrap;align-items:center}[dir=ltr] .Card--cardFooter--rsrd-{padding:0 16px 11px 11px}[dir=rtl] .Card--cardFooter--rsrd-{padding:0 11px 11px 16px}.Card--cardFooterJustifyBetween--1rujR{justify-content:space-between}.Card--cardPadded--2oS21{}[dir] .Card--cardPadded--2oS21{padding:16px}[dir] .Card--cardPadded--2oS21 .Card--cardHeader--1QwR4{padding:0 0 16px}[dir] .Card--cardPadded--2oS21 .Card--cardFooter--rsrd-, [dir] .Card--cardPadded--2oS21 .Card--cardHeading--5_qfE{padding:0}.Card--returnTo--2Wve5{position:relative;width:40px;height:10px}[dir] .Card--returnTo--2Wve5{margin:5px 0 15px}.Card--returnTo--2Wve5 .Card--returnToIcon--1AO-k{position:absolute;top:3px;width:15px!important}[dir=ltr] .Card--returnTo--2Wve5 .Card--returnToIcon--1AO-k{left:0}[dir=rtl] .Card--returnTo--2Wve5 .Card--returnToIcon--1AO-k{right:0}.Card--returnTo--2Wve5 .Card--returnToText--2VgKI{position:absolute;font-size:.875rem;font-weight:600;color:var(--textBrand)}[dir=ltr] .Card--returnTo--2Wve5 .Card--returnToText--2VgKI{left:20px}[dir=rtl] .Card--returnTo--2Wve5 .Card--returnToText--2VgKI{right:20px}.ContentMedia--overflowSlider--3qoB6.ContentMedia--overflowSlider--3qoB6{width:calc(100% + 16px)}[dir] .ContentMedia--overflowSlider--3qoB6.ContentMedia--overflowSlider--3qoB6{padding:2px;margin:-2px}.ContentMedia--imageContainer--GB5T_{max-width:100%}.ContentMedia--mediaListItem--19sj1{flex:1 1 0px}[dir] .ContentMedia--mediaListItem--19sj1:first-child{border-top:0!important}[dir=ltr] .ContentMedia--mediaListItem--19sj1:not(:first-of-type){margin-left:16px}[dir=rtl] .ContentMedia--mediaListItem--19sj1:not(:first-of-type){margin-right:16px}[dir=ltr] .Mobile .ContentMedia--mediaListItem--19sj1:last-child{padding-right:16px}[dir=rtl] .Mobile .ContentMedia--mediaListItem--19sj1:last-child{padding-left:16px}.ContentMedia--mediaListItem--19sj1 button{width:100%}@media only screen and (max-width:850px){.LargeScreen .ContentMedia--mediaListItem--19sj1{flex:0 0 calc(50% - 8px)}[dir] .LargeScreen .ContentMedia--mediaListItem--19sj1{margin-bottom:16px}[dir=ltr] .LargeScreen .ContentMedia--mediaListItem--19sj1:nth-child(3){margin-left:0}[dir=rtl] .LargeScreen .ContentMedia--mediaListItem--19sj1:nth-child(3){margin-right:0}}[dir=ltr] .ContentMedia--removePadding--1VezH{padding-left:0!important;padding-right:0!important}[dir=rtl] .ContentMedia--removePadding--1VezH{padding-right:0!important;padding-left:0!important}.ContentMedia--moduleInSidebar--jS_Y2{flex:0 0 calc(50% - 8px)}[dir] .ContentMedia--moduleInSidebar--jS_Y2{margin-bottom:16px}[dir=ltr] .ContentMedia--moduleInSidebar--jS_Y2:nth-child(odd){margin-left:0}[dir=rtl] .ContentMedia--moduleInSidebar--jS_Y2:nth-child(odd){margin-right:0}.ContentMedia--flexwrap--1ZmD4{flex-wrap:wrap}.ContentMedia--attribution--2QiFW{height:20px;position:relative}[dir] .ContentMedia--attribution--2QiFW{margin-top:10px}.ContentMedia--attribution--2QiFW .ContentMedia--attrLink--3Vs3Y{font-size:.75rem;color:#1b4de4}[dir=ltr] .ContentMedia--attribution--2QiFW .ContentMedia--attrText--3xEYU{padding-left:2px}[dir=rtl] .ContentMedia--attribution--2QiFW .ContentMedia--attrText--3xEYU{padding-right:2px}.ContentMedia--mediaInline--2c2lM,.ContentMedia--mediaStacked--Lf1F-{display:flex;flex-direction:row}.ContentMedia--mediaInline--2c2lM a,.ContentMedia--mediaStacked--Lf1F- a{width:auto}@media only screen and (max-width:850px){.LargeScreen .ContentMedia--mediaStacked--Lf1F-{flex-wrap:wrap}}.ContentMedia--mediaTitle--3QRq6{font-weight:400}.ContentMedia--impactNotice--vXNEt{color:#da291c!important;text-transform:uppercase}.LargeScreen .ContentMedia--impactNotice--vXNEt{letter-spacing:0;font-size:1.125rem;font-weight:700;line-height:1.61em}.Mobile .ContentMedia--impactNotice--vXNEt{letter-spacing:.34px;font-size:1.125rem;font-weight:600;line-height:1.11em}.ContentMedia--impactTitle--3ineG{color:#2b2b2b}.LargeScreen .ContentMedia--impactTitle--3ineG{letter-spacing:.44px;font-size:2.5625rem!important;font-weight:600;line-height:1em}.Mobile .ContentMedia--impactTitle--3ineG{letter-spacing:.33px;font-size:1.5rem;font-weight:600;line-height:1.083em}.ContentMedia--impactTitleHref--3EM2w,.ContentMedia--impactTitleHref--3EM2w:visited{color:#2b2b2b}.ContentMedia--impactDescription--2SC0q{font-size:.875rem;font-weight:400;line-height:normal}[dir] .ContentMedia--impactDescription--2SC0q{margin:0}.ContentMedia--sponsorContainer--3whUC{display:flex;align-items:center}.ContentMedia--sponsorContainer--3whUC .ContentMedia--sponsorText--14zXs{font-size:.8125rem;font-weight:600;letter-spacing:-.08px;line-height:1.1538em;z-index:10}[dir=ltr] .ContentMedia--sponsorContainer--3whUC .ContentMedia--sponsorText--14zXs{margin-right:10px}[dir=rtl] .ContentMedia--sponsorContainer--3whUC .ContentMedia--sponsorText--14zXs{margin-left:10px}[dir] .ContentMedia--sponsorContainer--3whUC .ContentMedia--sponsorAd--2bVdC{margin:0;padding:0}.ContentMedia--sponsorContainer--3whUC .ContentMedia--sponsorAd--2bVdC.ContentMedia--placeholder--cCurh{min-height:36px}.ContentMedia--sponsorContainer--3whUC .ContentMedia--sponsorIcon--2vbiJ{height:14px!important;width:auto!important}.ContentMedia--sponsorContainer--3whUC .ContentMedia--sponsorLogo--1atG5{height:24px}.ContentMedia--listItemsContainer--1lFeF{grid-column:1/2}[dir] .ContentMedia--listItemsContainer--1lFeF{margin-bottom:16px}.ContentMedia--listItem--xVM3X{display:flex!important;align-items:center}[dir] .ContentMedia--listItem--xVM3X:first-of-type{border-top:0}.ContentMedia--listItem--xVM3X .ContentMedia--listItemIcon--3Ot8T{flex:none}[dir=ltr] .ContentMedia--listItem--xVM3X .ContentMedia--listItemTitle--2FvDz{padding-left:10px}[dir=rtl] .ContentMedia--listItem--xVM3X .ContentMedia--listItemTitle--2FvDz{padding-right:10px}.ContentMedia--listItem--xVM3X:hover .ContentMedia--listItemIcon--3Ot8T,.ContentMedia--listItem--xVM3X:hover .ContentMedia--listItemTitle--2FvDz{color:#1b4de4}[dir] .ContentMedia--cmCtaButton--1u_8O{margin-top:10px}[dir] .ContentMedia--listViewContainer--388fl{margin-bottom:16px}.ContentMedia--listView--2ckqh.ContentMedia--listView--2ckqh{display:flex;align-items:flex-start}[dir] .ContentMedia--listView--2ckqh.ContentMedia--listView--2ckqh{border-top:0!important;padding:8px 0}.ContentMedia--listView--2ckqh.ContentMedia--listView--2ckqh:hover .ContentMedia--listViewBody--1FJtN{color:#1b4de4}.ContentMedia--listViewImg--3-7Nd.ContentMedia--listViewImg--3-7Nd{width:80px;height:80px;flex-shrink:0}[dir] .ContentMedia--listViewImg--3-7Nd.ContentMedia--listViewImg--3-7Nd{padding-top:6px}.ContentMedia--listViewBody--1FJtN{font-size:.875rem}[dir] .ContentMedia--listViewBody--1FJtN{margin:0}[dir=ltr] .ContentMedia--listViewBody--1FJtN{padding-left:16px}[dir=rtl] .ContentMedia--listViewBody--1FJtN{padding-right:16px}.ContentMedia--listViewTitle--1NXBb{font-weight:700}@media only screen and (min-width:851px){[dir] .ContentMedia--fullMedia--1cXPO{padding:0;margin-bottom:16px}[dir] .regionSidebar .ContentMedia--fullMedia--1cXPO{margin-bottom:0}.ContentMedia--fullMedia--1cXPO .ContentMedia--mediaTitle--3QRq6{font-weight:700;font-size:1.5rem}[dir] .ContentMedia--fullMedia--1cXPO .ContentMedia--mediaTitle--3QRq6{margin:10px 0 15px}.regionSidebar .ContentMedia--fullMedia--1cXPO .ContentMedia--mediaTitle--3QRq6{font-size:.875rem;font-weight:400}[dir] .regionSidebar .ContentMedia--fullMedia--1cXPO .ContentMedia--mediaTitle--3QRq6{margin:0 0 10px}[dir] .ContentMedia--fullMedia--1cXPO .ContentMedia--mediaImg--327bx{margin-bottom:9px}.ContentMedia--fullMedia--1cXPO .ContentMedia--mediaIcon--1S_z0{width:58px;height:58px}[dir] .ContentMedia--fullMedia--1cXPO .ContentMedia--mediaCategory--3xXEE{margin:0 0 3px}.ContentMedia--stackedInSidebar--emhvx{grid-column:1/3!important}[dir=ltr] .ContentMedia--stackedInSidebar--emhvx{margin-left:0!important}[dir=rtl] .ContentMedia--stackedInSidebar--emhvx{margin-right:0!important}.ContentMedia--sidebarContainer--31D-6{display:grid;grid-template-columns:4fr 1fr}.ContentMedia--sidebarContainer--31D-6.ContentMedia--listItemFull--3hjif .ContentMedia--secondaryContainer--3kFQZ{grid-row:1/2}.ContentMedia--sidebarContainer--31D-6.ContentMedia--listItemFull--3hjif .ContentMedia--listItemsContainer--1lFeF{grid-column:1/3;grid-row:3/4}.ContentMedia--sidebarContainer--31D-6.ContentMedia--listItem2--1PE5v{grid-template-columns:2fr 1fr}.ContentMedia--sidebarContainer--31D-6.ContentMedia--listItem2--1PE5v .ContentMedia--secondaryContainer--3kFQZ{grid-row:1/3}.ContentMedia--sidebarContainer--31D-6.ContentMedia--listItem3--UHvP8{grid-template-columns:2fr 1fr}.ContentMedia--sidebarContainer--31D-6.ContentMedia--listItem3--UHvP8 .ContentMedia--secondaryContainer--3kFQZ{grid-row:1/3}.ContentMedia--sidebarContainer--31D-6.ContentMedia--listItem4--1pbwC{grid-template-columns:3fr 1fr}.ContentMedia--sidebarContainer--31D-6.ContentMedia--listItem4--1pbwC .ContentMedia--secondaryContainer--3kFQZ{grid-row:1/3}.ContentMedia--sidebarContainer--31D-6 .ContentMedia--primaryContainer--16gwV{grid-column:1/2;grid-row:1/2}[dir=ltr] .ContentMedia--sidebarContainer--31D-6 .ContentMedia--primaryContainer--16gwV{margin-right:8px}[dir=rtl] .ContentMedia--sidebarContainer--31D-6 .ContentMedia--primaryContainer--16gwV{margin-left:8px}.ContentMedia--sidebarContainer--31D-6 .ContentMedia--secondaryContainer--3kFQZ{grid-column:2/3;grid-row:1/2}[dir=ltr] .ContentMedia--sidebarContainer--31D-6 .ContentMedia--secondaryContainer--3kFQZ{margin-left:8px}[dir=rtl] .ContentMedia--sidebarContainer--31D-6 .ContentMedia--secondaryContainer--3kFQZ{margin-right:8px}[dir=ltr] .ContentMedia--sidebarContainer--31D-6 .ContentMedia--secondaryContainer--3kFQZ .ContentMedia--mediaListItem--19sj1{margin-left:0}[dir=rtl] .ContentMedia--sidebarContainer--31D-6 .ContentMedia--secondaryContainer--3kFQZ .ContentMedia--mediaListItem--19sj1{margin-right:0}.ContentMedia--sidebarContainer--31D-6 .ContentMedia--mediaSidebar--iK8Q7{flex-direction:column!important}.ContentMedia--sidebarContainer--31D-6 .ContentMedia--listItemsContainer--1lFeF{grid-column:1/2;grid-row:2/3}.ContentMedia--sidebarContainer--31D-6 .ContentMedia--smallMedia--2HRCw{width:auto;flex:1 0 50%}[dir] .ContentMedia--sidebarContainer--31D-6 .ContentMedia--smallMedia--2HRCw{margin-bottom:16px}.ContentMedia--sidebarContainer--31D-6 .ContentMedia--smallMedia--2HRCw .ContentMedia--mediaTitle--3QRq6{font-size:.9375rem;font-weight:400}[dir] .ContentMedia--sidebarContainer--31D-6 .ContentMedia--smallMedia--2HRCw .ContentMedia--mediaImg--327bx{margin-bottom:9px}.ContentMedia--sidebarContainer--31D-6 .ContentMedia--smallMedia--2HRCw .ContentMedia--mediaIcon--1S_z0{width:32px;height:32px}[dir] .ContentMedia--sidebarContainer--31D-6 .ContentMedia--primaryContainerCompact--12y2O{margin-bottom:9}}.styles--root--3eGVf{position:relative;z-index:2}.styles--fullText--V-nzm,.styles--shortText--2pzBL{display:none}@media(min-width:630px)and (max-width:794px){.styles--shortText--2pzBL{display:inherit}}@media(min-width:795px){.styles--fullText--V-nzm{display:inherit}}.styles--button--2ZsPl{height:40px;display:flex;outline:0;color:#fff!important;align-items:center}[dir] .styles--button--2ZsPl{background:none;border:0;cursor:pointer;border-bottom:2px solid transparent}[dir=ltr] .styles--button--2ZsPl{padding:0 65px 0 20px}[dir=rtl] .styles--button--2ZsPl{padding:0 20px 0 65px}.styles--button--2ZsPl>*{align-self:center}.styles--rootMoreMenu--2Efmg{position:absolute}.styles--expandableMenu--1G_Bu{top:0}[dir] .styles--expandableMenu--1G_Bu{background-color:#fff!important;border-radius:0 0 6px 6px}.styles--expandableMenuOutline--2CHC3{top:0}.styles--nav--3FRvC{width:320px;display:flex;flex-flow:row wrap}.styles--nav--3FRvC>.styles--listItem--uZTeJ{font-size:1rem;flex:1 0 160px;position:relative;display:block}[dir] .styles--nav--3FRvC>.styles--listItem--uZTeJ{background-color:initial;padding:0;border:0!important}[dir=ltr] .styles--nav--3FRvC>.styles--listItem--uZTeJ{text-align:left}[dir=rtl] .styles--nav--3FRvC>.styles--listItem--uZTeJ{text-align:right}.styles--nav--3FRvC>.styles--listItem--uZTeJ:active,.styles--nav--3FRvC>.styles--listItem--uZTeJ:focus,.styles--nav--3FRvC>.styles--listItem--uZTeJ:hover{color:#1b4de4!important}[dir] .styles--nav--3FRvC>.styles--listItem--uZTeJ:active, [dir] .styles--nav--3FRvC>.styles--listItem--uZTeJ:focus, [dir] .styles--nav--3FRvC>.styles--listItem--uZTeJ:hover{cursor:pointer}[dir] .styles--nav--3FRvC>.styles--listItem--uZTeJ:focus{background:#fff}.styles--item--a-T_N{display:block;line-height:1.4em}[dir] .styles--item--a-T_N{padding:5px 15px}.styles--navHeader--2rbZM{font-size:1.125rem;font-weight:700;text-transform:uppercase}[dir] .styles--navHeader--2rbZM{padding:6px 15px 8px;margin:0}[dir=ltr] .styles--navHeader--2rbZM{text-align:left}[dir=rtl] .styles--navHeader--2rbZM{text-align:right}.styles--buttonIcon--nMAqA{fill:#fff;width:17px!important}[dir=ltr] .styles--buttonIcon--nMAqA{padding-left:5px}[dir=rtl] .styles--buttonIcon--nMAqA{padding-right:5px}.styles--navLinkIcon--1KMmJ{display:inline-block;position:relative;fill:#1b4de4;width:17px!important;vertical-align:text-bottom}[dir] .styles--navLinkIcon--1KMmJ{margin-top:-1px}[dir=ltr] .styles--navLinkIcon--1KMmJ{margin-left:5px}[dir=rtl] .styles--navLinkIcon--1KMmJ{margin-right:5px}.styles--OverflowNav--1Zocx{display:flex;list-style:none;flex-wrap:wrap;align-items:stretch;justify-content:space-around;overflow:hidden}[dir] .styles--OverflowNav--1Zocx{margin:0;padding:0}[dir] .styles--OverflowNav--1Zocx .styles--listItem--3b2Ko.styles--severeLink--qnj1Q{background-color:#fff!important}.styles--OverflowNav--1Zocx .styles--listItem--3b2Ko.styles--severeLink--qnj1Q .styles--liContent--3i8m_{color:#ba0d00!important}.styles--OverflowNav--1Zocx .styles--listItem--3b2Ko.styles--severeLink--qnj1Q .styles--videoIcon--LpXDU{fill:#ba0d00!important;color:#ba0d00!important}[dir] .styles--OverflowNav--1Zocx .styles--listItem--3b2Ko.styles--severeLink--qnj1Q.styles--active--3X9QA, [dir] .styles--OverflowNav--1Zocx .styles--listItem--3b2Ko.styles--severeLink--qnj1Q:focus, [dir] .styles--OverflowNav--1Zocx .styles--listItem--3b2Ko.styles--severeLink--qnj1Q:hover{border-bottom:2px solid #ba0d00!important;background-color:#fff!important}.styles--OverflowNav--1Zocx>.styles--listItem--3b2Ko{font-size:1rem;display:flex;align-items:center;height:100%;color:#fff!important;position:relative;justify-content:center}[dir] .styles--OverflowNav--1Zocx>.styles--listItem--3b2Ko{padding:0 15px;cursor:pointer;border:0!important}[dir] .styles--OverflowNav--1Zocx>.styles--listItem--3b2Ko.styles--active--3X9QA, [dir] .styles--OverflowNav--1Zocx>.styles--listItem--3b2Ko:focus, [dir] .styles--OverflowNav--1Zocx>.styles--listItem--3b2Ko:hover{border-bottom:2px solid #fff!important;padding-top:2px}[dir=ltr] .styles--videoIcon--LpXDU{padding-right:5px}[dir=rtl] .styles--videoIcon--LpXDU{padding-left:5px}.styles--LocalsuiteNav--26ACm{width:100%;position:relative;z-index:199}[dir] .styles--LocalsuiteNav--26ACm{background:rgba(0,0,0,.4)}.styles--inner--1IZYn{display:flex;max-width:1280px}[dir] .styles--inner--1IZYn{margin:auto}.styles--overflowNav--3zKoS{height:40px;width:100%}.styles--moreForecastsNav--3jQjH{flex-shrink:0}.alerts--alert-1-color--2w_rS{color:#aa050e!important}.alerts--alert-1-fill--2fIrB{fill:#aa050e!important}[dir] .alerts--alert-1-background--1InP_{background:#aa050e!important}.alerts--alert-2-color--3swQb{color:#e6731f!important}.alerts--alert-2-fill--1fyQb{fill:#e6731f!important}[dir] .alerts--alert-2-background--1FIK9{background:#e6731f!important}.alerts--alert-3-color--2oM30{color:#ebbb02!important}.alerts--alert-3-fill--3f8g1{fill:#ebbb02!important}[dir] .alerts--alert-3-background--3QEh-{background:#ebbb02!important}.alerts--alert-4-color--1SyoP{color:#a51ccb!important}.alerts--alert-4-fill--1e_LX{fill:#a51ccb!important}[dir] .alerts--alert-4-background--JxHiI{background:#a51ccb!important}.styles--LocationCardComponent--2M_BE{display:flex;flex-direction:column;width:100%;overflow:hidden}[dir] .styles--LocationCardComponent--2M_BE{padding:5px 15px}.styles--locationNameBadge--2NmL_{display:flex;align-items:center;color:#fff!important;width:100%;overflow:hidden}[dir] .styles--locationNameBadge--2NmL_{cursor:pointer}.styles--locationName--DD-D9{font-size:1rem;text-overflow:ellipsis;overflow:hidden;width:auto}.styles--alertsBadge--1ae0i{font-size:.875rem}[dir] .styles--alertsBadge--1ae0i{border-radius:20px;padding:0 6px;text-shadow:0 1px 1px rgba(0,0,0,.5)}[dir=ltr] .styles--alertsBadge--1ae0i{margin-left:5px}[dir=rtl] .styles--alertsBadge--1ae0i{margin-right:5px}[dir] .styles--alertsBadge--1ae0i.styles--alertCount1--3aqGJ{padding:0 7px}.styles--weatherData--5tCnE{display:flex;align-items:center;color:#fff!important}[dir] .styles--weatherData--5tCnE{padding:3px 0;cursor:pointer}.styles--weatherData--5tCnE>:first-child{width:32px;height:32px}[dir=ltr] .styles--weatherData--5tCnE>:first-child{margin-right:10px}[dir=rtl] .styles--weatherData--5tCnE>:first-child{margin-left:10px}.styles--temperature--3MBn3{font-size:1.875rem;font-weight:200}.styles--LocationCardComponent--2M_BE.styles--mini--3ZGda{flex-direction:row;align-items:center;flex:1 0 calc(100% - 50px)}[dir=ltr] .styles--mini--3ZGda .styles--weatherData--5tCnE{padding-right:5px}[dir=rtl] .styles--mini--3ZGda .styles--weatherData--5tCnE{padding-left:5px}.styles--mini--3ZGda .styles--weatherData--5tCnE>:first-child{width:18px;height:18px}[dir=ltr] .styles--mini--3ZGda .styles--weatherData--5tCnE>:first-child{margin-right:5px}[dir=rtl] .styles--mini--3ZGda .styles--weatherData--5tCnE>:first-child{margin-left:5px}.styles--mini--3ZGda .styles--temperature--3MBn3{font-size:.875rem}.styles--mini--3ZGda .styles--locationNameBadge--2NmL_{width:calc(100% - 50px)}.styles--mini--3ZGda .styles--locationName--DD-D9{font-size:.875rem}.styles--LocationCard--2vjvQ{display:flex;white-space:nowrap;height:100%;align-items:flex-start;justify-content:flex-end}.styles--moreButton--dMRGF{vertical-align:middle;width:36px;position:absolute}[dir] .styles--moreButton--dMRGF{background:transparent;border-radius:50%}[dir=ltr] .styles--moreButton--dMRGF{right:0;left:auto}[dir=rtl] .styles--moreButton--dMRGF{left:0;right:auto}.styles--removeButton--28vcv{height:40px;width:auto;overflow:hidden;font-size:.875rem;white-space:nowrap;color:#000;visibility:hidden;position:absolute;top:-100%;opacity:0}[dir] .styles--removeButton--28vcv{padding:0 6px;background:#fff;border-radius:2px;cursor:pointer}[dir=ltr] .styles--removeButton--28vcv{right:-100%;transition:top .3s ease-out,right .3s ease-out,opacity .3s ease-out}[dir=rtl] .styles--removeButton--28vcv{left:-100%;transition:top .3s ease-out,left .3s ease-out,opacity .3s ease-out}.styles--removeButton--28vcv:hover{color:#1b4de4}[dir] .styles--removeButton--28vcv:hover{background:#fff}.styles--removeButton--28vcv.styles--active--2ULa2{top:0;opacity:1;color:#007aff;visibility:visible;height:100%;width:auto}[dir] .styles--removeButton--28vcv.styles--active--2ULa2{background:#fff}[dir=ltr] .styles--removeButton--28vcv.styles--active--2ULa2{right:0}[dir=rtl] .styles--removeButton--28vcv.styles--active--2ULa2{left:0}.styles--moreMenu--GEYkc{width:100%;height:100%;display:flex;align-items:center}.styles--buttonText--1Sn3F{flex-grow:1;display:block}.styles--root--12yl6{position:relative;z-index:3;height:40px;overflow:hidden}.styles--cards--2hNpO,.styles--root--12yl6{display:flex;width:100%}[dir] .styles--cards--2hNpO{transition-duration:.5s;transition-timing-function:cubic-bezier(.25,.8,.25,1);transition-property:transform}[dir=ltr] .styles--cards--2hNpO{margin-left:60px}[dir=rtl] .styles--cards--2hNpO{margin-right:60px}.styles--card--3wj9l{flex-shrink:0;position:relative;overflow:hidden;width:300px;box-sizing:border-box}.styles--arrow--204Rq{width:40px;position:absolute;top:0;bottom:0;display:flex;align-items:center;justify-content:center;opacity:0;z-index:100}[dir] .styles--arrow--204Rq{cursor:pointer;transition-duration:375ms;transition-timing-function:cubic-bezier(.25,.8,.25,1);transition-property:transform,opacity}.styles--arrow--204Rq.styles--visible--2q_xt{opacity:1}[dir] .styles--arrow--204Rq.styles--visible--2q_xt{transform:translateX(0)!important}[dir=ltr] .styles--arrow--204Rq.styles--left--aHaxA{left:0;transform:translateX(-50px);border-right:1px solid hsla(0,0%,100%,.4)}[dir=rtl] .styles--arrow--204Rq.styles--left--aHaxA{right:0;transform:translateX(50px);border-left:1px solid hsla(0,0%,100%,.4)}.styles--arrow--204Rq.styles--left--aHaxA:after,.styles--arrow--204Rq.styles--left--aHaxA:before{position:absolute;top:0;bottom:0;z-index:204;content:""}.styles--arrow--204Rq.styles--left--aHaxA:after{position:absolute;top:0;bottom:0;width:100%}[dir] .styles--arrow--204Rq.styles--left--aHaxA:after{background:hsla(0,0%,100%,.2)}[dir=ltr] .styles--arrow--204Rq.styles--left--aHaxA:after{right:0}[dir=rtl] .styles--arrow--204Rq.styles--left--aHaxA:after{left:0}.styles--arrow--204Rq.styles--left--aHaxA:before{height:40px;width:30px}[dir=ltr] .styles--arrow--204Rq.styles--left--aHaxA:before{background-image:linear-gradient(90deg,rgba(0,0,0,.2),transparent);right:-31px}[dir=rtl] .styles--arrow--204Rq.styles--left--aHaxA:before{background-image:linear-gradient(-90deg,rgba(0,0,0,.2),transparent);left:-31px}[dir=ltr] .styles--arrow--204Rq.styles--right--2pLKS{right:0;transform:translateX(50px);border-left:1px solid hsla(0,0%,100%,.4)}[dir=rtl] .styles--arrow--204Rq.styles--right--2pLKS{left:0;transform:translateX(-50px);border-right:1px solid hsla(0,0%,100%,.4)}.styles--arrow--204Rq.styles--right--2pLKS:after,.styles--arrow--204Rq.styles--right--2pLKS:before{position:absolute;top:0;bottom:0}.styles--arrow--204Rq.styles--right--2pLKS:after{width:100%;content:"";z-index:204}[dir] .styles--arrow--204Rq.styles--right--2pLKS:after{background:hsla(0,0%,100%,.2)}[dir=ltr] .styles--arrow--204Rq.styles--right--2pLKS:after{left:0}[dir=rtl] .styles--arrow--204Rq.styles--right--2pLKS:after{right:0}.styles--arrow--204Rq.styles--right--2pLKS:before{content:"";height:40px;width:30px}[dir=ltr] .styles--arrow--204Rq.styles--right--2pLKS:before{background-image:linear-gradient(90deg,transparent,rgba(0,0,0,.2));left:-31px}[dir=rtl] .styles--arrow--204Rq.styles--right--2pLKS:before{background-image:linear-gradient(-90deg,transparent,rgba(0,0,0,.2));right:-31px}html[dir=rtl] .styles--arrow--204Rq.styles--left--aHaxA{border-left:1px solid #fff}html[dir=rtl] .styles--arrow--204Rq.styles--right--2pLKS{border-right:1px solid #fff}.styles--arrow--204Rq .icon{height:auto;width:21px}.styles--arrow--204Rq.styles--mini--2h5Ri .icon{width:16px}.styles--SavedLocations--2TuU_{color:#fff;position:relative;z-index:203;height:40px}[dir] .styles--SavedLocations--2TuU_{background:hsla(0,0%,100%,.2)}[dir=ltr] .styles--SavedLocations--2TuU_:before{left:0}[dir=rtl] .styles--SavedLocations--2TuU_:before{right:0}.styles--SavedLocations--2TuU_:after,.styles--SavedLocations--2TuU_:before{position:absolute;top:0;bottom:0;width:calc(50% - 640px);content:"";z-index:204}[dir=ltr] .styles--SavedLocations--2TuU_:after{right:0}[dir=rtl] .styles--SavedLocations--2TuU_:after{left:0}.styles--wrapper--30pBt{max-width:1280px}[dir] .styles--wrapper--30pBt{margin:0 auto}.styles--cardCarousel--3xhQl>*{box-sizing:border-box;flex-shrink:0;max-width:calc(100% - 50px)}[dir=ltr] .styles--cardCarousel--3xhQl>*{border-right:1px solid hsla(0,0%,100%,.2)}[dir=rtl] .styles--cardCarousel--3xhQl>*{border-left:1px solid hsla(0,0%,100%,.2)}.SiteNavigationLinks--Navigation--3Fz1b{display:flex;align-items:flex-start;flex-wrap:wrap;width:100%;box-sizing:border-box;max-width:1280px;justify-content:flex-start}[dir] .SiteNavigationLinks--Navigation--3Fz1b{padding:22px 11px 11px}.SiteNavigationLinks--Navigation--3Fz1b.SiteNavigationLinks--fourBlock--UjeR1{justify-content:space-evenly}.SiteNavigationLinks--Navigation--3Fz1b.SiteNavigationLinks--noWrap--JTMps{flex-wrap:nowrap}[dir] .SiteNavigationLinks--categoryMenu--tVNlN{padding:14px 0 30px}.SiteNavigationLinks--title--_kIVC{font-weight:700;font-size:1.125rem;text-transform:uppercase}[dir] .SiteNavigationLinks--title--_kIVC{background-color:initial}.SiteNavigationLinks--navigationList--VYZkB{flex-wrap:wrap;flex:0 1 calc(20% - 20px)}[dir=ltr] .SiteNavigationLinks--navigationList--VYZkB{padding:4px 0 14px 48px}[dir=rtl] .SiteNavigationLinks--navigationList--VYZkB{padding:4px 48px 14px 0}@media(max-width:1024px){.SiteNavigationLinks--navigationList--VYZkB{flex:0 1 calc(25% - 20px)}[dir=ltr] .SiteNavigationLinks--navigationList--VYZkB{padding:4px 0 14px 20px}[dir=rtl] .SiteNavigationLinks--navigationList--VYZkB{padding:4px 20px 14px 0}}.SiteNavigationLinks--navigationItem--2fxdn{display:block;color:#000!important;line-height:1.4;max-width:224px}[dir] .SiteNavigationLinks--navigationItem--2fxdn{background-color:initial;padding:6px 0}.SiteNavigationLinks--navigationItem--2fxdn:active,.SiteNavigationLinks--navigationItem--2fxdn:focus,.SiteNavigationLinks--navigationItem--2fxdn:hover{color:#1b4de4!important}[dir] .SiteNavigationLinks--navigationItem--2fxdn:focus{background:#fff}.SiteNavigationLinks--navLinkIcon--3ffNT{display:inline-block;fill:#1b4de4;width:16px;vertical-align:text-bottom}[dir=ltr] .SiteNavigationLinks--navLinkIcon--3ffNT{margin-left:6px}[dir=rtl] .SiteNavigationLinks--navLinkIcon--3ffNT{margin-right:6px}.SiteNavigationLinks--menu--AwUVS{max-width:1280px;box-sizing:border-box}[dir] .SiteNavigationLinks--menu--AwUVS{margin:auto;padding:0 60px}.SiteNavigationLinks--navigationListItems--7Iux3{max-width:224px}.SiteNavigationLinks--loginButton--WD-EN{font-size:.875rem!important;font-weight:600!important;letter-spacing:-.28px!important}[dir] .SiteNavigationLinks--loginButton--WD-EN{margin:15px 0 10px;padding:8px 34px}.SiteNavigationLinks--alreadyMemberText--21ThA,.SiteNavigationLinks--loginLink--3Zm5G{font-size:.9375rem!important;letter-spacing:-.3px}.SiteNavigationLinks--loginLink--3Zm5G{color:#1b4de4}[dir] .SiteNavigationLinks--loginLink--3Zm5G{padding:0!important}.SiteNavigationLinks--loginLink--3Zm5G:hover{text-decoration:underline}[dir] .SiteNavigationLinks--accountItem--3NFzo{padding-top:10px!important}.MainMenu--rootMenu--3XK92{position:absolute;width:100%;top:100%}[dir=ltr] .MainMenu--rootMenu--3XK92{left:0;right:0}[dir=rtl] .MainMenu--rootMenu--3XK92{right:0;left:0}.MainMenu--menuContainer--2BnBr>div{display:flex;justify-content:center}.MainMenu--menu--1aEwb{display:flex;justify-content:flex-start;align-items:flex-start;flex-wrap:wrap}[dir] .MainMenu--menu--1aEwb{padding:0}.MainMenu--menu--1aEwb .MainMenu--fourBlock--1bgnE{justify-content:space-between}[dir=ltr] .MainMenu--menuInner--zXZM2{padding-left:0;padding-right:0}[dir=rtl] .MainMenu--menuInner--zXZM2{padding-right:0;padding-left:0}.MainMenu--menuInner--zXZM2>*{max-width:none!important}.MainMenu--menuButton--2eJBA{-webkit-appearance:none;appearance:none;outline:0;transition:.3s;display:flex;justify-content:center;align-items:center;-webkit-user-select:none;user-select:none;height:30px;width:30px;flex-direction:column}[dir] .MainMenu--menuButton--2eJBA{border:0;cursor:pointer;margin-top:10px}[dir=ltr] .MainMenu--menuButton--2eJBA{margin-right:11px;margin-left:25px}[dir=rtl] .MainMenu--menuButton--2eJBA{margin-left:11px;margin-right:25px}[dir] .MainMenu--icon--KnYY0, [dir] .MainMenu--menuButton--2eJBA:after, [dir] .MainMenu--menuButton--2eJBA:before{background:#fff}.MainMenu--icon--KnYY0{display:inline-block;height:3px;width:30px;transition:.3s;position:relative}[dir] .MainMenu--icon--KnYY0{border-radius:2px;margin:3px 0 12px}[dir] .MainMenu--icon--KnYY0.MainMenu--active--1y_DU{background:transparent;margin:0}.MainMenu--icon--KnYY0.MainMenu--active--1y_DU:after,.MainMenu--icon--KnYY0.MainMenu--active--1y_DU:before{top:0;width:30px}[dir] .MainMenu--icon--KnYY0.MainMenu--active--1y_DU:after, [dir] .MainMenu--icon--KnYY0.MainMenu--active--1y_DU:before{transform-origin:50% 50%;background:#fff}[dir=ltr] .MainMenu--icon--KnYY0.MainMenu--active--1y_DU:before{transform:rotate(45deg)}[dir=rtl] .MainMenu--icon--KnYY0.MainMenu--active--1y_DU:before{transform:rotate(-45deg)}[dir=ltr] .MainMenu--icon--KnYY0.MainMenu--active--1y_DU:after{transform:rotate(-45deg)}[dir=rtl] .MainMenu--icon--KnYY0.MainMenu--active--1y_DU:after{transform:rotate(45deg)}.MainMenu--icon--KnYY0:after,.MainMenu--icon--KnYY0:before{display:inline-block;height:3px;transition:.3s;content:"";position:absolute;width:100%;max-width:30px}[dir] .MainMenu--icon--KnYY0:after, [dir] .MainMenu--icon--KnYY0:before{border-radius:2px;background:#fff;transform-origin:2px center}[dir=ltr] .MainMenu--icon--KnYY0:after, [dir=ltr] .MainMenu--icon--KnYY0:before{left:0}[dir=rtl] .MainMenu--icon--KnYY0:after, [dir=rtl] .MainMenu--icon--KnYY0:before{right:0}.MainMenu--icon--KnYY0:before{top:8px}.MainMenu--icon--KnYY0:after{top:-8px}.MainMenu--hiddenLabel--OLPHi{clip:rect(0 0 0 0);height:1px;overflow:hidden;position:absolute;width:1px}[dir] .MainMenu--hiddenLabel--OLPHi{border:0;margin:-1px;padding:0}[dir] .MainMenu--categoryMenu--3uckv{padding:14px 0 30px}.MainMenu--title--2W4pS{font-weight:700;font-size:1rem;text-transform:uppercase}[dir] .MainMenu--navigationItem--3qV7j, [dir] .MainMenu--title--2W4pS{background-color:initial}.MainMenu--navigationItem--3qV7j{display:block;color:#000!important}[dir] .MainMenu--navigationItem--3qV7j{padding:6px 0}.MainMenu--navigationItem--3qV7j:active,.MainMenu--navigationItem--3qV7j:focus,.MainMenu--navigationItem--3qV7j:hover{color:#1b4de4}[dir] .MainMenu--navigationItem--3qV7j:focus{background:#fff}.MainMenu--navLinkIcon--3Q1un{display:inline-block;fill:#1b4de4;width:16px}[dir=ltr] .MainMenu--navLinkIcon--3Q1un{margin-left:6px}[dir=rtl] .MainMenu--navLinkIcon--3Q1un{margin-right:6px}.AccountLinks--AccountLinks--3T5c9{position:relative}[dir=ltr] .AccountLinks--AccountLinks--3T5c9{padding:0 0 0 15px}[dir=rtl] .AccountLinks--AccountLinks--3T5c9{padding:0 15px 0 0}.AccountLinks--AccountLink--3jMzB{height:50px!important;font-size:.875rem!important;width:200px!important;font-weight:600;color:#000!important}[dir] .AccountLinks--AccountLink--3jMzB{padding:15px 24px!important}[dir] .AccountLinks--AccountLink--3jMzB:first-child{border-top:none!important}.AccountLinks--AccountLink--3jMzB:active,.AccountLinks--AccountLink--3jMzB:hover{color:#1b4de4!important}.AccountLinks--ExistingAccountLink--u-mwR{font-size:.875rem!important;font-weight:500;color:#000!important;white-space:nowrap}[dir] .AccountLinks--ExistingAccountLink--u-mwR{padding:13px 21px 15px!important}[dir] .AccountLinks--ExistingAccountLink--u-mwR:first-child{border-top:none!important;padding-top:12px!important;padding-bottom:12px!important}.AccountLinks--ExistingAccountLink--u-mwR:hover .AccountLinks--loginLink--1UZnx{text-decoration:underline}.AccountLinks--ExistingAccountLinkWrapper--2bc00{min-height:44px}[dir] .AccountLinks--ExistingAccountLinkWrapper--2bc00{padding:0!important}.AccountLinks--ExistingAccountLinkWrapper--2bc00 .AccountLinks--ExistingAccountLink--u-mwR{width:100%}[dir] .AccountLinks--ExistingAccountLinkWrapper--2bc00 .AccountLinks--ExistingAccountLink--u-mwR{padding-bottom:15px}[dir=ltr] .AccountLinks--ExistingAccountLinkWrapper--2bc00 .AccountLinks--ExistingAccountLink--u-mwR{text-align:left}[dir=rtl] .AccountLinks--ExistingAccountLinkWrapper--2bc00 .AccountLinks--ExistingAccountLink--u-mwR{text-align:right}.AccountLinks--PremiumLink--218wL{color:#000!important}[dir=ltr] .AccountLinks--PremiumLink--218wL{border-top-left-radius:5px;border-top-right-radius:5px}[dir=rtl] .AccountLinks--PremiumLink--218wL{border-top-right-radius:5px;border-top-left-radius:5px}.AccountLinks--PremiumLink--218wL,.AccountLinks--SignUpLink--1aoDr{font-size:.875rem!important}[dir] .AccountLinks--PremiumLink--218wL, [dir] .AccountLinks--SignUpLink--1aoDr{padding:15px 20px!important}.AccountLinks--SignUpLink--1aoDr{color:#2b2b2b!important}[dir] .AccountLinks--SignUpLink--1aoDr{background-color:#ebecee}.AccountLinks--linksMenuInner--1GnW8,.AccountLinks--premiumMenuInner--12pdj{max-width:270px!important;min-width:235px;top:15px}[dir] .AccountLinks--linksMenuInner--1GnW8, [dir] .AccountLinks--premiumMenuInner--12pdj{margin-top:0!important}[dir=ltr] .AccountLinks--linksMenuInner--1GnW8, [dir=ltr] .AccountLinks--premiumMenuInner--12pdj{right:15px!important;left:auto}[dir=rtl] .AccountLinks--linksMenuInner--1GnW8, [dir=rtl] .AccountLinks--premiumMenuInner--12pdj{left:15px!important;right:auto}.AccountLinks--loginLink--1UZnx{color:#1b4de4}.AccountLinks--accountButtonInner--3fU0J{flex-shrink:0;color:#fff;display:flex}[dir] .AccountLinks--accountButtonInner--3fU0J{background:transparent!important}[dir=ltr] .AccountLinks--accountButtonInner--3fU0J span{padding:0 10px 0 5px!important}[dir=rtl] .AccountLinks--accountButtonInner--3fU0J span{padding:0 5px 0 10px!important}.AccountLinks--premiumText--2SEbG{height:13px;width:72px}.AccountLinks--accountButton--17iFL,.AccountLinks--premiumText--2SEbG{text-transform:uppercase;white-space:nowrap}.AccountLinks--accountButton--17iFL{font-size:.625rem;font-weight:600;letter-spacing:.7;height:24px;color:#000}[dir] .AccountLinks--accountButton--17iFL{background-color:#fff;border-radius:20px;padding:0 7px!important}.AccountLinks--premiumCheck--1UINs{position:absolute;width:15px!important}[dir] .AccountLinks--premiumCheck--1UINs{margin-top:-16px}[dir=ltr] .AccountLinks--premiumCheck--1UINs{margin-left:-6px}[dir=rtl] .AccountLinks--premiumCheck--1UINs{margin-right:-6px}.AccountLinks--signUpButton--M1tmh{display:block;width:125px;color:#1b4de4;font-size:.875rem;font-weight:600;letter-spacing:-.28px}[dir] .AccountLinks--signUpButton--M1tmh{background-color:#fff;border-color:#1b4de4;padding:8px 10px!important;text-align:center}[dir=ltr] .AccountLinks--signUpButton--M1tmh{margin-left:1px!important}[dir=rtl] .AccountLinks--signUpButton--M1tmh{margin-right:1px!important}.AccountLinks--checkMarkIcon--30ahu{height:21px!important;width:14px!important;color:#1b4de4}[dir=ltr] .AccountLinks--checkMarkIcon--30ahu{padding:0 9px 0 1px}[dir=rtl] .AccountLinks--checkMarkIcon--30ahu{padding:0 1px 0 9px}.AccountLinks--greenCheckMarkIcon--1609P{width:12px!important}.AccountLinks--header--21hk8{display:block}.AccountLinks--title--lRHOC{display:inline-block;font-size:1.25rem!important}[dir] .AccountLinks--title--lRHOC{margin-top:0!important;margin-bottom:.5em!important}.AccountLinks--subTitle--2a3qO,.AccountLinks--title--lRHOC{font-weight:600;letter-spacing:.38px;color:#000!important}.AccountLinks--subTitle--2a3qO{font-size:1rem!important}[dir=ltr] .AccountLinks--subTitle--2a3qO{padding-left:5px}[dir=rtl] .AccountLinks--subTitle--2a3qO{padding-right:5px}.AccountLinks--arrowIcon--2yLRx{display:flex;align-self:baseline;width:28px!important;fill:#fff!important}[dir] .AccountLinks--arrowIcon--2yLRx{padding:0}[dir=ltr] .AccountLinks--arrowIcon--2yLRx{margin-left:auto;margin-right:27px}[dir=rtl] .AccountLinks--arrowIcon--2yLRx{margin-right:auto;margin-left:27px}.AccountLinks--iconDiv--1ixOJ{display:flex;justify-content:flex-end;height:19px}[dir] .AccountLinks--iconDiv--1ixOJ{background-color:initial;margin-top:-17px}.AccountLinks--text--2LINT{display:inline-flex;width:220px;font-weight:500;flex-wrap:wrap}[dir=ltr] .AccountLinks--text--2LINT{padding-right:15px}[dir=rtl] .AccountLinks--text--2LINT{padding-left:15px}.AccountLinks--textBlock--Wq3hZ{column-count:2}[dir] .AccountLinks--textBlock--Wq3hZ{padding-bottom:5px}.AccountLinks--standardText--2KYYp{display:inline-flex;font-size:.875rem;font-weight:500}[dir] .AccountLinks--standardText--2KYYp{padding-bottom:5px}[dir=ltr] .AccountLinks--standardText--2KYYp{padding-left:2px}[dir=rtl] .AccountLinks--standardText--2KYYp{padding-right:2px}.ListItem--listItem--2wQRK{display:block;text-decoration:none;color:#2b2b2b!important;box-sizing:border-box}[dir] .ListItem--listItem--2wQRK{padding:10px 16px;border-top:1px solid #dedede!important}.ListItem--listItem--2wQRK:focus{color:#fff;outline:5px auto #1b4de4}[dir] .ListItem--listItem--2wQRK:first-child{border-top:none}[dir] .ListItem--listItem--2wQRK.ListItem--outerBorder--3YSZm:first-child{border-top:1px solid #dedede!important}[dir] .ListItem--listItem--2wQRK.ListItem--outerBorder--3YSZm:last-child{border-bottom:1px solid #dedede!important}[dir] .ListItem--listItem--2wQRK.ListItem--disableBorder--DPmOK{border-top:none!important;border-bottom:none!important}button.ListItem--listItem--2wQRK{width:100%}[dir=ltr] button.ListItem--listItem--2wQRK{text-align:left}[dir=rtl] button.ListItem--listItem--2wQRK{text-align:right}.Disclosure--Summary--UuybP{list-style:none;box-sizing:border-box}[dir] .Disclosure--Summary--UuybP{cursor:pointer;padding:10px 16px}.Disclosure--Summary--UuybP::-webkit-details-marker{display:none}.Disclosure--SummaryDefault--3xAWB{display:flex;align-items:center;justify-content:space-between;flex-direction:row}.Disclosure--SummaryIcon--1kGJk{fill:#1b4de4;width:18px!important;flex-shrink:0}[dir=ltr] .Disclosure--SummaryIcon--1kGJk{margin-left:16px}[dir=rtl] .Disclosure--SummaryIcon--1kGJk{margin-right:16px}.Mobile .Disclosure--SummaryIcon--1kGJk{position:relative}[dir=ltr] .Mobile .Disclosure--SummaryIcon--1kGJk{right:-3px}[dir=rtl] .Mobile .Disclosure--SummaryIcon--1kGJk{left:-3px}[dir] .Disclosure--themeList--25Q0H{border-top:1px solid #dedede}.Disclosure--themeList--25Q0H .Disclosure--Summary--UuybP{color:#2b2b2b}.Disclosure--themeList--25Q0H .Disclosure--Summary--UuybP:focus{outline:1px dotted #212121;outline:5px auto -webkit-focus-ring-color}[dir] .Disclosure--themeList--25Q0H[open]>.Disclosure--Summary--UuybP:not(.Disclosure--hideBorderOnSummaryOpen--ZdSDc){border-bottom:1px solid #dedede}[dir] .Disclosure--themeList--25Q0H.Disclosure--disableBorder--24EOy{border-top:none!important}[dir] .Disclosure--themeList--25Q0H:first-child{border-top:0}[dir] .Disclosure--themeList--25Q0H.Disclosure--outerBorder--3dRUK:first-child{border-top:1px solid #dedede}[dir] .Disclosure--themeList--25Q0H.Disclosure--outerBorder--3dRUK:last-child{border-bottom:1px solid #dedede}.Disclosure--positionShowOpenSummaryContainer--Qou6d{position:relative}[dir] .Disclosure--positionShowOpenSummaryContainer--Qou6d{padding-bottom:0}.Disclosure--positionShowOpenSummaryContainer--Qou6d .Disclosure--positionShowOpenSummary--C1hiI{height:15px}.Disclosure--positionShowOpenSummaryContainer--Qou6d .Disclosure--positionShowOpenSummary--C1hiI .Disclosure--SummaryIcon--1kGJk{position:absolute;top:20px}[dir=ltr] .Disclosure--positionShowOpenSummaryContainer--Qou6d .Disclosure--positionShowOpenSummary--C1hiI .Disclosure--SummaryIcon--1kGJk{right:16px}[dir=rtl] .Disclosure--positionShowOpenSummaryContainer--Qou6d .Disclosure--positionShowOpenSummary--C1hiI .Disclosure--SummaryIcon--1kGJk{left:16px}.Disclosure--positionShowOpenSummaryContainer--Qou6d:focus{outline:none!important}.Disclosure--positionShowOpenSummaryContainer--Qou6d:focus .Disclosure--SummaryIcon--1kGJk{outline:5px auto #1b4de4}[dir] .Disclosure--contentBgGray--1v8-j{background:#f1f1f1}[dir=ltr] .LargeScreen .Disclosure--SummaryIcon--1kGJk{margin-left:6px}[dir=rtl] .LargeScreen .Disclosure--SummaryIcon--1kGJk{margin-right:6px}@media screen and (max-width:320px){.Disclosure--SummaryIcon--1kGJk{width:9.75px!important}[dir=ltr] .Disclosure--SummaryIcon--1kGJk{margin-left:0;right:-15px!important}[dir=rtl] .Disclosure--SummaryIcon--1kGJk{margin-right:0;left:-15px!important}.Disclosure--positionShowOpenSummaryContainer--Qou6d .Disclosure--positionShowOpenSummary--C1hiI .Disclosure--SummaryIcon--1kGJk{position:absolute;top:15px}[dir=ltr] .Disclosure--positionShowOpenSummaryContainer--Qou6d .Disclosure--positionShowOpenSummary--C1hiI .Disclosure--SummaryIcon--1kGJk{right:1px!important}[dir=rtl] .Disclosure--positionShowOpenSummaryContainer--Qou6d .Disclosure--positionShowOpenSummary--C1hiI .Disclosure--SummaryIcon--1kGJk{left:1px!important}}[dir] .CountryList--Summary--CQ0mX{padding:10px 31px!important}[dir=ltr] .CountryList--DisclosureLink--2_CS1{padding:10px 15px 10px 60px!important}[dir=rtl] .CountryList--DisclosureLink--2_CS1{padding:10px 60px 10px 15px!important}@media screen and (min-width:768px){[dir] .CountryList--DisclosureLink--2_CS1{padding:7px 0!important}}@media screen and (min-width:768px){.CountryList--listContainer--22BSI{column-width:300px}[dir] .CountryList--listContainer--22BSI{padding:10px 33px}}.UnitSelector--UnitSelector--3kjjU{display:flex;align-items:flex-start}[dir] .UnitSelector--UnitSelector--3kjjU{padding:0 30px 20px}.UnitSelector--UnitSelectorHeading--6J4Up{display:inline-block;position:relative;font-size:.875rem;font-weight:400}[dir] .UnitSelector--UnitSelectorHeading--6J4Up{margin:0}[dir=ltr] .UnitSelector--UnitSelectorHeading--6J4Up{padding:3px 5px 0 0}[dir=rtl] .UnitSelector--UnitSelectorHeading--6J4Up{padding:3px 0 0 5px}.UnitSelector--TabListWrapper--2P9kq{display:inline-block}[dir] .UnitSelector--UnitSelectorTabList--2IR0h{margin:0}.UnitSelector--UnitSelectorButtonList--2CI6c{display:flex;align-items:center}.UnitSelector--UnitSelectorTabs--FdQhC{font-size:1rem!important}.UnitSelector--UnitSelectorButton--3T5e1{outline:none;position:relative;font-size:1rem;height:32px;width:32px;line-height:2em;color:#6f7585}[dir] .UnitSelector--UnitSelectorButton--3T5e1{background-color:#fff;text-align:center;cursor:pointer;border:1px solid #dedede;border-radius:100%}.UnitSelector--UnitSelectorButton--3T5e1.UnitSelector--selected--G1371{color:#fff}[dir] .UnitSelector--UnitSelectorButton--3T5e1.UnitSelector--selected--G1371{background-color:#1b4de4;border:1px solid #1b4de4}[dir=ltr] .UnitSelector--UnitSelectorButton--3T5e1:focus{background-image:linear-gradient(90deg,rgba(27,77,228,.2),rgba(27,77,228,.1))}[dir=rtl] .UnitSelector--UnitSelectorButton--3T5e1:focus{background-image:linear-gradient(-90deg,rgba(27,77,228,.2),rgba(27,77,228,.1))}[dir=ltr] .UnitSelector--UnitSelectorButton--3T5e1:first-child{margin-right:8px}[dir=rtl] .UnitSelector--UnitSelectorButton--3T5e1:first-child{margin-left:8px}.UnitSelector--UnitSelectorButtonTextC--3bate,.UnitSelector--UnitSelectorButtonTextF--2KVHq{position:absolute;top:-1px}[dir=ltr] .UnitSelector--UnitSelectorButtonTextC--3bate{left:4px}[dir=rtl] .UnitSelector--UnitSelectorButtonTextC--3bate{right:4px}[dir=ltr] .UnitSelector--UnitSelectorButtonTextF--2KVHq{left:6px}[dir=rtl] .UnitSelector--UnitSelectorButtonTextF--2KVHq{right:6px}.UnitSelector--UnitSelectorPanel--QINRG{font-size:.6875rem}[dir] .UnitSelector--UnitSelectorPanel--QINRG{text-align:center;padding-top:5px}.UnitSelector--divider--18ehy{color:#6f7585;font-size:1.125rem}[dir=ltr] .UnitSelector--divider--18ehy{margin-right:5px}[dir=rtl] .UnitSelector--divider--18ehy{margin-left:5px}.ExpandableMenu--ExpandableMenu--2HGl7{pointer-events:none;width:100%;z-index:300;top:100%;position:absolute}.ExpandableMenu--ExpandableMenu--2HGl7.ExpandableMenu--open--2oMlM{pointer-events:auto}.ExpandableMenu--ExpandableMenu--2HGl7.ExpandableMenu--fullWidth--1M1DN{width:100vw}[dir=ltr] .ExpandableMenu--ExpandableMenu--2HGl7.ExpandableMenu--fullWidth--1M1DN{left:50%;transform:translate(-50%,50%)}[dir=rtl] .ExpandableMenu--ExpandableMenu--2HGl7.ExpandableMenu--fullWidth--1M1DN{right:50%;transform:translate(50%,50%)}.ExpandableMenu--inner--39JQs{color:#2b2b2b;transition:clip .3s cubic-bezier(.4,0,.2,1),opacity .3s cubic-bezier(.4,0,.2,1);opacity:0}.ExpandableMenu--inner--39JQs.ExpandableMenu--fullWidthInner--1_Onm{width:100%}[dir] .ExpandableMenu--inner--39JQs.ExpandableMenu--bottomRoundBorder--NTgMw{border-radius:0 0 6px 6px}[dir] .ExpandableMenu--inner--39JQs.ExpandableMenu--allRoundBorder--1fa7X{border-radius:6px}.ExpandableMenu--inner--39JQs.ExpandableMenu--fullWidthInner--1_Onm>*{max-width:1280px}[dir] .ExpandableMenu--inner--39JQs.ExpandableMenu--fullWidthInner--1_Onm>*{margin:auto}[dir] .ExpandableMenu--innerPadding--1vQiV{padding:10px 15px}[dir=ltr] .ExpandableMenu--ExpandableMenu--2HGl7.ExpandableMenu--reverse--3t0b2>.ExpandableMenu--inner--39JQs{left:auto;right:0}[dir=rtl] .ExpandableMenu--ExpandableMenu--2HGl7.ExpandableMenu--reverse--3t0b2>.ExpandableMenu--inner--39JQs{right:auto;left:0}.ExpandableMenu--ExpandableMenu--2HGl7.ExpandableMenu--open--2oMlM>.ExpandableMenu--inner--39JQs{opacity:1}[dir] .ExpandableMenu--ExpandableMenu--2HGl7.ExpandableMenu--open--2oMlM>.ExpandableMenu--inner--39JQs{background-color:#fff}.ExpandableMenu--outline--CVSXy{transition:transform .3s cubic-bezier(.4,0,.2,1),opacity .3s cubic-bezier(.4,0,.2,1);position:absolute;top:0;display:block;opacity:0}[dir] .ExpandableMenu--outline--CVSXy{box-shadow:0 2px 12px 0 rgba(0,0,0,.2);transform:scaleY(0)}[dir=ltr] .ExpandableMenu--outline--CVSXy{left:0;transform-origin:0 0}[dir=rtl] .ExpandableMenu--outline--CVSXy{right:0;transform-origin:100% 0}.ExpandableMenu--ExpandableMenu--2HGl7.ExpandableMenu--open--2oMlM>.ExpandableMenu--outline--CVSXy{opacity:1}[dir] .ExpandableMenu--ExpandableMenu--2HGl7.ExpandableMenu--open--2oMlM>.ExpandableMenu--outline--CVSXy{transform:scaleY(1)}[dir=ltr] .ExpandableMenu--ExpandableMenu--2HGl7.ExpandableMenu--reverse--3t0b2>.ExpandableMenu--outline--CVSXy{left:auto;right:0}[dir=rtl] .ExpandableMenu--ExpandableMenu--2HGl7.ExpandableMenu--reverse--3t0b2>.ExpandableMenu--outline--CVSXy{right:auto;left:0}[dir] .LanguageSelector--LanguageSelector--2-lpw{padding:10px 0 0}.LanguageSelector--LanguageSelectorMenu--274U0{position:absolute}[dir] .LanguageSelector--LanguageSelectorMenu--274U0 .LanguageSelector--LanguageSection--3gFMn:last-child{border-bottom:none}.LanguageSelector--LanguageSelectorStatus--mXkYQ{display:inline-block;font-size:1rem}[dir] .LanguageSelector--LanguageSelectorStatus--mXkYQ{margin:0}.LanguageSelector--Summary--58hmO{font-size:1.125rem;font-weight:700;text-transform:uppercase}[dir] .LanguageSelector--Summary--58hmO{padding:10px 31px!important}.LanguageSelector--Summary--58hmO:hover{color:#1b4de4!important}[dir] .LanguageSelector--Summary--58hmO:hover{cursor:pointer}[dir] .LanguageSelector--Content--YveVL{padding:10px 21px!important}[dir] .LanguageSelector--RegionBlock--3xzbe{padding:10px 10px 30px!important}.LanguageSelector--RegionLink--2I-tU{color:#000;line-height:1.3em}[dir] .LanguageSelector--RegionLink--2I-tU{margin:0}.LanguageSelector--RegionLink--2I-tU:active,.LanguageSelector--RegionLink--2I-tU:focus,.LanguageSelector--RegionLink--2I-tU:hover{color:#1b4de4!important}[dir] .LanguageSelector--RegionLink--2I-tU:focus{background-color:initial!important}.LanguageSelector--RegionLink--2I-tU>*{display:block;font-size:.875rem}[dir] .LanguageSelector--RegionLink--2I-tU>*{padding:10px}.LanguageSelector--RegionLink--2I-tU>:active,.LanguageSelector--RegionLink--2I-tU>:hover{color:#1b4de4}@media(min-width:769px){[dir] .LanguageSelector--RegionBlock--3xzbe{padding:10px 10px 30px}}[dir] .LanguageSelector--LocalizationMenu--3M9Om{padding:0 10px!important}.LanguageSelector--menuButtonInner--1PGXt{flex-shrink:0;font-size:.875rem;color:#fff;display:flex;align-items:center}[dir] .LanguageSelector--menuButtonInner--1PGXt{background:transparent!important}[dir] .LanguageSelector--menuButtonInner--1PGXt span{padding:0 10px}.LanguageSelector--globeIcon--7F9Pf{width:24px}[dir=ltr] .LanguageSelector--globeIcon--7F9Pf{padding:0 0 0 10px}[dir=rtl] .LanguageSelector--globeIcon--7F9Pf{padding:0 10px 0 0}.LanguageSelector--arrowIcon--3mk5k{width:17px!important}[dir=ltr] .LanguageSelector--arrowIcon--3mk5k{padding-left:5px}[dir=rtl] .LanguageSelector--arrowIcon--3mk5k{padding-right:5px}.LanguageSelector--unitDisplay--23xY5{font-size:1rem}[dir=ltr] .LanguageSelector--unitDisplay--23xY5{border-left:1px solid #fff}[dir=rtl] .LanguageSelector--unitDisplay--23xY5{border-right:1px solid #fff}[dir] .LanguageSelector--titleSection--1_nPc{padding:20px;background-color:hsla(0,0%,100%,.25)}@media(min-width:769px){[dir] .LanguageSelector--titleSection--1_nPc{padding:20px 30px}}[dir] .LanguageSelector--unitSelectorContainer--W3U-M{padding:0!important}[dir] .LanguageSelector--unitSelectorWrapper--2c_s6{padding:10px 30px}.RecentLocationTitle--RecentLocationTitle--3wSzC{display:flex;flex-flow:row nowrap;justify-content:space-between;align-items:center}[dir] .RecentLocationTitle--RecentLocationTitle--3wSzC{padding:16px 16px 10px}.RecentLocationTitle--RecentLocationTitleText--1CK3j{font-size:1.125rem;font-weight:700;text-transform:uppercase;color:#2b2b2b}[dir=ltr] .RecentLocationTitle--RecentLocationTitleText--1CK3j{margin:0 10px 0 0}[dir=rtl] .RecentLocationTitle--RecentLocationTitleText--1CK3j{margin:0 0 0 10px}.RecentLocationTitle--RecentLocationTitleClearButton--tg4mu{font-size:.875rem}[dir] .RecentLocationTitle--RecentLocationTitleClearButton--tg4mu{cursor:pointer}.SearchResults--SearchResults--LUsso{color:#2b2b2b;display:none;overflow:auto;scroll-behavior:smooth}[dir] .SearchResults--SearchResults--LUsso{background-color:#fff!important}.SearchResults--SearchResults--LUsso.SearchResults--alwaysOpen--2u6bA{display:block}.SearchResults--SearchResults--LUsso.SearchResults--open--ZXS7f{display:block;position:absolute;top:calc(100% + 5px);width:100%}.SearchResults--ListboxOption--EhXod{font-size:.875rem}.SearchResults--ListboxOption--EhXod:focus,.SearchResults--ListboxOption--EhXod:hover{color:#fff!important;outline:none!important}[dir] .SearchResults--ListboxOption--EhXod:focus, [dir] .SearchResults--ListboxOption--EhXod:hover{background-color:#1b4de4!important}[dir] .SearchResults--NoResults--3q1Yh{padding:10px 16px}[dir] .SearchResults--roundedCorners--1Qz8-{border-radius:6px}[dir] .SearchResults--shadow--c3ZQy{box-shadow:0 0 12px 0 rgba(0,0,0,.2)}.Accessibility--visuallyHidden--2uGW3{position:absolute!important;height:1px;width:1px;overflow:hidden;clip:rect(1px,1px,1px,1px);white-space:nowrap}.SearchInput--SearchInput--ce1vD{position:relative}.SearchInput--InputField--73wGA{width:100%;height:100%;color:#fff;font-size:.875rem;-webkit-tap-highlight-color:#1b4de4;box-sizing:border-box}[dir] .SearchInput--InputField--73wGA{padding:5px 6px;border:0;border-radius:20px;background:hsla(0,0%,100%,.2);text-align:center}.SearchInput--InputField--73wGA::placeholder{color:#fff;opacity:1;transition:opacity .3s ease-in-out;text-overflow:ellipsis;overflow:hidden;white-space:nowrap}.SearchInput--InputField--73wGA:focus{outline:5px auto #fff}.SearchInput--InputField--73wGA:focus::placeholder{opacity:0;transition:opacity .3s ease-in-out}[dir=ltr] .SearchInput--enableSearchIcon--1PPc1 .SearchInput--InputField--73wGA{padding-right:38px}[dir=rtl] .SearchInput--enableSearchIcon--1PPc1 .SearchInput--InputField--73wGA{padding-left:38px}.SearchInput--searchIcon--1_HVj{position:absolute;height:100%;top:50%}[dir] .SearchInput--searchIcon--1_HVj{transform:translateY(-50%)}[dir=ltr] .SearchInput--searchIcon--1_HVj{right:8px}[dir=rtl] .SearchInput--searchIcon--1_HVj{left:8px}.SearchCombobox--Combobox--2bl2b{position:relative}.Search--Search--1e_6v{width:100%;position:relative;box-sizing:border-box}.Search--SearchTrigger--1Q1yW{width:100%}[dir] .Search--SearchTrigger--1Q1yW{padding:0}[dir] .Search--ModalWrapper--1EtDY{background:none!important}.Search--ModalHeader--o2AfL{position:absolute;top:7px;z-index:1}[dir=ltr] .Search--ModalHeader--o2AfL{right:0}[dir=rtl] .Search--ModalHeader--o2AfL{left:0}.Search--ModalContent--1n3I3{display:flex;flex-flow:column nowrap;height:100%;justify-content:space-between;align-items:center}.Search--ModalCloseButtonIcon--11rEJ{width:30px}[dir=ltr] .Search--ModalCloseButtonIcon--11rEJ{margin-right:4px}[dir=rtl] .Search--ModalCloseButtonIcon--11rEJ{margin-left:4px}[dir=ltr] .Search--ModalSearchInput--3eIfG{padding:15px 50px 15px 26px}[dir=rtl] .Search--ModalSearchInput--3eIfG{padding:15px 26px 15px 50px}.Search--ModalCombobox--35C9v{width:100%;max-height:calc(100vh - 105px);display:flex;flex-flow:column nowrap;justify-content:flex-start}.Search--SearchModalFooterImage--2d1uZ{width:120px}[dir] .Search--SearchModalFooterImage--2d1uZ{padding:15px 0 5px}.LargeScreen .Search--Search--1e_6v{max-width:380px}[dir] .LargeScreen .Search--Search--1e_6v{margin:auto}.LargeScreen .Search--inputClass--2Grs8{font-size:1rem!important;height:38px}.Cobranding--Cobranding--qxN0M{position:relative}.Cobranding--Cobranding--qxN0M img{width:inherit;height:inherit}.Cobranding--divider--3ftL5{height:27px}[dir=ltr] .Cobranding--divider--3ftL5{border-left:2px solid #fff;margin-left:15px;margin-right:15px}[dir=rtl] .Cobranding--divider--3ftL5{border-right:2px solid #fff;margin-right:15px;margin-left:15px}.styles--root--LUo-4{flex-shrink:0}.styles--brand--2avDC{max-width:100%;height:22px;width:130px}.Icon--icon--3wCKh{display:inline-block;height:auto;width:24px}[dir=rtl] .Icon--icon--3wCKh[name*=left],[dir=rtl] .Icon--icon--3wCKh[name*=right]{transform:scaleX(-1)}.Icon--actionTheme--sZu_q{fill:#1b4de4;color:#1b4de4}.Icon--darkTheme--3iVDF{fill:#2b2b2b;color:#2b2b2b}.Icon--lightTheme--3NMAI{fill:#fff;color:#fff;--color-moon:#fff;--color-cloud:#fff;--color-star:#fff;--color-fog:#fff;--color-wind:#fff;--color-sun:#fff;--color-lightning:#fff;--color-snowflake:#fff;--color-hail:#fff;--color-thunderstorm-mask:#2b2b2b}.Icon--severeTheme--2xYyF{fill:#da291c;color:#da291c}.Icon--grayTheme--3wIXj{fill:#757575;color:#757575}.Icon--fullTheme--3ns8p{--color-moon:#e3e3e3;--color-star:#e3e3e3;--color-cloud:#d3d3d3;--color-na:#d3d3d3;--color-fog:#d3d3d3;--color-hail:#d3d3d3;--color-tornado:#d3d3d3;--color-wind:#d3d3d3;--color-storm:#d3d3d3;--color-lightning:#ebdb00;--color-sun:#ebdb00;--color-drop:#6adef8;--color-snowflake:#d3d3d3;--color-thunderstorm-mask:#2b2b2b}.Button--primary--1UQTP,.Button--secondary--2gaC_{display:inline-block;text-decoration:none;line-height:1.15;font-size:.8125rem;font-weight:700;outline:none;white-space:nowrap;-webkit-tap-highlight-color:var(--backgroundActive)}[dir] .Button--primary--1UQTP, [dir] .Button--secondary--2gaC_{border:none;border-radius:16px;padding:8px 14px;margin:5px;cursor:pointer}.Button--primary--1UQTP:focus,.Button--secondary--2gaC_:focus{outline:var(--backgroundActive) auto 5px}.Button--primary--1UQTP{color:var(--primaryButtonText)}[dir] .Button--primary--1UQTP{background-color:var(--primaryButtonBackground);border:1px solid var(--primaryButtonBackground)}[dir] .Button--primary--1UQTP:active, [dir] .Button--primary--1UQTP:focus, [dir] .Button--primary--1UQTP:hover{box-shadow:0 0 5px 0 rgba(27,77,228,.8)}.Button--secondary--2gaC_{color:var(--secondaryButtonText)}[dir] .Button--secondary--2gaC_{background-color:var(--secondaryButtonBackground);border:1px solid var(--borderDefault)}[dir] .Button--secondary--2gaC_:active, [dir] .Button--secondary--2gaC_:focus, [dir] .Button--secondary--2gaC_:hover{box-shadow:0 0 12px 0 rgba(0,0,0,.2)}.Button--default--3zkvy{color:var(--buttonText);text-decoration:none}[dir] .Button--default--3zkvy{border:none;background:none;cursor:pointer}.Button--iconOnly--25rWi{line-height:0}[dir] .Button--iconOnly--25rWi{border-radius:50%;padding:5px}.Button--disabled--3sMGV{opacity:.3;pointer-events:none}.MainMenuHeader--MainMenuHeader--1T0Qd{color:#fff;width:100%;position:relative;z-index:204}.MainMenuHeader--wrapper--2ZR4A{position:relative;max-width:1280px;box-sizing:border-box;display:flex;flex:1 0 auto;align-items:center;height:82px}[dir] .MainMenuHeader--wrapper--2ZR4A{margin:0 auto}[dir=ltr] .MainMenuHeader--wrapper--2ZR4A{padding:11px 11px 11px 6px}[dir=rtl] .MainMenuHeader--wrapper--2ZR4A{padding:11px 6px 11px 11px}.MainMenuHeader--accessibilityLink--2yANH{position:absolute;top:-10000px}[dir=ltr] .MainMenuHeader--accessibilityLink--2yANH{left:-10000px}[dir=rtl] .MainMenuHeader--accessibilityLink--2yANH{right:-10000px}.MainMenuHeader--accessibilityLink--2yANH:focus{top:80px}[dir=ltr] .MainMenuHeader--accessibilityLink--2yANH:focus{left:5px}[dir=rtl] .MainMenuHeader--accessibilityLink--2yANH:focus{right:5px}.MainMenuHeader--ibmLogo--3mcYE{display:flex;flex-shrink:0;align-self:center}[dir=ltr] .MainMenuHeader--ibmLogo--3mcYE{padding:0 4px 0 12px}[dir=rtl] .MainMenuHeader--ibmLogo--3mcYE{padding:0 12px 0 4px}.MainMenuHeader--cobranding--3f2qe,.MainMenuHeader--cobranding--3f2qe img{max-height:24px}.MainMenuHeader--navigation--3Oi4O{display:flex;flex-shrink:0}.MainMenuHeader--navigation--3Oi4O>*{display:flex;align-items:center}[dir] .MainMenuHeader--navigation--3Oi4O>*{padding:0 15px}[dir=ltr] .MainMenuHeader--navigation--3Oi4O>:first-child{border-left:0}[dir=rtl] .MainMenuHeader--navigation--3Oi4O>:first-child{border-right:0}.MainMenuHeader--twcLogo--1oRKo{width:60px!important;height:60px!important}.MainMenuHeader--wrapperLeft--3YkPC,.MainMenuHeader--wrapperRight--1doyc{display:flex;align-items:center}[dir=ltr] .MainMenuHeader--wrapperLeft--3YkPC{padding-right:30px}[dir=rtl] .MainMenuHeader--wrapperLeft--3YkPC{padding-left:30px}.MainMenuHeader--wrapperRight--1doyc{flex:1 1 auto}.HeaderLargeScreen--HeaderLargeScreen--j5pd4{display:flex;align-items:center;flex-flow:row nowrap;justify-content:space-between;width:100%;box-sizing:border-box}.HeaderLargeScreen--primaryBranding--3qZ8v{position:relative;height:40px;width:40px}[dir] .HeaderLargeScreen--primaryBranding--3qZ8v{margin:10px}.HeaderLargeScreen--primaryBranding--3qZ8v svg{height:60px;width:60px}.HeaderLargeScreen--cobranding--r9FiU{height:20px}[dir=ltr] .HeaderLargeScreen--cobranding--r9FiU{margin-right:7px}[dir=rtl] .HeaderLargeScreen--cobranding--r9FiU{margin-left:7px}.HeaderLargeScreen--MainMenuContainer--2Pzna{position:absolute}.HeaderLargeScreen--MainMenuButtonIcon--2IIhJ{width:32px!important}[dir=ltr] .HeaderLargeScreen--MainMenuButtonIcon--2IIhJ{margin-right:4px}[dir=rtl] .HeaderLargeScreen--MainMenuButtonIcon--2IIhJ{margin-left:4px}.gradientText{color:#fff}[dir] .gradients--sunnyDay--17X6W{background-image:linear-gradient(#046f94 9%,#65b7c6)}[dir] .gradients--sunnyDay-top--ifCwS{background-color:#046f94}[dir] .gradients--sunnyDay-bottom--B8SRR{background-color:#65b7c6}[dir] .gradients--clearNight--3DcJJ{background-image:linear-gradient(#113076 9%,#157fba)}[dir] .gradients--clearNight-top--2QoL0{background-color:#113076}[dir] .gradients--clearNight-bottom--1DBsL{background-color:#157fba}[dir] .gradients--cloudyFoggyDay--VhVRw{background-image:linear-gradient(#6e3f98 9%,#d6ab97)}[dir] .gradients--cloudyFoggyDay-top--3QIS-{background-color:#6e3f98}[dir] .gradients--cloudyFoggyDay-bottom--2Htf5{background-color:#d6ab97}[dir] .gradients--cloudyFoggyNight--FbSHD{background-image:linear-gradient(#1a357c 9%,#99479b)}[dir] .gradients--cloudyFoggyNight-top--_hnEI{background-color:#1a357c}[dir] .gradients--cloudyFoggyNight-bottom--ZmWmE{background-color:#99479b}[dir] .gradients--rainyDay--1sYGm{background-image:linear-gradient(#004f69 9%,#47c061)}[dir] .gradients--rainyDay-top--2IkuP{background-color:#004f69}[dir] .gradients--rainyDay-bottom--sClpv{background-color:#47c061}[dir] .gradients--rainyNight--22XqF{background-image:linear-gradient(#003758 9%,#3da954)}[dir] .gradients--rainyNight-top--1OFbA{background-color:#003758}[dir] .gradients--rainyNight-bottom--2Xu6r{background-color:#3da954}[dir] .gradients--snowyIcyDay--3vXUP{background-image:linear-gradient(#125184 9%,#9cbcbd)}[dir] .gradients--snowyIcyDay-top--21a2H{background-color:#125184}[dir] .gradients--snowyIcyDay-bottom--3Ulu4{background-color:#9cbcbd}[dir] .gradients--snowyIcyNight--1meoe{background-image:linear-gradient(#113278 9%,#70a2a8)}[dir] .gradients--snowyIcyNight-top--ae9KA{background-color:#113278}[dir] .gradients--snowyIcyNight-bottom--2x20U{background-color:#70a2a8}[dir] .gradients--severe--11OmN{background-image:linear-gradient(#510000 9%,#ba0d00)}[dir] .gradients--severe-top--1I0--{background-color:#510000}[dir] .gradients--severe-bottom--2H1Ah{background-color:#ba0d00}[dir] .gradients--severe_home--1-oyG{background-image:linear-gradient(#fff,#fff)}[dir] .gradients--severe_home-bottom--3Hqgu, [dir] .gradients--severe_home-top--1i_Lu{background-color:#ba0d00}.gradients--severe_home--1-oyG .gradientText{color:#2b2b2b}[dir] .gradients--severe_home--1-oyG.gradients--severe_home--1-oyG{background-image:linear-gradient(#fff,#fff)}.gradients--severe_home--1-oyG.gradients--severe_home--1-oyG .gradientText{color:#2b2b2b}[dir] .gradients--default--3zN0l{background-image:linear-gradient(#05336b 9%,#0d5ab9)}[dir] .gradients--default-top--1EwzM{background-color:#05336b}[dir] .gradients--default-bottom--2Pyy7{background-color:#0d5ab9}[dir] .gradients--noGradient--2OnfT{background-image:linear-gradient(#fff,#fff)}[dir] .gradients--noGradient-top--a2-nE{background-color:#046f94}[dir] .gradients--noGradient-bottom--2Uf0S{background-color:#65b7c6}.gradients--noGradient--2OnfT .gradientText{color:#2b2b2b}@media only screen and (min-width:1440px){[dir] .gradients--sunnyDay--17X6W{background-image:linear-gradient(#69a9bf,#a3d4dd,#f8fcfd)}[dir] .gradients--sunnyDay-top--ifCwS{background-color:#046f94}[dir] .gradients--sunnyDay-bottom--B8SRR{background-color:#ebf5f7}[dir] .gradients--sunnyDay-contrast--ii9et{background-image:linear-gradient(#046f94,#3493ad)}[dir] .gradients--clearNight--3DcJJ{background-image:linear-gradient(#7183ad,#73b3d6,#f3f9fb)}[dir] .gradients--clearNight-top--2QoL0{background-color:#113076}[dir] .gradients--clearNight-bottom--1DBsL{background-color:#ebf5f7}[dir] .gradients--clearNight-contrast--3SHeE{background-image:linear-gradient(#113076,#135899)}[dir] .gradients--cloudyFoggyDay--VhVRw{background-image:linear-gradient(#a88cc2,#e7cdc1,#fcf9f7)}[dir] .gradients--cloudyFoggyDay-top--3QIS-{background-color:#6e3f98}[dir] .gradients--cloudyFoggyDay-bottom--2Htf5{background-color:#f9f4f1}[dir] .gradients--cloudyFoggyDay-contrast--3knbX{background-image:linear-gradient(#6e3f98,#a37697)}[dir] .gradients--cloudyFoggyNight--FbSHD{background-image:linear-gradient(#7686b1,#c291c3,#fcf9f7)}[dir] .gradients--cloudyFoggyNight-top--_hnEI{background-color:#1a357c}[dir] .gradients--cloudyFoggyNight-bottom--ZmWmE{background-color:#f9f4f1}[dir] .gradients--cloudyFoggyNight-contrast--3iLtZ{background-image:linear-gradient(#1a357c,#5a3e8c)}[dir] .gradients--rainyDay--1sYGm{background-image:linear-gradient(#6696a5,#91daa1,#f4fbf6)}[dir] .gradients--rainyDay-top--2IkuP{background-color:#004f69}[dir] .gradients--rainyDay-bottom--sClpv{background-color:#ecf8ef}[dir] .gradients--rainyDay-contrast--rZKxo{background-image:linear-gradient(#004f69,#238665)}[dir] .gradients--rainyNight--22XqF{background-image:linear-gradient(#66879b,#8bcc99,#f4fbf6)}[dir] .gradients--rainyNight-top--1OFbA{background-color:#003758}[dir] .gradients--rainyNight-bottom--2Xu6r{background-color:#ecf8ef}[dir] .gradients--rainyNight-contrast--2kLQk{background-image:linear-gradient(#003758,#1f7056)}[dir] .gradients--snowyIcyDay--3vXUP{background-image:linear-gradient(#7197b6,#c4d7d8,#e4e8e8)}[dir] .gradients--snowyIcyDay-top--21a2H{background-color:#125184}[dir] .gradients--snowyIcyDay-bottom--3Ulu4{background-color:#ecf2f2}[dir] .gradients--snowyIcyDay-contrast--39PB7{background-image:linear-gradient(#125184,#5a89a2)}[dir] .gradients--snowyIcyNight--1meoe{background-image:linear-gradient(#7184ae,#aac8cb,#e4e8e8)}[dir] .gradients--snowyIcyNight-top--ae9KA{background-color:#113278}[dir] .gradients--snowyIcyNight-bottom--2x20U{background-color:#ecf2f2}[dir] .gradients--snowyIcyNight-contrast--2Dh4k{background-image:linear-gradient(#113278,#456f92)}[dir] .gradients--severe--11OmN{background-image:linear-gradient(#f2cfcc,#fff)}[dir] .gradients--severe-top--1I0--{background-color:#ba0d00}[dir] .gradients--severe-bottom--2H1Ah{background-color:rgba(186,13,0,0)}[dir] .gradients--severe-contrast--3Wxgk{background-image:linear-gradient(#510000,#850600)}[dir] .gradients--default--3zN0l{background-image:linear-gradient(#6e9cd5,#fff)}[dir] .gradients--default-top--1EwzM{background-color:#05336b}[dir] .gradients--default-bottom--2Pyy7{background-color:#fff}[dir] .gradients--default-contrast--3k-5c{background-image:linear-gradient(#05336b,#094793)}}.BaseAd--adWrapper--2qtTX{overflow:hidden;position:relative}[dir] .BaseAd--adWrapper--2qtTX{text-align:center;padding:16px 0;margin:12px 10px 0}[dir] .BaseAd--adWrapper--2qtTX.BaseAd--card--1NlKb{padding:16px 0;margin:12px 10px;border-radius:6px;box-shadow:0 0 12px 0 rgba(0,0,0,.2);background-color:#fff}[dir] .BaseAd--adWrapperPlaceholder--2n8KY{margin:12px 10px 0!important}.BaseAd--ad_module--yZlyg{height:100%;width:100%;display:flex;flex-direction:column;justify-content:center;align-items:center}.BaseAd--placeholder--31XQZ{min-height:250px}.BaseAd--hide--3pG-e{display:none!important;height:0!important}#WX_BottomLeader.BaseAd--placeholder--31XQZ,#WX_BottomLeaderTablet.BaseAd--placeholder--31XQZ,#WX_DriverUnit.BaseAd--placeholder--31XQZ,#WX_DriverUnitTablet.BaseAd--placeholder--31XQZ,#WX_MidLeader.BaseAd--placeholder--31XQZ{min-height:90px}.adLabel{color:#6f7585;font-size:.625rem;position:relative;height:0;top:-12px}[dir] .adLabel{padding:0 16px 3px}[dir=ltr] .adLabel{text-align:right}[dir=rtl] .adLabel{text-align:left}[dir] .regionTopAds .BaseAd--adWrapper--2qtTX.BaseAd--card--1NlKb{border-radius:0}.regionTopAds .adLabel{display:none}.regionTopAds .BaseAd--placeholder--31XQZ{min-height:90px}.regionContentTop .adLabel{display:none}.regionContentTop .BaseAd--placeholder--31XQZ{min-height:90px}[dir] .Mobile .regionTopAds .BaseAd--adWrapper--2qtTX.BaseAd--card--1NlKb{padding:10px;margin:0}.Mobile .regionTopAds .BaseAd--placeholder--31XQZ{min-height:50px}[dir] .LargeScreen .BaseAd--adWrapper--2qtTX.BaseAd--card--1NlKb{margin:0}.LargeScreen .regionTopAds .BaseAd--placeholder--31XQZ{min-height:90px}</style>
      <script defer="" src="/daybreak-home/assets/main.1c834db10af7ef5f5601.js"></script>
      <script>window.env={"USE_REMOTE_REDUX_DAL_CLIENT":"true","REDUX_DAL_WX_API_HOST_CLIENT":"weather.com","REDUX_DAL_WX_API_PROTOCOL_CLIENT":"https","TRANSLATIONS_WX_API_HOST_CLIENT":"weather.com","CONSENT_PMQ_ACCOUNT_CLIENT":"747624766027","METRICS_API_VENDORS_CLIENT":"airlytics","METRICS_API_FREQUENCIES_CLIENT":"D","METRICS_API_AIRLYTICS_OPTIONS_BATCH_EVENTS_CLIENT":"false","METRICS_API_AIRLYTICS_OPTIONS_BATCH_INTERVAL_CLIENT":"30000","METRICS_API_AIRLYTICS_OPTIONS_BATCH_PAYLOAD_SIZE_CLIENT":"30","METRICS_API_AIRLYTICS_OPTIONS_BATCH_QUEUE_CAPACITY_CLIENT":"1000","METRICS_API_AIRLYTICS_OPTIONS_RETRY_FAILED_EVENTS_CLIENT":"true","PIANO_APP_ID_CLIENT":"nOKpBk1Dpu","PIANO_TINYPASS_HOST_CLIENT":"buy.tinypass.com","METRICS_API_AIRLYTICS_HOST_CLIENT":"airlytics-web.airlock.twcmobile.weather.com","METRICS_API_AIRLYTICS_KEY_CLIENT":"EWFqH3myAGLEs3nJYSshGL6YgA4ur3WRwTbANhKc","DSX_API_KEY_CLIENT":"7bb1c920-7027-4289-9c96-ae5e263980bc","DSX_HOST_CLIENT":"dsx.weather.com","DSX_PROTOCOL_CLIENT":"https","STATIC_API_PROTOCOL_CLIENT":"https","STATIC_API_HOST_CLIENT":"s.w-x.co","SUN_V1_PROTOCOL_CLIENT":"https","SUN_V1_HOST_CLIENT":"api.weather.com","SUN_V1_API_KEY_CLIENT":"21d8a80b3d6b444998a80b3d6b1449d3","SUN_V2_PROTOCOL_CLIENT":"https","SUN_V2_HOST_CLIENT":"api.weather.com","SUN_V2_API_KEY_CLIENT":"21d8a80b3d6b444998a80b3d6b1449d3","SUN_V3_PROTOCOL_CLIENT":"https","SUN_V3_HOST_CLIENT":"api.weather.com","SUN_V3_API_KEY_CLIENT":"21d8a80b3d6b444998a80b3d6b1449d3","WX_API_PROTOCOL_CLIENT":"https","WX_API_HOST_CLIENT":"weather.com","WX_API_API_KEY_CLIENT":"5c241d89f91274015a577e3e17d43370","WEBCAKES_ENV_CLIENT":"PROD","UPS2_HOST_CLIENT":"ups-2.weather.com"}</script><script src="https://weather.com/api/v1/script/subsSdkScript.js"></script><script>
        if (window && window.setNptTechAdblockerCookie === undefined) {
          window.setNptTechAdblockerCookie = (adblocker) => {
            const d = new Date();

            d.setTime(d.getTime() + 60 * 60 * 24 * 2 * 1000);
            document.cookie = '__adblocker=' + (adblocker ? 'true' : 'false') + '; expires=' + d.toUTCString() + '; path=/';
          };
        }
        document.cookie = '__adblocker=; expires=Thu, 01 Jan 1970 00:00:00 GMT; path=/';
      </script><script src="https://www.npttech.com/advertising.js" onerror="window.setNptTechAdblockerCookie(true)"></script><script src="https://securepubads.g.doubleclick.net/tag/js/gpt.js"></script><meta http-equiv="origin-trial" content="AxujKG9INjsZ8/gUq8+dTruNvk7RjZQ1oFhhgQbcTJKDnZfbzSTE81wvC2Hzaf3TW4avA76LTZEMdiedF1vIbA4AAABueyJvcmlnaW4iOiJodHRwczovL2ltYXNkay5nb29nbGVhcGlzLmNvbTo0NDMiLCJmZWF0dXJlIjoiVHJ1c3RUb2tlbnMiLCJleHBpcnkiOjE2NTI3NzQ0MDAsImlzVGhpcmRQYXJ0eSI6dHJ1ZX0="><meta http-equiv="origin-trial" content="Azuce85ORtSnWe1MZDTv68qpaW3iHyfL9YbLRy0cwcCZwVnePnOmkUJlG8HGikmOwhZU22dElCcfrfX2HhrBPAkAAAB7eyJvcmlnaW4iOiJodHRwczovL2RvdWJsZWNsaWNrLm5ldDo0NDMiLCJmZWF0dXJlIjoiVHJ1c3RUb2tlbnMiLCJleHBpcnkiOjE2NTI3NzQ0MDAsImlzU3ViZG9tYWluIjp0cnVlLCJpc1RoaXJkUGFydHkiOnRydWV9"><meta http-equiv="origin-trial" content="A16nvcdeoOAqrJcmjLRpl1I6f3McDD8EfofAYTt/P/H4/AWwB99nxiPp6kA0fXoiZav908Z8etuL16laFPUdfQsAAACBeyJvcmlnaW4iOiJodHRwczovL2dvb2dsZXRhZ3NlcnZpY2VzLmNvbTo0NDMiLCJmZWF0dXJlIjoiVHJ1c3RUb2tlbnMiLCJleHBpcnkiOjE2NTI3NzQ0MDAsImlzU3ViZG9tYWluIjp0cnVlLCJpc1RoaXJkUGFydHkiOnRydWV9"><meta http-equiv="origin-trial" content="AxBHdr0J44vFBQtZUqX9sjiqf5yWZ/OcHRcRMN3H9TH+t90V/j3ENW6C8+igBZFXMJ7G3Pr8Dd13632aLng42wgAAACBeyJvcmlnaW4iOiJodHRwczovL2dvb2dsZXN5bmRpY2F0aW9uLmNvbTo0NDMiLCJmZWF0dXJlIjoiVHJ1c3RUb2tlbnMiLCJleHBpcnkiOjE2NTI3NzQ0MDAsImlzU3ViZG9tYWluIjp0cnVlLCJpc1RoaXJkUGFydHkiOnRydWV9"><meta http-equiv="origin-trial" content="A88BWHFjcawUfKU3lIejLoryXoyjooBXLgWmGh+hNcqMK44cugvsI5YZbNarYvi3roc1fYbHA1AVbhAtuHZflgEAAAB2eyJvcmlnaW4iOiJodHRwczovL2dvb2dsZS5jb206NDQzIiwiZmVhdHVyZSI6IlRydXN0VG9rZW5zIiwiZXhwaXJ5IjoxNjUyNzc0NDAwLCJpc1N1YmRvbWFpbiI6dHJ1ZSwiaXNUaGlyZFBhcnR5Ijp0cnVlfQ=="><meta http-equiv="origin-trial" content="A/OOU4XAFfeAV4kM4+W9WBwNAHqq/bvtrRcJ1wpnNyO/i076BSUy1d14l2kBEgVmEuvxojSpD23172C6hBg2AQYAAACWeyJvcmlnaW4iOiJodHRwczovL2RvdWJsZWNsaWNrLm5ldDo0NDMiLCJmZWF0dXJlIjoiQ29udmVyc2lvbk1lYXN1cmVtZW50IiwiZXhwaXJ5IjoxNjM0MDgzMTk5LCJpc1N1YmRvbWFpbiI6dHJ1ZSwiaXNUaGlyZFBhcnR5Ijp0cnVlLCJ1c2FnZSI6InN1YnNldCJ9"><meta http-equiv="origin-trial" content="AwrB+XVH/KV6HfZNVtSEqlUJi3yUbtCp0/TJRj+38NDIw19/9P1h7ECTtdLdhIzG0Bsl4n/0rVmttJtGUCcewgAAAACceyJvcmlnaW4iOiJodHRwczovL2dvb2dsZXN5bmRpY2F0aW9uLmNvbTo0NDMiLCJmZWF0dXJlIjoiQ29udmVyc2lvbk1lYXN1cmVtZW50IiwiZXhwaXJ5IjoxNjM0MDgzMTk5LCJpc1N1YmRvbWFpbiI6dHJ1ZSwiaXNUaGlyZFBhcnR5Ijp0cnVlLCJ1c2FnZSI6InN1YnNldCJ9"><meta http-equiv="origin-trial" content="Ax15QOERqai2A5XWrDY38Eg07xh2T0pkhpDPJuDlxr7D2Ka8wHvklgK7tTPZOnT+8H31lwHto5JpvYV8jRn1WgIAAACceyJvcmlnaW4iOiJodHRwczovL2dvb2dsZXRhZ3NlcnZpY2VzLmNvbTo0NDMiLCJmZWF0dXJlIjoiQ29udmVyc2lvbk1lYXN1cmVtZW50IiwiZXhwaXJ5IjoxNjM0MDgzMTk5LCJpc1N1YmRvbWFpbiI6dHJ1ZSwiaXNUaGlyZFBhcnR5Ijp0cnVlLCJ1c2FnZSI6InN1YnNldCJ9"><script src="https://securepubads.g.doubleclick.net/gpt/pubads_impl_2021110401.js" id="gpt-impl-0.8384717354573112" nonce=""></script><script src="https://ads.rubiconproject.com/prebid/10738_TWC.js"></script><script src="//cdn.adsafeprotected.com/iasPET.1.js"></script><script src="https://cdn.polyfill.io/v3/polyfill.min.js?features=default,fetch,Array.prototype.includes,Array.prototype.find,Array.prototype.findIndex,HTMLPictureElement,String.prototype.trim,IntersectionObserver,ResizeObserver,URLSearchParams"></script><script>window.performance.mark("CLIENT_SIDE_START");</script><script>
  (function(s,t,a,n){s[t]||(s[t]=a,n=s[a]=function(){n.q.push(arguments)},
  n.q=[],n.v=2,n.l=Date.now())})(window,"InstanaEumObject","ineum");

  ineum('reportingUrl', 'https://eum-orange-saas.instana.io');
  ineum('key', 'ZzccQeUzQQqisI2WN6oC0w');
  ineum('trackSessions');
</script>
<script defer="" crossorigin="anonymous" src="https://eum.instana.io/eum.min.js"></script><script>ineum('page', 'home');</script>
    
                              <script>!function(e){var n="https://s.go-mpulse.net/boomerang/";if("False"=="True")e.BOOMR_config=e.BOOMR_config||{},e.BOOMR_config.PageParams=e.BOOMR_config.PageParams||{},e.BOOMR_config.PageParams.pci=!0,n="https://s2.go-mpulse.net/boomerang/";if(window.BOOMR_API_key="S83YR-ULSS7-PCGQM-QZZQF-582ZW",function(){function e(){if(!r){var e=document.createElement("script");e.id="boomr-scr-as",e.src=window.BOOMR.url,e.async=!0,o.appendChild(e),r=!0}}function t(e){r=!0;var n,t,a,i,d=document,O=window;if(window.BOOMR.snippetMethod=e?"if":"i",t=function(e,n){var t=d.createElement("script");t.id=n||"boomr-if-as",t.src=window.BOOMR.url,BOOMR_lstart=(new Date).getTime(),e=e||d.body,e.appendChild(t)},!window.addEventListener&&window.attachEvent&&navigator.userAgent.match(/MSIE [67]\./))return window.BOOMR.snippetMethod="s",void t(o,"boomr-async");a=document.createElement("IFRAME"),a.src="about:blank",a.title="",a.role="presentation",a.loading="eager",i=(a.frameElement||a).style,i.width=0,i.height=0,i.border=0,i.display="none",o.appendChild(a);try{O=a.contentWindow,d=O.document.open()}catch(_){n=document.domain,a.src="javascript:var d=document.open();d.domain='"+n+"';void 0;",O=a.contentWindow,d=O.document.open()}if(n)d._boomrl=function(){this.domain=n,t()},d.write("<bo"+"dy onload='document._boomrl();'>");else if(O._boomrl=function(){t()},O.addEventListener)O.addEventListener("load",O._boomrl,!1);else if(O.attachEvent)O.attachEvent("onload",O._boomrl);d.close()}function a(e){window.BOOMR_onload=e&&e.timeStamp||(new Date).getTime()}if(!window.BOOMR||!window.BOOMR.version&&!window.BOOMR.snippetExecuted){window.BOOMR=window.BOOMR||{},window.BOOMR.snippetStart=(new Date).getTime(),window.BOOMR.snippetExecuted=!0,window.BOOMR.snippetVersion=14,window.BOOMR.url=n+"S83YR-ULSS7-PCGQM-QZZQF-582ZW";var i=document.currentScript||document.getElementsByTagName("script")[0],o=i.parentNode,r=!1,d=document.createElement("link");if(d.relList&&"function"==typeof d.relList.supports&&d.relList.supports("preload")&&"as"in d)window.BOOMR.snippetMethod="p",d.href=window.BOOMR.url,d.rel="preload",d.as="script",d.addEventListener("load",e),d.addEventListener("error",function(){t(!0)}),setTimeout(function(){if(!r)t(!0)},3e3),BOOMR_lstart=(new Date).getTime(),o.appendChild(d);else t(!1);if(window.addEventListener)window.addEventListener("load",a,!1);else if(window.attachEvent)window.attachEvent("onload",a)}}(),"".length>0)if(e&&"performance"in e&&e.performance&&"function"==typeof e.performance.setResourceTimingBufferSize)e.performance.setResourceTimingBufferSize();!function(){if(BOOMR=e.BOOMR||{},BOOMR.plugins=BOOMR.plugins||{},!BOOMR.plugins.AK){var n=""=="true"?1:0,t="",a="vp6jslyccqloqymkilvq-f-b0a645029-clientnsv4-s.akamaihd.net",i="false"=="true"?2:1,o={"ak.v":"32","ak.cp":"784565","ak.ai":parseInt("194930",10),"ak.ol":"0","ak.cr":342,"ak.ipv":4,"ak.proto":"h2","ak.rid":"be2d8e5","ak.r":21682,"ak.a2":n,"ak.m":"ksd","ak.n":"essl","ak.bpcip":"171.252.153.0","ak.cport":30928,"ak.gh":"2.20.132.52","ak.quicv":"","ak.tlsv":"tls1.3","ak.0rtt":"","ak.csrc":"-","ak.acc":"","ak.t":"1636451051","ak.ak":"hOBiQwZUYzCg5VSAfCLimQ==YCamDIFniZx7LZ/YyaNm37xCE0rxJyDsP7TQKI6zUhA25QbB0nfPlq6QET5Nq5kKooVYk3BGD4OaasST1yi+gijrVIB59F1dIPgdYx+cabRdYZcV8dRVI4D7cVkeSAQeGvY15ESK0Ngf1m1YNqFPkh2FvKZUKYypLu643HP818cvuzSsBdblMeoXw5XX7Pt/cmKP3gyq4+vhFBMY+LJEmalMvhPX70lsSTr7bBWP2kB30mK6bztaeJ5MTnToQCKCEKlwvwG6k9wHkpesy53m6iBYndtn9rvJPP7inJVRlCQzQac5eT0GC/dPSGpvCF0P1tvI+3YO5ZCBdvHTNxd0tQJKVROtRD5CyjUZfiHylKwNXfW2HgPtcUrmc6obkgsjjJxNm+WUxDiEqmcJOmIyUUu6GmTR3OLBcdzq+ZB14co=","ak.pv":"1335","ak.dpoabenc":"","ak.tf":i};if(""!==t)o["ak.ruds"]=t;var r={i:!1,av:function(n){var t="http.initiator";if(n&&(!n[t]||"spa_hard"===n[t]))o["ak.feo"]=void 0!==e.aFeoApplied?1:0,BOOMR.addVar(o)},rv:function(){var e=["ak.bpcip","ak.cport","ak.cr","ak.csrc","ak.gh","ak.ipv","ak.m","ak.n","ak.ol","ak.proto","ak.quicv","ak.tlsv","ak.0rtt","ak.r","ak.acc","ak.t","ak.tf"];BOOMR.removeVar(e)}};BOOMR.plugins.AK={akVars:o,akDNSPreFetchDomain:a,init:function(){if(!r.i){var e=BOOMR.subscribe;e("before_beacon",r.av,null,null),e("onbeacon",r.rv,null,null),r.i=!0}return this},is_complete:function(){return!0}}}}()}(window);</script><link href="https://s.go-mpulse.net/boomerang/S83YR-ULSS7-PCGQM-QZZQF-582ZW" rel="preload" as="script"><script id="boomr-scr-as" src="https://s.go-mpulse.net/boomerang/S83YR-ULSS7-PCGQM-QZZQF-582ZW" async=""></script></head><body><div class="appWrapper DaybreakLargeScreen LargeScreen lightTheme DaybreakLargeScreen--appWrapper--O_upA gradients--default--3zN0l gradients--default-top--1EwzM" id="appWrapper"><div class="region-meta"><div id="WxuHtmlHead-meta-" class=" removeIfEmpty"></div><div id="WxuNewsroom-meta-1869d024-e7ae-469b-8d1d-453aea8e6fe7" class=" removeIfEmpty"></div></div><div class="region-topAds regionTopAds DaybreakLargeScreen--regionTopAds--3wIMe"><div id="WxuAd-topAds-53dce052-5465-4609-a555-c3a20ab64ab0" class=" removeIfEmpty"><div class="adWrapper BaseAd--adWrapper--2qtTX BaseAd--card--1NlKb BaseAd--hide--3pG-e"><div class="adLabel">Advertisement</div><div id="WX_Hidden" class="ad_module BaseAd--ad_module--yZlyg subs-undefined BaseAd--placeholder--31XQZ"></div></div></div></div><div class="region-header regionHeader gradients--default-top--1EwzM" id="regionHeader"><div id="WxuHeaderLargeScreen-header-9944ec87-e4d4-4f18-b23e-ce4a3fd8a3ba" class=" removeIfEmpty"><header aria-label="Menu" role="banner" class="MainMenuHeader--MainMenuHeader--1T0Qd gradients--default-top--1EwzM"><div class="MainMenuHeader--wrapper--2ZR4A"><div class="MainMenuHeader--wrapperLeft--3YkPC"><a class="MainMenuHeader--accessibilityLink--2yANH Button--secondary--2gaC_" href="#MainContent" target="_self">Skip to Main Content</a><a class="MainMenuHeader--accessibilityLink--2yANH Button--secondary--2gaC_" href="https://www.essentialaccessibility.com/the-weather-channel?utm_source=theweatherchannelhomepage&amp;utm_medium=iconlarge&amp;utm_term=eachannelpage&amp;utm_content=header&amp;utm_campaign=theweatherchannel" target="_self">Accessibility Help</a><a class="Button--default--3zkvy Button--iconOnly--25rWi" href="/" target="_self" aria-label="The Weather Company - Home"><svg set="nav" name="twc-logo" theme="light" class="MainMenuHeader--twcLogo--1oRKo Icon--icon--3wCKh Icon--lightTheme--3NMAI" data-testid="Icon" aria-hidden="true" role="img" viewBox="0 0 24 24"><title>The Weather Channel</title><path d="M0 0h24v24H0V0zm2.0433 6.807v.657h.9629v3.2794h.8043V7.464h.9402l.1303-.657H2.0433zm3.0982-.0794c.034.119.0567.3908.0567.6627v3.3531h.7703V8.6647c.1699-.1529.4134-.2662.6003-.2662.2153 0 .2946.1076.2946.3965v1.9484h.742V8.7157c0-.3285-.017-.3738-.0737-.538-.0906-.2436-.3965-.4136-.7533-.4136-.2945 0-.623.1246-.8213.3116 0-.034.0114-.153.0114-.2436v-.5777c0-.2776-.017-.5494-.051-.708l-.776.1812zm5.1655 3.2455c-.2322.1926-.4758.2889-.7363.2889-.3908 0-.6117-.2549-.6117-.7024V9.537h1.6765v-.1756c0-.606-.119-.9969-.3851-1.2687-.187-.1926-.5041-.3059-.8383-.3059-.3852 0-.674.1246-.9119.3908-.2549.2832-.3625.6287-.3625 1.1498 0 .912.538 1.501 1.3707 1.501.4078 0 .759-.1303 1.0931-.4022l-.2945-.453zm-8.241 2.1964l.9402 3.9704h.9005l.323-1.6142c.1132-.5778.1925-1.1328.1925-1.1328.0057.034.051.5324.1869 1.1441l.3512 1.6029h.8666l.9515-3.9704h-.8326l-.3228 1.4952c-.068.3286-.204 1.1838-.2153 1.3084 0 0-.0963-.674-.1699-1.0421l-.3625-1.7615h-.8666l-.3512 1.5915c-.1189.5438-.1869 1.1045-.2039 1.2575 0 0-.0453-.5608-.2095-1.2971l-.3399-1.552H2.066zm7.0172 3.1661c-.2322.1926-.4758.289-.7363.289-.3908 0-.6117-.255-.6117-.7024v-.0227h1.6765v-.1756c0-.606-.119-.9968-.3851-1.2687-.187-.1926-.5041-.3059-.8383-.3059-.3851 0-.674.1246-.9119.3908-.2549.2832-.3625.6287-.3625 1.1498 0 .912.538 1.501 1.3707 1.501.4078 0 .759-.1303 1.0931-.4021l-.2945-.4532zm.742-1.7841l.3228.5437c.3115-.2095.5947-.3285.8383-.3285.2775 0 .3398.1076.3398.4305v.119c-.0792-.0058-.1132-.0058-.1699-.0058-.9232 0-1.3933.3172-1.3933.9969 0 .5777.3511.9063.9968.9063.238 0 .4418-.0567.5834-.1586.0567-.0397.068-.051.1756-.153.0737.1473.2323.2776.4078.3512l.4022-.4644c-.221-.1643-.2719-.2833-.2719-.5948v-.051l.017-.9742c0-.3115-.0113-.402-.051-.521-.1133-.3229-.4474-.5041-.9345-.5041-.2663 0-.5098.051-.793.1699-.204.0793-.2832.119-.4701.2379zm4.4009-.3512h-.6797c0-.2945.017-.606.0453-.8723l-.7703.1926c-.0283.2152-.0283.4078-.0283.691h-.2889v.4928h.2889v1.5973c0 .2661.0056.3228.051.4474.085.2549.3964.4248.7816.4248.1982 0 .3965-.0396.6174-.1303l-.0964-.453c-.1359.0396-.2038.0566-.2718.0566-.2606 0-.3285-.0963-.3285-.4645v-1.4783h.4871l.1926-.5041zm.2095-1.1101c.034.1189.0566.3908.0566.6626v3.3531h.7703v-2.0787c.17-.1529.4135-.2662.6004-.2662.2152 0 .2945.1077.2945.3965v1.9484h.742v-2.0277c0-.3285-.017-.3738-.0736-.538-.0907-.2436-.3965-.4135-.7533-.4135-.2946 0-.623.1246-.8213.3115 0-.034.0113-.153.0113-.2435v-.5778c0-.2775-.017-.5494-.051-.708l-.776.1813zm5.1654 3.2454c-.2322.1926-.4757.289-.7363.289-.3908 0-.6117-.255-.6117-.7024v-.0227h1.6765v-.1756c0-.606-.1189-.9968-.385-1.2687-.187-.1926-.5042-.3059-.8383-.3059-.3852 0-.674.1246-.912.3908-.2548.2832-.3625.6287-.3625 1.1498 0 .912.5381 1.501 1.3707 1.501.4078 0 .759-.1303 1.0932-.4021l-.2946-.4532zm.7817-2.0163c.0623.1642.1076.4587.1076.8495v1.9371h.759v-2.0503c.1415-.1643.2945-.2436.4644-.2436.085 0 .1472.017.2209.0567l.2096-.6684c-.119-.051-.17-.0623-.2833-.0623-.085 0-.1869.017-.2492.0453-.1415.068-.3228.221-.4304.3682-.0113-.1643-.051-.2945-.119-.4135l-.6796.1813zM4.9489 17.7585c-.2152-.1869-.606-.3115-.9968-.3115-.6344 0-1.2008.3399-1.5067.912-.1812.3398-.2662.7306-.2662 1.2233 0 .5778.1586 1.0536.4758 1.4104.3229.3682.742.5437 1.2857.5437.4475 0 .7817-.1132 1.0932-.3681l-.3625-.4985a3.6136 3.6136 0 0 1-.0793.0624c-.1926.1302-.3795.1925-.5947.1925-.3399 0-.6004-.1529-.759-.4418-.119-.2152-.1642-.5154-.1642-1.0535 0-.4588.068-.7873.2209-1.0138.1416-.2096.402-.3399.6683-.3399.2209 0 .4305.0737.6287.221l.3568-.5382zm.3908-.3058c.034.119.0566.3908.0566.6627v3.353h.7703v-2.0786c.17-.153.4135-.2662.6004-.2662.2152 0 .2945.1076.2945.3964v1.9485h.742v-2.0277c0-.3286-.017-.3739-.0736-.5381-.0906-.2436-.3965-.4135-.7533-.4135-.2946 0-.623.1246-.8213.3115 0-.034.0113-.153.0113-.2435v-.5778c0-.2775-.017-.5494-.051-.708l-.776.1813zm3.0755 1.4613l.3228.5437c.3115-.2095.5947-.3285.8383-.3285.2775 0 .3398.1077.3398.4305v.119c-.0793-.0057-.1133-.0057-.17-.0057-.9231 0-1.3932.3171-1.3932.9968 0 .5778.3511.9063.9968.9063.2379 0 .4418-.0567.5834-.1586.0566-.0397.068-.051.1756-.153.0736.1473.2322.2776.4078.3512l.4021-.4644c-.2209-.1643-.2718-.2832-.2718-.5947v-.051l.017-.9742c0-.3116-.0114-.4022-.051-.5211-.1133-.3229-.4475-.5041-.9346-.5041-.2662 0-.5097.051-.793.17-.2038.0792-.2831.1189-.47.2378zm2.8546-.2266c.068.1926.102.4305.102.6797v2.1014h.7589V19.418c.1756-.1586.3738-.2606.5267-.2606.1983 0 .255.0963.255.4248v1.8862h.7476V19.35c0-.1812-.017-.3058-.0567-.4134-.0906-.2493-.3738-.4192-.6966-.4192-.17 0-.3682.0453-.5211.1246-.1246.068-.1586.0907-.3342.2152 0-.1189-.0397-.2435-.1076-.3624l-.674.1925zm3.0188 0c.068.1926.102.4305.102.6797v2.1014h.759V19.418c.1755-.1586.3737-.2606.5267-.2606.1982 0 .2549.0963.2549.4248v1.8862h.7476V19.35c0-.1812-.017-.3058-.0566-.4134-.0906-.2493-.3739-.4192-.6967-.4192-.17 0-.3681.0453-.521.1246-.1247.068-.1587.0907-.3342.2152 0-.1189-.0397-.2435-.1077-.3624l-.674.1925zm5.0806 2.0108c-.2323.1925-.4758.2888-.7364.2888-.3908 0-.6117-.2548-.6117-.7023v-.0226h1.6766v-.1757c0-.606-.119-.9968-.3852-1.2687-.1869-.1926-.504-.3058-.8382-.3058-.3852 0-.674.1246-.912.3908-.2548.2832-.3625.6287-.3625 1.1497 0 .912.5381 1.501 1.3707 1.501.4078 0 .759-.1302 1.0932-.4021l-.2945-.4531zm1.5859-3.421l-.776.1755c.0283.2605.0397.4927.0397.8722v2.1637c0 .4135.0113.504.068.6513.0905.2436.3511.3965.674.3965.1642 0 .3228-.0283.453-.0792l-.1302-.4532c-.0396.0113-.0566.0113-.085.0113-.0623 0-.1246-.0283-.1529-.0792-.0453-.0793-.051-.1473-.051-.6458v-2.2599c0-.4078-.0113-.5947-.0396-.7533zM8.9703 8.9818h.878v-.034c0-.2152-.0227-.3285-.0907-.4361-.0736-.1133-.1813-.17-.3342-.17-.2888 0-.453.2266-.453.6288v.0113zm-1.2238 5.3625h.878v-.034c0-.2152-.0227-.3285-.0907-.436-.0736-.1134-.1812-.17-.3342-.17-.2888 0-.4531.2266-.4531.6287v.0113zm3.5683.4928h-.034c-.5267 0-.708.0963-.708.4418 0 .2265.1416.3795.3342.3795.1416 0 .2832-.0737.3965-.1983l.0113-.623zm6.9495-.4928h.878v-.034c0-.2152-.0227-.3285-.0907-.436-.0736-.1134-.1812-.17-.3341-.17-.2889 0-.4532.2266-.4532.6287v.0113zm-8.3595 5.8553h-.034c-.5268 0-.708.0963-.708.4418 0 .2266.1416.3795.3342.3795.1416 0 .2832-.0736.3965-.1982l.0113-.623zm8.1277-.4927h.8779v-.034c0-.2153-.0227-.3285-.0906-.4361-.0737-.1133-.1813-.17-.3342-.17-.2889 0-.4531.2266-.4531.6287v.0114z" fill="currentColor" fill-rule="evenodd"></path></svg></a><div><img class="MainMenuHeader--ibmLogo--3mcYE" alt="An IBM Business" width="130" height="23" src="data:image/png;base64,iVBORw0KGgoAAAANSUhEUgAAAeAAAABYCAYAAAAtOiQ5AAAAAXNSR0IArs4c6QAAGwJJREFUeAHtnQe4JUWVxxmRYCAIg2QGGCQsaQhmsqsMiLrAGjHDAgbYXQVkXWVhUQnKyrqKIohLWjEBSlhBFkQkuAxgQIbkMOQhgyBJmPH3f9x+X72a6r7dfUPfe9//fN953XXqnFNV/+qufPstsojJCBgBI2AEjIARMAJGwAgYASNgBIyAETACRsAIGAEjYASMgBEwAkbACBgBI2AEjIARMAJGwAgYASNgBIyAETACRsAIGAEjYASMgBEwAkbACBgBI2AEjIARMAJGwAgYASNgBIyAETACRsAIGAEjYASMgBEwAkbACBgBI2AEjIARMAJGwAgYASNgBIyAETACRsAIGAEjYASMgBEwAkbACBgBI2AEjIARMAJGwAgYASNgBIyAETACRsAIGAEjYASMgBEwAkbACBgBI2AEjIARMAJGwAgYASNgBIyAEJhiGIyAETACRqAaAgsWLFgMi43gV8C3Tpky5Y5qHqxtBIyAETACRsAIVEKAzvcV8K1wRvO5+VIlJ1Y2AkbACBgBI2AEqiFAZ7tv1vMG1ye4f1k1T9ae7Ai8uJcA8EB+Gf9rJdKYw5LNQQn5pBeB2VGAML1DIOaB7yfb+SCtl6Pz3+30SsY/iN4N8B90Jf17S9rlqpXI33yM9yatR3OdVIwgTS0tngS/pMB0H9J8qCC+4yjyoffjNR06ehz7G1s8m6veu+c69GnzRRbZKQGCOt+t4Z8l4iwyAv1FgAZkBfh5OEXPIVy+vzkajtTAZVYKsIqyP5YpLT6Xq+i3ivpdKP9dmXzk6ZTM38F59nXkpPn+EoVcrY7vKjbk4ewS+aiq8jgG+8EvqpIX605EAPxOyQH+DRM1HTICxQj08kV8G0nn+V+UOMWbRheBVSnaWTRUp8HL9bCY/4j/Jbro/8Au+ho0V1rx+Br8SzBbf9AyN0T5OSOR19uRXZmQW2QEchHI6yBzDSpEtJv97FrBl1WHF4E9yPrvafCn9qgIK+H3g93wTR53xM8m3fA14D7eSP5+Q3k3HPB8Dmr2LiBjx8Jz4cfgWfC+LO8v4GoyAqUR6MnPkHixtR+iPcElg5w8wP0KQfgp7qfy0D4ZyCb9LdjpZd6iQyC019d2H5m0NDPt6V5mUI6vk6f9gnDb2wr5uxlnG+Bfe8K1ifT+D+MdSjhYnbTuKqFXW4W8nI3xOyIHdxO+P5LlBXW+Yxq8dJ4C8gsox8yCeEcZASPQQwR6dQhLM4mw89UocQasBiQjHXKR3lmZwNcxBH7L36cjLF5J+FWRLAvO4ebeLNC6hjhHUY0FdXJUnfBNPcjBuvjUisuZdX2TNw16ynS+dZPoht3R4Kcl5NJEuVZE+cPwIfBL4ZB2JH4mPn1wKETF90agTwj0qgNWYxjSZbzk9/Cy6yTmBkGElqHdAQeAgNOeQXDsFtzez82psbwV/io2X8+J60R8NcafL+FAqyja79Vy5l7wUnCK9KwdBcfPRkq3jkynhmt3wNiO5N4vz8Z9lO0onqEfc/0NrNWpkI4hTjNhL5+GqPjeCAwjArzML4YfgkP6lMqC4BuhkHvp9WoQMIzwJfMMRkUncz+ZNCohxG/RKejzS7iYoIK/VeHr4Dz6CxGl6xvdovyl0th2QoZKBnC0FqyT+WWpqVPQ+5csUlKNwh2cU0ANoExGwAj0GYFeHMLSb+G0txjSJa1Ads3ipLdNFvB1uBFgFqWl733hvNmUOt9pPSzlZ2r61gBx0Zq2w2T2zZzMTs+RW2wEjEAPEehFBxwvMT5C/rWvKboUjhtnLUObRgQBOuFfU5TrC4qzTkFclaj4OZLtTszwNq7k5IXfo380YXNPQjbUIurmMQqgw5AxuQOOEXHYCPQBgX50wL/gxR87ncpVL//vo3LFJz2jaAeHEIGiD4F0q7FfBVz+nMBGe8FV6BMox4eTnkC2IZzq5Kv4HkTdVN10q04GsbzOkxEYWARK78eVKQGzj83QWyPSPS8Kn0N4k0C2OnZb0DlfE8hq3eJn8chwPn4X+vQeem9GT1+tWbPF+mmHDqhcJ8ZGB1dM9RG4q8B07YK4KlE6/HUavE9k9B7q91+pwzsi+UJB9F6CMLWHLr8ipTFqlBq0VOqAwU0D97jteA7MxwbaVQDD12LohzgvwM9fqvgIdfGn50uDJ13XgrXloV8V6JcCYq3GXUwaC7ULyEsT6ZRqa4oclvWBXmPtFWkvTRneBGtrcWVYv8hQnanNFF8Nnw+eXW8zSbsvdUn+J1BT6U7IRJ0AGT8MDkn/JUQfShgnwq8OFVr3h48r1LzBz9oJvxeG7oifCV+d0AtF+nzmIbAamYEg8jIUh7AysMjvf8J59IVMr90VB0WHsNYnfuOcRI5t51vx2H4sx34T5NNy4iQeykNYrTJflCjXGWXwynSwPyDhQ3v/lQk/d0e+nqrsBAN86Hn4Pqw2px09gMI3YXXQlQm7tm1NO6dlfKDTWHtF2uvBP4KfhduRML8Y7vT7BWOw4advdRnWUxPpdruTifd/ZzEymhcWknt9aCL+3WrP94EB912kq9n4lnARCZPD4POxmVqk6LhaCNxey2pho2V4trSdcdnCUYvsRd3FBwEnqBGvetbhq5iuwO/vEC4TR4xIOPXOPzysZaMeF4NPIv86d6B3fEqJsui91oBBX2jTIKyMTQm33VMhT420V6S7KHwMJRGeu8Oa7bYj4bc9rMmNBjbx6kg7+7F47Bqpy6bSVaFTL2MpsGIlCrE2snBpWSrnxno0btpX0zJ0SBtiv04o6OY9vrfF36lwlfLuiP7l2NZ6mLqZ/yH09bKCPM8tiKsStWxL+RsJI6X/iYQ8FO1GIPXMZSeFR7UDTv3k6K4QmCG7/wL5/Qi8aI186zk5Dv4f3vMqbUONpMqbNNVeke6S5PJHsAamddo9dcQa2GglokzHjeoEaqoum0q3FsgTEAsCqcNUC3XALf2fct07sNWtZs9fiWTdCh6No2zPRns/t8I3wCvAGjTkNbbrEvcB+LuwqTwC0wtUhX03KKuzM3GmVZYJWx2E96MR+AoDvrwlzQMTmXgQ2Q9b8sx/Qm04ReChTmqtRO4vT8gGXkR53kImU/X4LPLz4FvgufBS8JqwlkhfA8f0HgSq+/3iiIbCTbVXZ1DeVDv+JHLtnWtlSKzwjBZvzlX4hrQbgW/Be4bCovum6rKpdIuwqBVHQS6FQ7orzxFKS8L6B9YhddQI4Ci5L4N8m1Yi+ujHPnDWEY9lj/AUWPsd+g8xKboFYZ3RdV7xK8tJf2j2gMnrEvD9cIouqlJ4HBTtAf9D5gu9f08lhmyPTCe8Ip+Ro6+Gb4xkm6Mj8WqZXq+upJH6d4T7d5IePl+vzEekfxupmU9pQr/xPWDy8FJ4HhzTOQhSg4yx8hGnutfeZkxPItCAuy2hl2xr2hoGCnk+kDfSXpHuR+EUXYhQh6+SRNxU+OcpQ2Q7JI0iIXqN1GVT6UbF7zxIQVQJ8ZeEji/yjP6ZcEg6/LRikU1RHLapl+Je5LNhDQ6075NLxOsLXsfCKUo25LnOuhxBhoapA8772pJw3b4KNOgXdcCfznyhtwr8DBzT+ZlOeEXpy7EiYT2/4w039/smdDLR0HXAZFwDzauyAgRXrfBUImwHoQN+W1CG7PZGbkoNJtDT3q++zCZ6FNYp31KEbqqtmXDgs52jHB+NtFfkZWX4MTgktcefhqeUKIv2jY8MjVv3N3NtO3lBp5G6bCrddnhWjqcgH4FjeluRI5Q/HBsQHp/VFNmm4rBNvRRK4mG4VIOJ3otgPTQx/SyVZr9kZGbgO2DyqJnvoXCqI0S84H+r4oVNUQd8QOgP3ROUSERqYLXNME6EVcea9cV02rgSN0R+PFYIwqWep9Bf1XvS6toMGF/LwycH+c9u1SG3bWDjvGMzCB1w6qR9pcOclGMfWJ3epnEZi8Lop9qabnTAuO5/e0Waem9jOqUIg1QcDq6NnRDeOaUbytBppC6bSjcs+4vDQAf38eln7btd1Maf9mj0u8Hw8INeoBPa2FWNPoB9wNzl8NAZejpOfwQynaoMabMwMEnu9XOxMo2KGvBV4enwhOX9AKeTud87CPfi9iicfgQOR9x6vt8Nfx3OSAfylN+QdDBQ9T7otDl1ov3KMiQcpsFaVtVgeDk4pF8ReH/rUGQoH5b7NRIZvTYhyxVR9uPB84dcH85V6n9EX9sryq/nZK+omH8h/G+RrEzwSJS+Hyl+iHByJSrQa6oum0o3KHqHt1Sg1u+1fxJS3uGrCalhcFloxP3TcLyhP8EmL4BdalQq96vk2aTk6OsofFwe+Vkppd8PGWk3MQNWmTuhZzH+BbxPXYywLT0DVhrofw+O6cowfSJPjBUInxXqtHwN4gw4kfXKIq3waJsgHPjGxS8MYzsIM+BfRSXXykvl2XxhQXMiSSfV1pQZrI57zPGhIvW1vSK9XZRoROGAdTzP7W7wodWlWyJfTxF+eZEt8Y3UZVPphljUfgkDJztyry8KhVSqA8bgp6ER90vAO0WyToL3M7q9p4oD9DX6uzNhMzUhsyiNwNcQLweW28GFZwHS5rWlGoHH9DpetLUl5KrnS79tjOmLsWAEw/Mo0xrUx7rwkfD8IS/jI1H+tfqydCQbtmAT7dW2CZDazVgTJvwA+4Vn6tIoUnvy7VYQm6rLptIdh6gbHXC8/CzndTtg2Vbax5FBAd1QEFcUdUcicpmEzKI0Au9FfCodnmZa28N9mZnQAPyWdLW1EdP7WgLtRy0bRV6I3axINopBreBo9quPJegQWozDsJV5diLDGyRkwyRqor16dQKgOQlZWVFq8tKuA26qLptKdxzLjjpgXmLtse0y7u2Fm9/QoN0VyZJB9G4i4uYocmf8ajTbDdJstg6lOuBaS+N1Eh8BGx180sDsCPhiuJ9fFfsS6cW0R0uQXcP4lH4YP0r3mo1sCR8A38h7lg1MhrGMNyYyfVhCNkyivrZX1L/af/02OqQFBOaGgor3qbZzRhsfTdVlU+mOw9FRB4yXreD4cEfZ2W+WiZ9kN62rlpG2j2T9Dj6ZSLAvs7hEuqMgmkkhruOFf32vC8Og7grS+GWUzvqk/UFk8WDxcvQvjXQHOXg4mZtegf8G3bfD6nCvgUNakcDp4HJUKByi+7g8yvpbKM+34WGf3Vethrrt1RokFO/P3ss78XTVDAT6qRnwekF86rapumwq3XEMOu2ANcuJ6ZxY0CYc7wNLvZvL0G2Sd3QOApq5rlySdXBkc1hLz5fAKdJPd35K49iPpfzUrPZk0tcecEgpvTB+0O4fpHGcU4Fno3sOfAwFeS38Kfi5qFAHUSfvjmQDH6RM2m44MZFR/ZRRS+3fgt8Jr5TQsegFBF6RAOJ+MNNhqlqMv3hfVUkU7s03VZdNpRti3u0O+D6cXx0mUOL+SnQejPTezgPgGWcESp+Dz/CAzivJGjXr3zieAe9APj+fk9epyD+XE9c1MXm4AGfXtnGo/J7fRmdkoinr8/BXKdBxiULpIwqLJ+SDLtLM/u5EJrUFsg/8A1i/870PvhDWmYSNE/qTVZRaKdBy8fMd8KwEmIUdcEu/qbpsKt2xYmsPtxbxIKuipkXGzxLWyDMStw3GSx6aeWnEflVbSysMIgJHkCnNqjZKZG5/no9v0hnMScR1U6Q8ZN91TvlV/GSkwyi0vn4Vzn7WJLwbfAY8NMQzpK83abXsFHj9goy/krg3t/gIbHRGRYOvY/Exm+tkpX6sRgnbtuk0VZdNpZs9cJ3MgFPLz6vjeO8arOXJmFL+Yx2HBxABHmqNoE/KyZpmWuoAek1nksBNOYlI/uOcuJEWUzcPU8ArE4Vs+8WihE3jIsqjFbdN4UPgeCCflz+1N2qndC7hQHjRPMURl8f7v70qbql0mqrLptIV2LVnwNj2uoPUyPZgZdI0lAj8sSDXPf+5CC+Vvmp2JHn4biIfo/A72ESxSotSqw/blrYeMEXqWitvh1Pf3+H6Vngm/Ca43cxrCXSOhnfF9m/x8yT3k4meSBT2T8guS8g7Ec0va9xUXTaVbq0OmId1LQDVqLOXtC7pbAAwk3mJqJf49tr37QUJFC0XFphVjjodCy25rhFYKl+nBeHJeJvqgLXtM9REW3EPBThBTNuhtu01sH5mswn8enhDOEWK09mEz6YiR1j2aKJsfwTHXRLyvoqaqst+p1urA6Ym3pGojcuR3ZKQlxXp5Yh/FK5ZtjvgsggOlt4zBdnR4IpnfUrlwwIFPheKwr/+GcNXiPhaEHk08ueC8GS8fTxRaH2CdVmwSTXKCfXBFrXq+ApyKR4jyrcmN++ED4HjZVF9XvNU7CZTe5Oq6ylgM1DUVF32I926HbA6xpj2JcPXx8KyYR7+bdC9NNLXMvRkPSwTQTFSQS39LQZr6bDXdCIJaHajgzjz4JNgUxoB7d2PLNE+zaVw+grY2Vx/Bq8NZ6Tn8WPw/plgElxTHfCKw1Dupuqy2+lWPoTFwzuVCtoqqqS5nXS+LV8aqT4S+d2S9FaNZA4OBwJFg7u7eV760fnq+7RPAdexLcj+g3DZgzrDgXK9XKZmOQ+ATWpmnEphfkL4soRsIEWUUyt1+vlJTOvFghEP30H54jrX/wZ+ybCUu6m67Fa6lTtgKkb7A/GpwfM6rTAKpGVBjUpDUkORWu4OdXw/mAisXpCtWwviehF1HE5vg7/VC+dD6DM1yyk6NBcXMXV4p6i+Y/swvHgY6Nc97c1ZpPVglN66UXikg2CggVTqa1DhysDAY9BUXXYj3TodcGr5+dwu1VLKj5ahTcOHQNFLXKWx77jkvCiP4USnXOPRfse+h9TB9ES+q9SJ8IxpjVjQLsxMS9sCU9vp9TBeg7KQVgsDk+T+/xPlLHp3E+oTRdTry2FtM/WTmqrLjtKt1AED6ktB9C0Rqn8mfEkkqxvUDPj5yHhb0l02kjk4+Ai8qyCL/Z4Bayl6TkF+JlvUOokCV+mAH0jYp3wm1CaINpsQqhGgbVilhllmsiC7aV1vj8KTIRifu1GZ9VGWTuhQjK+ibiot6TdVl02lK4ArdcDoq/ON9wcuonErOvGqdEoRfvSRgCsiZR2OeGskc3CAEeCB3oPsbVOQxasL4hzVQwSomy1x/8ZEEr9LyPJEKd2N8a2f81Shnaooh7qkpW8V6ze8+q9OG4VxZe5lj15sd0MZ2xHTuYDy3BmV6YPgU+uTndi9Cl/7wTPgawh/mGshqS7gvtdlU+mGYFTtgHu5/Jzly8vQGRJDdOVhXgreAv422T61IOtXMdC6uCDeUT1CQA0Orr8Kx4ewbkZ2dtlkqT/tnd6R0P9cQpYUkZetiVBDXZmwXQqjn8AHwrrXP/nQcnYVei3KWtELadJ1wNSlVhxPDEHgXs/JUZGsbZA6WAYlvfuLt5R1MO+Ylrwlmnhpqi6bSndi6St8CYsML4rxLpEDLeF0fAAr8qkOOK78maS/JA/LyJ9gpZzvo/xxY6JZSx7pH97HJ44fA6vv5hmUlOtfu5XdM1WDrpetDB1SRsk63UWAutRs7wT4dQnPh7Ya4kRUrugUYuIOV//L+5/wdWyuFRHo6EMssr8S3hyOV9UQFdLpxIZt0VqEf43f3Uj7ukJLItFTx3tSQu/6hGwyiI6nkP8MLxsUdidwkvxTYKptxkJCdyoKF8LxtsLB2D9WYNxUXTaVbgEUBVEAvC0c06wCk9pRJDInTohw+MIt5Jv4tRM2eiAqE37+K+Gr9nJZlQyQ7qxE2lVFpfbzcLpcVccd6v+yIhZF+Tugiq+qupTz4wVlXa2qv6r6pH12Iv1zkX22Ah+Grv7n79Xws3CKrkeoGU8lwmZ5+PGUQ2Q/gteMHSJTfeqfISgvT8MrwXfDIelnY4WE8gbwI6FR6/5JrsJHnUGSiNsUvgSOaTaCUgeH0Ou4remGj6yA+Oq4vcKHlp1TdCvC7eDkM4L8lfCh8ANwTFcgiFdbsmyPXYlvpC6bSndC4QnEM6c4Pgz3Y/k5S0+z6k9mgdZ1V67nRjIHhwcBrV5oydBUHwGdhRB3i+bj6CBmKLpWImweohE7DqODEoa7I9ud+Ee5/hZ+Bt4QXhXO6Dv4mIdOFi59xU6d5d9joEObYRummfQX4c8Tr7biJngurE5Ah8Q2gvWd6LgzUfn3xK/yOSmJsp8CZm+n8Kq7kKYTuAR+ivjZXH8Pa0Y7rcUbcE0NXO5E/iH8FlZwU3XZVLpgUo8A/zY4pi3reSu2IpEd44QIj/2j6DxL4jselWa+8dXxiDLzVfVK2qM4A9ZsJz493xYabDwDBoQe0fP4/UDbSihQwF6zn4dr5O8+bNSAazm48gw4yxK2aifkq1MqXDLP0suuJNZxW9MNH0F+utJekafF4e/DndINOFg9y1+ZK/pN1WUj6WaYxCPBTD7hCjibIlhzgvCFz/pdE8m6FfwFjp6InK1AOHV6M1JzcMAQ0D7fFow4a20HDFhZRiU7Omy0HXWiAzO1Cfv7MdYg/NoKTv6E7kxsb69gk1TFxwVEqG2q+2ypjfkMnJrFI55cBJ7PUuL3wkfCuq9DqpOt8aUZcGlqqi6bSjcDplQHjHJq+fk8Ml+4vJAlUvWKXy0FXZSwS+UjoWZRgwjop2RaptLJyjfBW1Gff+Bqag4BdXpaPtTBE71DM6iTy7h2TPiZg5M3wMe3caa24iewGue2B6Xa+BqPxpe+761l5Z3hH8NlOg7lRYOPdbHXP+coY4P66BNYzIf/hZJqafl7sNridqST1D+At8RWg6uH2hmk4rFrpC6bSlcYFG6Qp0CyzAgYASOQQoCVslWQz4A3a121JzsXvg3+OQ1d6vfDRHWPyMNUvKlDngZrGVSsDuLmFt/C9Ubyci9XUxsEwFMnxreHt4ZXhrUSqX5DA6+MrwXPjlc08DeBmqrLptKdUHgHjIARMAJGwAgYASNgBIyAETACRsAIGAEjYASMgBEwAkbACBgBI2AEjIARMAJGwAgYASNgBIyAETACRsAIGAEjYASMgBEwAkbACBgBI2AEjIARMAJGwAgYASNgBIyAETACRsAIGAEjYASMgBEwAkbACBgBI2AEjIARMAJGwAgYASNgBIyAETACRsAIGAEjYASMgBEwAkbACBgBI2AEjIARMAJGwAgYASNgBIyAETACRsAIGAEjYASMgBEwAkbACBgBI2AEjIARMAJGwAgYASNgBIyAETACRsAIGAEjYASMgBEwAkbACBgBI2AEjIARMAJGwAgYASNgBIyAETAC3UDgr20d1JWzO2NHAAAAAElFTkSuQmCC" data-testid="IBMLogo"></div></div><div class="MainMenuHeader--wrapperRight--1doyc"><div data-testid="Search" class="Search--Search--1e_6v" role="search"><div class="SearchCombobox--Combobox--2bl2b"><div class="SearchInput--SearchInput--ce1vD SearchInput--enableSearchIcon--1PPc1" role="combobox" aria-owns="LocationSearch_listbox" aria-expanded="false" aria-haspopup="listbox" aria-label="searchInput"><p id="SearchAccessibleHint" class="Accessibility--visuallyHidden--2uGW3">Type at least three characters to start auto complete. Recently searched locations will be displayed if there is no search query. The first option will be automatically selected. Use up and down arrows to change selection. Use escape to clear.</p><label class="Accessibility--visuallyHidden--2uGW3" for="LocationSearch_input">Search City or Zip Code</label><input type="text" role="textbox" id="LocationSearch_input" data-testid="searchModalInputBox" class="SearchInput--InputField--73wGA Search--inputClass--2Grs8" placeholder="Search City or Zip Code" value="" disabled="" autocomplete="off" autocapitalize="off" aria-describedby="SearchAccessibleHint" aria-autocomplete="list" aria-controls="LocationSearch_listbox" aria-multiline="false"><svg set="ui" name="location" class="SearchInput--searchIcon--1_HVj Icon--icon--3wCKh Icon--lightTheme--3NMAI" theme="light" data-testid="Icon" aria-hidden="true" role="img" viewBox="0 0 20 20"><title>Search</title><path d="M11.493 3.54c-2.284 0-4.142 1.866-4.142 4.16s1.858 4.16 4.142 4.16c2.284 0 4.142-1.866 4.142-4.16s-1.858-4.16-4.142-4.16zM7.026 11.72c-0.954-1.068-1.541-2.475-1.541-4.020 0-3.327 2.695-6.033 6.007-6.033s6.007 2.707 6.007 6.033c0 3.327-2.695 6.033-6.007 6.033-1.103 0-2.133-0.305-3.022-0.828l-4.327 5.099c-0.185 0.217-0.447 0.329-0.71 0.329-0.215 0-0.43-0.073-0.605-0.224-0.392-0.336-0.438-0.927-0.104-1.32l4.303-5.069z"></path></svg></div><div role="alert" class="SearchResults--SearchResults--LUsso SearchResults--roundedCorners--1Qz8- SearchResults--shadow--c3ZQy"><div class="RecentLocationTitle--RecentLocationTitle--3wSzC"><h2 data-testid="recentLocTitle" class="RecentLocationTitle--RecentLocationTitleText--1CK3j">Recent Locations</h2></div><div class="SearchResults--NoResults--3q1Yh">You have no recent locations</div></div></div></div><div data-testid="languageSelectorSection" class="LanguageSelector--LanguageSelector--2-lpw"><button data-testid="ctaButton" class="Button--default--3zkvy" type="button" aria-haspopup="menu" aria-expanded="false" aria-label="Open Localization Menu: US °F"><div class="LanguageSelector--menuButtonInner--1PGXt"><svg set="ui" name="globe" class="LanguageSelector--globeIcon--7F9Pf Icon--icon--3wCKh Icon--lightTheme--3NMAI" theme="light" data-testid="Icon" aria-hidden="true" role="img" viewBox="0 0 24 24"><title>Globe</title><path d="M14.227 8.016h-.141c-.047-.023-.352.305-.352.305s-.234.094-.258.141c0 .047-.07 0-.023.07.023.07.164.023.234-.07.094-.07.258-.117.328-.164.07-.07.094-.047.234-.117.141-.047.234-.07.188-.141-.023-.023-.07-.023-.117-.023h-.117zm-1.243-.375c-.117 0-.258.047-.328.164-.047.117 0 .305-.023.398s-.047.305.07.328c.141.023.141-.188.117-.234s-.023-.281.047-.328c.047-.047.117-.164.258-.164.141-.023.258.094.234.211s.023.234.07.234.211-.094.164-.164.047-.352.047-.258.117.164.188.141-.07-.258-.164-.258c-.094-.023-.281-.023-.328 0-.023 0-.094 0-.164-.023s-.141-.023-.188-.023h-.023zm-.679-.305c-.164.07-.234.047-.234.141 0 .07.141.07.211.047a.708.708 0 01.258-.07c.047-.023.023.07.141.07s.281.047.305.023.164-.164.047-.188c-.094-.023-.234-.117-.328-.188-.023-.023-.023-.023-.047-.023-.094 0-.234.141-.398.188zM6.68 7.242c.07.047.211.047.211.117s.047.234.117.211.07-.164.023-.211-.258-.211-.305-.211-.117-.07-.164-.094h-.023c-.07 0 .07.164.117.211zM2.953 5.555c-.141.094-.211.047-.281.117s-.281.141-.211-.023.07-.188-.047-.141-.141.141-.141.211-.188.164-.188.164.164.023.234 0 .023.141-.047.188-.164.141-.281.117-.117-.117-.188-.141c-.047 0-.094.023-.188.07A11.924 11.924 0 00.045 12c0 6.563 5.344 11.93 11.93 11.906.984 0 1.945-.141 2.859-.375a.174.174 0 01-.117-.211c.047-.141-.07-.141-.141-.211-.07-.094.094-.141.07-.188s-.141-.023-.164-.117.094-.258.117-.281c0-.047-.094-.141-.117-.188 0-.047.047-.117.164-.234.094-.094.164-.234.164-.281s-.07-.164-.07-.281c0-.094.07-.141.094-.305 0-.141-.094-.117-.094-.211 0-.117.141-.07.117-.211-.023-.117.07-.211.117-.281s.07-.211.141-.305c.047-.094-.047-.305-.047-.352s.164-.094.094-.188c-.094-.07.023-.141.117-.211.07-.07-.023-.258.047-.516.047-.234.07-.656.07-.703s0-.211-.047-.305c-.07-.117-.141-.188-.234-.234s-.211-.164-.281-.188c-.07 0-.398-.117-.398-.328 0-.188-.234-.328-.258-.469s-.211-.422-.234-.563c0-.117-.305-.164-.328-.328-.047-.164.141-.258.164-.352s-.094-.305-.117-.375c0-.047.211-.258.281-.305s.141-.211.188-.211.047-.141.094-.305c.047-.141-.023-.352-.07-.375s-.094-.188-.141-.258c-.07-.047-.188-.023-.188-.023s.023.141-.094.188c-.141.047-.164-.023-.188-.047-.047-.047-.188-.047-.258-.117s-.164-.164-.258-.188c-.07-.047-.211-.07-.188-.234 0-.164-.164-.258-.234-.281-.047-.023-.164-.094-.234-.047-.047.023-.094 0-.141-.023s-.094-.047-.141-.047c-.094 0-.281-.164-.352-.234s-.117-.164-.234-.164-.141.047-.211.141c-.094.094-.211-.07-.234-.117-.047-.047-.141-.047-.281-.047-.164 0-.258-.211-.305-.234l-.516-.258c-.094-.047-.188-.258-.141-.305s-.07-.234-.07-.234-.188-.211-.258-.211-.281-.375-.398-.492-.398-.352-.445-.469-.07-.305-.188-.211c-.141.094-.023.188.117.305s.117.211.305.352.117.305.188.352c.07.07.352.234.234.328-.117.117-.234-.141-.305-.141-.047-.023-.164-.047-.164-.117.023-.07-.094-.141-.188-.258s-.141-.047-.258-.047 0-.141.047-.211c.07-.07-.07-.164-.141-.188s-.188-.328-.305-.516-.188-.281-.305-.258-.164-.141-.258-.188c-.07-.047-.211-.305-.328-.445-.141-.141-.258-.398-.234-.539s.047-.516.047-.609-.07-.328-.07-.352c0-.047-.07-.117-.117-.117-.047-.023-.211-.211-.328-.211s-.188-.141-.164-.234c.047-.094-.117-.258-.164-.258-.07 0-.164-.164-.211-.258s-.141-.094-.117-.047 0 .141.047.164c.07.023.117.234.07.281-.047.023-.188-.094-.305-.141-.141-.07-.07-.328-.07-.398s-.188-.141-.281-.141c-.07 0-.164.023-.164-.164 0-.164-.258-.258-.328-.258-.094 0-.516-.164-.656-.164s-.375-.117-.445-.07-.234-.094-.305-.094-.07.047-.234.141zm11.203 6.703c.117-.023.211.188.047.211h-.023c-.117 0-.141-.211-.023-.234zm1.782-.141c.117-.023.211.164.047.211h-.023c-.117 0-.141-.211-.023-.234zm-.774.164c-.07-.047-.117-.094-.234-.094-.07 0-.234-.023-.234-.023s.234-.211.328-.211c.094-.023.211-.047.305-.023.117.023.281.094.281.281-.023.164-.094.023-.141.023-.023 0-.141.07-.234.07h-.047zm-2.062-.773s.328-.094.398-.094.281 0 .398.094.305.211.398.188.258.141.234.188-.234.047-.305-.023c-.07-.047-.305-.164-.375-.234-.047-.07-.352-.047-.492-.047h-.164c-.07 0-.141-.023-.117-.094zm1.007-.375c.117-.023.211.117.047.141h-.023c-.117 0-.141-.117-.023-.141zm-.375-5.86c.117-.047.164.07.094.117h-.047c-.094 0-.164-.07-.047-.117zm-.515-.093c.094-.094.234 0 .188.047 0 .023-.023.023-.07.023-.07 0-.164-.047-.141-.07zm-2.578-1.711c.07-.023.305-.047.352 0 .07.047.117.234.07.258-.047 0-.023.07-.188.164-.164.07-.211-.164-.234-.211 0-.023-.07-.023-.141 0-.047 0-.094.023-.141.023-.094 0-.141-.141-.07-.188.047-.047.141-.023.211-.023h.141zm.656.094c-.023-.07.258-.188.328-.211s.141.047.234.07c.094 0 .07.141 0 .164-.07 0-.258.023-.375.047h-.047c-.094 0-.141-.047-.141-.047zm-.024-.375c.047-.117.281-.07.305.047.023.047-.047.07-.094.07-.094 0-.234-.047-.211-.094zm-.539-.211c.164-.023.234.07.234.117s-.117.188-.234.164h-.07c-.047 0-.047 0-.094-.07-.047-.094-.328-.047-.375-.047s-.094.164-.164.188-.117-.07-.07-.07c.023-.023-.047-.211.023-.258.047-.047.281-.047.469-.023h.281zm-3.468-.071c.047 0 .398-.117.586-.141s.258.07.281.117.445.07.445.07.211.117.234.141c.047.023.141 0 .188-.047s.07-.117.211-.141.141.117.234.141c.07.023.117 0 .188-.047.094-.047.141.047.141.047s-.047.164-.047.234c0 .047-.094.07-.117.117s-.305 0-.422-.023c-.094-.023-.328-.023-.398 0s-.258.023-.328 0-.07-.141-.141-.188c-.047-.047-.188.07-.258.094s-.188-.117-.164-.188c0-.07-.258-.023-.305 0s-.234.023-.352.023-.211 0-.188-.047c.023-.07.117-.07.188-.07s-.047-.117 0-.117zm4.922.399s-.258-.07-.305-.164c-.07-.094-.305-.094-.422-.141s-.281-.117-.375-.164-.047-.188-.047-.164.188.07.305.094c.234.047.211.047.305.07s.281.164.375.211c.07.047.164.117.258.117h1.102c.07 0 .422.07.398.094s-.047.094-.211.094-.469-.023-.68-.047-.398.023-.398.023l-.281-.023zm-3.61-.586c.164-.047.305-.164.422-.164s.047.188.047.234c.023.047-.117.07-.188.047-.047-.047-.234.023-.305.023s-.094-.094 0-.141zm1.195-.117c.023-.117.141-.094.258-.117.117 0 .281 0 .422.047.164.047.141.047.211.117s.094.188.023.188-.117-.023-.258-.047c-.117-.023-.094-.047-.117-.094s-.258 0-.352 0-.188-.047-.188-.117zM3.234 3.961c.188.023.469.023.516.023s.328.094.492.047.258.023.305.047.07.023.141.094.141.023.234-.047c.094-.047.07-.117.07-.117l.094-.023c.07-.023.141.023.352.047.234.023.164-.047.328-.094a.474.474 0 01.258.023c.047.023.094.047.117.023.047-.023.117-.117.164-.07s.117.164.117.164.164-.141.211-.141.211.047.305.047c.094-.023.445-.023.539.047.07.07.281.047.398.117s.211-.047.164-.07-.188-.141-.188-.141-.211-.234-.234-.281-.07-.047-.117.07-.258.117-.492.117-.07-.117-.328-.117c-.258-.023-.164-.117-.07-.117.07 0 .141-.164.164-.258s.117-.07.305-.07h.422c.094.023.141 0 .188-.023s.094-.047.188-.023c.188.023.094.047.188.117.117.07.164.047.328.117.141.07.094.07.164.07.07.023.281-.023.422-.047s.234-.023.305.047.047.164.141.234-.047-.234-.047-.352.188-.023.305-.023.258-.047.281.023c.023.047-.188.141-.07.258s.211.164.305.164.352.023.234.164-.398.141-.492.141-.258.047-.211.141c.047.07.258.047.398.047s.609.047.727 0 .094-.188-.047-.234-.023-.117.117-.094c.07.023.117 0 .164 0s.094-.023.07 0c-.023.047.023.141.023.234 0 .117.047.164.141.141s.117-.047.211-.047c.094-.023.047-.234-.023-.352-.047-.117-.094-.188-.07-.258 0-.07.164-.07.234-.023.07.07.188.211.188.211s.164.094.211.211.07.07.188.023c.117-.07.141-.047.234.023s.023.211.023.234c0 .047.117 0 .141-.07 0-.094.141-.094.188-.117.07-.023.07-.188.07-.188s-.164-.047-.352-.023c-.164.023-.234-.023-.375-.117s-.047-.164-.117-.258.211-.141.398-.234c.164-.07.328-.023.305.164-.023.211-.047.164.141.141.164-.047-.047-.211.07-.234a2.67 2.67 0 01.398-.047c.094.023.516-.047.633-.047s.281.094.398.164c.141.07.469.164.539.211.094.047.633.117.703.141.047.023.047.188.117.328.047.141.188.047.258.047.047 0 .234.094.281.164s.445.117.445.117-.117.117-.141.164c-.047.047-.164.07-.211.117-.094.047-.164-.023-.281-.07-.094-.07-.281-.117-.328-.094s0 .07.023.117c.047.047.211.094.328.188.141.07.094.164.117.258 0 .117-.094-.047-.234-.07s-.141.117-.141.117-.164-.023-.234-.023c-.094 0 0 0-.164-.117-.07-.07-.117-.023-.141 0s-.023.047-.07.023c-.094-.047-.164-.141-.188-.117s-.07-.023-.117-.047-.094-.07-.141-.047h-.211c-.117 0-.234-.023-.281 0-.07.023-.141.023-.211.047-.094.023-.094-.188-.07-.258.047-.07.141-.07.328-.047.164.047.188 0 .234-.07s.07-.141.258-.188 0-.094-.07-.117c-.047-.023-.117-.07-.164 0s-.141.164-.141.164-.094 0-.258-.023-.047-.07.023-.094c.047-.023.141-.188.07-.234s-.094-.07-.211-.047-.047-.094-.117-.141c-.094-.047-.047.023-.047.07s-.117.047-.117.047-.188-.023-.258 0-.188.07-.141.117.164.047.211.164-.164.141-.211.164c-.047 0-.188.07-.188.07s-.164-.047-.305-.047-.164.023-.141.07.094.023.141.023.047.07.141.047c.117-.023.094-.07.211.047s.211.094.398.188-.023.211-.117.211-.094-.07-.141-.164c-.07-.07-.281.023-.281.023s-.188.094-.281.094-.164-.023-.047-.117-.141-.094-.141-.234-.047.141-.047.211c0 .047-.047.047-.117.023h-.211c-.234.023-.188.117-.492.305-.281.188-.352.234-.328.398s.094.117.211.164c.117.023.07.234.188.211.094-.023.164-.07.352.023s.281.117.516.164.375.117.492.07c.141-.023.188 0 .188.117 0 .094.094.117.07.234 0 .117.141-.117.141-.117s.07.211.023.234c-.07.023.023.141.07.141h.07c.047 0 .117.023.164-.023.07-.07-.047-.258-.047-.352 0-.07-.07-.117-.117-.211-.047-.07.094-.094.164-.023.047.07.141.023.234-.047s.094-.188.094-.188-.164-.211-.281-.258-.047-.07.07-.094 0-.07.023-.211c.047-.141.047-.234.117-.234.047 0 .305-.047.492-.023s.305.164.422.164c.141 0 .352.047.398.117s-.164.07-.047.188c.094.117.094.094.188.141s.211.023.328-.141c.094-.164.164-.164.211-.117.047.023.305.328.375.398s.188.211.211.281.188.07.258.07c.047 0 .258.141.281.234 0 .094.047.117.234.141.188.047 0 .188-.023.281-.047.07-.047.117-.117.211-.023.047-.023.047 0 .047s.047-.023.07 0c.07.047.094.094.188.07s.141 0 .188.094c.047.07.117.141.141.211s0 .164-.07.117c-.07-.07-.234-.023-.234-.023s-.094.07-.117.047c-.023-.047-.07-.094-.188-.07a.204.204 0 01-.164 0h-.117c-.094.023-.141-.047-.07-.117.07-.047.07-.258.211-.328s.094-.211 0-.211-.141.117-.188.141c-.07.023-.141.023-.258.094-.094.07-.352.047-.234.07.094.023-.164.141-.211.141-.094 0-.07-.164-.07-.234s-.117.047-.117.047-.211-.117-.281-.047-.188.117-.305.211c-.094.07-.328.211-.328.211s.094-.047.234-.07c.164-.047.141-.023.281-.094s.258-.094.375.023c.094.117-.023.188-.023.188s.047.094.117.117c.047.023.047-.023.141-.07s.047.117.07.164c.047.047.117.047.188 0 .07-.07.094-.117.141-.07s.07.141.117.234-.258.117-.328.141c-.07 0-.305.07-.352.07-.047.023-.164.141-.281.141s-.094-.164-.117-.258c0-.094-.117.023-.141.047-.023.047-.141.023-.234.047-.094 0-.258.094-.258.211s.094.164.07.211-.258.094-.352.07-.234.047-.188.094.047.141-.07.117c-.094 0-.094.094-.07.164.047.07-.117.211-.141.141-.047-.047-.117-.07-.117 0s.023.141.117.258c.07.117-.164.164-.281.258-.094.07-.398.352-.539.398s-.141.234-.07.305c.094.07.141.352.188.445s-.023.352-.141.352c-.117-.023-.07-.164-.188-.211s-.188-.281-.211-.445c-.047-.164-.07-.07-.141-.023-.094.047-.164-.117-.188-.141s-.117 0-.211 0c-.07 0-.164.023-.234.023-.164-.023-.211.07-.211.094 0 .047-.023.164-.188.07-.141-.07-.164-.07-.328-.07-.141 0-.281 0-.305.047s-.164.164-.258.188-.281.164-.188.188c.07.023.07.211.023.328s-.047.305-.023.492.188.305.328.422.211.164.352.047.211-.047.234-.023c.047.023.141-.07.117-.188-.047-.117.047-.234.188-.211.047 0 .117 0 .188-.023.07 0 .141-.023.188-.023.117 0 .141.258 0 .375-.164.117-.07.281-.094.398s-.141.141 0 .141.094.023.188.047.164-.07.281-.094c.094 0 .328.211.281.305a.983.983 0 00-.07.469c.047.164.07.164.117.234.023.047.141.164.258.117s.234-.094.281-.141.305.094.281.141c-.023.023.094.07.164.023.094-.023.117-.094.188-.211a.672.672 0 01.281-.211c.047 0 .211-.164.328-.141.094.023-.047.164-.047.234 0 .094 0 .305.047.328.07 0 .047-.164.117-.281.07-.141.211-.188.281-.188s.117.258.211.211c.094-.07.281-.047.328.023.023.07.07.117.07.117s.07-.047.07-.117c0-.094.211-.141.352-.07s.094.094.164.117c.07 0 .141-.164.164-.188.047-.023 0 .211-.094.328-.117.094.07.07.094.117.023.023.047.023.094 0 .047 0 .117 0 .141.023.047.047.164.094.234.258.094.117.211.094.375.07s.375.07.539.258c.164.164.117.305.234.305s.141.141.141.188-.234.164-.352.188c-.141 0-.141.141.07.117.211-.047.117-.117.258-.141.141-.047.258.047.164.211-.141.164-.375.164-.164.188s.094-.047.211-.188c.117-.164.117-.117.188-.117.094 0 .258.047.328.094s.234.141.352.188c.117.07.258.047.328.023s.328.07.398.188c.07.094.258.117.375.164.094.047.234.188.234.328.023.141-.141.422-.141.492-.023.047-.234.305-.422.469s-.07.352-.07.422c.023.07-.141.375-.094.445s-.047.211-.141.328c-.094.094-.141.258-.188.352-.07.094-.234.07-.398.117-.164.023-.234.07-.234.07s-.305.117-.445.234c-.164.117.047.305-.023.445s-.164.141-.234.305c-.047.117-.094.094-.117.07-.023 0-.047-.023-.07 0-.07.047-.117.141-.117.258-.023.094-.141.211-.328.375-.164.164-.281.141-.469.07-.188-.047-.164-.516-.188-.445s-.023.305.023.352c.023.047.117.211.164.234.07.047.047.117 0 .164-.047.07-.211.305-.258.328s-.469.07-.563.023c-.07-.047-.117.094-.117.188.023.094.094.164-.07.141s-.352-.117-.352-.047.047.211.117.211.164-.047.117.047-.141.164-.211.211c-.047.047-.117.164-.258.258s-.141.141-.117.188.234.023.281.047-.047.211-.094.258-.281.234-.375.281-.094.211-.047.328c4.453-1.406 7.781-5.344 8.273-10.125-.117-.094-.047-.211-.07-.328-.023-.141-.164-.188-.094-.211s.047-.094.234-.281c0-.141.023-.281.023-.422v-.094c-.047-.094-.117-.258-.023-.422a11.765 11.765 0 00-2.766-7.125 5.65 5.65 0 01-.398.047c-.094 0-.234.211-.258.258s-.328 0-.422 0-.188.117-.375.141c-.164.023-.094.141-.07.234 0 .094-.047.141-.141.117-.117-.023-.094.047-.117.117s.023.188-.094.281c-.094.07-.141.117-.258.094-.117 0-.117-.211-.141-.188-.047 0-.234.141-.281.07s-.281-.234-.375-.258c-.094-.047-.164-.188-.188-.258-.047-.07.117-.07.07-.07-.047-.023-.211-.047-.258-.094s-.141-.258-.164-.328c0-.07.141-.164.141-.211 0-.023-.141-.023-.188-.023s-.117-.141-.047-.281.211-.094.211-.094h.117c.07 0 .047.164.023.234s.047.07.094.094.07-.07.07-.117c0-.07-.117-.211-.188-.281-.047-.07-.234-.094-.258-.047s-.164.234-.211.188-.047-.445-.117-.563-.328-.141-.445-.211c-.094-.047-.492-.117-.563-.117-.023 0-.094 0-.141.023a.482.482 0 01-.258 0c-.094-.023-.094-.211-.094-.211s-.07.188-.094.234c-.047.047-.141.07-.188.047s-.164-.234-.281-.258h-.117c-.047 0-.094 0-.164-.047-.141-.117.258-.094.281-.094s.328-.07.352-.141c0-.094.094-.188.234-.141.141.023.211-.094.188-.211s.258-.234.305-.164c.047.047.281 0 .211-.117s.281-.211.609-.234.422.023.492.07.281.047.398-.023A11.889 11.889 0 0011.992.304c-3.469 0-6.586 1.5-8.766 3.867z"></path></svg><span data-testid="languageSelectorStatus" class="LanguageSelector--LanguageSelectorStatus--mXkYQ">US</span><span class="LanguageSelector--unitDisplay--23xY5">°F</span><svg set="ui" name="triangle-down" class="LanguageSelector--arrowIcon--3mk5k Icon--icon--3wCKh Icon--lightTheme--3NMAI" theme="light" style="width:17px" data-testid="Icon" aria-hidden="true" role="img" viewBox="0 0 24 24"><title>Arrow down</title><path d="M23.765 5.167h-23.53l11.75 13.666 11.779-13.666z"></path></svg></div></button><nav class="ExpandableMenu--ExpandableMenu--2HGl7 ExpandableMenu--fullWidth--1M1DN LanguageSelector--LanguageSelectorMenu--274U0" aria-hidden="true" hidden="" tabindex="-1"><div class="ExpandableMenu--inner--39JQs ExpandableMenu--bottomRoundBorder--NTgMw ExpandableMenu--outline--CVSXy ExpandableMenu--fullWidthInner--1_Onm"><div class="ExpandableMenu--innerPadding--1vQiV"><section data-testid="unitSelectorSection" class="UnitSelector--UnitSelector--3kjjU LanguageSelector--unitSelectorContainer--W3U-M"><div class="UnitSelector--TabListWrapper--2P9kq LanguageSelector--unitSelectorWrapper--2c_s6"><div id="UnitSelectorTabs" aria-labelledby="UnitSelectorTabsLabel" data-testid="unitSelectorBar" class="UnitSelector--UnitSelectorButtonList--2CI6c"><button data-testid="ctaButton" class="UnitSelector--UnitSelectorButton--3T5e1 UnitSelector--selected--G1371 Button--default--3zkvy" type="button"><span class="UnitSelector--UnitSelectorButtonTextF--2KVHq">°F</span></button><span class="UnitSelector--divider--18ehy">|</span><button data-testid="ctaButton" class="UnitSelector--UnitSelectorButton--3T5e1 Button--default--3zkvy" type="button"><span class="UnitSelector--UnitSelectorButtonTextC--3bate">°C</span></button></div></div></section><details class="LanguageSelector--LanguageSection--3gFMn Disclosure--themeList--25Q0H"><summary class="Disclosure--Summary--UuybP CountryList--Summary--CQ0mX LanguageSelector--Summary--58hmO" role="button" aria-expanded="false"><div class="Disclosure--SummaryDefault--3xAWB">Americas<svg set="ui" name="caret-down" class="Disclosure--SummaryIcon--1kGJk Icon--icon--3wCKh" data-testid="Icon" aria-hidden="true" role="img" viewBox="0 0 24 24"><title>Arrow Down</title><path d="M12 16.086l7.293-7.293a1 1 0 1 1 1.414 1.414l-8 8a1 1 0 0 1-1.414 0l-8-8a1 1 0 1 1 1.414-1.414L12 16.086z"></path></svg></div></summary><div class="LanguageSelector--Content--YveVL"><div class="CountryList--listContainer--22BSI LanguageSelector--RegionBlock--3xzbe"><a class="ListItem--listItem--2wQRK ListItem--disableBorder--DPmOK CountryList--DisclosureLink--2_CS1 LanguageSelector--RegionLink--2I-tU Button--default--3zkvy" href="/en-AG" target="_self">Antigua and Barbuda | English</a><a class="ListItem--listItem--2wQRK ListItem--disableBorder--DPmOK CountryList--DisclosureLink--2_CS1 LanguageSelector--RegionLink--2I-tU Button--default--3zkvy" href="/es-AR" target="_self">Argentina | Español</a><a class="ListItem--listItem--2wQRK ListItem--disableBorder--DPmOK CountryList--DisclosureLink--2_CS1 LanguageSelector--RegionLink--2I-tU Button--default--3zkvy" href="/en-BS" target="_self">Bahamas | English</a><a class="ListItem--listItem--2wQRK ListItem--disableBorder--DPmOK CountryList--DisclosureLink--2_CS1 LanguageSelector--RegionLink--2I-tU Button--default--3zkvy" href="/en-BB" target="_self">Barbados | English</a><a class="ListItem--listItem--2wQRK ListItem--disableBorder--DPmOK CountryList--DisclosureLink--2_CS1 LanguageSelector--RegionLink--2I-tU Button--default--3zkvy" href="/en-BZ" target="_self">Belize | English</a><a class="ListItem--listItem--2wQRK ListItem--disableBorder--DPmOK CountryList--DisclosureLink--2_CS1 LanguageSelector--RegionLink--2I-tU Button--default--3zkvy" href="/es-BO" target="_self">Bolivia | Español</a><a class="ListItem--listItem--2wQRK ListItem--disableBorder--DPmOK CountryList--DisclosureLink--2_CS1 LanguageSelector--RegionLink--2I-tU Button--default--3zkvy" href="/pt-BR" target="_self">Brazil | Português</a><a class="ListItem--listItem--2wQRK ListItem--disableBorder--DPmOK CountryList--DisclosureLink--2_CS1 LanguageSelector--RegionLink--2I-tU Button--default--3zkvy" href="/en-CA" target="_self">Canada | English</a><a class="ListItem--listItem--2wQRK ListItem--disableBorder--DPmOK CountryList--DisclosureLink--2_CS1 LanguageSelector--RegionLink--2I-tU Button--default--3zkvy" href="/fr-CA" target="_self">Canada | Français</a><a class="ListItem--listItem--2wQRK ListItem--disableBorder--DPmOK CountryList--DisclosureLink--2_CS1 LanguageSelector--RegionLink--2I-tU Button--default--3zkvy" href="/es-CL" target="_self">Chile | Español</a><a class="ListItem--listItem--2wQRK ListItem--disableBorder--DPmOK CountryList--DisclosureLink--2_CS1 LanguageSelector--RegionLink--2I-tU Button--default--3zkvy" href="/es-CO" target="_self">Colombia | Español</a><a class="ListItem--listItem--2wQRK ListItem--disableBorder--DPmOK CountryList--DisclosureLink--2_CS1 LanguageSelector--RegionLink--2I-tU Button--default--3zkvy" href="/es-CR" target="_self">Costa Rica | Español</a><a class="ListItem--listItem--2wQRK ListItem--disableBorder--DPmOK CountryList--DisclosureLink--2_CS1 LanguageSelector--RegionLink--2I-tU Button--default--3zkvy" href="/en-DM" target="_self">Dominica | English</a><a class="ListItem--listItem--2wQRK ListItem--disableBorder--DPmOK CountryList--DisclosureLink--2_CS1 LanguageSelector--RegionLink--2I-tU Button--default--3zkvy" href="/es-DO" target="_self">Dominican Republic | Español</a><a class="ListItem--listItem--2wQRK ListItem--disableBorder--DPmOK CountryList--DisclosureLink--2_CS1 LanguageSelector--RegionLink--2I-tU Button--default--3zkvy" href="/es-EC" target="_self">Ecuador | Español</a><a class="ListItem--listItem--2wQRK ListItem--disableBorder--DPmOK CountryList--DisclosureLink--2_CS1 LanguageSelector--RegionLink--2I-tU Button--default--3zkvy" href="/es-SV" target="_self">El Salvador | Español</a><a class="ListItem--listItem--2wQRK ListItem--disableBorder--DPmOK CountryList--DisclosureLink--2_CS1 LanguageSelector--RegionLink--2I-tU Button--default--3zkvy" href="/en-GD" target="_self">Grenada | English</a><a class="ListItem--listItem--2wQRK ListItem--disableBorder--DPmOK CountryList--DisclosureLink--2_CS1 LanguageSelector--RegionLink--2I-tU Button--default--3zkvy" href="/es-GT" target="_self">Guatemala | Español</a><a class="ListItem--listItem--2wQRK ListItem--disableBorder--DPmOK CountryList--DisclosureLink--2_CS1 LanguageSelector--RegionLink--2I-tU Button--default--3zkvy" href="/en-GY" target="_self">Guyana | English</a><a class="ListItem--listItem--2wQRK ListItem--disableBorder--DPmOK CountryList--DisclosureLink--2_CS1 LanguageSelector--RegionLink--2I-tU Button--default--3zkvy" href="/fr-HT" target="_self">Haiti | Français</a><a class="ListItem--listItem--2wQRK ListItem--disableBorder--DPmOK CountryList--DisclosureLink--2_CS1 LanguageSelector--RegionLink--2I-tU Button--default--3zkvy" href="/es-HN" target="_self">Honduras | Español</a><a class="ListItem--listItem--2wQRK ListItem--disableBorder--DPmOK CountryList--DisclosureLink--2_CS1 LanguageSelector--RegionLink--2I-tU Button--default--3zkvy" href="/en-JM" target="_self">Jamaica | English</a><a class="ListItem--listItem--2wQRK ListItem--disableBorder--DPmOK CountryList--DisclosureLink--2_CS1 LanguageSelector--RegionLink--2I-tU Button--default--3zkvy" href="/es-MX" target="_self">Mexico | Español</a><a class="ListItem--listItem--2wQRK ListItem--disableBorder--DPmOK CountryList--DisclosureLink--2_CS1 LanguageSelector--RegionLink--2I-tU Button--default--3zkvy" href="/es-NI" target="_self">Nicaragua | Español</a><a class="ListItem--listItem--2wQRK ListItem--disableBorder--DPmOK CountryList--DisclosureLink--2_CS1 LanguageSelector--RegionLink--2I-tU Button--default--3zkvy" href="/es-PA" target="_self">Panama | Español</a><a class="ListItem--listItem--2wQRK ListItem--disableBorder--DPmOK CountryList--DisclosureLink--2_CS1 LanguageSelector--RegionLink--2I-tU Button--default--3zkvy" href="/en-PA" target="_self">Panama | English</a><a class="ListItem--listItem--2wQRK ListItem--disableBorder--DPmOK CountryList--DisclosureLink--2_CS1 LanguageSelector--RegionLink--2I-tU Button--default--3zkvy" href="/es-PY" target="_self">Paraguay | Español</a><a class="ListItem--listItem--2wQRK ListItem--disableBorder--DPmOK CountryList--DisclosureLink--2_CS1 LanguageSelector--RegionLink--2I-tU Button--default--3zkvy" href="/es-PE" target="_self">Peru | Español</a><a class="ListItem--listItem--2wQRK ListItem--disableBorder--DPmOK CountryList--DisclosureLink--2_CS1 LanguageSelector--RegionLink--2I-tU Button--default--3zkvy" href="/en-KN" target="_self">St. Kitts and Nevis | English</a><a class="ListItem--listItem--2wQRK ListItem--disableBorder--DPmOK CountryList--DisclosureLink--2_CS1 LanguageSelector--RegionLink--2I-tU Button--default--3zkvy" href="/en-LC" target="_self">St. Lucia | English</a><a class="ListItem--listItem--2wQRK ListItem--disableBorder--DPmOK CountryList--DisclosureLink--2_CS1 LanguageSelector--RegionLink--2I-tU Button--default--3zkvy" href="/en-VC" target="_self">St. Vincent and the Grenadines | English</a><a class="ListItem--listItem--2wQRK ListItem--disableBorder--DPmOK CountryList--DisclosureLink--2_CS1 LanguageSelector--RegionLink--2I-tU Button--default--3zkvy" href="/nl-SR" target="_self">Suriname | Nederlands</a><a class="ListItem--listItem--2wQRK ListItem--disableBorder--DPmOK CountryList--DisclosureLink--2_CS1 LanguageSelector--RegionLink--2I-tU Button--default--3zkvy" href="/en-TT" target="_self">Trinidad and Tobago | English</a><a class="ListItem--listItem--2wQRK ListItem--disableBorder--DPmOK CountryList--DisclosureLink--2_CS1 LanguageSelector--RegionLink--2I-tU Button--default--3zkvy" href="/es-UY" target="_self">Uruguay | Español</a><a class="ListItem--listItem--2wQRK ListItem--disableBorder--DPmOK CountryList--DisclosureLink--2_CS1 LanguageSelector--RegionLink--2I-tU Button--default--3zkvy" href="/" target="_self">United States | English</a><a class="ListItem--listItem--2wQRK ListItem--disableBorder--DPmOK CountryList--DisclosureLink--2_CS1 LanguageSelector--RegionLink--2I-tU Button--default--3zkvy" href="/es-US" target="_self">United States | Español</a><a class="ListItem--listItem--2wQRK ListItem--disableBorder--DPmOK CountryList--DisclosureLink--2_CS1 LanguageSelector--RegionLink--2I-tU Button--default--3zkvy" href="/es-VE" target="_self">Venezuela | Español</a></div></div></details><details class="LanguageSelector--LanguageSection--3gFMn Disclosure--themeList--25Q0H"><summary class="Disclosure--Summary--UuybP CountryList--Summary--CQ0mX LanguageSelector--Summary--58hmO" role="button" aria-expanded="false"><div class="Disclosure--SummaryDefault--3xAWB">Africa<svg set="ui" name="caret-down" class="Disclosure--SummaryIcon--1kGJk Icon--icon--3wCKh" data-testid="Icon" aria-hidden="true" role="img" viewBox="0 0 24 24"><title>Arrow Down</title><path d="M12 16.086l7.293-7.293a1 1 0 1 1 1.414 1.414l-8 8a1 1 0 0 1-1.414 0l-8-8a1 1 0 1 1 1.414-1.414L12 16.086z"></path></svg></div></summary><div class="LanguageSelector--Content--YveVL"><div class="CountryList--listContainer--22BSI LanguageSelector--RegionBlock--3xzbe"><a class="ListItem--listItem--2wQRK ListItem--disableBorder--DPmOK CountryList--DisclosureLink--2_CS1 LanguageSelector--RegionLink--2I-tU Button--default--3zkvy" href="/ar-DZ" target="_self">Algeria | العربية</a><a class="ListItem--listItem--2wQRK ListItem--disableBorder--DPmOK CountryList--DisclosureLink--2_CS1 LanguageSelector--RegionLink--2I-tU Button--default--3zkvy" href="/fr-DZ" target="_self">Algeria | Français</a><a class="ListItem--listItem--2wQRK ListItem--disableBorder--DPmOK CountryList--DisclosureLink--2_CS1 LanguageSelector--RegionLink--2I-tU Button--default--3zkvy" href="/pt-AO" target="_self">Angola | Português</a><a class="ListItem--listItem--2wQRK ListItem--disableBorder--DPmOK CountryList--DisclosureLink--2_CS1 LanguageSelector--RegionLink--2I-tU Button--default--3zkvy" href="/fr-BJ" target="_self">Benin | Français</a><a class="ListItem--listItem--2wQRK ListItem--disableBorder--DPmOK CountryList--DisclosureLink--2_CS1 LanguageSelector--RegionLink--2I-tU Button--default--3zkvy" href="/fr-BF" target="_self">Burkina Faso | Français</a><a class="ListItem--listItem--2wQRK ListItem--disableBorder--DPmOK CountryList--DisclosureLink--2_CS1 LanguageSelector--RegionLink--2I-tU Button--default--3zkvy" href="/fr-BI" target="_self">Burundi | Français</a><a class="ListItem--listItem--2wQRK ListItem--disableBorder--DPmOK CountryList--DisclosureLink--2_CS1 LanguageSelector--RegionLink--2I-tU Button--default--3zkvy" href="/fr-CM" target="_self">Cameroon | Français</a><a class="ListItem--listItem--2wQRK ListItem--disableBorder--DPmOK CountryList--DisclosureLink--2_CS1 LanguageSelector--RegionLink--2I-tU Button--default--3zkvy" href="/en-CM" target="_self">Cameroon | English</a><a class="ListItem--listItem--2wQRK ListItem--disableBorder--DPmOK CountryList--DisclosureLink--2_CS1 LanguageSelector--RegionLink--2I-tU Button--default--3zkvy" href="/pt-CV" target="_self">Cape Verde | Português</a><a class="ListItem--listItem--2wQRK ListItem--disableBorder--DPmOK CountryList--DisclosureLink--2_CS1 LanguageSelector--RegionLink--2I-tU Button--default--3zkvy" href="/fr-CF" target="_self">Central African Republic | Français</a><a class="ListItem--listItem--2wQRK ListItem--disableBorder--DPmOK CountryList--DisclosureLink--2_CS1 LanguageSelector--RegionLink--2I-tU Button--default--3zkvy" href="/fr-TD" target="_self">Chad | Français</a><a class="ListItem--listItem--2wQRK ListItem--disableBorder--DPmOK CountryList--DisclosureLink--2_CS1 LanguageSelector--RegionLink--2I-tU Button--default--3zkvy" href="/ar-TD" target="_self">Chad | العربية</a><a class="ListItem--listItem--2wQRK ListItem--disableBorder--DPmOK CountryList--DisclosureLink--2_CS1 LanguageSelector--RegionLink--2I-tU Button--default--3zkvy" href="/fr-KM" target="_self">Comoros | Français</a><a class="ListItem--listItem--2wQRK ListItem--disableBorder--DPmOK CountryList--DisclosureLink--2_CS1 LanguageSelector--RegionLink--2I-tU Button--default--3zkvy" href="/ar-KM" target="_self">Comoros | العربية</a><a class="ListItem--listItem--2wQRK ListItem--disableBorder--DPmOK CountryList--DisclosureLink--2_CS1 LanguageSelector--RegionLink--2I-tU Button--default--3zkvy" href="/fr-CD" target="_self">Democratic Republic of the Congo | Français</a><a class="ListItem--listItem--2wQRK ListItem--disableBorder--DPmOK CountryList--DisclosureLink--2_CS1 LanguageSelector--RegionLink--2I-tU Button--default--3zkvy" href="/fr-CG" target="_self">Republic of Congo | Français</a><a class="ListItem--listItem--2wQRK ListItem--disableBorder--DPmOK CountryList--DisclosureLink--2_CS1 LanguageSelector--RegionLink--2I-tU Button--default--3zkvy" href="/fr-CI" target="_self">Côte d'Ivoire | Français</a><a class="ListItem--listItem--2wQRK ListItem--disableBorder--DPmOK CountryList--DisclosureLink--2_CS1 LanguageSelector--RegionLink--2I-tU Button--default--3zkvy" href="/fr-DJ" target="_self">Djibouti | Français</a><a class="ListItem--listItem--2wQRK ListItem--disableBorder--DPmOK CountryList--DisclosureLink--2_CS1 LanguageSelector--RegionLink--2I-tU Button--default--3zkvy" href="/ar-DJ" target="_self">Djibouti | العربية</a><a class="ListItem--listItem--2wQRK ListItem--disableBorder--DPmOK CountryList--DisclosureLink--2_CS1 LanguageSelector--RegionLink--2I-tU Button--default--3zkvy" href="/ar-EG" target="_self">Egypt | العربية</a><a class="ListItem--listItem--2wQRK ListItem--disableBorder--DPmOK CountryList--DisclosureLink--2_CS1 LanguageSelector--RegionLink--2I-tU Button--default--3zkvy" href="/es-GQ" target="_self">Equatorial Guinea | Español</a><a class="ListItem--listItem--2wQRK ListItem--disableBorder--DPmOK CountryList--DisclosureLink--2_CS1 LanguageSelector--RegionLink--2I-tU Button--default--3zkvy" href="/ar-ER" target="_self">Eritrea | العربية</a><a class="ListItem--listItem--2wQRK ListItem--disableBorder--DPmOK CountryList--DisclosureLink--2_CS1 LanguageSelector--RegionLink--2I-tU Button--default--3zkvy" href="/fr-GA" target="_self">Gabon | Français</a><a class="ListItem--listItem--2wQRK ListItem--disableBorder--DPmOK CountryList--DisclosureLink--2_CS1 LanguageSelector--RegionLink--2I-tU Button--default--3zkvy" href="/en-GM" target="_self">Gambia | English</a><a class="ListItem--listItem--2wQRK ListItem--disableBorder--DPmOK CountryList--DisclosureLink--2_CS1 LanguageSelector--RegionLink--2I-tU Button--default--3zkvy" href="/en-GH" target="_self">Ghana | English</a><a class="ListItem--listItem--2wQRK ListItem--disableBorder--DPmOK CountryList--DisclosureLink--2_CS1 LanguageSelector--RegionLink--2I-tU Button--default--3zkvy" href="/fr-GN" target="_self">Guinea | Français</a><a class="ListItem--listItem--2wQRK ListItem--disableBorder--DPmOK CountryList--DisclosureLink--2_CS1 LanguageSelector--RegionLink--2I-tU Button--default--3zkvy" href="/pt-GW" target="_self">Guinea-Bissau | Português</a><a class="ListItem--listItem--2wQRK ListItem--disableBorder--DPmOK CountryList--DisclosureLink--2_CS1 LanguageSelector--RegionLink--2I-tU Button--default--3zkvy" href="/en-KE" target="_self">Kenya | English</a><a class="ListItem--listItem--2wQRK ListItem--disableBorder--DPmOK CountryList--DisclosureLink--2_CS1 LanguageSelector--RegionLink--2I-tU Button--default--3zkvy" href="/en-LS" target="_self">Lesotho | English</a><a class="ListItem--listItem--2wQRK ListItem--disableBorder--DPmOK CountryList--DisclosureLink--2_CS1 LanguageSelector--RegionLink--2I-tU Button--default--3zkvy" href="/en-LR" target="_self">Liberia | English</a><a class="ListItem--listItem--2wQRK ListItem--disableBorder--DPmOK CountryList--DisclosureLink--2_CS1 LanguageSelector--RegionLink--2I-tU Button--default--3zkvy" href="/ar-LY" target="_self">Libya | العربية</a><a class="ListItem--listItem--2wQRK ListItem--disableBorder--DPmOK CountryList--DisclosureLink--2_CS1 LanguageSelector--RegionLink--2I-tU Button--default--3zkvy" href="/fr-MG" target="_self">Madagascar | Français</a><a class="ListItem--listItem--2wQRK ListItem--disableBorder--DPmOK CountryList--DisclosureLink--2_CS1 LanguageSelector--RegionLink--2I-tU Button--default--3zkvy" href="/fr-ML" target="_self">Mali | Français</a><a class="ListItem--listItem--2wQRK ListItem--disableBorder--DPmOK CountryList--DisclosureLink--2_CS1 LanguageSelector--RegionLink--2I-tU Button--default--3zkvy" href="/ar-MR" target="_self">Mauritania | العربية</a><a class="ListItem--listItem--2wQRK ListItem--disableBorder--DPmOK CountryList--DisclosureLink--2_CS1 LanguageSelector--RegionLink--2I-tU Button--default--3zkvy" href="/en-MU" target="_self">Mauritius | English</a><a class="ListItem--listItem--2wQRK ListItem--disableBorder--DPmOK CountryList--DisclosureLink--2_CS1 LanguageSelector--RegionLink--2I-tU Button--default--3zkvy" href="/fr-MU" target="_self">Mauritius | Français</a><a class="ListItem--listItem--2wQRK ListItem--disableBorder--DPmOK CountryList--DisclosureLink--2_CS1 LanguageSelector--RegionLink--2I-tU Button--default--3zkvy" href="/ar-MA" target="_self">Morocco | العربية</a><a class="ListItem--listItem--2wQRK ListItem--disableBorder--DPmOK CountryList--DisclosureLink--2_CS1 LanguageSelector--RegionLink--2I-tU Button--default--3zkvy" href="/fr-MA" target="_self">Morocco | Français</a><a class="ListItem--listItem--2wQRK ListItem--disableBorder--DPmOK CountryList--DisclosureLink--2_CS1 LanguageSelector--RegionLink--2I-tU Button--default--3zkvy" href="/pt-MZ" target="_self">Mozambique | Português</a><a class="ListItem--listItem--2wQRK ListItem--disableBorder--DPmOK CountryList--DisclosureLink--2_CS1 LanguageSelector--RegionLink--2I-tU Button--default--3zkvy" href="/en-NA" target="_self">Namibia | English</a><a class="ListItem--listItem--2wQRK ListItem--disableBorder--DPmOK CountryList--DisclosureLink--2_CS1 LanguageSelector--RegionLink--2I-tU Button--default--3zkvy" href="/fr-NE" target="_self">Niger | Français</a><a class="ListItem--listItem--2wQRK ListItem--disableBorder--DPmOK CountryList--DisclosureLink--2_CS1 LanguageSelector--RegionLink--2I-tU Button--default--3zkvy" href="/en-NG" target="_self">Nigeria | English</a><a class="ListItem--listItem--2wQRK ListItem--disableBorder--DPmOK CountryList--DisclosureLink--2_CS1 LanguageSelector--RegionLink--2I-tU Button--default--3zkvy" href="/fr-RW" target="_self">Rwanda | Français</a><a class="ListItem--listItem--2wQRK ListItem--disableBorder--DPmOK CountryList--DisclosureLink--2_CS1 LanguageSelector--RegionLink--2I-tU Button--default--3zkvy" href="/en-RW" target="_self">Rwanda | English</a><a class="ListItem--listItem--2wQRK ListItem--disableBorder--DPmOK CountryList--DisclosureLink--2_CS1 LanguageSelector--RegionLink--2I-tU Button--default--3zkvy" href="/pt-ST" target="_self">Sao Tome and Principe | Português</a><a class="ListItem--listItem--2wQRK ListItem--disableBorder--DPmOK CountryList--DisclosureLink--2_CS1 LanguageSelector--RegionLink--2I-tU Button--default--3zkvy" href="/fr-SN" target="_self">Senegal | Français</a><a class="ListItem--listItem--2wQRK ListItem--disableBorder--DPmOK CountryList--DisclosureLink--2_CS1 LanguageSelector--RegionLink--2I-tU Button--default--3zkvy" href="/en-SL" target="_self">Sierra Leone | English</a><a class="ListItem--listItem--2wQRK ListItem--disableBorder--DPmOK CountryList--DisclosureLink--2_CS1 LanguageSelector--RegionLink--2I-tU Button--default--3zkvy" href="/ar-SO" target="_self">Somalia | العربية</a><a class="ListItem--listItem--2wQRK ListItem--disableBorder--DPmOK CountryList--DisclosureLink--2_CS1 LanguageSelector--RegionLink--2I-tU Button--default--3zkvy" href="/en-ZA" target="_self">South Africa | English</a><a class="ListItem--listItem--2wQRK ListItem--disableBorder--DPmOK CountryList--DisclosureLink--2_CS1 LanguageSelector--RegionLink--2I-tU Button--default--3zkvy" href="/en-SS" target="_self">South Sudan | English</a><a class="ListItem--listItem--2wQRK ListItem--disableBorder--DPmOK CountryList--DisclosureLink--2_CS1 LanguageSelector--RegionLink--2I-tU Button--default--3zkvy" href="/ar-SD" target="_self">Sudan | العربية</a><a class="ListItem--listItem--2wQRK ListItem--disableBorder--DPmOK CountryList--DisclosureLink--2_CS1 LanguageSelector--RegionLink--2I-tU Button--default--3zkvy" href="/en-SZ" target="_self">Swaziland | English</a><a class="ListItem--listItem--2wQRK ListItem--disableBorder--DPmOK CountryList--DisclosureLink--2_CS1 LanguageSelector--RegionLink--2I-tU Button--default--3zkvy" href="/en-TZ" target="_self">Tanzania | English</a><a class="ListItem--listItem--2wQRK ListItem--disableBorder--DPmOK CountryList--DisclosureLink--2_CS1 LanguageSelector--RegionLink--2I-tU Button--default--3zkvy" href="/fr-TG" target="_self">Togo | Français</a><a class="ListItem--listItem--2wQRK ListItem--disableBorder--DPmOK CountryList--DisclosureLink--2_CS1 LanguageSelector--RegionLink--2I-tU Button--default--3zkvy" href="/ar-TN" target="_self">Tunisia | العربية</a><a class="ListItem--listItem--2wQRK ListItem--disableBorder--DPmOK CountryList--DisclosureLink--2_CS1 LanguageSelector--RegionLink--2I-tU Button--default--3zkvy" href="/en-UG" target="_self">Uganda | English</a></div></div></details><details class="LanguageSelector--LanguageSection--3gFMn Disclosure--themeList--25Q0H"><summary class="Disclosure--Summary--UuybP CountryList--Summary--CQ0mX LanguageSelector--Summary--58hmO" role="button" aria-expanded="false"><div class="Disclosure--SummaryDefault--3xAWB">Asia Pacific<svg set="ui" name="caret-down" class="Disclosure--SummaryIcon--1kGJk Icon--icon--3wCKh" data-testid="Icon" aria-hidden="true" role="img" viewBox="0 0 24 24"><title>Arrow Down</title><path d="M12 16.086l7.293-7.293a1 1 0 1 1 1.414 1.414l-8 8a1 1 0 0 1-1.414 0l-8-8a1 1 0 1 1 1.414-1.414L12 16.086z"></path></svg></div></summary><div class="LanguageSelector--Content--YveVL"><div class="CountryList--listContainer--22BSI LanguageSelector--RegionBlock--3xzbe"><a class="ListItem--listItem--2wQRK ListItem--disableBorder--DPmOK CountryList--DisclosureLink--2_CS1 LanguageSelector--RegionLink--2I-tU Button--default--3zkvy" href="/en-AU" target="_self">Australia | English</a><a class="ListItem--listItem--2wQRK ListItem--disableBorder--DPmOK CountryList--DisclosureLink--2_CS1 LanguageSelector--RegionLink--2I-tU Button--default--3zkvy" href="/bn-BD" target="_self">Bangladesh | বাংলা</a><a class="ListItem--listItem--2wQRK ListItem--disableBorder--DPmOK CountryList--DisclosureLink--2_CS1 LanguageSelector--RegionLink--2I-tU Button--default--3zkvy" href="/ms-BN" target="_self">Brunei | Bahasa Melayu</a><a class="ListItem--listItem--2wQRK ListItem--disableBorder--DPmOK CountryList--DisclosureLink--2_CS1 LanguageSelector--RegionLink--2I-tU Button--default--3zkvy" href="/zh-CN" target="_self">China | 中文</a><a class="ListItem--listItem--2wQRK ListItem--disableBorder--DPmOK CountryList--DisclosureLink--2_CS1 LanguageSelector--RegionLink--2I-tU Button--default--3zkvy" href="/zh-HK" target="_self">Hong Kong SAR | 中文</a><a class="ListItem--listItem--2wQRK ListItem--disableBorder--DPmOK CountryList--DisclosureLink--2_CS1 LanguageSelector--RegionLink--2I-tU Button--default--3zkvy" href="/pt-TP" target="_self">East Timor | Português</a><a class="ListItem--listItem--2wQRK ListItem--disableBorder--DPmOK CountryList--DisclosureLink--2_CS1 LanguageSelector--RegionLink--2I-tU Button--default--3zkvy" href="/en-FJ" target="_self">Fiji | English</a><a class="ListItem--listItem--2wQRK ListItem--disableBorder--DPmOK CountryList--DisclosureLink--2_CS1 LanguageSelector--RegionLink--2I-tU Button--default--3zkvy" href="/en-IN" target="_self">India (English) | English</a><a class="ListItem--listItem--2wQRK ListItem--disableBorder--DPmOK CountryList--DisclosureLink--2_CS1 LanguageSelector--RegionLink--2I-tU Button--default--3zkvy" href="/hi-IN" target="_self">India (Hindi) | हिन्दी</a><a class="ListItem--listItem--2wQRK ListItem--disableBorder--DPmOK CountryList--DisclosureLink--2_CS1 LanguageSelector--RegionLink--2I-tU Button--default--3zkvy" href="/id-ID" target="_self">Indonesia | Bahasa Indonesia</a><a class="ListItem--listItem--2wQRK ListItem--disableBorder--DPmOK CountryList--DisclosureLink--2_CS1 LanguageSelector--RegionLink--2I-tU Button--default--3zkvy" href="/ja-JP" target="_self">Japan | 日本語</a><a class="ListItem--listItem--2wQRK ListItem--disableBorder--DPmOK CountryList--DisclosureLink--2_CS1 LanguageSelector--RegionLink--2I-tU Button--default--3zkvy" href="/en-KI" target="_self">Kiribati | English</a><a class="ListItem--listItem--2wQRK ListItem--disableBorder--DPmOK CountryList--DisclosureLink--2_CS1 LanguageSelector--RegionLink--2I-tU Button--default--3zkvy" href="/ko-KR" target="_self">South Korea | 한국어</a><a class="ListItem--listItem--2wQRK ListItem--disableBorder--DPmOK CountryList--DisclosureLink--2_CS1 LanguageSelector--RegionLink--2I-tU Button--default--3zkvy" href="/ru-KG" target="_self">Kyrgyzstan | Русский</a><a class="ListItem--listItem--2wQRK ListItem--disableBorder--DPmOK CountryList--DisclosureLink--2_CS1 LanguageSelector--RegionLink--2I-tU Button--default--3zkvy" href="/ms-MY" target="_self">Malaysia | Bahasa Melayu</a><a class="ListItem--listItem--2wQRK ListItem--disableBorder--DPmOK CountryList--DisclosureLink--2_CS1 LanguageSelector--RegionLink--2I-tU Button--default--3zkvy" href="/en-MH" target="_self">Marshall Islands | English</a><a class="ListItem--listItem--2wQRK ListItem--disableBorder--DPmOK CountryList--DisclosureLink--2_CS1 LanguageSelector--RegionLink--2I-tU Button--default--3zkvy" href="/en-FM" target="_self">Micronesia | English</a><a class="ListItem--listItem--2wQRK ListItem--disableBorder--DPmOK CountryList--DisclosureLink--2_CS1 LanguageSelector--RegionLink--2I-tU Button--default--3zkvy" href="/en-NZ" target="_self">New Zealand | English</a><a class="ListItem--listItem--2wQRK ListItem--disableBorder--DPmOK CountryList--DisclosureLink--2_CS1 LanguageSelector--RegionLink--2I-tU Button--default--3zkvy" href="/en-PW" target="_self">Palau | English</a><a class="ListItem--listItem--2wQRK ListItem--disableBorder--DPmOK CountryList--DisclosureLink--2_CS1 LanguageSelector--RegionLink--2I-tU Button--default--3zkvy" href="/en-PH" target="_self">Philippines | English</a><a class="ListItem--listItem--2wQRK ListItem--disableBorder--DPmOK CountryList--DisclosureLink--2_CS1 LanguageSelector--RegionLink--2I-tU Button--default--3zkvy" href="/tl-PH" target="_self">Philippines | Tagalog</a><a class="ListItem--listItem--2wQRK ListItem--disableBorder--DPmOK CountryList--DisclosureLink--2_CS1 LanguageSelector--RegionLink--2I-tU Button--default--3zkvy" href="/en-AS" target="_self">Samoa | English</a><a class="ListItem--listItem--2wQRK ListItem--disableBorder--DPmOK CountryList--DisclosureLink--2_CS1 LanguageSelector--RegionLink--2I-tU Button--default--3zkvy" href="/en-SG" target="_self">Singapore | English</a><a class="ListItem--listItem--2wQRK ListItem--disableBorder--DPmOK CountryList--DisclosureLink--2_CS1 LanguageSelector--RegionLink--2I-tU Button--default--3zkvy" href="/zh-SG" target="_self">Singapore | 中文</a><a class="ListItem--listItem--2wQRK ListItem--disableBorder--DPmOK CountryList--DisclosureLink--2_CS1 LanguageSelector--RegionLink--2I-tU Button--default--3zkvy" href="/en-SB" target="_self">Solomon Islands | English</a><a class="ListItem--listItem--2wQRK ListItem--disableBorder--DPmOK CountryList--DisclosureLink--2_CS1 LanguageSelector--RegionLink--2I-tU Button--default--3zkvy" href="/zh-TW" target="_self">Taiwan | 中文</a><a class="ListItem--listItem--2wQRK ListItem--disableBorder--DPmOK CountryList--DisclosureLink--2_CS1 LanguageSelector--RegionLink--2I-tU Button--default--3zkvy" href="/th-TH" target="_self">Thailand | ไทย</a><a class="ListItem--listItem--2wQRK ListItem--disableBorder--DPmOK CountryList--DisclosureLink--2_CS1 LanguageSelector--RegionLink--2I-tU Button--default--3zkvy" href="/en-TO" target="_self">Tonga | English</a><a class="ListItem--listItem--2wQRK ListItem--disableBorder--DPmOK CountryList--DisclosureLink--2_CS1 LanguageSelector--RegionLink--2I-tU Button--default--3zkvy" href="/en-TV" target="_self">Tuvalu | English</a><a class="ListItem--listItem--2wQRK ListItem--disableBorder--DPmOK CountryList--DisclosureLink--2_CS1 LanguageSelector--RegionLink--2I-tU Button--default--3zkvy" href="/en-VU" target="_self">Vanuatu | English</a><a class="ListItem--listItem--2wQRK ListItem--disableBorder--DPmOK CountryList--DisclosureLink--2_CS1 LanguageSelector--RegionLink--2I-tU Button--default--3zkvy" href="/fr-VU" target="_self">Vanuatu | Français</a><a class="ListItem--listItem--2wQRK ListItem--disableBorder--DPmOK CountryList--DisclosureLink--2_CS1 LanguageSelector--RegionLink--2I-tU Button--default--3zkvy" href="/vi-VN" target="_self">Vietnam | Tiếng Việt</a></div></div></details><details class="LanguageSelector--LanguageSection--3gFMn Disclosure--themeList--25Q0H"><summary class="Disclosure--Summary--UuybP CountryList--Summary--CQ0mX LanguageSelector--Summary--58hmO" role="button" aria-expanded="false"><div class="Disclosure--SummaryDefault--3xAWB">Europe<svg set="ui" name="caret-down" class="Disclosure--SummaryIcon--1kGJk Icon--icon--3wCKh" data-testid="Icon" aria-hidden="true" role="img" viewBox="0 0 24 24"><title>Arrow Down</title><path d="M12 16.086l7.293-7.293a1 1 0 1 1 1.414 1.414l-8 8a1 1 0 0 1-1.414 0l-8-8a1 1 0 1 1 1.414-1.414L12 16.086z"></path></svg></div></summary><div class="LanguageSelector--Content--YveVL"><div class="CountryList--listContainer--22BSI LanguageSelector--RegionBlock--3xzbe"><a class="ListItem--listItem--2wQRK ListItem--disableBorder--DPmOK CountryList--DisclosureLink--2_CS1 LanguageSelector--RegionLink--2I-tU Button--default--3zkvy" href="/ca-AD" target="_self">Andorra | Català</a><a class="ListItem--listItem--2wQRK ListItem--disableBorder--DPmOK CountryList--DisclosureLink--2_CS1 LanguageSelector--RegionLink--2I-tU Button--default--3zkvy" href="/fr-AD" target="_self">Andorra | Français</a><a class="ListItem--listItem--2wQRK ListItem--disableBorder--DPmOK CountryList--DisclosureLink--2_CS1 LanguageSelector--RegionLink--2I-tU Button--default--3zkvy" href="/de-AT" target="_self">Austria | Deutsch</a><a class="ListItem--listItem--2wQRK ListItem--disableBorder--DPmOK CountryList--DisclosureLink--2_CS1 LanguageSelector--RegionLink--2I-tU Button--default--3zkvy" href="/ru-BY" target="_self">Belarus | Русский</a><a class="ListItem--listItem--2wQRK ListItem--disableBorder--DPmOK CountryList--DisclosureLink--2_CS1 LanguageSelector--RegionLink--2I-tU Button--default--3zkvy" href="/nl-BE" target="_self">Belgium | Dutch</a><a class="ListItem--listItem--2wQRK ListItem--disableBorder--DPmOK CountryList--DisclosureLink--2_CS1 LanguageSelector--RegionLink--2I-tU Button--default--3zkvy" href="/fr-BE" target="_self">Belgium | Français</a><a class="ListItem--listItem--2wQRK ListItem--disableBorder--DPmOK CountryList--DisclosureLink--2_CS1 LanguageSelector--RegionLink--2I-tU Button--default--3zkvy" href="/hr-BA" target="_self">Bosnia and Herzegovina | Hrvatski</a><a class="ListItem--listItem--2wQRK ListItem--disableBorder--DPmOK CountryList--DisclosureLink--2_CS1 LanguageSelector--RegionLink--2I-tU Button--default--3zkvy" href="/hr-HR" target="_self">Croatia | Hrvatski</a><a class="ListItem--listItem--2wQRK ListItem--disableBorder--DPmOK CountryList--DisclosureLink--2_CS1 LanguageSelector--RegionLink--2I-tU Button--default--3zkvy" href="/el-CY" target="_self">Cyprus | Ελληνικά</a><a class="ListItem--listItem--2wQRK ListItem--disableBorder--DPmOK CountryList--DisclosureLink--2_CS1 LanguageSelector--RegionLink--2I-tU Button--default--3zkvy" href="/cs-CZ" target="_self">Czech Republic | Čeština</a><a class="ListItem--listItem--2wQRK ListItem--disableBorder--DPmOK CountryList--DisclosureLink--2_CS1 LanguageSelector--RegionLink--2I-tU Button--default--3zkvy" href="/da-DK" target="_self">Denmark | Dansk</a><a class="ListItem--listItem--2wQRK ListItem--disableBorder--DPmOK CountryList--DisclosureLink--2_CS1 LanguageSelector--RegionLink--2I-tU Button--default--3zkvy" href="/ru-EE" target="_self">Estonia | Русский</a><a class="ListItem--listItem--2wQRK ListItem--disableBorder--DPmOK CountryList--DisclosureLink--2_CS1 LanguageSelector--RegionLink--2I-tU Button--default--3zkvy" href="/et-EE" target="_self">Estonia | Eesti</a><a class="ListItem--listItem--2wQRK ListItem--disableBorder--DPmOK CountryList--DisclosureLink--2_CS1 LanguageSelector--RegionLink--2I-tU Button--default--3zkvy" href="/fi-FI" target="_self">Finland | Suomi</a><a class="ListItem--listItem--2wQRK ListItem--disableBorder--DPmOK CountryList--DisclosureLink--2_CS1 LanguageSelector--RegionLink--2I-tU Button--default--3zkvy" href="/fr-FR" target="_self">France | Français</a><a class="ListItem--listItem--2wQRK ListItem--disableBorder--DPmOK CountryList--DisclosureLink--2_CS1 LanguageSelector--RegionLink--2I-tU Button--default--3zkvy" href="/de-DE" target="_self">Germany | Deutsch</a><a class="ListItem--listItem--2wQRK ListItem--disableBorder--DPmOK CountryList--DisclosureLink--2_CS1 LanguageSelector--RegionLink--2I-tU Button--default--3zkvy" href="/el-GR" target="_self">Greece | Ελληνικά</a><a class="ListItem--listItem--2wQRK ListItem--disableBorder--DPmOK CountryList--DisclosureLink--2_CS1 LanguageSelector--RegionLink--2I-tU Button--default--3zkvy" href="/hu-HU" target="_self">Hungary | Magyar</a><a class="ListItem--listItem--2wQRK ListItem--disableBorder--DPmOK CountryList--DisclosureLink--2_CS1 LanguageSelector--RegionLink--2I-tU Button--default--3zkvy" href="/en-IE" target="_self">Ireland | English</a><a class="ListItem--listItem--2wQRK ListItem--disableBorder--DPmOK CountryList--DisclosureLink--2_CS1 LanguageSelector--RegionLink--2I-tU Button--default--3zkvy" href="/it-IT" target="_self">Italy | Italiano</a><a class="ListItem--listItem--2wQRK ListItem--disableBorder--DPmOK CountryList--DisclosureLink--2_CS1 LanguageSelector--RegionLink--2I-tU Button--default--3zkvy" href="/de-LI" target="_self">Liechtenstein | Deutsch</a><a class="ListItem--listItem--2wQRK ListItem--disableBorder--DPmOK CountryList--DisclosureLink--2_CS1 LanguageSelector--RegionLink--2I-tU Button--default--3zkvy" href="/fr-LU" target="_self">Luxembourg | Français</a><a class="ListItem--listItem--2wQRK ListItem--disableBorder--DPmOK CountryList--DisclosureLink--2_CS1 LanguageSelector--RegionLink--2I-tU Button--default--3zkvy" href="/en-MT" target="_self">Malta | English</a><a class="ListItem--listItem--2wQRK ListItem--disableBorder--DPmOK CountryList--DisclosureLink--2_CS1 LanguageSelector--RegionLink--2I-tU Button--default--3zkvy" href="/fr-MC" target="_self">Monaco | Français</a><a class="ListItem--listItem--2wQRK ListItem--disableBorder--DPmOK CountryList--DisclosureLink--2_CS1 LanguageSelector--RegionLink--2I-tU Button--default--3zkvy" href="/nl-NL" target="_self">Netherlands | Nederlands</a><a class="ListItem--listItem--2wQRK ListItem--disableBorder--DPmOK CountryList--DisclosureLink--2_CS1 LanguageSelector--RegionLink--2I-tU Button--default--3zkvy" href="/no-NO" target="_self">Norway | Norsk</a><a class="ListItem--listItem--2wQRK ListItem--disableBorder--DPmOK CountryList--DisclosureLink--2_CS1 LanguageSelector--RegionLink--2I-tU Button--default--3zkvy" href="/pl-PL" target="_self">Poland | Polski</a><a class="ListItem--listItem--2wQRK ListItem--disableBorder--DPmOK CountryList--DisclosureLink--2_CS1 LanguageSelector--RegionLink--2I-tU Button--default--3zkvy" href="/pt-PT" target="_self">Portugal | Português</a><a class="ListItem--listItem--2wQRK ListItem--disableBorder--DPmOK CountryList--DisclosureLink--2_CS1 LanguageSelector--RegionLink--2I-tU Button--default--3zkvy" href="/ro-RO" target="_self">Romania | Română</a><a class="ListItem--listItem--2wQRK ListItem--disableBorder--DPmOK CountryList--DisclosureLink--2_CS1 LanguageSelector--RegionLink--2I-tU Button--default--3zkvy" href="/ru-RU" target="_self">Russia | Русский</a><a class="ListItem--listItem--2wQRK ListItem--disableBorder--DPmOK CountryList--DisclosureLink--2_CS1 LanguageSelector--RegionLink--2I-tU Button--default--3zkvy" href="/it-SM" target="_self">San Marino | Italiano</a><a class="ListItem--listItem--2wQRK ListItem--disableBorder--DPmOK CountryList--DisclosureLink--2_CS1 LanguageSelector--RegionLink--2I-tU Button--default--3zkvy" href="/sk-SK" target="_self">Slovakia | Slovenčina</a><a class="ListItem--listItem--2wQRK ListItem--disableBorder--DPmOK CountryList--DisclosureLink--2_CS1 LanguageSelector--RegionLink--2I-tU Button--default--3zkvy" href="/es-ES" target="_self">Spain | Español</a><a class="ListItem--listItem--2wQRK ListItem--disableBorder--DPmOK CountryList--DisclosureLink--2_CS1 LanguageSelector--RegionLink--2I-tU Button--default--3zkvy" href="/ca-ES" target="_self">Spain | Català</a><a class="ListItem--listItem--2wQRK ListItem--disableBorder--DPmOK CountryList--DisclosureLink--2_CS1 LanguageSelector--RegionLink--2I-tU Button--default--3zkvy" href="/sv-SE" target="_self">Sweden | Svenska</a><a class="ListItem--listItem--2wQRK ListItem--disableBorder--DPmOK CountryList--DisclosureLink--2_CS1 LanguageSelector--RegionLink--2I-tU Button--default--3zkvy" href="/de-CH" target="_self">Switzerland | Deutsch</a><a class="ListItem--listItem--2wQRK ListItem--disableBorder--DPmOK CountryList--DisclosureLink--2_CS1 LanguageSelector--RegionLink--2I-tU Button--default--3zkvy" href="/tr-TR" target="_self">Turkey | Turkçe</a><a class="ListItem--listItem--2wQRK ListItem--disableBorder--DPmOK CountryList--DisclosureLink--2_CS1 LanguageSelector--RegionLink--2I-tU Button--default--3zkvy" href="/uk-UA" target="_self">Ukraine | Українська</a><a class="ListItem--listItem--2wQRK ListItem--disableBorder--DPmOK CountryList--DisclosureLink--2_CS1 LanguageSelector--RegionLink--2I-tU Button--default--3zkvy" href="/en-GB" target="_self">United Kingdom | English</a><a class="ListItem--listItem--2wQRK ListItem--disableBorder--DPmOK CountryList--DisclosureLink--2_CS1 LanguageSelector--RegionLink--2I-tU Button--default--3zkvy" href="/it-VA" target="_self">State of Vatican City (Holy See) | Italiano</a></div></div></details><details class="LanguageSelector--LanguageSection--3gFMn Disclosure--themeList--25Q0H"><summary class="Disclosure--Summary--UuybP CountryList--Summary--CQ0mX LanguageSelector--Summary--58hmO" role="button" aria-expanded="false"><div class="Disclosure--SummaryDefault--3xAWB">Middle East<svg set="ui" name="caret-down" class="Disclosure--SummaryIcon--1kGJk Icon--icon--3wCKh" data-testid="Icon" aria-hidden="true" role="img" viewBox="0 0 24 24"><title>Arrow Down</title><path d="M12 16.086l7.293-7.293a1 1 0 1 1 1.414 1.414l-8 8a1 1 0 0 1-1.414 0l-8-8a1 1 0 1 1 1.414-1.414L12 16.086z"></path></svg></div></summary><div class="LanguageSelector--Content--YveVL"><div class="CountryList--listContainer--22BSI LanguageSelector--RegionBlock--3xzbe"><a class="ListItem--listItem--2wQRK ListItem--disableBorder--DPmOK CountryList--DisclosureLink--2_CS1 LanguageSelector--RegionLink--2I-tU Button--default--3zkvy" href="/ar-BH" target="_self">Bahrain | العربية</a><a class="ListItem--listItem--2wQRK ListItem--disableBorder--DPmOK CountryList--DisclosureLink--2_CS1 LanguageSelector--RegionLink--2I-tU Button--default--3zkvy" href="/fa-IR" target="_self">Iran |  فارسى</a><a class="ListItem--listItem--2wQRK ListItem--disableBorder--DPmOK CountryList--DisclosureLink--2_CS1 LanguageSelector--RegionLink--2I-tU Button--default--3zkvy" href="/ar-IQ" target="_self">Iraq | العربية</a><a class="ListItem--listItem--2wQRK ListItem--disableBorder--DPmOK CountryList--DisclosureLink--2_CS1 LanguageSelector--RegionLink--2I-tU Button--default--3zkvy" href="/he-IL" target="_self">Israel | עִבְרִית</a><a class="ListItem--listItem--2wQRK ListItem--disableBorder--DPmOK CountryList--DisclosureLink--2_CS1 LanguageSelector--RegionLink--2I-tU Button--default--3zkvy" href="/ar-JO" target="_self">Jordan | العربية</a><a class="ListItem--listItem--2wQRK ListItem--disableBorder--DPmOK CountryList--DisclosureLink--2_CS1 LanguageSelector--RegionLink--2I-tU Button--default--3zkvy" href="/ar-KW" target="_self">Kuwait | العربية</a><a class="ListItem--listItem--2wQRK ListItem--disableBorder--DPmOK CountryList--DisclosureLink--2_CS1 LanguageSelector--RegionLink--2I-tU Button--default--3zkvy" href="/ar-LB" target="_self">Lebanon | العربية</a><a class="ListItem--listItem--2wQRK ListItem--disableBorder--DPmOK CountryList--DisclosureLink--2_CS1 LanguageSelector--RegionLink--2I-tU Button--default--3zkvy" href="/ar-OM" target="_self">Oman | العربية</a><a class="ListItem--listItem--2wQRK ListItem--disableBorder--DPmOK CountryList--DisclosureLink--2_CS1 LanguageSelector--RegionLink--2I-tU Button--default--3zkvy" href="/ur-PK" target="_self">Pakistan |  اردو</a><a class="ListItem--listItem--2wQRK ListItem--disableBorder--DPmOK CountryList--DisclosureLink--2_CS1 LanguageSelector--RegionLink--2I-tU Button--default--3zkvy" href="/en-PK" target="_self">Pakistan | English</a><a class="ListItem--listItem--2wQRK ListItem--disableBorder--DPmOK CountryList--DisclosureLink--2_CS1 LanguageSelector--RegionLink--2I-tU Button--default--3zkvy" href="/ar-QA" target="_self">Qatar | العربية</a><a class="ListItem--listItem--2wQRK ListItem--disableBorder--DPmOK CountryList--DisclosureLink--2_CS1 LanguageSelector--RegionLink--2I-tU Button--default--3zkvy" href="/ar-SA" target="_self">Saudi Arabia | العربية</a><a class="ListItem--listItem--2wQRK ListItem--disableBorder--DPmOK CountryList--DisclosureLink--2_CS1 LanguageSelector--RegionLink--2I-tU Button--default--3zkvy" href="/ar-SY" target="_self">Syria | العربية</a><a class="ListItem--listItem--2wQRK ListItem--disableBorder--DPmOK CountryList--DisclosureLink--2_CS1 LanguageSelector--RegionLink--2I-tU Button--default--3zkvy" href="/ar-AE" target="_self">United Arab Emirates | العربية</a></div></div></details></div></div></nav></div><div class=""><div class="MainMenu--menuInner--zXZM2"><button data-testid="hamburgerMenu" class="MainMenu--menuButton--2eJBA Button--default--3zkvy" type="button" id="MainMenuTrigger" aria-haspopup="menu" aria-expanded="false" aria-label="Menu"><span aria-hidden="true" class="MainMenu--icon--KnYY0"></span></button><nav class="ExpandableMenu--ExpandableMenu--2HGl7 ExpandableMenu--fullWidth--1M1DN MainMenu--rootMenu--3XK92" aria-hidden="true" hidden="" tabindex="-1"><div class="ExpandableMenu--inner--39JQs ExpandableMenu--bottomRoundBorder--NTgMw ExpandableMenu--outline--CVSXy ExpandableMenu--fullWidthInner--1_Onm MainMenu--menuInner--zXZM2"><div class=""><section aria-label="Site Navigation Links" data-testid="MainMenu" class="SiteNavigationLinks--menu--AwUVS"><div class="SiteNavigationLinks--Navigation--3Fz1b"><nav aria-label="Weather" class="SiteNavigationLinks--navigationList--VYZkB" data-testid="weather"><span class="SiteNavigationLinks--title--_kIVC">Weather</span><div class="SiteNavigationLinks--navigationListItems--7Iux3"><button data-testid="todayForecast" class="ListItem--listItem--2wQRK ListItem--disableBorder--DPmOK SiteNavigationLinks--navigationItem--2fxdn Button--default--3zkvy" type="button">Today's Forecast</button><button data-testid="hourlyForecast" class="ListItem--listItem--2wQRK ListItem--disableBorder--DPmOK SiteNavigationLinks--navigationItem--2fxdn Button--default--3zkvy" type="button">Hourly Forecast</button><button data-testid="tenDayForecast" class="ListItem--listItem--2wQRK ListItem--disableBorder--DPmOK SiteNavigationLinks--navigationItem--2fxdn Button--default--3zkvy" type="button">10 Day Forecast</button><button data-testid="weekendForecast" class="ListItem--listItem--2wQRK ListItem--disableBorder--DPmOK SiteNavigationLinks--navigationItem--2fxdn Button--default--3zkvy" type="button">Weekend Forecast</button><button data-testid="monthlyForecast" class="ListItem--listItem--2wQRK ListItem--disableBorder--DPmOK SiteNavigationLinks--navigationItem--2fxdn Button--default--3zkvy" type="button">Monthly Forecast</button><button data-testid="nationalForecast" class="ListItem--listItem--2wQRK ListItem--disableBorder--DPmOK SiteNavigationLinks--navigationItem--2fxdn Button--default--3zkvy" type="button">National Forecast</button><button data-testid="nationalNews" class="ListItem--listItem--2wQRK ListItem--disableBorder--DPmOK SiteNavigationLinks--navigationItem--2fxdn Button--default--3zkvy" type="button">National News</button><button data-testid="Almanac" class="ListItem--listItem--2wQRK ListItem--disableBorder--DPmOK SiteNavigationLinks--navigationItem--2fxdn Button--default--3zkvy" type="button">Almanac</button></div></nav><nav aria-label="radar" class="SiteNavigationLinks--navigationList--VYZkB" data-testid="radar"><span class="SiteNavigationLinks--title--_kIVC">radar</span><div class="SiteNavigationLinks--navigationListItems--7Iux3"><button data-testid="WeatherinMotion®" class="ListItem--listItem--2wQRK ListItem--disableBorder--DPmOK SiteNavigationLinks--navigationItem--2fxdn Button--default--3zkvy" type="button">Weather in Motion®</button><button data-testid="radarMaps" class="ListItem--listItem--2wQRK ListItem--disableBorder--DPmOK SiteNavigationLinks--navigationItem--2fxdn Button--default--3zkvy" type="button">Radar Maps</button><button data-testid="classicWeatherMaps" class="ListItem--listItem--2wQRK ListItem--disableBorder--DPmOK SiteNavigationLinks--navigationItem--2fxdn Button--default--3zkvy" type="button">Classic Weather Maps</button><button data-testid="regionalSatellite" class="ListItem--listItem--2wQRK ListItem--disableBorder--DPmOK SiteNavigationLinks--navigationItem--2fxdn Button--default--3zkvy" type="button">Regional Satellite</button></div></nav><nav aria-label="Severe" class="SiteNavigationLinks--navigationList--VYZkB" data-testid="severe"><span class="SiteNavigationLinks--title--_kIVC">Severe</span><div class="SiteNavigationLinks--navigationListItems--7Iux3"><button data-testid="severeAlerts" class="ListItem--listItem--2wQRK ListItem--disableBorder--DPmOK SiteNavigationLinks--navigationItem--2fxdn Button--default--3zkvy" type="button">Severe Alerts</button><button data-testid="safetyPreparedness" class="ListItem--listItem--2wQRK ListItem--disableBorder--DPmOK SiteNavigationLinks--navigationItem--2fxdn Button--default--3zkvy" type="button">Safety &amp; Preparedness</button><button data-testid="hurricaneCentral" class="ListItem--listItem--2wQRK ListItem--disableBorder--DPmOK SiteNavigationLinks--navigationItem--2fxdn Button--default--3zkvy" type="button">Hurricane Central</button></div></nav><nav aria-label="Account" class="SiteNavigationLinks--navigationList--VYZkB" data-testid="Account"><div class="SiteNavigationLinks--title--_kIVC">Account</div><a class="SiteNavigationLinks--loginButton--WD-EN Button--primary--1UQTP" href="/subscribe?tpcc=mktg-home-hamburger-subscribe" target="_self">Subscribe</a><div class="SiteNavigationLinks--accountItem--3NFzo"><span class="SiteNavigationLinks--alreadyMemberText--21ThA">Already a subscriber? </span><button data-testid="ctaButton" class="SiteNavigationLinks--loginLink--3Zm5G Button--default--3zkvy" type="button">Log In</button></div></nav><nav aria-label="Video &amp; Photos" class="SiteNavigationLinks--navigationList--VYZkB" data-testid="videoPhotos"><span class="SiteNavigationLinks--title--_kIVC">Video &amp; Photos</span><div class="SiteNavigationLinks--navigationListItems--7Iux3"><button data-testid="topStories" class="ListItem--listItem--2wQRK ListItem--disableBorder--DPmOK SiteNavigationLinks--navigationItem--2fxdn Button--default--3zkvy" type="button">Top Stories</button><button data-testid="video" class="ListItem--listItem--2wQRK ListItem--disableBorder--DPmOK SiteNavigationLinks--navigationItem--2fxdn Button--default--3zkvy" type="button">Video</button><button data-testid="photos" class="ListItem--listItem--2wQRK ListItem--disableBorder--DPmOK SiteNavigationLinks--navigationItem--2fxdn Button--default--3zkvy" type="button">Photos</button><button data-testid="climateNews" class="ListItem--listItem--2wQRK ListItem--disableBorder--DPmOK SiteNavigationLinks--navigationItem--2fxdn Button--default--3zkvy" type="button">Climate News<svg set="ui" name="external-link" class="SiteNavigationLinks--navLinkIcon--3ffNT Icon--icon--3wCKh" data-testid="Icon" aria-hidden="true" role="img" width="16" viewBox="0 0 24 24"><title>External Link</title><path d="M19.395 3.83l-6.82 0.145c-0.423 0.009-0.759-0.327-0.75-0.75s0.359-0.774 0.783-0.783l8.67-0.184c0.423-0.009 0.759 0.327 0.75 0.75l-0.184 8.67c-0.009 0.423-0.359 0.774-0.783 0.783s-0.759-0.327-0.75-0.75l0.145-6.82-8.625 8.625c-0.306 0.306-0.791 0.316-1.084 0.023s-0.283-0.778 0.023-1.084l8.625-8.625z"></path><path d="M2.614 7.334c5.406 0 8.395 0 8.966 0 0.857 0 0.857 1.348 0 1.348-0.571 0-3.113 0-7.626 0v11.378h11.657c0-3.251 0-5.184 0-5.798 0-0.921 1.337-0.921 1.337 0 0 0.614 0 2.995 0 7.143h-14.334v-14.071z"></path></svg></button><button data-testid="awardWinningInvestigations" class="ListItem--listItem--2wQRK ListItem--disableBorder--DPmOK SiteNavigationLinks--navigationItem--2fxdn Button--default--3zkvy" type="button">Award-Winning Investigations<svg set="ui" name="external-link" class="SiteNavigationLinks--navLinkIcon--3ffNT Icon--icon--3wCKh" data-testid="Icon" aria-hidden="true" role="img" width="16" viewBox="0 0 24 24"><title>External Link</title><path d="M19.395 3.83l-6.82 0.145c-0.423 0.009-0.759-0.327-0.75-0.75s0.359-0.774 0.783-0.783l8.67-0.184c0.423-0.009 0.759 0.327 0.75 0.75l-0.184 8.67c-0.009 0.423-0.359 0.774-0.783 0.783s-0.759-0.327-0.75-0.75l0.145-6.82-8.625 8.625c-0.306 0.306-0.791 0.316-1.084 0.023s-0.283-0.778 0.023-1.084l8.625-8.625z"></path><path d="M2.614 7.334c5.406 0 8.395 0 8.966 0 0.857 0 0.857 1.348 0 1.348-0.571 0-3.113 0-7.626 0v11.378h11.657c0-3.251 0-5.184 0-5.798 0-0.921 1.337-0.921 1.337 0 0 0.614 0 2.995 0 7.143h-14.334v-14.071z"></path></svg></button></div></nav><nav aria-label="Health &amp; Activities" class="SiteNavigationLinks--navigationList--VYZkB" data-testid="healthActivities"><span class="SiteNavigationLinks--title--_kIVC">Health &amp; Activities</span><div class="SiteNavigationLinks--navigationListItems--7Iux3"><button data-testid="allergyTracker" class="ListItem--listItem--2wQRK ListItem--disableBorder--DPmOK SiteNavigationLinks--navigationItem--2fxdn Button--default--3zkvy" type="button">Allergy Tracker</button><button data-testid="coldFlu" class="ListItem--listItem--2wQRK ListItem--disableBorder--DPmOK SiteNavigationLinks--navigationItem--2fxdn Button--default--3zkvy" type="button">Cold &amp; Flu</button><button data-testid="COVID-19" class="ListItem--listItem--2wQRK ListItem--disableBorder--DPmOK SiteNavigationLinks--navigationItem--2fxdn Button--default--3zkvy" type="button">COVID-19</button><button data-testid="waterScarcity" class="ListItem--listItem--2wQRK ListItem--disableBorder--DPmOK SiteNavigationLinks--navigationItem--2fxdn Button--default--3zkvy" type="button">Water Scarcity<svg set="ui" name="external-link" class="SiteNavigationLinks--navLinkIcon--3ffNT Icon--icon--3wCKh" data-testid="Icon" aria-hidden="true" role="img" width="16" viewBox="0 0 24 24"><title>External Link</title><path d="M19.395 3.83l-6.82 0.145c-0.423 0.009-0.759-0.327-0.75-0.75s0.359-0.774 0.783-0.783l8.67-0.184c0.423-0.009 0.759 0.327 0.75 0.75l-0.184 8.67c-0.009 0.423-0.359 0.774-0.783 0.783s-0.759-0.327-0.75-0.75l0.145-6.82-8.625 8.625c-0.306 0.306-0.791 0.316-1.084 0.023s-0.283-0.778 0.023-1.084l8.625-8.625z"></path><path d="M2.614 7.334c5.406 0 8.395 0 8.966 0 0.857 0 0.857 1.348 0 1.348-0.571 0-3.113 0-7.626 0v11.378h11.657c0-3.251 0-5.184 0-5.798 0-0.921 1.337-0.921 1.337 0 0 0.614 0 2.995 0 7.143h-14.334v-14.071z"></path></svg></button><button data-testid="airQualityForecast" class="ListItem--listItem--2wQRK ListItem--disableBorder--DPmOK SiteNavigationLinks--navigationItem--2fxdn Button--default--3zkvy" type="button">Air Quality Forecast</button></div></nav><nav aria-label="TV &amp; Weather" class="SiteNavigationLinks--navigationList--VYZkB" data-testid="TV&amp;Weather"><span class="SiteNavigationLinks--title--_kIVC">TV &amp; Weather</span><div class="SiteNavigationLinks--navigationListItems--7Iux3"><button data-testid="AlexaSkill" class="ListItem--listItem--2wQRK ListItem--disableBorder--DPmOK SiteNavigationLinks--navigationItem--2fxdn Button--default--3zkvy" type="button">Alexa Skill<svg set="ui" name="external-link" class="SiteNavigationLinks--navLinkIcon--3ffNT Icon--icon--3wCKh" data-testid="Icon" aria-hidden="true" role="img" width="16" viewBox="0 0 24 24"><title>External Link</title><path d="M19.395 3.83l-6.82 0.145c-0.423 0.009-0.759-0.327-0.75-0.75s0.359-0.774 0.783-0.783l8.67-0.184c0.423-0.009 0.759 0.327 0.75 0.75l-0.184 8.67c-0.009 0.423-0.359 0.774-0.783 0.783s-0.759-0.327-0.75-0.75l0.145-6.82-8.625 8.625c-0.306 0.306-0.791 0.316-1.084 0.023s-0.283-0.778 0.023-1.084l8.625-8.625z"></path><path d="M2.614 7.334c5.406 0 8.395 0 8.966 0 0.857 0 0.857 1.348 0 1.348-0.571 0-3.113 0-7.626 0v11.378h11.657c0-3.251 0-5.184 0-5.798 0-0.921 1.337-0.921 1.337 0 0 0.614 0 2.995 0 7.143h-14.334v-14.071z"></path></svg></button><button data-testid="watchLive" class="ListItem--listItem--2wQRK ListItem--disableBorder--DPmOK SiteNavigationLinks--navigationItem--2fxdn Button--default--3zkvy" type="button">Watch Live<svg set="ui" name="external-link" class="SiteNavigationLinks--navLinkIcon--3ffNT Icon--icon--3wCKh" data-testid="Icon" aria-hidden="true" role="img" width="16" viewBox="0 0 24 24"><title>External Link</title><path d="M19.395 3.83l-6.82 0.145c-0.423 0.009-0.759-0.327-0.75-0.75s0.359-0.774 0.783-0.783l8.67-0.184c0.423-0.009 0.759 0.327 0.75 0.75l-0.184 8.67c-0.009 0.423-0.359 0.774-0.783 0.783s-0.759-0.327-0.75-0.75l0.145-6.82-8.625 8.625c-0.306 0.306-0.791 0.316-1.084 0.023s-0.283-0.778 0.023-1.084l8.625-8.625z"></path><path d="M2.614 7.334c5.406 0 8.395 0 8.966 0 0.857 0 0.857 1.348 0 1.348-0.571 0-3.113 0-7.626 0v11.378h11.657c0-3.251 0-5.184 0-5.798 0-0.921 1.337-0.921 1.337 0 0 0.614 0 2.995 0 7.143h-14.334v-14.071z"></path></svg></button><button data-testid="personalities" class="ListItem--listItem--2wQRK ListItem--disableBorder--DPmOK SiteNavigationLinks--navigationItem--2fxdn Button--default--3zkvy" type="button">Personalities<svg set="ui" name="external-link" class="SiteNavigationLinks--navLinkIcon--3ffNT Icon--icon--3wCKh" data-testid="Icon" aria-hidden="true" role="img" width="16" viewBox="0 0 24 24"><title>External Link</title><path d="M19.395 3.83l-6.82 0.145c-0.423 0.009-0.759-0.327-0.75-0.75s0.359-0.774 0.783-0.783l8.67-0.184c0.423-0.009 0.759 0.327 0.75 0.75l-0.184 8.67c-0.009 0.423-0.359 0.774-0.783 0.783s-0.759-0.327-0.75-0.75l0.145-6.82-8.625 8.625c-0.306 0.306-0.791 0.316-1.084 0.023s-0.283-0.778 0.023-1.084l8.625-8.625z"></path><path d="M2.614 7.334c5.406 0 8.395 0 8.966 0 0.857 0 0.857 1.348 0 1.348-0.571 0-3.113 0-7.626 0v11.378h11.657c0-3.251 0-5.184 0-5.798 0-0.921 1.337-0.921 1.337 0 0 0.614 0 2.995 0 7.143h-14.334v-14.071z"></path></svg></button></div></nav><nav aria-label="Weather Products" class="SiteNavigationLinks--navigationList--VYZkB" data-testid="WeatherProducts"><span class="SiteNavigationLinks--title--_kIVC">Weather Products</span><div class="SiteNavigationLinks--navigationListItems--7Iux3"><button data-testid="AlexaSkill" class="ListItem--listItem--2wQRK ListItem--disableBorder--DPmOK SiteNavigationLinks--navigationItem--2fxdn Button--default--3zkvy" type="button">Alexa Skill<svg set="ui" name="external-link" class="SiteNavigationLinks--navLinkIcon--3ffNT Icon--icon--3wCKh" data-testid="Icon" aria-hidden="true" role="img" width="16" viewBox="0 0 24 24"><title>External Link</title><path d="M19.395 3.83l-6.82 0.145c-0.423 0.009-0.759-0.327-0.75-0.75s0.359-0.774 0.783-0.783l8.67-0.184c0.423-0.009 0.759 0.327 0.75 0.75l-0.184 8.67c-0.009 0.423-0.359 0.774-0.783 0.783s-0.759-0.327-0.75-0.75l0.145-6.82-8.625 8.625c-0.306 0.306-0.791 0.316-1.084 0.023s-0.283-0.778 0.023-1.084l8.625-8.625z"></path><path d="M2.614 7.334c5.406 0 8.395 0 8.966 0 0.857 0 0.857 1.348 0 1.348-0.571 0-3.113 0-7.626 0v11.378h11.657c0-3.251 0-5.184 0-5.798 0-0.921 1.337-0.921 1.337 0 0 0.614 0 2.995 0 7.143h-14.334v-14.071z"></path></svg></button><button data-testid="SeasonalDeals" class="ListItem--listItem--2wQRK ListItem--disableBorder--DPmOK SiteNavigationLinks--navigationItem--2fxdn Button--default--3zkvy" type="button">Seasonal Deals</button></div></nav><nav aria-label="Privacy" class="SiteNavigationLinks--navigationList--VYZkB" data-testid="privacy"><span class="SiteNavigationLinks--title--_kIVC">Privacy</span><div class="SiteNavigationLinks--navigationListItems--7Iux3"><button data-testid="dataRights" class="ListItem--listItem--2wQRK ListItem--disableBorder--DPmOK SiteNavigationLinks--navigationItem--2fxdn Button--default--3zkvy" type="button">Data Rights</button><button data-testid="privacyPolicy" class="ListItem--listItem--2wQRK ListItem--disableBorder--DPmOK SiteNavigationLinks--navigationItem--2fxdn Button--default--3zkvy" type="button">Privacy Policy</button></div></nav></div></section></div></div></nav></div></div></div></div></header></div><div id="WxuSavedLocations-header-9aea3e61-fbf8-4da4-9e07-f96abf18cdf1" class=" removeIfEmpty"><div class="styles--SavedLocations--2TuU_"><div class="styles--wrapper--30pBt"><div class="styles--root--12yl6" aria-label="Saved Locations" role="region"><div class="styles--cards--2hNpO styles--cardCarousel--3xhQl" style="transform:translateX(0px)"><div class="styles--card--3wj9l" style="z-index:1"><div class="styles--LocationCard--2vjvQ"><div class="styles--LocationCardComponent--2M_BE styles--mini--3ZGda"></div></div></div></div><div class="styles--arrow--204Rq styles--left--aHaxA styles--mini--2h5Ri gradients--default-top--1EwzM"><svg set="ui" name="caret-left" theme="light" data-testid="Icon" aria-hidden="true" role="img" class="Icon--icon--3wCKh Icon--lightTheme--3NMAI" viewBox="0 0 24 24"><title>Arrow Left</title><path d="M7.914 12l7.293 7.293a1 1 0 1 1-1.414 1.414l-8-8a1 1 0 0 1 0-1.414l8-8a1 1 0 1 1 1.414 1.414L7.914 12z"></path></svg></div><div class="styles--arrow--204Rq styles--right--2pLKS styles--mini--2h5Ri gradients--default-top--1EwzM"><svg set="ui" name="caret-right" theme="light" data-testid="Icon" aria-hidden="true" role="img" class="Icon--icon--3wCKh Icon--lightTheme--3NMAI" viewBox="0 0 24 24"><title>Arrow Right</title><path d="M15.086 12L7.793 4.707a1 1 0 1 1 1.414-1.414l8 8a1 1 0 0 1 0 1.414l-8 8a1 1 0 1 1-1.414-1.414L15.086 12z"></path></svg></div></div></div></div></div><div id="WxuLocalsuiteNav-header-71dadf79-621d-43ff-9a1a-d99a39f16abe" class=" removeIfEmpty"><nav class="styles--LocalsuiteNav--26ACm"><div class="styles--inner--1IZYn layout-centered"><div class="styles--OverflowNav--1Zocx styles--overflowNav--3zKoS"><a class="ListItem--listItem--2wQRK styles--listItem--3b2Ko Button--default--3zkvy" href="/weather/today/l/null" target="_self" data-from-string="localsuiteNav_1_Today"><span class="styles--liContent--3i8m_">Today</span></a><a class="ListItem--listItem--2wQRK styles--listItem--3b2Ko Button--default--3zkvy" href="/weather/hourbyhour/l/null" target="_self" data-from-string="localsuiteNav_2_Hourly"><span class="styles--liContent--3i8m_">Hourly</span></a><a class="ListItem--listItem--2wQRK styles--listItem--3b2Ko Button--default--3zkvy" href="/weather/tenday/l/null" target="_self" data-from-string="localsuiteNav_3_10 Day"><span class="styles--liContent--3i8m_">10 Day</span></a><a class="ListItem--listItem--2wQRK styles--listItem--3b2Ko Button--default--3zkvy" href="/weather/weekend/l/null" target="_self" data-from-string="localsuiteNav_4_Weekend"><span class="styles--liContent--3i8m_">Weekend</span></a><a class="ListItem--listItem--2wQRK styles--listItem--3b2Ko Button--default--3zkvy" href="/weather/monthly/l/null" target="_self" data-from-string="localsuiteNav_5_Monthly"><span class="styles--liContent--3i8m_">Monthly</span></a><a class="ListItem--listItem--2wQRK styles--listItem--3b2Ko Button--default--3zkvy" href="/weather/radar/interactive/l/null" target="_self" data-from-string="localsuiteNav_6_Radar"><span class="styles--liContent--3i8m_">Radar</span></a><a class="ListItem--listItem--2wQRK styles--listItem--3b2Ko Button--default--3zkvy" href="/news/trending/video/divers-discover-1200-year-old-canoe-in-wisconsin-lake" target="_self" data-from-string="localsuiteNav_7_Video"><svg set="nav" name="video" class="styles--videoIcon--LpXDU Icon--icon--3wCKh Icon--lightTheme--3NMAI" theme="light" data-testid="Icon" aria-hidden="true" role="img" viewBox="0 0 24 24"><title>Video</title><path d="M12 2C6.48 2 2 6.48 2 12s4.48 10 10 10 10-4.48 10-10S17.52 2 12 2zm-2 13.5v-7a.5.5 0 01.8-.4l4.67 3.5c.27.2.27.6 0 .8l-4.67 3.5a.5.5 0 01-.8-.4z" fill="currentColor"></path></svg><span class="styles--liContent--3i8m_">Video</span></a></div><div class="styles--root--3eGVf styles--moreForecastsNav--3jQjH"><button data-testid="ctaButton" class="styles--button--2ZsPl Button--default--3zkvy" type="button"><span class="styles--fullText--V-nzm">More Forecasts</span><span class="styles--shortText--2pzBL">More</span><svg set="ui" name="triangle-down" class="styles--buttonIcon--nMAqA Icon--icon--3wCKh" data-testid="Icon" aria-hidden="true" role="img" viewBox="0 0 24 24"><title>Arrow down</title><path d="M23.765 5.167h-23.53l11.75 13.666 11.779-13.666z"></path></svg></button><nav class="ExpandableMenu--ExpandableMenu--2HGl7 ExpandableMenu--reverse--3t0b2 styles--rootMoreMenu--2Efmg" aria-hidden="true" hidden="" tabindex="-1"><div class="ExpandableMenu--inner--39JQs ExpandableMenu--outline--CVSXy styles--expandableMenu--1G_Bu"><div class="ExpandableMenu--innerPadding--1vQiV"><nav aria-label="Specialty Forecasts"><h3 class="styles--navHeader--2rbZM" role="presentation">Specialty Forecasts</h3><div class="styles--nav--3FRvC"><a class="ListItem--listItem--2wQRK styles--listItem--uZTeJ Button--default--3zkvy" href="//www.wunderground.com/history/daily/null/yesterday" target="_blank" data-from-string="localsuiteNav_moreForecasts_1_Yesterday's Weather"><span class="styles--item--a-T_N">Yesterday's Weather<svg set="ui" name="external-link" class="styles--navLinkIcon--1KMmJ Icon--icon--3wCKh" data-testid="Icon" aria-hidden="true" role="img" viewBox="0 0 24 24"><title>External Link</title><path d="M19.395 3.83l-6.82 0.145c-0.423 0.009-0.759-0.327-0.75-0.75s0.359-0.774 0.783-0.783l8.67-0.184c0.423-0.009 0.759 0.327 0.75 0.75l-0.184 8.67c-0.009 0.423-0.359 0.774-0.783 0.783s-0.759-0.327-0.75-0.75l0.145-6.82-8.625 8.625c-0.306 0.306-0.791 0.316-1.084 0.023s-0.283-0.778 0.023-1.084l8.625-8.625z"></path><path d="M2.614 7.334c5.406 0 8.395 0 8.966 0 0.857 0 0.857 1.348 0 1.348-0.571 0-3.113 0-7.626 0v11.378h11.657c0-3.251 0-5.184 0-5.798 0-0.921 1.337-0.921 1.337 0 0 0.614 0 2.995 0 7.143h-14.334v-14.071z"></path></svg></span></a><a class="ListItem--listItem--2wQRK styles--listItem--uZTeJ Button--default--3zkvy" href="/forecast/allergy/l/null" target="_self" data-from-string="localsuiteNav_moreForecasts_2_Allergy Tracker"><span class="styles--item--a-T_N">Allergy Tracker</span></a><a class="ListItem--listItem--2wQRK styles--listItem--uZTeJ Button--default--3zkvy" href="/forecast/fishing/l/null" target="_self" data-from-string="localsuiteNav_moreForecasts_3_Fishing"><span class="styles--item--a-T_N">Fishing</span></a><a class="ListItem--listItem--2wQRK styles--listItem--uZTeJ Button--default--3zkvy" href="/forecast/cold-flu/l/null" target="_self" data-from-string="localsuiteNav_moreForecasts_4_Cold &amp; Flu"><span class="styles--item--a-T_N">Cold &amp; Flu</span></a><a class="ListItem--listItem--2wQRK styles--listItem--uZTeJ Button--default--3zkvy" href="/forecast/air-quality/l/null" target="_self" data-from-string="localsuiteNav_moreForecasts_5_Air Quality Forecast"><span class="styles--item--a-T_N">Air Quality Forecast</span></a></div></nav></div></div></nav></div></div></nav></div></div><div id="labBG" class="js-branded-background-ads"></div><main id="MainContent"><div class="region-contentTop regionContentTop DaybreakLargeScreen--regionContentTop--35bjX"><div id="WxuAd-contentTop-50b69813-b340-4d89-a22d-016d4b682491" class=" removeIfEmpty"><div class="adWrapper BaseAd--adWrapper--2qtTX BaseAd--hide--3pG-e"><div class="adLabel">Advertisement</div><div id="WX_WindowShade" class="ad_module BaseAd--ad_module--yZlyg subs-undefined BaseAd--placeholder--31XQZ"></div></div></div></div><div class="DaybreakLargeScreen--gridWrapper--3wzvS"><div id="wx-hero-content" class="js-branded-background-ads"></div><main class="region-main regionMain DaybreakLargeScreen--regionMain--1F19m" aria-label="Main Content"><div id="WxuContentMedia-main-eca80ceb-d167-47d5-abe3-ce01a2b10ffc" class=" removeIfEmpty"><section class="card Card--cardPadded--2oS21 Card--card--HiWPW" data-testid="ContentMediaModule" title="Top Stories" ctatext="More Stories" ctaurl="/news" data-tb-region="db-cm-homepage_top_EN" footer="[object Object]" aria-label="Top Stories"><header data-testid="HeaderTitle" class="Card--cardHeader--1QwR4"><h1 class="Card--cardHeading--5_qfE">Top Stories</h1></header><div class="ContentMedia--sidebarContainer--31D-6 ContentMedia--listItem3--UHvP8"><div class="ContentMedia--primaryContainer--16gwV undefined ContentMedia--fullMedia--1cXPO"><div class="mediaListItem ContentMedia--mediaListItem--19sj1 MediaObject--fullWidthMediaList--2O8AG" data-tb-region-item="true"><a class="mediaLink fullMedia MediaObject--fullMedia--1jrAm ContentMedia--fullMedia--1cXPO MediaObject--mediaLink--330_t Button--default--3zkvy" href="/news/trending/video/watch-woman-flee-falling-snow-in-northern-china" target="_self"><div data-testid="ContentMediaImage" class="MediaObject--mediaImg--1zbhQ ContentMedia--mediaImg--327bx"><div class="Image--rounded--2t_Qb Image--gradient--2COra"><div class="Image--rounded--2t_Qb Image--intrinsicRatioRoot--1I6CT" style="padding-top:56.25%"><img class="Image--rounded--2t_Qb Image--intrinsicRatioElement--eptTV" src="https://s.w-x.co/SnowCrusher.jpg?crop=16:9&amp;width=320&amp;format=pjpg&amp;auto=webp&amp;quality=60" data-src="https://s.w-x.co/SnowCrusher.jpg?crop=16:9&amp;width=320&amp;format=pjpg&amp;auto=webp&amp;quality=60" alt="" sizes="73vw" srcset="https://s.w-x.co/SnowCrusher.jpg?crop=16:9&amp;width=80&amp;format=pjpg&amp;auto=webp&amp;quality=60 80w,https://s.w-x.co/SnowCrusher.jpg?crop=16:9&amp;width=160&amp;format=pjpg&amp;auto=webp&amp;quality=60 160w,https://s.w-x.co/SnowCrusher.jpg?crop=16:9&amp;width=240&amp;format=pjpg&amp;auto=webp&amp;quality=60 240w,https://s.w-x.co/SnowCrusher.jpg?crop=16:9&amp;width=320&amp;format=pjpg&amp;auto=webp&amp;quality=60 320w,https://s.w-x.co/SnowCrusher.jpg?crop=16:9&amp;width=480&amp;format=pjpg&amp;auto=webp&amp;quality=60 480w,https://s.w-x.co/SnowCrusher.jpg?crop=16:9&amp;width=640&amp;format=pjpg&amp;auto=webp&amp;quality=60 640w,https://s.w-x.co/SnowCrusher.jpg?crop=16:9&amp;width=800&amp;format=pjpg&amp;auto=webp&amp;quality=60 800w,https://s.w-x.co/SnowCrusher.jpg?crop=16:9&amp;width=980&amp;format=pjpg&amp;auto=webp&amp;quality=60 980w"><noscript><img class="Image--intrinsicRatioElement--eptTV Image--rounded--2t_Qb" alt="" src="https://s.w-x.co/SnowCrusher.jpg?crop=16:9&width=320&format=pjpg&auto=webp&quality=60" /></noscript></div></div><div class="MediaObject--mediaIcon--2Ge4G ContentMedia--mediaIcon--1S_z0"><svg set="ui" name="video" theme="light" style="width:58.38px" data-testid="Icon" aria-hidden="true" role="img" class="Icon--icon--3wCKh Icon--lightTheme--3NMAI" viewBox="0 0 24 24"><title>Video</title><g transform="translate(2 2)" fill-rule="evenodd"><rect fill="none" stroke="currentColor" stroke-width="1" x=".75" y=".75" width="18.5" height="18.5" rx="9.25"></rect><path d="M8 7.475v4.55a.75.75 0 0 0 1.192.606l3.12-2.275a.75.75 0 0 0 0-1.212l-3.12-2.275A.75.75 0 0 0 8 7.475z"></path></g></svg></div></div><div><div class="MediaObject--mediaTitle--d3_JC ContentMedia--mediaTitle--3QRq6"><span class="Ellipsis--ellipsis--1sNTm" style="-webkit-line-clamp:3" data-testid="ContentMediaTitle">Woman Escapes Crushing Snow with Only Seconds To Spare</span></div></div></a></div></div><div class="ContentMedia--secondaryContainer--3kFQZ ContentMedia--mediaSidebar--iK8Q7 ContentMedia--mediaInline--2c2lM ContentMedia--mediaStacked--Lf1F-"><div class="mediaListItem ContentMedia--mediaListItem--19sj1" data-tb-region-item="true"><a class="mediaLink smallMedia MediaObject--smallMedia--jGsoI ContentMedia--smallMedia--2HRCw MediaObject--mediaLink--330_t Button--default--3zkvy" href="/news/weather/video/powerful-storm-to-bring-snow-rain-and-gusty-winds" target="_self"><div data-testid="ContentMediaImage" class="MediaObject--mediaImg--1zbhQ ContentMedia--mediaImg--327bx"><div class="Image--rounded--2t_Qb Image--gradient--2COra"><div class="Image--rounded--2t_Qb Image--intrinsicRatioRoot--1I6CT" style="padding-top:56.25%"><img class="Image--rounded--2t_Qb Image--intrinsicRatioElement--eptTV" src="https://s.w-x.co/MidWeekStormMonPM.jpg?crop=16:9&amp;width=160&amp;format=pjpg&amp;auto=webp&amp;quality=60" data-src="https://s.w-x.co/MidWeekStormMonPM.jpg?crop=16:9&amp;width=160&amp;format=pjpg&amp;auto=webp&amp;quality=60" alt="" sizes="39vw" srcset="https://s.w-x.co/MidWeekStormMonPM.jpg?crop=16:9&amp;width=80&amp;format=pjpg&amp;auto=webp&amp;quality=60 80w,https://s.w-x.co/MidWeekStormMonPM.jpg?crop=16:9&amp;width=160&amp;format=pjpg&amp;auto=webp&amp;quality=60 160w,https://s.w-x.co/MidWeekStormMonPM.jpg?crop=16:9&amp;width=240&amp;format=pjpg&amp;auto=webp&amp;quality=60 240w,https://s.w-x.co/MidWeekStormMonPM.jpg?crop=16:9&amp;width=320&amp;format=pjpg&amp;auto=webp&amp;quality=60 320w,https://s.w-x.co/MidWeekStormMonPM.jpg?crop=16:9&amp;width=480&amp;format=pjpg&amp;auto=webp&amp;quality=60 480w,https://s.w-x.co/MidWeekStormMonPM.jpg?crop=16:9&amp;width=640&amp;format=pjpg&amp;auto=webp&amp;quality=60 640w,https://s.w-x.co/MidWeekStormMonPM.jpg?crop=16:9&amp;width=800&amp;format=pjpg&amp;auto=webp&amp;quality=60 800w,https://s.w-x.co/MidWeekStormMonPM.jpg?crop=16:9&amp;width=980&amp;format=pjpg&amp;auto=webp&amp;quality=60 980w"><noscript><img class="Image--intrinsicRatioElement--eptTV Image--rounded--2t_Qb" alt="" src="https://s.w-x.co/MidWeekStormMonPM.jpg?crop=16:9&width=160&format=pjpg&auto=webp&quality=60" /></noscript></div></div><div class="MediaObject--mediaIcon--2Ge4G ContentMedia--mediaIcon--1S_z0"><svg set="ui" name="video" theme="light" style="width:32.45px" data-testid="Icon" aria-hidden="true" role="img" class="Icon--icon--3wCKh Icon--lightTheme--3NMAI" viewBox="0 0 24 24"><title>Video</title><g transform="translate(2 2)" fill-rule="evenodd"><rect fill="none" stroke="currentColor" stroke-width="1" x=".75" y=".75" width="18.5" height="18.5" rx="9.25"></rect><path d="M8 7.475v4.55a.75.75 0 0 0 1.192.606l3.12-2.275a.75.75 0 0 0 0-1.212l-3.12-2.275A.75.75 0 0 0 8 7.475z"></path></g></svg></div></div><div><div class="MediaObject--mediaTitle--d3_JC ContentMedia--mediaTitle--3QRq6"><span class="Ellipsis--ellipsis--1sNTm" style="-webkit-line-clamp:3" data-testid="ContentMediaTitle">Strong Storm Brewing Ahead of Veterans Day</span></div></div></a></div><div class="mediaListItem ContentMedia--mediaListItem--19sj1" data-tb-region-item="true"><a class="mediaLink smallMedia MediaObject--smallMedia--jGsoI ContentMedia--smallMedia--2HRCw MediaObject--mediaLink--330_t Button--default--3zkvy" href="/news/weather/video/tumbling-temperates-ahead-for-the-weekend" target="_self"><div data-testid="ContentMediaImage" class="MediaObject--mediaImg--1zbhQ ContentMedia--mediaImg--327bx"><div class="Image--rounded--2t_Qb Image--gradient--2COra"><div class="Image--rounded--2t_Qb Image--intrinsicRatioRoot--1I6CT" style="padding-top:56.25%"><img class="Image--rounded--2t_Qb Image--intrinsicRatioElement--eptTV" src="https://s.w-x.co/MonTempsDropping.jpg?crop=16:9&amp;width=160&amp;format=pjpg&amp;auto=webp&amp;quality=60" data-src="https://s.w-x.co/MonTempsDropping.jpg?crop=16:9&amp;width=160&amp;format=pjpg&amp;auto=webp&amp;quality=60" alt="" sizes="39vw" srcset="https://s.w-x.co/MonTempsDropping.jpg?crop=16:9&amp;width=80&amp;format=pjpg&amp;auto=webp&amp;quality=60 80w,https://s.w-x.co/MonTempsDropping.jpg?crop=16:9&amp;width=160&amp;format=pjpg&amp;auto=webp&amp;quality=60 160w,https://s.w-x.co/MonTempsDropping.jpg?crop=16:9&amp;width=240&amp;format=pjpg&amp;auto=webp&amp;quality=60 240w,https://s.w-x.co/MonTempsDropping.jpg?crop=16:9&amp;width=320&amp;format=pjpg&amp;auto=webp&amp;quality=60 320w,https://s.w-x.co/MonTempsDropping.jpg?crop=16:9&amp;width=480&amp;format=pjpg&amp;auto=webp&amp;quality=60 480w,https://s.w-x.co/MonTempsDropping.jpg?crop=16:9&amp;width=640&amp;format=pjpg&amp;auto=webp&amp;quality=60 640w,https://s.w-x.co/MonTempsDropping.jpg?crop=16:9&amp;width=800&amp;format=pjpg&amp;auto=webp&amp;quality=60 800w,https://s.w-x.co/MonTempsDropping.jpg?crop=16:9&amp;width=980&amp;format=pjpg&amp;auto=webp&amp;quality=60 980w"><noscript><img class="Image--intrinsicRatioElement--eptTV Image--rounded--2t_Qb" alt="" src="https://s.w-x.co/MonTempsDropping.jpg?crop=16:9&width=160&format=pjpg&auto=webp&quality=60" /></noscript></div></div><div class="MediaObject--mediaIcon--2Ge4G ContentMedia--mediaIcon--1S_z0"><svg set="ui" name="video" theme="light" style="width:32.45px" data-testid="Icon" aria-hidden="true" role="img" class="Icon--icon--3wCKh Icon--lightTheme--3NMAI" viewBox="0 0 24 24"><title>Video</title><g transform="translate(2 2)" fill-rule="evenodd"><rect fill="none" stroke="currentColor" stroke-width="1" x=".75" y=".75" width="18.5" height="18.5" rx="9.25"></rect><path d="M8 7.475v4.55a.75.75 0 0 0 1.192.606l3.12-2.275a.75.75 0 0 0 0-1.212l-3.12-2.275A.75.75 0 0 0 8 7.475z"></path></g></svg></div></div><div><div class="MediaObject--mediaTitle--d3_JC ContentMedia--mediaTitle--3QRq6"><span class="Ellipsis--ellipsis--1sNTm" style="-webkit-line-clamp:3" data-testid="ContentMediaTitle">Tumbling Temperatures Ahead for the Weekend</span></div></div></a></div><div class="mediaListItem ContentMedia--mediaListItem--19sj1" data-tb-region-item="true"><a class="mediaLink smallMedia MediaObject--smallMedia--jGsoI ContentMedia--smallMedia--2HRCw MediaObject--mediaLink--330_t Button--default--3zkvy" href="/news/climate/video/countries-drastically-underreport-greenhouse-gas-emissions-investigation-finds" target="_self"><div data-testid="ContentMediaImage" class="MediaObject--mediaImg--1zbhQ ContentMedia--mediaImg--327bx"><div class="Image--rounded--2t_Qb Image--gradient--2COra"><div class="Image--rounded--2t_Qb Image--intrinsicRatioRoot--1I6CT" style="padding-top:56.25%"><img class="Image--rounded--2t_Qb Image--intrinsicRatioElement--eptTV" src="https://s.w-x.co/EmissionsLIes.jpg?crop=16:9&amp;width=160&amp;format=pjpg&amp;auto=webp&amp;quality=60" data-src="https://s.w-x.co/EmissionsLIes.jpg?crop=16:9&amp;width=160&amp;format=pjpg&amp;auto=webp&amp;quality=60" alt="" sizes="39vw" srcset="https://s.w-x.co/EmissionsLIes.jpg?crop=16:9&amp;width=80&amp;format=pjpg&amp;auto=webp&amp;quality=60 80w,https://s.w-x.co/EmissionsLIes.jpg?crop=16:9&amp;width=160&amp;format=pjpg&amp;auto=webp&amp;quality=60 160w,https://s.w-x.co/EmissionsLIes.jpg?crop=16:9&amp;width=240&amp;format=pjpg&amp;auto=webp&amp;quality=60 240w,https://s.w-x.co/EmissionsLIes.jpg?crop=16:9&amp;width=320&amp;format=pjpg&amp;auto=webp&amp;quality=60 320w,https://s.w-x.co/EmissionsLIes.jpg?crop=16:9&amp;width=480&amp;format=pjpg&amp;auto=webp&amp;quality=60 480w,https://s.w-x.co/EmissionsLIes.jpg?crop=16:9&amp;width=640&amp;format=pjpg&amp;auto=webp&amp;quality=60 640w,https://s.w-x.co/EmissionsLIes.jpg?crop=16:9&amp;width=800&amp;format=pjpg&amp;auto=webp&amp;quality=60 800w,https://s.w-x.co/EmissionsLIes.jpg?crop=16:9&amp;width=980&amp;format=pjpg&amp;auto=webp&amp;quality=60 980w"><noscript><img class="Image--intrinsicRatioElement--eptTV Image--rounded--2t_Qb" alt="" src="https://s.w-x.co/EmissionsLIes.jpg?crop=16:9&width=160&format=pjpg&auto=webp&quality=60" /></noscript></div></div><div class="MediaObject--mediaIcon--2Ge4G ContentMedia--mediaIcon--1S_z0"><svg set="ui" name="video" theme="light" style="width:32.45px" data-testid="Icon" aria-hidden="true" role="img" class="Icon--icon--3wCKh Icon--lightTheme--3NMAI" viewBox="0 0 24 24"><title>Video</title><g transform="translate(2 2)" fill-rule="evenodd"><rect fill="none" stroke="currentColor" stroke-width="1" x=".75" y=".75" width="18.5" height="18.5" rx="9.25"></rect><path d="M8 7.475v4.55a.75.75 0 0 0 1.192.606l3.12-2.275a.75.75 0 0 0 0-1.212l-3.12-2.275A.75.75 0 0 0 8 7.475z"></path></g></svg></div></div><div><div class="MediaObject--mediaTitle--d3_JC ContentMedia--mediaTitle--3QRq6"><span class="Ellipsis--ellipsis--1sNTm" style="-webkit-line-clamp:3" data-testid="ContentMediaTitle">A Massive Climate Lie? </span></div></div></a></div></div><div class="ContentMedia--listItemsContainer--1lFeF"><a class="ListItem--listItem--2wQRK ContentMedia--listItem--xVM3X mediaListItem Button--default--3zkvy" href="/science/environment/video/whats-causing-strange-series-of-quakes-in-south-carolina" target="_self" data-tb-region-item="true"><svg class="ContentMedia--listItemIcon--3Ot8T Icon--icon--3wCKh" set="nav" name="video-stroke" data-testid="Icon" aria-hidden="true" role="img" viewBox="0 0 24 24"><title>Video</title><path d="M12 2c5.52 0 10 4.48 10 10s-4.48 10-10 10S2 17.52 2 12 6.48 2 12 2zm0 1.5A8.504 8.504 0 003.5 12c0 4.692 3.808 8.5 8.5 8.5s8.5-3.808 8.5-8.5-3.808-8.5-8.5-8.5zm-2 12v-7a.5.5 0 01.8-.4l4.67 3.5c.27.2.27.6 0 .8l-4.67 3.5a.5.5 0 01-.8-.4z" fill="currentColor"></path></svg><span class="listItemTitle ContentMedia--listItemTitle--2FvDz">What’s Causing Strange Series of Quakes in South Carolina?</span></a><a class="ListItem--listItem--2wQRK ContentMedia--listItem--xVM3X mediaListItem Button--default--3zkvy" href="/news/weather/video/parade-of-storms-continues-for-the-west-this-week" target="_self" data-tb-region-item="true"><svg class="ContentMedia--listItemIcon--3Ot8T Icon--icon--3wCKh" set="nav" name="video-stroke" data-testid="Icon" aria-hidden="true" role="img" viewBox="0 0 24 24"><title>Video</title><path d="M12 2c5.52 0 10 4.48 10 10s-4.48 10-10 10S2 17.52 2 12 6.48 2 12 2zm0 1.5A8.504 8.504 0 003.5 12c0 4.692 3.808 8.5 8.5 8.5s8.5-3.808 8.5-8.5-3.808-8.5-8.5-8.5zm-2 12v-7a.5.5 0 01.8-.4l4.67 3.5c.27.2.27.6 0 .8l-4.67 3.5a.5.5 0 01-.8-.4z" fill="currentColor"></path></svg><span class="listItemTitle ContentMedia--listItemTitle--2FvDz">Another Storm Bringing Much-Needed Rain, Snow to the West</span></a><a class="ListItem--listItem--2wQRK ContentMedia--listItem--xVM3X mediaListItem Button--default--3zkvy" href="/science/nature/video/north-georgia-overtaken-by-giant-invasive-joro-spiders" target="_self" data-tb-region-item="true"><svg class="ContentMedia--listItemIcon--3Ot8T Icon--icon--3wCKh" set="nav" name="video-stroke" data-testid="Icon" aria-hidden="true" role="img" viewBox="0 0 24 24"><title>Video</title><path d="M12 2c5.52 0 10 4.48 10 10s-4.48 10-10 10S2 17.52 2 12 6.48 2 12 2zm0 1.5A8.504 8.504 0 003.5 12c0 4.692 3.808 8.5 8.5 8.5s8.5-3.808 8.5-8.5-3.808-8.5-8.5-8.5zm-2 12v-7a.5.5 0 01.8-.4l4.67 3.5c.27.2.27.6 0 .8l-4.67 3.5a.5.5 0 01-.8-.4z" fill="currentColor"></path></svg><span class="listItemTitle ContentMedia--listItemTitle--2FvDz">North Georgia Overtaken by Giant Spiders</span></a><a class="ListItem--listItem--2wQRK ContentMedia--listItem--xVM3X mediaListItem Button--default--3zkvy" href="/news/weather/video/snow-blankets-washingtons-mountain-passes" target="_self" data-tb-region-item="true"><svg class="ContentMedia--listItemIcon--3Ot8T Icon--icon--3wCKh" set="nav" name="video-stroke" data-testid="Icon" aria-hidden="true" role="img" viewBox="0 0 24 24"><title>Video</title><path d="M12 2c5.52 0 10 4.48 10 10s-4.48 10-10 10S2 17.52 2 12 6.48 2 12 2zm0 1.5A8.504 8.504 0 003.5 12c0 4.692 3.808 8.5 8.5 8.5s8.5-3.808 8.5-8.5-3.808-8.5-8.5-8.5zm-2 12v-7a.5.5 0 01.8-.4l4.67 3.5c.27.2.27.6 0 .8l-4.67 3.5a.5.5 0 01-.8-.4z" fill="currentColor"></path></svg><span class="listItemTitle ContentMedia--listItemTitle--2FvDz">Snow Already Causing Accidents in the U.S.</span></a></div></div><div><footer data-testid="CardFooter" class="Card--cardFooter--rsrd-"><a class="ContentMedia--cmCtaButton--1u_8O mediaCtaButton Button--primary--1UQTP" href="/news" target="_self" data-tb-region-item="true">More Stories</a></footer></div></section></div><div id="WxuContentMedia-main-7a64efde-4532-4374-acd9-6061b0a92b95" class=" removeIfEmpty"><section class="card Card--cardPadded--2oS21 Card--card--HiWPW" data-testid="ContentMediaModule" title="Latest News" ctatext="More News" ctaurl="/news" data-tb-region="db-cm-homepage_stack_EN" footer="[object Object]" aria-label="Latest News"><header data-testid="HeaderTitle" class="Card--cardHeader--1QwR4"><h2 class="Card--cardHeading--5_qfE">Latest News</h2></header><div class=""><div class="ContentMedia--secondaryContainer--3kFQZ ContentMedia--mediaInline--2c2lM ContentMedia--mediaStacked--Lf1F-"><div class="mediaListItem ContentMedia--mediaListItem--19sj1" data-tb-region-item="true"><a class="mediaLink smallMedia MediaObject--smallMedia--jGsoI ContentMedia--smallMedia--2HRCw MediaObject--mediaLink--330_t Button--default--3zkvy" href="/health/coronavirus/video/us-borders-reopen-to-vaccinated-foreign-travelers" target="_self"><div data-testid="ContentMediaImage" class="MediaObject--mediaImg--1zbhQ ContentMedia--mediaImg--327bx"><div class="Image--rounded--2t_Qb Image--gradient--2COra"><div class="Image--rounded--2t_Qb Image--intrinsicRatioRoot--1I6CT" style="padding-top:56.25%"><img class="Image--rounded--2t_Qb Image--intrinsicRatioElement--eptTV" src="https://s.w-x.co/USTravel.jpg?crop=16:9&amp;width=160&amp;format=pjpg&amp;auto=webp&amp;quality=60" data-src="https://s.w-x.co/USTravel.jpg?crop=16:9&amp;width=160&amp;format=pjpg&amp;auto=webp&amp;quality=60" alt="" sizes="39vw" srcset="https://s.w-x.co/USTravel.jpg?crop=16:9&amp;width=80&amp;format=pjpg&amp;auto=webp&amp;quality=60 80w,https://s.w-x.co/USTravel.jpg?crop=16:9&amp;width=160&amp;format=pjpg&amp;auto=webp&amp;quality=60 160w,https://s.w-x.co/USTravel.jpg?crop=16:9&amp;width=240&amp;format=pjpg&amp;auto=webp&amp;quality=60 240w,https://s.w-x.co/USTravel.jpg?crop=16:9&amp;width=320&amp;format=pjpg&amp;auto=webp&amp;quality=60 320w,https://s.w-x.co/USTravel.jpg?crop=16:9&amp;width=480&amp;format=pjpg&amp;auto=webp&amp;quality=60 480w,https://s.w-x.co/USTravel.jpg?crop=16:9&amp;width=640&amp;format=pjpg&amp;auto=webp&amp;quality=60 640w,https://s.w-x.co/USTravel.jpg?crop=16:9&amp;width=800&amp;format=pjpg&amp;auto=webp&amp;quality=60 800w,https://s.w-x.co/USTravel.jpg?crop=16:9&amp;width=980&amp;format=pjpg&amp;auto=webp&amp;quality=60 980w"><noscript><img class="Image--intrinsicRatioElement--eptTV Image--rounded--2t_Qb" alt="" src="https://s.w-x.co/USTravel.jpg?crop=16:9&width=160&format=pjpg&auto=webp&quality=60" /></noscript></div></div><div class="MediaObject--overlay--2IBdV"></div><div class="MediaObject--mediaIcon--2Ge4G ContentMedia--mediaIcon--1S_z0"><svg set="ui" name="video" theme="light" style="width:32.45px" data-testid="Icon" aria-hidden="true" role="img" class="Icon--icon--3wCKh Icon--lightTheme--3NMAI" viewBox="0 0 24 24"><title>Video</title><g transform="translate(2 2)" fill-rule="evenodd"><rect fill="none" stroke="currentColor" stroke-width="1" x=".75" y=".75" width="18.5" height="18.5" rx="9.25"></rect><path d="M8 7.475v4.55a.75.75 0 0 0 1.192.606l3.12-2.275a.75.75 0 0 0 0-1.212l-3.12-2.275A.75.75 0 0 0 8 7.475z"></path></g></svg></div></div><div class="MediaObject--mediaCategory--QpPav">Coronavirus</div><div><div class="MediaObject--mediaTitle--d3_JC ContentMedia--mediaTitle--3QRq6"><span class="Ellipsis--ellipsis--1sNTm" style="-webkit-line-clamp:3" data-testid="ContentMediaTitle">International Travelers With COVID-19 Vaccine Return to U.S.</span></div></div></a></div><div class="mediaListItem ContentMedia--mediaListItem--19sj1" data-tb-region-item="true"><a class="mediaLink smallMedia MediaObject--smallMedia--jGsoI ContentMedia--smallMedia--2HRCw MediaObject--mediaLink--330_t Button--default--3zkvy" href="/news/trending/video/recycling-bin-from-myrtle-beach-ends-up-in-ireland" target="_self"><div data-testid="ContentMediaImage" class="MediaObject--mediaImg--1zbhQ ContentMedia--mediaImg--327bx"><div class="Image--rounded--2t_Qb Image--gradient--2COra"><div class="Image--rounded--2t_Qb Image--intrinsicRatioRoot--1I6CT" style="padding-top:56.25%"><img class="Image--rounded--2t_Qb Image--intrinsicRatioElement--eptTV" src="https://s.w-x.co/ireland118.jpg?crop=16:9&amp;width=160&amp;format=pjpg&amp;auto=webp&amp;quality=60" data-src="https://s.w-x.co/ireland118.jpg?crop=16:9&amp;width=160&amp;format=pjpg&amp;auto=webp&amp;quality=60" alt="" sizes="39vw" srcset="https://s.w-x.co/ireland118.jpg?crop=16:9&amp;width=80&amp;format=pjpg&amp;auto=webp&amp;quality=60 80w,https://s.w-x.co/ireland118.jpg?crop=16:9&amp;width=160&amp;format=pjpg&amp;auto=webp&amp;quality=60 160w,https://s.w-x.co/ireland118.jpg?crop=16:9&amp;width=240&amp;format=pjpg&amp;auto=webp&amp;quality=60 240w,https://s.w-x.co/ireland118.jpg?crop=16:9&amp;width=320&amp;format=pjpg&amp;auto=webp&amp;quality=60 320w,https://s.w-x.co/ireland118.jpg?crop=16:9&amp;width=480&amp;format=pjpg&amp;auto=webp&amp;quality=60 480w,https://s.w-x.co/ireland118.jpg?crop=16:9&amp;width=640&amp;format=pjpg&amp;auto=webp&amp;quality=60 640w,https://s.w-x.co/ireland118.jpg?crop=16:9&amp;width=800&amp;format=pjpg&amp;auto=webp&amp;quality=60 800w,https://s.w-x.co/ireland118.jpg?crop=16:9&amp;width=980&amp;format=pjpg&amp;auto=webp&amp;quality=60 980w"><noscript><img class="Image--intrinsicRatioElement--eptTV Image--rounded--2t_Qb" alt="" src="https://s.w-x.co/ireland118.jpg?crop=16:9&width=160&format=pjpg&auto=webp&quality=60" /></noscript></div></div><div class="MediaObject--overlay--2IBdV"></div><div class="MediaObject--mediaIcon--2Ge4G ContentMedia--mediaIcon--1S_z0"><svg set="ui" name="video" theme="light" style="width:32.45px" data-testid="Icon" aria-hidden="true" role="img" class="Icon--icon--3wCKh Icon--lightTheme--3NMAI" viewBox="0 0 24 24"><title>Video</title><g transform="translate(2 2)" fill-rule="evenodd"><rect fill="none" stroke="currentColor" stroke-width="1" x=".75" y=".75" width="18.5" height="18.5" rx="9.25"></rect><path d="M8 7.475v4.55a.75.75 0 0 0 1.192.606l3.12-2.275a.75.75 0 0 0 0-1.212l-3.12-2.275A.75.75 0 0 0 8 7.475z"></path></g></svg></div></div><div class="MediaObject--mediaCategory--QpPav">Trending News</div><div><div class="MediaObject--mediaTitle--d3_JC ContentMedia--mediaTitle--3QRq6"><span class="Ellipsis--ellipsis--1sNTm" style="-webkit-line-clamp:3" data-testid="ContentMediaTitle">You'll Never Guess What Floated All the Way to Ireland</span></div></div></a></div><div class="mediaListItem ContentMedia--mediaListItem--19sj1" data-tb-region-item="true"><a class="mediaLink smallMedia MediaObject--smallMedia--jGsoI ContentMedia--smallMedia--2HRCw MediaObject--mediaLink--330_t Button--default--3zkvy" href="/news/trending/video/divers-discover-1200-year-old-canoe-in-wisconsin-lake" target="_self"><div data-testid="ContentMediaImage" class="MediaObject--mediaImg--1zbhQ ContentMedia--mediaImg--327bx"><div class="Image--rounded--2t_Qb Image--gradient--2COra"><div class="Image--rounded--2t_Qb Image--intrinsicRatioRoot--1I6CT" style="padding-top:56.25%"><img class="Image--rounded--2t_Qb Image--intrinsicRatioElement--eptTV" src="https://s.w-x.co/OldCanoe.jpg?crop=16:9&amp;width=160&amp;format=pjpg&amp;auto=webp&amp;quality=60" data-src="https://s.w-x.co/OldCanoe.jpg?crop=16:9&amp;width=160&amp;format=pjpg&amp;auto=webp&amp;quality=60" alt="" sizes="39vw" srcset="https://s.w-x.co/OldCanoe.jpg?crop=16:9&amp;width=80&amp;format=pjpg&amp;auto=webp&amp;quality=60 80w,https://s.w-x.co/OldCanoe.jpg?crop=16:9&amp;width=160&amp;format=pjpg&amp;auto=webp&amp;quality=60 160w,https://s.w-x.co/OldCanoe.jpg?crop=16:9&amp;width=240&amp;format=pjpg&amp;auto=webp&amp;quality=60 240w,https://s.w-x.co/OldCanoe.jpg?crop=16:9&amp;width=320&amp;format=pjpg&amp;auto=webp&amp;quality=60 320w,https://s.w-x.co/OldCanoe.jpg?crop=16:9&amp;width=480&amp;format=pjpg&amp;auto=webp&amp;quality=60 480w,https://s.w-x.co/OldCanoe.jpg?crop=16:9&amp;width=640&amp;format=pjpg&amp;auto=webp&amp;quality=60 640w,https://s.w-x.co/OldCanoe.jpg?crop=16:9&amp;width=800&amp;format=pjpg&amp;auto=webp&amp;quality=60 800w,https://s.w-x.co/OldCanoe.jpg?crop=16:9&amp;width=980&amp;format=pjpg&amp;auto=webp&amp;quality=60 980w"><noscript><img class="Image--intrinsicRatioElement--eptTV Image--rounded--2t_Qb" alt="" src="https://s.w-x.co/OldCanoe.jpg?crop=16:9&width=160&format=pjpg&auto=webp&quality=60" /></noscript></div></div><div class="MediaObject--overlay--2IBdV"></div><div class="MediaObject--mediaIcon--2Ge4G ContentMedia--mediaIcon--1S_z0"><svg set="ui" name="video" theme="light" style="width:32.45px" data-testid="Icon" aria-hidden="true" role="img" class="Icon--icon--3wCKh Icon--lightTheme--3NMAI" viewBox="0 0 24 24"><title>Video</title><g transform="translate(2 2)" fill-rule="evenodd"><rect fill="none" stroke="currentColor" stroke-width="1" x=".75" y=".75" width="18.5" height="18.5" rx="9.25"></rect><path d="M8 7.475v4.55a.75.75 0 0 0 1.192.606l3.12-2.275a.75.75 0 0 0 0-1.212l-3.12-2.275A.75.75 0 0 0 8 7.475z"></path></g></svg></div></div><div class="MediaObject--mediaCategory--QpPav">Trending News</div><div><div class="MediaObject--mediaTitle--d3_JC ContentMedia--mediaTitle--3QRq6"><span class="Ellipsis--ellipsis--1sNTm" style="-webkit-line-clamp:3" data-testid="ContentMediaTitle">Divers Discover 1,200-Year-Old Canoe in Wisconsin Lake</span></div></div></a></div><div class="mediaListItem ContentMedia--mediaListItem--19sj1" data-tb-region-item="true"><a class="mediaLink smallMedia MediaObject--smallMedia--jGsoI ContentMedia--smallMedia--2HRCw MediaObject--mediaLink--330_t Button--default--3zkvy" href="/news/weather/video/large-waterspout-whirls-near-vancouver-airport" target="_self"><div data-testid="ContentMediaImage" class="MediaObject--mediaImg--1zbhQ ContentMedia--mediaImg--327bx"><div class="Image--rounded--2t_Qb Image--gradient--2COra"><div class="Image--rounded--2t_Qb Image--intrinsicRatioRoot--1I6CT" style="padding-top:56.25%"><img class="Image--rounded--2t_Qb Image--intrinsicRatioElement--eptTV" src="https://s.w-x.co/VancouverWaterspout.jpg?crop=16:9&amp;width=160&amp;format=pjpg&amp;auto=webp&amp;quality=60" data-src="https://s.w-x.co/VancouverWaterspout.jpg?crop=16:9&amp;width=160&amp;format=pjpg&amp;auto=webp&amp;quality=60" alt="" sizes="39vw" srcset="https://s.w-x.co/VancouverWaterspout.jpg?crop=16:9&amp;width=80&amp;format=pjpg&amp;auto=webp&amp;quality=60 80w,https://s.w-x.co/VancouverWaterspout.jpg?crop=16:9&amp;width=160&amp;format=pjpg&amp;auto=webp&amp;quality=60 160w,https://s.w-x.co/VancouverWaterspout.jpg?crop=16:9&amp;width=240&amp;format=pjpg&amp;auto=webp&amp;quality=60 240w,https://s.w-x.co/VancouverWaterspout.jpg?crop=16:9&amp;width=320&amp;format=pjpg&amp;auto=webp&amp;quality=60 320w,https://s.w-x.co/VancouverWaterspout.jpg?crop=16:9&amp;width=480&amp;format=pjpg&amp;auto=webp&amp;quality=60 480w,https://s.w-x.co/VancouverWaterspout.jpg?crop=16:9&amp;width=640&amp;format=pjpg&amp;auto=webp&amp;quality=60 640w,https://s.w-x.co/VancouverWaterspout.jpg?crop=16:9&amp;width=800&amp;format=pjpg&amp;auto=webp&amp;quality=60 800w,https://s.w-x.co/VancouverWaterspout.jpg?crop=16:9&amp;width=980&amp;format=pjpg&amp;auto=webp&amp;quality=60 980w"><noscript><img class="Image--intrinsicRatioElement--eptTV Image--rounded--2t_Qb" alt="" src="https://s.w-x.co/VancouverWaterspout.jpg?crop=16:9&width=160&format=pjpg&auto=webp&quality=60" /></noscript></div></div><div class="MediaObject--overlay--2IBdV"></div><div class="MediaObject--mediaIcon--2Ge4G ContentMedia--mediaIcon--1S_z0"><svg set="ui" name="video" theme="light" style="width:32.45px" data-testid="Icon" aria-hidden="true" role="img" class="Icon--icon--3wCKh Icon--lightTheme--3NMAI" viewBox="0 0 24 24"><title>Video</title><g transform="translate(2 2)" fill-rule="evenodd"><rect fill="none" stroke="currentColor" stroke-width="1" x=".75" y=".75" width="18.5" height="18.5" rx="9.25"></rect><path d="M8 7.475v4.55a.75.75 0 0 0 1.192.606l3.12-2.275a.75.75 0 0 0 0-1.212l-3.12-2.275A.75.75 0 0 0 8 7.475z"></path></g></svg></div></div><div class="MediaObject--mediaCategory--QpPav">Weather News</div><div><div class="MediaObject--mediaTitle--d3_JC ContentMedia--mediaTitle--3QRq6"><span class="Ellipsis--ellipsis--1sNTm" style="-webkit-line-clamp:3" data-testid="ContentMediaTitle">Large Waterspout Whips Up Near Major Airport</span></div></div></a></div></div></div><div><footer data-testid="CardFooter" class="Card--cardFooter--rsrd-"><a class="ContentMedia--cmCtaButton--1u_8O mediaCtaButton Button--primary--1UQTP" href="/news" target="_self" data-tb-region-item="true">More News</a></footer></div></section></div><div id="WxuContentMedia-main-bf4ee11b-1686-4fe2-b1ff-dbdeb84aacab" class=" removeIfEmpty"><section class="card Card--cardPadded--2oS21 Card--card--HiWPW" data-testid="ContentMediaModule" title="Weather Today Across the Country" ctatext="Read More" ctaurl="https://weather.com/forecast/news/2014-10-31-national-forecast-20141009" data-tb-region="db-cm-homepage_single_natl_EN" footer="[object Object]" aria-label="Weather Today Across the Country"><header data-testid="HeaderTitle" class="Card--cardHeader--1QwR4"><h2 class="Card--cardHeading--5_qfE">Weather Today Across the Country</h2></header><div class=""><div class="ContentMedia--primaryContainer--16gwV ContentMedia--fullMedia--1cXPO"><div class="mediaListItem ContentMedia--mediaListItem--19sj1 MediaObject--fullWidthMediaList--2O8AG" data-tb-region-item="true"><a class="mediaLink fullMedia MediaObject--fullMedia--1jrAm ContentMedia--fullMedia--1cXPO MediaObject--mediaLink--330_t Button--default--3zkvy" href="https://weather.com/forecast/news/2014-10-31-national-forecast-20141009" target="_self"><div data-testid="ContentMediaImage" class="MediaObject--mediaImg--1zbhQ ContentMedia--mediaImg--327bx"><div class="Image--rounded--2t_Qb Image--gradient--2COra"><div class="Image--rounded--2t_Qb Image--intrinsicRatioRoot--1I6CT" style="padding-top:56.25%"><img class="Image--rounded--2t_Qb Image--intrinsicRatioElement--eptTV" src="https://s.w-x.co/staticmaps/us_wxhi1_1280x720.jpg?crop=16:9&amp;width=320&amp;format=pjpg&amp;auto=webp&amp;quality=60" data-src="https://s.w-x.co/staticmaps/us_wxhi1_1280x720.jpg?crop=16:9&amp;width=320&amp;format=pjpg&amp;auto=webp&amp;quality=60" alt="" sizes="73vw" srcset="https://s.w-x.co/staticmaps/us_wxhi1_1280x720.jpg?crop=16:9&amp;width=80&amp;format=pjpg&amp;auto=webp&amp;quality=60 80w,https://s.w-x.co/staticmaps/us_wxhi1_1280x720.jpg?crop=16:9&amp;width=160&amp;format=pjpg&amp;auto=webp&amp;quality=60 160w,https://s.w-x.co/staticmaps/us_wxhi1_1280x720.jpg?crop=16:9&amp;width=240&amp;format=pjpg&amp;auto=webp&amp;quality=60 240w,https://s.w-x.co/staticmaps/us_wxhi1_1280x720.jpg?crop=16:9&amp;width=320&amp;format=pjpg&amp;auto=webp&amp;quality=60 320w,https://s.w-x.co/staticmaps/us_wxhi1_1280x720.jpg?crop=16:9&amp;width=480&amp;format=pjpg&amp;auto=webp&amp;quality=60 480w,https://s.w-x.co/staticmaps/us_wxhi1_1280x720.jpg?crop=16:9&amp;width=640&amp;format=pjpg&amp;auto=webp&amp;quality=60 640w,https://s.w-x.co/staticmaps/us_wxhi1_1280x720.jpg?crop=16:9&amp;width=800&amp;format=pjpg&amp;auto=webp&amp;quality=60 800w,https://s.w-x.co/staticmaps/us_wxhi1_1280x720.jpg?crop=16:9&amp;width=980&amp;format=pjpg&amp;auto=webp&amp;quality=60 980w"><noscript><img class="Image--intrinsicRatioElement--eptTV Image--rounded--2t_Qb" alt="" src="https://s.w-x.co/staticmaps/us_wxhi1_1280x720.jpg?crop=16:9&width=320&format=pjpg&auto=webp&quality=60" /></noscript></div></div></div></a></div></div></div><div><footer data-testid="CardFooter" class="Card--cardFooter--rsrd-"><a class="ContentMedia--cmCtaButton--1u_8O mediaCtaButton Button--primary--1UQTP" href="https://weather.com/forecast/news/2014-10-31-national-forecast-20141009" target="_self" data-tb-region-item="true">Read More</a></footer></div></section></div><div id="WxuAd-main-6ec6a613-6078-498e-92b3-efb8a9c40adf" class=" removeIfEmpty"><div class="adWrapper BaseAd--adWrapper--2qtTX BaseAd--card--1NlKb BaseAd--hide--3pG-e"><div class="adLabel">Advertisement</div><div id="WX_MidLeader" class="ad_module BaseAd--ad_module--yZlyg subs-undefined BaseAd--placeholder--31XQZ"></div></div></div><div id="WxuContentMedia-main-93e78c6f-fbe9-47e1-ae14-07a7ca30cac0" class=" removeIfEmpty"><section class="card Card--cardPadded--2oS21 Card--card--HiWPW" data-testid="ContentMediaModule" title="Recommended" ctatext="See More" ctaurl="/news" data-tb-region="db-cm-trending_EN" footer="[object Object]" aria-label="Recommended"><header data-testid="HeaderTitle" class="Card--cardHeader--1QwR4"><h2 class="Card--cardHeading--5_qfE">Recommended</h2></header><div class=""><div class="ContentMedia--secondaryContainer--3kFQZ ContentMedia--mediaInline--2c2lM ContentMedia--mediaStacked--Lf1F-"><div class="mediaListItem ContentMedia--mediaListItem--19sj1" data-tb-region-item="true"><a class="mediaLink smallMedia MediaObject--smallMedia--jGsoI ContentMedia--smallMedia--2HRCw MediaObject--mediaLink--330_t Button--default--3zkvy" href="/safety/winter/news/2021-10-21-9-things-keep-car-gets-cold" target="_self"><div data-testid="ContentMediaImage" class="MediaObject--mediaImg--1zbhQ ContentMedia--mediaImg--327bx"><div class="Image--rounded--2t_Qb Image--gradient--2COra"><div class="Image--rounded--2t_Qb Image--intrinsicRatioRoot--1I6CT" style="padding-top:56.25%"><img class="Image--rounded--2t_Qb Image--intrinsicRatioElement--eptTV" src="https://s.w-x.co/GettyImages-700712801.jpg?crop=16:9&amp;width=160&amp;format=pjpg&amp;auto=webp&amp;quality=60" data-src="https://s.w-x.co/GettyImages-700712801.jpg?crop=16:9&amp;width=160&amp;format=pjpg&amp;auto=webp&amp;quality=60" alt="" sizes="39vw" srcset="https://s.w-x.co/GettyImages-700712801.jpg?crop=16:9&amp;width=80&amp;format=pjpg&amp;auto=webp&amp;quality=60 80w,https://s.w-x.co/GettyImages-700712801.jpg?crop=16:9&amp;width=160&amp;format=pjpg&amp;auto=webp&amp;quality=60 160w,https://s.w-x.co/GettyImages-700712801.jpg?crop=16:9&amp;width=240&amp;format=pjpg&amp;auto=webp&amp;quality=60 240w,https://s.w-x.co/GettyImages-700712801.jpg?crop=16:9&amp;width=320&amp;format=pjpg&amp;auto=webp&amp;quality=60 320w,https://s.w-x.co/GettyImages-700712801.jpg?crop=16:9&amp;width=480&amp;format=pjpg&amp;auto=webp&amp;quality=60 480w,https://s.w-x.co/GettyImages-700712801.jpg?crop=16:9&amp;width=640&amp;format=pjpg&amp;auto=webp&amp;quality=60 640w,https://s.w-x.co/GettyImages-700712801.jpg?crop=16:9&amp;width=800&amp;format=pjpg&amp;auto=webp&amp;quality=60 800w,https://s.w-x.co/GettyImages-700712801.jpg?crop=16:9&amp;width=980&amp;format=pjpg&amp;auto=webp&amp;quality=60 980w"><noscript><img class="Image--intrinsicRatioElement--eptTV Image--rounded--2t_Qb" alt="" src="https://s.w-x.co/GettyImages-700712801.jpg?crop=16:9&width=160&format=pjpg&auto=webp&quality=60" /></noscript></div></div><div class="MediaObject--overlay--2IBdV"></div></div><div><div class="MediaObject--mediaTitle--d3_JC ContentMedia--mediaTitle--3QRq6"><span class="Ellipsis--ellipsis--1sNTm" style="-webkit-line-clamp:3" data-testid="ContentMediaTitle">9 Things to Keep In Your Car as It Gets Cold</span></div></div></a></div><div class="mediaListItem ContentMedia--mediaListItem--19sj1" data-tb-region-item="true"><a class="mediaLink smallMedia MediaObject--smallMedia--jGsoI ContentMedia--smallMedia--2HRCw MediaObject--mediaLink--330_t Button--default--3zkvy" href="/safety/winter/news/2019-01-29-how-to-prepare-for-blizzards" target="_self"><div data-testid="ContentMediaImage" class="MediaObject--mediaImg--1zbhQ ContentMedia--mediaImg--327bx"><div class="Image--rounded--2t_Qb Image--gradient--2COra"><div class="Image--rounded--2t_Qb Image--intrinsicRatioRoot--1I6CT" style="padding-top:56.25%"><img class="Image--rounded--2t_Qb Image--intrinsicRatioElement--eptTV" src="https://s.w-x.co/gettyimages-897257674.jpg?crop=16:9&amp;width=160&amp;format=pjpg&amp;auto=webp&amp;quality=60" data-src="https://s.w-x.co/gettyimages-897257674.jpg?crop=16:9&amp;width=160&amp;format=pjpg&amp;auto=webp&amp;quality=60" alt="" sizes="39vw" srcset="https://s.w-x.co/gettyimages-897257674.jpg?crop=16:9&amp;width=80&amp;format=pjpg&amp;auto=webp&amp;quality=60 80w,https://s.w-x.co/gettyimages-897257674.jpg?crop=16:9&amp;width=160&amp;format=pjpg&amp;auto=webp&amp;quality=60 160w,https://s.w-x.co/gettyimages-897257674.jpg?crop=16:9&amp;width=240&amp;format=pjpg&amp;auto=webp&amp;quality=60 240w,https://s.w-x.co/gettyimages-897257674.jpg?crop=16:9&amp;width=320&amp;format=pjpg&amp;auto=webp&amp;quality=60 320w,https://s.w-x.co/gettyimages-897257674.jpg?crop=16:9&amp;width=480&amp;format=pjpg&amp;auto=webp&amp;quality=60 480w,https://s.w-x.co/gettyimages-897257674.jpg?crop=16:9&amp;width=640&amp;format=pjpg&amp;auto=webp&amp;quality=60 640w,https://s.w-x.co/gettyimages-897257674.jpg?crop=16:9&amp;width=800&amp;format=pjpg&amp;auto=webp&amp;quality=60 800w,https://s.w-x.co/gettyimages-897257674.jpg?crop=16:9&amp;width=980&amp;format=pjpg&amp;auto=webp&amp;quality=60 980w"><noscript><img class="Image--intrinsicRatioElement--eptTV Image--rounded--2t_Qb" alt="" src="https://s.w-x.co/gettyimages-897257674.jpg?crop=16:9&width=160&format=pjpg&auto=webp&quality=60" /></noscript></div></div><div class="MediaObject--overlay--2IBdV"></div></div><div><div class="MediaObject--mediaTitle--d3_JC ContentMedia--mediaTitle--3QRq6"><span class="Ellipsis--ellipsis--1sNTm" style="-webkit-line-clamp:3" data-testid="ContentMediaTitle">14 Steps You Should Take To Prepare for a Winter Storm</span></div></div></a></div><div class="mediaListItem ContentMedia--mediaListItem--19sj1" data-tb-region-item="true"><a class="mediaLink smallMedia MediaObject--smallMedia--jGsoI ContentMedia--smallMedia--2HRCw MediaObject--mediaLink--330_t Button--default--3zkvy" href="/safety/winter/video/ice-101-how-to-navigate-it-on-foot-and-in-your-car" target="_self"><div data-testid="ContentMediaImage" class="MediaObject--mediaImg--1zbhQ ContentMedia--mediaImg--327bx"><div class="Image--rounded--2t_Qb Image--gradient--2COra"><div class="Image--rounded--2t_Qb Image--intrinsicRatioRoot--1I6CT" style="padding-top:56.25%"><img class="Image--rounded--2t_Qb Image--intrinsicRatioElement--eptTV" src="https://v.w-x.co/1605816683882_1119_-_ICE_101_-_SAFETY_TEXT.jpg?crop=16:9&amp;width=160&amp;format=pjpg&amp;auto=webp&amp;quality=60" data-src="https://v.w-x.co/1605816683882_1119_-_ICE_101_-_SAFETY_TEXT.jpg?crop=16:9&amp;width=160&amp;format=pjpg&amp;auto=webp&amp;quality=60" alt="" sizes="39vw" srcset="https://v.w-x.co/1605816683882_1119_-_ICE_101_-_SAFETY_TEXT.jpg?crop=16:9&amp;width=80&amp;format=pjpg&amp;auto=webp&amp;quality=60 80w,https://v.w-x.co/1605816683882_1119_-_ICE_101_-_SAFETY_TEXT.jpg?crop=16:9&amp;width=160&amp;format=pjpg&amp;auto=webp&amp;quality=60 160w,https://v.w-x.co/1605816683882_1119_-_ICE_101_-_SAFETY_TEXT.jpg?crop=16:9&amp;width=240&amp;format=pjpg&amp;auto=webp&amp;quality=60 240w,https://v.w-x.co/1605816683882_1119_-_ICE_101_-_SAFETY_TEXT.jpg?crop=16:9&amp;width=320&amp;format=pjpg&amp;auto=webp&amp;quality=60 320w,https://v.w-x.co/1605816683882_1119_-_ICE_101_-_SAFETY_TEXT.jpg?crop=16:9&amp;width=480&amp;format=pjpg&amp;auto=webp&amp;quality=60 480w,https://v.w-x.co/1605816683882_1119_-_ICE_101_-_SAFETY_TEXT.jpg?crop=16:9&amp;width=640&amp;format=pjpg&amp;auto=webp&amp;quality=60 640w,https://v.w-x.co/1605816683882_1119_-_ICE_101_-_SAFETY_TEXT.jpg?crop=16:9&amp;width=800&amp;format=pjpg&amp;auto=webp&amp;quality=60 800w,https://v.w-x.co/1605816683882_1119_-_ICE_101_-_SAFETY_TEXT.jpg?crop=16:9&amp;width=980&amp;format=pjpg&amp;auto=webp&amp;quality=60 980w"><noscript><img class="Image--intrinsicRatioElement--eptTV Image--rounded--2t_Qb" alt="" src="https://v.w-x.co/1605816683882_1119_-_ICE_101_-_SAFETY_TEXT.jpg?crop=16:9&width=160&format=pjpg&auto=webp&quality=60" /></noscript></div></div><div class="MediaObject--overlay--2IBdV"></div><div class="MediaObject--mediaIcon--2Ge4G ContentMedia--mediaIcon--1S_z0"><svg set="ui" name="video" theme="light" style="width:32.45px" data-testid="Icon" aria-hidden="true" role="img" class="Icon--icon--3wCKh Icon--lightTheme--3NMAI" viewBox="0 0 24 24"><title>Video</title><g transform="translate(2 2)" fill-rule="evenodd"><rect fill="none" stroke="currentColor" stroke-width="1" x=".75" y=".75" width="18.5" height="18.5" rx="9.25"></rect><path d="M8 7.475v4.55a.75.75 0 0 0 1.192.606l3.12-2.275a.75.75 0 0 0 0-1.212l-3.12-2.275A.75.75 0 0 0 8 7.475z"></path></g></svg></div></div><div><div class="MediaObject--mediaTitle--d3_JC ContentMedia--mediaTitle--3QRq6"><span class="Ellipsis--ellipsis--1sNTm" style="-webkit-line-clamp:3" data-testid="ContentMediaTitle">Ice 101: How to Navigate It on Foot and in Your Car</span></div></div></a></div><div class="mediaListItem ContentMedia--mediaListItem--19sj1" data-tb-region-item="true"><a class="mediaLink smallMedia MediaObject--smallMedia--jGsoI ContentMedia--smallMedia--2HRCw MediaObject--mediaLink--330_t Button--default--3zkvy" href="/safety/news/2019-10-18-are-trees-near-house-hazard" target="_self"><div data-testid="ContentMediaImage" class="MediaObject--mediaImg--1zbhQ ContentMedia--mediaImg--327bx"><div class="Image--rounded--2t_Qb Image--gradient--2COra"><div class="Image--rounded--2t_Qb Image--intrinsicRatioRoot--1I6CT" style="padding-top:56.25%"><img class="Image--rounded--2t_Qb Image--intrinsicRatioElement--eptTV" src="https://s.w-x.co/GettyImages-459247329.jpg?crop=16:9&amp;width=160&amp;format=pjpg&amp;auto=webp&amp;quality=60" data-src="https://s.w-x.co/GettyImages-459247329.jpg?crop=16:9&amp;width=160&amp;format=pjpg&amp;auto=webp&amp;quality=60" alt="" sizes="39vw" srcset="https://s.w-x.co/GettyImages-459247329.jpg?crop=16:9&amp;width=80&amp;format=pjpg&amp;auto=webp&amp;quality=60 80w,https://s.w-x.co/GettyImages-459247329.jpg?crop=16:9&amp;width=160&amp;format=pjpg&amp;auto=webp&amp;quality=60 160w,https://s.w-x.co/GettyImages-459247329.jpg?crop=16:9&amp;width=240&amp;format=pjpg&amp;auto=webp&amp;quality=60 240w,https://s.w-x.co/GettyImages-459247329.jpg?crop=16:9&amp;width=320&amp;format=pjpg&amp;auto=webp&amp;quality=60 320w,https://s.w-x.co/GettyImages-459247329.jpg?crop=16:9&amp;width=480&amp;format=pjpg&amp;auto=webp&amp;quality=60 480w,https://s.w-x.co/GettyImages-459247329.jpg?crop=16:9&amp;width=640&amp;format=pjpg&amp;auto=webp&amp;quality=60 640w,https://s.w-x.co/GettyImages-459247329.jpg?crop=16:9&amp;width=800&amp;format=pjpg&amp;auto=webp&amp;quality=60 800w,https://s.w-x.co/GettyImages-459247329.jpg?crop=16:9&amp;width=980&amp;format=pjpg&amp;auto=webp&amp;quality=60 980w"><noscript><img class="Image--intrinsicRatioElement--eptTV Image--rounded--2t_Qb" alt="" src="https://s.w-x.co/GettyImages-459247329.jpg?crop=16:9&width=160&format=pjpg&auto=webp&quality=60" /></noscript></div></div><div class="MediaObject--overlay--2IBdV"></div></div><div><div class="MediaObject--mediaTitle--d3_JC ContentMedia--mediaTitle--3QRq6"><span class="Ellipsis--ellipsis--1sNTm" style="-webkit-line-clamp:3" data-testid="ContentMediaTitle">Are the Trees Near Your House a Hazard?</span></div></div></a></div></div></div><div><footer data-testid="CardFooter" class="Card--cardFooter--rsrd-"><a class="ContentMedia--cmCtaButton--1u_8O mediaCtaButton Button--primary--1UQTP" href="/news" target="_self" data-tb-region-item="true">See More</a></footer></div></section></div><div id="WxuAd-main-e0ab3ad1-2034-4075-a98f-b3d272a18bd5" class="halfWidth removeIfEmpty"><div class="adWrapper BaseAd--adWrapper--2qtTX BaseAd--card--1NlKb BaseAd--hide--3pG-e"><div class="adLabel">Advertisement</div><div id="WX_Bot300AdX1" class="ad_module BaseAd--ad_module--yZlyg subs-undefined BaseAd--placeholder--31XQZ"></div></div></div><div id="WxuAd-main-617de16a-5b28-4ea6-8a32-d3e81ec478dc" class="halfWidth removeIfEmpty"><div class="adWrapper BaseAd--adWrapper--2qtTX BaseAd--card--1NlKb BaseAd--hide--3pG-e"><div class="adLabel">Advertisement</div><div id="WX_Bot300AdX2" class="ad_module BaseAd--ad_module--yZlyg subs-undefined BaseAd--placeholder--31XQZ"></div></div></div><div id="WxuContentMedia-main-68cf0061-cd5c-4c9a-a8e5-8ab8113bb28b" class=" removeIfEmpty"><section class="card Card--cardPadded--2oS21 Card--card--HiWPW" data-testid="ContentMediaModule" title="Photos" ctatext="See More" ctaurl="/slideshows" data-tb-region="db-cm-list_EN" footer="[object Object]" aria-label="Photos"><header data-testid="HeaderTitle" class="Card--cardHeader--1QwR4"><h2 class="Card--cardHeading--5_qfE">Photos</h2></header><div class=""><div class="ContentMedia--secondaryContainer--3kFQZ ContentMedia--mediaInline--2c2lM ContentMedia--mediaStacked--Lf1F-"><div class="mediaListItem ContentMedia--mediaListItem--19sj1" data-tb-region-item="true"><a class="mediaLink smallMedia MediaObject--smallMedia--jGsoI ContentMedia--smallMedia--2HRCw MediaObject--mediaLink--330_t Button--default--3zkvy" href="/photos/news/2021-11-08-delhi-india-smog-photos" target="_self"><div data-testid="ContentMediaImage" class="MediaObject--mediaImg--1zbhQ ContentMedia--mediaImg--327bx"><div class="Image--rounded--2t_Qb Image--gradient--2COra"><div class="Image--rounded--2t_Qb Image--intrinsicRatioRoot--1I6CT" style="padding-top:56.25%"><img class="Image--rounded--2t_Qb Image--intrinsicRatioElement--eptTV" src="https://s.w-x.co/GettyImages-1236419606.jpg?crop=16:9&amp;width=160&amp;format=pjpg&amp;auto=webp&amp;quality=60" data-src="https://s.w-x.co/GettyImages-1236419606.jpg?crop=16:9&amp;width=160&amp;format=pjpg&amp;auto=webp&amp;quality=60" alt="" sizes="39vw" srcset="https://s.w-x.co/GettyImages-1236419606.jpg?crop=16:9&amp;width=80&amp;format=pjpg&amp;auto=webp&amp;quality=60 80w,https://s.w-x.co/GettyImages-1236419606.jpg?crop=16:9&amp;width=160&amp;format=pjpg&amp;auto=webp&amp;quality=60 160w,https://s.w-x.co/GettyImages-1236419606.jpg?crop=16:9&amp;width=240&amp;format=pjpg&amp;auto=webp&amp;quality=60 240w,https://s.w-x.co/GettyImages-1236419606.jpg?crop=16:9&amp;width=320&amp;format=pjpg&amp;auto=webp&amp;quality=60 320w,https://s.w-x.co/GettyImages-1236419606.jpg?crop=16:9&amp;width=480&amp;format=pjpg&amp;auto=webp&amp;quality=60 480w,https://s.w-x.co/GettyImages-1236419606.jpg?crop=16:9&amp;width=640&amp;format=pjpg&amp;auto=webp&amp;quality=60 640w,https://s.w-x.co/GettyImages-1236419606.jpg?crop=16:9&amp;width=800&amp;format=pjpg&amp;auto=webp&amp;quality=60 800w,https://s.w-x.co/GettyImages-1236419606.jpg?crop=16:9&amp;width=980&amp;format=pjpg&amp;auto=webp&amp;quality=60 980w"><noscript><img class="Image--intrinsicRatioElement--eptTV Image--rounded--2t_Qb" alt="" src="https://s.w-x.co/GettyImages-1236419606.jpg?crop=16:9&width=160&format=pjpg&auto=webp&quality=60" /></noscript></div></div></div><div><div class="MediaObject--mediaTitle--d3_JC ContentMedia--mediaTitle--3QRq6"><span class="Ellipsis--ellipsis--1sNTm" style="-webkit-line-clamp:3" data-testid="ContentMediaTitle">Delhi Plunges into Toxic Smog Days After Diwali Celebrations (PHOTOS)</span></div></div></a></div><div class="mediaListItem ContentMedia--mediaListItem--19sj1" data-tb-region-item="true"><a class="mediaLink smallMedia MediaObject--smallMedia--jGsoI ContentMedia--smallMedia--2HRCw MediaObject--mediaLink--330_t Button--default--3zkvy" href="/photos/news/2021-11-01-cop26-un-climate-change-conference-protest-photos" target="_self"><div data-testid="ContentMediaImage" class="MediaObject--mediaImg--1zbhQ ContentMedia--mediaImg--327bx"><div class="Image--rounded--2t_Qb Image--gradient--2COra"><div class="Image--rounded--2t_Qb Image--intrinsicRatioRoot--1I6CT" style="padding-top:56.25%"><img class="Image--rounded--2t_Qb Image--intrinsicRatioElement--eptTV" src="https://s.w-x.co/GettyImages-1236412565.jpg?crop=16:9&amp;width=160&amp;format=pjpg&amp;auto=webp&amp;quality=60" data-src="https://s.w-x.co/GettyImages-1236412565.jpg?crop=16:9&amp;width=160&amp;format=pjpg&amp;auto=webp&amp;quality=60" alt="" sizes="39vw" srcset="https://s.w-x.co/GettyImages-1236412565.jpg?crop=16:9&amp;width=80&amp;format=pjpg&amp;auto=webp&amp;quality=60 80w,https://s.w-x.co/GettyImages-1236412565.jpg?crop=16:9&amp;width=160&amp;format=pjpg&amp;auto=webp&amp;quality=60 160w,https://s.w-x.co/GettyImages-1236412565.jpg?crop=16:9&amp;width=240&amp;format=pjpg&amp;auto=webp&amp;quality=60 240w,https://s.w-x.co/GettyImages-1236412565.jpg?crop=16:9&amp;width=320&amp;format=pjpg&amp;auto=webp&amp;quality=60 320w,https://s.w-x.co/GettyImages-1236412565.jpg?crop=16:9&amp;width=480&amp;format=pjpg&amp;auto=webp&amp;quality=60 480w,https://s.w-x.co/GettyImages-1236412565.jpg?crop=16:9&amp;width=640&amp;format=pjpg&amp;auto=webp&amp;quality=60 640w,https://s.w-x.co/GettyImages-1236412565.jpg?crop=16:9&amp;width=800&amp;format=pjpg&amp;auto=webp&amp;quality=60 800w,https://s.w-x.co/GettyImages-1236412565.jpg?crop=16:9&amp;width=980&amp;format=pjpg&amp;auto=webp&amp;quality=60 980w"><noscript><img class="Image--intrinsicRatioElement--eptTV Image--rounded--2t_Qb" alt="" src="https://s.w-x.co/GettyImages-1236412565.jpg?crop=16:9&width=160&format=pjpg&auto=webp&quality=60" /></noscript></div></div></div><div><div class="MediaObject--mediaTitle--d3_JC ContentMedia--mediaTitle--3QRq6"><span class="Ellipsis--ellipsis--1sNTm" style="-webkit-line-clamp:3" data-testid="ContentMediaTitle">Protests Spread Across Europe as COP26 Continues into Second Week (PHOTOS)</span></div></div></a></div><div class="mediaListItem ContentMedia--mediaListItem--19sj1" data-tb-region-item="true"><a class="mediaLink smallMedia MediaObject--smallMedia--jGsoI ContentMedia--smallMedia--2HRCw MediaObject--mediaLink--330_t Button--default--3zkvy" href="/photos/news/2021-11-05-venice-flooding-photos" target="_self"><div data-testid="ContentMediaImage" class="MediaObject--mediaImg--1zbhQ ContentMedia--mediaImg--327bx"><div class="Image--rounded--2t_Qb Image--gradient--2COra"><div class="Image--rounded--2t_Qb Image--intrinsicRatioRoot--1I6CT" style="padding-top:56.25%"><img class="Image--rounded--2t_Qb Image--intrinsicRatioElement--eptTV" src="https://s.w-x.co/AP21309447064210.jpg?crop=16:9&amp;width=160&amp;format=pjpg&amp;auto=webp&amp;quality=60" data-src="https://s.w-x.co/AP21309447064210.jpg?crop=16:9&amp;width=160&amp;format=pjpg&amp;auto=webp&amp;quality=60" alt="" sizes="39vw" srcset="https://s.w-x.co/AP21309447064210.jpg?crop=16:9&amp;width=80&amp;format=pjpg&amp;auto=webp&amp;quality=60 80w,https://s.w-x.co/AP21309447064210.jpg?crop=16:9&amp;width=160&amp;format=pjpg&amp;auto=webp&amp;quality=60 160w,https://s.w-x.co/AP21309447064210.jpg?crop=16:9&amp;width=240&amp;format=pjpg&amp;auto=webp&amp;quality=60 240w,https://s.w-x.co/AP21309447064210.jpg?crop=16:9&amp;width=320&amp;format=pjpg&amp;auto=webp&amp;quality=60 320w,https://s.w-x.co/AP21309447064210.jpg?crop=16:9&amp;width=480&amp;format=pjpg&amp;auto=webp&amp;quality=60 480w,https://s.w-x.co/AP21309447064210.jpg?crop=16:9&amp;width=640&amp;format=pjpg&amp;auto=webp&amp;quality=60 640w,https://s.w-x.co/AP21309447064210.jpg?crop=16:9&amp;width=800&amp;format=pjpg&amp;auto=webp&amp;quality=60 800w,https://s.w-x.co/AP21309447064210.jpg?crop=16:9&amp;width=980&amp;format=pjpg&amp;auto=webp&amp;quality=60 980w"><noscript><img class="Image--intrinsicRatioElement--eptTV Image--rounded--2t_Qb" alt="" src="https://s.w-x.co/AP21309447064210.jpg?crop=16:9&width=160&format=pjpg&auto=webp&quality=60" /></noscript></div></div></div><div><div class="MediaObject--mediaTitle--d3_JC ContentMedia--mediaTitle--3QRq6"><span class="Ellipsis--ellipsis--1sNTm" style="-webkit-line-clamp:3" data-testid="ContentMediaTitle">Tourists Wade Through Tidal Flooding in Venice (PHOTOS)</span></div></div></a></div><div class="mediaListItem ContentMedia--mediaListItem--19sj1" data-tb-region-item="true"><a class="mediaLink smallMedia MediaObject--smallMedia--jGsoI ContentMedia--smallMedia--2HRCw MediaObject--mediaLink--330_t Button--default--3zkvy" href="/photos/news/2021-11-04-aurora-borealis-us-photos" target="_self"><div data-testid="ContentMediaImage" class="MediaObject--mediaImg--1zbhQ ContentMedia--mediaImg--327bx"><div class="Image--rounded--2t_Qb Image--gradient--2COra"><div class="Image--rounded--2t_Qb Image--intrinsicRatioRoot--1I6CT" style="padding-top:56.25%"><img class="Image--rounded--2t_Qb Image--intrinsicRatioElement--eptTV" src="https://s.w-x.co/FDU_2XLWUAEUdQb.jpeg?crop=16:9&amp;width=160&amp;format=pjpg&amp;auto=webp&amp;quality=60" data-src="https://s.w-x.co/FDU_2XLWUAEUdQb.jpeg?crop=16:9&amp;width=160&amp;format=pjpg&amp;auto=webp&amp;quality=60" alt="" sizes="39vw" srcset="https://s.w-x.co/FDU_2XLWUAEUdQb.jpeg?crop=16:9&amp;width=80&amp;format=pjpg&amp;auto=webp&amp;quality=60 80w,https://s.w-x.co/FDU_2XLWUAEUdQb.jpeg?crop=16:9&amp;width=160&amp;format=pjpg&amp;auto=webp&amp;quality=60 160w,https://s.w-x.co/FDU_2XLWUAEUdQb.jpeg?crop=16:9&amp;width=240&amp;format=pjpg&amp;auto=webp&amp;quality=60 240w,https://s.w-x.co/FDU_2XLWUAEUdQb.jpeg?crop=16:9&amp;width=320&amp;format=pjpg&amp;auto=webp&amp;quality=60 320w,https://s.w-x.co/FDU_2XLWUAEUdQb.jpeg?crop=16:9&amp;width=480&amp;format=pjpg&amp;auto=webp&amp;quality=60 480w,https://s.w-x.co/FDU_2XLWUAEUdQb.jpeg?crop=16:9&amp;width=640&amp;format=pjpg&amp;auto=webp&amp;quality=60 640w,https://s.w-x.co/FDU_2XLWUAEUdQb.jpeg?crop=16:9&amp;width=800&amp;format=pjpg&amp;auto=webp&amp;quality=60 800w,https://s.w-x.co/FDU_2XLWUAEUdQb.jpeg?crop=16:9&amp;width=980&amp;format=pjpg&amp;auto=webp&amp;quality=60 980w"><noscript><img class="Image--intrinsicRatioElement--eptTV Image--rounded--2t_Qb" alt="" src="https://s.w-x.co/FDU_2XLWUAEUdQb.jpeg?crop=16:9&width=160&format=pjpg&auto=webp&quality=60" /></noscript></div></div></div><div><div class="MediaObject--mediaTitle--d3_JC ContentMedia--mediaTitle--3QRq6"><span class="Ellipsis--ellipsis--1sNTm" style="-webkit-line-clamp:3" data-testid="ContentMediaTitle">Brilliant Aurora Graced Northern U.S. Skies Wednesday Night (PHOTOS)</span></div></div></a></div></div></div><div><footer data-testid="CardFooter" class="Card--cardFooter--rsrd-"><a class="ContentMedia--cmCtaButton--1u_8O mediaCtaButton Button--primary--1UQTP" href="/slideshows" target="_self" data-tb-region-item="true">See More</a></footer></div></section></div><div id="Taboola-main-f6ca0247-5836-4cb0-a1f4-a2d9e3cf15bf" class=" removeIfEmpty"></div><div id="WxuSmartMessage-main-ccd9cf55-d5e7-49c0-ad2b-3551f3b154fe" class=" removeIfEmpty"></div><div id="WxuPrivacyDataNotice-main-7ba809f2-44e7-4620-8c90-12aab7b79f2a" class=" removeIfEmpty"></div></main><aside class="region-sidebar regionSidebar DaybreakLargeScreen--regionSidebar--2kFGB" aria-label="Sidebar"><div id="WxuAd-sidebar-2216c858-71f6-472b-a087-375ed6aa08a2" class=" removeIfEmpty"><div class="adWrapper BaseAd--adWrapper--2qtTX BaseAd--card--1NlKb BaseAd--hide--3pG-e"><div class="adLabel">Advertisement</div><div id="WX_Top300Variable" class="ad_module BaseAd--ad_module--yZlyg subs-undefined BaseAd--placeholder--31XQZ"></div></div></div><div id="WxuHurricaneTrackerCard-sidebar-eaf3a578-6862-468e-9c75-5973515b2d3f" class=" removeIfEmpty"><section class="card Card--card--HiWPW" data-testid="HurricaneTrackerCardModule" title="Hurricane Tracker" id="Wxu-HurricaneTrackerCard-Module" ctaurl="/weather/radar/interactive/l/null?base=roadsDark&amp;zoom=6&amp;collection=Terry" ctatext="Track Storm" aria-label="Hurricane Tracker"><header data-testid="HeaderTitle" class="Card--cardHeader--1QwR4"><h2 class="Card--cardHeading--5_qfE">Hurricane Tracker</h2></header><div class="HurricaneTrackerCard--bodyWrapper--KBdzt"><div class="HurricaneTrackerCard--stormDetailsHeader--2epC1"><div class="HurricaneTrackerCard--stormIcon--2dyhh HurricaneTrackerCard--l--29MMX">L</div><div class="HurricaneTrackerCard--textWrapper--1Hz_q"><div class="HurricaneTrackerCard--stormName--GnxI5">Tropical Depression Terry</div><div class="HurricaneTrackerCard--stormDate--SnZCG">Nov 9, 9:00 am</div></div></div><ul class="HurricaneTrackerCard--stormDetailsList--1M-cR"><li><div class="HurricaneTrackerCard--label--mO3OW">Max Winds</div><div class="HurricaneTrackerCard--value--2WPHH"><span data-testid="Wind" class="Wind--windWrapper--3aqXJ undefined">35 mph</span></div></li><li><div class="HurricaneTrackerCard--label--mO3OW">Movement</div><div class="HurricaneTrackerCard--value--2WPHH">W at 14 mph</div></li><li><div class="HurricaneTrackerCard--label--mO3OW">Pressure</div><div class="HurricaneTrackerCard--value--2WPHH">1007 mb</div></li></ul><div class="MapboxAttribution--Attribution--1vD2Z MapboxAttribution--topright--3JfbO HurricaneTrackerCard--attributionPositionOverride--2MP4j"><div class="MapboxAttribution--buttonAndLogo--jhR2l" data-testid="MapboxAttribution"><button data-testid="MapboxLinks" aria-label="Map Attribution" alt="Map Attribution" class="MapboxAttribution--mapboxLogo--2dmD6 MapboxAttribution--white--2kOId" type="button"><div><svg xmlns="http://www.w3.org/2000/svg" viewBox="0 0 800 180"><title>Mapbox Logo</title><path d="M594.6 49.8c-9.9 0-19.4 4.1-26.3 11.3V23c0-1.2-1-2.2-2.2-2.2h-13.4c-1.2 0-2.2 1-2.2 2.2v103c0 1.2 1 2.2 2.2 2.2h13.4c1.2 0 2.2-1 2.2-2.2v-7.1c6.9 7.2 16.3 11.3 26.3 11.3 20.9 0 37.8-18 37.8-40.2s-16.9-40.2-37.8-40.2zm-3.1 64.3c-12.7 0-23-10.6-23.1-23.8v-.6c.2-13.2 10.4-23.8 23.1-23.8 12.8 0 23.1 10.8 23.1 24.1s-10.4 24.1-23.1 24.1zM681.7 49.8c-22.6 0-40.9 18-40.9 40.2s18.3 40.2 40.9 40.2c22.6 0 40.9-18 40.9-40.2s-18.3-40.2-40.9-40.2zm-.1 64.3c-12.8 0-23.1-10.8-23.1-24.1s10.4-24.1 23.1-24.1 23.1 10.8 23.1 24.1-10.4 24.1-23.1 24.1zM431.6 51.8h-13.4c-1.2 0-2.2 1-2.2 2.2v7.1c-6.9-7.2-16.3-11.3-26.3-11.3-20.9 0-37.8 18-37.8 40.2s16.9 40.2 37.8 40.2c9.9 0 19.4-4.1 26.3-11.3v7.1c0 1.2 1 2.2 2.2 2.2h13.4c1.2 0 2.2-1 2.2-2.2V54c0-1.2-1-2.2-2.2-2.2zm-38.8 62.3c-12.8 0-23.1-10.8-23.1-24.1s10.4-24.1 23.1-24.1c12.7 0 23 10.6 23.1 23.8v.6c-.1 13.2-10.4 23.8-23.1 23.8zM498.5 49.8c-9.9 0-19.4 4.1-26.3 11.3V54c0-1.2-1-2.2-2.2-2.2h-13.4c-1.2 0-2.2 1-2.2 2.2v103c0 1.2 1 2.2 2.2 2.2H470c1.2 0 2.2-1 2.2-2.2v-38.1c6.9 7.2 16.3 11.3 26.3 11.3 20.9 0 37.8-18 37.8-40.2s-16.9-40.2-37.8-40.2zm-3.1 64.3c-12.7 0-23-10.6-23.1-23.8v-.6c.2-13.2 10.4-23.8 23.1-23.8 12.8 0 23.1 10.8 23.1 24.1s-10.3 24.1-23.1 24.1zM311.8 49.8c-10 .1-19.1 5.9-23.4 15-4.9-9.3-14.7-15.1-25.2-15-8.2 0-15.9 4-20.7 10.6V54c0-1.2-1-2.2-2.2-2.2h-13.4c-1.2 0-2.2 1-2.2 2.2v72c0 1.2 1 2.2 2.2 2.2h13.4c1.2 0 2.2-1 2.2-2.2V82.9c.5-9.6 7.2-17.3 15.4-17.3 8.5 0 15.6 7.1 15.6 16.4v44c0 1.2 1 2.2 2.2 2.2h13.5c1.2 0 2.2-1 2.2-2.2l-.1-44.8c1.2-8.8 7.5-15.6 15.2-15.6 8.5 0 15.6 7.1 15.6 16.4v44c0 1.2 1 2.2 2.2 2.2h13.5c1.2 0 2.2-1 2.2-2.2l-.1-49.5c0-14.8-12.6-26.7-28.1-26.7zM794.7 125.1l-23.2-35.3 23-35c.6-.9.3-2.2-.6-2.8-.3-.2-.7-.3-1.1-.3h-15.5c-1.2 0-2.3.6-2.9 1.6L760.9 76l-13.5-22.6c-.6-1-1.7-1.6-2.9-1.6H729c-1.1 0-2 .9-2 2 0 .4.1.8.3 1.1l23 35-23.2 35.3c-.6.9-.3 2.2.6 2.8.3.2.7.3 1.1.3h15.5c1.2 0 2.3-.6 2.9-1.6l13.8-23 13.8 23c.6 1 1.7 1.6 2.9 1.6H793c1.1 0 2-.9 2-2 0-.4-.1-.8-.3-1.2z"></path><g><path d="M93.9 1.1C44.8 1.1 5 40.9 5 90s39.8 88.9 88.9 88.9 88.9-39.8 88.9-88.9c0-49.1-39.8-88.9-88.9-88.9zm42.2 110.7c-30.4 30.4-84.7 20.7-84.7 20.7s-9.8-54.2 20.7-84.7C89 30.9 117 31.6 134.7 49.2s18.3 45.7 1.4 62.6z"></path><path d="M104.1 53.2l-8.7 17.9-17.9 8.7 17.9 8.7 8.7 17.9 8.7-17.9 17.9-8.7-17.9-8.7z"></path></g></svg></div></button></div><div class="
          MapboxAttribution--mapboxlinks--2ovD2
          MapboxAttribution--hide--3WTWm
          MapboxAttribution--stack--TRFcZ
          
        "><a target="_blank" rel="noopener noreferrer" href="https://mapbox.com/about/maps">© 2021 Mapbox</a><a target="_blank" rel="noopener noreferrer" href="https://www.openstreetmap.org/about">© OpenStreetMap</a><a target="_blank" rel="noopener noreferrer" href="https://www.mapbox.com/map-feedback/">Improve this map</a></div></div><a href="/weather/radar/interactive/l/null?base=roadsDark&amp;zoom=6&amp;collection=Terry"><div class="HurricaneTrackerCard--gradient--1z83d"></div><div class="HurricaneTrackerCard--mapImage--3bPqE" style="background-image:url(//api.weather.com/v2/maps/dynamic?geocode=11,-110&amp;h=320&amp;w=568&amp;lod=4&amp;product=9066&amp;map=dark&amp;format=png&amp;language=en&amp;apiKey=21d8a80b3d6b444998a80b3d6b1449d3&amp;a=0)"></div></a></div><footer data-testid="CardFooter" class="Card--cardFooter--rsrd-"><a class="Button--primary--1UQTP" href="/weather/radar/interactive/l/null?base=roadsDark&amp;zoom=6&amp;collection=Terry" target="_self">Track Storm</a></footer></section></div><div id="WxuAd-sidebar-ddd4a3cb-7622-4c4d-b058-5101b4678ae5" class=" removeIfEmpty"><div class="adWrapper BaseAd--adWrapper--2qtTX BaseAd--card--1NlKb BaseAd--hide--3pG-e"><div class="adLabel">Advertisement</div><div id="WX_Mid300" class="ad_module BaseAd--ad_module--yZlyg subs-undefined BaseAd--placeholder--31XQZ"></div></div></div><div id="WxuPromoDriver-sidebar-721f1a1a-460a-422c-a0db-db83a582b227" class=" removeIfEmpty"><section class="card Card--card--HiWPW PromoDriver--card--L3N9x" title="Stay Safe" data-testid="promoDriverModule" fromstring="promoDriverLink" aria-label="Stay Safe"><header data-testid="HeaderTitle" class="Card--cardHeader--1QwR4 PromoDriver--cardHeader--18cFA"><h2 class="Card--cardHeading--5_qfE">Stay Safe</h2></header><section class="PromoDriver--cardContent--3d1dY"><div class="PromoDriver--fallbackAndAd--1oRGC"><div class="PromoDriver--fallback--3TL5h"><a href="/safety"><div class="Image--gradient--2COra"><div class="Image--intrinsicRatioRoot--1I6CT" style="padding-top:35.08771929824561%"><img class="Image--intrinsicRatioElement--eptTV" data-src="https://s.w-x.co/promo-modules-units-features.png?crop=2.85:1&amp;width=80&amp;format=pjpg&amp;auto=webp&amp;quality=60" alt=""><noscript><img class="Image--intrinsicRatioElement--eptTV" alt="" src="https://s.w-x.co/promo-modules-units-features.png?crop=2.85:1&width=80&format=pjpg&auto=webp&quality=60" /></noscript></div></div></a></div><div class="LazyLoad"></div></div></section></section></div><div id="WxuAd-sidebar-d2ec6be1-08ec-4be9-b2d3-9df78d6b0d32" class=" removeIfEmpty"></div><div id="WxuSmartMessage-sidebar-4f2fc4ea-834c-493d-93af-1e3cdf2daea7" class=" removeIfEmpty"></div><div id="WxuSmartMessage-sidebar-2384c765-4ac5-41e9-8f2d-5a69476cf939" class=" removeIfEmpty"></div><div id="WxuContentMedia-sidebar-154205c3-43e0-4e4d-a284-972095b12084" class=" removeIfEmpty"><section class="card Card--cardPadded--2oS21 Card--card--HiWPW" data-testid="ContentMediaModule" title="Featured Deal" ctatext="See More" ctaurl="/deals/stackcommerce" data-tb-region="tb-affiliate-rr" footer="[object Object]" aria-label="Featured Deal"><header data-testid="HeaderTitle" class="Card--cardHeader--1QwR4"><h2 class="Card--cardHeading--5_qfE">Featured Deal</h2></header><div class=""><div class="ContentMedia--primaryContainer--16gwV ContentMedia--fullMedia--1cXPO"><div class="mediaListItem ContentMedia--mediaListItem--19sj1 MediaObject--fullWidthMediaList--2O8AG" data-tb-region-item="true"><a class="mediaLink fullMedia MediaObject--fullMedia--1jrAm ContentMedia--fullMedia--1cXPO MediaObject--mediaLink--330_t Button--default--3zkvy" href="/deals/stackcommerce/news/2021-10-19-smart-press-heating-cup-coaster" target="_self" data-from-string="ContentMedia|AffiliatePromo|See More_Keep_Your Coffee Warm With The Smart Press Heating Cup Coaster, Just $26"><div data-testid="ContentMediaImage" class="MediaObject--mediaImg--1zbhQ ContentMedia--mediaImg--327bx"><div class="Image--rounded--2t_Qb Image--gradient--2COra"><div class="Image--rounded--2t_Qb Image--intrinsicRatioRoot--1I6CT" style="padding-top:56.25%"><img class="Image--rounded--2t_Qb Image--intrinsicRatioElement--eptTV" src="https://s.w-x.co/bunnyearscoaster.jpeg?crop=16:9&amp;width=320&amp;format=pjpg&amp;auto=webp&amp;quality=60" data-src="https://s.w-x.co/bunnyearscoaster.jpeg?crop=16:9&amp;width=320&amp;format=pjpg&amp;auto=webp&amp;quality=60" alt="" sizes="73vw" srcset="https://s.w-x.co/bunnyearscoaster.jpeg?crop=16:9&amp;width=80&amp;format=pjpg&amp;auto=webp&amp;quality=60 80w,https://s.w-x.co/bunnyearscoaster.jpeg?crop=16:9&amp;width=160&amp;format=pjpg&amp;auto=webp&amp;quality=60 160w,https://s.w-x.co/bunnyearscoaster.jpeg?crop=16:9&amp;width=240&amp;format=pjpg&amp;auto=webp&amp;quality=60 240w,https://s.w-x.co/bunnyearscoaster.jpeg?crop=16:9&amp;width=320&amp;format=pjpg&amp;auto=webp&amp;quality=60 320w,https://s.w-x.co/bunnyearscoaster.jpeg?crop=16:9&amp;width=480&amp;format=pjpg&amp;auto=webp&amp;quality=60 480w,https://s.w-x.co/bunnyearscoaster.jpeg?crop=16:9&amp;width=640&amp;format=pjpg&amp;auto=webp&amp;quality=60 640w,https://s.w-x.co/bunnyearscoaster.jpeg?crop=16:9&amp;width=800&amp;format=pjpg&amp;auto=webp&amp;quality=60 800w,https://s.w-x.co/bunnyearscoaster.jpeg?crop=16:9&amp;width=980&amp;format=pjpg&amp;auto=webp&amp;quality=60 980w"><noscript><img class="Image--intrinsicRatioElement--eptTV Image--rounded--2t_Qb" alt="" src="https://s.w-x.co/bunnyearscoaster.jpeg?crop=16:9&width=320&format=pjpg&auto=webp&quality=60" /></noscript></div></div></div><div><div class="MediaObject--mediaTitle--d3_JC ContentMedia--mediaTitle--3QRq6"><span class="Ellipsis--ellipsis--1sNTm" style="-webkit-line-clamp:3" data-testid="ContentMediaTitle">Keep Your Coffee Warm With The Smart Press Heating Cup Coaster, Just $26</span></div></div></a></div></div></div><div><footer data-testid="CardFooter" class="Card--cardFooter--rsrd-"><a class="ContentMedia--cmCtaButton--1u_8O mediaCtaButton Button--primary--1UQTP" href="/deals/stackcommerce" target="_self" data-from-string="ContentMedia|AffiliatePromo|See More_ctaButton}" data-tb-region-item="true">See More</a></footer></div></section></div><div id="WxuAd-sidebar-fbb14727-c8f1-4a09-a56b-b840a24681c4" class=" removeIfEmpty"><div class="adWrapper BaseAd--adWrapper--2qtTX BaseAd--card--1NlKb BaseAd--hide--3pG-e"><div class="adLabel">Advertisement</div><div id="WX_Bot300AdX3" class="ad_module BaseAd--ad_module--yZlyg subs-undefined BaseAd--placeholder--31XQZ"></div></div></div></aside></div><div class="region-contentBottom regionContentBottom DaybreakLargeScreen--regionContentBottom--eIwFn"><div id="WxuAd-contentBottom-cb63b42d-d07c-48d9-a6a4-5f0b1dbc58bf" class=" removeIfEmpty"><div class="adWrapper BaseAd--adWrapper--2qtTX BaseAd--card--1NlKb BaseAd--hide--3pG-e"><div class="adLabel">Advertisement</div><div id="WX_BottomLeader" class="ad_module BaseAd--ad_module--yZlyg subs-undefined BaseAd--placeholder--31XQZ"></div></div></div></div></main><footer class="region-footer regionFooter DaybreakLargeScreen--regionFooter--3zJxU"><div id="WxuDaybreakMetrics-footer-95b11cb9-8af9-4c23-abd1-5b7e7bc621d9" class=" removeIfEmpty"></div><div id="WxuMedalliaSurvey-footer-495720e7-facc-4c28-af6b-52f78459520a" class=" removeIfEmpty"></div><div id="WxuFooter-footer-5b5ebc4f-6cb5-4bcf-8c09-60524c9ff62d" class=" removeIfEmpty"><div data-testid="Footer" class="Footer--container--17QeH"><div class="Footer--Footer--1HyT6"><div class="Footer--socialLogos--2MwDy"><div class="Footer--logoLockup--2C7WO Footer--linkSpacing--l05S2"><svg class="Footer--iconWeatherCompany--I4AuQ Icon--icon--3wCKh" set="footer" name="the-weather-company" height="70" data-testid="Icon" aria-hidden="false" aria-label="The Weather Company, an IBM Business" role="img" width="70" viewBox="0 0 70 70"><title>The Weather Company</title><g fill="none" fill-rule="evenodd"><path d="M40.293 61.769c.926 0 1.628.287 1.692 1.293h-.678c-.04-.527-.52-.694-.958-.694-.407 0-.878.111-.878.526 0 .479.718.575 1.349.718.678.152 1.349.384 1.349 1.174 0 .99-.918 1.3-1.756 1.3-.926 0-1.708-.375-1.748-1.396h.678c.024.606.559.798 1.11.798.422 0 .997-.096.997-.615 0-1.06-2.697-.343-2.697-1.93 0-.83.814-1.174 1.54-1.174zm-5.043.096v2.793c0 .51.32.83.838.83.822 0 1.22-.55 1.22-1.293v-2.33h.68v4.126h-.64v-.655h-.015c-.287.511-.742.75-1.34.75-1.086 0-1.421-.622-1.421-1.508v-2.713h.678zm15.233-.096c1.46 0 1.907 1.364 1.867 2.362h-3.088c-.024.719.383 1.357 1.285 1.357.566 0 .95-.263 1.069-.806h.67c-.183.918-.83 1.404-1.763 1.404-1.317 0-1.94-.917-1.98-2.17 0-1.245.814-2.147 1.94-2.147zm8.05 0c.926 0 1.629.287 1.693 1.293h-.679c-.04-.527-.518-.694-.957-.694-.407 0-.878.111-.878.526 0 .479.718.575 1.348.718.679.152 1.35.384 1.35 1.174 0 .99-.919 1.3-1.757 1.3-.925 0-1.708-.375-1.747-1.396h.678c.024.606.559.798 1.11.798.422 0 .997-.096.997-.615 0-1.06-2.698-.343-2.698-1.93 0-.83.814-1.174 1.54-1.174zm-4.053 0c.926 0 1.628.287 1.692 1.293h-.678c-.04-.527-.519-.694-.958-.694-.407 0-.878.111-.878.526 0 .479.719.575 1.349.718.678.152 1.349.384 1.349 1.174 0 .99-.918 1.3-1.756 1.3-.926 0-1.708-.375-1.748-1.396h.679c.024.606.558.798 1.109.798.423 0 .997-.096.997-.615 0-1.06-2.697-.343-2.697-1.93 0-.83.814-1.174 1.54-1.174zM4.123 60.293L6.35 65.99h-.838l-.623-1.716H2.48l-.638 1.716H1.06l2.226-5.698h.838zm4.804 1.476c1.085 0 1.42.623 1.42 1.508v2.714H9.67v-2.793c0-.511-.32-.83-.838-.83-.822 0-1.221.55-1.221 1.292v2.33h-.678v-4.125h.638v.654h.016c.287-.51.742-.75 1.34-.75zm37.534 0c1.086 0 1.42.623 1.42 1.508v2.714h-.678v-2.793c0-.511-.319-.83-.838-.83-.822 0-1.22.55-1.22 1.292v2.33h-.68v-4.125h.64v.654h.015c.288-.51.743-.75 1.341-.75zm-15.057-1.476c.495 0 1.173 0 1.509.207.375.224.67.622.67 1.19 0 .606-.311 1.06-.846 1.276v.016c.702.152 1.085.67 1.085 1.373 0 .83-.606 1.636-1.731 1.636h-2.754v-5.698h2.067zm-14.083 0c.495 0 1.173 0 1.508.207.375.224.67.622.67 1.19 0 .606-.31 1.06-.845 1.276v.016c.702.152 1.085.67 1.085 1.373 0 .83-.607 1.636-1.732 1.636h-2.753v-5.698h2.067zm4.308 0l1.796 4.788 1.804-4.788h1.037v5.698h-.718v-4.74h-.016l-1.78 4.74h-.646l-1.78-4.74h-.016v4.74h-.718v-5.698h1.037zm-7.54 0v5.698h-.758v-5.698h.758zm29.781 1.572v4.126h-1v-4.126h1zM31.827 63.38h-1.732v1.971h1.9c.662 0 1.07-.39 1.07-1.021 0-.743-.6-.95-1.238-.95zm-14.083 0h-1.732v1.971h1.9c.662 0 1.069-.39 1.069-1.021 0-.743-.599-.95-1.237-.95zM3.7 60.979h-.016l-.965 2.657H4.65L3.7 60.98zm46.743 1.389c-.702 0-1.142.526-1.181 1.165h2.37c-.04-.647-.51-1.165-1.19-1.165zM17.528 60.93h-1.516v1.812h1.516c.862 0 1.213-.304 1.213-.91 0-.798-.55-.902-1.213-.902zm14.084 0h-1.517v1.812h1.517c.862 0 1.213-.304 1.213-.91 0-.798-.551-.902-1.213-.902zm12.258-.638v.83h-1v-.83h1zm19.342-15.179l1.59 5.32c.16.554.482 1.893.482 1.893s.178-1.018.285-1.464c.143-.572.179-.66.357-1.268l1.375-4.338h2.517l-3.32 9.266c-.625 1.767-1.09 2.535-1.75 3.017-.607.446-1.392.732-2.214.839l-.821-1.571c.518-.143 1.125-.357 1.482-.607.268-.197.482-.447.678-.75.232-.375.304-.536.518-1.071h-.607c-.143-.429-.214-.607-.375-1.071-.179-.554-.464-1.464-.482-1.5l-2.16-6.409 2.445-.286zm-25.153-.179c.642 0 1.303.215 1.802.553.983.661 1.697 1.84 1.697 3.946 0 1.964-.304 2.981-1.268 3.981-.625.66-1.446 1.035-2.445 1.035-.715 0-1.393-.178-1.91-.482.028.172.034.549.035.693v2.914l-2.303.607v-10.57c0-1.195-.018-1.534-.143-2.302l2.125-.375c.089.321.142.572.16.857.41-.5 1.321-.857 2.25-.857zM5.746 41.83c1.232 0 2.463.393 3.142.982l-1.125 1.696c-.625-.464-1.285-.696-1.982-.696-.839 0-1.66.41-2.106 1.071-.482.714-.696 1.75-.696 3.196 0 1.696.142 2.642.517 3.32.5.91 1.321 1.393 2.393 1.393.678 0 1.267-.197 1.874-.607.071-.054.16-.125.25-.197l1.143 1.571c-.982.804-2.036 1.16-3.446 1.16-1.714 0-3.035-.553-4.053-1.713-1-1.125-1.5-2.624-1.5-4.446 0-1.552.269-2.784.84-3.855.964-1.804 2.75-2.875 4.749-2.875zm41.31 3.087c1.535 0 2.589.572 2.946 1.59.125.374.16.66.16 1.641l-.053 3.071v.16c0 .983.16 1.358.857 1.875l-1.268 1.464c-.553-.232-1.053-.642-1.285-1.107-.34.322-.375.357-.553.482-.447.322-1.09.5-1.84.5-2.035 0-3.141-1.035-3.141-2.856 0-2.142 1.481-3.142 4.391-3.142.179 0 .286 0 .536.018v-.375c0-1.018-.197-1.357-1.071-1.357-.768 0-1.66.375-2.642 1.036l-1.018-1.714c.59-.375.84-.5 1.482-.75.892-.375 1.66-.536 2.5-.536zm-33.295.27c1.304 0 2.321.446 3.107 1.374.732.857 1.053 1.857 1.053 3.339 0 1.57-.357 2.642-1.143 3.534-.696.786-1.606 1.268-3.017 1.268-2.481 0-4.106-1.857-4.106-4.73 0-2.875 1.643-4.785 4.106-4.785zm15.032-.108c.714 0 1.393.214 1.803.571.518.446.679.982.679 2.231v6.499h-2.321v-6.034c0-1.09-.125-1.304-.75-1.304-.446 0-1.071.304-1.589.768v6.57h-2.267v-5.945c0-1.143-.16-1.41-.821-1.41-.447 0-1.054.232-1.571.696v6.659h-2.339v-6.374c0-1.32-.09-1.892-.34-2.338l2.16-.59c.162.25.233.465.322.93.625-.608 1.393-.93 2.232-.93.75 0 1.374.25 1.856.75.126.125.179.197.357.447.84-.857 1.59-1.196 2.59-1.196zm25.404-.072c.214.375.34.768.34 1.143.553-.393.66-.464 1.053-.679a3.77 3.77 0 011.642-.392c1.018 0 1.91.535 2.196 1.32.125.34.178.733.178 1.304v6.677H57.25v-5.945c0-1.036-.179-1.339-.803-1.339-.482 0-1.107.321-1.66.821v6.463h-2.393v-6.623c0-.786-.107-1.536-.321-2.143l2.124-.607zm-40.4 1.947c-.571 0-1.035.357-1.232.928-.16.482-.25 1.125-.25 2.036 0 1.053.107 1.838.304 2.302.214.5.75.75 1.214.75 1.035 0 1.481-.928 1.481-3.088 0-1.232-.16-2.035-.482-2.446-.232-.303-.606-.482-1.035-.482zm33.973 3.301h-.107c-1.66 0-2.231.304-2.231 1.393 0 .714.446 1.196 1.053 1.196.446 0 .893-.232 1.25-.625l.035-1.964zm-10.193-3.374c-.59 0-1.16.25-1.59.696v4.445c.322.268.84.536 1.322.536 1.178 0 1.642-.803 1.642-2.892 0-.875-.071-1.571-.232-2.017-.178-.5-.553-.768-1.142-.768zm-9.139-17.239c1.535 0 2.589.571 2.946 1.589.125.374.16.66.16 1.642l-.053 3.07v.161c0 .982.16 1.357.857 1.875l-1.268 1.464c-.553-.232-1.053-.643-1.285-1.107-.34.321-.375.357-.554.482-.446.321-1.089.5-1.839.5-2.035 0-3.142-1.035-3.142-2.856 0-2.143 1.482-3.142 4.392-3.142.179 0 .286 0 .536.017v-.374c0-1.018-.197-1.358-1.072-1.358-.767 0-1.66.375-2.642 1.036l-1.017-1.714c.589-.375.839-.5 1.482-.75.892-.375 1.66-.535 2.499-.535zm-9.14.018c1.053 0 2.052.357 2.642.964.839.857 1.213 2.089 1.213 3.999v.553H17.87v.072c0 1.41.696 2.214 1.928 2.214.822 0 1.589-.304 2.321-.911l.928 1.428c-1.053.857-2.16 1.267-3.445 1.267-2.625 0-4.32-1.856-4.32-4.73 0-1.643.339-2.732 1.142-3.624.75-.84 1.66-1.232 2.874-1.232zm33.026-.126c1.053 0 2.053.357 2.642.964.839.857 1.214 2.089 1.214 3.999v.554h-5.285v.07c0 1.411.697 2.215 1.928 2.215.822 0 1.59-.304 2.321-.91l.928 1.427c-1.053.857-2.16 1.268-3.445 1.268-2.624 0-4.32-1.857-4.32-4.731 0-1.643.339-2.732 1.142-3.624.75-.84 1.66-1.232 2.875-1.232zM2.642 26.595l1.071 4.892c.518 2.32.661 4.088.661 4.088.053-.482.268-2.25.642-3.963l1.107-5.017h2.732l1.142 5.553c.232 1.16.536 3.284.536 3.284.036-.392.464-3.088.678-4.123l1.018-4.714h2.624L11.854 39.11H9.123l-1.107-5.052c-.429-1.928-.572-3.5-.59-3.606 0 0-.25 1.75-.606 3.57L5.802 39.11H2.964L0 26.595h2.642zm33.687.35a26.98 26.98 0 00-.143 2.75h2.142l-.607 1.589h-1.535v4.66c0 1.16.214 1.463 1.035 1.463.215 0 .429-.054.857-.178l.304 1.428c-.697.285-1.321.41-1.946.41-1.214 0-2.196-.535-2.464-1.339-.132-.362-.157-.542-.16-1.228v-5.216H32.9V29.73h.91c0-.892 0-1.5.09-2.178l2.428-.607zm25.833 2.553c.357 0 .518.036.892.197l-.66 2.106a1.35 1.35 0 00-.696-.178c-.536 0-1.018.25-1.464.767v6.463h-2.392v-6.106c0-1.231-.143-2.16-.34-2.677l2.143-.572c.214.375.339.786.375 1.304.339-.465.91-.947 1.356-1.16.197-.09.518-.144.786-.144zm-20.853-3.874c.107.5.16 1.357.16 2.232v1.82c0 .286-.035.661-.035.768.624-.589 1.66-.981 2.588-.981 1.125 0 2.089.535 2.375 1.303.178.518.232.66.232 1.696v6.391h-2.34v-6.141c0-.91-.249-1.25-.927-1.25-.59 0-1.357.357-1.893.84v6.551h-2.428V28.284c0-.857-.071-1.713-.178-2.088l2.446-.572zM29.152 34.98h-.107c-1.66 0-2.232.303-2.232 1.392 0 .714.447 1.197 1.054 1.197.446 0 .892-.233 1.25-.625l.035-1.964zm-9.819-3.57c-.91 0-1.428.713-1.428 1.98v.037h2.767v-.108c0-.678-.072-1.035-.286-1.374-.232-.357-.57-.536-1.053-.536zm33.026-.127c-.91 0-1.428.715-1.428 1.982v.036h2.767v-.107c0-.679-.071-1.036-.286-1.375-.232-.357-.57-.536-1.053-.536zM23.316 14.321c1.054 0 2.053.358 2.643.965.839.856 1.214 2.088 1.214 3.998v.554h-5.285v.071c0 1.41.697 2.214 1.928 2.214.822 0 1.59-.303 2.321-.91l.929 1.428c-1.054.857-2.16 1.267-3.446 1.267-2.625 0-4.32-1.856-4.32-4.73 0-1.643.339-2.732 1.142-3.625.75-.839 1.66-1.232 2.874-1.232zM9.034 11.233l-.41 2.07H5.66V23.64H3.125V13.304H.09v-2.071h8.944zm3.268-.821c.107.5.16 1.357.16 2.231v1.821c0 .286-.036.66-.036.768.625-.59 1.66-.982 2.59-.982 1.124 0 2.088.536 2.373 1.303.179.518.233.661.233 1.696v6.392h-2.339v-6.142c0-.91-.25-1.25-.928-1.25-.59 0-1.357.358-1.893.84v6.552h-2.428V13.07c0-.856-.071-1.713-.178-2.088l2.446-.571zm11.05 5.66c-.91 0-1.428.713-1.428 1.98v.036h2.767v-.107c0-.678-.071-1.035-.286-1.374-.232-.357-.57-.536-1.053-.536zm23.555-8.125c.117 0 .224.035.327.104l-.057.094a.438.438 0 00-.264-.092c-.136 0-.217.068-.217.179 0 .087.052.138.18.177l.126.04c.096.03.149.058.191.109.045.05.072.123.072.192a.32.32 0 01-.15.26.42.42 0 01-.245.067.636.636 0 01-.348-.098l.057-.101c.09.065.182.093.291.093.083 0 .127-.012.173-.047a.186.186 0 00.077-.155c0-.097-.063-.164-.194-.203l-.11-.033c-.098-.03-.15-.053-.193-.097a.252.252 0 01-.068-.177c0-.186.141-.312.352-.312zm.875.024l.198.709c.02.076.028.106.042.19.018-.092.026-.122.04-.178l.204-.721h.192l.093 1.086h-.13l-.063-.797c-.005-.07-.008-.185-.008-.185a2.34 2.34 0 01-.042.17l-.233.812h-.111l-.215-.771c-.015-.055-.027-.097-.038-.142l-.017-.07v.015l-.012.195-.06.773h-.125l.095-1.086h.19z" fill="#283577"></path><path d="M47.036 4c-.356.901-.694 1.736-1.016 2.577-.856 2.241-1.074 4.568-.891 6.941.124 1.61.234 3.225-.289 4.783-.965 2.873-2.986 4.519-5.983 4.918-3.074.41-5.542-.727-7.253-3.253-2.547-3.758-1.44-9.697 4.273-11.262 1.416-.388 2.876-.607 4.305-.951 2.397-.578 4.44-1.845 6.346-3.36.15-.118.302-.234.508-.393" fill="#2797C8"></path></g></svg><svg class="Footer--iconWeatherChannel--2edFl Icon--icon--3wCKh" set="footer" name="the-weather-channel" height="35" data-testid="Icon" aria-hidden="false" aria-label="The Weather Channel" role="img" width="35" viewBox="0 0 35 35"><title>The Weather Channel</title><g fill="none" fill-rule="evenodd"><path fill="#039" d="M0 0h35v35H0z"></path><path d="M13.998 27.281c.73 0 1.232.272 1.402.757.06.178.077.314.077.782l-.026 1.462v.077c0 .467.077.646.408.893l-.603.697c-.264-.11-.502-.306-.612-.527-.162.153-.179.17-.264.23-.212.152-.518.237-.875.237-.97 0-1.497-.493-1.497-1.36 0-1.02.706-1.496 2.092-1.496.085 0 .136 0 .255.008v-.178c0-.485-.094-.647-.51-.647-.366 0-.791.179-1.259.494l-.484-.817c.28-.178.4-.238.705-.357.425-.178.791-.255 1.19-.255zm13.202.009c.502 0 .978.17 1.259.459.4.408.578.995.578 1.904v.264H26.52v.034c0 .671.332 1.054.918 1.054.392 0 .757-.145 1.106-.434l.442.68c-.502.409-1.029.604-1.641.604-1.25 0-2.057-.884-2.057-2.253 0-.782.161-1.3.544-1.726.357-.4.79-.586 1.368-.586zm3.724-1.854c.043.238.06.519.06 1.131v3.675c.003.495.018.584.076.686.043.077.136.12.23.12.042 0 .068 0 .127-.017l.196.68a1.902 1.902 0 01-.68.119c-.485 0-.876-.23-1.012-.595-.077-.201-.098-.332-.102-.82v-3.406c0-.57-.017-.918-.06-1.31l1.165-.263zm-25.521.255c.586 0 1.173.188 1.496.468l-.536.808a1.557 1.557 0 00-.943-.332c-.4 0-.79.196-1.003.51-.23.34-.332.833-.332 1.522 0 .808.068 1.258.246 1.581.239.434.63.664 1.14.664a1.53 1.53 0 001.011-.383l.545.748c-.468.383-.97.553-1.641.553-.816 0-1.446-.264-1.93-.816-.476-.536-.714-1.25-.714-2.117 0-.74.127-1.327.4-1.837a2.539 2.539 0 012.26-1.369zm16.527 1.573c.102.179.161.366.161.544.264-.187.315-.22.502-.323.23-.119.527-.187.782-.187.484 0 .91.255 1.046.63.059.16.084.348.084.62v3.18h-1.122v-2.831c0-.494-.085-.638-.382-.638-.23 0-.527.153-.79.391v3.078h-1.14v-3.154c0-.375-.051-.732-.153-1.02l1.012-.29zM8.65 25.428c.051.238.077.646.077 1.063v.867c0 .136-.017.314-.017.365.297-.28.79-.467 1.232-.467.536 0 .995.255 1.131.62.085.247.11.315.11.808v3.044H10.07v-2.925c0-.434-.119-.595-.442-.595-.28 0-.646.17-.901.4v3.12H7.57v-5.033c0-.408-.033-.816-.085-.995l1.165-.272zm8.748 1.836c.102.179.162.366.162.544.263-.187.314-.22.501-.323.23-.119.527-.187.783-.187.484 0 .91.255 1.045.63.06.16.085.348.085.62v3.18h-1.122v-2.831c0-.494-.085-.638-.383-.638-.23 0-.527.153-.79.391v3.078h-1.14v-3.154c0-.375-.05-.732-.152-1.02l1.011-.29zm-3.06 2.56h-.051c-.791 0-1.063.144-1.063.662 0 .34.213.57.502.57.212 0 .425-.11.595-.298l.017-.935zm12.88-1.701c-.434 0-.68.34-.68.944v.017h1.317v-.051c0-.323-.034-.493-.136-.655-.11-.17-.272-.255-.502-.255zm-11.104-8.89c.731 0 1.233.271 1.403.756.06.178.076.314.076.782l-.025 1.462v.077c0 .467.076.646.408.892l-.604.698c-.263-.111-.501-.306-.612-.528-.161.153-.178.17-.263.23-.213.153-.519.238-.876.238-.97 0-1.496-.493-1.496-1.36 0-1.02.705-1.497 2.091-1.497.085 0 .136 0 .255.009v-.179c0-.484-.093-.646-.51-.646-.366 0-.79.179-1.258.493l-.485-.816c.28-.178.4-.238.706-.357.425-.178.79-.255 1.19-.255zm-4.353.008c.502 0 .978.17 1.259.459.4.408.578.994.578 1.904v.264H11.08v.034c0 .671.332 1.054.918 1.054.391 0 .757-.145 1.106-.434l.442.68c-.502.408-1.03.604-1.641.604-1.25 0-2.058-.884-2.058-2.253 0-.782.162-1.3.545-1.726.357-.4.79-.586 1.368-.586zm15.788 0c.501 0 .977.17 1.258.459.4.408.578.994.578 1.904v.264h-2.517v.034c0 .671.332 1.054.919 1.054.39 0 .756-.145 1.105-.434l.442.68c-.502.408-1.029.604-1.641.604-1.25 0-2.057-.884-2.057-2.253 0-.782.161-1.3.544-1.726.357-.4.79-.586 1.369-.586zm-7.677-1.233c-.043.4-.068.867-.068 1.31h1.02l-.29.756h-.73v2.219c0 .552.102.697.493.697.102 0 .204-.026.408-.085l.144.68a2.39 2.39 0 01-.926.196c-.578 0-1.046-.256-1.173-.638-.06-.164-.074-.25-.076-.536l-.001-2.533h-.434v-.74h.434c0-.425 0-.714.043-1.037l1.156-.29zM3.83 17.77l.51 2.33c.247 1.105.315 1.946.315 1.946.025-.23.127-1.071.306-1.887l.527-2.39h1.3l.545 2.645c.11.552.255 1.564.255 1.564.017-.187.22-1.47.323-1.964l.484-2.244h1.25l-1.428 5.96H6.916l-.527-2.406c-.204-.919-.272-1.667-.28-1.718 0 0-.12.833-.29 1.7l-.484 2.423H3.983l-1.411-5.96H3.83zm18.473-.391c.051.238.077.646.077 1.062v.868c0 .136-.017.314-.017.365.297-.28.79-.467 1.232-.467.536 0 .995.255 1.131.62.085.247.11.315.11.808v3.043h-1.113v-2.924c0-.434-.12-.595-.442-.595-.28 0-.646.17-.901.4v3.12h-1.157v-5.033c0-.409-.034-.817-.085-.995l1.165-.272zm9.98 1.845c.17 0 .247.017.426.093l-.315 1.003a.643.643 0 00-.331-.085c-.255 0-.485.12-.697.366v3.077h-1.14v-2.907c0-.587-.068-1.029-.161-1.275l1.02-.272c.102.178.162.374.179.62a1.97 1.97 0 01.646-.552c.093-.043.246-.068.374-.068zm-15.829 2.55h-.05c-.792 0-1.064.145-1.064.663 0 .34.213.57.502.57.213 0 .425-.11.595-.298l.017-.935zm-4.676-1.7c-.433 0-.68.34-.68.943v.017h1.318v-.05c0-.324-.034-.494-.136-.655-.11-.17-.272-.255-.502-.255zm15.788 0c-.434 0-.68.34-.68.943v.017h1.317v-.05c0-.324-.034-.494-.136-.655-.11-.17-.272-.255-.501-.255zM13.598 11.19c.502 0 .978.17 1.258.46.4.408.579.994.579 1.904v.263h-2.517v.035c0 .671.332 1.054.918 1.054.391 0 .757-.145 1.105-.434l.443.68c-.502.408-1.03.604-1.641.604-1.25 0-2.058-.884-2.058-2.253 0-.782.162-1.3.544-1.726.357-.4.791-.587 1.37-.587zm-6.801-1.47l-.196.986h-1.41v4.922H3.982v-4.922H2.538V9.72h4.259zm1.556-.391c.05.238.076.646.076 1.062v.867c0 .137-.017.315-.017.366.298-.28.79-.468 1.233-.468.536 0 .995.256 1.13.621.086.247.111.315.111.808v3.043H9.773v-2.924c0-.434-.12-.595-.443-.595-.28 0-.646.17-.9.4v3.12H7.272v-5.034c0-.408-.034-.816-.085-.994l1.165-.272zm5.262 2.695c-.433 0-.68.34-.68.943v.017h1.318v-.05c0-.324-.034-.494-.136-.655-.11-.17-.272-.255-.502-.255z" fill="#FFF"></path></g></svg><svg class="Footer--iconWunderground--1Uqi0 Icon--icon--3wCKh" set="footer" name="weather-underground" height="50" data-testid="Icon" aria-hidden="false" aria-label="Wunderground" role="img" width="50" viewBox="0 0 50 50"><title>Weather Underground</title><defs><linearGradient x1="-3.157%" y1="37.366%" x2="89.185%" y2="61.161%" id="wua"><stop stop-color="#D51F2A" offset="23.49%"></stop><stop stop-color="#F68839" offset="100%"></stop></linearGradient><linearGradient x1=".001%" y1="50.002%" x2="100.002%" y2="50.002%" id="wub"><stop stop-color="#FDB930" offset="42.57%"></stop><stop stop-color="#85C441" offset="86.9%"></stop></linearGradient><linearGradient x1="49.998%" y1="100%" x2="49.998%" y2="0%" id="wuc"><stop stop-color="#19AADB" offset="0%"></stop><stop stop-color="#1756A7" offset="99.49%"></stop></linearGradient></defs><g fill="none" fill-rule="evenodd"><path d="M36.524 15.33c1.07 2.584 4.848 2.585 5.918 0l.058-.14a3.192 3.192 0 00-.05-2.314l-2.967-7.162-2.967 7.163a3.19 3.19 0 00-.05 2.316l.058.138z" fill="#19AADB" fill-rule="nonzero"></path><path d="M26.794 19.659a3.38 3.38 0 00-3.067 1.96l-.107.257-1.818 4.39-3.198-7.72c-1.08-2.608-4.904-2.607-5.984.001l-3.2 7.727-3.201-7.727c-.675-1.63-2.599-2.426-4.228-1.751-1.629.674-2.425 2.598-1.75 4.227l6.178 14.916c1.066 2.641 4.94 2.64 6.002-.003l3.191-7.703 3.147 7.597c1.01 2.79 5.08 2.787 6.087-.003l2.812-6.79 1.498-3.57 1.023-2.438a3.385 3.385 0 00-3.385-3.37z" fill="url(#wua)" fill-rule="nonzero"></path><path d="M43.122 34.805a6.473 6.473 0 01-6.473-6.473c0-.058.003-.116.005-.174v-5.115c0-2.902-2.004-5.522-4.81-6.274-3.043-.815-6.313.743-7.605 3.615l-.13.315-.382.92a3.383 3.383 0 016.452 1.409l.003-.009v5.234c0 5.086 4.087 9.42 9.173 9.699 5.052.276 9.585-3.528 10.173-8.55a9.7 9.7 0 00.053-.667 6.472 6.472 0 01-6.459 6.07z" fill="url(#wub)" fill-rule="nonzero"></path><path d="M46.363 16.549h-.006a3.236 3.236 0 00-3.233 3.236v8.475c0 1.763-1.472 3.235-3.235 3.235s-3.235-1.472-3.235-3.235v-.103c-.002.058-.005.116-.005.174a6.473 6.473 0 1012.945-.038l.002-.033v-8.477a3.237 3.237 0 00-3.233-3.235z" fill="url(#wuc)" fill-rule="nonzero"></path><path d="M17.403 41.467c.25 0 .472.039.649.161.188.135.303.369.303.66 0 .27-.104.48-.296.634a.754.754 0 01-.263.142c.063.055.115.103.148.136.193.193.393.41.411.682l.003.027v.011c0 .108-.088.2-.203.2-.119-.006-.207-.103-.207-.2 0-.201-.273-.455-.543-.67a8.31 8.31 0 00-.17-.132h-.53v.794c0 .116-.1.208-.216.208a.214.214 0 01-.215-.208v-2.234c0-.04.015-.076.034-.108a.212.212 0 01.181-.103zm-13.775-.035c.118 0 .218.081.218.208 0 .027-.011.061-.019.092l-.718 2.165a.3.3 0 01-.307.223.303.303 0 01-.307-.223l-.576-1.65-.564 1.65a.297.297 0 01-.307.223.296.296 0 01-.303-.223l-.73-2.173a.295.295 0 01-.015-.08c0-.115.096-.212.223-.212.11 0 .184.062.21.158l.619 1.973.64-1.965c.028-.093.097-.166.231-.166.138 0 .2.07.227.166l.656 1.965.607-1.985c.023-.092.115-.146.215-.146zm3.923-.003c.173 0 .257.103.3.222l.825 2.169a.47.47 0 01.019.1c0 .123-.088.2-.215.2-.104 0-.18-.054-.207-.15l-.185-.476H6.994l-.18.476c-.03.096-.096.15-.215.15-.13 0-.204-.093-.204-.196a.37.37 0 01.023-.104l.833-2.169c.043-.123.123-.222.3-.222zm5.467.003c.123 0 .215.093.215.208v2.272a.21.21 0 01-.215.208.213.213 0 01-.215-.208v-.783h-1.531v.783c0 .116-.1.208-.215.208a.21.21 0 01-.215-.208V41.64a.21.21 0 01.215-.208c.123 0 .215.093.215.208v1.109h1.531v-1.11c0-.114.1-.207.215-.207zm-2.598.035c.104 0 .188.088.188.192a.188.188 0 01-.188.188h-.714v2.065c0 .115-.1.208-.215.208a.21.21 0 01-.215-.208v-2.065h-.718a.188.188 0 01-.184-.188c0-.104.085-.192.184-.192h1.862zm27.263-.004c.25 0 .472.039.649.161.187.135.303.369.303.66 0 .27-.104.48-.296.634a.756.756 0 01-.263.142c.063.055.116.103.148.136.193.193.393.41.411.682 0 .01.002.018.003.027v.011c0 .108-.088.2-.203.2-.119-.006-.207-.102-.207-.2 0-.201-.273-.455-.543-.67a9.134 9.134 0 00-.17-.132h-.53v.794c0 .116-.1.208-.216.208a.213.213 0 01-.215-.208v-2.234c0-.04.014-.076.034-.108a.211.211 0 01.181-.103zm-5.348 0c.25 0 .472.039.649.161.188.135.303.369.303.66 0 .27-.104.48-.295.634a.758.758 0 01-.264.142c.063.055.116.103.148.136.193.193.394.41.411.682 0 .01.003.018.003.027v.011a.2.2 0 01-.203.2c-.118-.006-.207-.102-.207-.2 0-.201-.273-.455-.543-.67a9.892 9.892 0 00-.17-.132h-.53v.794c0 .116-.1.208-.216.208a.214.214 0 01-.215-.208v-2.234c0-.04.015-.076.034-.108a.211.211 0 01.181-.103zm-10.032-.034a.21.21 0 01.215.207v1.409c0 .3-.08.553-.242.733-.192.219-.495.338-.88.338-.379 0-.682-.12-.874-.338-.161-.18-.242-.434-.242-.733v-1.409a.21.21 0 01.215-.207.21.21 0 01.215.207v1.347c0 .223.054.4.161.522.123.142.303.208.526.208.226 0 .407-.066.53-.208.107-.122.16-.3.16-.522v-1.347a.21.21 0 01.216-.207zm24.628 0c.115 0 .203.088.203.195v2.292c0 .108-.088.2-.203.2a.21.21 0 01-.208-.2c0-.276-.514-.653-.829-.89a7.302 7.302 0 01-.533-.434 2.486 2.486 0 01-.265-.269v1.593c0 .108-.089.2-.204.2a.205.205 0 01-.207-.2v-2.292c0-.107.092-.195.207-.195a.2.2 0 01.204.195c0 .258.395.569.825.895.18.138.361.288.537.441.104.089.193.18.265.269v-1.605c0-.107.092-.195.208-.195zm-21.698 0c.115 0 .203.088.203.195v2.292c0 .108-.088.2-.203.2a.21.21 0 01-.208-.2c0-.276-.514-.653-.829-.89a7.302 7.302 0 01-.533-.434 2.466 2.466 0 01-.265-.269v1.593c0 .108-.088.2-.203.2a.205.205 0 01-.208-.2v-2.292c0-.107.092-.195.208-.195a.2.2 0 01.203.195c0 .258.395.569.825.895.18.138.361.288.538.441.103.089.192.18.264.269v-1.605c0-.107.093-.195.208-.195zm9.735 0c.273 0 .473.046.65.11.126.047.218.12.218.231a.2.2 0 01-.207.2c-.088 0-.146-.054-.315-.108a1.261 1.261 0 00-.35-.046c-.537 0-.97.4-.97.952 0 .576.407.964.967.964.2 0 .376-.05.518-.142a.646.646 0 00.292-.453h-.687a.191.191 0 01-.184-.192.19.19 0 01.184-.192h.956c.103 0 .191.065.191.203a1.1 1.1 0 01-.38.853c-.222.192-.533.307-.905.307-.791 0-1.402-.476-1.402-1.348 0-.787.63-1.34 1.424-1.34zm5.302 0c.748 0 1.381.568 1.381 1.347 0 .78-.633 1.34-1.381 1.34-.753 0-1.382-.565-1.382-1.34 0-.78.63-1.347 1.382-1.347zm3.73 0a.21.21 0 01.216.207v1.409c0 .3-.08.553-.242.733-.192.219-.495.338-.88.338-.38 0-.683-.12-.874-.338-.162-.18-.242-.434-.242-.733v-1.409a.21.21 0 01.215-.207.21.21 0 01.215.207v1.347c0 .223.054.4.16.522.124.142.304.208.527.208.226 0 .407-.066.53-.208.107-.122.16-.3.16-.522v-1.347a.21.21 0 01.216-.207zm-37.978.038c.104 0 .184.088.184.192 0 .104-.08.188-.184.188H4.536v.906h1.248c.104 0 .184.084.184.188 0 .108-.08.192-.184.192H4.536v.568h1.486c.104 0 .184.089.184.188 0 .108-.08.192-.184.192h-1.7a.21.21 0 01-.216-.207v-2.2a.21.21 0 01.215-.207h1.7zm9.63 0c.104 0 .185.088.185.192 0 .104-.08.188-.184.188h-1.486v.906h1.248c.103 0 .184.084.184.188 0 .108-.08.192-.184.192h-1.248v.568h1.486c.103 0 .184.089.184.188 0 .108-.08.192-.184.192h-1.7a.21.21 0 01-.216-.207v-2.2a.21.21 0 01.215-.207h1.7zm11.272-.004c.419 0 .795.092 1.083.407.192.204.31.5.31.899 0 .468-.172.794-.43 1.005-.295.242-.663.303-1.017.303h-.737a.21.21 0 01-.214-.207v-2.2a.21.21 0 01.214-.207h.791zm3.63 0c.103 0 .184.088.184.192 0 .104-.08.188-.184.188h-1.486v.906h1.248c.103 0 .184.085.184.188 0 .108-.08.192-.184.192h-1.248v.568h1.486c.103 0 .184.089.184.189 0 .107-.08.191-.184.191h-1.7a.21.21 0 01-.216-.207v-2.2a.21.21 0 01.215-.207h1.7zm18.053 0c.418 0 .794.092 1.082.407.192.204.311.5.311.899 0 .468-.173.794-.43 1.005-.295.242-.664.303-1.017.303h-.737a.21.21 0 01-.215-.207v-2.2a.21.21 0 01.215-.207h.79zm-21.748.361h-.51v1.893h.487c.296 0 .549-.066.737-.223.196-.161.307-.395.307-.725 0-.292-.084-.503-.222-.657-.181-.2-.461-.288-.799-.288zm21.651 0H48v1.893h.487c.296 0 .55-.066.737-.223.196-.161.307-.395.307-.725 0-.292-.084-.503-.222-.657-.18-.2-.461-.288-.799-.288zm-8.24.008a.926.926 0 00-.93.944c0 .526.404.94.93.94.53 0 .924-.414.924-.94s-.395-.944-.924-.944zm-32.723.146l-.441 1.17h.879l-.438-1.17zm9.814-.146h-.657v.921h.653l.071-.002a.636.636 0 00.301-.075c.111-.069.192-.192.192-.38 0-.192-.073-.31-.184-.384-.104-.065-.23-.08-.376-.08zm14.932-.004h-.657v.921h.653l.071-.002a.637.637 0 00.301-.075c.112-.069.192-.192.192-.38 0-.192-.073-.31-.184-.383-.104-.066-.23-.081-.376-.081zm5.348 0h-.657v.921h.653l.071-.002a.637.637 0 00.301-.075c.111-.069.192-.192.192-.38 0-.192-.073-.31-.184-.383-.104-.066-.23-.081-.376-.081z" fill="#1C1F22"></path></g></svg></div></div><ul class="LinkList--LinkList--2qcvb Footer--linklist--1oQyV Footer--corporateLinks--9iyOo LinkList--inline-no-border--3rBYV" locale="en-US"><li><a class="LinkList--Link--3c6QD Footer--link--1Fxpr" target="_blank" rel="noopener nofollow" data-testid="Feedback" href="//support.weather.com/s/?language=en_US&amp;type=TWC" aria-label="Feedback, opens in new window">Feedback</a></li><li><a class="LinkList--Link--3c6QD Footer--link--1Fxpr" target="_blank" rel="noopener nofollow" data-testid="Careers" href="https://krb-sjobs.brassring.com/TGnewUI/Search/Home/HomeWithPreLoad?partnerid=26059&amp;siteid=5016&amp;PageType=searchResults&amp;SearchType=linkquery&amp;LinkID=363#keyWordSearch=&amp;locationSearch=" aria-label="Careers, opens in new window">Careers</a></li><li><a class="LinkList--Link--3c6QD Footer--link--1Fxpr" target="_blank" rel="noopener nofollow" data-testid="Press Room" href="https://newsroom.ibm.com/the-weather-company" aria-label="Press Room, opens in new window">Press Room</a></li><li><a class="LinkList--Link--3c6QD Footer--link--1Fxpr" target="_blank" rel="noopener nofollow" data-testid="Advertise With Us" href="https://www.ibm.com/watson-advertising" aria-label="Advertise With Us, opens in new window">Advertise With Us</a></li><li><a class="LinkList--Link--3c6QD Footer--link--1Fxpr" target="_blank" rel="nofollow" data-testid="TV" href="https://weloveweather.tv/twc/" aria-label="TV, opens in new window">TV</a></li></ul><ul class="LinkList--LinkList--2qcvb Footer--linklist--1oQyV Footer--legalLinks--2UpxR LinkList--inline--ctyWE" locale="en-US"><li><a class="LinkList--Link--3c6QD Footer--link--1Fxpr" target="_self" rel="nofollow" data-testid="Terms of Use" href="/legal" aria-label="Terms of Use">Terms of Use</a></li><li><a class="LinkList--Link--3c6QD Footer--link--1Fxpr" target="_self" rel="nofollow" data-testid="Privacy Policy" href="/en-US/twc/privacy-policy" aria-label="Privacy Policy">Privacy Policy</a></li><li><a class="LinkList--Link--3c6QD Footer--link--1Fxpr" target="_self" rel="nofollow" data-testid="Ad Choices" href="/services/ad-choices" aria-label="Ad Choices"><span class="LinkList--inlineIconContainer--1__vR"><span>Ad Choices</span><span class="LinkList--inlineIcon--htdap" style="width:24px"><svg set="footer" name="adChoices" data-testid="Icon" aria-hidden="true" role="img" class="Icon--icon--3wCKh" viewBox="0 0 18 18"><title>Ad Choices</title><path d="M3.48 1.5c.75 0 1.275.375 1.8.675.45.225.9.525 1.424.75C9.104 4.2 11.503 5.55 13.902 6.9c.75.375 1.725.75 2.25 1.425.15.225.374.525.3.9-.226.825-1.275 1.125-1.95 1.5-1.65.9-3.374 1.875-5.024 2.775-.6.375-1.5 1.05-2.249.525-.3-.15-.45-.3-.525-.525-.075-.3 0-.675 0-.975v-2.4c0-.675-.075-1.2.375-1.5.15-.075.45-.15.675-.075.75.3.525 1.65.525 2.7v.825c1.274-.675 2.549-1.35 3.824-1.95.45-.225 1.2-.45 1.35-1.05.15-.675-1.275-1.2-1.725-1.425L6.554 4.725c-.375-.225-1.35-.975-1.949-.75-.225.075-.375.3-.375.45-.075.3-.075.75-.075 1.125V12c0 .6-.075 1.35.15 1.725.525.75 1.725-.6 2.1.6.074.3-.076.6-.226.75-.3.45-1.649 1.125-2.174 1.275-.15.075-.525.15-.75.15-1.274-.225-.974-2.25-.974-3.75V5.325c0-1.125-.15-2.625.3-3.3.225-.375.45-.375.9-.525zm3.9 4.875c1.124 0 1.199 1.425.15 1.65-.6.075-1.05-.525-.9-1.05.15-.375.374-.45.75-.6z" fill="#00AECD" fill-rule="nonzero"></path></svg></span></span></a></li><li><a class="LinkList--Link--3c6QD Footer--link--1Fxpr" target="_self" rel="nofollow" data-testid="Accessibility Statement" href="/accessibility-statement" aria-label="Accessibility Statement">Accessibility Statement</a></li><li><a class="LinkList--Link--3c6QD Footer--link--1Fxpr" target="_self" rel="nofollow" data-testid="Data Vendors" href="/data-vendors" aria-label="Data Vendors">Data Vendors</a></li></ul><div class="Footer--externalAttribution--1iRqW"><a class="Footer--georgiaLogo--1iWRu Button--default--3zkvy Button--iconOnly--25rWi" href="http://www.exploregeorgia.org/weather-and-travel-tips" target="_self"><svg class="Footer--georgiaIcon--2T2M6 Icon--icon--3wCKh" set="footer" name="georgia" height="34" data-testid="Icon" aria-hidden="false" aria-label="Georgia Org" role="img" width="100" viewBox="0 0 100 34"><title>Georgia</title><g fill="none" fill-rule="evenodd"><path d="M25.807 3.288l-3.652.002c.053-.123.146-.178.28-.178 1.03.002 2.06.002 3.09 0 .135 0 .229.052.282.176" fill="#95CB64"></path><path d="M75.814 29.297c-.39.252-.827.377-1.278.455-1.152.198-2.298.167-3.43-.14a1.823 1.823 0 01-.49-.238c-.628-.402-.656-1.06-.048-1.48.455-.313.988-.459 1.516-.6.526-.141 1.065-.246 1.578-.424 1.046-.362 1.999-.877 2.638-1.911.137.898.292 1.722.382 2.553.082.755-.219 1.366-.868 1.785m-2.097-8.953c.522-.158 1.06-.263 1.458-.22 1.26.05 1.253-.24 1.16 1.1a5.03 5.03 0 01-.632 2.068c-.49.895-1.273 1.4-2.234 1.56-.868.144-1.753-.391-1.869-1.426-.188-1.696.846-2.696 2.117-3.082m4.501 2.776c.003-1.341-.011-2.683.008-4.024.006-.413-.09-.633-.553-.606-.332.019-.675.009-1.002-.05-1.483-.263-2.908.007-4.28.524-1.114.42-1.975 1.18-2.448 2.315-.668 1.604-.502 3.824 1.429 4.65-.681.343-1.354.446-1.935.79-1.142.677-1.555 1.69-1.137 2.85.304.843.956 1.301 1.764 1.578 1.688.576 3.419.451 5.144.259a4.26 4.26 0 001.388-.41c1.001-.49 1.801-1.16 1.961-2.336.095-.695.065-1.406-.037-2.098-.168-1.143-.304-2.285-.302-3.442M40.614 21.379c.005-.392-.124-.545-.523-.535-.823.02-1.647.006-2.47.006h-1.83c-1.263 0-1.245 0-1.187 1.23.017.376.164.457.496.452 1.037-.013 2.075.003 3.112-.008.307-.004.44.09.43.416-.017.61-.027 1.221.004 1.83.024.475-.197.618-.63.697-1.288.237-2.566.402-3.88.181-3.218-.539-4.296-2.997-3.55-5.597.434-1.518 1.963-2.646 3.9-2.83 1.65-.157 3.281-.002 4.835.629.37.15.575.129.637-.306.016-.116.098-.222.141-.335.315-.815.314-.815-.482-1.094-1.685-.59-3.423-.85-5.198-.705-1.509.124-2.92.6-4.082 1.61-1.536 1.336-2.107 3.07-1.966 5.072.122 1.736.82 3.152 2.283 4.15 1.963 1.338 4.172 1.375 6.406 1.162 1.022-.098 2.022-.374 2.994-.732.39-.143.571-.364.563-.81-.025-1.493-.019-2.988-.003-4.483M92.657 21.196c-.112 1.045-.322 2.3-1.109 3.368-.565.768-1.273 1.304-2.291 1.278-.766-.02-1.275-.359-1.527-1.072-.542-1.54.083-3.838 2.508-4.421.524-.126 1.065-.225 1.624-.193.807.046.808.02.795 1.04m1.863 3.474c-.004-1.77.003-3.538-.002-5.307-.002-.705-.06-.806-.755-.832-1.336-.05-2.674-.139-4.003.148-3.213.692-4.889 3.759-3.904 6.727.33.995 1.003 1.666 1.975 2.002 1.584.547 3.309-.011 4.396-1.363.124-.155.202-.382.458-.391.467 1.947 1.865 2.179 3.602 1.52l-.369-1.466c-1.186.203-1.395.043-1.398-1.038M44.318 22.121c-.357-.037-.431-.23-.264-.577.372-.772 1.028-1.21 1.832-1.36.53-.098 1.093-.043 1.639-.014.27.015.524.153.729.344.305.284.322.544.06.879-.256.326-.607.5-1.003.58a8.957 8.957 0 01-.985.164c-.302.027-.608.006-.913.006v-.014c-.365 0-.733.03-1.095-.008m2.045 1.677c.979-.029 1.933-.195 2.802-.684.732-.412 1.214-.981 1.234-1.882.026-1.214-.535-2.13-1.694-2.524-1.524-.518-3.043-.467-4.515.221-1.042.487-1.773 1.287-2.158 2.364-.354.991-.393 2.005-.15 3.046.372 1.603 1.43 2.521 2.93 2.936 1.404.388 2.826.311 4.222-.139 1.298-.417 1.305-.44.777-1.65-.131-.298-.262-.336-.546-.215-.875.375-1.794.592-2.747.53-1.238-.079-2.552-.51-2.697-1.998.851 0 1.698.02 2.542-.005M56.25 25.803c-1.612.05-2.984-1.264-2.924-2.839.065-1.697 1.168-2.786 2.805-2.839 2.06-.066 2.927 1.364 3.007 2.805.004 1.407-.964 2.814-2.887 2.873m-1.289-7.272c-2.78.655-4.077 3.047-3.362 5.787.52 1.992 2.62 3.274 4.581 3.177.365-.016.736 0 1.093-.06.324-.056.636-.193.95-.301 2.997-1.028 3.84-5.002 1.67-7.26-1.366-1.424-3.084-1.778-4.932-1.343M69.217 20.323c.028-.456.186-.888.203-1.351.016-.446-.18-.516-.542-.478-.844.086-1.57.42-2.211.977-.508.441-.827 1.03-1.31 1.675 0-.726-.023-1.304.007-1.88.022-.423-.095-.604-.555-.586-.823.033-1.648.01-2.472.01-.91-.001-.836-.066-.838.837-.001.898-.052.827.85.827.123 0 .245-.003.367 0 .645.014.657.014.66.651.006 1.74.002 3.48.002 5.22 0 1.479 0 1.464 1.458 1.417.391-.012.536-.123.528-.524-.02-.912-.046-1.83.2-2.723.49-1.772 1.25-3.314 3.285-3.728.191-.04.355-.127.368-.344M84.256 25.801c-.83.045-.909-.077-.917-.953-.01-.944-.002-1.888-.003-2.832 0-1.005-.016-2.01.009-3.014.01-.407-.135-.528-.527-.515-.73.025-1.461.007-2.192.007-1.19 0-1.327.17-1.138 1.354.036.226.138.315.35.314.366 0 .732.011 1.097 0 .336-.01.52.126.52.474l.001.64.008 4.567c.002.702.28 1.252.95 1.517.565.224 1.154.345 1.776.22 1.056-.212 1.06-.202.755-1.25-.098-.339-.23-.553-.69-.529" fill="#8A7A67"></path><path d="M97.655 20.88c-1.04-.009-1.863-.815-1.87-1.835-.008-1.1.788-1.822 1.915-1.878.869-.043 1.897.758 1.777 1.867-.01 1.096-.758 1.853-1.822 1.845m.006-4.21c-1.099-.055-2.397 1.04-2.3 2.426.087 1.249 1.053 2.287 2.263 2.28 1.297-.006 2.367-1.089 2.367-2.395a2.325 2.325 0 00-2.33-2.31" fill="#8D7D6B"></path><path d="M82.392 16.98c.677.003 1.276-.592 1.29-1.282.013-.723-.5-1.227-1.272-1.247-.802-.022-1.288.416-1.308 1.177a1.3 1.3 0 001.29 1.352" fill="#8A7B68"></path><path d="M97.804 18.877c-.197.002-.448.09-.523-.202-.053-.208.032-.36.265-.368.23-.008.488-.051.588.18.026.314-.13.388-.33.39m-.22-1.087c-.682-.038-.73-.002-.742.658-.008.423-.002.846 0 1.27.002.15.004.329.19.353.205.026.192-.162.239-.302.161-.48.302-.51.62-.095.187.243.309.533.736.394-.059-.306-.281-.472-.343-.692-.073-.258.276-.344.358-.57.099-.27.017-.475-.16-.66-.242-.253-.557-.337-.898-.356" fill="#90816F"></path><path d="M25.102 18.812c.055 4.31-.978 6.891-2.94 9.093-2.297 2.578-5.176 4.195-8.5 5.102-1.727.472-3.033-.042-4.144-1.34-1.422-1.664-2.046-3.663-2.346-5.766-.545-3.823-.085-7.538 1.417-11.108.212-.504.463-.995.74-1.467 2.201-3.756 6.18-4.936 9.975-2.801 3.708 2.084 5.628 5.355 5.798 8.287" fill="#F48221"></path><path d="M28.15 3.475c3.463.816 6.959 1.456 10.471 2.013 2.27.36 4.555.6 7.001.81-.567.572-1.176.755-1.742.985-3.069 1.25-6.296 1.854-9.569 2.201-3.18.337-6.37.486-9.57.211-2.065-.176-4.118-.403-6.096-1.054-.654-.215-1.349-.381-1.815-.963a.624.624 0 01.014-.169c3.956-.434 7.645-1.622 10.948-3.893l.359-.14" fill="#D4E04F"></path><path d="M.174 21.081c-.069-1.716.36-3.23 1.094-4.658 1.356-2.637 3.504-4.495 5.991-6.009.232-.141.523-.333.756-.123.25.226.033.515-.099.742-.214.368-.457.72-.694 1.074-1.909 2.856-3.305 5.903-3.385 9.411-.076 3.347 1.136 6.185 3.48 8.559.22.222.694.425.465.778-.182.28-.63.1-.94-.007-3.353-1.14-5.205-3.665-6.274-6.88C.25 23.01.098 22.01.174 21.08" fill="#EC077E"></path><path d="M16.844 7.51a.624.624 0 00-.014.168c-.396-.002-.792.005-1.188-.01-.764-.03-1.487-.209-1.843-.961-.374-.792-.045-1.495.479-2.1.954-1.101 2.218-1.693 3.596-2.054 3.012-.788 6.106-1.125 9.167-1.645C28.38.68 29.719.425 31.2.156c-.797 1.418-1.995 2.305-3.05 3.32l-.358.14c-2.514-.477-5.031-.522-7.546-.02-1.296.258-2.526.684-3.464 1.677-.738.782-.7 1.677.06 2.236" fill="#8EC643"></path><path d="M16.844 7.51c-.76-.56-.799-1.455-.06-2.237.937-.993 2.167-1.42 3.463-1.678 2.515-.501 5.032-.456 7.546.021-3.304 2.27-6.993 3.459-10.95 3.893" fill="#48AA42"></path></g></svg></a><a class="Button--default--3zkvy Button--iconOnly--25rWi" href="https://www.essentialaccessibility.com/the-weather-channel?utm_source=theweatherchannelhomepage&amp;utm_medium=iconlarge&amp;utm_term=eachannelpage&amp;utm_content=header&amp;utm_campaign=theweatherchannel" target="_self"><svg class="Footer--essentialIcon--1hN7e Icon--icon--3wCKh" set="footer" name="eSSENTIAL" height="23" data-testid="Icon" aria-hidden="false" aria-label="Link to eSSENTIAL Accessibility assistive technology" role="img" width="60" viewBox="0 0 60 23"><title>eSSENTIAL Accessibility</title><g fill="none" fill-rule="evenodd"><path d="M18.707.16c6.228 0 11.276 5.113 11.276 11.42 0 6.307-5.048 11.42-11.276 11.42h-7.43C5.048 23 0 17.887 0 11.58 0 5.273 5.049.16 11.276.16h7.431zm29.983 0c6.228 0 11.277 5.113 11.277 11.42 0 6.307-5.05 11.42-11.277 11.42h-7.43c-6.228 0-11.277-5.113-11.277-11.42C29.983 5.273 35.032.16 41.26.16h7.43z" fill="#BAD5E0"></path><path d="M37.733 11.58c0 4.23-3.385 7.658-7.561 7.658-4.177 0-7.562-3.428-7.562-7.658s3.385-7.658 7.562-7.658c4.176 0 7.561 3.429 7.561 7.658" fill="#FFFFFE"></path><path d="M57.982 21.364v.258h-.446v1.266h-.304v-1.266h-.446v-.258h1.196zm.646 0l.273 1.04.27-1.04h.456v1.524h-.282v-1.2l-.299 1.2h-.293l-.297-1.2v1.2h-.282v-1.524h.454zM10.423 9.35l.1.007c.363.054.61.404.559.78a.682.682 0 01-.407.54l-.022.016c-.907.505-1.58 1.44-1.739 2.586a3.652 3.652 0 00.117 1.53c.13.452.35.847.616 1.192.014.017.026.035.04.051.041.051.083.098.126.147.046.05.094.1.143.148l.036.036c.472.441 1.15.787 1.824.89h.007c.444.058.91.026 1.368-.118 1.057-.329 1.844-1.162 2.191-2.173l.011-.025a.674.674 0 01.45-.498c.35-.109.716.099.818.465a.712.712 0 01-.003.405c-.458 1.483-1.587 2.719-3.128 3.2-2.44.757-5.003-.667-5.784-3.19a5.147 5.147 0 01-.176-2.216c.232-1.666 1.237-3.015 2.58-3.703a.592.592 0 01.374-.063zm40.186 5.234c.068 0 .123.056.123.125v3.75c0 .07-.055.126-.123.126H40.464a.125.125 0 01-.125-.125v-3.75c0-.07.057-.126.125-.126h10.145zm-4.576 2.15h-1a.109.109 0 00-.11.11v1.014c0 .06.049.108.11.108h1c.061 0 .11-.047.11-.108v-1.014a.11.11 0 00-.11-.11zm3.796 0h-1.002a.109.109 0 00-.108.11v1.014c0 .06.049.108.108.108h1.002c.06 0 .107-.047.107-.108v-1.014c0-.06-.048-.11-.107-.11zm-5.692 0h-1.002a.107.107 0 00-.107.11v1.014c0 .06.047.108.107.108h1.002c.06 0 .109-.047.109-.108v-1.014c0-.06-.049-.11-.11-.11zm3.794 0H46.93a.108.108 0 00-.108.11v1.014c0 .06.049.108.108.108h1.001c.06 0 .108-.047.108-.108v-1.014c0-.06-.048-.11-.108-.11zm-5.692 0h-1a.107.107 0 00-.108.11v1.014c0 .06.046.108.108.108h1c.06 0 .11-.047.11-.108v-1.014a.11.11 0 00-.11-.11zM12.815 7.357c.453 0 .82.366.82.818v1.524h2.526c.363 0 .657.328.657.733 0 .407-.294.735-.657.735h-2.527v1.172h3.645c.379.023.517.252.591.363l1.94 2.961.765-.434a.512.512 0 11.506.89l-1.318.747c-.01.005-.023.005-.033.01l-.036.012a.487.487 0 01-.203.035h-.016c-.04-.005-.078-.005-.116-.017a.617.617 0 01-.376-.261l-1.84-2.811h-4.23c-.062 0-.107.001-.168-.005a.848.848 0 01-.749-.831V8.174c0-.452.368-.818.82-.818zm36.119 7.78h-1.001a.107.107 0 00-.107.11v1.014c0 .06.046.11.107.11h1c.06 0 .108-.05.108-.11v-1.014c0-.06-.048-.11-.107-.11zm-1.898 0h-1a.107.107 0 00-.108.11v1.014c0 .06.047.11.107.11h1.001c.06 0 .108-.05.108-.11v-1.014c0-.06-.047-.11-.108-.11zm-3.795 0h-1a.109.109 0 00-.109.11v1.014c0 .06.048.11.11.11h.999a.11.11 0 00.11-.11v-1.014a.11.11 0 00-.11-.11zm1.9 0h-1.003a.11.11 0 00-.11.11v1.014c0 .06.05.11.11.11h1.002a.11.11 0 00.107-.11v-1.014c0-.06-.049-.11-.107-.11zm-11.119-4.593c.001 1.297-.13 2.114-1.34 2.78l-5.464 2.879c0-1.126.196-2.155 1.058-2.628l3.785-1.994-.004-.002 1.965-1.035zm16.371-5.968c.05 0 .091.049.091.11v9.262c0 .06-.04.11-.091.11h-9.715c-.05 0-.092-.05-.092-.11V4.685c0-.061.042-.11.092-.11zm-1.251 1.4h-7.156c-.046 0-.083.041-.083.09v6.239c0 .049.037.09.083.09h7.156c.046 0 .081-.041.081-.09V6.065c0-.049-.035-.09-.081-.09zm-21.924.983l6.018 3.17-1.965 1.036-3.024-1.593c-.884-.466-1.03-1.308-1.03-2.613zm-14.403-2.53c.64 0 1.162.519 1.162 1.16a1.162 1.162 0 11-1.162-1.16z" fill="#1A334D"></path></g></svg></a></div><p class="Footer--privacyLinksParagraph--1qtvH">We recognize our responsibility to use data and technology for good. Take control of your data.</p><ul class="LinkList--LinkList--2qcvb Footer--linklist--1oQyV Footer--privacyLinks--2uIcT LinkList--inline--ctyWE" locale="en-US"><li><a class="LinkList--Link--3c6QD Footer--link--1Fxpr" target="_self" rel="noopener noreferrer nofollow" data-testid="Data Rights" href="/data-rights" aria-label="Data Rights">Data Rights</a></li></ul><div class="Footer--attribution--t2lCS"><p data-testid="Copyright" class="TwcCopyright--copyright--3c6z9"><span>© Copyright TWC Product and Technology LLC 2014, 2021</span></p><a class="Footer--ibmLink--3l-1p Button--default--3zkvy" href="https://www.ibm.com/cloud/" target="_self"><span data-testid="poweredBy" class="Footer--poweredBy--Zzdv2">Powered by the</span><svg class="Footer--ibmCloudIcon--KaA3A Icon--icon--3wCKh" set="footer" name="ibm-cloud" height="51" data-testid="Icon" aria-hidden="false" aria-label="IBM Cloud" role="img" width="143" viewBox="0 0 143 51"><title>IBM Cloud</title><g fill="none" fill-rule="evenodd"><text font-family="IBMPlexMono, IBM Plex Mono" font-size="14" letter-spacing="-.28" fill="#2B2B2B"><tspan x="70" y="32.434">IBM </tspan><tspan x="101.822" y="32" font-family="IBMPlexMono-Bold, IBM Plex Mono" font-weight="bold">Cloud</tspan></text><image width="58" height="52.051" xlink:href="data:image/png;base64,iVBORw0KGgoAAAANSUhEUgAAAE4AAABGCAYAAABi+aJwAAAABGdBTUEAALGN5fIAKQAAADhlWElmTU0AKgAAAAgAAYdpAAQAAAABAAAAGgAAAAAAAqACAAQAAAABAAAATqADAAQAAAABAAAARgAAAACr/W28AAAW20lEQVR4Ae1cCXBcxZnu4705dFmSdVlYtrDkCyEfyCYrH0SywcZcWdjIRSqwHEmgarMJSaWWZCvZipIKWXLsZlO1QEiIISmSzcpLskmIscHGMgbZEIQUGZvYliXZuiXrnNFc73X3fj3SiJF1j2VwnG175r3p193v7+/9d/cTJZdhKa5qdsfFeXM0aT5fQvORDTn+y41M43IjCPRQbgx+VFD3ZxkjBOdPoG4fPupyohWkXV6lrKKCcamWKNsuEpZdpM913eVFJSGXHUGkrIwIoQxiE04sfPQ56i63cvkBtxuySpiSihKJM8nYZSWikQc4Z8AVV1S5iyua3ZGBYz6CuYQY6a0hkzGPNKZjWXOzu7iq6uLpGxl1ToBb99umtXbK4m+qFP7Y+t+dWT+G4tn+AMdpDSIBmAJwoyDOdpyo9ltratYPeLyPxaemfvPG2tq1UZdiPp0T4CRVq5Ul7oJuug8S9vH1f2jMipmiSEeApsLcBhLDYEYuzO5Y8tZx0EI/LhW5jwh5p1Rq9exGmLj1nABHFT0L4lrgMKQqxm9Wgm6EJeQT33L6Ws1tRGnS6PSNp2ihaTAMeyNRoEnTJkgrpZrWiy9zApyQqkbaah80ejdlxnLYwlvPGkV5sZLHJKVK4SMZJTaNGb32xcvyBHXcqrixHKB1SyH2CaVqYqUrut+cAFd759X9MIT7pJRHiKCmknSLbbDSkoONruibzeR8dxmRSqjzsKy9jLJeRdR5XTeTvtFtSg4edBnMLFVCblGKmcqWRyyp9lWuXdsf3S7W8zmLHHq75fHUFLJHcVpImbkI7HKLtz+kn+5bsyIOjGa81nQQourTsYJhuN8kqJvVGGgsnBmrGOO3MEoXArSz4LY9hi/x+GzHmaz9nHCcHrzpgasDVPH90E+vSiEFuGYjvIrtm148mzLZzSerP7x5cUdjR8s+/dHnk7WbrP7Ww3W4p9pObLVR8y/OX7Vtur+y9OrAZH1mWz9nHKdvXP2nnMbC1WdfMLlZgCDzbzgld/hCUnPdi7MiDBzWQkjMgf0ANzdyZtxBOJsviTxKLPpC1SsrG2dFwzSN54zjwvcpp9JhJVVJy94LtdKnuCudUJkGhyxmBT8N/eMvh60KSZOGkQ4L3yeCob1e06gioG1849hr5hY40FG9M3XQZvR5ZdlfFUJ+G9RWzl5HKVoOjR4T4OBWK0QqmU2+rWzxVXDc89Xr8gZjh2jinpeGEzDpoheJi7S1kyUprwd379wZCaLGUFGmFG/a05Ru22qZYfLlVNj54M0Mymi8ZMpElGoTRX2MSR8c105OaYPk6pTbkPWVJct68UAm5CLtvzUs2eTUN6suWhCYrN0YYmb549IANxURmNQGvmmhZYjNgootcJ7XUJNnMkbdkjATDAPHGQ6cFm98Uw5XBA4ioXCrFQkpYfkoUc1waGugQytpvLPqjf27Okh5+YQgTkXKxVz7wIArqDjucJKUQmXafwcAtiuD52qwEB04wmDB11XShmTZIQQM4BIkleCPoNqAL+yATnFRDhjRjAgbLrLUxmMQ3HkalvMPVNBfV+3Ib5i9WogNvg8COFpQcXalwYx7KWN3AIkczD0OoQ84SwSUFOdQX6ukPIYpnGEs1AGeG4RFBHCAlQpDBnkCc4hMTo0lSslCSkQhYWwxAI8DP1qM026ixLuA+X+RwNvzxrYVbbHBMfNe7wNXofiKvr5rCBWLDSXfe/ehjIt+emuebUwmcebHJDM/jczaGsaZWxHJwVotQOQAUm0v2ZTUBoa8PenxKtia1G7lkhK78sndihSUDTu9x3fTkn9Ipy3+hXyhe57ZHQw6kkgwVShSiKjiRgRkG/GB9VYhyHYPOLEaRqWCJMRVXfRaBdTFlup3l2D8lVZQnc0sLjyxG08y/EAjGK98qvda6XA9qqi6mcpgvZDyeVOp37z3cHp7pM1sjtc+dy6PuMyHwVh3g8uywBFaf53D8TeMmhUB3nvSdq3w1r8FkZytq1BezvKv/6SZ4DbcrqB/iZTmTRD7mxRTCyDIPoDXAO77vR2Ue6tvX35+NnRH2m5/+8SCgE3uxAO+h7nMfNTvVaGh71auX/2ubjPKcfn/2VPATPPrlBGdp7YVFQPQRVVKiWdT4uiBN++ZP2OTXviLtiKETF9SjN0KvZSAu3iVsPdSFvrJQM9A9ZKVhZ7KUmprAi62lEFS6pxvxCW7spZBBdwOA1NMYZGplO3coAehNF86snV560zvs+Po6SSPZW1lDvYAwNkAlTAP6UEDFn43CVjfOLipIBy2jQJHnlZmvugsItz1KQTXd0AxZyBwDwG8DkGslw3BdvHUjurjOwtCUxGx4medxZyRr0BH3QTL6IbyrpfSfsYMkf+24nvbpus/1dhTXSs5qIwBf0cKZ94NBmHblVKZELEuaapqYosDb21fMWXkUAbj1ZrBiqhBH2TM2IYMTxYehAO2vQuq5XfSCvw04LKqq9etG9a9Y4gpV0ZeZmcq467NiDkf5JzdAGTj4R74wYlnoMiRUrSeP/mZrAmJKPhZ+/WKGv+MJ3Qz9IwLfd+mhvx+QHheqq/P985aJMcQN4Mf0Eklz1U6B7NzCgxFtkI1LAen+BVXrwYM89XaUmRxJig3HPrz1RZl9yB5VwZVlQe63eg7BMBeg8u0i4jQYUdoVW+0lLzPcVED5pY3uhwZKdmSyx3guAeRY1sFzgED2f3KDv1QWYM/rP/80jGiu/KZjmuRyvgyFPbH4fK74EK8RlTwu3511YGmB+icBddRZE56WvT026a5JClfCWMLuCYB/ks9ownHk8VQ40u3LA1Gd9yx52jSoCv5EcL5I9QwkyW0FDLFdcxQACz4Uovd09ZUWjqO/gmD/KZyZBGUasz8fudz7jjnG4a0d1LO7qaEJgKQ0Lyr88fop4Jnu7Jsxe4FyLdDJ7hgDo8waX0/mHnV/qZb6BhCo4m+VOfVD6+zkI873RfIHnRzV67hoMxGXsm0hAP31Kpm2GLjpCtjkW16BkMcrIbc3TmEab+Cq1Qx6A+crtu2yjeZXzghx42ZEJRvakdvfIrbtZTaMpHbgVMn/zGtPTJgQflxh7Ug7X5qGF+hnOdCrE8oaT0epBn/80Fz2hi69Q+EfgWVJ+LSieHq7rYDx8uuGYrQPdoW4r3xdycX0FTnMviVHstUp988VzNEJgkTI/2mBy7SEgAW7a9m1dlFIlpX5T3VudFwmP+imHEjkVYPU+o/XB7+VO0XUybUJ5HhLsVRG4gh34k0IhJzqLJzBZVZjBvzqLSToOwtsFkf3KNWysSpoI+fqb0zdwCOhUK4xopuu41XNxRJsnPYT5uOvpkDN8FIhU/2pwSo/BL03+dgfeLB7b+QBv9Ww/1J9eOe7AT956QKHLPhN53pFvFfh2C1GEHttYyrq3D/JOhbhHSIUhiBsGpAYPIgkPAroZ9VM7T22wD1VV9i3B+PbV7cNxt6JtRxMx3AL8T1CNC3EsNMRIxZS4X120Wtf2psoKWjOmSmY8XSbnVF81X8hXOlQUY3wuFdAn9xPj4JSAC4YREZAJLQyzr4l8gTwDsh2mi58CsNtm4RdNl6yhyfjPPZb6/fV/8rQzlfOXJzTu9MaImZ43J/0JjMzWRwG/kCuA1hlHqCDIW+d+afsrpmcuOLafORPT1JVsC/Djm/UuRR1sDvTAU+mIvyw4qew9aJ04hZmxDcdTmkEbCYoAaTplQ8gxlkOehdjdi4EAZvIbgO6Sf4q5ScxxwOEC5+4jbajlaWlo4xgBfSGzPHKZl0DaXG9YQa8bjvO8j6vFY/lBlTeHMhUVP9XvXzjoygx78D+blthPF4ihPwVgMV6iiST0cSHO6WHs79C3q9VmVhjyAeT5j7i04l0oEtRSzzxEmHL8hdLIVlcZsVwzn/W+wcKCZMZkO8yyDVK4OhRT8qqjjzQvXOPOjAiUtsHAdDkdfR92lCza/haWVBdTyD2Pex+s/Pb5n4NnNTW1wxkOqTQyVYC7oBGZXFWEnTqaUDRhw5ZA+Y7XUN7wVJ+dScEqEknOx0b3JK1p9OiXMLYt0Hkbr6SDhxRWgzRP3HEKNdVdvzJ5SgmIDL+U53tuF0fRX65CF8wOLWtxr7Up6GtZ2SvSNEx3IsfqY51e8kqyBmhViCXCAV83CDHPYQ/7GGE0s80ZZ+VuPDuBTvbnGF3IGVeBifgUu1E2KbDGPbDg/hR0Ehnq65ZWn3hWPOXFTBZSVDxGzxIL9BPHlI1C6Hs4sMlH0W1uvMpQQN4hkfcDhzhBhC+oh7pU2PckWO/enUa62kfOeUsfOFEx73G0ruCFbU4DDXDQ3kfBvaug2G5iHknrOlsj7jYMyz8bev73rjY5s80X2nXawpQvCf+4Q3a1lnaOm57mBOIvEmwbteAuWag9gVD0adYdxsiB50Ls915tiUNEvYQ2nKNvw8xE5x5T1a15B59qJBiyJUG4M/1ua12nHOHyGT8xRUZwd804WS8Pttlr2dXLAXZkrgsssH03r7vMW219rgH7IWC3iWgRA0itSiAtMvpBfYnTaHgjHl7KLonvgUYuSyU5ICtpwv9dqN0+j0BcXJunvzumMWzYnvNFyLvGDN5qzz3C9+zqX8Lz0/SFUBcbC718evKYzuOglw4NPvDC43nI67oEs2c+nIMmHOedBGVGd5YfkNeEcG5tWHFfuWk4+meaMHnavzkkokp/oMw0BIYoVYn7RUy6n2BXp169L5iRj7zWP5beC455XgLytsqRWSfJQQ8+Zt+zqQKRou44FDamnxtzzF3Ob3IS6+HnmtJGym6VUh81hKc1ITT4YBl8QJUYXhUeeRau+5VBNpOVbPA9QR9JvOrjjqOvvema6eS8JpETQiR3CebOk5biNbjSf0ZzjJ8+H6bO0JDa2NNBkH3ALiWyMkfwC4lMCzjhdYf4ALfqhxmaul+sfUon2mCwo6DtwGB4rAyzYm9XUiN4ntqOi8DfmSJgRCrqz5/TVWQj8pnzqJGtt9Ju6lMyzOkPUasWUlGMjCbpi1cK436HcwdI8xwEGnrcCbBZ+Qkl4HPYYwjtYhx7b/rBXXGQl+LWQqmUS+DaKKxWK4VFg0vkQl8UWiTH9mqO4ICZKHaTjzeoluNeGwO+6CyAr1OpYBzlDuSCHMdV2wQ+TqxqPApT3anYidHzsQdtyGeC4FcniEmPSFVr+7LVo8TKQdMBi2YFEP4sAhJC0vEXBUHfw6Ebc/RJCNwedDKOXgHbgltdDjdVBNSCaTFdRkyzUpo36caSasxZLbjWDHdEBRI7nxcnvoSAM88TEr5LZXhGg8luGU6sHGZj9U95jrczk/qAptBPTnQyt2vOsc91snQIUXjvFCMFTejj2nnWGOS/mymqcoKwVLwhgwP5TXfrffeWSi8MVOTQwgZMZOSdKHR4AdCeGs6oc2sUt947ptmT5iWU3AphNznodtuzld7vjEMHDcsJbCeq7DJxXSe5oQ55sNj2M1fYLSOUSCXMkeGJBOyI8tFbyFK7mA68H5nYpRrHYZBidGBu/zpzJSjmVcm1yjpLkC3BaCsn9HBoMnJnUxoG+EX3QjLdiGRXm/kNSpo4srGTvBjT4iWD/WiXEwXTZW7lk+IQnYFIR8O8kGcOchx3/uboofF9S+DwzFnkFTby/FcqEaYHgE3n5s6bqCiwpyGECwl075SWISLk3m8yMTIHkWEqROpJ07qM1aye6p8+484OyWnNUjm9BB7BC1/ci4XuEFfi0cjpFJwjFigoTmEcrgo1AkHGgPXI1pU8fnXMRjKLsZu61akfizkWRFqhoJnyu0UCGwvq2z3JrjqK0MYWP5E2vtCm4JEIWLEZIOY/p1UOTdgjK+G+8RdEvbaVuIiwq+ceKK1XPYFpqCdzdSdKwJF8ynZILPINyEUwHvRAMH6LDgMiO+cQ60DITiE5sdhjveIH6rj1yjrevF5cZmdOcPvhGWCNIBXDq4zgZy3TwRrpitTwGkdjMRRjmkMPVq97Sl5QcLA7YhurFfoFeZyUHhBe6w0NN2/AtrUPT7tjjs9rwai/F6iWAQu5+aA/6+QWSHiQd5p0GkdbHnD1EDEWkzmxtVvcdThxJ87gFEkX4zm8gybEucWd+/nFah82QRdtuuxPbkBCzmtTDJGvSOK0adpA+p4nbAFoRxyEJKPHvGnAPrezKO+JGk8uUPEqsihneuLncI4aKtxqLsGm1RETWcVMQ6qWk2+tzEM89PGiBkXbi4ACyzMtNL0jqxH2VGk4Kh0DvtEHWEuU0fR2LMGXW/nBut/em57KBpbILRzJe26IMBqPbZixo0zYgcKNJN5BSmjW0LcO4IuQ5bOK+NdUJXCmjavQooxw3SJjdi7QG48Bpq86rIRqKwMsemgBNwR2qQiwhCZNcgLX5D6udU0mzA04BdMaBh4gW7ulYhRMIObr4Mbkgf3qU7YHD5TgSTMHCefyM9MkReh6iegMgmgftugUhvjjT6azuufLp7Abzce+CibYPHCwNKD+GdsD11f581FMFixH0AryWTwxDVV5gk2ExH1sIlvi/lEbUq0vCv5bjiZ4N445B9GotUeC+DJyBSOCZCwV+ebruqLhqDUb/L86+kV1nk10gVHYK4YqGZ3ArO+1ziZ8MJgOg+V+x5mNP81uchnvjzRCwDGLQAuF0DNn8pOguuARgFTgdcg13kbWmRXeC4WoAWh+ufwF6Kr6V8UY1ZU7wSkVvxtLfQFsZjyP08gvRRhhQUWzvoM/39Pb/s/mzGuOXP8Q7rF5U7WZC7oeu+DICWg/ssGIujSEX9kDnJy+e/S8dsBfhLB7EAuxSCwr4Tr0F9CjnIVdgyZiLh0YrV/CcHQ8Gfdn0hE57Z+DIeON0G4CXZ5C5w26MAbhU4UL+5dx7G4yBeSvuFdJM3Bh6ns9rBOP7WH15N7rPKZXi8+MNXoR14IfhOpMcwRxqP9RaGub6rmP3v/QnJL/TeE2YS2MnxZWLgdDssTGMlcxOWYvCGDNmKGp1zswCgF7LfAACrMeK7ALMdycwh/EZ24MIFLwPpP+yXdDolt4JcOp1OvHNiYl12mBi8Bof/7xf9A04l7JiFVyrDWRrBhBNbsEyuW442hiYePUcfyJU0TYvbwSDCIpswvCE2UvCKOZVcIAFhurGHLx2vHCzFnwtbQ5hDbxpKAyHY5oo7UNmPFZQX8YLwk/VVe6vJ7qk384zeIHKjMccyxd3pJNvJ8U4TIw8AwGu14UAb5FKQGNCciKg33AePC/9GTnHAyNCTSPWN1OGI7LKuh7s3fF1fiZzrqojG1UNhEvALdR0gDJ/ocwSHup0uerFOF7QZWQzD7QAonuxwNY76nsM/8PIm3tiEHGpvE/G4gQscDxtFDaDfYfw9kucsWx1q8yb2XmgIdKsLS7jrhZVjf4OecmI620iOy022YA63Aar1ICod7fAuKb6HoQt3i8wxTDGuhW+AL90uPGldpz9ojQcx3Ed/j0wy3F9fBHhhQFARXTc8DkDRbcLjXHAeGUeDHx5fj6Pb4kv/JT9sPgfnDeJNw1Ng/EPIDO0Vzvja1vNkAIBdKDJoP3HRQ86wgOSHwG02cTlNkuV0kqUgLA9+Xx5S8VivwLURngvTq0dlmmk0wfrKCLeMihjQjkjfKBV6sqNPQWf4dVetd4ZLpK9uA1YOc1h4fPSLlJG2YYxQh9c9YSgZMrayG8tSTXjWDcph1CsVaAV3eclxqJhplgoiQ0cfIyRF1019Dje6bDdhNYeJ4XESI2gTE7nPyJTG9A3HbLMK3KK7R4x3Iioj5zjVP2dRIr1NtxDxjmR7KI7YubnEPlgCNTMs47MY7f+bXjQC/wd1BFan7kXORAAAAABJRU5ErkJggg=="></image></g></svg></a></div></div></div></div></footer></div><svg style="position:absolute;width:0;height:0" viewBox="0 0 200 200"><title>Hidden Weather Icon Masks</title><defs><mask id="mostly-cloudy-mask"><rect width="100%" height="100%" fill="#FFF"></rect><use xlink:href="#svg-symbol-cloud" transform="translate(-8 -10) scale(1.7)" stroke="#000" stroke-width="7"></use></mask><mask id="isolated-thunderstorms-mask" fill="var(--color-thunderstorm-mask)"><g><rect width="100%" height="100%" fill="#FFF"></rect><path stroke="#fff" d="M143 42h52v120h-52z"></path><path stroke="#fff" d="M116 143h40v50h-40z"></path><use xlink:href="#svg-symbol-cloud" transform="matrix(.6 0 0 .6 88 26.5)" stroke="var(--color-thunderstorm-mask)" stroke-width="10"></use></g></mask><mask id="mostly-clear-night-mask"><rect width="100%" height="100%" fill="#FFF"></rect><use xlink:href="#svg-symbol-cloud" transform="translate(56 19) scale(.27317)" stroke-width="15" stroke="#000"></use></mask><mask id="mostly-cloudy-night-mask"><rect width="100%" height="100%" fill="#FFF"></rect><use xlink:href="#svg-symbol-cloud" transform="translate(32.526 -14.885) scale(.55128)" stroke-width="10" stroke="#000"></use></mask><mask id="mostly-sunny-mask"><rect width="100%" height="100%" fill="#FFF"></rect><use xlink:href="#svg-symbol-cloud" transform="translate(92 10) scale(.7125)" stroke-width="12" stroke="#000"></use></mask><mask id="partly-cloudy-night-mask"><rect width="100%" height="100%" fill="#FFF"></rect><use xlink:href="#svg-symbol-cloud" transform="matrix(.6 0 0 .6 49 -26)" stroke-width="3" stroke="#000"></use></mask><mask id="partly-cloudy-mask"><rect width="100%" height="100%" fill="#FFF"></rect><use xlink:href="#svg-symbol-cloud" transform="translate(3.571 -44.642) scale(1.7857)" stroke="#000" stroke-width="13"></use></mask><mask id="scattered-showers-night-mask"><rect width="100%" height="100%" fill="#FFF"></rect><use xlink:href="#svg-symbol-moon" transform="matrix(.91 0 0 .91 6 46)" stroke-width="10" stroke="#000" stroke-linejoin="round"></use></mask><mask id="scattered-snow-night-mask"><rect width="100%" height="100%" fill="#FFF"></rect><use xlink:href="#svg-symbol-moon" transform="matrix(.99 0 0 .99 3 39)" stroke-width="14" stroke="#000" stroke-linejoin="round"></use></mask><mask id="scattered-snow-mask"><rect width="100%" height="100%" fill="#FFF"></rect><use xlink:href="#svg-symbol-cloud" transform="translate(-5.355 -24.99) scale(1.785)" stroke="#000" stroke-width="13"></use></mask><mask id="scattered-thunderstorms-night-mask"><rect width="100%" height="100%" fill="#FFF"></rect><use xlink:href="#svg-symbol-moon" stroke="#000" stroke-width="14" stroke-linejoin="round" transform="matrix(.99 0 0 .99 3 39)"></use></mask><mask id="scattered-thunderstorms-mask"><rect width="100%" height="100%" fill="#FFF"></rect><use xlink:href="#svg-symbol-cloud" transform="matrix(1.8 0 0 1.8 -10.8 -25.2)" stroke="#000" stroke-width="13"></use></mask></defs></svg><div style="display:none"><svg><title>Hidden Weather Icon Symbols</title><symbol id="svg-symbol-hail" viewBox="0 0 89 170"><path d="M24,2 L9,37 L24,2 Z M10,5 L2,23 L10,5 Z" stroke="var(--color-hail)" stroke-width="4" stroke-linecap="round" stroke-linejoin="round"></path><circle fill="var(--color-hail)" r="8" cx="0" cy="52"></circle></symbol><symbol id="svg-symbol-moon"><path fill="var(--color-moon)" d="M71 0 A 50 48, 150, 1, 0, 118 81 A 60 57, 140, 0, 1, 71 0"></path></symbol><symbol id="svg-symbol-star"><path fill="var(--color-star)" d="M169.6,38.1l-30-6.1l-6.1-30c-0.1-0.5-0.5-1-1.1-1.1c-0.7-0.1-1.3,0.4-1.4,1.1L125,32l-30,6.1c-0.5,0.1-1,0.5-1.1,1.1c-0.1,0.7,0.4,1.3,1.1,1.4l30,6.1l6.1,30c0.1,0.5,0.5,1,1.1,1.1c0.7,0.1,1.3-0.4,1.4-1.1l6.1-30l30-6.1c0.5-0.1,1-0.5,1.1-1.1C170.7,38.8,170.3,38.2,169.6,38.1z"></path></symbol><symbol id="svg-symbol-sun-ray"><path d="M100,44.1c3.1,0,6.1,0.3,9,0.7l-5.3-40.7c0,0,0-0.1,0-0.1c-0.3-1.9-2-3.2-4-3c-1.5,0.2-2.7,1.3-3,2.8 c0,0.1-0.1,0.2-0.1,0.2l-5.5,40.7C94.1,44.3,97,44.1,100,44.1z"></path></symbol><symbol id="svg-symbol-sun" fill="var(--color-sun)"><use xlink:href="#svg-symbol-sun-ray"></use><use xlink:href="#svg-symbol-sun-ray" transform="rotate(30, 100, 100)"></use><use xlink:href="#svg-symbol-sun-ray" transform="rotate(60, 100, 100)"></use><use xlink:href="#svg-symbol-sun-ray" transform="rotate(90, 100, 100)"></use><use xlink:href="#svg-symbol-sun-ray" transform="rotate(120, 100, 100)"></use><use xlink:href="#svg-symbol-sun-ray" transform="rotate(150, 100, 100)"></use><use xlink:href="#svg-symbol-sun-ray" transform="rotate(180, 100, 100)"></use><use xlink:href="#svg-symbol-sun-ray" transform="rotate(210, 100, 100)"></use><use xlink:href="#svg-symbol-sun-ray" transform="rotate(240, 100, 100)"></use><use xlink:href="#svg-symbol-sun-ray" transform="rotate(270, 100, 100)"></use><use xlink:href="#svg-symbol-sun-ray" transform="rotate(300, 100, 100)"></use><use xlink:href="#svg-symbol-sun-ray" transform="rotate(330, 100, 100)"></use><circle cx="100" cy="100" r="46.1"></circle></symbol><symbol id="svg-symbol-fog-wave"><path fill="var(--color-fog)" d="M198.4,55.3c-0.9-1.2-2.6-1.4-3.7-0.5l-4.6,3.6c0,0,0,0,0,0c-1,1.1-7.6,5.3-15.2,5.4 c-5.3,0.1-9.9-1.8-13.8-5.6c-12.5-12.6-26.9-5.7-32.7-0.3l0,0c0,0,0,0,0,0c-1,1.1-7.8,5.5-15.4,5.7c-5.3,0.1-9.9-1.8-13.8-5.7 c-12.5-12.5-26.9-5.7-32.7-0.3c0,0,0,0,0,0c-1,1.1-7.8,5.6-15.4,5.8c-5.3,0.1-9.9-1.8-13.8-5.7c-12.2-12.3-26.2-6-32.3-0.7L2,59.2 c-1.2,0.9-1.3,2.7-0.4,3.9c0.9,1.2,2.6,1.4,3.8,0.5l2.9-2.3v0c0,0,0,0,0,0l1.8-1.3v0c4-2.8,14-8,23.5,1.5c5.5,5.5,11.6,7.3,17,7.3 c4.7,0,8.9-1.3,11.8-2.5c1.6-0.7,5.8-2.5,7.8-4.7c0.7-0.6,13.3-11.8,25.3,0.2c5.5,5.5,11.6,7.3,17,7.3c4.7,0,8.9-1.3,11.8-2.5 c1.5-0.7,5.7-2.5,7.7-4.7l0,0c0.6-0.5,13.3-11.9,25.3,0.1c5.5,5.5,11.6,7.3,17,7.3c4.7,0,8.9-1.3,11.8-2.5c1.3-0.6,4.7-2,6.8-3.9 l5-3.6C199.2,58.3,199.3,56.4,198.4,55.3z"></path></symbol><symbol id="svg-symbol-snowflake-branch"><path d="M100 5 95 40 70 20 96 35 95 98 105 98 105 41 130 20 104 35z" stroke-width="8" stroke-linecap="square" stroke-linejoin="round"></path></symbol><symbol id="svg-symbol-snowflake" viewBox="0 0 200 200" fill="var(--color-snowflake)" stroke="var(--color-snowflake)"><use xlink:href="#svg-symbol-snowflake-branch" transform="rotate(0 100 100)"></use><use xlink:href="#svg-symbol-snowflake-branch" transform="rotate(60 100 100)"></use><use xlink:href="#svg-symbol-snowflake-branch" transform="rotate(120 100 100)"></use><use xlink:href="#svg-symbol-snowflake-branch" transform="rotate(180 100 100)"></use><use xlink:href="#svg-symbol-snowflake-branch" transform="rotate(240 100 100)"></use><use xlink:href="#svg-symbol-snowflake-branch" transform="rotate(300 100 100)"></use></symbol><symbol id="svg-symbol-cloud" viewBox="-4 0 204 200"><path fill="var(--color-cloud)" d="M197.9,108.5c-4.7-17.5-22.7-28-40.2-23.4c0,0-1.3,0.3-3.5,0.9c-5.6-20.8-24.6-36.2-47.2-36.2 c-24.5,0-44.8,18.1-48.3,41.6c-0.8-0.2-1.3-0.3-1.3-0.3c-14.8-3.8-30,5-33.9,19.8c-0.9,3.5-1.1,7-0.8,10.4c-7.4,2-12,3.2-12,3.2 c-7,1.9-11.1,9-9.2,16c1.6,6.1,7.3,10,13.4,9.7h150.3c0,0,6.2-0.3,9.4-1.1C192.1,144.3,202.6,126.2,197.9,108.5z"></path></symbol><symbol id="svg-symbol-cloud-junior" viewBox="0 0 200 200"><path fill="var(--color-cloud)" d="M197.4,52.8c-2.4-8.8-11.3-14-20.1-11.7c0,0-0.6,0.2-1.8,0.5c-2.8-10.4-12.3-18.1-23.6-18.1 c-7.5,0-14.1,3.4-18.6,8.7c3.2,3.7,5.8,7.9,7.9,12.4c1.6-0.2,3.3-0.3,5-0.3c16.9,0,31.8,11.4,36.2,27.8c0.1,0.5,0.2,1,0.3,1.5 c1-0.1,2.2-0.2,3-0.4C194.6,70.7,199.8,61.6,197.4,52.8z"></path></symbol><symbol id="svg-symbol-lightning-bolt"><path fill="var(--color-lightning)" d="M89.9,124.5c0-0.7-0.7-1.2-1.6-1.2h0l0,0H58.9c-0.7,0-1.4,0.4-1.5,0.9l-11.6,33.1 c-0.1,0.1-0.1,0.3-0.1,0.5c0,0.7,0.7,1.2,1.6,1.2h0h10.9l-10.4,29.6h0c-0.1,0.2-0.1,0.4-0.1,0.6c0,1.3,1.4,2.4,3.1,2.4 c1.1,0,2.1-0.5,2.7-1.2l0,0l34.1-45.2h0c0.1-0.2,0.1-0.3,0.1-0.5c0-0.7-0.7-1.2-1.6-1.2c0,0,0,0,0,0v0H75.7l13.9-18.4 C89.8,125,89.9,124.8,89.9,124.5z"></path></symbol><symbol id="svg-symbol-drop"><path fill="var(--color-drop)" d="M82.1,123.3c0.4-0.9-0.2-1.9-1.2-2.2c-0.9-0.3-1.9,0-2.3,0.7h0l-19.4,24.8c-0.4,0.5-0.7,1-1,1.6 c-1.2,3,0.6,6.4,4,7.5c3.4,1.1,7-0.4,8.3-3.3h0L82,123.5L82.1,123.3L82.1,123.3z"></path></symbol><symbol id="svg-symbol-wind"><path fill="var(--color-wind)" d="M85.7,109.4c-3.5,0-6.4-2.8-6.4-6.4s2.8-6.4,6.4-6.4h85.2c4.1-0.1,8-1.5,10.8-4.3       c2.9-2.8,4.6-6.6,4.6-10.5c0.1-3-1.1-5.9-3.2-8c-2.1-2.2-5-3.3-8-3.4H175c-2.2,0-4.3,0.8-5.9,2.4c-1.6,1.5-2.5,3.7-2.5,5.9       c0,0.9,0.2,1.8,0.6,2.6c1.5,3.2,0.1,7-3.1,8.5c-3.2,1.5-7,0.1-8.5-3.1c-1.2-2.6-1.8-5.3-1.7-8.1c0.1-5.7,2.3-10.9,6.4-14.9       c4-3.9,9.3-6,14.8-6h0.1c6.5,0.1,12.5,2.6,17,7.2c4.5,4.6,6.9,10.7,6.9,17.1c-0.1,7.4-3.1,14.3-8.5,19.5       c-5.1,5-12.1,7.7-19.5,7.8L85.7,109.4L85.7,109.4z"></path></symbol><symbol id="svg-symbol-icy" viewBox="0 0 8.9 10.9"><path d="M8.9 1.1L8.1 8c0 .1-.1.2-.2.2s-.2-.1-.2-.2l-.6-4.7-1 7.4c0 .1-.1.2-.2.2s-.3-.1-.3-.2L4.6 3l-.4 3.3c0 .1-.1.1-.1.1-.1 0-.2 0-.2-.1l-.3-2.8-.8 5.6c0 .1-.1.2-.2.2s-.2-.1-.2-.2l-.7-5.2-.4 3.4c0 .1-.1.2-.2.2s-.2-.1-.2-.2L0 1V.9C0 .7 0 .6.1.4.2.1.5 0 .8 0h7.3c.3 0 .5.2.7.4.1.1.1.3.1.5v.2z"></path></symbol></svg></div><script>window.__data=JSON.parse("{\"page\":{\"path\":\"/\",\"query\":{\"Goto\":\"Redirected\"},\"headers\":{\"twc-unit\":\"u\",\"twc-privacy\":\"exempt\",\"twc-subs\":\"none\",\"twc-geoip-region\":\"\",\"twc-geoip-city\":\"KIEV\",\"twc-geoip-dma\":\"\",\"twc-geoip-latlong\":\"50.43,30.52\",\"twc-geoip-country\":\"UA\",\"twc-device-class\":\"desktop\",\"twc-locale-group\":\"US\",\"twc-connection-speed\":\"4G\",\"twc-ak-req-id\":\"30b1e3f2\"},\"urlId\":\"ef825a3b-6eb5-47c9-8338-49583404e995\",\"domain\":\"\",\"weight\":0,\"methods\":[\"GET\"],\"pageKey\":\"home\",\"pageKeyId\":\"1d1cf310-bfb6-47d3-8dcb-85ff8e47bc12\",\"contextListId\":\"6719c0a6-9f52-4c97-93f7-444c4dcc6f43\",\"params\":{},\"pathPattern\":\"/:locale([a-z]{2}|[a-z]{2}-[A-Z]{2})?\",\"requestBody\":{}},\"dal\":{\"getMewContextListUrlConfig\":{\"id:6719c0a6-9f52-4c97-93f7-444c4dcc6f43\":{\"loading\":false,\"loaded\":true,\"data\":{\"data\":{\"contextList\":{\"_id\":\"6719c0a6-9f52-4c97-93f7-444c4dcc6f43\",\"data\":{\"attributes\":{\"name\":\"Non-location Based Pages (metrics)\"},\"id\":\"6719c0a6-9f52-4c97-93f7-444c4dcc6f43\",\"relationships\":{\"contexts\":{\"data\":[{\"id\":\"eaf621f6-a134-422a-95b6-c5d03bebbfb5\",\"type\":\"context\"},{\"id\":\"999aa43e-3abc-41fb-a19a-34554e1d649f\",\"type\":\"context\"},{\"id\":\"bbc39cc0-c8ac-4cd7-9285-1bb8c1aa22e5\",\"type\":\"context\"},{\"id\":\"3569bb7a-fdd3-48ff-8dff-7260ccc25209\",\"type\":\"context\"},{\"id\":\"f47fdaaa-fca8-445f-98d3-8cd9d94f6192\",\"type\":\"context\"},{\"id\":\"73c0c5a5-2045-43aa-9c45-e71c64a0dec7\",\"type\":\"context\"},{\"id\":\"78a8f7a2-0849-4694-bd06-5c64426c031f\",\"type\":\"context\"},{\"id\":\"00978342-a6bb-4dc9-bf23-4c97f017bf80\",\"type\":\"context\"},{\"id\":\"e6f9a5b3-3ea0-45bd-9624-fad08e184d91\",\"type\":\"context\"},{\"id\":\"5c7a988e-e2d1-4d6b-aec3-123c00408b77\",\"type\":\"context\"}]}},\"type\":\"context_list\"}},\"contexts\":[{\"_id\":\"eaf621f6-a134-422a-95b6-c5d03bebbfb5\",\"data\":{\"attributes\":{\"name\":\"i18n\"},\"id\":\"eaf621f6-a134-422a-95b6-c5d03bebbfb5\",\"relationships\":{\"contextDependencies\":{\"data\":[]}},\"type\":\"context\"}},{\"_id\":\"230272e2-80a1-4b47-be82-5af726e2a53a\",\"data\":{\"attributes\":{\"name\":\"page\"},\"id\":\"230272e2-80a1-4b47-be82-5af726e2a53a\",\"relationships\":{\"contextDependencies\":{\"data\":[]}},\"type\":\"context\"}},{\"_id\":\"0f88238f-9dbf-4591-ab59-cf038bfb5ce0\",\"data\":{\"attributes\":{\"name\":\"pageLocation\"},\"id\":\"0f88238f-9dbf-4591-ab59-cf038bfb5ce0\",\"relationships\":{\"contextDependencies\":{\"data\":[{\"id\":\"eaf621f6-a134-422a-95b6-c5d03bebbfb5\",\"type\":\"context\"}]}},\"type\":\"context\"}},{\"_id\":\"5c7a988e-e2d1-4d6b-aec3-123c00408b77\",\"data\":{\"attributes\":{\"name\":\"partner\"},\"id\":\"5c7a988e-e2d1-4d6b-aec3-123c00408b77\",\"relationships\":{\"contextDependencies\":{\"data\":[{\"id\":\"230272e2-80a1-4b47-be82-5af726e2a53a\",\"type\":\"context\"}]}},\"type\":\"context\"}},{\"_id\":\"f47fdaaa-fca8-445f-98d3-8cd9d94f6192\",\"data\":{\"attributes\":{\"name\":\"siteMode\"},\"id\":\"f47fdaaa-fca8-445f-98d3-8cd9d94f6192\",\"relationships\":{\"contextDependencies\":{\"data\":[{\"id\":\"eaf621f6-a134-422a-95b6-c5d03bebbfb5\",\"type\":\"context\"}]}},\"type\":\"context\"}},{\"_id\":\"78a8f7a2-0849-4694-bd06-5c64426c031f\",\"data\":{\"attributes\":{\"name\":\"user\"},\"id\":\"78a8f7a2-0849-4694-bd06-5c64426c031f\",\"relationships\":{\"contextDependencies\":{\"data\":[{\"id\":\"eaf621f6-a134-422a-95b6-c5d03bebbfb5\",\"type\":\"context\"}]}},\"type\":\"context\"}},{\"_id\":\"bbc39cc0-c8ac-4cd7-9285-1bb8c1aa22e5\",\"data\":{\"attributes\":{\"name\":\"dpr\"},\"id\":\"bbc39cc0-c8ac-4cd7-9285-1bb8c1aa22e5\",\"relationships\":{\"contextDependencies\":{\"data\":[{\"id\":\"78a8f7a2-0849-4694-bd06-5c64426c031f\",\"type\":\"context\"},{\"id\":\"eaf621f6-a134-422a-95b6-c5d03bebbfb5\",\"type\":\"context\"}]}},\"type\":\"context\"}},{\"_id\":\"00978342-a6bb-4dc9-bf23-4c97f017bf80\",\"data\":{\"attributes\":{\"name\":\"userLocation\"},\"id\":\"00978342-a6bb-4dc9-bf23-4c97f017bf80\",\"relationships\":{\"contextDependencies\":{\"data\":[{\"id\":\"78a8f7a2-0849-4694-bd06-5c64426c031f\",\"type\":\"context\"},{\"id\":\"eaf621f6-a134-422a-95b6-c5d03bebbfb5\",\"type\":\"context\"}]}},\"type\":\"context\"}},{\"_id\":\"e6f9a5b3-3ea0-45bd-9624-fad08e184d91\",\"data\":{\"attributes\":{\"name\":\"weatherMode\"},\"id\":\"e6f9a5b3-3ea0-45bd-9624-fad08e184d91\",\"relationships\":{\"contextDependencies\":{\"data\":[{\"id\":\"eaf621f6-a134-422a-95b6-c5d03bebbfb5\",\"type\":\"context\"},{\"id\":\"0f88238f-9dbf-4591-ab59-cf038bfb5ce0\",\"type\":\"context\"}]}},\"type\":\"context\"}},{\"_id\":\"3569bb7a-fdd3-48ff-8dff-7260ccc25209\",\"data\":{\"attributes\":{\"name\":\"metrics\"},\"id\":\"3569bb7a-fdd3-48ff-8dff-7260ccc25209\",\"relationships\":{\"contextDependencies\":{\"data\":[{\"id\":\"bbc39cc0-c8ac-4cd7-9285-1bb8c1aa22e5\",\"type\":\"context\"},{\"id\":\"0f88238f-9dbf-4591-ab59-cf038bfb5ce0\",\"type\":\"context\"},{\"id\":\"5c7a988e-e2d1-4d6b-aec3-123c00408b77\",\"type\":\"context\"}]}},\"type\":\"context\"}},{\"_id\":\"73c0c5a5-2045-43aa-9c45-e71c64a0dec7\",\"data\":{\"attributes\":{\"name\":\"subscription\"},\"id\":\"73c0c5a5-2045-43aa-9c45-e71c64a0dec7\",\"relationships\":{\"contextDependencies\":{\"data\":[{\"id\":\"00978342-a6bb-4dc9-bf23-4c97f017bf80\",\"type\":\"context\"},{\"id\":\"eaf621f6-a134-422a-95b6-c5d03bebbfb5\",\"type\":\"context\"},{\"id\":\"230272e2-80a1-4b47-be82-5af726e2a53a\",\"type\":\"context\"}]}},\"type\":\"context\"}},{\"_id\":\"999aa43e-3abc-41fb-a19a-34554e1d649f\",\"data\":{\"attributes\":{\"name\":\"ads\"},\"id\":\"999aa43e-3abc-41fb-a19a-34554e1d649f\",\"relationships\":{\"contextDependencies\":{\"data\":[{\"id\":\"eaf621f6-a134-422a-95b6-c5d03bebbfb5\",\"type\":\"context\"},{\"id\":\"00978342-a6bb-4dc9-bf23-4c97f017bf80\",\"type\":\"context\"},{\"id\":\"0f88238f-9dbf-4591-ab59-cf038bfb5ce0\",\"type\":\"context\"},{\"id\":\"bbc39cc0-c8ac-4cd7-9285-1bb8c1aa22e5\",\"type\":\"context\"}]}},\"type\":\"context\"}}]}},\"status\":200,\"statusText\":\"OK\"}},\"getMewLocaleUrlConfig\":{\"locale:en-US\":{\"loading\":false,\"loaded\":true,\"data\":{\"data\":{\"locale\":{\"_id\":\"25b624ab-95a6-45ec-9dee-6abc917e53f3\",\"data\":{\"attributes\":{\"localeCode\":\"en-US\",\"isLocaleSiteEnabled\":true},\"id\":\"25b624ab-95a6-45ec-9dee-6abc917e53f3\",\"relationships\":{\"localeToLanguage\":{\"data\":{\"id\":\"daac1fa2-93e2-4fbb-950b-e0053043c80f\",\"type\":\"language\"}}},\"type\":\"locale\"}},\"language\":{\"_id\":\"daac1fa2-93e2-4fbb-950b-e0053043c80f\",\"data\":{\"attributes\":{\"countryName\":\"United States\",\"isRtlLanguage\":false,\"languageCode\":\"en-US\",\"languageName\":\"American English\"},\"id\":\"daac1fa2-93e2-4fbb-950b-e0053043c80f\",\"type\":\"language\"}}}},\"status\":200,\"statusText\":\"OK\"}},\"getCMSLinkListUrlConfig\":{\"language:en_US;linkListId:798ce33c-729e-4ec4-b726-8d9a5c3ab6eb\":{\"loading\":false,\"loaded\":true,\"data\":{\"id\":\"798ce33c-729e-4ec4-b726-8d9a5c3ab6eb\",\"type\":\"linklist\",\"schema_version\":\"1.2.0\",\"locale\":\"en_US\",\"links\":[{\"url\":{\"url\":\"/<none>\",\"title\":\"severe mode en-US\",\"attributes\":[]},\"options\":{\"enabled\":true,\"new_tab\":false,\"nofollow\":false},\"attributes\":{\"locale\":\"en-US\",\"mode\":\"normal\"},\"tooltip\":null,\"description\":\"TO CHANGE THE SITE MODE FOR THE WEBSITE, follow the steps below to update the ATTRIBUTES section below\\r\\n\\r\\nTo change the site to 'severe' or 'red mode', please the mode to 'mode=severe'\\r\\nTo change the site to 'hybrid' or 'hybrid mode', please the mode to 'mode=hybrid'\\r\\nTo change the site to 'normal' or 'regular mode', please the mode to 'mode=normal'\\r\\n\",\"type\":null,\"image\":{},\"visible_between\":{\"from\":1558281600,\"to\":1601013600},\"collection\":null,\"sublink_id\":null},{\"url\":{\"url\":\"/<none>\",\"title\":\"severe mode es-US\",\"attributes\":[]},\"options\":{\"enabled\":true,\"new_tab\":false,\"nofollow\":false},\"attributes\":{\"locale\":\"es-US\",\"mode\":\"hybrid\"},\"tooltip\":null,\"description\":\"TO CHANGE THE SITE MODE FOR THE WEBSITE, follow the steps below to update the ATTRIBUTES section below\\r\\n\\r\\nTo change the site to 'severe' or 'red mode', please the mode to 'mode=severe'\\r\\nTo change the site to 'hybrid' or 'hybrid mode', please the mode to 'mode=hybrid'\\r\\nTo change the site to 'normal' or 'regular mode', please the mode to 'mode=normal'\\r\\n\",\"type\":null,\"image\":{},\"visible_between\":{\"from\":1507503600,\"to\":null},\"collection\":null,\"sublink_id\":null}]},\"status\":200,\"statusText\":\"OK\"}},\"getSunWeatherAlertHeadlinesUrlConfig\":{\"geocode:undefined;language:en-US\":{\"loading\":false,\"loaded\":true,\"data\":{\"text\":\"{ \\\"failure\\\": \\\" Geocode   is not allowed.,  \\\"} \"},\"status\":400,\"statusText\":\"Bad Request\"}},\"getSunV3HourlyForecastUrlConfig\":{\"duration:1day;geocode:undefined;language:en-US;units:e\":{\"loading\":false,\"loaded\":true,\"data\":{\"text\":\"{ \\\"failure\\\": \\\" Geocode   is not allowed.,  \\\"} \"},\"status\":400,\"statusText\":\"Bad Request\"}},\"getSunV3CurrentObservationsUrlConfig\":{\"geocode:undefined;language:en-US;units:e\":{\"loading\":false,\"loaded\":true,\"data\":{\"text\":\"{ \\\"failure\\\": \\\" Geocode   is not allowed.,  \\\"} \"},\"status\":400,\"statusText\":\"Bad Request\"}},\"getMewPageConfigUrlConfig\":{\"contexts:{deviceClass:desktop;localeContext:en-US;subscription:none};pageKey:home\":{\"loading\":false,\"loaded\":true,\"data\":{\"_id\":\"92de2562-38eb-4a33-95b1-c0e1400681e3\",\"pccpId\":\"a9dd2a65-298e-4a16-8197-4e707d9f5d6b\",\"data\":{\"attributes\":{\"active_page\":false,\"ads\":{\"adUnits\":{\"desktop\":\"web_weather_us\",\"mobile\":\"mobile_smart_us\",\"tablet\":\"tablet_weather_us\"},\"adZone\":\"home\",\"engine\":\"gpt\",\"networkCode\":\"/7646\",\"thirdParties\":[\"miscCustParams_all\",\"confiant_all\",\"criteoSlot_enUSGLS\",\"amznHdBid_enUSGLS\",\"iasPetSlot_enUSGLS\",\"lotame_enUSenCAGLS\",\"rubicon_enUS\",\"sourcePoint_enUS\",\"wfxtg_all\",\"wxAdTargeting_all\",\"moatYieldIntelligence_all\",\"premiumAdDataLake_all\"]},\"adsmetrics_zone\":\"home\",\"bidders\":[],\"connectionSpeed\":null,\"deviceClass\":\"desktop\",\"experience\":null,\"field_subscription\":null,\"localeContext\":\"en-US\",\"meta\":{\"metaTags\":[{\"content\":\"noindex, nofollow\",\"name\":\"robots\"}],\"title\":\"Weather Forecast and Conditions - The Weather Channel | Weather.com\"},\"metrics_levels\":\"HOMEPAGE/HOMEPAGE/NA/MAIN\",\"name\":\"Home Page (wxu) | Large Screen | en-US (MEW)\",\"page_code\":\"home\",\"partner\":null,\"preview_metadata\":{\"headers\":{\"twc-connection-speed\":\"4g\",\"twc-device-class\":\"desktop\"},\"query\":{\"siteMode\":\"normal\"},\"route\":\"/\"},\"siteMode\":null,\"variant_key\":null,\"weatherMode\":null},\"id\":\"92de2562-38eb-4a33-95b1-c0e1400681e3\",\"relationships\":{\"layout\":{\"data\":{\"id\":\"e761d37d-77ab-43b9-a7aa-97fa2b9a6ec6\",\"type\":\"layout\"}},\"module_instances\":{\"data\":[{\"id\":\"1869d024-e7ae-469b-8d1d-453aea8e6fe7\",\"meta\":{\"region\":\"meta\",\"weight\":0},\"type\":\"module_instance\"},{\"id\":\"53dce052-5465-4609-a555-c3a20ab64ab0\",\"meta\":{\"region\":\"topAds\",\"weight\":0},\"type\":\"module_instance\"},{\"id\":\"9944ec87-e4d4-4f18-b23e-ce4a3fd8a3ba\",\"meta\":{\"region\":\"header\",\"weight\":0},\"type\":\"module_instance\"},{\"id\":\"9aea3e61-fbf8-4da4-9e07-f96abf18cdf1\",\"meta\":{\"region\":\"header\",\"weight\":1},\"type\":\"module_instance\"},{\"id\":\"71dadf79-621d-43ff-9a1a-d99a39f16abe\",\"meta\":{\"region\":\"header\",\"weight\":2},\"type\":\"module_instance\"},{\"id\":\"50b69813-b340-4d89-a22d-016d4b682491\",\"meta\":{\"region\":\"contentTop\",\"weight\":0},\"type\":\"module_instance\"},{\"id\":\"eca80ceb-d167-47d5-abe3-ce01a2b10ffc\",\"meta\":{\"region\":\"main\",\"weight\":0},\"type\":\"module_instance\"},{\"id\":\"7a64efde-4532-4374-acd9-6061b0a92b95\",\"meta\":{\"region\":\"main\",\"weight\":1},\"type\":\"module_instance\"},{\"id\":\"bf4ee11b-1686-4fe2-b1ff-dbdeb84aacab\",\"meta\":{\"region\":\"main\",\"weight\":2},\"type\":\"module_instance\"},{\"id\":\"6ec6a613-6078-498e-92b3-efb8a9c40adf\",\"meta\":{\"region\":\"main\",\"weight\":3},\"type\":\"module_instance\"},{\"id\":\"93e78c6f-fbe9-47e1-ae14-07a7ca30cac0\",\"meta\":{\"region\":\"main\",\"weight\":4},\"type\":\"module_instance\"},{\"id\":\"e0ab3ad1-2034-4075-a98f-b3d272a18bd5\",\"meta\":{\"region\":\"main\",\"weight\":5},\"type\":\"module_instance\"},{\"id\":\"617de16a-5b28-4ea6-8a32-d3e81ec478dc\",\"meta\":{\"region\":\"main\",\"weight\":6},\"type\":\"module_instance\"},{\"id\":\"68cf0061-cd5c-4c9a-a8e5-8ab8113bb28b\",\"meta\":{\"region\":\"main\",\"weight\":7},\"type\":\"module_instance\"},{\"id\":\"f6ca0247-5836-4cb0-a1f4-a2d9e3cf15bf\",\"meta\":{\"region\":\"main\",\"weight\":8},\"type\":\"module_instance\"},{\"id\":\"ccd9cf55-d5e7-49c0-ad2b-3551f3b154fe\",\"meta\":{\"region\":\"main\",\"weight\":9},\"type\":\"module_instance\"},{\"id\":\"2216c858-71f6-472b-a087-375ed6aa08a2\",\"meta\":{\"region\":\"sidebar\",\"weight\":0},\"type\":\"module_instance\"},{\"id\":\"eaf3a578-6862-468e-9c75-5973515b2d3f\",\"meta\":{\"region\":\"sidebar\",\"weight\":1},\"type\":\"module_instance\"},{\"id\":\"ddd4a3cb-7622-4c4d-b058-5101b4678ae5\",\"meta\":{\"region\":\"sidebar\",\"weight\":2},\"type\":\"module_instance\"},{\"id\":\"721f1a1a-460a-422c-a0db-db83a582b227\",\"meta\":{\"region\":\"sidebar\",\"weight\":3},\"type\":\"module_instance\"},{\"id\":\"d2ec6be1-08ec-4be9-b2d3-9df78d6b0d32\",\"meta\":{\"region\":\"sidebar\",\"weight\":4},\"type\":\"module_instance\"},{\"id\":\"4f2fc4ea-834c-493d-93af-1e3cdf2daea7\",\"meta\":{\"region\":\"sidebar\",\"weight\":5},\"type\":\"module_instance\"},{\"id\":\"2384c765-4ac5-41e9-8f2d-5a69476cf939\",\"meta\":{\"region\":\"sidebar\",\"weight\":6},\"type\":\"module_instance\"},{\"id\":\"154205c3-43e0-4e4d-a284-972095b12084\",\"meta\":{\"region\":\"sidebar\",\"weight\":7},\"type\":\"module_instance\"},{\"id\":\"fbb14727-c8f1-4a09-a56b-b840a24681c4\",\"meta\":{\"region\":\"sidebar\",\"weight\":8},\"type\":\"module_instance\"},{\"id\":\"cb63b42d-d07c-48d9-a6a4-5f0b1dbc58bf\",\"meta\":{\"region\":\"contentBottom\",\"weight\":0},\"type\":\"module_instance\"},{\"id\":\"95b11cb9-8af9-4c23-abd1-5b7e7bc621d9\",\"meta\":{\"region\":\"footer\",\"weight\":0},\"type\":\"module_instance\"},{\"id\":\"495720e7-facc-4c28-af6b-52f78459520a\",\"meta\":{\"region\":\"footer\",\"weight\":1},\"type\":\"module_instance\"},{\"id\":\"5b5ebc4f-6cb5-4bcf-8c09-60524c9ff62d\",\"meta\":{\"region\":\"footer\",\"weight\":2},\"type\":\"module_instance\"}]},\"pageKey\":{\"data\":{\"id\":\"1d1cf310-bfb6-47d3-8dcb-85ff8e47bc12\",\"type\":\"page_key\"}},\"twc_config_type\":{\"data\":null}},\"type\":\"page_config\"},\"included\":[{\"attributes\":{\"anchorName\":null,\"configuration\":{\"bypassServer\":false,\"pageDashboard\":\"homepage_r2\",\"pageTemplate\":\"homepage_r2\",\"scriptUrl\":null},\"name\":\"WXU Newsroom - homepage_r2\"},\"id\":\"1869d024-e7ae-469b-8d1d-453aea8e6fe7\",\"relationships\":{\"module\":{\"data\":{\"id\":\"WxuNewsroom\",\"type\":\"module\"}},\"twc_config_type\":{\"data\":null}},\"type\":\"module_instance\"},{\"attributes\":{\"anchorName\":null,\"configuration\":{\"id\":\"WX_Hidden\",\"ttl\":0},\"name\":\"WXU Ad WX_Hidden\"},\"id\":\"53dce052-5465-4609-a555-c3a20ab64ab0\",\"relationships\":{\"module\":{\"data\":{\"id\":\"WxuAd\",\"type\":\"module\"}},\"twc_config_type\":{\"data\":null}},\"type\":\"module_instance\"},{\"attributes\":{\"anchorName\":null,\"configuration\":{\"brandingAssetId\":null,\"navAssetId\":null,\"showCobrandHeader\":true},\"name\":\"WXU Header Large Screen\"},\"id\":\"9944ec87-e4d4-4f18-b23e-ce4a3fd8a3ba\",\"relationships\":{\"module\":{\"data\":{\"id\":\"WxuHeaderLargeScreen\",\"type\":\"module\"}},\"twc_config_type\":{\"data\":null}},\"type\":\"module_instance\"},{\"attributes\":{\"anchorName\":null,\"configuration\":{\"ttl\":900},\"name\":\"WXU Saved Locations\"},\"id\":\"9aea3e61-fbf8-4da4-9e07-f96abf18cdf1\",\"relationships\":{\"module\":{\"data\":{\"id\":\"WxuSavedLocations\",\"type\":\"module\"}},\"twc_config_type\":{\"data\":null}},\"type\":\"module_instance\"},{\"attributes\":{\"anchorName\":null,\"configuration\":{\"ttl\":900,\"videoLinkLocaleInclude\":{\"en-US\":{\"adRef\":\"\",\"overridePageKey\":\"\",\"overrideVideoLink\":false,\"videoLinkIconName\":\"video\",\"videoLinkIconSet\":\"nav\",\"videoLinkSevere\":true,\"videoLinkText\":\"Videos\"},\"videoLinkLocaleExclude\":[]}},\"name\":\"WXU Localsuite Nav\"},\"id\":\"71dadf79-621d-43ff-9a1a-d99a39f16abe\",\"relationships\":{\"module\":{\"data\":{\"id\":\"WxuLocalsuiteNav\",\"type\":\"module\"}},\"twc_config_type\":{\"data\":null}},\"type\":\"module_instance\"},{\"attributes\":{\"anchorName\":null,\"configuration\":{\"disableCard\":true,\"id\":\"WX_WindowShade\",\"tabletId\":\"WX_Leaderboard\",\"ttl\":0},\"name\":\"WXU Ad - WX_WindowShade | WX_Leaderboard\"},\"id\":\"50b69813-b340-4d89-a22d-016d4b682491\",\"relationships\":{\"module\":{\"data\":{\"id\":\"WxuAd\",\"type\":\"module\"}},\"twc_config_type\":{\"data\":null}},\"type\":\"module_instance\"},{\"attributes\":{\"anchorName\":null,\"configuration\":{\"adRef\":null,\"attribution\":{\"label\":null,\"link\":null,\"linkTarget\":null,\"title\":null},\"cmqsId\":\"9bccba03-6079-49f9-9185-2fdd4011c107\",\"ctaTarget\":null,\"ctaText\":\"More Stories\",\"ctaUrl\":\"/news\",\"impactHeadlineId\":null,\"limit\":8,\"listItem\":\"compact\",\"listView\":false,\"locale\":null,\"offset\":1,\"overflow\":false,\"overlay\":false,\"partner\":null,\"primaryCaption\":false,\"primaryTitle\":true,\"secondaryCount\":3,\"severeDescription\":null,\"severeNotice\":null,\"severeTitle\":null,\"sidebar\":true,\"sponsoredImageAltText\":null,\"sponsoredImageUrl\":null,\"tbRegion\":\"db-cm-homepage_top_EN\",\"title\":\"Top Stories\",\"useH1\":true},\"name\":\"WXU Content Media - Homepage List View\"},\"id\":\"eca80ceb-d167-47d5-abe3-ce01a2b10ffc\",\"relationships\":{\"module\":{\"data\":{\"id\":\"WxuContentMedia\",\"type\":\"module\"}},\"twc_config_type\":{\"data\":null}},\"type\":\"module_instance\"},{\"attributes\":{\"anchorName\":null,\"configuration\":{\"cmqsId\":\"348d2d16-9c01-455c-b94f-2696374de595\",\"ctaText\":\"More News\",\"ctaUrl\":\"/news\",\"displayCategory\":true,\"limit\":4,\"offset\":0,\"overflow\":false,\"sidebar\":false,\"tbRegion\":\"db-cm-homepage_stack_EN\",\"title\":\"Latest News\"},\"name\":\"WXU Content Media - 4 inline | Latest News\"},\"id\":\"7a64efde-4532-4374-acd9-6061b0a92b95\",\"relationships\":{\"module\":{\"data\":{\"id\":\"WxuContentMedia\",\"type\":\"module\"}},\"twc_config_type\":{\"data\":null}},\"type\":\"module_instance\"},{\"attributes\":{\"anchorName\":null,\"configuration\":{\"cmqsId\":\"9433667c-ffe0-4051-80ef-8f581491cf00\",\"ctaText\":\"Read More\",\"ctaUrl\":\"https://weather.com/forecast/news/2014-10-31-national-forecast-20141009\",\"impactHeadlineId\":null,\"limit\":null,\"locale\":null,\"offset\":1,\"overlay\":false,\"partner\":null,\"primaryCaption\":false,\"primaryTitle\":false,\"severeDescription\":null,\"severeTitle\":null,\"sponsoredImageAltText\":null,\"sponsoredImageUrl\":null,\"tbRegion\":\"db-cm-homepage_single_natl_EN\",\"title\":\"Weather Today Across the Country\",\"useH1\":false},\"name\":\"Wxu Content Media - 1:0 National\"},\"id\":\"bf4ee11b-1686-4fe2-b1ff-dbdeb84aacab\",\"relationships\":{\"module\":{\"data\":{\"id\":\"WxuContentMedia\",\"type\":\"module\"}},\"twc_config_type\":{\"data\":null}},\"type\":\"module_instance\"},{\"attributes\":{\"anchorName\":null,\"configuration\":{\"id\":\"WX_MidLeader\",\"tabletId\":\"none\",\"ttl\":0},\"name\":\"WXU Ad - WX_MidLeader | None\"},\"id\":\"6ec6a613-6078-498e-92b3-efb8a9c40adf\",\"relationships\":{\"module\":{\"data\":{\"id\":\"WxuAd\",\"type\":\"module\"}},\"twc_config_type\":{\"data\":null}},\"type\":\"module_instance\"},{\"attributes\":{\"anchorName\":null,\"configuration\":{\"cmqsId\":\"97094815-e4c6-4576-8b10-1a0d31327990\",\"ctaText\":\"See More\",\"ctaUrl\":\"/news\",\"limit\":4,\"offset\":0,\"overflow\":false,\"tbRegion\":\"db-cm-trending_EN\",\"title\":\"Recommended\"},\"name\":\"WXU Content Media - 4 inline | Trending Stories\"},\"id\":\"93e78c6f-fbe9-47e1-ae14-07a7ca30cac0\",\"relationships\":{\"module\":{\"data\":{\"id\":\"WxuContentMedia\",\"type\":\"module\"}},\"twc_config_type\":{\"data\":null}},\"type\":\"module_instance\"},{\"attributes\":{\"anchorName\":null,\"configuration\":{\"classOverride\":\"halfWidth\",\"id\":\"WX_Bot300AdX1\",\"ttl\":0},\"name\":\"WXU Ad WX_Bot300AdX1\"},\"id\":\"e0ab3ad1-2034-4075-a98f-b3d272a18bd5\",\"relationships\":{\"module\":{\"data\":{\"id\":\"WxuAd\",\"type\":\"module\"}},\"twc_config_type\":{\"data\":null}},\"type\":\"module_instance\"},{\"attributes\":{\"anchorName\":null,\"configuration\":{\"classOverride\":\"halfWidth\",\"id\":\"WX_Bot300AdX2\",\"ttl\":0},\"name\":\"WXU Ad WX_Bot300AdX2\"},\"id\":\"617de16a-5b28-4ea6-8a32-d3e81ec478dc\",\"relationships\":{\"module\":{\"data\":{\"id\":\"WxuAd\",\"type\":\"module\"}},\"twc_config_type\":{\"data\":null}},\"type\":\"module_instance\"},{\"attributes\":{\"anchorName\":null,\"configuration\":{\"adRef\":null,\"attribution\":{\"label\":null,\"link\":null,\"linkTarget\":null,\"title\":null},\"cmqsId\":\"0275875d-4b11-45fe-a653-bc5817088c16\",\"ctaTarget\":null,\"ctaText\":\"See More\",\"ctaUrl\":\"/slideshows\",\"impactHeadlineId\":null,\"limit\":4,\"listItem\":false,\"listView\":false,\"locale\":null,\"offset\":0,\"overflow\":false,\"overlay\":false,\"partner\":null,\"primaryCaption\":false,\"primaryTitle\":false,\"secondaryCount\":null,\"severeDescription\":null,\"severeNotice\":null,\"severeTitle\":null,\"sidebar\":false,\"sponsoredImageAltText\":null,\"sponsoredImageUrl\":null,\"tbRegion\":\"db-cm-list_EN\",\"title\":\"Photos\",\"useH1\":false},\"name\":\"WXU Content Media - 4 inline | Photos-Homepage\"},\"id\":\"68cf0061-cd5c-4c9a-a8e5-8ab8113bb28b\",\"relationships\":{\"module\":{\"data\":{\"id\":\"WxuContentMedia\",\"type\":\"module\"}},\"twc_config_type\":{\"data\":null}},\"type\":\"module_instance\"},{\"attributes\":{\"anchorName\":null,\"configuration\":{\"bypassServer\":true,\"configs\":{\"commands\":[{\"home\":\"auto\"},{\"container\":\"taboola-below-content-thumbnails-home\",\"mode\":\"thumbnails-d\",\"placement\":\"Below Content Thumbnails - home\",\"target_type\":\"mix\"},{\"flush\":true}],\"scriptId\":\"tb_loader_script\",\"url\":\"//cdn.taboola.com/libtrc/theweatherchannel/loader.js\"},\"id\":\"taboola-below-content-thumbnails-home\",\"limit\":2,\"ttl\":900,\"type\":\"generic\",\"wrapInPanel\":false},\"name\":\"Taboola | en-US | Home | Below-Content\"},\"id\":\"f6ca0247-5836-4cb0-a1f4-a2d9e3cf15bf\",\"relationships\":{\"module\":{\"data\":{\"id\":\"Taboola\",\"type\":\"module\"}},\"twc_config_type\":{\"data\":null}},\"type\":\"module_instance\"},{\"attributes\":{\"anchorName\":null,\"configuration\":{\"animation\":\"slideUp\",\"boldBodyText\":true,\"ctaLink1\":null,\"ctaLink2\":null,\"ctaText1\":null,\"ctaText2\":null,\"frequencyInHours\":1,\"imageCta\":null,\"imageUrl\":null,\"isSevere\":false,\"messagePosition\":\"bottom-right\",\"messageType\":\"popup\",\"openCtaLink1InNewWindow\":false,\"openCtaLink2InNewWindow\":false,\"overrideContent\":false,\"overrideRuleId\":\"SmartMessageABTestingPopupOct14\",\"showOnScrollOnly\":false,\"text\":null,\"title\":\"Premium for Web\",\"useOriginalImageSource\":true,\"userTargeting\":{\"anonymous\":true,\"premium\":false,\"standard\":true}},\"name\":\"Wxu Smart Message - Decision Service - SmartMessageViews Cap\"},\"id\":\"ccd9cf55-d5e7-49c0-ad2b-3551f3b154fe\",\"relationships\":{\"module\":{\"data\":{\"id\":\"WxuSmartMessage\",\"type\":\"module\"}},\"twc_config_type\":{\"data\":null}},\"type\":\"module_instance\"},{\"attributes\":{\"anchorName\":null,\"configuration\":{\"id\":\"WX_Top300Variable\",\"ttl\":0},\"name\":\"WXU Ad WX_Top300Variable\"},\"id\":\"2216c858-71f6-472b-a087-375ed6aa08a2\",\"relationships\":{\"module\":{\"data\":{\"id\":\"WxuAd\",\"type\":\"module\"}},\"twc_config_type\":{\"data\":null}},\"type\":\"module_instance\"},{\"attributes\":{\"anchorName\":null,\"configuration\":{\"ctaText\":\"hurricaneTrackerCta\",\"imapUrlOverlays\":null,\"overlays\":null,\"stormId\":\"Nicholas\",\"title\":\"hurricaneTrackerTitle\",\"zoom\":null},\"name\":\"WXU Hurricane Tracker Card - Updated\"},\"id\":\"eaf3a578-6862-468e-9c75-5973515b2d3f\",\"relationships\":{\"module\":{\"data\":{\"id\":\"WxuHurricaneTrackerCard\",\"type\":\"module\"}},\"twc_config_type\":{\"data\":null}},\"type\":\"module_instance\"},{\"attributes\":{\"anchorName\":null,\"configuration\":{\"id\":\"WX_Mid300\",\"ttl\":0},\"name\":\"WXU Ad WX_Mid300\"},\"id\":\"ddd4a3cb-7622-4c4d-b058-5101b4678ae5\",\"relationships\":{\"module\":{\"data\":{\"id\":\"WxuAd\",\"type\":\"module\"}},\"twc_config_type\":{\"data\":null}},\"type\":\"module_instance\"},{\"attributes\":{\"anchorName\":null,\"configuration\":{\"adPositionId\":\"WX_PromoDriver1\",\"fallbackImageUrl\":\"https://s.w-x.co/promo-modules-units-features.png\",\"fallbackLinkTarget\":null,\"fallbackLinkTitle\":null,\"fallbackLinkUrl\":\"/safety\",\"lazyload\":true,\"title\":\"Stay Safe\",\"ttl\":900},\"name\":\"WXU Promo Driver\"},\"id\":\"721f1a1a-460a-422c-a0db-db83a582b227\",\"relationships\":{\"module\":{\"data\":{\"id\":\"WxuPromoDriver\",\"type\":\"module\"}},\"twc_config_type\":{\"data\":null}},\"type\":\"module_instance\"},{\"attributes\":{\"anchorName\":null,\"configuration\":{\"coupled\":true,\"id\":\"WX_PromoDriver1\",\"lazyload\":true,\"ttl\":0},\"name\":\"WXU Ad WX_PromoDriver1 (coupled)\"},\"id\":\"d2ec6be1-08ec-4be9-b2d3-9df78d6b0d32\",\"relationships\":{\"module\":{\"data\":{\"id\":\"WxuAd\",\"type\":\"module\"}},\"twc_config_type\":{\"data\":null}},\"type\":\"module_instance\"},{\"attributes\":{\"anchorName\":null,\"configuration\":{\"animation\":\"slideUp\",\"boldBodyText\":false,\"ctaLink1\":\"/subscribe\",\"ctaLink2\":null,\"ctaText1\":\"Go Premium\",\"ctaText2\":null,\"frequencyInHours\":1,\"imageCta\":null,\"imageUrl\":\"\",\"isSevere\":false,\"messagePosition\":\"bottom-right\",\"messageType\":\"inPage\",\"openCtaLink1InNewWindow\":false,\"openCtaLink2InNewWindow\":false,\"overrideContent\":false,\"overrideRuleId\":\"SmartMessageABTestingInPageOct14\",\"showOnScrollOnly\":false,\"text\":\"\",\"title\":\"24-Hour Future Radar\",\"useOriginalImageSource\":true,\"userTargeting\":{\"anonymous\":true,\"premium\":false,\"standard\":true}},\"name\":\"Wxu Smart Message - InFeed - Advanced Radar\"},\"id\":\"4f2fc4ea-834c-493d-93af-1e3cdf2daea7\",\"relationships\":{\"module\":{\"data\":{\"id\":\"WxuSmartMessage\",\"type\":\"module\"}},\"twc_config_type\":{\"data\":null}},\"type\":\"module_instance\"},{\"attributes\":{\"anchorName\":null,\"configuration\":{\"animation\":\"slideUp\",\"boldBodyText\":false,\"ctaLink1\":\"https://weather.com/coronavirus\",\"ctaLink2\":null,\"ctaText1\":\"Track COVID-19\",\"ctaText2\":null,\"frequencyInHours\":0,\"geoIPandPartnerFencing\":false,\"id\":\"SmartMessageGeneralSurvey\",\"imageCta\":null,\"imageUrl\":null,\"isSevere\":false,\"messagePosition\":\"bottom-right\",\"messageType\":\"inPage\",\"openCtaLink1InNewWindow\":false,\"openCtaLink2InNewWindow\":false,\"overrideContent\":true,\"overrideRuleId\":null,\"showOnScrollOnly\":false,\"text\":\"See the latest in the new information hub, including county-level tracking for the US. Stay safe.\",\"title\":\"COVID-19\",\"useOriginalImageSource\":true,\"userTargeting\":{\"anonymous\":true,\"premium\":true,\"standard\":true}},\"name\":\"WXU Smart Message - COVID CTA\"},\"id\":\"2384c765-4ac5-41e9-8f2d-5a69476cf939\",\"relationships\":{\"module\":{\"data\":{\"id\":\"WxuSmartMessage\",\"type\":\"module\"}},\"twc_config_type\":{\"data\":null}},\"type\":\"module_instance\"},{\"attributes\":{\"anchorName\":null,\"configuration\":{\"adPosition\":null,\"adRef\":null,\"altText\":null,\"ariaLabel\":null,\"attribution\":{\"label\":null,\"link\":null,\"linkTarget\":null,\"title\":null},\"bulletType\":null,\"cmqsId\":\"7d7ca9dd-ea1c-4299-af08-063bfb8eb2fc\",\"ctaTarget\":null,\"ctaText\":\"See More\",\"ctaUrl\":\"/deals/stackcommerce\",\"displayCategory\":false,\"fromString\":\"ContentMedia|AffiliatePromo|See More\",\"fullWidthStackedInSidebar\":true,\"icon\":{\"ariaLabel\":null,\"name\":null,\"set\":null},\"impactHeadlineId\":null,\"limit\":1,\"listItem\":null,\"listName\":null,\"listView\":false,\"locale\":null,\"logo\":null,\"moduleInSidebar\":false,\"offset\":1,\"overflow\":false,\"overlay\":false,\"partner\":null,\"primaryCaption\":true,\"primaryTitle\":true,\"secondaryCount\":null,\"severeDescription\":null,\"severeNotice\":null,\"severeTitle\":null,\"sidebar\":false,\"sponsorText\":null,\"sponsoredImageAltText\":null,\"sponsoredImageUrl\":null,\"tbRegion\":\"tb-affiliate-rr\",\"title\":\"Featured Deal\",\"useH1\":false,\"useOriginalImageSource\":false,\"useTeaserTitle\":false},\"name\":\"Wxu Content Media - Affiliate Program Article Promo\"},\"id\":\"154205c3-43e0-4e4d-a284-972095b12084\",\"relationships\":{\"module\":{\"data\":{\"id\":\"WxuContentMedia\",\"type\":\"module\"}},\"twc_config_type\":{\"data\":null}},\"type\":\"module_instance\"},{\"attributes\":{\"anchorName\":null,\"configuration\":{\"id\":\"WX_Bot300AdX3\",\"ttl\":0},\"name\":\"WXU Ad WX_Bot300AdX3\"},\"id\":\"fbb14727-c8f1-4a09-a56b-b840a24681c4\",\"relationships\":{\"module\":{\"data\":{\"id\":\"WxuAd\",\"type\":\"module\"}},\"twc_config_type\":{\"data\":null}},\"type\":\"module_instance\"},{\"attributes\":{\"anchorName\":null,\"configuration\":{\"id\":\"WX_BottomLeader\",\"tabletId\":\"WX_BottomLeaderTablet\",\"ttl\":0},\"name\":\"WXU Ad - WX_BottomLeader | WX_BottomLeaderTablet\"},\"id\":\"cb63b42d-d07c-48d9-a6a4-5f0b1dbc58bf\",\"relationships\":{\"module\":{\"data\":{\"id\":\"WxuAd\",\"type\":\"module\"}},\"twc_config_type\":{\"data\":null}},\"type\":\"module_instance\"},{\"attributes\":{\"anchorName\":null,\"configuration\":{\"deleteCookie\":false,\"percentage\":5},\"name\":\"Wxu Daybreak Metrics\"},\"id\":\"95b11cb9-8af9-4c23-abd1-5b7e7bc621d9\",\"relationships\":{\"module\":{\"data\":{\"id\":\"WxuDaybreakMetrics\",\"type\":\"module\"}},\"twc_config_type\":{\"data\":null}},\"type\":\"module_instance\"},{\"attributes\":{\"anchorName\":null,\"configuration\":{\"ttl\":900},\"name\":\"WXU Medallia\"},\"id\":\"495720e7-facc-4c28-af6b-52f78459520a\",\"relationships\":{\"module\":{\"data\":{\"id\":\"WxuMedalliaSurvey\",\"type\":\"module\"}},\"twc_config_type\":{\"data\":null}},\"type\":\"module_instance\"},{\"attributes\":{\"anchorName\":null,\"configuration\":{\"ttl\":900},\"name\":\"WXU Footer\"},\"id\":\"5b5ebc4f-6cb5-4bcf-8c09-60524c9ff62d\",\"relationships\":{\"module\":{\"data\":{\"id\":\"WxuFooter\",\"type\":\"module\"}},\"twc_config_type\":{\"data\":null}},\"type\":\"module_instance\"},{\"attributes\":{\"configuration_options\":{\"layoutModule\":\"WxuDaybreakLargeScreen\"},\"layout_areas\":[{\"id\":\"meta\"},{\"id\":\"topAds\"},{\"id\":\"header\"},{\"id\":\"contentTop\"},{\"id\":\"main\"},{\"id\":\"sidebar\"},{\"id\":\"contentBottom\"},{\"id\":\"footer\"}],\"name\":\"WxuDaybreakLargeScreen\"},\"id\":\"e761d37d-77ab-43b9-a7aa-97fa2b9a6ec6\",\"relationships\":{\"twc_config_type\":{\"data\":null}},\"type\":\"layout\"}]},\"status\":200,\"statusText\":\"OK\"}},\"getMewAdThirdPartyConfigsUrlConfig\":{\"tokens:miscCustParams_all,confiant_all,criteoSlot_enUSGLS,amznHdBid_enUSGLS,iasPetSlot_enUSGLS,lotame_enUSenCAGLS,rubicon_enUS,sourcePoint_enUS,wfxtg_all,wxAdTargeting_all,moatYieldIntelligence_all,premiumAdDataLake_all,desktopUserActionAdRefresh,refreshAds\":{\"loading\":false,\"loaded\":true,\"data\":{\"data\":[{\"config\":{\"pubId\":1004,\"slots\":{\"desktop\":[{\"sizes\":[[728,90]],\"slotID\":\"WX_WindowShadeToday\",\"slotName\":\"/7646/web_weather_us/WX_WindowShadeToday\"},{\"sizes\":[[728,90],[970,250]],\"slotID\":\"WX_WindowShade\",\"slotName\":\"/7646/web_weather_us/WX_WindowShade\"},{\"sizes\":[[300,600],[300,250],[160,600]],\"slotID\":\"WX_Top300Variable\",\"slotName\":\"/7646/web_weather_us/WX_Top300Variable\"},{\"sizes\":[[300,600],[300,250],[160,600]],\"slotID\":\"WX_Top300Variable_Hourly\",\"slotName\":\"/7646/tablet_weather_us/WX_Top300Variable_Hourly\"},{\"sizes\":[[300,600],[300,250],[160,600]],\"slotID\":\"WX_Mid300Variable\",\"slotName\":\"/7646/web_weather_us/WX_Mid300Variable\"},{\"sizes\":[[300,250]],\"slotID\":\"WX_Mid300\",\"slotName\":\"/7646/web_weather_us/WX_Mid300\"},{\"sizes\":[[300,250]],\"slotID\":\"WX_Top300Small\",\"slotName\":\"/7646/web_weather_us/WX_Top300Small\"},{\"sizes\":[[728,90]],\"slotID\":\"WX_MidLeader\",\"slotName\":\"/7646/web_weather_us/WX_MidLeader\"},{\"sizes\":[[728,90]],\"slotID\":\"WX_BottomLeader\",\"slotName\":\"/7646/web_weather_us/WX_BottomLeader\"},{\"sizes\":[[728,90]],\"slotID\":\"WX_DriverUnit\",\"slotName\":\"/7646/web_weather_us/WX_DriverUnit\"},{\"sizes\":[[300,250]],\"slotID\":\"WX_PaidSearch\",\"slotName\":\"/7646/web_weather_us/WX_PaidSearch\"},{\"sizes\":[[300,250]],\"slotID\":\"WX_MidSticky\",\"slotName\":\"/7646/web_weather_us/WX_MidSticky\"},{\"sizes\":[[300,250]],\"slotID\":\"WX_Bot3x1\",\"slotName\":\"/7646/web_weather_us/WX_Bot3x1\"},{\"sizes\":[[300,250]],\"slotID\":\"WX_Bot300\",\"slotName\":\"/7646/web_weather_us/WX_Bot300\"},{\"sizes\":[[300,250]],\"slotID\":\"WX_Bot300AdX1\",\"slotName\":\"/7646/web_weather_us/WX_Bot300AdX1\"},{\"sizes\":[[300,250]],\"slotID\":\"WX_Bot300AdX2\",\"slotName\":\"/7646/web_weather_us/WX_Bot300AdX2\"},{\"sizes\":[[300,250]],\"slotID\":\"WX_Bot300AdX3\",\"slotName\":\"/7646/web_weather_us/WX_Bot300AdX3\"},{\"sizes\":[[300,250]],\"slotID\":\"WX_Bot300AdX4\",\"slotName\":\"/7646/web_weather_us/WX_Bot300AdX4\"},{\"sizes\":[[300,250]],\"slotID\":\"WX_Bot300AdX5\",\"slotName\":\"/7646/web_weather_us/WX_Bot300AdX5\"},{\"sizes\":[[300,250]],\"slotID\":\"WX_Bot300AdX6\",\"slotName\":\"/7646/web_weather_us/WX_Bot300AdX6\"}],\"mobile\":[{\"sizes\":[[320,50]],\"slotID\":\"MW_Position1\",\"slotName\":\"/7646/mobile_smart_us/MW_Position1\"},{\"sizes\":[[320,50]],\"slotID\":\"MW_Position1_Samsung\",\"slotName\":\"/7646/mobile_smart_us/MW_Position1_Samsung\"},{\"sizes\":[[300,250]],\"slotID\":\"MW_Position2\",\"slotName\":\"/7646/mobile_smart_us/MW_Position2\"},{\"sizes\":[[300,250]],\"slotID\":\"MW_Position3\",\"slotName\":\"/7646/mobile_smart_us/MW_Position3\"},{\"sizes\":[[300,250],[300,600],[160,600]],\"slotID\":\"MW_Position3_Hourly\",\"slotName\":\"/7646/mobile_smart_us/MW_Position3_Hourly\"},{\"sizes\":[[300,250],[300,600],[160,600]],\"slotID\":\"MW_Position4\",\"slotName\":\"/7646/mobile_smart_us/MW_Position4\"},{\"sizes\":[[300,250]],\"slotID\":\"MW_Position5\",\"slotName\":\"/7646/mobile_smart_us/MW_Position5\"}],\"tablet\":[{\"sizes\":[[728,90]],\"slotID\":\"WX_Leaderboard\",\"slotName\":\"/7646/tablet_weather_us/WX_Leaderboard\"},{\"sizes\":[[300,600],[300,250],[160,600]],\"slotID\":\"WX_Top300Variable\",\"slotName\":\"/7646/tablet_weather_us/WX_Top300Variable\"},{\"sizes\":[[300,600],[300,250],[160,600]],\"slotID\":\"WX_Top300Variable_Hourly\",\"slotName\":\"/7646/tablet_weather_us/WX_Top300Variable_Hourly\"},{\"sizes\":[[300,600],[300,250],[160,600]],\"slotID\":\"WX_Mid300Variable\",\"slotName\":\"/7646/web_weather_us/WX_Mid300Variable\"},{\"sizes\":[[300,250]],\"slotID\":\"WX_Mid300\",\"slotName\":\"/7646/tablet_weather_us/WX_Mid300\"},{\"sizes\":[[300,250]],\"slotID\":\"WX_Top300Small\",\"slotName\":\"/7646/tablet_weather_us/WX_Top300Small\"},{\"sizes\":[[728,90]],\"slotID\":\"WX_MidLeader\",\"slotName\":\"/7646/tablet_weather_us/WX_MidLeader\"},{\"sizes\":[[728,90]],\"slotID\":\"WX_BottomLeader\",\"slotName\":\"/7646/tablet_weather_us/WX_BottomLeader\"},{\"sizes\":[[320,50]],\"slotID\":\"WX_DriverUnitTablet\",\"slotName\":\"/7646/tablet_weather_us/WX_DriverUnitTablet\"},{\"sizes\":[[300,250]],\"slotID\":\"WX_Bot300\",\"slotName\":\"/7646/tablet_weather_us/WX_Bot300\"},{\"sizes\":[[300,250]],\"slotID\":\"WX_PaidSearch\",\"slotName\":\"/7646/tablet_weather_us/WX_PaidSearch\"},{\"sizes\":[[300,250]],\"slotID\":\"WX_MidSticky\",\"slotName\":\"/7646/tablet_weather_us/WX_MidSticky\"},{\"sizes\":[[300,250]],\"slotID\":\"WX_Bot3x1\",\"slotName\":\"/7646/tablet_weather_us/WX_Bot3x1\"}]},\"timeout\":1000},\"config_type\":\"amznHdBid\",\"name\":\"Amazon Header Bidders - en-US, GLS\",\"token\":\"amznHdBid_enUSGLS\"},{\"config\":{\"lineItemRanges\":\"0..10:0.05;10..20:0.10;20..100:0.50\",\"placements\":{\"desktop\":[{\"slotid\":\"WX_Top300Variable\",\"zoneid\":761229},{\"slotid\":\"WX_Top300Variable_Hourly\",\"zoneid\":761229},{\"slotid\":\"WX_WindowShade\",\"zoneid\":761231},{\"slotid\":\"WX_MidLeader\",\"zoneid\":761234},{\"slotid\":\"WX_BottomLeader\",\"zoneid\":761234},{\"slotid\":\"WX_DriverUnit\",\"zoneid\":761234},{\"slotid\":\"WX_PaidSearch\",\"zoneid\":761235},{\"slotid\":\"WX_Mid300\",\"zoneid\":761235},{\"slotid\":\"WX_Bot300\",\"zoneid\":761235},{\"slotid\":\"WX_Mid300Variable\",\"zoneid\":761229},{\"slotid\":\"WX_Bot300AdX1\",\"zoneid\":1507710},{\"slotid\":\"WX_Bot300AdX2\",\"zoneid\":1507710},{\"slotid\":\"WX_Bot300AdX3\",\"zoneid\":1507710},{\"slotid\":\"WX_Top300Small\",\"zoneid\":761235}],\"mobile\":[{\"slotid\":\"MW_Position2\",\"zoneid\":761262},{\"slotid\":\"MW_Position3\",\"zoneid\":761262},{\"slotid\":\"MW_Position4\",\"zoneid\":761262},{\"slotid\":\"MW_Position5\",\"zoneid\":761262},{\"slotid\":\"MW_Position1\",\"zoneid\":1554128},{\"slotid\":\"MW_Position1_Samsung\",\"zoneid\":1554128},{\"slotid\":\"MW_Position3_Hourly\",\"zoneid\":761262}],\"tablet\":[{\"slotid\":\"WX_Top300Variable\",\"zoneid\":761229},{\"slotid\":\"WX_Top300Variable_Hourly\",\"zoneid\":761229},{\"slotid\":\"WX_Leaderboard\",\"zoneid\":835755},{\"slotid\":\"WX_MidLeader\",\"zoneid\":761234},{\"slotid\":\"WX_BottomLeader\",\"zoneid\":761234},{\"slotid\":\"WX_BottomLeaderTablet\",\"zoneid\":761234},{\"slotid\":\"WX_DriverUnit\",\"zoneid\":761234},{\"slotid\":\"WX_PaidSearch\",\"zoneid\":761235},{\"slotid\":\"WX_Mid300\",\"zoneid\":761235},{\"slotid\":\"WX_Bot300\",\"zoneid\":761235},{\"slotid\":\"WX_Mid300Variable\",\"zoneid\":761229},{\"slotid\":\"WX_Bot300AdX1\",\"zoneid\":1507710},{\"slotid\":\"WX_Bot300AdX2\",\"zoneid\":1507710},{\"slotid\":\"WX_Bot300AdX3\",\"zoneid\":1507710},{\"slotid\":\"WX_Top300Small\",\"zoneid\":761235}]},\"timeout\":1000},\"config_type\":\"criteoSlot\",\"name\":\"Criteo Slot - en-US, GLS\",\"token\":\"criteoSlot_enUSGLS\"},{\"config\":{\"atf\":{\"all\":{\"radar\":{\"inViewOnly\":false,\"positions\":[\"WX_Top300Variable\"],\"userActionDelay\":6},\"tenday\":{\"inViewOnly\":false,\"positions\":[\"WX_WindowShade\",\"WX_Top300Variable\",\"WX_Top300Variable_Hourly\"],\"userActionDelay\":31}},\"inViewOnly\":false,\"positions\":[],\"userActionDelay\":31},\"btf\":{\"all\":{\"tenday\":{\"inViewOnly\":false,\"positions\":[\"WX_Mid300\",\"WX_Mid300Variable\",\"WX_Bot300AdX1\",\"WX_Bot300AdX2\",\"WX_Bot300AdX3\",\"WX_DriverUnit\",\"WX_BottomLeader\",\"WX_BottomLeaderTablet\",\"WX_MidLeader\",\"WX_Bot300\"],\"userActionDelay\":15}},\"inViewOnly\":false,\"positions\":[],\"userActionDelay\":15},\"refreshBidders\":[\"amznHdBid\",\"rubicon\"]},\"config_type\":\"userActionAdRefresh\",\"name\":\"Desktop User Action Ad Refresh\",\"token\":\"desktopUserActionAdRefresh\"},{\"config\":{\"atf\":{\"all\":{\"home\":{\"positions\":[\"WX_WindowShade\",\"WX_Leaderboard\",\"WX_Top300Variable\"]},\"hourly\":{\"positions\":[\"WX_WindowShade\",\"WX_Leaderboard\",\"WX_Top300Variable\",\"WX_Top300Variable_Hourly\"]},\"tenday\":{\"positions\":[\"WX_WindowShade\",\"WX_Leaderboard\",\"WX_Top300Variable\",\"WX_Top300Variable_Hourly\"]},\"today\":{\"positions\":[\"WX_WindowShade\",\"WX_Leaderboard\",\"WX_Top300Variable\",\"WX_Top300Variable_Hourly\"]}},\"inViewOnly\":true,\"interval\":0,\"positions\":[\"WX_WindowShade\",\"WX_Leaderboard\",\"WX_Top300Variable\",\"WX_Top300Variable_Hourly\"]},\"btf\":{\"all\":{\"home\":{\"positions\":[\"WX_Mid300\",\"WX_Bot300AdX1\",\"WX_Bot300AdX2\",\"WX_Bot300AdX3\",\"WX_DriverUnit\",\"WX_BottomLeader\",\"WX_BottomLeaderTablet\",\"WX_MidLeader\",\"WX_Bot300\"]},\"hourly\":{\"positions\":[\"WX_Mid300\",\"WX_Mid300Variable\",\"WX_Bot300AdX1\",\"WX_Bot300AdX2\",\"WX_Bot300AdX3\",\"WX_DriverUnit\",\"WX_BottomLeader\",\"WX_BottomLeaderTablet\",\"WX_MidLeader\",\"WX_Bot300\"]},\"tenday\":{\"positions\":[\"WX_Mid300\",\"WX_Bot300AdX1\",\"WX_Bot300AdX2\",\"WX_Bot300AdX3\",\"WX_DriverUnit\",\"WX_BottomLeader\",\"WX_BottomLeaderTablet\",\"WX_MidLeader\",\"WX_Bot300\"]},\"today\":{\"positions\":[\"WX_Mid300\",\"WX_Bot300AdX1\",\"WX_Bot300AdX2\",\"WX_Bot300AdX3\",\"WX_DriverUnit\",\"WX_BottomLeader\",\"WX_BottomLeaderTablet\",\"WX_MidLeader\",\"WX_Bot300\"]}},\"inViewOnly\":true,\"interval\":0,\"positions\":[\"WX_Mid300\",\"WX_Bot300AdX1\",\"WX_Bot300AdX2\",\"WX_Bot300AdX3\",\"WX_DriverUnit\",\"WX_BottomLeader\",\"WX_BottomLeaderTablet\",\"WX_MidLeader\",\"WX_Bot300\",\"WX_PaidSearch\"]},\"refreshBidders\":[\"amznHdBid\",\"rubicon\"]},\"config_type\":\"refreshAds\",\"name\":\"Refresh Ads\",\"token\":\"refreshAds\"},{\"config\":{\"acctId\":\"5E2FB6\",\"timeout\":1000},\"config_type\":\"wfxtg\",\"name\":\"Weather FX Triggers - All\",\"token\":\"wfxtg_all\"},{\"config\":{\"defaultTimeoutOverride\":1000,\"en-US\":{\"home,today,video\":{\"timeoutOverride\":1000}},\"filename\":\"10738_TWC.js\",\"testFilename\":\"10738_TWC_test.js\"},\"config_type\":\"rubicon\",\"name\":\"Rubicon - en-US\",\"token\":\"rubicon_enUS\"},{\"config\":null,\"config_type\":\"moatYieldIntelligence\",\"name\":\"Moat Yield Intelligence - All\",\"token\":\"moatYieldIntelligence_all\"},{\"config\":null,\"config_type\":\"confiant\",\"name\":\"Confiant - All\",\"token\":\"confiant_all\"},{\"config\":null,\"config_type\":\"premiumAdDataLake\",\"name\":\"Premium Ad Data Lake - All\",\"token\":\"premiumAdDataLake_all\"},{\"config\":null,\"config_type\":\"miscCustParams\",\"name\":\"Misc Targeting - All\",\"token\":\"miscCustParams_all\"},{\"config\":null,\"config_type\":\"wxAdTargeting\",\"name\":\"WxAdTargeting - All\",\"token\":\"wxAdTargeting_all\"},{\"config\":null,\"config_type\":\"sourcePoint\",\"name\":\"SourcePoint - en-US\",\"token\":\"sourcePoint_enUS\"},{\"config\":{\"clientId\":\"2215\",\"tagsScriptId\":\"LOTCC_1884\",\"tagsSrcId\":\"1884\"},\"config_type\":\"lotame\",\"name\":\"Lotame - en-US, en-CA, GLS\",\"token\":\"lotame_enUSenCAGLS\"},{\"config\":{\"pubId\":\"8584\"},\"config_type\":\"iasPetSlot\",\"name\":\"IAS Pet Slot - en-US and GLS\",\"token\":\"iasPetSlot_enUSGLS\"}]},\"status\":200,\"statusText\":\"OK\"}},\"getContentMediaUrlConfig\":{\"assetId:b5b00612-dcab-47fe-aa37-7edcc198c3eb;language:en-US\":{\"loading\":false,\"loaded\":true,\"data\":[{\"headline\":\"Divers Discover 1,200-Year-Old Canoe in Wisconsin Lake\",\"url\":\"/news/trending/video/divers-discover-1200-year-old-canoe-in-wisconsin-lake\",\"caption\":\"Archaeologists say a piece of wood found in a Wisconsin lake is actually a canoe dating back more than 1,000 years. Take a look at the incredible find.\",\"teaserTitle\":\"Divers Make Remarkable Discovery in Wisconsin Lake\",\"src\":\"https://s.w-x.co/OldCanoe.jpg\",\"srcSet\":[{\"src\":\"https://s.w-x.co/util/image/w/OldCanoe.jpg?v=at&w=160&h=90\",\"variant\":\"160w\"},{\"src\":\"https://s.w-x.co/util/image/w/OldCanoe.jpg?v=at&w=320&h=180\",\"variant\":\"320w\"},{\"src\":\"https://s.w-x.co/util/image/w/OldCanoe.jpg?v=at&w=815&h=458\",\"variant\":\"815w\"},{\"src\":\"https://s.w-x.co/util/image/w/OldCanoe.jpg?v=at&w=1280&h=720\",\"variant\":\"1024w\"}],\"lqip\":\"https://s.w-x.co/util/image/w/OldCanoe.jpg?v=at&w=73&h=49\",\"provider\":{\"name\":\"TWC\"},\"publishdate\":\"2021-11-08T11:35:13.000-05:00\",\"icon\":\"photo\",\"category\":{\"link\":\"\",\"title\":\"\"},\"webVideoData\":{\"web\":\"https://v.w-x.co/digital_video/The_Weather_Channel_-_Reach_Engine/5a16209d-86a3-4530-94a7-703242f6e628/ARCHAEOLOGISTS_DISCOVER_mezz_Playlist.m3u8\",\"mweb\":\"https://v.w-x.co/digital_video/The_Weather_Channel_-_Reach_Engine/5a16209d-86a3-4530-94a7-703242f6e628/ARCHAEOLOGISTS_DISCOVER_mezz_Playlist.m3u8\"}},{\"headline\":\"What\u2019s Causing Strange Series of Quakes in South Carolina?\",\"url\":\"/science/environment/video/whats-causing-strange-series-of-quakes-in-south-carolina\",\"caption\":\"South Carolina has been shaken by a strange series of earthquakes. And that cause may be a manmade lake. Here\u2019s why.\",\"teaserTitle\":\"Lake Causing Quakes in South Carolina?\",\"src\":\"https://v.w-x.co/1636414121904_1108_v2EarthQuakes_lake_scproxy.jpg\",\"srcSet\":[{\"src\":\"https://s.w-x.co/util/image/v/1636414121904_1108_v2EarthQuakes_lake_scproxy.jpg?v=at&w=160&h=90\",\"variant\":\"160w\"},{\"src\":\"https://s.w-x.co/util/image/v/1636414121904_1108_v2EarthQuakes_lake_scproxy.jpg?v=at&w=320&h=180\",\"variant\":\"320w\"},{\"src\":\"https://s.w-x.co/util/image/v/1636414121904_1108_v2EarthQuakes_lake_scproxy.jpg?v=at&w=815&h=458\",\"variant\":\"815w\"},{\"src\":\"https://s.w-x.co/util/image/v/1636414121904_1108_v2EarthQuakes_lake_scproxy.jpg?v=at&w=1280&h=720\",\"variant\":\"1024w\"}],\"lqip\":\"https://s.w-x.co/util/image/v/1636414121904_1108_v2EarthQuakes_lake_scproxy.jpg?v=at&w=73&h=49\",\"provider\":{\"name\":\"TWC\"},\"publishdate\":\"2021-11-08T18:28:52.000-05:00\",\"icon\":\"photo\",\"category\":{\"link\":\"\",\"title\":\"\"},\"webVideoData\":{\"web\":\"https://v.w-x.co/digital_video/The_Weather_Channel_-_Reach_Engine/a28f5f32-1034-4a45-8718-100d7b897b48/1108_v2EarthQuakes_lake_scmezz_Playlist.m3u8\",\"mweb\":\"https://v.w-x.co/digital_video/The_Weather_Channel_-_Reach_Engine/a28f5f32-1034-4a45-8718-100d7b897b48/1108_v2EarthQuakes_lake_scmezz_Playlist.m3u8\"}},{\"headline\":\"Recycling Bin from Myrtle Beach Ends up in Ireland\",\"url\":\"/news/trending/video/recycling-bin-from-myrtle-beach-ends-up-in-ireland\",\"caption\":\"A recycling bin from Myrtle Beach, South Carolina, is spotted on a beach in Ireland.\",\"teaserTitle\":\"Trash Can Travels 3,500 Miles Across Ocean\",\"src\":\"https://s.w-x.co/ireland118.jpg\",\"srcSet\":[{\"src\":\"https://s.w-x.co/util/image/w/ireland118.jpg?v=at&w=160&h=90\",\"variant\":\"160w\"},{\"src\":\"https://s.w-x.co/util/image/w/ireland118.jpg?v=at&w=320&h=180\",\"variant\":\"320w\"},{\"src\":\"https://s.w-x.co/util/image/w/ireland118.jpg?v=at&w=815&h=458\",\"variant\":\"815w\"},{\"src\":\"https://s.w-x.co/util/image/w/ireland118.jpg?v=at&w=1280&h=720\",\"variant\":\"1024w\"}],\"lqip\":\"https://s.w-x.co/util/image/w/ireland118.jpg?v=at&w=73&h=49\",\"provider\":{\"name\":\"TWC\"},\"publishdate\":\"2021-11-08T18:01:33.000-05:00\",\"icon\":\"photo\",\"category\":{\"link\":\"\",\"title\":\"\"},\"webVideoData\":{\"web\":\"https://v.w-x.co/digital_video/The_Weather_Channel_-_Reach_Engine/39f192cf-a8b9-422a-a199-908032cae4db/RECYCLING_BIN_FROM_MYRTLE_BEACH_WINDS_UP_IN_IRELANDmezz_Playlist.m3u8\",\"mweb\":\"https://v.w-x.co/digital_video/The_Weather_Channel_-_Reach_Engine/39f192cf-a8b9-422a-a199-908032cae4db/RECYCLING_BIN_FROM_MYRTLE_BEACH_WINDS_UP_IN_IRELANDmezz_Playlist.m3u8\"}},{\"headline\":\"Snow Blankets Washington\u2019s Mountain Passes\",\"url\":\"/news/weather/video/snow-blankets-washingtons-mountain-passes\",\"caption\":\"A big snowfall hits Washington\u2019s Cascades, causing a snowy mess and wrecks in mountain passes. Take a look.\",\"teaserTitle\":\"Big Snow Creates Big Mess in Cascades\",\"src\":\"https://s.w-x.co/CascadesWrecks.jpg\",\"srcSet\":[{\"src\":\"https://s.w-x.co/util/image/w/CascadesWrecks.jpg?v=at&w=160&h=90\",\"variant\":\"160w\"},{\"src\":\"https://s.w-x.co/util/image/w/CascadesWrecks.jpg?v=at&w=320&h=180\",\"variant\":\"320w\"},{\"src\":\"https://s.w-x.co/util/image/w/CascadesWrecks.jpg?v=at&w=815&h=458\",\"variant\":\"815w\"},{\"src\":\"https://s.w-x.co/util/image/w/CascadesWrecks.jpg?v=at&w=1280&h=720\",\"variant\":\"1024w\"}],\"lqip\":\"https://s.w-x.co/util/image/w/CascadesWrecks.jpg?v=at&w=73&h=49\",\"provider\":{\"name\":\"TWC\"},\"publishdate\":\"2021-11-08T14:51:53.000-05:00\",\"icon\":\"photo\",\"category\":{\"link\":\"\",\"title\":\"\"},\"webVideoData\":{\"web\":\"https://v.w-x.co/digital_video/The_Weather_Channel_-_Reach_Engine/bdb7dbda-3edc-45ff-a570-da33abb65989/SNOWY_MESS_1_mezz_Playlist.m3u8\",\"mweb\":\"https://v.w-x.co/digital_video/The_Weather_Channel_-_Reach_Engine/bdb7dbda-3edc-45ff-a570-da33abb65989/SNOWY_MESS_1_mezz_Playlist.m3u8\"}},{\"headline\":\"Salmon Swim Across Washington Highway\",\"url\":\"/news/trending/video/salmon-swim-across-washington-highway\",\"caption\":\"Heavy rains and an overflowing Skokomish River send salmon across a highway in Washington state.\",\"teaserTitle\":\"Flooding Lets Salmon Swim Across Highway\",\"src\":\"https://s.w-x.co/salmon_0.jpg\",\"srcSet\":[{\"src\":\"https://s.w-x.co/util/image/w/salmon_0.jpg?v=at&w=160&h=90\",\"variant\":\"160w\"},{\"src\":\"https://s.w-x.co/util/image/w/salmon_0.jpg?v=at&w=320&h=180\",\"variant\":\"320w\"},{\"src\":\"https://s.w-x.co/util/image/w/salmon_0.jpg?v=at&w=815&h=458\",\"variant\":\"815w\"},{\"src\":\"https://s.w-x.co/util/image/w/salmon_0.jpg?v=at&w=1280&h=720\",\"variant\":\"1024w\"}],\"lqip\":\"https://s.w-x.co/util/image/w/salmon_0.jpg?v=at&w=73&h=49\",\"provider\":{\"name\":\"TWC\"},\"publishdate\":\"2021-11-07T14:38:11.000-05:00\",\"icon\":\"photo\",\"category\":{\"link\":\"\",\"title\":\"\"},\"webVideoData\":{\"web\":\"https://v.w-x.co/digital_video/The_Weather_Channel_-_Reach_Engine/6d34cd91-1993-455b-89f3-f914a9d835bf/1107_FishCrossTheRoad_Text_WKDEdit_1mezz_Playlist.m3u8\",\"mweb\":\"https://v.w-x.co/digital_video/The_Weather_Channel_-_Reach_Engine/6d34cd91-1993-455b-89f3-f914a9d835bf/1107_FishCrossTheRoad_Text_WKDEdit_1mezz_Playlist.m3u8\"}},{\"headline\":\"Large Waterspout Whirls Near Vancouver Airport\",\"url\":\"/news/weather/video/large-waterspout-whirls-near-vancouver-airport\",\"caption\":\"A large waterspout forms near the Vancouver International Airport and soon moves onto land. Take a look.\",\"teaserTitle\":\"Rare Waterspout Forms Off Coast of Vancouver\",\"src\":\"https://s.w-x.co/VancouverWaterspout.jpg\",\"srcSet\":[{\"src\":\"https://s.w-x.co/util/image/w/VancouverWaterspout.jpg?v=at&w=160&h=90\",\"variant\":\"160w\"},{\"src\":\"https://s.w-x.co/util/image/w/VancouverWaterspout.jpg?v=at&w=320&h=180\",\"variant\":\"320w\"},{\"src\":\"https://s.w-x.co/util/image/w/VancouverWaterspout.jpg?v=at&w=815&h=458\",\"variant\":\"815w\"},{\"src\":\"https://s.w-x.co/util/image/w/VancouverWaterspout.jpg?v=at&w=1280&h=720\",\"variant\":\"1024w\"}],\"lqip\":\"https://s.w-x.co/util/image/w/VancouverWaterspout.jpg?v=at&w=73&h=49\",\"provider\":{\"name\":\"TWC\"},\"publishdate\":\"2021-11-08T10:29:23.000-05:00\",\"icon\":\"photo\",\"category\":{\"link\":\"\",\"title\":\"\"},\"webVideoData\":{\"web\":\"https://v.w-x.co/digital_video/The_Weather_Channel_-_Reach_Engine/de9897cf-71ed-4866-ba86-5896d91f44d6/v3_Large_Waterspout_Whirls_Near_Vancouver_Airport_mezz_Playlist.m3u8\",\"mweb\":\"https://v.w-x.co/digital_video/The_Weather_Channel_-_Reach_Engine/de9897cf-71ed-4866-ba86-5896d91f44d6/v3_Large_Waterspout_Whirls_Near_Vancouver_Airport_mezz_Playlist.m3u8\"}},{\"headline\":\"Countries Drastically Underreport Greenhouse Gas Emissions, Investigation Finds\",\"url\":\"/news/climate/video/countries-drastically-underreport-greenhouse-gas-emissions-investigation-finds\",\"caption\":\"Emissions data is the framework for limiting warming to 1.5 degrees Celsius. But a Washington Post investigation found a huge gap between reported emissions, and what\u2019s actually in the atmosphere.\",\"teaserTitle\":\"Underreporting of Greenhouse Gas Emissions Put Paris Agreement Goal in Jeopardy\",\"src\":\"https://s.w-x.co/EmissionsLIes.jpg\",\"srcSet\":[{\"src\":\"https://s.w-x.co/util/image/w/EmissionsLIes.jpg?v=at&w=160&h=90\",\"variant\":\"160w\"},{\"src\":\"https://s.w-x.co/util/image/w/EmissionsLIes.jpg?v=at&w=320&h=180\",\"variant\":\"320w\"},{\"src\":\"https://s.w-x.co/util/image/w/EmissionsLIes.jpg?v=at&w=815&h=458\",\"variant\":\"815w\"},{\"src\":\"https://s.w-x.co/util/image/w/EmissionsLIes.jpg?v=at&w=1280&h=720\",\"variant\":\"1024w\"}],\"lqip\":\"https://s.w-x.co/util/image/w/EmissionsLIes.jpg?v=at&w=73&h=49\",\"provider\":{\"name\":\"TWC\"},\"publishdate\":\"2021-11-08T13:37:13.000-05:00\",\"icon\":\"photo\",\"category\":{\"link\":\"\",\"title\":\"\"},\"webVideoData\":{\"web\":\"https://v.w-x.co/digital_video/The_Weather_Channel_-_Reach_Engine/b8f29438-a30c-4e14-b47e-4ae4bf7c066e/1108_ClimatePledgesBuiltOnFlawedData_STUDIOmezz_Playlist.m3u8\",\"mweb\":\"https://v.w-x.co/digital_video/The_Weather_Channel_-_Reach_Engine/b8f29438-a30c-4e14-b47e-4ae4bf7c066e/1108_ClimatePledgesBuiltOnFlawedData_STUDIOmezz_Playlist.m3u8\"}},{\"headline\":\"India\u2019s Yamuna River Covered in Toxic Foam as Revelers Bathe in Its Polluted Waters\",\"url\":\"/science/environment/video/indias-yamuna-river-covered-in-toxic-foam-as-revelers-bathe-in-its\",\"caption\":\"The Yamuna River is considered holy, but toxic froth is making its waters hazardous as Hindus gather there for Chhath Puja, a four-day festival to offer prayers to the sun.\",\"teaserTitle\":\"Revelers Brave Toxic Foam as Hindu Festival Begins in Delhi\",\"src\":\"https://s.w-x.co/YamunaRiver.jpg\",\"srcSet\":[{\"src\":\"https://s.w-x.co/util/image/w/YamunaRiver.jpg?v=at&w=160&h=90\",\"variant\":\"160w\"},{\"src\":\"https://s.w-x.co/util/image/w/YamunaRiver.jpg?v=at&w=320&h=180\",\"variant\":\"320w\"},{\"src\":\"https://s.w-x.co/util/image/w/YamunaRiver.jpg?v=at&w=815&h=458\",\"variant\":\"815w\"},{\"src\":\"https://s.w-x.co/util/image/w/YamunaRiver.jpg?v=at&w=1280&h=720\",\"variant\":\"1024w\"}],\"lqip\":\"https://s.w-x.co/util/image/w/YamunaRiver.jpg?v=at&w=73&h=49\",\"provider\":{\"name\":\"TWC\"},\"publishdate\":\"2021-11-08T08:00:42.000-05:00\",\"icon\":\"photo\",\"category\":{\"link\":\"\",\"title\":\"\"},\"webVideoData\":{\"web\":\"https://v.w-x.co/digital_video/The_Weather_Channel_-_Reach_Engine/c80061b0-a232-4772-80d5-87b546d82696/1108_TOXIC_RIVER_FOAM_AMmezz_Playlist.m3u8\",\"mweb\":\"https://v.w-x.co/digital_video/The_Weather_Channel_-_Reach_Engine/c80061b0-a232-4772-80d5-87b546d82696/1108_TOXIC_RIVER_FOAM_AMmezz_Playlist.m3u8\"}},{\"headline\":\"Falling Snow Pummels Woman\",\"url\":\"/news/trending/video/watch-woman-flee-falling-snow-in-northern-china\",\"caption\":\"A massive load of snow falls off a roof and onto a woman entering a residential building about 55 miles south of Beijing. Take a look at the incredible surveillance video.\",\"teaserTitle\":\"Falling Snow Sends Woman Running\",\"src\":\"https://s.w-x.co/SnowCrusher.jpg\",\"srcSet\":[{\"src\":\"https://s.w-x.co/util/image/w/SnowCrusher.jpg?v=at&w=160&h=90\",\"variant\":\"160w\"},{\"src\":\"https://s.w-x.co/util/image/w/SnowCrusher.jpg?v=at&w=320&h=180\",\"variant\":\"320w\"},{\"src\":\"https://s.w-x.co/util/image/w/SnowCrusher.jpg?v=at&w=815&h=458\",\"variant\":\"815w\"},{\"src\":\"https://s.w-x.co/util/image/w/SnowCrusher.jpg?v=at&w=1280&h=720\",\"variant\":\"1024w\"}],\"lqip\":\"https://s.w-x.co/util/image/w/SnowCrusher.jpg?v=at&w=73&h=49\",\"provider\":{\"name\":\"TWC\"},\"publishdate\":\"2021-11-08T08:59:22.000-05:00\",\"icon\":\"photo\",\"category\":{\"link\":\"\",\"title\":\"\"},\"webVideoData\":{\"web\":\"https://v.w-x.co/digital_video/The_Weather_Channel_-_Reach_Engine/16da4049-eeff-4c20-88d3-d7692543f0ac/FALLING_SNOW_mezz_Playlist.m3u8\",\"mweb\":\"https://v.w-x.co/digital_video/The_Weather_Channel_-_Reach_Engine/16da4049-eeff-4c20-88d3-d7692543f0ac/FALLING_SNOW_mezz_Playlist.m3u8\"}},{\"headline\":\"Watch as Landslide Almost Buries Drivers\",\"url\":\"/news/weather/video/philippines-landslide-almost-buries-drivers\",\"caption\":\"Motorcyclists in the Philippines watch in terror as a landslide caused by heavy rains covers the part of the road they were on.\",\"teaserTitle\":\"Watch as Landslide Almost Buries Drivers\",\"src\":\"https://s.w-x.co/1105landslide.jpg\",\"srcSet\":[{\"src\":\"https://s.w-x.co/util/image/w/1105landslide.jpg?v=at&w=160&h=90\",\"variant\":\"160w\"},{\"src\":\"https://s.w-x.co/util/image/w/1105landslide.jpg?v=at&w=320&h=180\",\"variant\":\"320w\"},{\"src\":\"https://s.w-x.co/util/image/w/1105landslide.jpg?v=at&w=815&h=458\",\"variant\":\"815w\"},{\"src\":\"https://s.w-x.co/util/image/w/1105landslide.jpg?v=at&w=1280&h=720\",\"variant\":\"1024w\"}],\"lqip\":\"https://s.w-x.co/util/image/w/1105landslide.jpg?v=at&w=73&h=49\",\"provider\":{\"name\":\"TWC\"},\"publishdate\":\"2021-11-05T13:27:23.000-04:00\",\"icon\":\"photo\",\"category\":{\"link\":\"\",\"title\":\"\"},\"webVideoData\":{\"web\":\"https://v.w-x.co/digital_video/The_Weather_Channel_-_Reach_Engine/f05cbc9e-1356-4c1e-8447-76ef1491cdef/PHILIPPINES_LANDSLIDE_BLOCKS_ROAD_Playlist.m3u8\",\"mweb\":\"https://v.w-x.co/digital_video/The_Weather_Channel_-_Reach_Engine/f05cbc9e-1356-4c1e-8447-76ef1491cdef/PHILIPPINES_LANDSLIDE_BLOCKS_ROAD_Playlist.m3u8\"}},{\"headline\":\"Bear Breaks into Home, Eats Chicken on Counter\",\"url\":\"/science/nature/video/bear-breaks-into-california-home-gorges-on-fried-chicken\",\"caption\":\"A man walks into his home in Southern California to find a bear helping himself to fried chicken. Take a look at the incredible video.\",\"teaserTitle\":\"Bear Breaks into Home, Eats Chicken on Counter\",\"src\":\"https://s.w-x.co/1105bearchicken.jpg\",\"srcSet\":[{\"src\":\"https://s.w-x.co/util/image/w/1105bearchicken.jpg?v=at&w=160&h=90\",\"variant\":\"160w\"},{\"src\":\"https://s.w-x.co/util/image/w/1105bearchicken.jpg?v=at&w=320&h=180\",\"variant\":\"320w\"},{\"src\":\"https://s.w-x.co/util/image/w/1105bearchicken.jpg?v=at&w=815&h=458\",\"variant\":\"815w\"},{\"src\":\"https://s.w-x.co/util/image/w/1105bearchicken.jpg?v=at&w=1280&h=720\",\"variant\":\"1024w\"}],\"lqip\":\"https://s.w-x.co/util/image/w/1105bearchicken.jpg?v=at&w=73&h=49\",\"provider\":{\"name\":\"TWC\"},\"publishdate\":\"2021-11-05T10:30:03.000-04:00\",\"icon\":\"photo\",\"category\":{\"link\":\"\",\"title\":\"\"},\"webVideoData\":{\"web\":\"https://v.w-x.co/digital_video/The_Weather_Channel_-_Reach_Engine/27a09f8b-469b-4acc-9653-534c3272144e/BEAR_ENTERS_CALIFORNIA_HOME_DEVOURS_BUCKET_OF_CHICKEN_Playlist.m3u8\",\"mweb\":\"https://v.w-x.co/digital_video/The_Weather_Channel_-_Reach_Engine/27a09f8b-469b-4acc-9653-534c3272144e/BEAR_ENTERS_CALIFORNIA_HOME_DEVOURS_BUCKET_OF_CHICKEN_Playlist.m3u8\"}},{\"headline\":\"Why Millions Are Crawling Across Island\",\"url\":\"/science/nature/video/christmas-island-covered-in-crabs-heres-why\",\"caption\":\"The red crabs are migrating across Australia\u2019s Christmas Island, and it\u2019s an incredible scene. Take a look.\",\"teaserTitle\":\"Why Are Millions of Crabs Crawling Across This Island?\",\"src\":\"https://s.w-x.co/1104crabs_0.jpg\",\"srcSet\":[{\"src\":\"https://s.w-x.co/util/image/w/1104crabs_0.jpg?v=at&w=160&h=90\",\"variant\":\"160w\"},{\"src\":\"https://s.w-x.co/util/image/w/1104crabs_0.jpg?v=at&w=320&h=180\",\"variant\":\"320w\"},{\"src\":\"https://s.w-x.co/util/image/w/1104crabs_0.jpg?v=at&w=815&h=458\",\"variant\":\"815w\"},{\"src\":\"https://s.w-x.co/util/image/w/1104crabs_0.jpg?v=at&w=1280&h=720\",\"variant\":\"1024w\"}],\"lqip\":\"https://s.w-x.co/util/image/w/1104crabs_0.jpg?v=at&w=73&h=49\",\"provider\":{\"name\":\"TWC\"},\"publishdate\":\"2021-11-04T09:50:52.000-04:00\",\"icon\":\"photo\",\"category\":{\"link\":\"\",\"title\":\"\"},\"webVideoData\":{\"web\":\"https://v.w-x.co/digital_video/The_Weather_Channel_-_Reach_Engine/95f00973-3fb4-4063-97ea-2504c3e7d7c1/RED_CRAB_MIGRATION_Playlist.m3u8\",\"mweb\":\"https://v.w-x.co/digital_video/The_Weather_Channel_-_Reach_Engine/95f00973-3fb4-4063-97ea-2504c3e7d7c1/RED_CRAB_MIGRATION_Playlist.m3u8\"}},{\"headline\":\"Coastal Flooding Closes Roads, Bridges From South Carolina to Florida\",\"url\":\"/news/weather/video/coastal-flooding-closes-roads-bridges-from-south-carolina-to-florida\",\"caption\":\"A one-two punch of stormy weather and high tides hammered parts of the southeast Atlantic coast saturday.\",\"teaserTitle\":\"Coastal Flooding Closes Roads, Bridges From South Carolina to Florida\",\"src\":\"https://s.w-x.co/1106coastalimpacts.jpg\",\"srcSet\":[{\"src\":\"https://s.w-x.co/util/image/w/1106coastalimpacts.jpg?v=at&w=160&h=90\",\"variant\":\"160w\"},{\"src\":\"https://s.w-x.co/util/image/w/1106coastalimpacts.jpg?v=at&w=320&h=180\",\"variant\":\"320w\"},{\"src\":\"https://s.w-x.co/util/image/w/1106coastalimpacts.jpg?v=at&w=815&h=458\",\"variant\":\"815w\"},{\"src\":\"https://s.w-x.co/util/image/w/1106coastalimpacts.jpg?v=at&w=1280&h=720\",\"variant\":\"1024w\"}],\"lqip\":\"https://s.w-x.co/util/image/w/1106coastalimpacts.jpg?v=at&w=73&h=49\",\"provider\":{\"name\":\"TWC\"},\"publishdate\":\"2021-11-06T16:14:53.000-04:00\",\"icon\":\"photo\",\"category\":{\"link\":\"\",\"title\":\"\"},\"webVideoData\":{\"web\":\"https://v.w-x.co/digital_video/The_Weather_Channel_-_Reach_Engine/c762a0b7-7720-4e0b-aa57-e8ed0573d6ea/1106_CoastalStormImpactsWKDEditmezz_Playlist.m3u8\",\"mweb\":\"https://v.w-x.co/digital_video/The_Weather_Channel_-_Reach_Engine/c762a0b7-7720-4e0b-aa57-e8ed0573d6ea/1106_CoastalStormImpactsWKDEditmezz_Playlist.m3u8\"}},{\"headline\":\"Global Warming Started Earlier Than Thought\",\"url\":\"/news/climate/video/study-raises-questions-about-how-long-humans-have-been-impacting-the-atmosphere\",\"caption\":\"Researchers studying Alpine ice cores found evidence of pollution from fossil fuels much earlier than expected.\",\"teaserTitle\":\"Global Warming Started Earlier Than Thought\",\"src\":\"https://v.w-x.co/1636143891070_1105_GlacierShowsEvidenceOfBurningFossilFuel_AM_Studio_Edit.jpg\",\"srcSet\":[{\"src\":\"https://s.w-x.co/util/image/v/1636143891070_1105_GlacierShowsEvidenceOfBurningFossilFuel_AM_Studio_Edit.jpg?v=at&w=160&h=90\",\"variant\":\"160w\"},{\"src\":\"https://s.w-x.co/util/image/v/1636143891070_1105_GlacierShowsEvidenceOfBurningFossilFuel_AM_Studio_Edit.jpg?v=at&w=320&h=180\",\"variant\":\"320w\"},{\"src\":\"https://s.w-x.co/util/image/v/1636143891070_1105_GlacierShowsEvidenceOfBurningFossilFuel_AM_Studio_Edit.jpg?v=at&w=815&h=458\",\"variant\":\"815w\"},{\"src\":\"https://s.w-x.co/util/image/v/1636143891070_1105_GlacierShowsEvidenceOfBurningFossilFuel_AM_Studio_Edit.jpg?v=at&w=1280&h=720\",\"variant\":\"1024w\"}],\"lqip\":\"https://s.w-x.co/util/image/v/1636143891070_1105_GlacierShowsEvidenceOfBurningFossilFuel_AM_Studio_Edit.jpg?v=at&w=73&h=49\",\"provider\":{\"name\":\"TWC\"},\"publishdate\":\"2021-11-05T16:25:02.000-04:00\",\"icon\":\"photo\",\"category\":{\"link\":\"\",\"title\":\"\"},\"webVideoData\":{\"web\":\"https://v.w-x.co/digital_video/The_Weather_Channel_-_Reach_Engine/49b32124-6a45-4a5b-a33a-2f32a57f1a39/1105_GlacierShowsEvidenceOfBurningFossilFuel_AM_Studio_Editmezz_Playlist.m3u8\",\"mweb\":\"https://v.w-x.co/digital_video/The_Weather_Channel_-_Reach_Engine/49b32124-6a45-4a5b-a33a-2f32a57f1a39/1105_GlacierShowsEvidenceOfBurningFossilFuel_AM_Studio_Editmezz_Playlist.m3u8\"}},{\"headline\":\"Lake Shrinks 100+ Miles in 25 Years\",\"url\":\"/news/climate/video/giant-sinkholes-appear-as-dead-sea-shrinks\",\"caption\":\"Over the past quarter of a century the Dead Sea been reduced by more than 100 miles.\",\"teaserTitle\":\"Lake Shrinks 100+ Miles in 25 Years\",\"src\":\"https://s.w-x.co/1104sinkholedeadsea.jpg\",\"srcSet\":[{\"src\":\"https://s.w-x.co/util/image/w/1104sinkholedeadsea.jpg?v=at&w=160&h=90\",\"variant\":\"160w\"},{\"src\":\"https://s.w-x.co/util/image/w/1104sinkholedeadsea.jpg?v=at&w=320&h=180\",\"variant\":\"320w\"},{\"src\":\"https://s.w-x.co/util/image/w/1104sinkholedeadsea.jpg?v=at&w=815&h=458\",\"variant\":\"815w\"},{\"src\":\"https://s.w-x.co/util/image/w/1104sinkholedeadsea.jpg?v=at&w=1280&h=720\",\"variant\":\"1024w\"}],\"lqip\":\"https://s.w-x.co/util/image/w/1104sinkholedeadsea.jpg?v=at&w=73&h=49\",\"provider\":{\"name\":\"TWC\"},\"publishdate\":\"2021-11-04T18:04:37.000-04:00\",\"icon\":\"photo\",\"category\":{\"link\":\"\",\"title\":\"\"},\"webVideoData\":{\"web\":\"https://v.w-x.co/digital_video/The_Weather_Channel_-_Reach_Engine/13154e9a-0bec-444a-925a-fcc8ee6f1dfe/1104_Sinkholes_Multiple_PM_Studio_Editmezz_Playlist.m3u8\",\"mweb\":\"https://v.w-x.co/digital_video/The_Weather_Channel_-_Reach_Engine/13154e9a-0bec-444a-925a-fcc8ee6f1dfe/1104_Sinkholes_Multiple_PM_Studio_Editmezz_Playlist.m3u8\"}},{\"headline\":\"Lakes in Northern Hemisphere Warming Freakishly Fast\",\"url\":\"/news/climate/video/lakes-in-northern-hemisphere-warming-alarmingly-fast\",\"caption\":\"An international team of researchers found lakes in the Northern Hemisphere have warmed six times faster in the past quarter century than at any point in the past 100 years. And it\u2019s got them concerned. Here\u2019s why.\",\"teaserTitle\":\"Climate Change Has Concerning Effect on Lakes\",\"src\":\"https://s.w-x.co/WarmingLakes.jpg\",\"srcSet\":[{\"src\":\"https://s.w-x.co/util/image/w/WarmingLakes.jpg?v=at&w=160&h=90\",\"variant\":\"160w\"},{\"src\":\"https://s.w-x.co/util/image/w/WarmingLakes.jpg?v=at&w=320&h=180\",\"variant\":\"320w\"},{\"src\":\"https://s.w-x.co/util/image/w/WarmingLakes.jpg?v=at&w=815&h=458\",\"variant\":\"815w\"},{\"src\":\"https://s.w-x.co/util/image/w/WarmingLakes.jpg?v=at&w=1280&h=720\",\"variant\":\"1024w\"}],\"lqip\":\"https://s.w-x.co/util/image/w/WarmingLakes.jpg?v=at&w=73&h=49\",\"provider\":{\"name\":\"TWC\"},\"publishdate\":\"2021-11-05T17:10:23.000-04:00\",\"icon\":\"photo\",\"category\":{\"link\":\"\",\"title\":\"\"},\"webVideoData\":{\"web\":\"https://v.w-x.co/digital_video/The_Weather_Channel_-_Reach_Engine/4de64786-2564-4fdb-a9a3-fa82ff21634b/1105_Northern_Hemisphere_Lakes_Warming_PM_Studio_Editmezz_Playlist.m3u8\",\"mweb\":\"https://v.w-x.co/digital_video/The_Weather_Channel_-_Reach_Engine/4de64786-2564-4fdb-a9a3-fa82ff21634b/1105_Northern_Hemisphere_Lakes_Warming_PM_Studio_Editmezz_Playlist.m3u8\"}},{\"headline\":\"Half of Population Will Be Vulnerable to Coastal Storms, Tsunamis by 2030\",\"url\":\"/news/climate/video/half-of-population-will-be-vulnerable-to-coastal-storms-tsunamis-by-2030\",\"caption\":\"On World Tsunami Day, the UN is calling for international collaboration to protect coastal communities from the worsening effects of climate change, like stronger Tsunamis.\",\"teaserTitle\":\"UN Shared Scary State for Global Tsunami Day\",\"src\":\"https://v.w-x.co/1636143450859_ALARMING_UN_REPORT_ABOUT_FLOODING_STORMS_AND_TSUNAMISproxy.jpg\",\"srcSet\":[{\"src\":\"https://s.w-x.co/util/image/v/1636143450859_ALARMING_UN_REPORT_ABOUT_FLOODING_STORMS_AND_TSUNAMISproxy.jpg?v=at&w=160&h=90\",\"variant\":\"160w\"},{\"src\":\"https://s.w-x.co/util/image/v/1636143450859_ALARMING_UN_REPORT_ABOUT_FLOODING_STORMS_AND_TSUNAMISproxy.jpg?v=at&w=320&h=180\",\"variant\":\"320w\"},{\"src\":\"https://s.w-x.co/util/image/v/1636143450859_ALARMING_UN_REPORT_ABOUT_FLOODING_STORMS_AND_TSUNAMISproxy.jpg?v=at&w=815&h=458\",\"variant\":\"815w\"},{\"src\":\"https://s.w-x.co/util/image/v/1636143450859_ALARMING_UN_REPORT_ABOUT_FLOODING_STORMS_AND_TSUNAMISproxy.jpg?v=at&w=1280&h=720\",\"variant\":\"1024w\"}],\"lqip\":\"https://s.w-x.co/util/image/v/1636143450859_ALARMING_UN_REPORT_ABOUT_FLOODING_STORMS_AND_TSUNAMISproxy.jpg?v=at&w=73&h=49\",\"provider\":{\"name\":\"TWC\"},\"publishdate\":\"2021-11-05T15:39:35.000-04:00\",\"icon\":\"photo\",\"category\":{\"link\":\"\",\"title\":\"\"},\"webVideoData\":{\"web\":\"https://v.w-x.co/digital_video/The_Weather_Channel_-_Reach_Engine/a69ea41c-87f0-4edb-8e15-d194d79fc7f2/ALARMING_UN_REPORT_ABOUT_FLOODING_STORMS_AND_TSUNAMIS_Playlist.m3u8\",\"mweb\":\"https://v.w-x.co/digital_video/The_Weather_Channel_-_Reach_Engine/a69ea41c-87f0-4edb-8e15-d194d79fc7f2/ALARMING_UN_REPORT_ABOUT_FLOODING_STORMS_AND_TSUNAMIS_Playlist.m3u8\"}},{\"headline\":\"Satellite Images Show Fingerprints of Climate Change\",\"url\":\"/news/climate/video/satellite-images-show-fingerprints-of-climate-change\",\"caption\":\"Incredible satellite images from NASA and the USGS show how climate change is impacting our planet.\",\"teaserTitle\":\"See Climate Change From Space\",\"src\":\"https://s.w-x.co/InvasiveSpeciesSpace.jpg\",\"srcSet\":[{\"src\":\"https://s.w-x.co/util/image/w/InvasiveSpeciesSpace.jpg?v=at&w=160&h=90\",\"variant\":\"160w\"},{\"src\":\"https://s.w-x.co/util/image/w/InvasiveSpeciesSpace.jpg?v=at&w=320&h=180\",\"variant\":\"320w\"},{\"src\":\"https://s.w-x.co/util/image/w/InvasiveSpeciesSpace.jpg?v=at&w=815&h=458\",\"variant\":\"815w\"},{\"src\":\"https://s.w-x.co/util/image/w/InvasiveSpeciesSpace.jpg?v=at&w=1280&h=720\",\"variant\":\"1024w\"}],\"lqip\":\"https://s.w-x.co/util/image/w/InvasiveSpeciesSpace.jpg?v=at&w=73&h=49\",\"provider\":{\"name\":\"TWC\"},\"publishdate\":\"2021-11-04T15:48:24.000-04:00\",\"icon\":\"photo\",\"category\":{\"link\":\"\",\"title\":\"\"},\"webVideoData\":{\"web\":\"https://v.w-x.co/digital_video/The_Weather_Channel_-_Reach_Engine/84a7bb43-bd3e-4159-8eb1-d780c0b13f72/Satellite_Images_Show_Fingerprints_of_Climate_Change_mezz_Playlist.m3u8\",\"mweb\":\"https://v.w-x.co/digital_video/The_Weather_Channel_-_Reach_Engine/84a7bb43-bd3e-4159-8eb1-d780c0b13f72/Satellite_Images_Show_Fingerprints_of_Climate_Change_mezz_Playlist.m3u8\"}},{\"headline\":\"Cake Oddly Survives World War II Bombing\",\"url\":\"/news/trending/video/cake-oddly-survives-word-war-ii-bombing\",\"caption\":\"Archaeologists find an eerily preserved cake in the ruins of a home in Germany that was destroyed during an attack in 1942. Check out the charred 79-year-old dessert.\",\"teaserTitle\":\"Bizarre Mummy Cake Survives WWII Bombing\",\"src\":\"https://s.w-x.co/1104cake.jpg\",\"srcSet\":[{\"src\":\"https://s.w-x.co/util/image/w/1104cake.jpg?v=at&w=160&h=90\",\"variant\":\"160w\"},{\"src\":\"https://s.w-x.co/util/image/w/1104cake.jpg?v=at&w=320&h=180\",\"variant\":\"320w\"},{\"src\":\"https://s.w-x.co/util/image/w/1104cake.jpg?v=at&w=815&h=458\",\"variant\":\"815w\"},{\"src\":\"https://s.w-x.co/util/image/w/1104cake.jpg?v=at&w=1280&h=720\",\"variant\":\"1024w\"}],\"lqip\":\"https://s.w-x.co/util/image/w/1104cake.jpg?v=at&w=73&h=49\",\"provider\":{\"name\":\"TWC\"},\"publishdate\":\"2021-11-04T17:15:37.000-04:00\",\"icon\":\"photo\",\"category\":{\"link\":\"\",\"title\":\"\"},\"webVideoData\":{\"web\":\"https://v.w-x.co/digital_video/The_Weather_Channel_-_Reach_Engine/60a41a85-9922-496c-8b2b-e3c5300cbaa4/1104_CakeThatSurvivedWWIIBombingRaid_TEXT_mezz_Playlist.m3u8\",\"mweb\":\"https://v.w-x.co/digital_video/The_Weather_Channel_-_Reach_Engine/60a41a85-9922-496c-8b2b-e3c5300cbaa4/1104_CakeThatSurvivedWWIIBombingRaid_TEXT_mezz_Playlist.m3u8\"}},{\"headline\":\"Watch Dramatic Moment Huge Chunk of Glacier Breaks Off\",\"url\":\"/news/trending/video/watch-dramatic-moment-piece-of-glacier-breaks-off\",\"caption\":\"A piece of the Perito Moreno Glacier broke off Wednesday, stunning onlookers.\",\"teaserTitle\":\"Photographer Captures Argentinian Glacier Break\",\"src\":\"https://s.w-x.co/1104glacier.jpg\",\"srcSet\":[{\"src\":\"https://s.w-x.co/util/image/w/1104glacier.jpg?v=at&w=160&h=90\",\"variant\":\"160w\"},{\"src\":\"https://s.w-x.co/util/image/w/1104glacier.jpg?v=at&w=320&h=180\",\"variant\":\"320w\"},{\"src\":\"https://s.w-x.co/util/image/w/1104glacier.jpg?v=at&w=815&h=458\",\"variant\":\"815w\"},{\"src\":\"https://s.w-x.co/util/image/w/1104glacier.jpg?v=at&w=1280&h=720\",\"variant\":\"1024w\"}],\"lqip\":\"https://s.w-x.co/util/image/w/1104glacier.jpg?v=at&w=73&h=49\",\"provider\":{\"name\":\"TWC\"},\"publishdate\":\"2021-11-04T13:08:24.000-04:00\",\"icon\":\"photo\",\"category\":{\"link\":\"\",\"title\":\"\"},\"webVideoData\":{\"web\":\"https://v.w-x.co/digital_video/The_Weather_Channel_-_Reach_Engine/fb0cbade-45bf-4f4a-9a90-6b65cc0d0deb/GLACIER_BREAKS_OFF_AS_PEOPLE_WATCH_Playlist.m3u8\",\"mweb\":\"https://v.w-x.co/digital_video/The_Weather_Channel_-_Reach_Engine/fb0cbade-45bf-4f4a-9a90-6b65cc0d0deb/GLACIER_BREAKS_OFF_AS_PEOPLE_WATCH_Playlist.m3u8\"}},{\"headline\":\"This Russian Town Has No Water to Fight Wildfires\",\"url\":\"/news/weather/video/this-russian-town-has-no-water-to-fight-wildfires\",\"caption\":\"A town in Eastern Russia has been reduced to using tree branches and sand to fight a wildfire because it\u2019s hard to get unfrozen water to the area.\",\"teaserTitle\":\"This Russian Town Has No Water to Fight Wildfires\",\"src\":\"https://s.w-x.co/01104russiafire.jpg\",\"srcSet\":[{\"src\":\"https://s.w-x.co/util/image/w/01104russiafire.jpg?v=at&w=160&h=90\",\"variant\":\"160w\"},{\"src\":\"https://s.w-x.co/util/image/w/01104russiafire.jpg?v=at&w=320&h=180\",\"variant\":\"320w\"},{\"src\":\"https://s.w-x.co/util/image/w/01104russiafire.jpg?v=at&w=815&h=458\",\"variant\":\"815w\"},{\"src\":\"https://s.w-x.co/util/image/w/01104russiafire.jpg?v=at&w=1280&h=720\",\"variant\":\"1024w\"}],\"lqip\":\"https://s.w-x.co/util/image/w/01104russiafire.jpg?v=at&w=73&h=49\",\"provider\":{\"name\":\"TWC\"},\"publishdate\":\"2021-11-04T16:10:24.000-04:00\",\"icon\":\"photo\",\"category\":{\"link\":\"\",\"title\":\"\"},\"webVideoData\":{\"web\":\"https://v.w-x.co/digital_video/The_Weather_Channel_-_Reach_Engine/9e302338-f86b-45a4-b889-68d772a4c8da/NO_WATER_TO_BATTLE_RUSSIA_WILDFIRES_Playlist.m3u8\",\"mweb\":\"https://v.w-x.co/digital_video/The_Weather_Channel_-_Reach_Engine/9e302338-f86b-45a4-b889-68d772a4c8da/NO_WATER_TO_BATTLE_RUSSIA_WILDFIRES_Playlist.m3u8\"}},{\"headline\":\"This Solar Storm Caused Amazing Northern Lights Show\",\"url\":\"/science/space/video/see-the-solar-storm-that-brought-wednesdays-northern-lights\",\"caption\":\"Auroras are amazing from Earth. But the view of a solar storm from satellites might be equally as impressive.\",\"teaserTitle\":\"This is What Brought Wednesday\u2019s Show of Northern Lights\",\"src\":\"https://s.w-x.co/AuroraSpace.jpg\",\"srcSet\":[{\"src\":\"https://s.w-x.co/util/image/w/AuroraSpace.jpg?v=at&w=160&h=90\",\"variant\":\"160w\"},{\"src\":\"https://s.w-x.co/util/image/w/AuroraSpace.jpg?v=at&w=320&h=180\",\"variant\":\"320w\"},{\"src\":\"https://s.w-x.co/util/image/w/AuroraSpace.jpg?v=at&w=815&h=458\",\"variant\":\"815w\"},{\"src\":\"https://s.w-x.co/util/image/w/AuroraSpace.jpg?v=at&w=1280&h=720\",\"variant\":\"1024w\"}],\"lqip\":\"https://s.w-x.co/util/image/w/AuroraSpace.jpg?v=at&w=73&h=49\",\"provider\":{\"name\":\"TWC\"},\"publishdate\":\"2021-11-04T12:34:44.000-04:00\",\"icon\":\"photo\",\"category\":{\"link\":\"\",\"title\":\"\"},\"webVideoData\":{\"web\":\"https://v.w-x.co/digital_video/The_Weather_Channel_-_Reach_Engine/87ddee97-f4b0-4892-ba79-4154e3631299/1104_NORTHERN_LIGHTS_DEAL_AM_V2mezz_Playlist.m3u8\",\"mweb\":\"https://v.w-x.co/digital_video/The_Weather_Channel_-_Reach_Engine/87ddee97-f4b0-4892-ba79-4154e3631299/1104_NORTHERN_LIGHTS_DEAL_AM_V2mezz_Playlist.m3u8\"}},{\"headline\":\"Sea of Clouds at Rocky Mountain National Park Looks Magical\",\"url\":\"/news/weather/video/sea-of-clouds-at-rocky-mountain-national-park-looks-magical\",\"caption\":\"A photographer captures a stunning sunrise scene at Rocky Mountain National Park. Take a look.\",\"teaserTitle\":\"Sunrise in Rocky Mountain National Park Looks Heavenly\",\"src\":\"https://s.w-x.co/1104rockymt.jpg\",\"srcSet\":[{\"src\":\"https://s.w-x.co/util/image/w/1104rockymt.jpg?v=at&w=160&h=90\",\"variant\":\"160w\"},{\"src\":\"https://s.w-x.co/util/image/w/1104rockymt.jpg?v=at&w=320&h=180\",\"variant\":\"320w\"},{\"src\":\"https://s.w-x.co/util/image/w/1104rockymt.jpg?v=at&w=815&h=458\",\"variant\":\"815w\"},{\"src\":\"https://s.w-x.co/util/image/w/1104rockymt.jpg?v=at&w=1280&h=720\",\"variant\":\"1024w\"}],\"lqip\":\"https://s.w-x.co/util/image/w/1104rockymt.jpg?v=at&w=73&h=49\",\"provider\":{\"name\":\"TWC\"},\"publishdate\":\"2021-11-04T11:23:42.000-04:00\",\"icon\":\"photo\",\"category\":{\"link\":\"\",\"title\":\"\"},\"webVideoData\":{\"web\":\"https://v.w-x.co/digital_video/The_Weather_Channel_-_Reach_Engine/66994d4f-7661-4d0c-b1a7-6e07df895247/SEA_OF_CLOUDS_mezz_Playlist.m3u8\",\"mweb\":\"https://v.w-x.co/digital_video/The_Weather_Channel_-_Reach_Engine/66994d4f-7661-4d0c-b1a7-6e07df895247/SEA_OF_CLOUDS_mezz_Playlist.m3u8\"}},{\"headline\":\"Ship Believed Sunk by German Sub Found off Carolina Coast\",\"url\":\"/news/trending/video/noaa-surveys-wwii-shipwreck-off-south-carolina-coast\",\"caption\":\"Watch as NOAA surveys the wreckage from what\u2019s believed to be the SS Bloody Marsh. It was struck by a German torpedo off the coast of South Carolina during World War II.\",\"teaserTitle\":\"Ship Believed Sunk by German Sub Found off Carolina Coast\",\"src\":\"https://s.w-x.co/1103wwiiship.jpg\",\"srcSet\":[{\"src\":\"https://s.w-x.co/util/image/w/1103wwiiship.jpg?v=at&w=160&h=90\",\"variant\":\"160w\"},{\"src\":\"https://s.w-x.co/util/image/w/1103wwiiship.jpg?v=at&w=320&h=180\",\"variant\":\"320w\"},{\"src\":\"https://s.w-x.co/util/image/w/1103wwiiship.jpg?v=at&w=815&h=458\",\"variant\":\"815w\"},{\"src\":\"https://s.w-x.co/util/image/w/1103wwiiship.jpg?v=at&w=1280&h=720\",\"variant\":\"1024w\"}],\"lqip\":\"https://s.w-x.co/util/image/w/1103wwiiship.jpg?v=at&w=73&h=49\",\"provider\":{\"name\":\"TWC\"},\"publishdate\":\"2021-11-03T16:26:43.000-04:00\",\"icon\":\"photo\",\"category\":{\"link\":\"\",\"title\":\"\"},\"webVideoData\":{\"web\":\"https://v.w-x.co/digital_video/The_Weather_Channel_-_Reach_Engine/aa016b5d-7e27-487f-84b2-19d880bbdbaf/FREIGHTER_WRECKAGE_SUNK_BY_GERMAN_UBOAT_Playlist.m3u8\",\"mweb\":\"https://v.w-x.co/digital_video/The_Weather_Channel_-_Reach_Engine/aa016b5d-7e27-487f-84b2-19d880bbdbaf/FREIGHTER_WRECKAGE_SUNK_BY_GERMAN_UBOAT_Playlist.m3u8\"}},{\"headline\":\"Mysterious 'Black Hole' in the Ocean\",\"url\":\"/news/trending/video/mysterious-black-hole-stumps-reddit-users\",\"caption\":\"Reddit users are baffled when a mysterious \u201Cblack hole\u201D shows up on Google maps.\",\"teaserTitle\":\"What's This Mysterious 'Black Hole' in the Ocean? \",\"src\":\"https://s.w-x.co/BlackHole_0.jpg\",\"srcSet\":[{\"src\":\"https://s.w-x.co/util/image/w/BlackHole_0.jpg?v=at&w=160&h=90\",\"variant\":\"160w\"},{\"src\":\"https://s.w-x.co/util/image/w/BlackHole_0.jpg?v=at&w=320&h=180\",\"variant\":\"320w\"},{\"src\":\"https://s.w-x.co/util/image/w/BlackHole_0.jpg?v=at&w=815&h=458\",\"variant\":\"815w\"},{\"src\":\"https://s.w-x.co/util/image/w/BlackHole_0.jpg?v=at&w=1280&h=720\",\"variant\":\"1024w\"}],\"lqip\":\"https://s.w-x.co/util/image/w/BlackHole_0.jpg?v=at&w=73&h=49\",\"provider\":{\"name\":\"TWC\"},\"publishdate\":\"2021-11-03T12:05:45.000-04:00\",\"icon\":\"photo\",\"category\":{\"link\":\"\",\"title\":\"\"},\"webVideoData\":{\"web\":\"https://v.w-x.co/digital_video/The_Weather_Channel_-_Reach_Engine/9086587d-7892-4369-9e02-83725ff5648f/Mysterious_Black_Hole_Playlist.m3u8\",\"mweb\":\"https://v.w-x.co/digital_video/The_Weather_Channel_-_Reach_Engine/9086587d-7892-4369-9e02-83725ff5648f/Mysterious_Black_Hole_Playlist.m3u8\"}},{\"headline\":\"COP26 Clean Energy Initiatives to Include Coal Phase-Out\",\"url\":\"/news/climate/video/cop26-clean-energy-initiatives-to-include-coal-phase-out\",\"caption\":\"The pledge will be formally announced at the COP26 climate summit Thursday. But the world\u2019s top coal burners aren\u2019t committing to ditching the fossil fuel.\",\"teaserTitle\":\"190 Nations, Organizations Vow to Kick the Coal Habit\",\"src\":\"https://s.w-x.co/1104coal.jpg\",\"srcSet\":[{\"src\":\"https://s.w-x.co/util/image/w/1104coal.jpg?v=at&w=160&h=90\",\"variant\":\"160w\"},{\"src\":\"https://s.w-x.co/util/image/w/1104coal.jpg?v=at&w=320&h=180\",\"variant\":\"320w\"},{\"src\":\"https://s.w-x.co/util/image/w/1104coal.jpg?v=at&w=815&h=458\",\"variant\":\"815w\"},{\"src\":\"https://s.w-x.co/util/image/w/1104coal.jpg?v=at&w=1280&h=720\",\"variant\":\"1024w\"}],\"lqip\":\"https://s.w-x.co/util/image/w/1104coal.jpg?v=at&w=73&h=49\",\"provider\":{\"name\":\"TWC\"},\"publishdate\":\"2021-11-04T11:16:54.000-04:00\",\"icon\":\"photo\",\"category\":{\"link\":\"\",\"title\":\"\"},\"webVideoData\":{\"web\":\"https://v.w-x.co/digital_video/The_Weather_Channel_-_Reach_Engine/2d40fe14-eef1-4195-b516-4a43c90fe147/1104_KISSING_COAL_GOODBYE_AMmezz_Playlist.m3u8\",\"mweb\":\"https://v.w-x.co/digital_video/The_Weather_Channel_-_Reach_Engine/2d40fe14-eef1-4195-b516-4a43c90fe147/1104_KISSING_COAL_GOODBYE_AMmezz_Playlist.m3u8\"}},{\"headline\":\"New Report: Millions in US May Be Drinking Dangerous Water\",\"url\":\"/science/environment/video/millions-of-americans-may-be-drinking-contaminated-water-analysis-finds\",\"caption\":\"An analysis by the nonprofit Environmental Working Group finds contaminants ranging from arsenic to lead in U.S. drinking water.\",\"teaserTitle\":\"Contaminants Linked to Cancer Found in U.S. Drinking Water\",\"src\":\"https://v.w-x.co/1635977038340_PESTICIDES_RADIOACTIVE_MATERIAL_FOUND_IN_US_DRINKING_WATER_1.jpg\",\"srcSet\":[{\"src\":\"https://s.w-x.co/util/image/v/1635977038340_PESTICIDES_RADIOACTIVE_MATERIAL_FOUND_IN_US_DRINKING_WATER_1.jpg?v=at&w=160&h=90\",\"variant\":\"160w\"},{\"src\":\"https://s.w-x.co/util/image/v/1635977038340_PESTICIDES_RADIOACTIVE_MATERIAL_FOUND_IN_US_DRINKING_WATER_1.jpg?v=at&w=320&h=180\",\"variant\":\"320w\"},{\"src\":\"https://s.w-x.co/util/image/v/1635977038340_PESTICIDES_RADIOACTIVE_MATERIAL_FOUND_IN_US_DRINKING_WATER_1.jpg?v=at&w=815&h=458\",\"variant\":\"815w\"},{\"src\":\"https://s.w-x.co/util/image/v/1635977038340_PESTICIDES_RADIOACTIVE_MATERIAL_FOUND_IN_US_DRINKING_WATER_1.jpg?v=at&w=1280&h=720\",\"variant\":\"1024w\"}],\"lqip\":\"https://s.w-x.co/util/image/v/1635977038340_PESTICIDES_RADIOACTIVE_MATERIAL_FOUND_IN_US_DRINKING_WATER_1.jpg?v=at&w=73&h=49\",\"provider\":{\"name\":\"TWC\"},\"publishdate\":\"2021-11-03T18:04:08.000-04:00\",\"icon\":\"photo\",\"category\":{\"link\":\"\",\"title\":\"\"},\"webVideoData\":{\"web\":\"https://v.w-x.co/digital_video/The_Weather_Channel_-_Reach_Engine/5e130c9c-f908-419d-a6a4-8ab4c4d0e2c7/PESTICIDES_RADIOACTIVE_MATERIAL_FOUND_IN_US_DRINKING_WATER_1mezz_Playlist.m3u8\",\"mweb\":\"https://v.w-x.co/digital_video/The_Weather_Channel_-_Reach_Engine/5e130c9c-f908-419d-a6a4-8ab4c4d0e2c7/PESTICIDES_RADIOACTIVE_MATERIAL_FOUND_IN_US_DRINKING_WATER_1mezz_Playlist.m3u8\"}},{\"headline\":\"Rare \u2018Beautiful Nightmare,\u2019 \u2018Chicken from Hell\u2019 Dinosaur Fossils Found\",\"url\":\"/news/trending/video/rare-beautiful-nightmare-chicken-from-hell-dinosaur-fossils-found\",\"caption\":\"Scientists in North Dakota unearth rare dinosaur fossils dating back more than 66 million years. Paleontologists have dubbed one \u201CBeautiful Nightmare.\u201D Here\u2019s why.\",\"teaserTitle\":\"Rare \u2018Beautiful Nightmare\u2019 Dinosaur Fossil Found in ND\",\"src\":\"https://s.w-x.co/1103dinobones.jpg\",\"srcSet\":[{\"src\":\"https://s.w-x.co/util/image/w/1103dinobones.jpg?v=at&w=160&h=90\",\"variant\":\"160w\"},{\"src\":\"https://s.w-x.co/util/image/w/1103dinobones.jpg?v=at&w=320&h=180\",\"variant\":\"320w\"},{\"src\":\"https://s.w-x.co/util/image/w/1103dinobones.jpg?v=at&w=815&h=458\",\"variant\":\"815w\"},{\"src\":\"https://s.w-x.co/util/image/w/1103dinobones.jpg?v=at&w=1280&h=720\",\"variant\":\"1024w\"}],\"lqip\":\"https://s.w-x.co/util/image/w/1103dinobones.jpg?v=at&w=73&h=49\",\"provider\":{\"name\":\"TWC\"},\"publishdate\":\"2021-11-03T12:32:34.000-04:00\",\"icon\":\"photo\",\"category\":{\"link\":\"\",\"title\":\"\"},\"webVideoData\":{\"web\":\"https://v.w-x.co/digital_video/The_Weather_Channel_-_Reach_Engine/1f283c98-0985-4784-9113-58f16a931eeb/v2_Rare_Beautiful_Nightmare_Chicken_from_Hell_Dinosaur_Fossils_Found_mezz_Playlist.m3u8\",\"mweb\":\"https://v.w-x.co/digital_video/The_Weather_Channel_-_Reach_Engine/1f283c98-0985-4784-9113-58f16a931eeb/v2_Rare_Beautiful_Nightmare_Chicken_from_Hell_Dinosaur_Fossils_Found_mezz_Playlist.m3u8\"}},{\"headline\":\"Drought Means Big Changes for Grand Canyon\",\"url\":\"/news/weather/video/grand-canyon-wont-be-flooded-this-year-heres-why\",\"caption\":\"The Bureau of Reclamation says it won\u2019t be creating a controlled flood in the Grand Canyon this year to restore beaches. Here\u2019s why.\",\"teaserTitle\":\"Drought Means Big Changes for Grand Canyon\",\"src\":\"https://s.w-x.co/1103grandcanyon.jpg\",\"srcSet\":[{\"src\":\"https://s.w-x.co/util/image/w/1103grandcanyon.jpg?v=at&w=160&h=90\",\"variant\":\"160w\"},{\"src\":\"https://s.w-x.co/util/image/w/1103grandcanyon.jpg?v=at&w=320&h=180\",\"variant\":\"320w\"},{\"src\":\"https://s.w-x.co/util/image/w/1103grandcanyon.jpg?v=at&w=815&h=458\",\"variant\":\"815w\"},{\"src\":\"https://s.w-x.co/util/image/w/1103grandcanyon.jpg?v=at&w=1280&h=720\",\"variant\":\"1024w\"}],\"lqip\":\"https://s.w-x.co/util/image/w/1103grandcanyon.jpg?v=at&w=73&h=49\",\"provider\":{\"name\":\"TWC\"},\"publishdate\":\"2021-11-03T12:33:32.000-04:00\",\"icon\":\"photo\",\"category\":{\"link\":\"\",\"title\":\"\"},\"webVideoData\":{\"web\":\"https://v.w-x.co/digital_video/The_Weather_Channel_-_Reach_Engine/a2fc0f2b-9305-40db-b064-e4ebc1617191/finalfinalGRAND_CANYON_1_mezz_Playlist.m3u8\",\"mweb\":\"https://v.w-x.co/digital_video/The_Weather_Channel_-_Reach_Engine/a2fc0f2b-9305-40db-b064-e4ebc1617191/finalfinalGRAND_CANYON_1_mezz_Playlist.m3u8\"}},{\"headline\":\"Watch: Wolf Outruns Car on Snowy Canada Road\",\"url\":\"/science/nature/video/watch-wolf-runs-faster-than-car-on-snowy-canada-road\",\"caption\":\"A wolf is running faster than a car on a snowy road in Yukon, Canada. Take a look.\",\"teaserTitle\":\"Watch: Wolf Faster Than Car\",\"src\":\"https://s.w-x.co/roadwolf.jpg\",\"srcSet\":[{\"src\":\"https://s.w-x.co/util/image/w/roadwolf.jpg?v=at&w=160&h=90\",\"variant\":\"160w\"},{\"src\":\"https://s.w-x.co/util/image/w/roadwolf.jpg?v=at&w=320&h=180\",\"variant\":\"320w\"},{\"src\":\"https://s.w-x.co/util/image/w/roadwolf.jpg?v=at&w=815&h=458\",\"variant\":\"815w\"},{\"src\":\"https://s.w-x.co/util/image/w/roadwolf.jpg?v=at&w=1280&h=720\",\"variant\":\"1024w\"}],\"lqip\":\"https://s.w-x.co/util/image/w/roadwolf.jpg?v=at&w=73&h=49\",\"provider\":{\"name\":\"TWC\"},\"publishdate\":\"2021-11-02T10:09:42.000-04:00\",\"icon\":\"photo\",\"category\":{\"link\":\"\",\"title\":\"\"},\"webVideoData\":{\"web\":\"https://v.w-x.co/digital_video/The_Weather_Channel_-_Reach_Engine/bcb9c989-97d0-4dc0-add3-1233e9b8c5fc/WOLF_IN_THE_FAST_LANE_Playlist.m3u8\",\"mweb\":\"https://v.w-x.co/digital_video/The_Weather_Channel_-_Reach_Engine/bcb9c989-97d0-4dc0-add3-1233e9b8c5fc/WOLF_IN_THE_FAST_LANE_Playlist.m3u8\"}},{\"headline\":\"Smells Like Rotting Flesh and Just Bloomed in San Diego\",\"url\":\"/news/trending/video/rare-corpse-flower-blooms-in-san-diego\",\"caption\":\"People line up to watch an incredible event in San Diego \u2014 the blooming of the rare corpse flower plant, which emits an odor that smells like rotting flesh. Take a look at the ephemeral beauty.\",\"teaserTitle\":\"Smells Like Rotting Flesh and Just Bloomed in San Diego\",\"src\":\"https://s.w-x.co/CorpseFlower.jpg\",\"srcSet\":[{\"src\":\"https://s.w-x.co/util/image/w/CorpseFlower.jpg?v=at&w=160&h=90\",\"variant\":\"160w\"},{\"src\":\"https://s.w-x.co/util/image/w/CorpseFlower.jpg?v=at&w=320&h=180\",\"variant\":\"320w\"},{\"src\":\"https://s.w-x.co/util/image/w/CorpseFlower.jpg?v=at&w=815&h=458\",\"variant\":\"815w\"},{\"src\":\"https://s.w-x.co/util/image/w/CorpseFlower.jpg?v=at&w=1280&h=720\",\"variant\":\"1024w\"}],\"lqip\":\"https://s.w-x.co/util/image/w/CorpseFlower.jpg?v=at&w=73&h=49\",\"provider\":{\"name\":\"TWC\"},\"publishdate\":\"2021-11-03T09:06:52.000-04:00\",\"icon\":\"photo\",\"category\":{\"link\":\"\",\"title\":\"\"},\"webVideoData\":{\"web\":\"https://v.w-x.co/digital_video/The_Weather_Channel_-_Reach_Engine/fd6666b2-95e3-4ac4-8e06-1fe3ece36f7a/RARE_CORPSE_FLOWER_1_mezz_Playlist.m3u8\",\"mweb\":\"https://v.w-x.co/digital_video/The_Weather_Channel_-_Reach_Engine/fd6666b2-95e3-4ac4-8e06-1fe3ece36f7a/RARE_CORPSE_FLOWER_1_mezz_Playlist.m3u8\"}},{\"headline\":\"2,000-Year-Old Amethyst May Be First of Its Kind\",\"url\":\"/news/trending/video/2000-year-old-amethyst-may-be-first-of-its-kind\",\"caption\":\"A 2,000-year-old amethyst is found in a drainage ditch in Israel -- and it may be the first discovery of its kind. Here\u2019s why.\",\"teaserTitle\":\"Tiny Artifact May Be First of Its Kind\",\"src\":\"https://s.w-x.co/1102amethyst.jpg\",\"srcSet\":[{\"src\":\"https://s.w-x.co/util/image/w/1102amethyst.jpg?v=at&w=160&h=90\",\"variant\":\"160w\"},{\"src\":\"https://s.w-x.co/util/image/w/1102amethyst.jpg?v=at&w=320&h=180\",\"variant\":\"320w\"},{\"src\":\"https://s.w-x.co/util/image/w/1102amethyst.jpg?v=at&w=815&h=458\",\"variant\":\"815w\"},{\"src\":\"https://s.w-x.co/util/image/w/1102amethyst.jpg?v=at&w=1280&h=720\",\"variant\":\"1024w\"}],\"lqip\":\"https://s.w-x.co/util/image/w/1102amethyst.jpg?v=at&w=73&h=49\",\"provider\":{\"name\":\"TWC\"},\"publishdate\":\"2021-11-02T17:20:13.000-04:00\",\"icon\":\"photo\",\"category\":{\"link\":\"\",\"title\":\"\"},\"webVideoData\":{\"web\":\"https://v.w-x.co/digital_video/The_Weather_Channel_-_Reach_Engine/c28dde6f-dd26-4786-baba-281f88ca9a5c/AncientAmethystFound_TEXTmezz_Playlist.m3u8\",\"mweb\":\"https://v.w-x.co/digital_video/The_Weather_Channel_-_Reach_Engine/c28dde6f-dd26-4786-baba-281f88ca9a5c/AncientAmethystFound_TEXTmezz_Playlist.m3u8\"}},{\"headline\":\"Astronauts Make Space Tacos With Chiles They Grew\",\"url\":\"/science/space/video/astronauts-enjoy-first-space-tacos\",\"caption\":\"Space food has come a long way. Astronauts on the International Space Station made space tacos after harvesting the first chile peppers grown in space.\",\"teaserTitle\":\"Here\u2019s What a Space Taco Looks Like\",\"src\":\"https://s.w-x.co/spacetaco.jpeg\",\"srcSet\":[{\"src\":\"https://s.w-x.co/util/image/w/spacetaco.jpeg?v=at&w=160&h=90\",\"variant\":\"160w\"},{\"src\":\"https://s.w-x.co/util/image/w/spacetaco.jpeg?v=at&w=320&h=180\",\"variant\":\"320w\"},{\"src\":\"https://s.w-x.co/util/image/w/spacetaco.jpeg?v=at&w=815&h=458\",\"variant\":\"815w\"},{\"src\":\"https://s.w-x.co/util/image/w/spacetaco.jpeg?v=at&w=1280&h=720\",\"variant\":\"1024w\"}],\"lqip\":\"https://s.w-x.co/util/image/w/spacetaco.jpeg?v=at&w=73&h=49\",\"provider\":{\"name\":\"TWC\"},\"publishdate\":\"2021-11-02T10:19:54.000-04:00\",\"icon\":\"photo\",\"category\":{\"link\":\"\",\"title\":\"\"},\"webVideoData\":{\"web\":\"https://v.w-x.co/digital_video/The_Weather_Channel_-_Reach_Engine/88f2aee6-e0fb-41ad-b6aa-73eb884ac975/v3_Astronauts_Enjoy_First_Space_Tacos_mezz_Playlist.m3u8\",\"mweb\":\"https://v.w-x.co/digital_video/The_Weather_Channel_-_Reach_Engine/88f2aee6-e0fb-41ad-b6aa-73eb884ac975/v3_Astronauts_Enjoy_First_Space_Tacos_mezz_Playlist.m3u8\"}},{\"headline\":\"Injured Cat Rescued from Volcano\",\"url\":\"/science/nature/video/injured-cat-rescued-from-volcano\",\"caption\":\"An injured cat is found with singed whiskers and burned fur in the exclusion zone around a volcano on the Spanish island of La Palma.\",\"teaserTitle\":\"Furry Feline Injured in La Palma Volcano\",\"src\":\"https://s.w-x.co/volcanocat.jpg\",\"srcSet\":[{\"src\":\"https://s.w-x.co/util/image/w/volcanocat.jpg?v=at&w=160&h=90\",\"variant\":\"160w\"},{\"src\":\"https://s.w-x.co/util/image/w/volcanocat.jpg?v=at&w=320&h=180\",\"variant\":\"320w\"},{\"src\":\"https://s.w-x.co/util/image/w/volcanocat.jpg?v=at&w=815&h=458\",\"variant\":\"815w\"},{\"src\":\"https://s.w-x.co/util/image/w/volcanocat.jpg?v=at&w=1280&h=720\",\"variant\":\"1024w\"}],\"lqip\":\"https://s.w-x.co/util/image/w/volcanocat.jpg?v=at&w=73&h=49\",\"provider\":{\"name\":\"TWC\"},\"publishdate\":\"2021-11-02T09:06:52.000-04:00\",\"icon\":\"photo\",\"category\":{\"link\":\"\",\"title\":\"\"},\"webVideoData\":{\"web\":\"https://v.w-x.co/digital_video/The_Weather_Channel_-_Reach_Engine/0605c626-1158-4f9c-b33a-174d85602dc8/CAT_RESCUED_1_mezz_Playlist.m3u8\",\"mweb\":\"https://v.w-x.co/digital_video/The_Weather_Channel_-_Reach_Engine/0605c626-1158-4f9c-b33a-174d85602dc8/CAT_RESCUED_1_mezz_Playlist.m3u8\"}},{\"headline\":\"Bizarre Red and Green Mountain\",\"url\":\"/news/trending/video/bizarre-red-and-green-mountain\",\"caption\":\"An unusual scene is attracting tourists to a mountain in eastern China.\",\"teaserTitle\":\"Freak Foliage Splits Mountain in Half\",\"src\":\"https://s.w-x.co/MountainSplit.jpg\",\"srcSet\":[{\"src\":\"https://s.w-x.co/util/image/w/MountainSplit.jpg?v=at&w=160&h=90\",\"variant\":\"160w\"},{\"src\":\"https://s.w-x.co/util/image/w/MountainSplit.jpg?v=at&w=320&h=180\",\"variant\":\"320w\"},{\"src\":\"https://s.w-x.co/util/image/w/MountainSplit.jpg?v=at&w=815&h=458\",\"variant\":\"815w\"},{\"src\":\"https://s.w-x.co/util/image/w/MountainSplit.jpg?v=at&w=1280&h=720\",\"variant\":\"1024w\"}],\"lqip\":\"https://s.w-x.co/util/image/w/MountainSplit.jpg?v=at&w=73&h=49\",\"provider\":{\"name\":\"TWC\"},\"publishdate\":\"2021-11-01T08:23:23.000-04:00\",\"icon\":\"photo\",\"category\":{\"link\":\"\",\"title\":\"\"},\"webVideoData\":{\"web\":\"https://v.w-x.co/digital_video/The_Weather_Channel_-_Reach_Engine/c71b4ebd-7f6c-4f97-8da6-aa12fe6f459b/TREES_SPLIT_MOUNTAIN_1_mezz_Playlist.m3u8\",\"mweb\":\"https://v.w-x.co/digital_video/The_Weather_Channel_-_Reach_Engine/c71b4ebd-7f6c-4f97-8da6-aa12fe6f459b/TREES_SPLIT_MOUNTAIN_1_mezz_Playlist.m3u8\"}},{\"headline\":\"November\u2019s Celestial Treats to Watch\",\"url\":\"/science/space/video/novembers-celestial-treats-to-watch\",\"caption\":\"Here are some of the most exciting \u2013 and visible \u2013 celestial events you can catch in November.\",\"teaserTitle\":\"November\u2019s Celestial Treats to Watch\",\"src\":\"https://s.w-x.co/novmoon.jpg\",\"srcSet\":[{\"src\":\"https://s.w-x.co/util/image/w/novmoon.jpg?v=at&w=160&h=90\",\"variant\":\"160w\"},{\"src\":\"https://s.w-x.co/util/image/w/novmoon.jpg?v=at&w=320&h=180\",\"variant\":\"320w\"},{\"src\":\"https://s.w-x.co/util/image/w/novmoon.jpg?v=at&w=815&h=458\",\"variant\":\"815w\"},{\"src\":\"https://s.w-x.co/util/image/w/novmoon.jpg?v=at&w=1280&h=720\",\"variant\":\"1024w\"}],\"lqip\":\"https://s.w-x.co/util/image/w/novmoon.jpg?v=at&w=73&h=49\",\"provider\":{\"name\":\"TWC\"},\"publishdate\":\"2021-11-01T17:24:54.000-04:00\",\"icon\":\"photo\",\"category\":{\"link\":\"\",\"title\":\"\"},\"webVideoData\":{\"web\":\"https://v.w-x.co/digital_video/The_Weather_Channel_-_Reach_Engine/0b8c8304-7ee7-481d-b7d3-8c0160a74f50/v3_Novembers_Celestial_Treats_to_Watch_mezz_Playlist.m3u8\",\"mweb\":\"https://v.w-x.co/digital_video/The_Weather_Channel_-_Reach_Engine/0b8c8304-7ee7-481d-b7d3-8c0160a74f50/v3_Novembers_Celestial_Treats_to_Watch_mezz_Playlist.m3u8\"}},{\"headline\":\"Why Is This California City So Stinky?\",\"url\":\"/news/trending/video/california-city-is-so-stinky-officials-declare-state-of-emergency\",\"caption\":\"Drought is partly to blame for the odor that\u2019s been plaguing Carson, California, for weeks.\",\"teaserTitle\":\"California City\u2019s Stench Prompts Emergency Declaration\",\"src\":\"https://s.w-x.co/CarsonStink.jpg\",\"srcSet\":[{\"src\":\"https://s.w-x.co/util/image/w/CarsonStink.jpg?v=at&w=160&h=90\",\"variant\":\"160w\"},{\"src\":\"https://s.w-x.co/util/image/w/CarsonStink.jpg?v=at&w=320&h=180\",\"variant\":\"320w\"},{\"src\":\"https://s.w-x.co/util/image/w/CarsonStink.jpg?v=at&w=815&h=458\",\"variant\":\"815w\"},{\"src\":\"https://s.w-x.co/util/image/w/CarsonStink.jpg?v=at&w=1280&h=720\",\"variant\":\"1024w\"}],\"lqip\":\"https://s.w-x.co/util/image/w/CarsonStink.jpg?v=at&w=73&h=49\",\"provider\":{\"name\":\"TWC\"},\"publishdate\":\"2021-11-01T11:23:13.000-04:00\",\"icon\":\"photo\",\"category\":{\"link\":\"\",\"title\":\"\"},\"webVideoData\":{\"web\":\"https://v.w-x.co/digital_video/The_Weather_Channel_-_Reach_Engine/e65bd06d-bbc4-4f95-bbd6-f7f9489bcd5c/1101_FOUL_ODOR_EMERGENCY_AMmezz_Playlist.m3u8\",\"mweb\":\"https://v.w-x.co/digital_video/The_Weather_Channel_-_Reach_Engine/e65bd06d-bbc4-4f95-bbd6-f7f9489bcd5c/1101_FOUL_ODOR_EMERGENCY_AMmezz_Playlist.m3u8\"}},{\"headline\":\"Snowboarder's Fall Down Near Vertical Descent\",\"url\":\"/sports-recreation/video/snowboarder-no-match-for-steep-mountain\",\"caption\":\"Watch this Italian snowboarder lose control and fall down an almost vertical descent.\",\"teaserTitle\":\"Snowboarder's Fall Down Near Vertical Descent\",\"src\":\"https://s.w-x.co/1027snowboard.jpg\",\"srcSet\":[{\"src\":\"https://s.w-x.co/util/image/w/1027snowboard.jpg?v=at&w=160&h=90\",\"variant\":\"160w\"},{\"src\":\"https://s.w-x.co/util/image/w/1027snowboard.jpg?v=at&w=320&h=180\",\"variant\":\"320w\"},{\"src\":\"https://s.w-x.co/util/image/w/1027snowboard.jpg?v=at&w=815&h=458\",\"variant\":\"815w\"},{\"src\":\"https://s.w-x.co/util/image/w/1027snowboard.jpg?v=at&w=1280&h=720\",\"variant\":\"1024w\"}],\"lqip\":\"https://s.w-x.co/util/image/w/1027snowboard.jpg?v=at&w=73&h=49\",\"provider\":{\"name\":\"TWC\"},\"publishdate\":\"2021-10-27T14:37:42.000-04:00\",\"icon\":\"photo\",\"category\":{\"link\":\"\",\"title\":\"\"},\"webVideoData\":{\"web\":\"https://v.w-x.co/digital_video/The_Weather_Channel_-_Reach_Engine/76117199-bbbf-4a12-ac8a-bbe11b679c39/v2_Snowboarder_No_Match_for_Steep_Mountain_mezz_Playlist.m3u8\",\"mweb\":\"https://v.w-x.co/digital_video/The_Weather_Channel_-_Reach_Engine/76117199-bbbf-4a12-ac8a-bbe11b679c39/v2_Snowboarder_No_Match_for_Steep_Mountain_mezz_Playlist.m3u8\"}},{\"headline\":\"10,000 Landmark Trees to Be Cleared Away\",\"url\":\"/news/trending/video/california-to-clear-10000-damaged-trees-near-giant-sequoias\",\"caption\":\"The trees, along a portion General\u2019s Highway, are victims of wildfire, drought, disease and age.\",\"teaserTitle\":\"10,000 Landmark Trees Must Go\",\"src\":\"https://s.w-x.co/Sequoias.jpg\",\"srcSet\":[{\"src\":\"https://s.w-x.co/util/image/w/Sequoias.jpg?v=at&w=160&h=90\",\"variant\":\"160w\"},{\"src\":\"https://s.w-x.co/util/image/w/Sequoias.jpg?v=at&w=320&h=180\",\"variant\":\"320w\"},{\"src\":\"https://s.w-x.co/util/image/w/Sequoias.jpg?v=at&w=815&h=458\",\"variant\":\"815w\"},{\"src\":\"https://s.w-x.co/util/image/w/Sequoias.jpg?v=at&w=1280&h=720\",\"variant\":\"1024w\"}],\"lqip\":\"https://s.w-x.co/util/image/w/Sequoias.jpg?v=at&w=73&h=49\",\"provider\":{\"name\":\"TWC\"},\"publishdate\":\"2021-10-26T18:11:33.000-04:00\",\"icon\":\"photo\",\"category\":{\"link\":\"\",\"title\":\"\"},\"webVideoData\":{\"web\":\"https://v.w-x.co/digital_video/The_Weather_Channel_-_Reach_Engine/ac6df966-9403-43f5-b51c-d91b3c6fb63e/1026_TreesToBeRemovedInCA_STUDIOmezz_Playlist.m3u8\",\"mweb\":\"https://v.w-x.co/digital_video/The_Weather_Channel_-_Reach_Engine/ac6df966-9403-43f5-b51c-d91b3c6fb63e/1026_TreesToBeRemovedInCA_STUDIOmezz_Playlist.m3u8\"}},{\"headline\":\"Massive Wave Destroys Boat, Batters Fisherman\",\"url\":\"/news/weather/video/massive-wave-destroys-boat-batters-fisherman\",\"caption\":\"The remnants of Typhoon Kompasu created dangerous surf conditions off of the Philippines that destroyed a fisherman\u2019s boat while he was in it.\",\"teaserTitle\":\"Watch Giant Wave Smash Boat to Pieces\",\"src\":\"https://s.w-x.co/1029boatwave.jpg\",\"srcSet\":[{\"src\":\"https://s.w-x.co/util/image/w/1029boatwave.jpg?v=at&w=160&h=90\",\"variant\":\"160w\"},{\"src\":\"https://s.w-x.co/util/image/w/1029boatwave.jpg?v=at&w=320&h=180\",\"variant\":\"320w\"},{\"src\":\"https://s.w-x.co/util/image/w/1029boatwave.jpg?v=at&w=815&h=458\",\"variant\":\"815w\"},{\"src\":\"https://s.w-x.co/util/image/w/1029boatwave.jpg?v=at&w=1280&h=720\",\"variant\":\"1024w\"}],\"lqip\":\"https://s.w-x.co/util/image/w/1029boatwave.jpg?v=at&w=73&h=49\",\"provider\":{\"name\":\"TWC\"},\"publishdate\":\"2021-10-29T12:03:32.000-04:00\",\"icon\":\"photo\",\"category\":{\"link\":\"\",\"title\":\"\"},\"webVideoData\":{\"web\":\"https://v.w-x.co/digital_video/The_Weather_Channel_-_Reach_Engine/bfc9d455-651d-4a62-a95c-e954bd033f2c/HUGE_WAVES_SLAM_INTO_BOAT_Playlist.m3u8\",\"mweb\":\"https://v.w-x.co/digital_video/The_Weather_Channel_-_Reach_Engine/bfc9d455-651d-4a62-a95c-e954bd033f2c/HUGE_WAVES_SLAM_INTO_BOAT_Playlist.m3u8\"}},{\"headline\":\"Dried Up Lake is Disaster for Flamingos\",\"url\":\"/news/climate/video/large-turkish-lake-dries-up-from-drought-brought-by-climate-change\",\"caption\":\"A large lake in central Turkey that was home to thousands of migrating flamingos has completely dried up from drought caused by climate change.\",\"teaserTitle\":\"Heartbreaking Scene After Lake Dries Up\",\"src\":\"https://s.w-x.co/LakeTuz.jpg\",\"srcSet\":[{\"src\":\"https://s.w-x.co/util/image/w/LakeTuz.jpg?v=at&w=160&h=90\",\"variant\":\"160w\"},{\"src\":\"https://s.w-x.co/util/image/w/LakeTuz.jpg?v=at&w=320&h=180\",\"variant\":\"320w\"},{\"src\":\"https://s.w-x.co/util/image/w/LakeTuz.jpg?v=at&w=815&h=458\",\"variant\":\"815w\"},{\"src\":\"https://s.w-x.co/util/image/w/LakeTuz.jpg?v=at&w=1280&h=720\",\"variant\":\"1024w\"}],\"lqip\":\"https://s.w-x.co/util/image/w/LakeTuz.jpg?v=at&w=73&h=49\",\"provider\":{\"name\":\"TWC\"},\"publishdate\":\"2021-10-28T16:27:14.000-04:00\",\"icon\":\"photo\",\"category\":{\"link\":\"\",\"title\":\"\"},\"webVideoData\":{\"web\":\"https://v.w-x.co/digital_video/The_Weather_Channel_-_Reach_Engine/6ffd6c46-bb59-404c-8e98-69fd18392da6/1028_Turkish_Lake_Dries_Up_PM_Studio_Editmezz_Playlist.m3u8\",\"mweb\":\"https://v.w-x.co/digital_video/The_Weather_Channel_-_Reach_Engine/6ffd6c46-bb59-404c-8e98-69fd18392da6/1028_Turkish_Lake_Dries_Up_PM_Studio_Editmezz_Playlist.m3u8\"}},{\"headline\":\"World\u2019s Largest Ferris Wheel Opens\",\"url\":\"/travel/video/the-worlds-largest-ferris-wheel-just-opened-in-dubai-offering-a-magnificent-view-of\",\"caption\":\"The world\u2019s largest ferris wheel just opened in Dubai, towering 820 feet into the sky and offering a magnificent view of the city.\",\"teaserTitle\":\"World\u2019s Largest Ferris Wheel Opens\",\"src\":\"https://s.w-x.co/1028fwheel.jpg\",\"srcSet\":[{\"src\":\"https://s.w-x.co/util/image/w/1028fwheel.jpg?v=at&w=160&h=90\",\"variant\":\"160w\"},{\"src\":\"https://s.w-x.co/util/image/w/1028fwheel.jpg?v=at&w=320&h=180\",\"variant\":\"320w\"},{\"src\":\"https://s.w-x.co/util/image/w/1028fwheel.jpg?v=at&w=815&h=458\",\"variant\":\"815w\"},{\"src\":\"https://s.w-x.co/util/image/w/1028fwheel.jpg?v=at&w=1280&h=720\",\"variant\":\"1024w\"}],\"lqip\":\"https://s.w-x.co/util/image/w/1028fwheel.jpg?v=at&w=73&h=49\",\"provider\":{\"name\":\"TWC\"},\"publishdate\":\"2021-10-28T15:51:33.000-04:00\",\"icon\":\"photo\",\"category\":{\"link\":\"\",\"title\":\"\"},\"webVideoData\":{\"web\":\"https://v.w-x.co/digital_video/The_Weather_Channel_-_Reach_Engine/af9e1cdb-f1be-4371-9268-947595583117/THE_WORLD'S_LARGEST_FERRIS_WHEEL_JUST_OPENED_IN_DUBAI_Playlist.m3u8\",\"mweb\":\"https://v.w-x.co/digital_video/The_Weather_Channel_-_Reach_Engine/af9e1cdb-f1be-4371-9268-947595583117/THE_WORLD'S_LARGEST_FERRIS_WHEEL_JUST_OPENED_IN_DUBAI_Playlist.m3u8\"}},{\"headline\":\"Chicago At Risk from Climate Change and Swings in Lake Michigan Water Levels\",\"url\":\"/news/climate/video/chicago-at-risk-from-climate-change-and-swings-in-lake-michigan-water-levels\",\"caption\":\"Chicago shares a concern with U.S. coastal cities about rising water levels.\",\"teaserTitle\":\"Chicago Could Be Inundated by Lake Michigan\",\"src\":\"https://s.w-x.co/ChicagoLake.jpg\",\"srcSet\":[{\"src\":\"https://s.w-x.co/util/image/w/ChicagoLake.jpg?v=at&w=160&h=90\",\"variant\":\"160w\"},{\"src\":\"https://s.w-x.co/util/image/w/ChicagoLake.jpg?v=at&w=320&h=180\",\"variant\":\"320w\"},{\"src\":\"https://s.w-x.co/util/image/w/ChicagoLake.jpg?v=at&w=815&h=458\",\"variant\":\"815w\"},{\"src\":\"https://s.w-x.co/util/image/w/ChicagoLake.jpg?v=at&w=1280&h=720\",\"variant\":\"1024w\"}],\"lqip\":\"https://s.w-x.co/util/image/w/ChicagoLake.jpg?v=at&w=73&h=49\",\"provider\":{\"name\":\"TWC\"},\"publishdate\":\"2021-10-27T17:45:43.000-04:00\",\"icon\":\"photo\",\"category\":{\"link\":\"\",\"title\":\"\"},\"webVideoData\":{\"web\":\"https://v.w-x.co/digital_video/The_Weather_Channel_-_Reach_Engine/96213555-9e2a-45f6-9840-d23643a7f253/1027_CLIMATE_CHANGE_CAUSING_BIG_SWINGS_IN_LAKE_MICHIGAN_WATER_LEVELS_PM_Studio_Editmezz_Playlist.m3u8\",\"mweb\":\"https://v.w-x.co/digital_video/The_Weather_Channel_-_Reach_Engine/96213555-9e2a-45f6-9840-d23643a7f253/1027_CLIMATE_CHANGE_CAUSING_BIG_SWINGS_IN_LAKE_MICHIGAN_WATER_LEVELS_PM_Studio_Editmezz_Playlist.m3u8\"}},{\"headline\":\"Bad News for One of World's Rarest Marine Mammals\",\"url\":\"/science/nature/video/number-of-north-atlantic-right-whales-drops-by-nearly-10\",\"caption\":\"There are fewer than 350 North Atlantic right whales left, according to a group that monitors them. Images obtained via NOAA permits #594-1759, #18786, #15488 and #20556-01.\",\"teaserTitle\":\"Bad News for One of World's Rarest Mammals\",\"src\":\"https://s.w-x.co/RightWhale.jpg\",\"srcSet\":[{\"src\":\"https://s.w-x.co/util/image/w/RightWhale.jpg?v=at&w=160&h=90\",\"variant\":\"160w\"},{\"src\":\"https://s.w-x.co/util/image/w/RightWhale.jpg?v=at&w=320&h=180\",\"variant\":\"320w\"},{\"src\":\"https://s.w-x.co/util/image/w/RightWhale.jpg?v=at&w=815&h=458\",\"variant\":\"815w\"},{\"src\":\"https://s.w-x.co/util/image/w/RightWhale.jpg?v=at&w=1280&h=720\",\"variant\":\"1024w\"}],\"lqip\":\"https://s.w-x.co/util/image/w/RightWhale.jpg?v=at&w=73&h=49\",\"provider\":{\"name\":\"TWC\"},\"publishdate\":\"2021-10-26T14:18:42.000-04:00\",\"icon\":\"photo\",\"category\":{\"link\":\"\",\"title\":\"\"},\"webVideoData\":{\"web\":\"https://v.w-x.co/digital_video/The_Weather_Channel_-_Reach_Engine/34a8a9e7-c54d-4ae5-b28c-e182a80dea53/v2_Number_of_North_Atlantic_Right_Whales_Drops_by_Nearly_10_percent_mezz_Playlist.m3u8\",\"mweb\":\"https://v.w-x.co/digital_video/The_Weather_Channel_-_Reach_Engine/34a8a9e7-c54d-4ae5-b28c-e182a80dea53/v2_Number_of_North_Atlantic_Right_Whales_Drops_by_Nearly_10_percent_mezz_Playlist.m3u8\"}},{\"headline\":\"Whirlpool Can't Keep Pumpkin Down\",\"url\":\"/news/trending/video/pumpkin-gets-sucked-into-whirlpool-and-comes-out-the-other-side\",\"caption\":\"Watch a pumpkin disappear into a spinning vortex of water and pop up across the street.\",\"teaserTitle\":\"Pumpkin Sucked Into Whirlpool and Comes Out Other Side\",\"src\":\"https://s.w-x.co/WhirlpoolPumpkin.jpg\",\"srcSet\":[{\"src\":\"https://s.w-x.co/util/image/w/WhirlpoolPumpkin.jpg?v=at&w=160&h=90\",\"variant\":\"160w\"},{\"src\":\"https://s.w-x.co/util/image/w/WhirlpoolPumpkin.jpg?v=at&w=320&h=180\",\"variant\":\"320w\"},{\"src\":\"https://s.w-x.co/util/image/w/WhirlpoolPumpkin.jpg?v=at&w=815&h=458\",\"variant\":\"815w\"},{\"src\":\"https://s.w-x.co/util/image/w/WhirlpoolPumpkin.jpg?v=at&w=1280&h=720\",\"variant\":\"1024w\"}],\"lqip\":\"https://s.w-x.co/util/image/w/WhirlpoolPumpkin.jpg?v=at&w=73&h=49\",\"provider\":{\"name\":\"TWC\"},\"publishdate\":\"2021-10-26T12:59:14.000-04:00\",\"icon\":\"photo\",\"category\":{\"link\":\"\",\"title\":\"\"},\"webVideoData\":{\"web\":\"https://v.w-x.co/digital_video/The_Weather_Channel_-_Reach_Engine/25b47b2c-6ce6-4675-8620-b4d390fbb67b/PUMPKIN_SUCKED_INTO_WHIRLPOOL_Playlist.m3u8\",\"mweb\":\"https://v.w-x.co/digital_video/The_Weather_Channel_-_Reach_Engine/25b47b2c-6ce6-4675-8620-b4d390fbb67b/PUMPKIN_SUCKED_INTO_WHIRLPOOL_Playlist.m3u8\"}},{\"headline\":\"Okinawa Invaded by Pumice After Underwater Eruption\",\"url\":\"/news/trending/video/okinawa-invaded-by-pumice-after-underwater-eruption\",\"caption\":\"The pumice stones are washing up on Okinawa\u2019s shores in waves after a nearly 900-mile journey.\",\"teaserTitle\":\"Underwater Eruption Sends Pumice on Epic Journey\",\"src\":\"https://s.w-x.co/1029pumice.jpg\",\"srcSet\":[{\"src\":\"https://s.w-x.co/util/image/w/1029pumice.jpg?v=at&w=160&h=90\",\"variant\":\"160w\"},{\"src\":\"https://s.w-x.co/util/image/w/1029pumice.jpg?v=at&w=320&h=180\",\"variant\":\"320w\"},{\"src\":\"https://s.w-x.co/util/image/w/1029pumice.jpg?v=at&w=815&h=458\",\"variant\":\"815w\"},{\"src\":\"https://s.w-x.co/util/image/w/1029pumice.jpg?v=at&w=1280&h=720\",\"variant\":\"1024w\"}],\"lqip\":\"https://s.w-x.co/util/image/w/1029pumice.jpg?v=at&w=73&h=49\",\"provider\":{\"name\":\"TWC\"},\"publishdate\":\"2021-10-29T10:46:03.000-04:00\",\"icon\":\"photo\",\"category\":{\"link\":\"\",\"title\":\"\"},\"webVideoData\":{\"web\":\"https://v.w-x.co/digital_video/The_Weather_Channel_-_Reach_Engine/e8806ff2-a62a-4d3f-aa60-c45b4df369a4/1029_VOLCANO_SWAMPS_OKINAWA_AMmezz_Playlist.m3u8\",\"mweb\":\"https://v.w-x.co/digital_video/The_Weather_Channel_-_Reach_Engine/e8806ff2-a62a-4d3f-aa60-c45b4df369a4/1029_VOLCANO_SWAMPS_OKINAWA_AMmezz_Playlist.m3u8\"}},{\"headline\":\"Molten Cannonball of Lava Careens Down Hillside\",\"url\":\"/news/trending/video/molten-cannonball-of-lava-careens-down-hillside\",\"caption\":\"Scientists were observing the La Palma volcano in Spain when a lava bomb came rolling their way.\",\"teaserTitle\":\"Molten Cannonball of Lava Careens Down Hillside\",\"src\":\"https://s.w-x.co/1029lavabomb.jpg\",\"srcSet\":[{\"src\":\"https://s.w-x.co/util/image/w/1029lavabomb.jpg?v=at&w=160&h=90\",\"variant\":\"160w\"},{\"src\":\"https://s.w-x.co/util/image/w/1029lavabomb.jpg?v=at&w=320&h=180\",\"variant\":\"320w\"},{\"src\":\"https://s.w-x.co/util/image/w/1029lavabomb.jpg?v=at&w=815&h=458\",\"variant\":\"815w\"},{\"src\":\"https://s.w-x.co/util/image/w/1029lavabomb.jpg?v=at&w=1280&h=720\",\"variant\":\"1024w\"}],\"lqip\":\"https://s.w-x.co/util/image/w/1029lavabomb.jpg?v=at&w=73&h=49\",\"provider\":{\"name\":\"TWC\"},\"publishdate\":\"2021-10-29T12:04:11.000-04:00\",\"icon\":\"photo\",\"category\":{\"link\":\"\",\"title\":\"\"},\"webVideoData\":{\"web\":\"https://v.w-x.co/digital_video/The_Weather_Channel_-_Reach_Engine/65c461e9-5752-4425-a884-b2f3d4bb4db9/LAVA_BOMB_ON_THE_LOOSE_1_mezz_Playlist.m3u8\",\"mweb\":\"https://v.w-x.co/digital_video/The_Weather_Channel_-_Reach_Engine/65c461e9-5752-4425-a884-b2f3d4bb4db9/LAVA_BOMB_ON_THE_LOOSE_1_mezz_Playlist.m3u8\"}},{\"headline\":\"NASA Spots 'Godzilla' in Space\",\"url\":\"/science/space/video/nasa-spots-godzilla-in-space\",\"caption\":\"A cloud of dust and gas resembles a familiar movie monster.\",\"teaserTitle\":\"NASA Spots 'Godzilla' in Space\",\"src\":\"https://s.w-x.co/1029godzilla.jpg\",\"srcSet\":[{\"src\":\"https://s.w-x.co/util/image/w/1029godzilla.jpg?v=at&w=160&h=90\",\"variant\":\"160w\"},{\"src\":\"https://s.w-x.co/util/image/w/1029godzilla.jpg?v=at&w=320&h=180\",\"variant\":\"320w\"},{\"src\":\"https://s.w-x.co/util/image/w/1029godzilla.jpg?v=at&w=815&h=458\",\"variant\":\"815w\"},{\"src\":\"https://s.w-x.co/util/image/w/1029godzilla.jpg?v=at&w=1280&h=720\",\"variant\":\"1024w\"}],\"lqip\":\"https://s.w-x.co/util/image/w/1029godzilla.jpg?v=at&w=73&h=49\",\"provider\":{\"name\":\"TWC\"},\"publishdate\":\"2021-10-29T15:57:32.000-04:00\",\"icon\":\"photo\",\"category\":{\"link\":\"\",\"title\":\"\"},\"webVideoData\":{\"web\":\"https://v.w-x.co/digital_video/The_Weather_Channel_-_Reach_Engine/90ca9f5c-c50f-4854-bd43-62ea12e8ed23/1029_GODZILLA_IN_SPACE_STUDIOmezz_Playlist.m3u8\",\"mweb\":\"https://v.w-x.co/digital_video/The_Weather_Channel_-_Reach_Engine/90ca9f5c-c50f-4854-bd43-62ea12e8ed23/1029_GODZILLA_IN_SPACE_STUDIOmezz_Playlist.m3u8\"}},{\"headline\":\"Scientist Evaluates California Burn Scar From Above\",\"url\":\"/news/weather/video/scientist-evaluates-california-burn-scar-from-above\",\"caption\":\"A PG&E scientist surveyed a region in Northern California that was burned during the Dixie Fire to learn how to better protect it from future weather events.\",\"teaserTitle\":\"Scientist Evaluates California Burn Scar From Above\",\"src\":\"https://v.w-x.co/1635537401831_CALIFORNIA_BURN_SCAR_EVALUATED_FROM_THE_AIR.jpg\",\"srcSet\":[{\"src\":\"https://s.w-x.co/util/image/v/1635537401831_CALIFORNIA_BURN_SCAR_EVALUATED_FROM_THE_AIR.jpg?v=at&w=160&h=90\",\"variant\":\"160w\"},{\"src\":\"https://s.w-x.co/util/image/v/1635537401831_CALIFORNIA_BURN_SCAR_EVALUATED_FROM_THE_AIR.jpg?v=at&w=320&h=180\",\"variant\":\"320w\"},{\"src\":\"https://s.w-x.co/util/image/v/1635537401831_CALIFORNIA_BURN_SCAR_EVALUATED_FROM_THE_AIR.jpg?v=at&w=815&h=458\",\"variant\":\"815w\"},{\"src\":\"https://s.w-x.co/util/image/v/1635537401831_CALIFORNIA_BURN_SCAR_EVALUATED_FROM_THE_AIR.jpg?v=at&w=1280&h=720\",\"variant\":\"1024w\"}],\"lqip\":\"https://s.w-x.co/util/image/v/1635537401831_CALIFORNIA_BURN_SCAR_EVALUATED_FROM_THE_AIR.jpg?v=at&w=73&h=49\",\"provider\":{\"name\":\"TWC\"},\"publishdate\":\"2021-10-29T15:56:53.000-04:00\",\"icon\":\"photo\",\"category\":{\"link\":\"\",\"title\":\"\"},\"webVideoData\":{\"web\":\"https://v.w-x.co/digital_video/The_Weather_Channel_-_Reach_Engine/eae5b49a-b169-4c59-b234-314abd684b11/CALIFORNIA_BURN_SCAR_EVALUATED_FROM_THE_AIR_Playlist.m3u8\",\"mweb\":\"https://v.w-x.co/digital_video/The_Weather_Channel_-_Reach_Engine/eae5b49a-b169-4c59-b234-314abd684b11/CALIFORNIA_BURN_SCAR_EVALUATED_FROM_THE_AIR_Playlist.m3u8\"}},{\"headline\":\"This May Be First Planet Spotted Outside Our Galaxy\",\"url\":\"/science/space/video/first-time-possible-planet-spotted-outside-our-galaxy\",\"caption\":\"Scientists may have found a planet outside our galaxy for the first time thanks to NASA\u2019s Chandra X-Ray.\",\"teaserTitle\":\"First Time Possible Planet Spotted Outside Our Galaxy\",\"src\":\"https://s.w-x.co/1028newplanet.jpg\",\"srcSet\":[{\"src\":\"https://s.w-x.co/util/image/w/1028newplanet.jpg?v=at&w=160&h=90\",\"variant\":\"160w\"},{\"src\":\"https://s.w-x.co/util/image/w/1028newplanet.jpg?v=at&w=320&h=180\",\"variant\":\"320w\"},{\"src\":\"https://s.w-x.co/util/image/w/1028newplanet.jpg?v=at&w=815&h=458\",\"variant\":\"815w\"},{\"src\":\"https://s.w-x.co/util/image/w/1028newplanet.jpg?v=at&w=1280&h=720\",\"variant\":\"1024w\"}],\"lqip\":\"https://s.w-x.co/util/image/w/1028newplanet.jpg?v=at&w=73&h=49\",\"provider\":{\"name\":\"TWC\"},\"publishdate\":\"2021-10-28T15:48:33.000-04:00\",\"icon\":\"photo\",\"category\":{\"link\":\"\",\"title\":\"\"},\"webVideoData\":{\"web\":\"https://v.w-x.co/digital_video/The_Weather_Channel_-_Reach_Engine/38ab944c-855c-4a17-bc08-1c8774d1e80b/v2_First_Time_Possible_Planet_Spotted_Outside_Our_Galaxy__mezz_Playlist.m3u8\",\"mweb\":\"https://v.w-x.co/digital_video/The_Weather_Channel_-_Reach_Engine/38ab944c-855c-4a17-bc08-1c8774d1e80b/v2_First_Time_Possible_Planet_Spotted_Outside_Our_Galaxy__mezz_Playlist.m3u8\"}}],\"status\":200,\"statusText\":\"OK\"},\"assetId:9bccba03-6079-49f9-9185-2fdd4011c107;language:en-US\":{\"loading\":false,\"loaded\":true,\"data\":[{\"headline\":\"Woman Escapes Crushing Snow with Only Seconds To Spare\",\"url\":\"/news/trending/video/watch-woman-flee-falling-snow-in-northern-china\",\"caption\":\"\",\"teaserTitle\":\"Falling Snow Sends Woman Running\",\"src\":\"https://s.w-x.co/SnowCrusher.jpg\",\"srcSet\":[{\"src\":\"https://s.w-x.co/util/image/w/SnowCrusher.jpg?v=at&w=160&h=90\",\"variant\":\"160w\"},{\"src\":\"https://s.w-x.co/util/image/w/SnowCrusher.jpg?v=at&w=320&h=180\",\"variant\":\"320w\"},{\"src\":\"https://s.w-x.co/util/image/w/SnowCrusher.jpg?v=at&w=815&h=458\",\"variant\":\"815w\"},{\"src\":\"https://s.w-x.co/util/image/w/SnowCrusher.jpg?v=at&w=1280&h=720\",\"variant\":\"1024w\"}],\"lqip\":\"https://s.w-x.co/util/image/w/SnowCrusher.jpg?v=at&w=73&h=49\",\"provider\":{\"name\":\"TWC\"},\"publishdate\":\"2021-11-08T08:59:22.000-05:00\",\"icon\":\"video\",\"category\":{\"title\":\"Trending News\",\"link\":\"news/trending\"},\"webVideoData\":{\"web\":\"https://v.w-x.co/digital_video/The_Weather_Channel_-_Reach_Engine/16da4049-eeff-4c20-88d3-d7692543f0ac/FALLING_SNOW_mezz_Playlist.m3u8\",\"mweb\":\"https://v.w-x.co/digital_video/The_Weather_Channel_-_Reach_Engine/16da4049-eeff-4c20-88d3-d7692543f0ac/FALLING_SNOW_mezz_Playlist.m3u8\"}},{\"headline\":\"Strong Storm Brewing Ahead of Veterans Day\",\"url\":\"/news/weather/video/powerful-storm-to-bring-snow-rain-and-gusty-winds\",\"caption\":\"\",\"teaserTitle\":\"Powerful Storm Sweeping Across the Country This Week\",\"src\":\"https://s.w-x.co/MidWeekStormMonPM.jpg\",\"srcSet\":[{\"src\":\"https://s.w-x.co/util/image/w/MidWeekStormMonPM.jpg?v=at&w=160&h=90\",\"variant\":\"160w\"},{\"src\":\"https://s.w-x.co/util/image/w/MidWeekStormMonPM.jpg?v=at&w=320&h=180\",\"variant\":\"320w\"},{\"src\":\"https://s.w-x.co/util/image/w/MidWeekStormMonPM.jpg?v=at&w=815&h=458\",\"variant\":\"815w\"},{\"src\":\"https://s.w-x.co/util/image/w/MidWeekStormMonPM.jpg?v=at&w=1280&h=720\",\"variant\":\"1024w\"}],\"lqip\":\"https://s.w-x.co/util/image/w/MidWeekStormMonPM.jpg?v=at&w=73&h=49\",\"provider\":{\"name\":\"TWC\"},\"publishdate\":\"2021-11-08T14:25:02.000-05:00\",\"icon\":\"video\",\"category\":{\"title\":\"Weather News\",\"link\":\"news/weather\"},\"webVideoData\":{\"web\":\"https://v.w-x.co/digital_video/The_Weather_Channel_-_Reach_Engine/d2c81881-8844-4eaf-a7ca-244e3cfbfaba/110821_MID_TO_LATE_WEEK_SYSTEMmezz_Playlist.m3u8\",\"mweb\":\"https://v.w-x.co/digital_video/The_Weather_Channel_-_Reach_Engine/d2c81881-8844-4eaf-a7ca-244e3cfbfaba/110821_MID_TO_LATE_WEEK_SYSTEMmezz_Playlist.m3u8\"}},{\"headline\":\"Tumbling Temperatures Ahead for the Weekend\",\"url\":\"/news/weather/video/tumbling-temperates-ahead-for-the-weekend\",\"caption\":\"\",\"teaserTitle\":\"Weekend Temperature Drop Expected\",\"src\":\"https://s.w-x.co/MonTempsDropping.jpg\",\"srcSet\":[{\"src\":\"https://s.w-x.co/util/image/w/MonTempsDropping.jpg?v=at&w=160&h=90\",\"variant\":\"160w\"},{\"src\":\"https://s.w-x.co/util/image/w/MonTempsDropping.jpg?v=at&w=320&h=180\",\"variant\":\"320w\"},{\"src\":\"https://s.w-x.co/util/image/w/MonTempsDropping.jpg?v=at&w=815&h=458\",\"variant\":\"815w\"},{\"src\":\"https://s.w-x.co/util/image/w/MonTempsDropping.jpg?v=at&w=1280&h=720\",\"variant\":\"1024w\"}],\"lqip\":\"https://s.w-x.co/util/image/w/MonTempsDropping.jpg?v=at&w=73&h=49\",\"provider\":{\"name\":\"TWC\"},\"publishdate\":\"2021-11-08T15:20:24.000-05:00\",\"icon\":\"video\",\"category\":{\"title\":\"Weather News\",\"link\":\"news/weather\"},\"webVideoData\":{\"web\":\"https://v.w-x.co/digital_video/The_Weather_Channel_-_Reach_Engine/da680d05-ce9a-4dee-b70f-efcef2e847a2/1108_cool_down_after_warm_upmezz_Playlist.m3u8\",\"mweb\":\"https://v.w-x.co/digital_video/The_Weather_Channel_-_Reach_Engine/da680d05-ce9a-4dee-b70f-efcef2e847a2/1108_cool_down_after_warm_upmezz_Playlist.m3u8\"}},{\"headline\":\"A Massive Climate Lie? \",\"url\":\"/news/climate/video/countries-drastically-underreport-greenhouse-gas-emissions-investigation-finds\",\"caption\":\"\",\"teaserTitle\":\"Underreporting of Greenhouse Gas Emissions Put Paris Agreement Goal in Jeopardy\",\"src\":\"https://s.w-x.co/EmissionsLIes.jpg\",\"srcSet\":[{\"src\":\"https://s.w-x.co/util/image/w/EmissionsLIes.jpg?v=at&w=160&h=90\",\"variant\":\"160w\"},{\"src\":\"https://s.w-x.co/util/image/w/EmissionsLIes.jpg?v=at&w=320&h=180\",\"variant\":\"320w\"},{\"src\":\"https://s.w-x.co/util/image/w/EmissionsLIes.jpg?v=at&w=815&h=458\",\"variant\":\"815w\"},{\"src\":\"https://s.w-x.co/util/image/w/EmissionsLIes.jpg?v=at&w=1280&h=720\",\"variant\":\"1024w\"}],\"lqip\":\"https://s.w-x.co/util/image/w/EmissionsLIes.jpg?v=at&w=73&h=49\",\"provider\":{\"name\":\"TWC\"},\"publishdate\":\"2021-11-08T13:37:13.000-05:00\",\"icon\":\"video\",\"category\":{\"title\":\"Climate and Weather\",\"link\":\"news/climate\"},\"webVideoData\":{\"web\":\"https://v.w-x.co/digital_video/The_Weather_Channel_-_Reach_Engine/b8f29438-a30c-4e14-b47e-4ae4bf7c066e/1108_ClimatePledgesBuiltOnFlawedData_STUDIOmezz_Playlist.m3u8\",\"mweb\":\"https://v.w-x.co/digital_video/The_Weather_Channel_-_Reach_Engine/b8f29438-a30c-4e14-b47e-4ae4bf7c066e/1108_ClimatePledgesBuiltOnFlawedData_STUDIOmezz_Playlist.m3u8\"}},{\"headline\":\"What\u2019s Causing Strange Series of Quakes in South Carolina?\",\"url\":\"/science/environment/video/whats-causing-strange-series-of-quakes-in-south-carolina\",\"caption\":\"\",\"teaserTitle\":\"Lake Causing Quakes in South Carolina?\",\"src\":\"https://v.w-x.co/1636414121904_1108_v2EarthQuakes_lake_scproxy.jpg\",\"srcSet\":[{\"src\":\"https://s.w-x.co/util/image/v/1636414121904_1108_v2EarthQuakes_lake_scproxy.jpg?v=at&w=160&h=90\",\"variant\":\"160w\"},{\"src\":\"https://s.w-x.co/util/image/v/1636414121904_1108_v2EarthQuakes_lake_scproxy.jpg?v=at&w=320&h=180\",\"variant\":\"320w\"},{\"src\":\"https://s.w-x.co/util/image/v/1636414121904_1108_v2EarthQuakes_lake_scproxy.jpg?v=at&w=815&h=458\",\"variant\":\"815w\"},{\"src\":\"https://s.w-x.co/util/image/v/1636414121904_1108_v2EarthQuakes_lake_scproxy.jpg?v=at&w=1280&h=720\",\"variant\":\"1024w\"}],\"lqip\":\"https://s.w-x.co/util/image/v/1636414121904_1108_v2EarthQuakes_lake_scproxy.jpg?v=at&w=73&h=49\",\"provider\":{\"name\":\"TWC\"},\"publishdate\":\"2021-11-08T18:28:52.000-05:00\",\"icon\":\"video\",\"category\":{\"title\":\"Environment\",\"link\":\"science/environment\"},\"webVideoData\":{\"web\":\"https://v.w-x.co/digital_video/The_Weather_Channel_-_Reach_Engine/a28f5f32-1034-4a45-8718-100d7b897b48/1108_v2EarthQuakes_lake_scmezz_Playlist.m3u8\",\"mweb\":\"https://v.w-x.co/digital_video/The_Weather_Channel_-_Reach_Engine/a28f5f32-1034-4a45-8718-100d7b897b48/1108_v2EarthQuakes_lake_scmezz_Playlist.m3u8\"}},{\"headline\":\"Another Storm Bringing Much-Needed Rain, Snow to the West\",\"url\":\"/news/weather/video/parade-of-storms-continues-for-the-west-this-week\",\"caption\":\"\",\"teaserTitle\":\"West Coast Storm Bringing Heavy Rain and Mountain Snow\",\"src\":\"https://s.w-x.co/WestStormsMonPM.jpg\",\"srcSet\":[{\"src\":\"https://s.w-x.co/util/image/w/WestStormsMonPM.jpg?v=at&w=160&h=90\",\"variant\":\"160w\"},{\"src\":\"https://s.w-x.co/util/image/w/WestStormsMonPM.jpg?v=at&w=320&h=180\",\"variant\":\"320w\"},{\"src\":\"https://s.w-x.co/util/image/w/WestStormsMonPM.jpg?v=at&w=815&h=458\",\"variant\":\"815w\"},{\"src\":\"https://s.w-x.co/util/image/w/WestStormsMonPM.jpg?v=at&w=1280&h=720\",\"variant\":\"1024w\"}],\"lqip\":\"https://s.w-x.co/util/image/w/WestStormsMonPM.jpg?v=at&w=73&h=49\",\"provider\":{\"name\":\"TWC\"},\"publishdate\":\"2021-11-08T14:38:07.000-05:00\",\"icon\":\"video\",\"category\":{\"title\":\"Weather News\",\"link\":\"news/weather\"},\"webVideoData\":{\"web\":\"https://v.w-x.co/digital_video/The_Weather_Channel_-_Reach_Engine/ae321414-5d5a-432b-b667-46df3c473c9c/110821_WEST_STORM_PM_UPDATEDmezz_Playlist.m3u8\",\"mweb\":\"https://v.w-x.co/digital_video/The_Weather_Channel_-_Reach_Engine/ae321414-5d5a-432b-b667-46df3c473c9c/110821_WEST_STORM_PM_UPDATEDmezz_Playlist.m3u8\"}},{\"headline\":\"North Georgia Overtaken by Giant Spiders\",\"url\":\"/science/nature/video/north-georgia-overtaken-by-giant-invasive-joro-spiders\",\"caption\":\"\",\"teaserTitle\":\"This Is What a Giant Spider Invasion Looks Like\",\"src\":\"https://v.w-x.co/1636412546305_GIANT_SPIDERS_HAVE_INVADED_GEORGIA_2.jpg\",\"srcSet\":[{\"src\":\"https://s.w-x.co/util/image/v/1636412546305_GIANT_SPIDERS_HAVE_INVADED_GEORGIA_2.jpg?v=at&w=160&h=90\",\"variant\":\"160w\"},{\"src\":\"https://s.w-x.co/util/image/v/1636412546305_GIANT_SPIDERS_HAVE_INVADED_GEORGIA_2.jpg?v=at&w=320&h=180\",\"variant\":\"320w\"},{\"src\":\"https://s.w-x.co/util/image/v/1636412546305_GIANT_SPIDERS_HAVE_INVADED_GEORGIA_2.jpg?v=at&w=815&h=458\",\"variant\":\"815w\"},{\"src\":\"https://s.w-x.co/util/image/v/1636412546305_GIANT_SPIDERS_HAVE_INVADED_GEORGIA_2.jpg?v=at&w=1280&h=720\",\"variant\":\"1024w\"}],\"lqip\":\"https://s.w-x.co/util/image/v/1636412546305_GIANT_SPIDERS_HAVE_INVADED_GEORGIA_2.jpg?v=at&w=73&h=49\",\"provider\":{\"name\":\"TWC\"},\"publishdate\":\"2021-11-08T18:02:37.000-05:00\",\"icon\":\"video\",\"category\":{\"title\":\"Nature\",\"link\":\"science/nature\"},\"webVideoData\":{\"web\":\"https://v.w-x.co/digital_video/The_Weather_Channel_-_Reach_Engine/2f714d8a-17c2-4ed0-9632-10a7ea0fe3dc/GIANT_SPIDERS_HAVE_INVADED_GEORGIA_2mezz_Playlist.m3u8\",\"mweb\":\"https://v.w-x.co/digital_video/The_Weather_Channel_-_Reach_Engine/2f714d8a-17c2-4ed0-9632-10a7ea0fe3dc/GIANT_SPIDERS_HAVE_INVADED_GEORGIA_2mezz_Playlist.m3u8\"}},{\"headline\":\"Snow Already Causing Accidents in the U.S.\",\"url\":\"/news/weather/video/snow-blankets-washingtons-mountain-passes\",\"caption\":\"\",\"teaserTitle\":\"Big Snow Creates Big Mess in Cascades\",\"src\":\"https://s.w-x.co/CascadesWrecks.jpg\",\"srcSet\":[{\"src\":\"https://s.w-x.co/util/image/w/CascadesWrecks.jpg?v=at&w=160&h=90\",\"variant\":\"160w\"},{\"src\":\"https://s.w-x.co/util/image/w/CascadesWrecks.jpg?v=at&w=320&h=180\",\"variant\":\"320w\"},{\"src\":\"https://s.w-x.co/util/image/w/CascadesWrecks.jpg?v=at&w=815&h=458\",\"variant\":\"815w\"},{\"src\":\"https://s.w-x.co/util/image/w/CascadesWrecks.jpg?v=at&w=1280&h=720\",\"variant\":\"1024w\"}],\"lqip\":\"https://s.w-x.co/util/image/w/CascadesWrecks.jpg?v=at&w=73&h=49\",\"provider\":{\"name\":\"TWC\"},\"publishdate\":\"2021-11-08T14:51:53.000-05:00\",\"icon\":\"video\",\"category\":{\"title\":\"Weather News\",\"link\":\"news/weather\"},\"webVideoData\":{\"web\":\"https://v.w-x.co/digital_video/The_Weather_Channel_-_Reach_Engine/bdb7dbda-3edc-45ff-a570-da33abb65989/SNOWY_MESS_1_mezz_Playlist.m3u8\",\"mweb\":\"https://v.w-x.co/digital_video/The_Weather_Channel_-_Reach_Engine/bdb7dbda-3edc-45ff-a570-da33abb65989/SNOWY_MESS_1_mezz_Playlist.m3u8\"}},{\"headline\":\"Watch: Dramatic Moment Huge Chunk of Glacier Breaks Off\",\"url\":\"/news/trending/video/watch-dramatic-moment-piece-of-glacier-breaks-off\",\"caption\":\"\",\"teaserTitle\":\"Photographer Captures Argentinian Glacier Break\",\"src\":\"https://s.w-x.co/1104glacier.jpg\",\"srcSet\":[{\"src\":\"https://s.w-x.co/util/image/w/1104glacier.jpg?v=at&w=160&h=90\",\"variant\":\"160w\"},{\"src\":\"https://s.w-x.co/util/image/w/1104glacier.jpg?v=at&w=320&h=180\",\"variant\":\"320w\"},{\"src\":\"https://s.w-x.co/util/image/w/1104glacier.jpg?v=at&w=815&h=458\",\"variant\":\"815w\"},{\"src\":\"https://s.w-x.co/util/image/w/1104glacier.jpg?v=at&w=1280&h=720\",\"variant\":\"1024w\"}],\"lqip\":\"https://s.w-x.co/util/image/w/1104glacier.jpg?v=at&w=73&h=49\",\"provider\":{\"name\":\"TWC\"},\"publishdate\":\"2021-11-04T13:08:24.000-04:00\",\"icon\":\"video\",\"category\":{\"title\":\"Trending News\",\"link\":\"news/trending\"},\"webVideoData\":{\"web\":\"https://v.w-x.co/digital_video/The_Weather_Channel_-_Reach_Engine/fb0cbade-45bf-4f4a-9a90-6b65cc0d0deb/GLACIER_BREAKS_OFF_AS_PEOPLE_WATCH_Playlist.m3u8\",\"mweb\":\"https://v.w-x.co/digital_video/The_Weather_Channel_-_Reach_Engine/fb0cbade-45bf-4f4a-9a90-6b65cc0d0deb/GLACIER_BREAKS_OFF_AS_PEOPLE_WATCH_Playlist.m3u8\"}},{\"headline\":\"Presence Increases by Over 4 Times\",\"url\":\"/science/nature/video/monarch-butterflies-are-coming-back-to-california-0\",\"caption\":\"\",\"teaserTitle\":\"Presence in CA Increases by Over 4 Times After Record Low\",\"src\":\"https://s.w-x.co/MonarchButterflies.jpg\",\"srcSet\":[{\"src\":\"https://s.w-x.co/util/image/w/MonarchButterflies.jpg?v=at&w=160&h=90\",\"variant\":\"160w\"},{\"src\":\"https://s.w-x.co/util/image/w/MonarchButterflies.jpg?v=at&w=320&h=180\",\"variant\":\"320w\"},{\"src\":\"https://s.w-x.co/util/image/w/MonarchButterflies.jpg?v=at&w=815&h=458\",\"variant\":\"815w\"},{\"src\":\"https://s.w-x.co/util/image/w/MonarchButterflies.jpg?v=at&w=1280&h=720\",\"variant\":\"1024w\"}],\"lqip\":\"https://s.w-x.co/util/image/w/MonarchButterflies.jpg?v=at&w=73&h=49\",\"provider\":{\"name\":\"TWC\"},\"publishdate\":\"2021-11-05T11:30:21.000-04:00\",\"icon\":\"video\",\"category\":{\"title\":\"Nature\",\"link\":\"science/nature\"},\"webVideoData\":{\"web\":\"https://v.w-x.co/digital_video/The_Weather_Channel_-_Reach_Engine/f8fb7974-bbc5-49e9-bca8-3d7d21a22925/1104_Monarchs_Comeback_California_PM_Studio_Edit_1_mezz_Playlist.m3u8\",\"mweb\":\"https://v.w-x.co/digital_video/The_Weather_Channel_-_Reach_Engine/f8fb7974-bbc5-49e9-bca8-3d7d21a22925/1104_Monarchs_Comeback_California_PM_Studio_Edit_1_mezz_Playlist.m3u8\"}}],\"status\":200,\"statusText\":\"OK\"},\"assetId:348d2d16-9c01-455c-b94f-2696374de595;language:en-US\":{\"loading\":false,\"loaded\":true,\"data\":[{\"headline\":\"International Travelers With COVID-19 Vaccine Return to U.S.\",\"url\":\"/health/coronavirus/video/us-borders-reopen-to-vaccinated-foreign-travelers\",\"caption\":\"\",\"teaserTitle\":\"U.S. Borders Reopen to Vaccinated Foreign Travelers\",\"src\":\"https://s.w-x.co/USTravel.jpg\",\"srcSet\":[{\"src\":\"https://s.w-x.co/util/image/w/USTravel.jpg?v=at&w=160&h=90\",\"variant\":\"160w\"},{\"src\":\"https://s.w-x.co/util/image/w/USTravel.jpg?v=at&w=320&h=180\",\"variant\":\"320w\"},{\"src\":\"https://s.w-x.co/util/image/w/USTravel.jpg?v=at&w=815&h=458\",\"variant\":\"815w\"},{\"src\":\"https://s.w-x.co/util/image/w/USTravel.jpg?v=at&w=1280&h=720\",\"variant\":\"1024w\"}],\"lqip\":\"https://s.w-x.co/util/image/w/USTravel.jpg?v=at&w=73&h=49\",\"provider\":{\"name\":\"TWC\"},\"publishdate\":\"2021-11-08T11:14:23.000-05:00\",\"icon\":\"video\",\"category\":{\"title\":\"Coronavirus\",\"link\":\"health/coronavirus\"},\"webVideoData\":{\"web\":\"https://v.w-x.co/digital_video/The_Weather_Channel_-_Reach_Engine/e9322e7a-c118-485d-a0e2-f3661939fc0c/1108_TRAVEL_RULES_CHANGE_AMmezz_Playlist.m3u8\",\"mweb\":\"https://v.w-x.co/digital_video/The_Weather_Channel_-_Reach_Engine/e9322e7a-c118-485d-a0e2-f3661939fc0c/1108_TRAVEL_RULES_CHANGE_AMmezz_Playlist.m3u8\"}},{\"headline\":\"You'll Never Guess What Floated All the Way to Ireland\",\"url\":\"/news/trending/video/recycling-bin-from-myrtle-beach-ends-up-in-ireland\",\"caption\":\"\",\"teaserTitle\":\"Trash Can Travels 3,500 Miles Across Ocean\",\"src\":\"https://s.w-x.co/ireland118.jpg\",\"srcSet\":[{\"src\":\"https://s.w-x.co/util/image/w/ireland118.jpg?v=at&w=160&h=90\",\"variant\":\"160w\"},{\"src\":\"https://s.w-x.co/util/image/w/ireland118.jpg?v=at&w=320&h=180\",\"variant\":\"320w\"},{\"src\":\"https://s.w-x.co/util/image/w/ireland118.jpg?v=at&w=815&h=458\",\"variant\":\"815w\"},{\"src\":\"https://s.w-x.co/util/image/w/ireland118.jpg?v=at&w=1280&h=720\",\"variant\":\"1024w\"}],\"lqip\":\"https://s.w-x.co/util/image/w/ireland118.jpg?v=at&w=73&h=49\",\"provider\":{\"name\":\"TWC\"},\"publishdate\":\"2021-11-08T18:01:33.000-05:00\",\"icon\":\"video\",\"category\":{\"title\":\"Trending News\",\"link\":\"news/trending\"},\"webVideoData\":{\"web\":\"https://v.w-x.co/digital_video/The_Weather_Channel_-_Reach_Engine/39f192cf-a8b9-422a-a199-908032cae4db/RECYCLING_BIN_FROM_MYRTLE_BEACH_WINDS_UP_IN_IRELANDmezz_Playlist.m3u8\",\"mweb\":\"https://v.w-x.co/digital_video/The_Weather_Channel_-_Reach_Engine/39f192cf-a8b9-422a-a199-908032cae4db/RECYCLING_BIN_FROM_MYRTLE_BEACH_WINDS_UP_IN_IRELANDmezz_Playlist.m3u8\"}},{\"headline\":\"Divers Discover 1,200-Year-Old Canoe in Wisconsin Lake\",\"url\":\"/news/trending/video/divers-discover-1200-year-old-canoe-in-wisconsin-lake\",\"caption\":\"\",\"teaserTitle\":\"Divers Make Remarkable Discovery in Wisconsin Lake\",\"src\":\"https://s.w-x.co/OldCanoe.jpg\",\"srcSet\":[{\"src\":\"https://s.w-x.co/util/image/w/OldCanoe.jpg?v=at&w=160&h=90\",\"variant\":\"160w\"},{\"src\":\"https://s.w-x.co/util/image/w/OldCanoe.jpg?v=at&w=320&h=180\",\"variant\":\"320w\"},{\"src\":\"https://s.w-x.co/util/image/w/OldCanoe.jpg?v=at&w=815&h=458\",\"variant\":\"815w\"},{\"src\":\"https://s.w-x.co/util/image/w/OldCanoe.jpg?v=at&w=1280&h=720\",\"variant\":\"1024w\"}],\"lqip\":\"https://s.w-x.co/util/image/w/OldCanoe.jpg?v=at&w=73&h=49\",\"provider\":{\"name\":\"TWC\"},\"publishdate\":\"2021-11-08T11:35:13.000-05:00\",\"icon\":\"video\",\"category\":{\"title\":\"Trending News\",\"link\":\"news/trending\"},\"webVideoData\":{\"web\":\"https://v.w-x.co/digital_video/The_Weather_Channel_-_Reach_Engine/5a16209d-86a3-4530-94a7-703242f6e628/ARCHAEOLOGISTS_DISCOVER_mezz_Playlist.m3u8\",\"mweb\":\"https://v.w-x.co/digital_video/The_Weather_Channel_-_Reach_Engine/5a16209d-86a3-4530-94a7-703242f6e628/ARCHAEOLOGISTS_DISCOVER_mezz_Playlist.m3u8\"}},{\"headline\":\"Large Waterspout Whips Up Near Major Airport\",\"url\":\"/news/weather/video/large-waterspout-whirls-near-vancouver-airport\",\"caption\":\"\",\"teaserTitle\":\"Rare Waterspout Forms Off Coast of Vancouver\",\"src\":\"https://s.w-x.co/VancouverWaterspout.jpg\",\"srcSet\":[{\"src\":\"https://s.w-x.co/util/image/w/VancouverWaterspout.jpg?v=at&w=160&h=90\",\"variant\":\"160w\"},{\"src\":\"https://s.w-x.co/util/image/w/VancouverWaterspout.jpg?v=at&w=320&h=180\",\"variant\":\"320w\"},{\"src\":\"https://s.w-x.co/util/image/w/VancouverWaterspout.jpg?v=at&w=815&h=458\",\"variant\":\"815w\"},{\"src\":\"https://s.w-x.co/util/image/w/VancouverWaterspout.jpg?v=at&w=1280&h=720\",\"variant\":\"1024w\"}],\"lqip\":\"https://s.w-x.co/util/image/w/VancouverWaterspout.jpg?v=at&w=73&h=49\",\"provider\":{\"name\":\"TWC\"},\"publishdate\":\"2021-11-08T10:29:23.000-05:00\",\"icon\":\"video\",\"category\":{\"title\":\"Weather News\",\"link\":\"news/weather\"},\"webVideoData\":{\"web\":\"https://v.w-x.co/digital_video/The_Weather_Channel_-_Reach_Engine/de9897cf-71ed-4866-ba86-5896d91f44d6/v3_Large_Waterspout_Whirls_Near_Vancouver_Airport_mezz_Playlist.m3u8\",\"mweb\":\"https://v.w-x.co/digital_video/The_Weather_Channel_-_Reach_Engine/de9897cf-71ed-4866-ba86-5896d91f44d6/v3_Large_Waterspout_Whirls_Near_Vancouver_Airport_mezz_Playlist.m3u8\"}},{\"headline\":\"Mounds of Toxic Foam Fill River as Religious Festival Begins\",\"url\":\"/science/environment/video/indias-yamuna-river-covered-in-toxic-foam-as-revelers-bathe-in-its\",\"caption\":\"\",\"teaserTitle\":\"Revelers Brave Toxic Foam as Hindu Festival Begins in Delhi\",\"src\":\"https://s.w-x.co/YamunaRiver.jpg\",\"srcSet\":[{\"src\":\"https://s.w-x.co/util/image/w/YamunaRiver.jpg?v=at&w=160&h=90\",\"variant\":\"160w\"},{\"src\":\"https://s.w-x.co/util/image/w/YamunaRiver.jpg?v=at&w=320&h=180\",\"variant\":\"320w\"},{\"src\":\"https://s.w-x.co/util/image/w/YamunaRiver.jpg?v=at&w=815&h=458\",\"variant\":\"815w\"},{\"src\":\"https://s.w-x.co/util/image/w/YamunaRiver.jpg?v=at&w=1280&h=720\",\"variant\":\"1024w\"}],\"lqip\":\"https://s.w-x.co/util/image/w/YamunaRiver.jpg?v=at&w=73&h=49\",\"provider\":{\"name\":\"TWC\"},\"publishdate\":\"2021-11-08T08:00:42.000-05:00\",\"icon\":\"video\",\"category\":{\"title\":\"Environment\",\"link\":\"science/environment\"},\"webVideoData\":{\"web\":\"https://v.w-x.co/digital_video/The_Weather_Channel_-_Reach_Engine/c80061b0-a232-4772-80d5-87b546d82696/1108_TOXIC_RIVER_FOAM_AMmezz_Playlist.m3u8\",\"mweb\":\"https://v.w-x.co/digital_video/The_Weather_Channel_-_Reach_Engine/c80061b0-a232-4772-80d5-87b546d82696/1108_TOXIC_RIVER_FOAM_AMmezz_Playlist.m3u8\"}},{\"headline\":\"Watch as Landslide Almost Buries Drivers\",\"url\":\"/news/weather/video/philippines-landslide-almost-buries-drivers\",\"caption\":\"\",\"teaserTitle\":\"Watch as Landslide Almost Buries Drivers\",\"src\":\"https://s.w-x.co/1105landslide.jpg\",\"srcSet\":[{\"src\":\"https://s.w-x.co/util/image/w/1105landslide.jpg?v=at&w=160&h=90\",\"variant\":\"160w\"},{\"src\":\"https://s.w-x.co/util/image/w/1105landslide.jpg?v=at&w=320&h=180\",\"variant\":\"320w\"},{\"src\":\"https://s.w-x.co/util/image/w/1105landslide.jpg?v=at&w=815&h=458\",\"variant\":\"815w\"},{\"src\":\"https://s.w-x.co/util/image/w/1105landslide.jpg?v=at&w=1280&h=720\",\"variant\":\"1024w\"}],\"lqip\":\"https://s.w-x.co/util/image/w/1105landslide.jpg?v=at&w=73&h=49\",\"provider\":{\"name\":\"TWC\"},\"publishdate\":\"2021-11-05T13:27:23.000-04:00\",\"icon\":\"video\",\"category\":{\"title\":\"Weather News\",\"link\":\"news/weather\"},\"webVideoData\":{\"web\":\"https://v.w-x.co/digital_video/The_Weather_Channel_-_Reach_Engine/f05cbc9e-1356-4c1e-8447-76ef1491cdef/PHILIPPINES_LANDSLIDE_BLOCKS_ROAD_Playlist.m3u8\",\"mweb\":\"https://v.w-x.co/digital_video/The_Weather_Channel_-_Reach_Engine/f05cbc9e-1356-4c1e-8447-76ef1491cdef/PHILIPPINES_LANDSLIDE_BLOCKS_ROAD_Playlist.m3u8\"}},{\"headline\":\"This Bizarre Mummy Cake Survived WWII Bombing\",\"url\":\"/news/trending/video/cake-oddly-survives-word-war-ii-bombing\",\"caption\":\"\",\"teaserTitle\":\"Bizarre Mummy Cake Survives WWII Bombing\",\"src\":\"https://s.w-x.co/1104cake.jpg\",\"srcSet\":[{\"src\":\"https://s.w-x.co/util/image/w/1104cake.jpg?v=at&w=160&h=90\",\"variant\":\"160w\"},{\"src\":\"https://s.w-x.co/util/image/w/1104cake.jpg?v=at&w=320&h=180\",\"variant\":\"320w\"},{\"src\":\"https://s.w-x.co/util/image/w/1104cake.jpg?v=at&w=815&h=458\",\"variant\":\"815w\"},{\"src\":\"https://s.w-x.co/util/image/w/1104cake.jpg?v=at&w=1280&h=720\",\"variant\":\"1024w\"}],\"lqip\":\"https://s.w-x.co/util/image/w/1104cake.jpg?v=at&w=73&h=49\",\"provider\":{\"name\":\"TWC\"},\"publishdate\":\"2021-11-04T17:15:37.000-04:00\",\"icon\":\"video\",\"category\":{\"title\":\"Trending News\",\"link\":\"news/trending\"},\"webVideoData\":{\"web\":\"https://v.w-x.co/digital_video/The_Weather_Channel_-_Reach_Engine/60a41a85-9922-496c-8b2b-e3c5300cbaa4/1104_CakeThatSurvivedWWIIBombingRaid_TEXT_mezz_Playlist.m3u8\",\"mweb\":\"https://v.w-x.co/digital_video/The_Weather_Channel_-_Reach_Engine/60a41a85-9922-496c-8b2b-e3c5300cbaa4/1104_CakeThatSurvivedWWIIBombingRaid_TEXT_mezz_Playlist.m3u8\"}}],\"status\":200,\"statusText\":\"OK\"},\"assetId:9433667c-ffe0-4051-80ef-8f581491cf00;language:en-US\":{\"loading\":false,\"loaded\":true,\"data\":[{\"headline\":\"National Forecast and Current Conditions\",\"icon\":\"\",\"caption\":\"\",\"url\":\"https://weather.com/forecast/news/2014-10-31-national-forecast-20141009\",\"category\":{},\"src\":\"https://s.w-x.co/staticmaps/us_wxhi1_1280x720.jpg\",\"srcSet\":[]}],\"status\":200,\"statusText\":\"OK\"},\"assetId:97094815-e4c6-4576-8b10-1a0d31327990;language:en-US\":{\"loading\":false,\"loaded\":true,\"data\":[{\"headline\":\"9 Things to Keep In Your Car as It Gets Cold\",\"url\":\"/safety/winter/news/2021-10-21-9-things-keep-car-gets-cold\",\"caption\":\"\",\"teaserTitle\":\"9 Things to Keep In Your Car as It Gets Cold\",\"src\":\"https://s.w-x.co/GettyImages-700712801.jpg\",\"srcSet\":[{\"src\":\"https://s.w-x.co/util/image/w/GettyImages-700712801.jpg?v=at&w=160&h=90\",\"variant\":\"160w\"},{\"src\":\"https://s.w-x.co/util/image/w/GettyImages-700712801.jpg?v=at&w=320&h=180\",\"variant\":\"320w\"},{\"src\":\"https://s.w-x.co/util/image/w/GettyImages-700712801.jpg?v=at&w=815&h=458\",\"variant\":\"815w\"},{\"src\":\"https://s.w-x.co/util/image/w/GettyImages-700712801.jpg?v=at&w=1280&h=720\",\"variant\":\"1024w\"}],\"lqip\":\"https://s.w-x.co/util/image/w/GettyImages-700712801.jpg?v=at&w=73&h=49\",\"provider\":{\"name\":\"weather.com\"},\"publishdate\":\"2021-10-21T11:28:46.000-04:00\",\"icon\":\"photo\",\"category\":{\"title\":\"Winter Safety and Preparedness\",\"link\":\"safety/winter\"},\"webVideoData\":{\"web\":\"\",\"mweb\":\"\"}},{\"headline\":\"14 Steps You Should Take To Prepare for a Winter Storm\",\"url\":\"/safety/winter/news/2019-01-29-how-to-prepare-for-blizzards\",\"caption\":\"\",\"teaserTitle\":\"14 Steps You Should Take To Prepare for a Winter Storm\",\"src\":\"https://s.w-x.co/gettyimages-897257674.jpg\",\"srcSet\":[{\"src\":\"https://s.w-x.co/util/image/w/gettyimages-897257674.jpg?v=at&w=160&h=90\",\"variant\":\"160w\"},{\"src\":\"https://s.w-x.co/util/image/w/gettyimages-897257674.jpg?v=at&w=320&h=180\",\"variant\":\"320w\"},{\"src\":\"https://s.w-x.co/util/image/w/gettyimages-897257674.jpg?v=at&w=815&h=458\",\"variant\":\"815w\"},{\"src\":\"https://s.w-x.co/util/image/w/gettyimages-897257674.jpg?v=at&w=1280&h=720\",\"variant\":\"1024w\"}],\"lqip\":\"https://s.w-x.co/util/image/w/gettyimages-897257674.jpg?v=at&w=73&h=49\",\"provider\":{\"name\":\"weather.com\"},\"publishdate\":\"2021-01-25T09:47:00.000-05:00\",\"icon\":\"photo\",\"category\":{\"title\":\"Winter Safety and Preparedness\",\"link\":\"safety/winter\"},\"webVideoData\":{\"web\":\"\",\"mweb\":\"\"}},{\"headline\":\"Ice 101: How to Navigate It on Foot and in Your Car\",\"url\":\"/safety/winter/video/ice-101-how-to-navigate-it-on-foot-and-in-your-car\",\"caption\":\"\",\"teaserTitle\":\"You Can Avoid Those Unfortunate Slips This Year\",\"src\":\"https://v.w-x.co/1605816683882_1119_-_ICE_101_-_SAFETY_TEXT.jpg\",\"srcSet\":[{\"src\":\"https://s.w-x.co/util/image/v/1605816683882_1119_-_ICE_101_-_SAFETY_TEXT.jpg?v=at&w=160&h=90\",\"variant\":\"160w\"},{\"src\":\"https://s.w-x.co/util/image/v/1605816683882_1119_-_ICE_101_-_SAFETY_TEXT.jpg?v=at&w=320&h=180\",\"variant\":\"320w\"},{\"src\":\"https://s.w-x.co/util/image/v/1605816683882_1119_-_ICE_101_-_SAFETY_TEXT.jpg?v=at&w=815&h=458\",\"variant\":\"815w\"},{\"src\":\"https://s.w-x.co/util/image/v/1605816683882_1119_-_ICE_101_-_SAFETY_TEXT.jpg?v=at&w=1280&h=720\",\"variant\":\"1024w\"}],\"lqip\":\"https://s.w-x.co/util/image/v/1605816683882_1119_-_ICE_101_-_SAFETY_TEXT.jpg?v=at&w=73&h=49\",\"provider\":{\"name\":\"TWC\"},\"publishdate\":\"2020-11-19T15:11:34.000-05:00\",\"icon\":\"video\",\"category\":{\"title\":\"Winter Safety and Preparedness\",\"link\":\"safety/winter\"},\"webVideoData\":{\"web\":\"https://v.w-x.co/digital_video/The_Weather_Channel_-_Reach_Engine/2682d710-d1b3-4c61-9289-7a35e837b319/1119_-_ICE_101_-_SAFETY_TEXT_Playlist.m3u8\",\"mweb\":\"https://v.w-x.co/digital_video/The_Weather_Channel_-_Reach_Engine/2682d710-d1b3-4c61-9289-7a35e837b319/1119_-_ICE_101_-_SAFETY_TEXT_Playlist.m3u8\"}},{\"headline\":\"Are the Trees Near Your House a Hazard?\",\"url\":\"/safety/news/2019-10-18-are-trees-near-house-hazard\",\"caption\":\"\",\"teaserTitle\":\"What You Can Do About Hazardous Trees On Your Property\",\"src\":\"https://s.w-x.co/GettyImages-459247329.jpg\",\"srcSet\":[{\"src\":\"https://s.w-x.co/util/image/w/GettyImages-459247329.jpg?v=at&w=160&h=90\",\"variant\":\"160w\"},{\"src\":\"https://s.w-x.co/util/image/w/GettyImages-459247329.jpg?v=at&w=320&h=180\",\"variant\":\"320w\"},{\"src\":\"https://s.w-x.co/util/image/w/GettyImages-459247329.jpg?v=at&w=815&h=458\",\"variant\":\"815w\"},{\"src\":\"https://s.w-x.co/util/image/w/GettyImages-459247329.jpg?v=at&w=1280&h=720\",\"variant\":\"1024w\"}],\"lqip\":\"https://s.w-x.co/util/image/w/GettyImages-459247329.jpg?v=at&w=73&h=49\",\"provider\":{\"name\":\"weather.com\"},\"publishdate\":\"2020-10-19T10:15:52.000-04:00\",\"icon\":\"photo\",\"category\":{\"title\":\"Safety and Preparedness\",\"link\":\"safety\"},\"webVideoData\":{\"web\":\"\",\"mweb\":\"\"}}],\"status\":200,\"statusText\":\"OK\"},\"assetId:0275875d-4b11-45fe-a653-bc5817088c16;language:en-US\":{\"loading\":false,\"loaded\":true,\"data\":[{\"headline\":\"Delhi Plunges into Toxic Smog Days After Diwali Celebrations (PHOTOS)\",\"url\":\"/photos/news/2021-11-08-delhi-india-smog-photos\",\"caption\":\"India's capital has been dealing with days of smog after residents defied a fireworks ban in celebration of Diwali.\",\"teaserTitle\":\"Delhi Plunges into Toxic Smog Days After Diwali Celebrations (PHOTOS)\",\"src\":\"https://s.w-x.co/GettyImages-1236419606.jpg\",\"srcSet\":[{\"src\":\"https://s.w-x.co/util/image/w/GettyImages-1236419606.jpg?v=at&w=160&h=90\",\"variant\":\"160w\"},{\"src\":\"https://s.w-x.co/util/image/w/GettyImages-1236419606.jpg?v=at&w=320&h=180\",\"variant\":\"320w\"},{\"src\":\"https://s.w-x.co/util/image/w/GettyImages-1236419606.jpg?v=at&w=815&h=458\",\"variant\":\"815w\"},{\"src\":\"https://s.w-x.co/util/image/w/GettyImages-1236419606.jpg?v=at&w=1280&h=720\",\"variant\":\"1024w\"}],\"lqip\":\"https://s.w-x.co/util/image/w/GettyImages-1236419606.jpg?v=at&w=73&h=49\",\"provider\":{\"name\":\"weather.com\"},\"publishdate\":\"2021-11-08T14:13:37.000-05:00\",\"icon\":\"photo\",\"category\":{\"link\":\"\",\"title\":\"\"},\"webVideoData\":{\"web\":\"\",\"mweb\":\"\"}},{\"headline\":\"Protests Spread Across Europe as COP26 Continues into Second Week (PHOTOS)\",\"url\":\"/photos/news/2021-11-01-cop26-un-climate-change-conference-protest-photos\",\"caption\":\"Protests continued across Europe this weekend as COP26, the 2021 United Nations Climate Change Conference, headed into its second week.\",\"teaserTitle\":\"Protests Spread Across Europe as COP26 Continues into Second Week (PHOTOS)\",\"src\":\"https://s.w-x.co/GettyImages-1236412565.jpg\",\"srcSet\":[{\"src\":\"https://s.w-x.co/util/image/w/GettyImages-1236412565.jpg?v=at&w=160&h=90\",\"variant\":\"160w\"},{\"src\":\"https://s.w-x.co/util/image/w/GettyImages-1236412565.jpg?v=at&w=320&h=180\",\"variant\":\"320w\"},{\"src\":\"https://s.w-x.co/util/image/w/GettyImages-1236412565.jpg?v=at&w=815&h=458\",\"variant\":\"815w\"},{\"src\":\"https://s.w-x.co/util/image/w/GettyImages-1236412565.jpg?v=at&w=1280&h=720\",\"variant\":\"1024w\"}],\"lqip\":\"https://s.w-x.co/util/image/w/GettyImages-1236412565.jpg?v=at&w=73&h=49\",\"provider\":{\"name\":\"weather.com\"},\"publishdate\":\"2021-11-01T15:12:05.000-04:00\",\"icon\":\"photo\",\"category\":{\"link\":\"\",\"title\":\"\"},\"webVideoData\":{\"web\":\"\",\"mweb\":\"\"}},{\"headline\":\"Tourists Wade Through Tidal Flooding in Venice (PHOTOS)\",\"url\":\"/photos/news/2021-11-05-venice-flooding-photos\",\"caption\":\"City data shows that in the last two decades, there have been nearly as many tides greater than 3.6 feet in Venice as during the previous 100 years.\",\"teaserTitle\":\"Tourists Wade Through Tidal Flooding in Venice (PHOTOS)\",\"src\":\"https://s.w-x.co/AP21309447064210.jpg\",\"srcSet\":[{\"src\":\"https://s.w-x.co/util/image/w/AP21309447064210.jpg?v=at&w=160&h=90\",\"variant\":\"160w\"},{\"src\":\"https://s.w-x.co/util/image/w/AP21309447064210.jpg?v=at&w=320&h=180\",\"variant\":\"320w\"},{\"src\":\"https://s.w-x.co/util/image/w/AP21309447064210.jpg?v=at&w=815&h=458\",\"variant\":\"815w\"},{\"src\":\"https://s.w-x.co/util/image/w/AP21309447064210.jpg?v=at&w=1280&h=720\",\"variant\":\"1024w\"}],\"lqip\":\"https://s.w-x.co/util/image/w/AP21309447064210.jpg?v=at&w=73&h=49\",\"provider\":{\"name\":\"weather.com\"},\"publishdate\":\"2021-11-05T13:46:33.000-04:00\",\"icon\":\"photo\",\"category\":{\"link\":\"\",\"title\":\"\"},\"webVideoData\":{\"web\":\"\",\"mweb\":\"\"}},{\"headline\":\"Brilliant Aurora Graced Northern U.S. Skies Wednesday Night (PHOTOS)\",\"url\":\"/photos/news/2021-11-04-aurora-borealis-us-photos\",\"caption\":\"Stargazers in some lucky locations were able to view the Aurora borealis Wednesday night and early Thursday.\",\"teaserTitle\":\"Brilliant Aurora Graced Northern U.S. Skies Wednesday Night (PHOTOS)\",\"src\":\"https://s.w-x.co/FDU_2XLWUAEUdQb.jpeg\",\"srcSet\":[{\"src\":\"https://s.w-x.co/util/image/w/FDU_2XLWUAEUdQb.jpeg?v=at&w=160&h=90\",\"variant\":\"160w\"},{\"src\":\"https://s.w-x.co/util/image/w/FDU_2XLWUAEUdQb.jpeg?v=at&w=320&h=180\",\"variant\":\"320w\"},{\"src\":\"https://s.w-x.co/util/image/w/FDU_2XLWUAEUdQb.jpeg?v=at&w=815&h=458\",\"variant\":\"815w\"},{\"src\":\"https://s.w-x.co/util/image/w/FDU_2XLWUAEUdQb.jpeg?v=at&w=1280&h=720\",\"variant\":\"1024w\"}],\"lqip\":\"https://s.w-x.co/util/image/w/FDU_2XLWUAEUdQb.jpeg?v=at&w=73&h=49\",\"provider\":{\"name\":\"weather.com\"},\"publishdate\":\"2021-11-04T11:40:59.000-04:00\",\"icon\":\"photo\",\"category\":{\"link\":\"\",\"title\":\"\"},\"webVideoData\":{\"web\":\"\",\"mweb\":\"\"}},{\"headline\":\"One Non-Profit's Quest to Save the Sequoias After a Devastating Wildfire Season (PHOTOS)\",\"url\":\"/photos/news/2021-11-02-sequoias-wildfire-recovery-photos\",\"caption\":\"There is no record of giant sequoias burning before 2015.\",\"teaserTitle\":\"One Non-Profit's Quest to Save the Sequoias After a Devastating Wildfire Season (PHOTOS)\",\"src\":\"https://s.w-x.co/AP21305838942631.jpg\",\"srcSet\":[{\"src\":\"https://s.w-x.co/util/image/w/AP21305838942631.jpg?v=at&w=160&h=90\",\"variant\":\"160w\"},{\"src\":\"https://s.w-x.co/util/image/w/AP21305838942631.jpg?v=at&w=320&h=180\",\"variant\":\"320w\"},{\"src\":\"https://s.w-x.co/util/image/w/AP21305838942631.jpg?v=at&w=815&h=458\",\"variant\":\"815w\"},{\"src\":\"https://s.w-x.co/util/image/w/AP21305838942631.jpg?v=at&w=1280&h=720\",\"variant\":\"1024w\"}],\"lqip\":\"https://s.w-x.co/util/image/w/AP21305838942631.jpg?v=at&w=73&h=49\",\"provider\":{\"name\":\"weather.com\"},\"publishdate\":\"2021-11-02T15:29:05.000-04:00\",\"icon\":\"photo\",\"category\":{\"link\":\"\",\"title\":\"\"},\"webVideoData\":{\"web\":\"\",\"mweb\":\"\"}},{\"headline\":\"Photos Show Buildings Buried in Ash by Canary Island Volcano\",\"url\":\"/photos/news/2021-11-01-ash-canary-island-volcano-la-palma-photos\",\"caption\":\"Residents in five of La Palma's municipalities were advised to stay indoors due to the lava flows and poor air quality.\",\"teaserTitle\":\"Photos Show Buildings Buried in Ash by Canary Island Volcano\",\"src\":\"https://s.w-x.co/AP21303560123723.jpg\",\"srcSet\":[{\"src\":\"https://s.w-x.co/util/image/w/AP21303560123723.jpg?v=at&w=160&h=90\",\"variant\":\"160w\"},{\"src\":\"https://s.w-x.co/util/image/w/AP21303560123723.jpg?v=at&w=320&h=180\",\"variant\":\"320w\"},{\"src\":\"https://s.w-x.co/util/image/w/AP21303560123723.jpg?v=at&w=815&h=458\",\"variant\":\"815w\"},{\"src\":\"https://s.w-x.co/util/image/w/AP21303560123723.jpg?v=at&w=1280&h=720\",\"variant\":\"1024w\"}],\"lqip\":\"https://s.w-x.co/util/image/w/AP21303560123723.jpg?v=at&w=73&h=49\",\"provider\":{\"name\":\"weather.com\"},\"publishdate\":\"2021-11-01T10:56:45.000-04:00\",\"icon\":\"photo\",\"category\":{\"link\":\"\",\"title\":\"\"},\"webVideoData\":{\"web\":\"\",\"mweb\":\"\"}},{\"headline\":\"Tidal Flooding Inundates Mid-Atlantic (PHOTOS)\",\"url\":\"/photos/news/2021-10-29-tidal-flooding-mid-atlantic-photos\",\"caption\":\"The floods, fueled by rain and the heavy winds of the second storm this week moving already-high tides, could be the highest since 2003's Hurricane Isabel in some areas.\",\"teaserTitle\":\"Tidal Flooding Inundates Mid-Atlantic (PHOTOS)\",\"src\":\"https://s.w-x.co/AP21302637311857.jpg\",\"srcSet\":[{\"src\":\"https://s.w-x.co/util/image/w/AP21302637311857.jpg?v=at&w=160&h=90\",\"variant\":\"160w\"},{\"src\":\"https://s.w-x.co/util/image/w/AP21302637311857.jpg?v=at&w=320&h=180\",\"variant\":\"320w\"},{\"src\":\"https://s.w-x.co/util/image/w/AP21302637311857.jpg?v=at&w=815&h=458\",\"variant\":\"815w\"},{\"src\":\"https://s.w-x.co/util/image/w/AP21302637311857.jpg?v=at&w=1280&h=720\",\"variant\":\"1024w\"}],\"lqip\":\"https://s.w-x.co/util/image/w/AP21302637311857.jpg?v=at&w=73&h=49\",\"provider\":{\"name\":\"weather.com\"},\"publishdate\":\"2021-10-29T14:29:20.000-04:00\",\"icon\":\"photo\",\"category\":{\"link\":\"\",\"title\":\"\"},\"webVideoData\":{\"web\":\"\",\"mweb\":\"\"}},{\"headline\":\"Photos from Hurricane Rick After Mexico Landfall\",\"url\":\"/photos/news/2021-10-27-hurricane-rick-mexico-photos\",\"caption\":\"Hurricane Rick was downgraded to a tropical depression after making a Category 2 landfall.\",\"teaserTitle\":\"Photos from Hurricane Rick After Mexico Landfall\",\"src\":\"https://s.w-x.co/AP21299778040319.jpg\",\"srcSet\":[{\"src\":\"https://s.w-x.co/util/image/w/AP21299778040319.jpg?v=at&w=160&h=90\",\"variant\":\"160w\"},{\"src\":\"https://s.w-x.co/util/image/w/AP21299778040319.jpg?v=at&w=320&h=180\",\"variant\":\"320w\"},{\"src\":\"https://s.w-x.co/util/image/w/AP21299778040319.jpg?v=at&w=815&h=458\",\"variant\":\"815w\"},{\"src\":\"https://s.w-x.co/util/image/w/AP21299778040319.jpg?v=at&w=1280&h=720\",\"variant\":\"1024w\"}],\"lqip\":\"https://s.w-x.co/util/image/w/AP21299778040319.jpg?v=at&w=73&h=49\",\"provider\":{\"name\":\"weather.com\"},\"publishdate\":\"2021-10-27T13:24:22.000-04:00\",\"icon\":\"photo\",\"category\":{\"link\":\"\",\"title\":\"\"},\"webVideoData\":{\"web\":\"\",\"mweb\":\"\"}}],\"status\":200,\"statusText\":\"OK\"},\"assetId:7d7ca9dd-ea1c-4299-af08-063bfb8eb2fc;language:en-US\":{\"loading\":false,\"loaded\":true,\"data\":[{\"headline\":\"Keep Your Coffee Warm With The Smart Press Heating Cup Coaster, Just $26\",\"url\":\"/deals/stackcommerce/news/2021-10-19-smart-press-heating-cup-coaster\",\"caption\":\"\",\"teaserTitle\":\"Keep Your Coffee Warm With The Smart Press Heating Cup Coaster, Just $26\",\"src\":\"https://s.w-x.co/bunnyearscoaster.jpeg\",\"srcSet\":[{\"src\":\"https://s.w-x.co/util/image/w/bunnyearscoaster.jpeg?v=at&w=160&h=90\",\"variant\":\"160w\"},{\"src\":\"https://s.w-x.co/util/image/w/bunnyearscoaster.jpeg?v=at&w=320&h=180\",\"variant\":\"320w\"},{\"src\":\"https://s.w-x.co/util/image/w/bunnyearscoaster.jpeg?v=at&w=815&h=458\",\"variant\":\"815w\"},{\"src\":\"https://s.w-x.co/util/image/w/bunnyearscoaster.jpeg?v=at&w=1280&h=720\",\"variant\":\"1024w\"}],\"lqip\":\"https://s.w-x.co/util/image/w/bunnyearscoaster.jpeg?v=at&w=73&h=49\",\"provider\":{\"name\":\"weather.com\"},\"publishdate\":\"2021-10-19T09:56:45.000-04:00\",\"icon\":\"photo\",\"category\":{\"title\":\"Sponsored Content\",\"link\":\"deals/stackcommerce\"},\"webVideoData\":{\"web\":\"\",\"mweb\":\"\"}}],\"status\":200,\"statusText\":\"OK\"}},\"getSUNv2TropicalObservationCurrentPositionSourceAndBasinOnlyUrlConfig\":{\"basin:all;language:en-US;nautical:false;source:default;units:e\":{\"loading\":false,\"loaded\":true,\"data\":{\"metadata\":{\"language\":\"en-US\",\"transaction_id\":\"1636450845192:-126750451\",\"version\":\"2\",\"nautical\":\"false\",\"format\":\"json\",\"units\":\"e\",\"basin\":\"all\",\"source\":\"default\",\"expire_time_gmt\":1636472445,\"status_code\":200},\"advisoryinfo\":[{\"storm_key\":\"8e469796c93e322bbbb93f1f17ed2dcb\",\"storm_id\":\"AL212021\",\"storm_number\":\"21\",\"storm_name\":\"Wanda\",\"alternate_storm_name\":null,\"source\":\"NHC\",\"dsgnt_source\":true,\"basin\":\"AL\",\"issue_office\":\"KNHC\",\"wmo_id\":\"WTNT21\",\"pil\":\"TCM\",\"bulletin_id\":\"97a558d29944661c1527ba59090b2b26\",\"related_bulletin_id\":\"40cadee167719d8131fbe303572a3915\",\"issue_dt_tm\":\"2021-11-07T14:44:00Z\",\"issue_dt_tm_tz_cd\":\"Etc/UTC\",\"issue_dt_tm_tz_abbrv\":\"UTC\",\"adv_num\":\"31\",\"adv_dt_tm\":\"2021-11-07T15:00:00Z\",\"adv_dt_tm_tz_cd\":\"Etc/GMT\",\"adv_dt_tm_tz_abbrv\":\"GMT\",\"nxt_cmplt_advsry_dt_tm\":null,\"nxt_cmplt_advsry_dt_tm_tz_cd\":null,\"nxt_cmplt_advsry_dt_tm_tz_abbrv\":null,\"nxt_intrmdt_advsry_dt_tm\":null,\"nxt_intrmdt_advsry_dt_tm_tz_cd\":null,\"nxt_intrmdt_advsry_dt_tm_tz_abbrv\":null,\"process_time_gmt\":1636296279,\"expire_time_gmt\":1636902000,\"final_advisory\":true,\"alternate_final_advisory\":false,\"currentposition\":{\"lat\":40.2,\"lat_hemisphere\":\"N\",\"lon\":-33.5,\"lon_hemisphere\":\"W\",\"storm_type_cd\":\"PT\",\"storm_type\":\"Post-Tropical Cyclone\",\"storm_sub_type_cd\":null,\"storm_sub_type\":null,\"headline\":[\"WANDA BECOMES A POST-TROPICAL CYCLONE\",\"THIS IS THE FINAL ADVISORY\"],\"min_pressure\":29.62,\"max_sustained_wind\":40,\"wind_gust\":50,\"heading\":{\"storm_dir\":\"45\",\"storm_dir_cardinal\":\"NE\",\"storm_spd\":25},\"nearby_loc\":[{\"loc_nm\":\"THE AZORES\",\"dist\":380,\"dir_cardinal\":\"WNW\",\"city_nm\":null,\"st_cd\":null}],\"wind_radii\":[{\"radii_wspd\":39,\"NE\":0,\"SE\":69,\"SW\":0,\"NW\":0}],\"sea_radii\":{\"wave_height\":12,\"NE\":92,\"SE\":138,\"SW\":104,\"NW\":69}}},{\"storm_key\":\"dc918edeab868d8d7bca7ebd64db6159\",\"storm_id\":\"EP182021\",\"storm_number\":\"18\",\"storm_name\":\"Terry\",\"alternate_storm_name\":null,\"source\":\"NHC\",\"dsgnt_source\":true,\"basin\":\"EP\",\"issue_office\":\"KNHC\",\"wmo_id\":\"WTPZ23\",\"pil\":\"TCM\",\"bulletin_id\":\"e0a24f4c26c838fdc4de9cf873e864b8\",\"related_bulletin_id\":\"1af24ae6dc30a0c4aec4a67515d17c92\",\"issue_dt_tm\":\"2021-11-09T08:32:00Z\",\"issue_dt_tm_tz_cd\":\"Etc/UTC\",\"issue_dt_tm_tz_abbrv\":\"UTC\",\"adv_num\":\"20\",\"adv_dt_tm\":\"2021-11-09T02:00:00-07:00\",\"adv_dt_tm_tz_cd\":\"America/Denver\",\"adv_dt_tm_tz_abbrv\":\"MST\",\"nxt_cmplt_advsry_dt_tm\":\"2021-11-09T08:00:00-07:00\",\"nxt_cmplt_advsry_dt_tm_tz_cd\":\"America/Denver\",\"nxt_cmplt_advsry_dt_tm_tz_abbrv\":\"MST\",\"nxt_intrmdt_advsry_dt_tm\":null,\"nxt_intrmdt_advsry_dt_tm_tz_cd\":null,\"nxt_intrmdt_advsry_dt_tm_tz_abbrv\":null,\"process_time_gmt\":1636446758,\"expire_time_gmt\":1637053200,\"final_advisory\":false,\"alternate_final_advisory\":false,\"currentposition\":{\"lat\":11.1,\"lat_hemisphere\":\"N\",\"lon\":-110.4,\"lon_hemisphere\":\"W\",\"storm_type_cd\":\"TD\",\"storm_type\":\"Tropical Depression\",\"storm_sub_type_cd\":null,\"storm_sub_type\":null,\"headline\":[\"TERRY MOVING WESTWARD WITH NO CHANGE IN STRENGTH\"],\"min_pressure\":29.74,\"max_sustained_wind\":35,\"wind_gust\":45,\"heading\":{\"storm_dir\":\"280\",\"storm_dir_cardinal\":\"W\",\"storm_spd\":14},\"nearby_loc\":[{\"loc_nm\":\"THE SOUTHERN TIP OF BAJA CALIFORNIA\",\"dist\":815,\"dir_cardinal\":\"S\",\"city_nm\":null,\"st_cd\":null}],\"wind_radii\":[],\"sea_radii\":null}},{\"storm_key\":\"2a41c16fededd0306626926fa8eef852\",\"storm_id\":\"EP192021\",\"storm_number\":\"19\",\"storm_name\":\"Sandra\",\"alternate_storm_name\":null,\"source\":\"NHC\",\"dsgnt_source\":true,\"basin\":\"EP\",\"issue_office\":\"KNHC\",\"wmo_id\":\"WTPZ24\",\"pil\":\"TCM\",\"bulletin_id\":\"c14e1c37d3bf89bd1d93545e49bcbcad\",\"related_bulletin_id\":\"bee85a8757cd0724f56033903e599423\",\"issue_dt_tm\":\"2021-11-09T08:33:00Z\",\"issue_dt_tm_tz_cd\":\"Etc/UTC\",\"issue_dt_tm_tz_abbrv\":\"UTC\",\"adv_num\":\"8\",\"adv_dt_tm\":\"2021-11-09T01:00:00-08:00\",\"adv_dt_tm_tz_cd\":\"America/Los_Angeles\",\"adv_dt_tm_tz_abbrv\":\"PST\",\"nxt_cmplt_advsry_dt_tm\":\"2021-11-09T07:00:00-08:00\",\"nxt_cmplt_advsry_dt_tm_tz_cd\":\"America/Los_Angeles\",\"nxt_cmplt_advsry_dt_tm_tz_abbrv\":\"PST\",\"nxt_intrmdt_advsry_dt_tm\":null,\"nxt_intrmdt_advsry_dt_tm_tz_cd\":null,\"nxt_intrmdt_advsry_dt_tm_tz_abbrv\":null,\"process_time_gmt\":1636446818,\"expire_time_gmt\":1637053200,\"final_advisory\":false,\"alternate_final_advisory\":false,\"currentposition\":{\"lat\":14.8,\"lat_hemisphere\":\"N\",\"lon\":-119.7,\"lon_hemisphere\":\"W\",\"storm_type_cd\":\"TD\",\"storm_type\":\"Tropical Depression\",\"storm_sub_type_cd\":null,\"storm_sub_type\":null,\"headline\":[\"SANDRA BARELY A TROPICAL DEPRESSION\",\"EXPECTED TO DISSIPATE LATER TODAY\"],\"min_pressure\":29.8,\"max_sustained_wind\":30,\"wind_gust\":40,\"heading\":{\"storm_dir\":\"260\",\"storm_dir_cardinal\":\"W\",\"storm_spd\":14},\"nearby_loc\":[{\"loc_nm\":\"THE SOUTHERN TIP OF BAJA CALIFORNIA\",\"dist\":850,\"dir_cardinal\":\"SW\",\"city_nm\":null,\"st_cd\":null}],\"wind_radii\":[],\"sea_radii\":null}}]},\"status\":200,\"statusText\":\"OK\"}}},\"user\":{\"recentLocations\":[],\"anonymousId\":\"6bd3de09-8fd1-4767-99a9-5d65c32cc14e\",\"userId\":\"\"}}");</script><script>window.__i18n=JSON.parse("{\"ar\":{\"wxu-urls\":{\"airQuality\":\"/${locale}/forecast/air-quality/l/${locId}\",\"alertDetails\":\"/${locale}/weather/alerts/localalerts/l/${locId}\",\"alerts\":\"/${locale}/weather/alerts/localalerts/l/${locId}\",\"allergy\":\"/${locale}/forecast/allergy/l/${locId}\",\"apps\":\"/${locale}/${collectionId}/${assetName}\",\"article\":\"/${locale}/${collectionId}/news/${articleTitle}\",\"betterDecisions\":\"/mission\",\"boatBeach\":\"/${locale}/forecast/boat-beach/l/${locId}\",\"breathing\":\"/${locale}/forecast/breathing/l/${locId}\",\"callforcode\":\"/callforcode\",\"christmasCountdown\":\"/forecast/christmas-countdown/l/${locId}\",\"coldFlu\":\"/${locale}/forecast/cold-flu/l/${locId}\",\"covid19\":\"/${locale}/coronavirus/l/${locId}\",\"covid19map\":\"/${locale}/coronavirus/map/l/${locId}\",\"dataDefinitions\":\"/${locale}/\u062A\u0639\u0631\u064A\u0641\u0627\u062A \u0627\u0644\u0628\u064A\u0627\u0646\u0627\u062A\",\"dataInventory\":\"/${locale}/data-inventory\",\"dataPartners\":\"\u0634\u0631\u0643\u0627\u0621 \u0628\u064A\u0627\u0646\u0627\u062A/${locale}\",\"dataRights\":\"/${locale}/\u062D\u0642\u0648\u0642 \u0627\u0644\u0628\u064A\u0627\u0646\u0627\u062A\",\"farming\":\"/${locale}/forecast/agriculture/l/${locId}\",\"fishing\":\"/${locale}/forecast/fishing/l/${locId}\",\"fiveday\":\"/${locale}/weather/5day/l/${locId}\",\"goRun\":\"/${locale}/forecast/gorun/l/${locId}\",\"home\":\"/${locale}\",\"hourly\":\"/${locale}/weather/hourbyhour/l/${locId}\",\"interactiveMap\":\"/${locale}/weather/radar/interactive/l/${locId}\",\"legal\":\"/${locale}/${collectionId}/${assetName}\",\"maps\":\"/maps/${collectionId}\",\"memberSettings\":\"/${locale}/member/settings\",\"memorialdayCountdown\":\"/forecast/memorial-day-countdown/l/${locId}\",\"mlbCountdown\":\"/${locale}/forecast/opening-day-countdown/l/${locId}\",\"monthly\":\"/${locale}/weather/monthly/l/${locId}\",\"notification\":\"/${locale}/life/manage-notifications\",\"premiumOnboarding\":\"/premium/onboarding\",\"privacyPolicyDirectory\":\"/${locale}/privacy-policy-directory\",\"privacySettings\":\"/${locale}/privacy-settings\",\"radar\":\"/${locale}/weather/radar/interactive/l/${locId}\",\"rss\":\"/rss\",\"search\":\"/${locale}/search/enhancedlocalsearch\",\"ski\":\"/${locale}/forecast/ski/l/${locId}\",\"slideshows\":\"/${locale}/slideshows\",\"tenday\":\"/${locale}/weather/tenday/l/${locId}\",\"testUrl\":\"/${locale}/weather/testUrl\",\"thanksgivingCountdown\":\"/forecast/thanksgiving-countdown/l/${locId}\",\"today\":\"/${locale}/weather/today/l/${locId}\",\"unsubscribe\":\"/${locale}/life/alerts/unsubscribe\",\"video\":\"/${locale}/${collectionId}/video/${videoTitle}\",\"weekend\":\"/${locale}/weather/weekend/l/${locId}\",\"yesterday\":\"//www.wunderground.com/history/daily/${locId}/yesterday\"}},\"az-AZ\":{\"wxu-urls\":{\"airQuality\":\"/${locale}/forecast/air-quality/l/${locId}\",\"alertDetails\":\"/${locale}/weather/alerts/localalerts/l/${locId}\",\"alerts\":\"/${locale}/weather/alerts/localalerts/l/${locId}\",\"allergy\":\"/${locale}/forecast/allergy/l/${locId}\",\"apps\":\"/${locale}/${collectionId}/${assetName}\",\"article\":\"/${locale}/${collectionId}/news/${articleTitle}\",\"betterDecisions\":\"/mission\",\"boatBeach\":\"/${locale}/forecast/boat-beach/l/${locId}\",\"breathing\":\"/${locale}/forecast/breathing/l/${locId}\",\"callforcode\":\"/callforcode\",\"christmasCountdown\":\"/forecast/christmas-countdown/l/${locId}\",\"coldFlu\":\"/${locale}/forecast/cold-flu/l/${locId}\",\"covid19\":\"/${locale}/coronavirus/l/${locId}\",\"covid19map\":\"/${locale}/coronavirus/map/l/${locId}\",\"dataDefinitions\":\"/${locale}/data-definitions\",\"dataInventory\":\"/${locale}/data-inventory\",\"dataPartners\":\"/${locale}/data-partners\",\"dataRights\":\"/${locale}/data-rights\",\"farming\":\"/${locale}/forecast/agriculture/l/${locId}\",\"fishing\":\"/${locale}/forecast/fishing/l/${locId}\",\"fiveday\":\"/${locale}/weather/5day/l/${locId}\",\"goRun\":\"/${locale}/forecast/gorun/l/${locId}\",\"home\":\"/${locale}\",\"hourly\":\"/${locale}/weather/hourbyhour/l/${locId}\",\"interactiveMap\":\"/${locale}/weather/maps/interactive/l/${locId}\",\"legal\":\"/${locale}/${collectionId}/${assetName}\",\"maps\":\"/maps/${collectionId}\",\"memberSettings\":\"/${locale}/member/settings\",\"memorialdayCountdown\":\"/forecast/memorial-day-countdown/l/${locId}\",\"mlbCountdown\":\"/${locale}/forecast/opening-day-countdown/l/${locId}\",\"monthly\":\"/${locale}/weather/monthly/l/${locId}\",\"notification\":\"/${locale}/life/manage-notifications\",\"premiumOnboarding\":\"/premium/onboarding\",\"privacyPolicyDirectory\":\"/${locale}/privacy-policy-directory\",\"privacySettings\":\"/${locale}/privacy-settings\",\"radar\":\"/${locale}/weather/radar/interactive/l/${locId}\",\"rss\":\"/rss\",\"search\":\"/${locale}/search/enhancedlocalsearch\",\"ski\":\"/${locale}/forecast/ski/l/${locId}\",\"slideshows\":\"/${locale}/slideshows\",\"tenday\":\"/${locale}/weather/tenday/l/${locId}\",\"testUrl\":\"/${locale}/weather/testUrl\",\"thanksgivingCountdown\":\"/forecast/thanksgiving-countdown/l/${locId}\",\"today\":\"/${locale}/weather/today/l/${locId}\",\"unsubscribe\":\"/${locale}/life/alerts/unsubscribe\",\"video\":\"/${locale}/${collectionId}/video/${videoTitle}\",\"weekend\":\"/${locale}/weather/weekend/l/${locId}\",\"yesterday\":\"//www.wunderground.com/history/daily/${locId}/yesterday\"}},\"bg-BG\":{\"wxu-urls\":{\"airQuality\":\"/${locale}/forecast/air-quality/l/${locId}\",\"alertDetails\":\"/${locale}/weather/alerts/localalerts/l/${locId}\",\"alerts\":\"/${locale}/weather/alerts/localalerts/l/${locId}\",\"allergy\":\"/${locale}/forecast/allergy/l/${locId}\",\"apps\":\"/${locale}/${collectionId}/${assetName}\",\"article\":\"/${locale}/${collectionId}/news/${articleTitle}\",\"betterDecisions\":\"/mission\",\"boatBeach\":\"/${locale}/forecast/boat-beach/l/${locId}\",\"breathing\":\"/${locale}/forecast/breathing/l/${locId}\",\"callforcode\":\"/callforcode\",\"christmasCountdown\":\"/forecast/christmas-countdown/l/${locId}\",\"coldFlu\":\"/${locale}/forecast/cold-flu/l/${locId}\",\"covid19\":\"/${locale}/coronavirus/l/${locId}\",\"covid19map\":\"/${locale}/coronavirus/map/l/${locId}\",\"dataDefinitions\":\"/${locale}/data-definitions\",\"dataInventory\":\"/${locale}/data-inventory\",\"dataPartners\":\"/${locale}/data-partners\",\"dataRights\":\"/${locale}/data-rights\",\"farming\":\"/${locale}/forecast/agriculture/l/${locId}\",\"fishing\":\"/${locale}/forecast/fishing/l/${locId}\",\"fiveday\":\"/${locale}/weather/5day/l/${locId}\",\"goRun\":\"/${locale}/forecast/gorun/l/${locId}\",\"home\":\"/${locale}\",\"hourly\":\"/${locale}/weather/hourbyhour/l/${locId}\",\"interactiveMap\":\"/${locale}/weather/maps/interactive/l/${locId}\",\"legal\":\"/${locale}/${collectionId}/${assetName}\",\"maps\":\"/maps/${collectionId}\",\"memberSettings\":\"/${locale}/member/settings\",\"memorialdayCountdown\":\"/forecast/memorial-day-countdown/l/${locId}\",\"mlbCountdown\":\"/${locale}/forecast/opening-day-countdown/l/${locId}\",\"monthly\":\"/${locale}/weather/monthly/l/${locId}\",\"notification\":\"/${locale}/life/manage-notifications\",\"premiumOnboarding\":\"/premium/onboarding\",\"privacyPolicyDirectory\":\"/${locale}/privacy-policy-directory\",\"privacySettings\":\"/${locale}/privacy-settings\",\"radar\":\"/${locale}/weather/maps/interactive/l/${locId}\",\"rss\":\"/rss\",\"search\":\"/${locale}/search/enhancedlocalsearch\",\"ski\":\"/${locale}/forecast/ski/l/${locId}\",\"slideshows\":\"/${locale}/slideshows\",\"tenday\":\"/${locale}/weather/tenday/l/${locId}\",\"testUrl\":\"/${locale}/weather/testUrl\",\"thanksgivingCountdown\":\"/forecast/thanksgiving-countdown/l/${locId}\",\"today\":\"/${locale}/weather/today/l/${locId}\",\"unsubscribe\":\"/${locale}/life/alerts/unsubscribe\",\"video\":\"/${locale}/${collectionId}/video/${videoTitle}\",\"weekend\":\"/${locale}/weather/weekend/l/${locId}\",\"yesterday\":\"//www.wunderground.com/history/daily/${locId}/yesterday\"}},\"bn-BD\":{\"wxu-urls\":{\"airQuality\":\"/${locale}/forecast/air-quality/l/${locId}\",\"alertDetails\":\"/${locale}/weather/alerts/localalerts/l/${locId}\",\"alerts\":\"/${locale}/weather/alerts/localalerts/l/${locId}\",\"allergy\":\"/${locale}/forecast/allergy/l/${locId}\",\"apps\":\"/${locale}/${collectionId}/${assetName}\",\"article\":\"/${locale}/${collectionId}/news/${articleTitle}\",\"betterDecisions\":\"/mission\",\"boatBeach\":\"/${locale}/forecast/boat-beach/l/${locId}\",\"breathing\":\"/${locale}/forecast/breathing/l/${locId}\",\"callforcode\":\"/callforcode\",\"christmasCountdown\":\"/forecast/christmas-countdown/l/${locId}\",\"coldFlu\":\"/${locale}/forecast/cold-flu/l/${locId}\",\"covid19\":\"/${locale}/coronavirus/l/${locId}\",\"covid19map\":\"/${locale}/coronavirus/map/l/${locId}\",\"dataDefinitions\":\"/${locale}/data-definitions\",\"dataInventory\":\"/${locale}/data-inventory\",\"dataPartners\":\"/${locale}/data-partners\",\"dataRights\":\"/${locale}/data-rights\",\"farming\":\"/${locale}/forecast/agriculture/l/${locId}\",\"fishing\":\"/${locale}/forecast/fishing/l/${locId}\",\"fiveday\":\"/${locale}/weather/5day/l/${locId}\",\"goRun\":\"/${locale}/forecast/gorun/l/${locId}\",\"home\":\"/${locale}\",\"hourly\":\"/${locale}/weather/hourbyhour/l/${locId}\",\"interactiveMap\":\"/${locale}/weather/radar/interactive/l/${locId}\",\"legal\":\"/${locale}/${collectionId}/${assetName}\",\"maps\":\"/maps/${collectionId}\",\"memberSettings\":\"/${locale}/member/settings\",\"memorialdayCountdown\":\"/forecast/memorial-day-countdown/l/${locId}\",\"mlbCountdown\":\"/${locale}/forecast/opening-day-countdown/l/${locId}\",\"monthly\":\"/${locale}/weather/monthly/l/${locId}\",\"notification\":\"/${locale}/life/manage-notifications\",\"premiumOnboarding\":\"/premium/onboarding\",\"privacyPolicyDirectory\":\"/${locale}/privacy-policy-directory\",\"privacySettings\":\"/${locale}/privacy-settings\",\"radar\":\"/${locale}/weather/radar/interactive/l/${locId}\",\"rss\":\"/rss\",\"search\":\"/${locale}/search/enhancedlocalsearch\",\"ski\":\"/${locale}/forecast/ski/l/${locId}\",\"slideshows\":\"/${locale}/slideshows\",\"tenday\":\"/${locale}/weather/tenday/l/${locId}\",\"testUrl\":\"/${locale}/weather/testUrl\",\"thanksgivingCountdown\":\"/forecast/thanksgiving-countdown/l/${locId}\",\"today\":\"/${locale}/weather/today/l/${locId}\",\"unsubscribe\":\"/${locale}/life/alerts/unsubscribe\",\"video\":\"/${locale}/${collectionId}/video/${videoTitle}\",\"weekend\":\"/${locale}/weather/weekend/l/${locId}\",\"yesterday\":\"//www.wunderground.com/history/daily/${locId}/yesterday\"}},\"bs-BA\":{\"wxu-urls\":{\"airQuality\":\"/${locale}/forecast/air-quality/l/${locId}\",\"alertDetails\":\"/${locale}/weather/alerts/localalerts/l/${locId}\",\"alerts\":\"/${locale}/weather/alerts/localalerts/l/${locId}\",\"allergy\":\"/${locale}/forecast/allergy/l/${locId}\",\"apps\":\"/${locale}/${collectionId}/${assetName}\",\"article\":\"/${locale}/${collectionId}/news/${articleTitle}\",\"betterDecisions\":\"/mission\",\"boatBeach\":\"/${locale}/forecast/boat-beach/l/${locId}\",\"breathing\":\"/${locale}/forecast/breathing/l/${locId}\",\"callforcode\":\"/callforcode\",\"christmasCountdown\":\"/forecast/christmas-countdown/l/${locId}\",\"coldFlu\":\"/${locale}/forecast/cold-flu/l/${locId}\",\"covid19\":\"/${locale}/coronavirus/l/${locId}\",\"covid19map\":\"/${locale}/coronavirus/map/l/${locId}\",\"dataDefinitions\":\"/${locale}/data-definitions\",\"dataInventory\":\"/${locale}/data-inventory\",\"dataPartners\":\"/${locale}/data-partners\",\"dataRights\":\"/${locale}/data-rights\",\"farming\":\"/${locale}/forecast/agriculture/l/${locId}\",\"fishing\":\"/${locale}/forecast/fishing/l/${locId}\",\"fiveday\":\"/${locale}/vrijeme/5dana/l/${locId}\",\"goRun\":\"/${locale}/forecast/gorun/l/${locId}\",\"home\":\"/${locale}\",\"hourly\":\"/${locale}/vrijeme/posatu/l/${locId}\",\"interactiveMap\":\"/${locale}/vrijeme/karte/interaktivne/l/${locId}\",\"legal\":\"/${locale}/${collectionId}/${assetName}\",\"maps\":\"/maps/${collectionId}\",\"memberSettings\":\"/${locale}/member/settings\",\"memorialdayCountdown\":\"/forecast/memorial-day-countdown/l/${locId}\",\"mlbCountdown\":\"/${locale}/forecast/opening-day-countdown/l/${locId}\",\"monthly\":\"/${locale}/vrijeme/mjesecna/l/${locId}\",\"notification\":\"/${locale}/life/manage-notifications\",\"premiumOnboarding\":\"/premium/onboarding\",\"privacyPolicyDirectory\":\"/${locale}/privacy-policy-directory\",\"privacySettings\":\"/${locale}/privacy-settings\",\"radar\":\"/${locale}/vrijeme/karte/interaktivne/l/${locId}\",\"rss\":\"/rss\",\"search\":\"/${locale}/search/enhancedlocalsearch\",\"ski\":\"/${locale}/forecast/ski/l/${locId}\",\"slideshows\":\"/${locale}/slideshows\",\"tenday\":\"/${locale}/vrijeme/desetdana/l/${locId}\",\"testUrl\":\"/${locale}/weather/testUrl\",\"thanksgivingCountdown\":\"/forecast/thanksgiving-countdown/l/${locId}\",\"today\":\"/${locale}/vrijeme/danas/l/${locId}\",\"unsubscribe\":\"/${locale}/life/alerts/unsubscribe\",\"video\":\"/${locale}/${collectionId}/video/${videoTitle}\",\"weekend\":\"/${locale}/vrijeme/vikend/l/${locId}\",\"yesterday\":\"//www.wunderground.com/history/daily/${locId}/yesterday\"}},\"ca-ES\":{\"wxu-urls\":{\"airQuality\":\"/${locale}/forecast/air-quality/l/${locId}\",\"alertDetails\":\"/${locale}/weather/alerts/localalerts/l/${locId}\",\"alerts\":\"/${locale}/weather/alerts/localalerts/l/${locId}\",\"allergy\":\"/${locale}/forecast/allergy/l/${locId}\",\"apps\":\"/${locale}/${collectionId}/${assetName}\",\"article\":\"/${locale}/${collectionId}/news/${articleTitle}\",\"betterDecisions\":\"/missi\u00F3\",\"boatBeach\":\"/${locale}/forecast/boat-beach/l/${locId}\",\"breathing\":\"/${locale}/forecast/breathing/l/${locId}\",\"callforcode\":\"/callforcode\",\"christmasCountdown\":\"/forecast/christmas-countdown/l/${locId}\",\"coldFlu\":\"/${locale}/forecast/cold-flu/l/${locId}\",\"covid19\":\"/${locale}/coronavirus/l/${locId}\",\"covid19map\":\"/${locale}/coronavirus/map/l/${locId}\",\"dataDefinitions\":\"/${locale}/data-definitions\",\"dataInventory\":\"/${locale}/data-inventory\",\"dataPartners\":\"/${locale}/data-partners\",\"dataRights\":\"/${locale}/data-rights\",\"farming\":\"/${locale}/forecast/agriculture/l/${locId}\",\"fishing\":\"/${locale}/forecast/fishing/l/${locId}\",\"fiveday\":\"/${locale}/temps/5dies/l/${locId}\",\"goRun\":\"/${locale}/forecast/gorun/l/${locId}\",\"home\":\"/${locale}\",\"hourly\":\"/${locale}/temps/hora/l/${locId}\",\"interactiveMap\":\"/${locale}/temps/mapes/interactive/l/${locId}\",\"legal\":\"/${locale}/${collectionId}/${assetName}\",\"maps\":\"/maps/${collectionId}\",\"memberSettings\":\"/${locale}/member/settings\",\"memorialdayCountdown\":\"/forecast/memorial-day-countdown/l/${locId}\",\"mlbCountdown\":\"/${locale}/forecast/opening-day-countdown/l/${locId}\",\"monthly\":\"/${locale}/temps/mensual/l/${locId}\",\"notification\":\"/${locale}/life/manage-notifications\",\"premiumOnboarding\":\"/premium/onboarding\",\"privacyPolicyDirectory\":\"/${locale}/privacy-policy-directory\",\"privacySettings\":\"/${locale}/privacy-settings\",\"radar\":\"/${locale}/temps/mapes/interactive/l/${locId}\",\"rss\":\"/rss\",\"search\":\"/${locale}/search/enhancedlocalsearch\",\"ski\":\"/${locale}/forecast/ski/l/${locId}\",\"slideshows\":\"/${locale}/slideshows\",\"tenday\":\"/${locale}/temps/10dies/l/${locId}\",\"testUrl\":\"/${locale}/weather/testUrl\",\"thanksgivingCountdown\":\"/forecast/thanksgiving-countdown/l/${locId}\",\"today\":\"/${locale}/temps/avui/l/${locId}\",\"unsubscribe\":\"/${locale}/life/alerts/unsubscribe\",\"video\":\"/${locale}/${collectionId}/video/${videoTitle}\",\"weekend\":\"/${locale}/temps/capsetmana/l/${locId}\",\"yesterday\":\"//www.wunderground.com/history/daily/${locId}/yesterday\"}},\"cs-CZ\":{\"wxu-urls\":{\"airQuality\":\"/${locale}/forecast/air-quality/l/${locId}\",\"alertDetails\":\"/${locale}/weather/alerts/localalerts/l/${locId}\",\"alerts\":\"/${locale}/weather/alerts/localalerts/l/${locId}\",\"allergy\":\"/${locale}/forecast/allergy/l/${locId}\",\"apps\":\"/${locale}/${collectionId}/${assetName}\",\"article\":\"/${locale}/${collectionId}/news/${articleTitle}\",\"betterDecisions\":\"/mission\",\"boatBeach\":\"/${locale}/forecast/boat-beach/l/${locId}\",\"breathing\":\"/${locale}/forecast/breathing/l/${locId}\",\"callforcode\":\"/callforcode\",\"christmasCountdown\":\"/forecast/christmas-countdown/l/${locId}\",\"coldFlu\":\"/${locale}/forecast/cold-flu/l/${locId}\",\"covid19\":\"/${locale}/coronavirus/l/${locId}\",\"covid19map\":\"/${locale}/coronavirus/map/l/${locId}\",\"dataDefinitions\":\"/${locale}/\u00FAdaje-definice\",\"dataInventory\":\"/${locale}/data-inventory\",\"dataPartners\":\"/${locale}/data-partners\",\"dataRights\":\"/${locale}/\u00FAdaje-pr\u00E1va\",\"farming\":\"/${locale}/forecast/agriculture/l/${locId}\",\"fishing\":\"/${locale}/forecast/fishing/l/${locId}\",\"fiveday\":\"/${locale}/pocasi/5dni/l/${locId}\",\"goRun\":\"/${locale}/forecast/gorun/l/${locId}\",\"home\":\"/${locale}\",\"hourly\":\"/${locale}/pocasi/denne/l/${locId}\",\"interactiveMap\":\"/${locale}/pocasi/mapy/interactive/l/${locId}\",\"legal\":\"/${locale}/${collectionId}/${assetName}\",\"maps\":\"/maps/${collectionId}\",\"memberSettings\":\"/${locale}/member/settings\",\"memorialdayCountdown\":\"/forecast/memorial-day-countdown/l/${locId}\",\"mlbCountdown\":\"/${locale}/forecast/opening-day-countdown/l/${locId}\",\"monthly\":\"/${locale}/pocasi/mesicne/l/${locId}\",\"notification\":\"/${locale}/life/manage-notifications\",\"premiumOnboarding\":\"/premium/onboarding\",\"privacyPolicyDirectory\":\"/${locale}/privacy-policy-directory\",\"privacySettings\":\"/${locale}/privacy-settings\",\"radar\":\"/${locale}/weather/radar/interactive/l/${locId}\",\"rss\":\"/rss\",\"search\":\"/${locale}/search/enhancedlocalsearch\",\"ski\":\"/${locale}/forecast/ski/l/${locId}\",\"slideshows\":\"/${locale}/slideshows\",\"tenday\":\"/${locale}/pocasi/10dni/l/${locId}\",\"testUrl\":\"/${locale}/weather/testUrl\",\"thanksgivingCountdown\":\"/forecast/thanksgiving-countdown/l/${locId}\",\"today\":\"/${locale}/pocasi/dnes/l/${locId}\",\"unsubscribe\":\"/${locale}/life/alerts/unsubscribe\",\"video\":\"/${locale}/${collectionId}/video/${videoTitle}\",\"weekend\":\"/${locale}/pocasi/vikend/l/${locId}\",\"yesterday\":\"//www.wunderground.com/history/daily/${locId}/yesterday\"}},\"da-DK\":{\"wxu-urls\":{\"airQuality\":\"/${locale}/forecast/air-quality/l/${locId}\",\"alertDetails\":\"/${locale}/weather/alerts/localalerts/l/${locId}\",\"alerts\":\"/${locale}/weather/alerts/localalerts/l/${locId}\",\"allergy\":\"/${locale}/forecast/allergy/l/${locId}\",\"apps\":\"/${locale}/${collectionId}/${assetName}\",\"article\":\"/${locale}/${collectionId}/news/${articleTitle}\",\"betterDecisions\":\"/mission\",\"boatBeach\":\"/${locale}/forecast/boat-beach/l/${locId}\",\"breathing\":\"/${locale}/forecast/breathing/l/${locId}\",\"callforcode\":\"/callforcode\",\"christmasCountdown\":\"/forecast/christmas-countdown/l/${locId}\",\"coldFlu\":\"/${locale}/forecast/cold-flu/l/${locId}\",\"covid19\":\"/${locale}/coronavirus/l/${locId}\",\"covid19map\":\"/${locale}/coronavirus/map/l/${locId}\",\"dataDefinitions\":\"/${locale}/data-definitions\",\"dataInventory\":\"/${locale}/data-inventory\",\"dataPartners\":\"/${locale}/data-partners\",\"dataRights\":\"/${locale}/data-rights\",\"farming\":\"/${locale}/forecast/agriculture/l/${locId}\",\"fishing\":\"/${locale}/forecast/fishing/l/${locId}\",\"fiveday\":\"/${locale}/vejret/5dage/l/${locId}\",\"goRun\":\"/${locale}/forecast/gorun/l/${locId}\",\"home\":\"/${locale}\",\"hourly\":\"/${locale}/vejret/hvertime/l/${locId}\",\"interactiveMap\":\"/${locale}/vejret/kort/interactive/l/${locId}\",\"legal\":\"/${locale}/${collectionId}/${assetName}\",\"maps\":\"/maps/${collectionId}\",\"memberSettings\":\"/${locale}/member/settings\",\"memorialdayCountdown\":\"/forecast/memorial-day-countdown/l/${locId}\",\"mlbCountdown\":\"/${locale}/forecast/opening-day-countdown/l/${locId}\",\"monthly\":\"/${locale}/vejret/manedlig/l/${locId}\",\"notification\":\"/${locale}/life/manage-notifications\",\"premiumOnboarding\":\"/premium/onboarding\",\"privacyPolicyDirectory\":\"/${locale}/privacy-policy-directory\",\"privacySettings\":\"/${locale}/privacy-settings\",\"radar\":\"/${locale}/weather/radar/interactive/l/${locId}\",\"rss\":\"/rss\",\"search\":\"/${locale}/search/enhancedlocalsearch\",\"ski\":\"/${locale}/forecast/ski/l/${locId}\",\"slideshows\":\"/${locale}/slideshows\",\"tenday\":\"/${locale}/vejret/10dage/l/${locId}\",\"testUrl\":\"/${locale}/weather/testUrl\",\"thanksgivingCountdown\":\"/forecast/thanksgiving-countdown/l/${locId}\",\"today\":\"/${locale}/vejret/idag/l/${locId}\",\"unsubscribe\":\"/${locale}/life/alerts/unsubscribe\",\"video\":\"/${locale}/${collectionId}/video/${videoTitle}\",\"weekend\":\"/${locale}/vejret/weekend/l/${locId}\",\"yesterday\":\"//www.wunderground.com/history/daily/${locId}/yesterday\"}},\"de-AT\":{\"wxu-urls\":{\"airQuality\":\"/${locale}/forecast/air-quality/l/${locId}\",\"alertDetails\":\"/${locale}/weather/alerts/localalerts/l/${locId}\",\"alerts\":\"/${locale}/weather/alerts/localalerts/l/${locId}\",\"allergy\":\"/${locale}/forecast/allergy/l/${locId}\",\"apps\":\"/${locale}/${collectionId}/${assetName}\",\"article\":\"/${locale}/${collectionId}/news/${articleTitle}\",\"betterDecisions\":\"/mission\",\"boatBeach\":\"/${locale}/forecast/boat-beach/l/${locId}\",\"breathing\":\"/${locale}/forecast/breathing/l/${locId}\",\"callforcode\":\"/callforcode\",\"christmasCountdown\":\"/forecast/christmas-countdown/l/${locId}\",\"coldFlu\":\"/${locale}/forecast/cold-flu/l/${locId}\",\"covid19\":\"/${locale}/coronavirus/l/${locId}\",\"covid19map\":\"/${locale}/coronavirus/map/l/${locId}\",\"dataDefinitions\":\"/${locale}/data-definitions\",\"dataInventory\":\"/${locale}/data-inventory\",\"dataPartners\":\"/${locale}/data-partners\",\"dataRights\":\"/${locale}/data-rights\",\"farming\":\"/${locale}/forecast/agriculture/l/${locId}\",\"fishing\":\"/${locale}/forecast/fishing/l/${locId}\",\"fiveday\":\"/${locale}/wetter/5tage/l/${locId}\",\"goRun\":\"/${locale}/forecast/gorun/l/${locId}\",\"home\":\"/${locale}\",\"hourly\":\"/${locale}/wetter/stundlich/l/${locId}\",\"interactiveMap\":\"/${locale}/wetter/karten/interaktiv/l/${locId}\",\"legal\":\"/${locale}/${collectionId}/${assetName}\",\"maps\":\"/maps/${collectionId}\",\"memberSettings\":\"/${locale}/member/settings\",\"memorialdayCountdown\":\"/forecast/memorial-day-countdown/l/${locId}\",\"mlbCountdown\":\"/${locale}/forecast/opening-day-countdown/l/${locId}\",\"monthly\":\"/${locale}/wetter/Monatlich/l/${locId}\",\"notification\":\"/${locale}/life/manage-notifications\",\"premiumOnboarding\":\"/premium/onboarding\",\"privacyPolicyDirectory\":\"/${locale}/privacy-policy-directory\",\"privacySettings\":\"/${locale}/privacy-settings\",\"radar\":\"/${locale}/weather/radar/interactive/l/${locId}\",\"rss\":\"/rss\",\"search\":\"/${locale}/search/enhancedlocalsearch\",\"ski\":\"/${locale}/forecast/ski/l/${locId}\",\"slideshows\":\"/${locale}/slideshows\",\"tenday\":\"/${locale}/wetter/10tage/l/${locId}\",\"testUrl\":\"/${locale}/weather/testUrl\",\"thanksgivingCountdown\":\"/forecast/thanksgiving-countdown/l/${locId}\",\"today\":\"/${locale}/wetter/heute/l/${locId}\",\"unsubscribe\":\"/${locale}/life/alerts/unsubscribe\",\"video\":\"/${locale}/${collectionId}/video/${videoTitle}\",\"weekend\":\"/${locale}/wetter/wochenende/l/${locId}\",\"yesterday\":\"//www.wunderground.com/history/daily/${locId}/yesterday\"}},\"de-DE\":{\"wxu-urls\":{\"airQuality\":\"/${locale}/forecast/air-quality/l/${locId}\",\"alertDetails\":\"/${locale}/weather/alerts/localalerts/l/${locId}\",\"alerts\":\"/${locale}/weather/alerts/localalerts/l/${locId}\",\"allergy\":\"/${locale}/forecast/allergy/l/${locId}\",\"apps\":\"/${locale}/${collectionId}/${assetName}\",\"article\":\"/${locale}/${collectionId}/news/${articleTitle}\",\"betterDecisions\":\"/mission\",\"boatBeach\":\"/${locale}/forecast/boat-beach/l/${locId}\",\"breathing\":\"/${locale}/forecast/breathing/l/${locId}\",\"callforcode\":\"/callforcode\",\"christmasCountdown\":\"/forecast/christmas-countdown/l/${locId}\",\"coldFlu\":\"/${locale}/forecast/cold-flu/l/${locId}\",\"covid19\":\"/${locale}/coronavirus/l/${locId}\",\"covid19map\":\"/${locale}/coronavirus/map/l/${locId}\",\"dataDefinitions\":\"/${locale}/data-definitions\",\"dataInventory\":\"/${locale}/data-inventory\",\"dataPartners\":\"/${locale}/data-partners\",\"dataRights\":\"/${locale}/data-rights\",\"farming\":\"/${locale}/forecast/agriculture/l/${locId}\",\"fishing\":\"/${locale}/forecast/fishing/l/${locId}\",\"fiveday\":\"/${locale}/wetter/5tage/l/${locId}\",\"goRun\":\"/${locale}/forecast/gorun/l/${locId}\",\"home\":\"/${locale}\",\"hourly\":\"/${locale}/wetter/stundlich/l/${locId}\",\"interactiveMap\":\"/${locale}/wetter/karten/interaktiv/l/${locId}\",\"legal\":\"/${locale}/${collectionId}/${assetName}\",\"maps\":\"/maps/${collectionId}\",\"memberSettings\":\"/${locale}/member/settings\",\"memorialdayCountdown\":\"/forecast/memorial-day-countdown/l/${locId}\",\"mlbCountdown\":\"/${locale}/forecast/opening-day-countdown/l/${locId}\",\"monthly\":\"/${locale}/wetter/Monatlich/l/${locId}\",\"notification\":\"/${locale}/life/manage-notifications\",\"premiumOnboarding\":\"/premium/onboarding\",\"privacyPolicyDirectory\":\"/${locale}/privacy-policy-directory\",\"privacySettings\":\"/${locale}/privacy-settings\",\"radar\":\"/${locale}/weather/radar/interactive/l/${locId}\",\"rss\":\"/rss\",\"search\":\"/${locale}/search/enhancedlocalsearch\",\"ski\":\"/${locale}/forecast/ski/l/${locId}\",\"slideshows\":\"/${locale}/slideshows\",\"tenday\":\"/${locale}/wetter/10tage/l/${locId}\",\"testUrl\":\"/${locale}/weather/testUrl\",\"thanksgivingCountdown\":\"/forecast/thanksgiving-countdown/l/${locId}\",\"today\":\"/${locale}/wetter/heute/l/${locId}\",\"unsubscribe\":\"/${locale}/life/alerts/unsubscribe\",\"video\":\"/${locale}/${collectionId}/video/${videoTitle}\",\"weekend\":\"/${locale}/wetter/wochenende/l/${locId}\",\"yesterday\":\"//www.wunderground.com/history/daily/${locId}/yesterday\"}},\"el-GR\":{\"wxu-urls\":{\"airQuality\":\"/${locale}/forecast/air-quality/l/${locId}\",\"alertDetails\":\"/${locale}/weather/alerts/localalerts/l/${locId}\",\"alerts\":\"/${locale}/weather/alerts/localalerts/l/${locId}\",\"allergy\":\"/${locale}/forecast/allergy/l/${locId}\",\"apps\":\"/${locale}/${collectionId}/${assetName}\",\"article\":\"/${locale}/${collectionId}/news/${articleTitle}\",\"betterDecisions\":\"/mission\",\"boatBeach\":\"/${locale}/forecast/boat-beach/l/${locId}\",\"breathing\":\"/${locale}/forecast/breathing/l/${locId}\",\"callforcode\":\"/callforcode\",\"christmasCountdown\":\"/forecast/christmas-countdown/l/${locId}\",\"coldFlu\":\"/${locale}/forecast/cold-flu/l/${locId}\",\"covid19\":\"/${locale}/coronavirus/l/${locId}\",\"covid19map\":\"/${locale}/coronavirus/map/l/${locId}\",\"dataDefinitions\":\"/${locale}/data-definitions\",\"dataInventory\":\"/${locale}/data-inventory\",\"dataPartners\":\"/${locale}/data-partners\",\"dataRights\":\"/${locale}/data-rights\",\"farming\":\"/${locale}/forecast/agriculture/l/${locId}\",\"fishing\":\"/${locale}/forecast/fishing/l/${locId}\",\"fiveday\":\"/${locale}/weather/5day/l/${locId}\",\"goRun\":\"/${locale}/forecast/gorun/l/${locId}\",\"home\":\"/${locale}\",\"hourly\":\"/${locale}/weather/hourbyhour/l/${locId}\",\"interactiveMap\":\"/${locale}/weather/radar/interactive/l/${locId}\",\"legal\":\"/${locale}/${collectionId}/${assetName}\",\"maps\":\"/maps/${collectionId}\",\"memberSettings\":\"/${locale}/member/settings\",\"memorialdayCountdown\":\"/forecast/memorial-day-countdown/l/${locId}\",\"mlbCountdown\":\"/${locale}/forecast/opening-day-countdown/l/${locId}\",\"monthly\":\"/${locale}/weather/monthly/l/${locId}\",\"notification\":\"/${locale}/life/manage-notifications\",\"premiumOnboarding\":\"/premium/onboarding\",\"privacyPolicyDirectory\":\"/${locale}/privacy-policy-directory\",\"privacySettings\":\"/${locale}/privacy-settings\",\"radar\":\"/${locale}/weather/radar/interactive/l/${locId}\",\"rss\":\"/rss\",\"search\":\"/${locale}/search/enhancedlocalsearch\",\"ski\":\"/${locale}/forecast/ski/l/${locId}\",\"slideshows\":\"/${locale}/slideshows\",\"tenday\":\"/${locale}/weather/tenday/l/${locId}\",\"testUrl\":\"/${locale}/weather/testUrl\",\"thanksgivingCountdown\":\"/forecast/thanksgiving-countdown/l/${locId}\",\"today\":\"/${locale}/weather/today/l/${locId}\",\"unsubscribe\":\"/${locale}/life/alerts/unsubscribe\",\"video\":\"/${locale}/${collectionId}/video/${videoTitle}\",\"weekend\":\"/${locale}/weather/weekend/l/${locId}\",\"yesterday\":\"//www.wunderground.com/history/daily/${locId}/yesterday\"}},\"en-AU\":{\"wxu-urls\":{\"airQuality\":\"/${locale}/forecast/air-quality/l/${locId}\",\"alertDetails\":\"/${locale}/weather/alerts/localalerts/l/${locId}\",\"alerts\":\"/${locale}/weather/alerts/localalerts/l/${locId}\",\"allergy\":\"/${locale}/forecast/allergy/l/${locId}\",\"apps\":\"/${locale}/${collectionId}/${assetName}\",\"article\":\"/${locale}/${collectionId}/news/${articleTitle}\",\"betterDecisions\":\"/mission\",\"boatBeach\":\"/${locale}/forecast/boat-beach/l/${locId}\",\"breathing\":\"/${locale}/forecast/breathing/l/${locId}\",\"callforcode\":\"/callforcode\",\"christmasCountdown\":\"/forecast/christmas-countdown/l/${locId}\",\"coldFlu\":\"/${locale}/forecast/cold-flu/l/${locId}\",\"covid19\":\"/${locale}/coronavirus/l/${locId}\",\"covid19map\":\"/${locale}/coronavirus/map/l/${locId}\",\"dataDefinitions\":\"/${locale}/data-definitions\",\"dataInventory\":\"/${locale}/data-inventory\",\"dataPartners\":\"/${locale}/data-partners\",\"dataRights\":\"/${locale}/data-rights\",\"farming\":\"/${locale}/forecast/agriculture/l/${locId}\",\"fishing\":\"/${locale}/forecast/fishing/l/${locId}\",\"fiveday\":\"/${locale}/weather/5day/l/${locId}\",\"goRun\":\"/${locale}/forecast/gorun/l/${locId}\",\"home\":\"/${locale}\",\"hourly\":\"/${locale}/weather/hourbyhour/l/${locId}\",\"interactiveMap\":\"/${locale}/weather/radar/interactive/l/${locId}\",\"legal\":\"/${locale}/${collectionId}/${assetName}\",\"maps\":\"/maps/${collectionId}\",\"memberSettings\":\"/${locale}/member/settings\",\"memorialdayCountdown\":\"/forecast/memorial-day-countdown/l/${locId}\",\"mlbCountdown\":\"/${locale}/forecast/opening-day-countdown/l/${locId}\",\"monthly\":\"/${locale}/weather/monthly/l/${locId}\",\"notification\":\"/${locale}/life/manage-notifications\",\"premiumOnboarding\":\"/premium/onboarding\",\"privacyPolicyDirectory\":\"/${locale}/privacy-policy-directory\",\"privacySettings\":\"/${locale}/privacy-settings\",\"radar\":\"/${locale}/weather/radar/interactive/l/${locId}\",\"rss\":\"/rss\",\"search\":\"/${locale}/search/enhancedlocalsearch\",\"ski\":\"/${locale}/forecast/ski/l/${locId}\",\"slideshows\":\"/${locale}/slideshows\",\"tenday\":\"/${locale}/weather/tenday/l/${locId}\",\"testUrl\":\"/${locale}/weather/testUrl\",\"thanksgivingCountdown\":\"/forecast/thanksgiving-countdown/l/${locId}\",\"today\":\"/${locale}/weather/today/l/${locId}\",\"unsubscribe\":\"/${locale}/life/alerts/unsubscribe\",\"video\":\"/${locale}/${collectionId}/video/${videoTitle}\",\"weekend\":\"/${locale}/weather/weekend/l/${locId}\",\"yesterday\":\"//www.wunderground.com/history/daily/${locId}/yesterday\"}},\"en-CA\":{\"wxu-urls\":{\"airQuality\":\"/${locale}/forecast/air-quality/l/${locId}\",\"alertDetails\":\"/${locale}/weather/alerts/localalerts/l/${locId}\",\"alerts\":\"/${locale}/weather/alerts/localalerts/l/${locId}\",\"allergy\":\"/${locale}/forecast/allergy/l/${locId}\",\"apps\":\"/${locale}/${collectionId}/${assetName}\",\"article\":\"/${locale}/${collectionId}/news/${articleTitle}\",\"betterDecisions\":\"/mission\",\"boatBeach\":\"/${locale}/forecast/boat-beach/l/${locId}\",\"breathing\":\"/${locale}/forecast/breathing/l/${locId}\",\"callforcode\":\"/callforcode\",\"christmasCountdown\":\"/forecast/christmas-countdown/l/${locId}\",\"coldFlu\":\"/${locale}/forecast/cold-flu/l/${locId}\",\"covid19\":\"/${locale}/coronavirus/l/${locId}\",\"covid19map\":\"/${locale}/coronavirus/map/l/${locId}\",\"dataDefinitions\":\"/${locale}/data-definitions\",\"dataInventory\":\"/${locale}/data-inventory\",\"dataPartners\":\"/${locale}/data-partners\",\"dataRights\":\"/${locale}/data-rights\",\"farming\":\"/${locale}/forecast/agriculture/l/${locId}\",\"fishing\":\"/${locale}/forecast/fishing/l/${locId}\",\"fiveday\":\"/${locale}/weather/5day/l/${locId}\",\"goRun\":\"/${locale}/forecast/gorun/l/${locId}\",\"home\":\"/${locale}\",\"hourly\":\"/${locale}/weather/hourbyhour/l/${locId}\",\"interactiveMap\":\"/${locale}/weather/radar/interactive/l/${locId}\",\"legal\":\"/${locale}/${collectionId}/${assetName}\",\"maps\":\"/maps/${collectionId}\",\"memberSettings\":\"/${locale}/member/settings\",\"memorialdayCountdown\":\"/forecast/memorial-day-countdown/l/${locId}\",\"mlbCountdown\":\"/${locale}/forecast/opening-day-countdown/l/${locId}\",\"monthly\":\"/${locale}/weather/monthly/l/${locId}\",\"notification\":\"/${locale}/life/manage-notifications\",\"premiumOnboarding\":\"/premium/onboarding\",\"privacyPolicyDirectory\":\"/${locale}/privacy-policy-directory\",\"privacySettings\":\"/${locale}/privacy-settings\",\"radar\":\"/${locale}/weather/radar/interactive/l/${locId}\",\"rss\":\"/rss\",\"search\":\"/${locale}/search/enhancedlocalsearch\",\"ski\":\"/${locale}/forecast/ski/l/${locId}\",\"slideshows\":\"/${locale}/slideshows\",\"tenday\":\"/${locale}/weather/tenday/l/${locId}\",\"testUrl\":\"/${locale}/weather/testUrl\",\"thanksgivingCountdown\":\"/forecast/thanksgiving-countdown/l/${locId}\",\"today\":\"/${locale}/weather/today/l/${locId}\",\"unsubscribe\":\"/${locale}/life/alerts/unsubscribe\",\"video\":\"/${locale}/${collectionId}/video/${videoTitle}\",\"weekend\":\"/${locale}/weather/weekend/l/${locId}\",\"yesterday\":\"//www.wunderground.com/history/daily/${locId}/yesterday\"}},\"en-GB\":{\"wxu-urls\":{\"airQuality\":\"/${locale}/forecast/air-quality/l/${locId}\",\"alertDetails\":\"/${locale}/weather/alerts/localalerts/l/${locId}\",\"alerts\":\"/${locale}/weather/alerts/localalerts/l/${locId}\",\"allergy\":\"/${locale}/forecast/allergy/l/${locId}\",\"apps\":\"/${locale}/${collectionId}/${assetName}\",\"article\":\"/${locale}/${collectionId}/news/${articleTitle}\",\"betterDecisions\":\"/mission\",\"boatBeach\":\"/${locale}/forecast/boat-beach/l/${locId}\",\"breathing\":\"/${locale}/forecast/breathing/l/${locId}\",\"callforcode\":\"/callforcode\",\"christmasCountdown\":\"/forecast/christmas-countdown/l/${locId}\",\"coldFlu\":\"/${locale}/forecast/cold-flu/l/${locId}\",\"covid19\":\"/${locale}/coronavirus/l/${locId}\",\"covid19map\":\"/${locale}/coronavirus/map/l/${locId}\",\"dataDefinitions\":\"/${locale}/data-definitions\",\"dataInventory\":\"/${locale}/data-inventory\",\"dataPartners\":\"/${locale}/data-partners\",\"dataRights\":\"/${locale}/data-rights\",\"farming\":\"/${locale}/forecast/agriculture/l/${locId}\",\"fishing\":\"/${locale}/forecast/fishing/l/${locId}\",\"fiveday\":\"/${locale}/weather/5day/l/${locId}\",\"goRun\":\"/${locale}/forecast/gorun/l/${locId}\",\"home\":\"/${locale}\",\"hourly\":\"/${locale}/weather/hourbyhour/l/${locId}\",\"interactiveMap\":\"/${locale}/weather/radar/interactive/l/${locId}\",\"legal\":\"/${locale}/${collectionId}/${assetName}\",\"maps\":\"/maps/${collectionId}\",\"memberSettings\":\"/${locale}/member/settings\",\"memorialdayCountdown\":\"/forecast/memorial-day-countdown/l/${locId}\",\"mlbCountdown\":\"/${locale}/forecast/opening-day-countdown/l/${locId}\",\"monthly\":\"/${locale}/weather/monthly/l/${locId}\",\"notification\":\"/${locale}/life/manage-notifications\",\"premiumOnboarding\":\"/premium/onboarding\",\"privacyPolicyDirectory\":\"/${locale}/privacy-policy-directory\",\"privacySettings\":\"/${locale}/privacy-settings\",\"radar\":\"/${locale}/weather/radar/interactive/l/${locId}\",\"rss\":\"/rss\",\"search\":\"/${locale}/search/enhancedlocalsearch\",\"ski\":\"/${locale}/forecast/ski/l/${locId}\",\"slideshows\":\"/${locale}/slideshows\",\"tenday\":\"/${locale}/weather/tenday/l/${locId}\",\"testUrl\":\"/${locale}/weather/testUrl\",\"thanksgivingCountdown\":\"/forecast/thanksgiving-countdown/l/${locId}\",\"today\":\"/${locale}/weather/today/l/${locId}\",\"unsubscribe\":\"/${locale}/life/alerts/unsubscribe\",\"video\":\"/${locale}/${collectionId}/video/${videoTitle}\",\"weekend\":\"/${locale}/weather/weekend/l/${locId}\",\"yesterday\":\"//www.wunderground.com/history/daily/${locId}/yesterday\"}},\"en-IN\":{\"wxu-urls\":{\"airQuality\":\"/${locale}/forecast/air-quality/l/${locId}\",\"alertDetails\":\"/${locale}/weather/alerts/localalerts/l/${locId}\",\"alerts\":\"/${locale}/weather/alerts/localalerts/l/${locId}\",\"allergy\":\"/${locale}/forecast/allergy/l/${locId}\",\"apps\":\"/${locale}/${collectionId}/${assetName}\",\"article\":\"/${locale}/${collectionId}/news/${articleTitle}\",\"betterDecisions\":\"/mission\",\"boatBeach\":\"/${locale}/forecast/boat-beach/l/${locId}\",\"breathing\":\"/${locale}/forecast/breathing/l/${locId}\",\"callforcode\":\"/callforcode\",\"christmasCountdown\":\"/forecast/christmas-countdown/l/${locId}\",\"coldFlu\":\"/${locale}/forecast/cold-flu/l/${locId}\",\"covid19\":\"/${locale}/coronavirus/l/${locId}\",\"covid19map\":\"/${locale}/coronavirus/map/l/${locId}\",\"dataDefinitions\":\"/${locale}/data-definitions\",\"dataInventory\":\"/${locale}/data-inventory\",\"dataPartners\":\"/${locale}/data-partners\",\"dataRights\":\"/${locale}/data-rights\",\"farming\":\"/${locale}/forecast/agriculture/l/${locId}\",\"fishing\":\"/${locale}/forecast/fishing/l/${locId}\",\"fiveday\":\"/${locale}/weather/5day/l/${locId}\",\"goRun\":\"/${locale}/forecast/gorun/l/${locId}\",\"home\":\"/${locale}\",\"hourly\":\"/${locale}/weather/hourbyhour/l/${locId}\",\"interactiveMap\":\"/${locale}/weather/maps/interactive/l/${locId}\",\"legal\":\"/${locale}/${collectionId}/${assetName}\",\"maps\":\"/maps/${collectionId}\",\"memberSettings\":\"/${locale}/member/settings\",\"memorialdayCountdown\":\"/forecast/memorial-day-countdown/l/${locId}\",\"mlbCountdown\":\"/${locale}/forecast/opening-day-countdown/l/${locId}\",\"monthly\":\"/${locale}/weather/monthly/l/${locId}\",\"notification\":\"/${locale}/life/manage-notifications\",\"premiumOnboarding\":\"/premium/onboarding\",\"privacyPolicyDirectory\":\"/${locale}/privacy-policy-directory\",\"privacySettings\":\"/${locale}/privacy-settings\",\"radar\":\"/${locale}/weather/radar/interactive/l/${locId}\",\"rss\":\"/rss\",\"search\":\"/${locale}/search/enhancedlocalsearch\",\"ski\":\"/${locale}/forecast/ski/l/${locId}\",\"slideshows\":\"/${locale}/slideshows\",\"tenday\":\"/${locale}/weather/tenday/l/${locId}\",\"testUrl\":\"/${locale}/weather/testUrl\",\"thanksgivingCountdown\":\"/forecast/thanksgiving-countdown/l/${locId}\",\"today\":\"/${locale}/weather/today/l/${locId}\",\"unsubscribe\":\"/${locale}/life/alerts/unsubscribe\",\"video\":\"/${locale}/${collectionId}/video/${videoTitle}\",\"weekend\":\"/${locale}/weather/weekend/l/${locId}\",\"yesterday\":\"//www.wunderground.com/history/daily/${locId}/yesterday\"}},\"en-US\":{\"wxu-content-media\":{\"readMore\":\"Read More\",\"seeMore\":\"See More\",\"trendingVideos\":\"Trending Videos\",\"watchNow\":\"Watch Now\"},\"wxu-countries\":{\"Africa\":\"Africa\",\"Algeria\":\"Algeria\",\"Americas\":\"Americas\",\"Andorra\":\"Andorra\",\"Angola\":\"Angola\",\"Antigua and Barbuda\":\"Antigua and Barbuda\",\"Argentina\":\"Argentina\",\"Asia Pacific\":\"Asia Pacific\",\"Australia\":\"Australia\",\"Austria\":\"Austria\",\"Bahamas\":\"Bahamas\",\"Bahrain\":\"Bahrain\",\"Bangladesh\":\"Bangladesh\",\"Barbados\":\"Barbados\",\"Belarus\":\"Belarus\",\"Belgium\":\"Belgium\",\"Belize\":\"Belize\",\"Benin\":\"Benin\",\"Bolivia\":\"Bolivia\",\"Bosnia and Herzegovina\":\"Bosnia and Herzegovina\",\"Brazil\":\"Brazil\",\"Brunei\":\"Brunei\",\"Bulgaria\":\"Bulgaria\",\"Burkina Faso\":\"Burkina Faso\",\"Burundi\":\"Burundi\",\"Cameroon\":\"Cameroon\",\"Canada\":\"Canada\",\"Cape Verde\":\"Cape Verde\",\"Central African Republic\":\"Central African Republic\",\"Chad\":\"Chad\",\"Chile\":\"Chile\",\"China\":\"China\",\"Colombia\":\"Colombia\",\"Comoros\":\"Comoros\",\"Costa Rica\":\"Costa Rica\",\"Croatia\":\"Croatia\",\"Cyprus\":\"Cyprus\",\"Czech Republic\":\"Czech Republic\",\"C\u00F4te d'Ivoire\":\"C\u00F4te d'Ivoire\",\"Denmark\":\"Denmark\",\"Djibouti\":\"Djibouti\",\"Dominica\":\"Dominica\",\"Dominican Republic\":\"Dominican Republic\",\"Domocratic Republic of the Congo\":\"Domocratic Republic of the Congo\",\"East Timor\":\"East Timor\",\"Ecuador\":\"Ecuador\",\"Egypt\":\"Egypt\",\"El Salvador\":\"El Salvador\",\"Equatorial Guinea\":\"Equatorial Guinea\",\"Eritrea\":\"Eritrea\",\"Estonia\":\"Estonia\",\"Europe\":\"Europe\",\"Fiji\":\"Fiji\",\"Finland\":\"Finland\",\"France\":\"France\",\"Gabon\":\"Gabon\",\"Gambia\":\"Gambia\",\"Germany\":\"Germany\",\"Ghana\":\"Ghana\",\"Greece\":\"Greece\",\"Grenada\":\"Grenada\",\"Guatemala\":\"Guatemala\",\"Guinea\":\"Guinea\",\"Guinea-Bissau\":\"Guinea-Bissau\",\"Guyana\":\"Guyana\",\"Haiti\":\"Haiti\",\"Honduras\":\"Honduras\",\"Hong Kong SAR\":\"Hong Kong SAR\",\"Hungary\":\"Hungary\",\"Iceland\":\"Iceland\",\"India\":\"India\",\"India (English)\":\"India (English)\",\"India (Hindi)\":\"India (Hindi)\",\"Indonesia\":\"Indonesia\",\"Iran\":\"Iran\",\"Iraq\":\"Iraq\",\"Ireland\":\"Ireland\",\"Israel\":\"Israel\",\"Italy\":\"Italy\",\"Jamaica\":\"Jamaica\",\"Japan\":\"Japan\",\"Jordan\":\"Jordan\",\"Kenya\":\"Kenya\",\"Kiribati\":\"Kiribati\",\"Kuwait\":\"Kuwait\",\"Kyrgyzstan\":\"Kyrgyzstan\",\"Lebanon\":\"Lebanon\",\"Lesotho\":\"Lesotho\",\"Liberia\":\"Liberia\",\"Libya\":\"Libya\",\"Liechtenstein\":\"Liechtenstein\",\"Luxembourg\":\"Luxembourg\",\"Madagascar\":\"Madagascar\",\"Malaysia\":\"Malaysia\",\"Mali\":\"Mali\",\"Malta\":\"Malta\",\"Marshall Islands\":\"Marshall Islands\",\"Mauritania\":\"Mauritania\",\"Mauritius\":\"Mauritius\",\"Mexico\":\"Mexico\",\"Micronesia\":\"Micronesia\",\"Middle East\":\"Middle East\",\"Monaco\":\"Monaco\",\"Morocco\":\"Morocco\",\"Mozambique\":\"Mozambique\",\"Namibia\":\"Namibia\",\"Netherlands\":\"Netherlands\",\"New Zealand\":\"New Zealand\",\"Nicaragua\":\"Nicaragua\",\"Niger\":\"Niger\",\"Nigeria\":\"Nigeria\",\"North Korea\":\"North Korea\",\"Norway\":\"Norway\",\"Oman\":\"Oman\",\"Pakistan\":\"Pakistan\",\"Palau\":\"Palau\",\"Panama\":\"Panama\",\"Paraguay\":\"Paraguay\",\"Peru\":\"Peru\",\"Philippines\":\"Philippines\",\"Poland\":\"Poland\",\"Portugal\":\"Portugal\",\"Qatar\":\"Qatar\",\"Republic of Congo\":\"Republic of Congo\",\"Romania\":\"Romania\",\"Russia\":\"Russia\",\"Rwanda\":\"Rwanda\",\"Samoa\":\"Samoa\",\"San Marino\":\"San Marino\",\"Sao Tome and Principe\":\"Sao Tome and Principe\",\"Saudi Arabia\":\"Saudi Arabia\",\"Senegal\":\"Senegal\",\"Serbia\":\"Serbia\",\"Sierra Leone\":\"Sierra Leone\",\"Singapore\":\"Singapore\",\"Slovakia\":\"Slovakia\",\"Solomon Islands\":\"Solomon Islands\",\"Somalia\":\"Somalia\",\"South Africa\":\"South Africa\",\"South Korea\":\"South Korea\",\"South Sudan\":\"South Sudan\",\"Spain\":\"Spain\",\"St. Kitts and Nevis\":\"St. Kitts and Nevis\",\"St. Lucia\":\"St. Lucia\",\"St. Vincent and the Grenadines\":\"St. Vincent and the Grenadines\",\"State of Vatican City (Holy See)\":\"State of Vatican City (Holy See)\",\"Sudan\":\"Sudan\",\"Suriname\":\"Suriname\",\"Swaziland\":\"Swaziland\",\"Sweden\":\"Sweden\",\"Switzerland\":\"Switzerland\",\"Syria\":\"Syria\",\"Taiwan\":\"Taiwan\",\"Tanzania\":\"Tanzania\",\"Thailand\":\"Thailand\",\"Togo\":\"Togo\",\"Tonga\":\"Tonga\",\"Trinidad and Tobago\":\"Trinidad and Tobago\",\"Tunisia\":\"Tunisia\",\"Turkey\":\"Turkey\",\"Tuvalu\":\"Tuvalu\",\"Uganda\":\"Uganda\",\"Ukraine\":\"Ukraine\",\"United Arab Emirates\":\"United Arab Emirates\",\"United Kingdom\":\"United Kingdom\",\"United States\":\"United States\",\"Uruguay\":\"Uruguay\",\"Vanuatu\":\"Vanuatu\",\"Venezuela\":\"Venezuela\",\"Vietnam\":\"Vietnam\",\"Yemen\":\"Yemen\",\"testKey1\":\"This is a test key/value; do not translate!\"},\"wxu-footer\":{\"accessibilityStatement\":\"Accessibility Statement\",\"adChoices\":\"Ad Choices\",\"adPartners\":\"Ad Partners\",\"advertise\":\"Advertise\",\"advertiseSelfService\":\"Advertise- Self Service\",\"advertiseWithUs\":\"Advertise With Us\",\"analyticsPartners\":\"Analytics Partners\",\"careers\":\"Careers\",\"connect\":\"Connect With Us\",\"dataPartners\":\"Ads and Analytics Vendors\",\"dataRights\":\"Data Rights\",\"dataVendors\":\"Data Vendors\",\"doNotSell\":\"Do Not Sell My Personal Information\",\"downloadApps\":\"Download Apps\",\"essential\":\"This icon serves as a link to download the eSSENTIAL Accessibility assistive technology app for individuals with physical disabilities. It is featured as part of our commitment to diversity and inclusion.\",\"feedback\":\"Feedback\",\"impressum\":\"Impressum\",\"newslettersAlerts\":\"Newsletters and Alerts\",\"parentalControls\":\"Parental Controls\",\"poweredBy\":\"Powered by the\",\"pressRoom\":\"Press Room\",\"privacyLinksLabel\":\"We recognize our responsibility to use data and technology for good. Take control of your data.\",\"privacyPolicy\":\"Privacy Policy\",\"privacySettings\":\"Privacy Settings\",\"reviewAdsSettings\":\"Review My Advertising Settings\",\"termsOfUse\":\"Terms of Use\",\"tv\":\"TV\",\"weatherAPI\":\"Weather API\"},\"wxu-general\":{\"K\":\"K\",\"M\":\"M\",\"asOfTime\":\"As of ${time}\",\"brandCopyright\":\"\u00A9 Copyright ${brand} ${year1}, ${year2}\",\"cm\":\"cm\",\"ft\":\"ft\",\"in\":\"in\",\"in/hr\":\"in/hr\",\"indexOfTotal\":\"${index} of ${total}\",\"km\":\"km\",\"km/h\":\"km/h\",\"m\":\"m\",\"mb\":\"mb\",\"mi\":\"mi\",\"mm\":\"mm\",\"mm/hr\":\"mm/hr\",\"mph\":\"mph\",\"next\":\"Next\",\"noData\":\"There is no data available at this time\",\"prev\":\"Previous\",\"today\":\"Today\",\"tomorrow\":\"Tomorrow\",\"uvIndexExtreme\":\"Extreme\",\"uvIndexVal\":\"{{val}} of {{maxVal}}\"},\"wxu-hurricane-central\":{\"directionSpeedUnit\":\"${direction} at ${speed} ${windUnit}\",\"hurricaneTrackerCta\":\"Track Storm\",\"hurricaneTrackerTitle\":\"Hurricane Tracker\",\"maxWinds\":\"Max Winds\",\"movement\":\"Movement\",\"pressure\":\"Pressure\",\"pressureValue\":\"${pressure} mb\"},\"wxu-main-menu\":{\"accessibilityHelp\":\"Accessibility Help\",\"activities\":\"Activities\",\"adChoices\":\"Ad Choices\",\"adPartners\":\"Ad Partners\",\"advertise\":\"Advertise\",\"advertiseSelfService\":\"Advertise- Self Service\",\"advertiseWithUs\":\"Advertise With Us\",\"africa\":\"Africa\",\"airQualityForecast\":\"Air Quality Forecast\",\"allergyTracker\":\"Allergy Tracker\",\"americas\":\"Americas\",\"analyticsPartners\":\"Analytics Partners\",\"asiaPacific\":\"Asia Pacific\",\"awardWinningInvestigations\":\"Award-Winning Investigations\",\"backToMainMenu\":\"Back to Menu\",\"boatBeach\":\"Boat & Beach\",\"boatBeachForecast\":\"Boat & Beach Forecast\",\"careers\":\"Careers\",\"changeLanguage\":\"Change Language\",\"classicWeatherMaps\":\"Classic Weather Maps\",\"climateNews\":\"Climate News\",\"close\":\"Close\",\"coldFlu\":\"Cold & Flu\",\"dataRights\":\"Data Rights\",\"deals\":\"Seasonal Deals\",\"delete\":\"Delete\",\"doNotSell\":\"Do Not Sell My Information\",\"downloadApps\":\"Download Apps\",\"europe\":\"Europe\",\"feedback\":\"Feedback\",\"fifteenDayForecast\":\"15 Day Forecast\",\"fifteenday\":\"15 Day\",\"fishing\":\"Fishing\",\"fiveDayForecast\":\"5 Day Forecast\",\"forecast\":\"Forecast\",\"gardeningForecast\":\"Gardening Forecast\",\"getNotifications\":\"Get Notifications\",\"getSevereAlerts\":\"Get Severe Alerts\",\"health\":\"Health\",\"healthActivities\":\"Health & Activities\",\"home\":\"Home\",\"hourly\":\"Hourly\",\"hourlyForecast\":\"Hourly Forecast\",\"hurricaneCentral\":\"Hurricane Central\",\"hybrid\":\"Hybrid\",\"hybridUnitTypes\":\"Hybrid - C / millimeters / miles / mph / millibars\",\"imperialUnitTypes\":\"Imperial - F / mph / miles / inches\",\"impressum\":\"Impressum\",\"language\":\"Language\",\"localizationMenuButton\":\"Open Localization Menu\",\"locationMenuButton\":\"More options dialog for {location}\",\"mainMenu\":\"Menu\",\"manageNotifications\":\"Manage Notifications\",\"maps\":\"Maps\",\"metricUnitTypes\":\"Metric - C / millimeters / km / kmh / millibars\",\"middleEast\":\"Middle East\",\"monthly\":\"Monthly\",\"monthlyForecast\":\"Monthly Forecast\",\"more\":\"More\",\"moreForecasts\":\"More Forecasts\",\"nationalForecast\":\"National Forecast\",\"nationalNews\":\"National News\",\"news\":\"News\",\"newslettersAlerts\":\"Newsletters & Alerts\",\"parentalControls\":\"Parental Controls\",\"personalities\":\"Personalities\",\"photos\":\"Photos\",\"poweredBy\":\"Powered By\",\"pressRoom\":\"Press Room\",\"privacy\":\"Privacy\",\"privacyLinksLabel\":\"We recognize our responsibility to use data and technology for good. Take control of your data:\",\"privacyPolicy\":\"Privacy Policy\",\"privacySettings\":\"Privacy Settings\",\"radarMaps\":\"Radar Maps\",\"regionalSatellite\":\"Regional Satellite\",\"remove\":\"Remove\",\"reviewAdsSettings\":\"Review My Advertising Settings\",\"safetyPreparedness\":\"Safety & Preparedness\",\"savedLocationList\":\"Saved Locations\",\"severe\":\"Severe\",\"severeAlerts\":\"Severe Alerts\",\"siteNavigationLinks\":\"Site Navigation Links\",\"skiForecast\":\"Ski Forecast\",\"skipToMain\":\"Skip to Main Content\",\"slideshows\":\"Slideshows\",\"specialtyForecasts\":\"Specialty Forecasts\",\"tenDayForecast\":\"10 Day Forecast\",\"tenday\":\"10 Day\",\"termsOfUse\":\"Terms of Use\",\"today\":\"Today\",\"todayForecast\":\"Today's Forecast\",\"topStories\":\"Top Stories\",\"tv\":\"TV\",\"unitC\":\"\u00B0C\",\"unitF\":\"\u00B0F\",\"units\":\"Units\",\"unitsAndLanguage\":\"Units and Language\",\"video\":\"Video\",\"videoPhotos\":\"Video & Photos\",\"watchLive\":\"Watch Live\",\"waterScarcity\":\"Water Scarcity\",\"weather\":\"Weather\",\"weatherAPI\":\"Weather API\",\"weatherInMotion\":\"Weather in Motion\",\"weatherNews\":\"Weather News\",\"weekend\":\"Weekend\",\"weekendForecast\":\"Weekend Forecast\",\"yesterday\":\"Yesterday's Weather\"},\"wxu-meta\":{\"homePageDescription\":\"The Weather Channel and weather.com provide a national and local weather forecast for cities, as well as weather radar, report and hurricane coverage\",\"homePageKeywords\":\"national weather, national weather forecast, local weather, local weather forecast, weather, weather forecast, weather radar, weather report, hurricane, weather.com, weather channel\",\"homePageTitle\":\"National and Local Weather Radar, Daily Forecast, Hurricane and information from The Weather Channel and weather.com\"},\"wxu-navigation\":{\"10 Day\":\"10 Day\",\"Hourly\":\"Hourly\",\"Monthly\":\"Monthly\",\"Radar\":\"Radar\",\"Site Navigation\":\"Site Navigation\",\"Today\":\"Today\",\"Video\":\"Video\",\"Weekend\":\"Weekend\",\"airQualityForecast\":\"Air Quality Forecast\",\"allergyTracker\":\"Allergy Tracker\",\"boatBeach\":\"Boat & Beach\",\"coldFlu\":\"Cold & Flu\",\"covid19\":\"Covid-19\",\"farming\":\"Farming\",\"fifteenDay\":\"15 Day\",\"fishing\":\"Fishing\",\"gardening\":\"Gardening\",\"more\":\"More\",\"moreForecasts\":\"More Forecasts\",\"skiForecast\":\"Ski Forecast\",\"tenDay\":\"10 Day\",\"yesterday\":\"Yesterday's Weather\"},\"wxu-privacy-data-notice\":{\"ccpaSectionLinkLabel\":\"CCPA Notice\",\"headingTitle\":\"Your Privacy\",\"mainParagraph\":\"See our {{privacyPolicyLink}} to learn about the types of data we collect and how we use and share it. We collect data from your browser to personalize your weather and the ads you see.\",\"mainParagraph_usa\":\"See our {{privacyPolicyLink}} to learn about the types of data we collect and how we use and share it. We collect data from your browser to personalize your weather and the ads you see.\",\"mainParagraph_usa-ccpa\":\"Please refer to the {{ccpaSectionLink}} in our {{privacyPolicyLink}} to learn about the types of data we collect and how we use and share it. We collect data from your device to personalize your weather and the ads you see.\",\"privacyPolicyLinkLabel\":\"Privacy Policy\",\"privacySettingsLabel\":\"Review Privacy and Advertising Settings\"},\"wxu-search\":{\"addCityZip\":\"Search City or Zip Code\",\"clearAll\":\"Clear All\",\"locationDisplayName\":\"${presentationName} Weather\",\"noRecents\":\"You have no recent locations\",\"noResults\":\"No results found\",\"recentLocations\":\"Recent Locations\",\"recentLocationsList\":\"Recent Locations List\",\"searchAccessibleHint\":\"Type at least three characters to start auto complete. Recently searched locations will be displayed if there is no search query. The first option will be automatically selected. Use up and down arrows to change selection. Use escape to clear.\",\"searchDialog\":\"Search Dialog\",\"searchResultsList\":\"Search Result List\",\"searchResultsStatus\":\"${numberOfResults} Results Found for ${searchQuery}\"},\"wxu-taboola\":{\"sponsoredContentTitle\":\"Sponsored Content\"},\"wxu-today-details\":{\"pressure\":\"Pressure\"},\"wxu-today-map\":{\"improveMap\":\"Improve this map\",\"now\":\"Now\",\"radar\":\"Radar\",\"seeRadar\":\"See Radar\"},\"wxu-upsell-toast\":{\"ctaText\":\"Download App\",\"summaryText\":\"Get the world's most downloaded weather app.\",\"title\":\"Faster. Simpler.\"},\"wxu-urls\":{\"airQuality\":\"/${locale}/forecast/air-quality/l/${locId}\",\"alertDetails\":\"/${locale}/weather/alerts/localalerts/l/${locId}\",\"alerts\":\"/${locale}/weather/alerts/localalerts/l/${locId}\",\"allergy\":\"/${locale}/forecast/allergy/l/${locId}\",\"apps\":\"/${locale}/${collectionId}/${assetName}\",\"article\":\"/${locale}/${collectionId}/news/${articleTitle}\",\"betterDecisions\":\"/mission\",\"boatBeach\":\"/${locale}/forecast/boat-beach/l/${locId}\",\"breathing\":\"/${locale}/forecast/breathing/l/${locId}\",\"callforcode\":\"/callforcode\",\"christmasCountdown\":\"/forecast/christmas-countdown/l/${locId}\",\"coldFlu\":\"/${locale}/forecast/cold-flu/l/${locId}\",\"covid19\":\"/${locale}/coronavirus/l/${locId}\",\"covid19map\":\"/${locale}/coronavirus/map/l/${locId}\",\"dataDefinitions\":\"/${locale}/data-definitions\",\"dataInventory\":\"/${locale}/data-inventory\",\"dataPartners\":\"/${locale}/data-partners\",\"dataRights\":\"/${locale}/data-rights\",\"farming\":\"/${locale}/forecast/agriculture/l/${locId}\",\"fishing\":\"/${locale}/forecast/fishing/l/${locId}\",\"fiveday\":\"/${locale}/weather/5day/l/${locId}\",\"goRun\":\"/${locale}/forecast/gorun/l/${locId}\",\"home\":\"/${locale}\",\"hourly\":\"/${locale}/weather/hourbyhour/l/${locId}\",\"interactiveMap\":\"/${locale}/weather/radar/interactive/l/${locId}\",\"legal\":\"/${locale}/${collectionId}/${assetName}\",\"maps\":\"/maps/${collectionId}\",\"memberSettings\":\"/${locale}/member/settings\",\"memorialdayCountdown\":\"/forecast/memorial-day-countdown/l/${locId}\",\"mlbCountdown\":\"/${locale}/forecast/opening-day-countdown/l/${locId}\",\"monthly\":\"/${locale}/weather/monthly/l/${locId}\",\"notification\":\"/${locale}/life/manage-notifications\",\"premiumOnboarding\":\"/premium/onboarding\",\"privacyPolicyDirectory\":\"/${locale}/privacy-policy-directory\",\"privacySettings\":\"/${locale}/privacy-settings\",\"radar\":\"/${locale}/weather/radar/interactive/l/${locId}\",\"rss\":\"/rss\",\"search\":\"/${locale}/search/enhancedlocalsearch\",\"ski\":\"/${locale}/forecast/ski/l/${locId}\",\"slideshows\":\"/${locale}/slideshows\",\"tenday\":\"/${locale}/weather/tenday/l/${locId}\",\"testUrl\":\"/${locale}/weather/testUrl\",\"thanksgivingCountdown\":\"/forecast/thanksgiving-countdown/l/${locId}\",\"today\":\"/${locale}/weather/today/l/${locId}\",\"unsubscribe\":\"/${locale}/life/alerts/unsubscribe\",\"video\":\"/${locale}/${collectionId}/video/${videoTitle}\",\"weekend\":\"/${locale}/weather/weekend/l/${locId}\",\"yesterday\":\"//www.wunderground.com/history/daily/${locId}/yesterday\"},\"wxu-user-subscription\":{\"15MinUpsell\":\"Like the granularity of 15 minute forecasts? Get 7 hours worth instead of 1.\",\"4999Year\":\"$49.99/year (17% off)\",\"4xHourlyForecast\":\"4x the hourly forecasts\",\"account\":\"Account\",\"accountCreated\":\"Your account was created. Your benefits include:\",\"accountLinkLabel\":\"Account\",\"alreadyAccount\":\"Already have an account?\",\"alreadyMember\":\"Already a subscriber?\",\"backToManageAccount\":\"Back to Manage Account\",\"cancelAnytime\":\"Cancel anytime.\",\"congratulations\":\"Congratulations\",\"detailed15Minute\":\"Detailed 15-min forecasts\",\"emailLinkLabel\":\"subscriptions@weather.com\",\"fasterSpeed\":\"Faster speed (due to no ads)\",\"freeSubscription\":\"Free Subscription\",\"freeTrial\":\"Start your FREE 7-DAY Trial\",\"goPremium\":\"Go Premium\",\"havePremium\":\"Have a Premium account?\",\"hourlyUpgradeText\":\"Upgrade to Premium and get 192-hour forecasts, so you can plan farther ahead.\",\"legalText\":\"If you use the promotional code, you will be billed $0.99 per month for your Premium for Web subscription for the first three months, then $4.99 per month thereafter. Purchases not using the promotional code will be billed at $4.99 per month. The promotional code is available to first time subscribers only. Sales tax may apply. During the promotional period and thereafter, your subscription will automatically renew until you cancel. Your payment method will be retained and used to pay for any renewal periods. You may cancel the renewal of your subscription anytime. Premium for Web subscriptions are not available outside the United States or in any territory.\",\"levelUpForecast\":\"Level up your forecast\",\"logIn\":\"Log In\",\"manageAccount\":\"Manage Account\",\"manageSubscription\":\"Manage Subscription\",\"myAccount\":\"My Account\",\"noAds\":\"no ads\",\"premium\":\"Premium\",\"signOut\":\"Sign Out\",\"signUp\":\"Sign Up\",\"signUpHeader\":\"Sign Up \u2014 It\u2019s Free.\",\"signUpPopupContent\":\"Get an account so you can access your saved weather locations and preferences on your phone, computer - anywhere.\",\"signUpPopupTitle\":\"Sign Up - It's Free.\",\"signUpText\":\"Get an account so you can access your saved weather locations and preferences on your phone, computer \u2014 anywhere.\",\"siteLabel\":\"weather.com\",\"siteOnlyText\":\"This Premium subscription is for the ${siteLink} website only.\",\"siteUrl\":\"https://weather.com\",\"soldSeperatelyText\":\"The Premium subscription for The Weather Channel app is sold separately.\",\"subscribe\":\"Subscribe\",\"subscribePremium\":\"Subscribe To Premium\",\"subscribeToPremium\":\"Subscribe to Premium for Web to enjoy our best features yet.\",\"success\":\"Success!\",\"unlockAdFree\":\"Unlock an ad free experience now!\",\"unlockBetterWeather\":\"Level up your forecast.\",\"unlockHourlyForecasts\":\"Unlock more hourly forecasts\",\"unlockWeather\":\"Level up your forecast.\",\"unlockedAdFree\":\"You have already unlocked the ad free experience!\",\"upgradeYourForecast\":\"Upgrade your forecast\",\"withAds\":\"WITH ADS\",\"withoutAds\":\"WITHOUT ADS\"}},\"es\":{\"wxu-urls\":{\"airQuality\":\"/${locale}/forecast/air-quality/l/${locId}\",\"alertDetails\":\"/${locale}/weather/alerts/localalerts/l/${locId}\",\"alerts\":\"/${locale}/weather/alerts/localalerts/l/${locId}\",\"allergy\":\"/${locale}/forecast/allergy/l/${locId}\",\"apps\":\"/${locale}/${collectionId}/${assetName}\",\"article\":\"/${locale}/${collectionId}/news/${articleTitle}\",\"betterDecisions\":\"/misi\u00F3n\",\"boatBeach\":\"/${locale}/forecast/boat-beach/l/${locId}\",\"breathing\":\"/${locale}/forecast/breathing/l/${locId}\",\"callforcode\":\"/callforcode\",\"christmasCountdown\":\"/forecast/christmas-countdown/l/${locId}\",\"coldFlu\":\"/${locale}/forecast/cold-flu/l/${locId}\",\"covid19\":\"/${locale}/coronavirus/l/${locId}\",\"covid19map\":\"/${locale}/coronavirus/map/l/${locId}\",\"dataDefinitions\":\"/${locale}/data-definitions\",\"dataInventory\":\"/${locale}/data-inventory\",\"dataPartners\":\"/${locale}/data-partners\",\"dataRights\":\"/${locale}/data-rights\",\"farming\":\"/${locale}/forecast/agriculture/l/${locId}\",\"fishing\":\"/${locale}/forecast/fishing/l/${locId}\",\"fiveday\":\"/${locale}/tiempo/5dias/l/${locId}\",\"goRun\":\"/${locale}/forecast/gorun/l/${locId}\",\"home\":\"/${locale}\",\"hourly\":\"/${locale}/tiempo/horario/l/${locId}\",\"interactiveMap\":\"/${locale}/tiempo/mapas/interactive/l/${locId}\",\"legal\":\"/${locale}/${collectionId}/${assetName}\",\"maps\":\"/maps/${collectionId}\",\"memberSettings\":\"/${locale}/member/settings\",\"memorialdayCountdown\":\"/forecast/memorial-day-countdown/l/${locId}\",\"mlbCountdown\":\"/${locale}/forecast/opening-day-countdown/l/${locId}\",\"monthly\":\"/${locale}/tiempo/mensual/l/${locId}\",\"notification\":\"/${locale}/life/manage-notifications\",\"premiumOnboarding\":\"/premium/onboarding\",\"privacyPolicyDirectory\":\"/${locale}/directorio-de-pol\u00EDticas-de-privacidad\",\"privacySettings\":\"/${locale}/privacy-settings\",\"radar\":\"/${locale}/tiempo/mapas/interactive/l/${locId}\",\"rss\":\"/rss\",\"search\":\"/${locale}/search/enhancedlocalsearch\",\"ski\":\"/${locale}/forecast/ski/l/${locId}\",\"slideshows\":\"/${locale}/slideshows\",\"tenday\":\"/${locale}/tiempo/10dias/l/${locId}\",\"testUrl\":\"/${locale}/weather/testUrl\",\"thanksgivingCountdown\":\"/forecast/thanksgiving-countdown/l/${locId}\",\"today\":\"/${locale}/tiempo/hoy/l/${locId}\",\"unsubscribe\":\"/${locale}/life/alerts/unsubscribe\",\"video\":\"/${locale}/${collectionId}/video/${videoTitle}\",\"weekend\":\"/${locale}/tiempo/finde/l/${locId}\",\"yesterday\":\"//www.wunderground.com/history/daily/${locId}/yesterday\"}},\"es-AR\":{\"wxu-urls\":{\"airQuality\":\"/${locale}/forecast/air-quality/l/${locId}\",\"alertDetails\":\"/${locale}/weather/alerts/localalerts/l/${locId}\",\"alerts\":\"/${locale}/weather/alerts/localalerts/l/${locId}\",\"allergy\":\"/${locale}/forecast/allergy/l/${locId}\",\"apps\":\"/${locale}/${collectionId}/${assetName}\",\"article\":\"/${locale}/${collectionId}/news/${articleTitle}\",\"betterDecisions\":\"/misi\u00F3n\",\"boatBeach\":\"/${locale}/forecast/boat-beach/l/${locId}\",\"breathing\":\"/${locale}/forecast/breathing/l/${locId}\",\"callforcode\":\"/callforcode\",\"christmasCountdown\":\"/forecast/christmas-countdown/l/${locId}\",\"coldFlu\":\"/${locale}/forecast/cold-flu/l/${locId}\",\"covid19\":\"/${locale}/coronavirus/l/${locId}\",\"covid19map\":\"/${locale}/coronavirus/map/l/${locId}\",\"dataDefinitions\":\"/${locale}/data-definitions\",\"dataInventory\":\"/${locale}/data-inventory\",\"dataPartners\":\"/${locale}/data-partners\",\"dataRights\":\"/${locale}/data-rights\",\"farming\":\"/${locale}/forecast/agriculture/l/${locId}\",\"fishing\":\"/${locale}/forecast/fishing/l/${locId}\",\"fiveday\":\"/${locale}/tiempo/5dias/l/${locId}\",\"goRun\":\"/${locale}/forecast/gorun/l/${locId}\",\"home\":\"/${locale}\",\"hourly\":\"/${locale}/tiempo/horario/l/${locId}\",\"interactiveMap\":\"/${locale}/tiempo/mapas/interactive/l/${locId}\",\"legal\":\"/${locale}/${collectionId}/${assetName}\",\"maps\":\"/maps/${collectionId}\",\"memberSettings\":\"/${locale}/member/settings\",\"memorialdayCountdown\":\"/forecast/memorial-day-countdown/l/${locId}\",\"mlbCountdown\":\"/${locale}/forecast/opening-day-countdown/l/${locId}\",\"monthly\":\"/${locale}/tiempo/mensual/l/${locId}\",\"notification\":\"/${locale}/life/manage-notifications\",\"premiumOnboarding\":\"/premium/onboarding\",\"privacyPolicyDirectory\":\"/${locale}/directorio-de-pol\u00EDticas-de-privacidad\",\"privacySettings\":\"/${locale}/privacy-settings\",\"radar\":\"/${locale}/weather/radar/interactive/l/${locId}\",\"rss\":\"/rss\",\"search\":\"/${locale}/search/enhancedlocalsearch\",\"ski\":\"/${locale}/forecast/ski/l/${locId}\",\"slideshows\":\"/${locale}/slideshows\",\"tenday\":\"/${locale}/tiempo/10dias/l/${locId}\",\"testUrl\":\"/${locale}/weather/testUrl\",\"thanksgivingCountdown\":\"/forecast/thanksgiving-countdown/l/${locId}\",\"today\":\"/${locale}/tiempo/hoy/l/${locId}\",\"unsubscribe\":\"/${locale}/life/alerts/unsubscribe\",\"video\":\"/${locale}/${collectionId}/video/${videoTitle}\",\"weekend\":\"/${locale}/tiempo/finde/l/${locId}\",\"yesterday\":\"//www.wunderground.com/history/daily/${locId}/yesterday\"}},\"es-ES\":{\"wxu-urls\":{\"airQuality\":\"/${locale}/forecast/air-quality/l/${locId}\",\"alertDetails\":\"/${locale}/weather/alerts/localalerts/l/${locId}\",\"alerts\":\"/${locale}/weather/alerts/localalerts/l/${locId}\",\"allergy\":\"/${locale}/forecast/allergy/l/${locId}\",\"apps\":\"/${locale}/${collectionId}/${assetName}\",\"article\":\"/${locale}/${collectionId}/news/${articleTitle}\",\"betterDecisions\":\"/misi\u00F3n\",\"boatBeach\":\"/${locale}/forecast/boat-beach/l/${locId}\",\"breathing\":\"/${locale}/forecast/breathing/l/${locId}\",\"callforcode\":\"/callforcode\",\"christmasCountdown\":\"/forecast/christmas-countdown/l/${locId}\",\"coldFlu\":\"/${locale}/forecast/cold-flu/l/${locId}\",\"covid19\":\"/${locale}/coronavirus/l/${locId}\",\"covid19map\":\"/${locale}/coronavirus/map/l/${locId}\",\"dataDefinitions\":\"/${locale}/data-definitions\",\"dataInventory\":\"/${locale}/data-inventory\",\"dataPartners\":\"/${locale}/data-partners\",\"dataRights\":\"/${locale}/data-rights\",\"farming\":\"/${locale}/forecast/agriculture/l/${locId}\",\"fishing\":\"/${locale}/forecast/fishing/l/${locId}\",\"fiveday\":\"/${locale}/tiempo/5dias/l/${locId}\",\"goRun\":\"/${locale}/forecast/gorun/l/${locId}\",\"home\":\"/${locale}\",\"hourly\":\"/${locale}/tiempo/horario/l/${locId}\",\"interactiveMap\":\"/${locale}/tiempo/mapas/interactive/l/${locId}\",\"legal\":\"/${locale}/${collectionId}/${assetName}\",\"maps\":\"/maps/${collectionId}\",\"memberSettings\":\"/${locale}/member/settings\",\"memorialdayCountdown\":\"/forecast/memorial-day-countdown/l/${locId}\",\"mlbCountdown\":\"/${locale}/forecast/opening-day-countdown/l/${locId}\",\"monthly\":\"/${locale}/tiempo/mensual/l/${locId}\",\"notification\":\"/${locale}/life/manage-notifications\",\"premiumOnboarding\":\"/premium/onboarding\",\"privacyPolicyDirectory\":\"/${locale}/directorio-de-pol\u00EDticas-de-privacidad\",\"privacySettings\":\"/${locale}/privacy-settings\",\"radar\":\"/${locale}/tiempo/mapas/interactive/l/${locId}\",\"rss\":\"/rss\",\"search\":\"/${locale}/search/enhancedlocalsearch\",\"ski\":\"/${locale}/forecast/ski/l/${locId}\",\"slideshows\":\"/${locale}/slideshows\",\"tenday\":\"/${locale}/tiempo/10dias/l/${locId}\",\"testUrl\":\"/${locale}/weather/testUrl\",\"thanksgivingCountdown\":\"/forecast/thanksgiving-countdown/l/${locId}\",\"today\":\"/${locale}/tiempo/hoy/l/${locId}\",\"unsubscribe\":\"/${locale}/life/alerts/unsubscribe\",\"video\":\"/${locale}/${collectionId}/video/${videoTitle}\",\"weekend\":\"/${locale}/tiempo/finde/l/${locId}\",\"yesterday\":\"//www.wunderground.com/history/daily/${locId}/yesterday\"}},\"es-LA\":{\"wxu-urls\":{\"airQuality\":\"/${locale}/forecast/air-quality/l/${locId}\",\"alertDetails\":\"/${locale}/weather/alerts/localalerts/l/${locId}\",\"alerts\":\"/${locale}/weather/alerts/localalerts/l/${locId}\",\"allergy\":\"/${locale}/forecast/allergy/l/${locId}\",\"apps\":\"/${locale}/${collectionId}/${assetName}\",\"article\":\"/${locale}/${collectionId}/news/${articleTitle}\",\"betterDecisions\":\"/misi\u00F3n\",\"boatBeach\":\"/${locale}/forecast/boat-beach/l/${locId}\",\"breathing\":\"/${locale}/forecast/breathing/l/${locId}\",\"callforcode\":\"/callforcode\",\"christmasCountdown\":\"/forecast/christmas-countdown/l/${locId}\",\"coldFlu\":\"/${locale}/forecast/cold-flu/l/${locId}\",\"covid19\":\"/${locale}/coronavirus/l/${locId}\",\"covid19map\":\"/${locale}/coronavirus/map/l/${locId}\",\"dataDefinitions\":\"/${locale}/data-definitions\",\"dataInventory\":\"/${locale}/data-inventory\",\"dataPartners\":\"/${locale}/data-partners\",\"dataRights\":\"/${locale}/data-rights\",\"farming\":\"/${locale}/forecast/agriculture/l/${locId}\",\"fishing\":\"/${locale}/forecast/fishing/l/${locId}\",\"fiveday\":\"/${locale}/tiempo/5dias/l/${locId}\",\"goRun\":\"/${locale}/forecast/gorun/l/${locId}\",\"home\":\"/${locale}\",\"hourly\":\"/${locale}/tiempo/horario/l/${locId}\",\"interactiveMap\":\"/${locale}/tiempo/mapas/interactive/l/${locId}\",\"legal\":\"/${locale}/${collectionId}/${assetName}\",\"maps\":\"/maps/${collectionId}\",\"memberSettings\":\"/${locale}/member/settings\",\"memorialdayCountdown\":\"/forecast/memorial-day-countdown/l/${locId}\",\"mlbCountdown\":\"/${locale}/forecast/opening-day-countdown/l/${locId}\",\"monthly\":\"/${locale}/tiempo/mensual/l/${locId}\",\"notification\":\"/${locale}/life/manage-notifications\",\"premiumOnboarding\":\"/premium/onboarding\",\"privacyPolicyDirectory\":\"/${locale}/directorio-de-pol\u00EDticas-de-privacidad\",\"privacySettings\":\"/${locale}/privacy-settings\",\"radar\":\"/${locale}/weather/radar/interactive/l/${locId}\",\"rss\":\"/rss\",\"search\":\"/${locale}/search/enhancedlocalsearch\",\"ski\":\"/${locale}/forecast/ski/l/${locId}\",\"slideshows\":\"/${locale}/slideshows\",\"tenday\":\"/${locale}/tiempo/10dias/l/${locId}\",\"testUrl\":\"/${locale}/weather/testUrl\",\"thanksgivingCountdown\":\"/forecast/thanksgiving-countdown/l/${locId}\",\"today\":\"/${locale}/tiempo/hoy/l/${locId}\",\"unsubscribe\":\"/${locale}/life/alerts/unsubscribe\",\"video\":\"/${locale}/${collectionId}/video/${videoTitle}\",\"weekend\":\"/${locale}/tiempo/finde/l/${locId}\",\"yesterday\":\"//www.wunderground.com/history/daily/${locId}/yesterday\"}},\"es-US\":{\"wxu-urls\":{\"airQuality\":\"/${locale}/forecast/air-quality/l/${locId}\",\"alertDetails\":\"/${locale}/weather/alerts/localalerts/l/${locId}\",\"alerts\":\"/${locale}/weather/alerts/localalerts/l/${locId}\",\"allergy\":\"/${locale}/forecast/allergy/l/${locId}\",\"apps\":\"/${locale}/${collectionId}/${assetName}\",\"article\":\"/${locale}/${collectionId}/news/${articleTitle}\",\"betterDecisions\":\"/misi\u00F3n\",\"boatBeach\":\"/${locale}/forecast/boat-beach/l/${locId}\",\"breathing\":\"/${locale}/forecast/breathing/l/${locId}\",\"callforcode\":\"/callforcode\",\"christmasCountdown\":\"/forecast/christmas-countdown/l/${locId}\",\"coldFlu\":\"/${locale}/forecast/cold-flu/l/${locId}\",\"covid19\":\"/${locale}/coronavirus/l/${locId}\",\"covid19map\":\"/${locale}/coronavirus/map/l/${locId}\",\"dataDefinitions\":\"/${locale}/data-definitions\",\"dataInventory\":\"/${locale}/data-inventory\",\"dataPartners\":\"/${locale}/data-partners\",\"dataRights\":\"/${locale}/data-rights\",\"farming\":\"/${locale}/forecast/agriculture/l/${locId}\",\"fishing\":\"/${locale}/forecast/fishing/l/${locId}\",\"fiveday\":\"/${locale}/tiempo/5dias/l/${locId}\",\"goRun\":\"/${locale}/forecast/gorun/l/${locId}\",\"home\":\"/${locale}\",\"hourly\":\"/${locale}/tiempo/horario/l/${locId}\",\"interactiveMap\":\"/${locale}/tiempo/mapas/interactive/l/${locId}\",\"legal\":\"/${locale}/${collectionId}/${assetName}\",\"maps\":\"/maps/${collectionId}\",\"memberSettings\":\"/${locale}/member/settings\",\"memorialdayCountdown\":\"/forecast/memorial-day-countdown/l/${locId}\",\"mlbCountdown\":\"/${locale}/forecast/opening-day-countdown/l/${locId}\",\"monthly\":\"/${locale}/tiempo/mensual/l/${locId}\",\"notification\":\"/${locale}/life/manage-notifications\",\"premiumOnboarding\":\"/premium/onboarding\",\"privacyPolicyDirectory\":\"/${locale}/directorio-de-pol\u00EDticas-de-privacidad\",\"privacySettings\":\"/${locale}/privacy-settings\",\"radar\":\"/${locale}/tiempo/mapas/interactive/l/${locId}\",\"rss\":\"/rss\",\"search\":\"/${locale}/search/enhancedlocalsearch\",\"ski\":\"/${locale}/forecast/ski/l/${locId}\",\"slideshows\":\"/${locale}/slideshows\",\"tenday\":\"/${locale}/tiempo/10dias/l/${locId}\",\"testUrl\":\"/${locale}/weather/testUrl\",\"thanksgivingCountdown\":\"/forecast/thanksgiving-countdown/l/${locId}\",\"today\":\"/${locale}/tiempo/hoy/l/${locId}\",\"unsubscribe\":\"/${locale}/life/alerts/unsubscribe\",\"video\":\"/${locale}/${collectionId}/video/${videoTitle}\",\"weekend\":\"/${locale}/tiempo/finde/l/${locId}\",\"yesterday\":\"//www.wunderground.com/history/daily/${locId}/yesterday\"}},\"et-EE\":{\"wxu-urls\":{\"airQuality\":\"/${locale}/forecast/air-quality/l/${locId}\",\"alertDetails\":\"/${locale}/weather/alerts/localalerts/l/${locId}\",\"alerts\":\"/${locale}/weather/alerts/localalerts/l/${locId}\",\"allergy\":\"/${locale}/forecast/allergy/l/${locId}\",\"apps\":\"/${locale}/${collectionId}/${assetName}\",\"article\":\"/${locale}/${collectionId}/news/${articleTitle}\",\"betterDecisions\":\"/mission\",\"boatBeach\":\"/${locale}/forecast/boat-beach/l/${locId}\",\"breathing\":\"/${locale}/forecast/breathing/l/${locId}\",\"callforcode\":\"/callforcode\",\"christmasCountdown\":\"/forecast/christmas-countdown/l/${locId}\",\"coldFlu\":\"/${locale}/forecast/cold-flu/l/${locId}\",\"covid19\":\"/${locale}/coronavirus/l/${locId}\",\"covid19map\":\"/${locale}/coronavirus/map/l/${locId}\",\"dataDefinitions\":\"/${locale}/data-definitions\",\"dataInventory\":\"/${locale}/data-inventory\",\"dataPartners\":\"/${locale}/data-partners\",\"dataRights\":\"/${locale}/data-rights\",\"farming\":\"/${locale}/forecast/agriculture/l/${locId}\",\"fishing\":\"/${locale}/forecast/fishing/l/${locId}\",\"fiveday\":\"/${locale}/ilm/5paeva/l/${locId}\",\"goRun\":\"/${locale}/forecast/gorun/l/${locId}\",\"home\":\"/${locale}\",\"hourly\":\"/${locale}/ilm/tunnikaupa/l/${locId}\",\"interactiveMap\":\"/${locale}/ilm/kaardid/interaktiivne/l/${locId}\",\"legal\":\"/${locale}/${collectionId}/${assetName}\",\"maps\":\"/maps/${collectionId}\",\"memberSettings\":\"/${locale}/member/settings\",\"memorialdayCountdown\":\"/forecast/memorial-day-countdown/l/${locId}\",\"mlbCountdown\":\"/${locale}/forecast/opening-day-countdown/l/${locId}\",\"monthly\":\"/${locale}/ilm/igakuine/l/${locId}\",\"notification\":\"/${locale}/life/manage-notifications\",\"premiumOnboarding\":\"/premium/onboarding\",\"privacyPolicyDirectory\":\"/${locale}/privacy-policy-directory\",\"privacySettings\":\"/${locale}/privacy-settings\",\"radar\":\"/${locale}/weather/radar/interactive/l/${locId}\",\"rss\":\"/rss\",\"search\":\"/${locale}/search/enhancedlocalsearch\",\"ski\":\"/${locale}/forecast/ski/l/${locId}\",\"slideshows\":\"/${locale}/slideshows\",\"tenday\":\"/${locale}/ilm/kummepaeva/l/${locId}\",\"testUrl\":\"/${locale}/weather/testUrl\",\"thanksgivingCountdown\":\"/forecast/thanksgiving-countdown/l/${locId}\",\"today\":\"/${locale}/ilm/tana/l/${locId}\",\"unsubscribe\":\"/${locale}/life/alerts/unsubscribe\",\"video\":\"/${locale}/${collectionId}/video/${videoTitle}\",\"weekend\":\"/${locale}/ilm/nadalavahetus/l/${locId}\",\"yesterday\":\"//www.wunderground.com/history/daily/${locId}/yesterday\"}},\"fa-IR\":{\"wxu-urls\":{\"airQuality\":\"/${locale}/forecast/air-quality/l/${locId}\",\"alertDetails\":\"/${locale}/weather/alerts/localalerts/l/${locId}\",\"alerts\":\"/${locale}/weather/alerts/localalerts/l/${locId}\",\"allergy\":\"/${locale}/forecast/allergy/l/${locId}\",\"apps\":\"/${locale}/${collectionId}/${assetName}\",\"article\":\"/${locale}/${collectionId}/news/${articleTitle}\",\"betterDecisions\":\"/\u0645\u0623\u0645\u0648\u0631\u06CC\u062A\",\"boatBeach\":\"/${locale}/forecast/boat-beach/l/${locId}\",\"breathing\":\"/${locale}/forecast/breathing/l/${locId}\",\"callforcode\":\"/callforcode\",\"christmasCountdown\":\"/forecast/christmas-countdown/l/${locId}\",\"coldFlu\":\"/${locale}/forecast/cold-flu/l/${locId}\",\"covid19\":\"/${locale}/coronavirus/l/${locId}\",\"covid19map\":\"/${locale}/coronavirus/map/l/${locId}\",\"dataDefinitions\":\"/${locale}/data-definitions\",\"dataInventory\":\"/${locale}/data-inventory\",\"dataPartners\":\"/${locale}/data-partners\",\"dataRights\":\"/${locale}/data-rights\",\"farming\":\"/${locale}/forecast/agriculture/l/${locId}\",\"fishing\":\"/${locale}/forecast/fishing/l/${locId}\",\"fiveday\":\"/${locale}/weather/5day/l/${locId}\",\"goRun\":\"/${locale}/forecast/gorun/l/${locId}\",\"home\":\"/${locale}\",\"hourly\":\"/${locale}/weather/hourbyhour/l/${locId}\",\"interactiveMap\":\"/${locale}/weather/radar/interactive/l/${locId}\",\"legal\":\"/${locale}/${collectionId}/${assetName}\",\"maps\":\"/maps/${collectionId}\",\"memberSettings\":\"/${locale}/member/settings\",\"memorialdayCountdown\":\"/forecast/memorial-day-countdown/l/${locId}\",\"mlbCountdown\":\"/${locale}/forecast/opening-day-countdown/l/${locId}\",\"monthly\":\"/${locale}/weather/monthly/l/${locId}\",\"notification\":\"/${locale}/life/manage-notifications\",\"premiumOnboarding\":\"/premium/onboarding\",\"privacyPolicyDirectory\":\"/${locale}/privacy-policy-directory\",\"privacySettings\":\"/${locale}/privacy-settings\",\"radar\":\"/${locale}/weather/radar/interactive/l/${locId}\",\"rss\":\"/rss\",\"search\":\"/${locale}/search/enhancedlocalsearch\",\"ski\":\"/${locale}/forecast/ski/l/${locId}\",\"slideshows\":\"/${locale}/slideshows\",\"tenday\":\"/${locale}/weather/tenday/l/${locId}\",\"testUrl\":\"/${locale}/weather/testUrl\",\"thanksgivingCountdown\":\"/forecast/thanksgiving-countdown/l/${locId}\",\"today\":\"/${locale}/weather/today/l/${locId}\",\"unsubscribe\":\"/${locale}/life/alerts/unsubscribe\",\"video\":\"/${locale}/${collectionId}/video/${videoTitle}\",\"weekend\":\"/${locale}/weather/weekend/l/${locId}\",\"yesterday\":\"//www.wunderground.com/history/daily/${locId}/yesterday\"}},\"fi-FI\":{\"wxu-urls\":{\"airQuality\":\"/${locale}/forecast/air-quality/l/${locId}\",\"alertDetails\":\"/${locale}/weather/alerts/localalerts/l/${locId}\",\"alerts\":\"/${locale}/weather/alerts/localalerts/l/${locId}\",\"allergy\":\"/${locale}/forecast/allergy/l/${locId}\",\"apps\":\"/${locale}/${collectionId}/${assetName}\",\"article\":\"/${locale}/${collectionId}/news/${articleTitle}\",\"betterDecisions\":\"/mission\",\"boatBeach\":\"/${locale}/forecast/boat-beach/l/${locId}\",\"breathing\":\"/${locale}/forecast/breathing/l/${locId}\",\"callforcode\":\"/callforcode\",\"christmasCountdown\":\"/forecast/christmas-countdown/l/${locId}\",\"coldFlu\":\"/${locale}/forecast/cold-flu/l/${locId}\",\"covid19\":\"/${locale}/coronavirus/l/${locId}\",\"covid19map\":\"/${locale}/coronavirus/map/l/${locId}\",\"dataDefinitions\":\"/${locale}/data-definitions\",\"dataInventory\":\"/${locale}/data-inventory\",\"dataPartners\":\"/${locale}/data-partners\",\"dataRights\":\"/${locale}/data-rights\",\"farming\":\"/${locale}/forecast/agriculture/l/${locId}\",\"fishing\":\"/${locale}/forecast/fishing/l/${locId}\",\"fiveday\":\"/${locale}/weather/5day/l/${locId}\",\"goRun\":\"/${locale}/forecast/gorun/l/${locId}\",\"home\":\"/${locale}\",\"hourly\":\"/${locale}/weather/hourbyhour/l/${locId}\",\"interactiveMap\":\"/${locale}/weather/radar/interactive/l/${locId}\",\"legal\":\"/${locale}/${collectionId}/${assetName}\",\"maps\":\"/maps/${collectionId}\",\"memberSettings\":\"/${locale}/member/settings\",\"memorialdayCountdown\":\"/forecast/memorial-day-countdown/l/${locId}\",\"mlbCountdown\":\"/${locale}/forecast/opening-day-countdown/l/${locId}\",\"monthly\":\"/${locale}/weather/monthly/l/${locId}\",\"notification\":\"/${locale}/life/manage-notifications\",\"premiumOnboarding\":\"/premium/onboarding\",\"privacyPolicyDirectory\":\"/${locale}/privacy-policy-directory\",\"privacySettings\":\"/${locale}/privacy-settings\",\"radar\":\"/${locale}/weather/radar/interactive/l/${locId}\",\"rss\":\"/rss\",\"search\":\"/${locale}/search/enhancedlocalsearch\",\"ski\":\"/${locale}/forecast/ski/l/${locId}\",\"slideshows\":\"/${locale}/slideshows\",\"tenday\":\"/${locale}/weather/tenday/l/${locId}\",\"testUrl\":\"/${locale}/weather/testUrl\",\"thanksgivingCountdown\":\"/forecast/thanksgiving-countdown/l/${locId}\",\"today\":\"/${locale}/weather/today/l/${locId}\",\"unsubscribe\":\"/${locale}/life/alerts/unsubscribe\",\"video\":\"/${locale}/${collectionId}/video/${videoTitle}\",\"weekend\":\"/${locale}/weather/weekend/l/${locId}\",\"yesterday\":\"//www.wunderground.com/history/daily/${locId}/yesterday\"}},\"fr\":{\"wxu-urls\":{\"airQuality\":\"/${locale}/forecast/air-quality/l/${locId}\",\"alertDetails\":\"/${locale}/weather/alerts/localalerts/l/${locId}\",\"alerts\":\"/${locale}/weather/alerts/localalerts/l/${locId}\",\"allergy\":\"/${locale}/forecast/allergy/l/${locId}\",\"apps\":\"/${locale}/${collectionId}/${assetName}\",\"article\":\"/${locale}/${collectionId}/news/${articleTitle}\",\"betterDecisions\":\"/mission\",\"boatBeach\":\"/${locale}/forecast/boat-beach/l/${locId}\",\"breathing\":\"/${locale}/forecast/breathing/l/${locId}\",\"callforcode\":\"/callforcode\",\"christmasCountdown\":\"/forecast/christmas-countdown/l/${locId}\",\"coldFlu\":\"/${locale}/forecast/cold-flu/l/${locId}\",\"covid19\":\"/${locale}/coronavirus/l/${locId}\",\"covid19map\":\"/${locale}/coronavirus/map/l/${locId}\",\"dataDefinitions\":\"/${locale}/d\u00E9finitions des donn\u00E9es\",\"dataInventory\":\"/${locale}/data-inventory\",\"dataPartners\":\"/${locale}/data-partners\",\"dataRights\":\"/${locale}/droits sur les donn\u00E9es\",\"farming\":\"/${locale}/forecast/agriculture/l/${locId}\",\"fishing\":\"/${locale}/forecast/fishing/l/${locId}\",\"fiveday\":\"/${locale}/temps/5jours/l/${locId}\",\"goRun\":\"/${locale}/forecast/gorun/l/${locId}\",\"home\":\"/${locale}\",\"hourly\":\"/${locale}/temps/parheure/l/${locId}\",\"interactiveMap\":\"/${locale}/temps/cartes/interactive/l/${locId}\",\"legal\":\"/${locale}/${collectionId}/${assetName}\",\"maps\":\"/maps/${collectionId}\",\"memberSettings\":\"/${locale}/member/settings\",\"memorialdayCountdown\":\"/forecast/memorial-day-countdown/l/${locId}\",\"mlbCountdown\":\"/${locale}/forecast/opening-day-countdown/l/${locId}\",\"monthly\":\"/${locale}/temps/mensuel/l/${locId}\",\"notification\":\"/${locale}/life/manage-notifications\",\"premiumOnboarding\":\"/premium/onboarding\",\"privacyPolicyDirectory\":\"/${locale}/privacy-policy-directory\",\"privacySettings\":\"/${locale}/privacy-settings\",\"radar\":\"/${locale}/weather/radar/interactive/l/${locId}\",\"rss\":\"/rss\",\"search\":\"/${locale}/search/enhancedlocalsearch\",\"ski\":\"/${locale}/forecast/ski/l/${locId}\",\"slideshows\":\"/${locale}/slideshows\",\"tenday\":\"/${locale}/temps/10jours/l/${locId}\",\"testUrl\":\"/${locale}/weather/testUrl\",\"thanksgivingCountdown\":\"/forecast/thanksgiving-countdown/l/${locId}\",\"today\":\"/${locale}/temps/aujour/l/${locId}\",\"unsubscribe\":\"/${locale}/life/alerts/unsubscribe\",\"video\":\"/${locale}/${collectionId}/video/${videoTitle}\",\"weekend\":\"/${locale}/temps/week-end/l/${locId}\",\"yesterday\":\"//www.wunderground.com/history/daily/${locId}/yesterday\"}},\"fr-CA\":{\"wxu-urls\":{\"airQuality\":\"/${locale}/forecast/air-quality/l/${locId}\",\"alertDetails\":\"/${locale}/weather/alerts/localalerts/l/${locId}\",\"alerts\":\"/${locale}/weather/alerts/localalerts/l/${locId}\",\"allergy\":\"/${locale}/forecast/allergy/l/${locId}\",\"apps\":\"/${locale}/${collectionId}/${assetName}\",\"article\":\"/${locale}/${collectionId}/news/${articleTitle}\",\"betterDecisions\":\"/mission\",\"boatBeach\":\"/${locale}/forecast/boat-beach/l/${locId}\",\"breathing\":\"/${locale}/forecast/breathing/l/${locId}\",\"callforcode\":\"/callforcode\",\"christmasCountdown\":\"/forecast/christmas-countdown/l/${locId}\",\"coldFlu\":\"/${locale}/forecast/cold-flu/l/${locId}\",\"covid19\":\"/${locale}/coronavirus/l/${locId}\",\"covid19map\":\"/${locale}/coronavirus/map/l/${locId}\",\"dataDefinitions\":\"/${locale}/donn\u00E9es-d\u00E9finitions\",\"dataInventory\":\"/${locale}/data-inventory\",\"dataPartners\":\"/${locale}/data-partners\",\"dataRights\":\"/${locale}/donn\u00E9es-droits\",\"farming\":\"/${locale}/forecast/agriculture/l/${locId}\",\"fishing\":\"/${locale}/forecast/fishing/l/${locId}\",\"fiveday\":\"/${locale}/temps/5jours/l/${locId}\",\"goRun\":\"/${locale}/forecast/gorun/l/${locId}\",\"home\":\"/${locale}\",\"hourly\":\"/${locale}/temps/parheure/l/${locId}\",\"interactiveMap\":\"/${locale}/temps/cartes/interactive/l/${locId}\",\"legal\":\"/${locale}/${collectionId}/${assetName}\",\"maps\":\"/maps/${collectionId}\",\"memberSettings\":\"/${locale}/member/settings\",\"memorialdayCountdown\":\"/forecast/memorial-day-countdown/l/${locId}\",\"mlbCountdown\":\"/${locale}/forecast/opening-day-countdown/l/${locId}\",\"monthly\":\"/${locale}/temps/mensuel/l/${locId}\",\"notification\":\"/${locale}/life/manage-notifications\",\"premiumOnboarding\":\"/premium/onboarding\",\"privacyPolicyDirectory\":\"/${locale}/privacy-policy-directory\",\"privacySettings\":\"/${locale}/privacy-settings\",\"radar\":\"/${locale}/temps/cartes/interactive/l/${locId}\",\"rss\":\"/rss\",\"search\":\"/${locale}/search/enhancedlocalsearch\",\"ski\":\"/${locale}/forecast/ski/l/${locId}\",\"slideshows\":\"/${locale}/slideshows\",\"tenday\":\"/${locale}/temps/10jours/l/${locId}\",\"testUrl\":\"/${locale}/weather/testUrl\",\"thanksgivingCountdown\":\"/forecast/thanksgiving-countdown/l/${locId}\",\"today\":\"/${locale}/temps/aujour/l/${locId}\",\"unsubscribe\":\"/${locale}/life/alerts/unsubscribe\",\"video\":\"/${locale}/${collectionId}/video/${videoTitle}\",\"weekend\":\"/${locale}/temps/week-end/l/${locId}\",\"yesterday\":\"//www.wunderground.com/history/daily/${locId}/yesterday\"}},\"fr-FR\":{\"wxu-urls\":{\"airQuality\":\"/${locale}/forecast/air-quality/l/${locId}\",\"alertDetails\":\"/${locale}/weather/alerts/localalerts/l/${locId}\",\"alerts\":\"/${locale}/weather/alerts/localalerts/l/${locId}\",\"allergy\":\"/${locale}/forecast/allergy/l/${locId}\",\"apps\":\"/${locale}/${collectionId}/${assetName}\",\"article\":\"/${locale}/${collectionId}/news/${articleTitle}\",\"betterDecisions\":\"/mission\",\"boatBeach\":\"/${locale}/forecast/boat-beach/l/${locId}\",\"breathing\":\"/${locale}/forecast/breathing/l/${locId}\",\"callforcode\":\"/callforcode\",\"christmasCountdown\":\"/forecast/christmas-countdown/l/${locId}\",\"coldFlu\":\"/${locale}/forecast/cold-flu/l/${locId}\",\"covid19\":\"/${locale}/coronavirus/l/${locId}\",\"covid19map\":\"/${locale}/coronavirus/map/l/${locId}\",\"dataDefinitions\":\"/${locale}/d\u00E9finitions des donn\u00E9es\",\"dataInventory\":\"/${locale}/data-inventory\",\"dataPartners\":\"/${locale}/data-partners\",\"dataRights\":\"/${locale}/droits sur les donn\u00E9es\",\"farming\":\"/${locale}/forecast/agriculture/l/${locId}\",\"fishing\":\"/${locale}/forecast/fishing/l/${locId}\",\"fiveday\":\"/${locale}/temps/5jours/l/${locId}\",\"goRun\":\"/${locale}/forecast/gorun/l/${locId}\",\"home\":\"/${locale}\",\"hourly\":\"/${locale}/temps/parheure/l/${locId}\",\"interactiveMap\":\"/${locale}/temps/cartes/interactive/l/${locId}\",\"legal\":\"/${locale}/${collectionId}/${assetName}\",\"maps\":\"/maps/${collectionId}\",\"memberSettings\":\"/${locale}/member/settings\",\"memorialdayCountdown\":\"/forecast/memorial-day-countdown/l/${locId}\",\"mlbCountdown\":\"/${locale}/forecast/opening-day-countdown/l/${locId}\",\"monthly\":\"/${locale}/temps/mensuel/l/${locId}\",\"notification\":\"/${locale}/life/manage-notifications\",\"premiumOnboarding\":\"/premium/onboarding\",\"privacyPolicyDirectory\":\"/${locale}/privacy-policy-directory\",\"privacySettings\":\"/${locale}/privacy-settings\",\"radar\":\"/${locale}/weather/radar/interactive/l/${locId}\",\"rss\":\"/rss\",\"search\":\"/${locale}/search/enhancedlocalsearch\",\"ski\":\"/${locale}/forecast/ski/l/${locId}\",\"slideshows\":\"/${locale}/slideshows\",\"tenday\":\"/${locale}/temps/10jours/l/${locId}\",\"testUrl\":\"/${locale}/weather/testUrl\",\"thanksgivingCountdown\":\"/forecast/thanksgiving-countdown/l/${locId}\",\"today\":\"/${locale}/temps/aujour/l/${locId}\",\"unsubscribe\":\"/${locale}/life/alerts/unsubscribe\",\"video\":\"/${locale}/${collectionId}/video/${videoTitle}\",\"weekend\":\"/${locale}/temps/week-end/l/${locId}\",\"yesterday\":\"//www.wunderground.com/history/daily/${locId}/yesterday\"}},\"gu-IN\":{\"wxu-urls\":{\"airQuality\":\"/${locale}/forecast/air-quality/l/${locId}\",\"alertDetails\":\"/${locale}/weather/alerts/localalerts/l/${locId}\",\"alerts\":\"/${locale}/weather/alerts/localalerts/l/${locId}\",\"allergy\":\"/${locale}/forecast/allergy/l/${locId}\",\"apps\":\"/${locale}/${collectionId}/${assetName}\",\"article\":\"/${locale}/${collectionId}/news/${articleTitle}\",\"betterDecisions\":\"/mission\",\"boatBeach\":\"/${locale}/forecast/boat-beach/l/${locId}\",\"breathing\":\"/${locale}/forecast/breathing/l/${locId}\",\"callforcode\":\"/callforcode\",\"christmasCountdown\":\"/forecast/christmas-countdown/l/${locId}\",\"coldFlu\":\"/${locale}/forecast/cold-flu/l/${locId}\",\"covid19\":\"/${locale}/coronavirus/l/${locId}\",\"covid19map\":\"/${locale}/coronavirus/map/l/${locId}\",\"dataDefinitions\":\"/${locale}/data-definitions\",\"dataInventory\":\"/${locale}/data-inventory\",\"dataPartners\":\"/${locale}/data-partners\",\"dataRights\":\"/${locale}/data-rights\",\"farming\":\"/${locale}/forecast/agriculture/l/${locId}\",\"fishing\":\"/${locale}/forecast/fishing/l/${locId}\",\"fiveday\":\"/${locale}/weather/5day/l/${locId}\",\"goRun\":\"/${locale}/forecast/gorun/l/${locId}\",\"home\":\"/${locale}\",\"hourly\":\"/${locale}/weather/hourbyhour/l/${locId}\",\"interactiveMap\":\"/${locale}/weather/maps/interactive/l/${locId}\",\"legal\":\"/${locale}/${collectionId}/${assetName}\",\"maps\":\"/maps/${collectionId}\",\"memberSettings\":\"/${locale}/member/settings\",\"memorialdayCountdown\":\"/forecast/memorial-day-countdown/l/${locId}\",\"mlbCountdown\":\"/${locale}/forecast/opening-day-countdown/l/${locId}\",\"monthly\":\"/${locale}/weather/monthly/l/${locId}\",\"notification\":\"/${locale}/life/manage-notifications\",\"premiumOnboarding\":\"/premium/onboarding\",\"privacyPolicyDirectory\":\"/${locale}/privacy-policy-directory\",\"privacySettings\":\"/${locale}/privacy-settings\",\"radar\":\"/${locale}/weather/radar/interactive/l/${locId}\",\"rss\":\"/rss\",\"search\":\"/${locale}/search/enhancedlocalsearch\",\"ski\":\"/${locale}/forecast/ski/l/${locId}\",\"slideshows\":\"/${locale}/slideshows\",\"tenday\":\"/${locale}/weather/tenday/l/${locId}\",\"testUrl\":\"/${locale}/weather/testUrl\",\"thanksgivingCountdown\":\"/forecast/thanksgiving-countdown/l/${locId}\",\"today\":\"/${locale}/weather/today/l/${locId}\",\"unsubscribe\":\"/${locale}/life/alerts/unsubscribe\",\"video\":\"/${locale}/${collectionId}/video/${videoTitle}\",\"weekend\":\"/${locale}/weather/weekend/l/${locId}\",\"yesterday\":\"//www.wunderground.com/history/daily/${locId}/yesterday\"}},\"he-IL\":{\"wxu-urls\":{\"airQuality\":\"/${locale}/forecast/air-quality/l/${locId}\",\"alertDetails\":\"/${locale}/weather/alerts/localalerts/l/${locId}\",\"alerts\":\"/${locale}/weather/alerts/localalerts/l/${locId}\",\"allergy\":\"/${locale}/forecast/allergy/l/${locId}\",\"apps\":\"/${locale}/${collectionId}/${assetName}\",\"article\":\"/${locale}/${collectionId}/news/${articleTitle}\",\"betterDecisions\":\"/\u05DE\u05E9\u05D9\u05DE\u05D4\",\"boatBeach\":\"/${locale}/forecast/boat-beach/l/${locId}\",\"breathing\":\"/${locale}/forecast/breathing/l/${locId}\",\"callforcode\":\"/callforcode\",\"christmasCountdown\":\"/forecast/christmas-countdown/l/${locId}\",\"coldFlu\":\"/${locale}/forecast/cold-flu/l/${locId}\",\"covid19\":\"/ ${locale} / coronavirus / l / ${locId}\",\"covid19map\":\"/ ${locale} / coronavirus / map / l / ${locId}\",\"dataDefinitions\":\"/ ${locale} / \u05D4\u05D2\u05D3\u05E8\u05D5\u05EA \u05E0\u05EA\u05D5\u05E0\u05D9\u05DD\",\"dataInventory\":\"/${locale}/data-inventory\",\"dataPartners\":\"/${locale}/data-partners\",\"dataRights\":\"/ ${locale} / \u05D6\u05DB\u05D5\u05D9\u05D5\u05EA \u05E0\u05EA\u05D5\u05E0\u05D9\u05DD\",\"farming\":\"/${locale}/forecast/agriculture/l/${locId}\",\"fishing\":\"/${locale}/forecast/fishing/l/${locId}\",\"fiveday\":\"/${locale}/weather/5day/l/${locId}\",\"goRun\":\"/${locale}/forecast/gorun/l/${locId}\",\"home\":\"/${locale}\",\"hourly\":\"/${locale}/weather/hourbyhour/l/${locId}\",\"interactiveMap\":\"/${locale}/weather/radar/interactive/l/${locId}\",\"legal\":\"/${locale}/${collectionId}/${assetName}\",\"maps\":\"/maps/${collectionId}\",\"memberSettings\":\"/${locale}/member/settings\",\"memorialdayCountdown\":\"/forecast/memorial-day-countdown/l/${locId}\",\"mlbCountdown\":\"/${locale}/forecast/opening-day-countdown/l/${locId}\",\"monthly\":\"/${locale}/weather/monthly/l/${locId}\",\"notification\":\"/${locale}/life/manage-notifications\",\"premiumOnboarding\":\"/premium/onboarding\",\"privacyPolicyDirectory\":\"/${locale}/privacy-policy-directory\",\"privacySettings\":\"/${locale}/privacy-settings\",\"radar\":\"/${locale}/weather/radar/interactive/l/${locId}\",\"rss\":\"/rss\",\"search\":\"/${locale}/search/enhancedlocalsearch\",\"ski\":\"/${locale}/forecast/ski/l/${locId}\",\"slideshows\":\"/${locale}/slideshows\",\"tenday\":\"/${locale}/weather/tenday/l/${locId}\",\"testUrl\":\"/${locale}/weather/testUrl\",\"thanksgivingCountdown\":\"/forecast/thanksgiving-countdown/l/${locId}\",\"today\":\"/${locale}/weather/today/l/${locId}\",\"unsubscribe\":\"/${locale}/life/alerts/unsubscribe\",\"video\":\"/${locale}/${collectionId}/video/${videoTitle}\",\"weekend\":\"/${locale}/weather/weekend/l/${locId}\",\"yesterday\":\"//www.wunderground.com/history/daily/${locId}/yesterday\"}},\"hi-IN\":{\"wxu-urls\":{\"airQuality\":\"/${locale}/forecast/air-quality/l/${locId}\",\"alertDetails\":\"/${locale}/weather/alerts/localalerts/l/${locId}\",\"alerts\":\"/${locale}/weather/alerts/localalerts/l/${locId}\",\"allergy\":\"/${locale}/forecast/allergy/l/${locId}\",\"apps\":\"/${locale}/${collectionId}/${assetName}\",\"article\":\"/${locale}/${collectionId}/news/${articleTitle}\",\"betterDecisions\":\"/mission\",\"boatBeach\":\"/${locale}/forecast/boat-beach/l/${locId}\",\"breathing\":\"/${locale}/forecast/breathing/l/${locId}\",\"callforcode\":\"/callforcode\",\"christmasCountdown\":\"/forecast/christmas-countdown/l/${locId}\",\"coldFlu\":\"/${locale}/forecast/cold-flu/l/${locId}\",\"covid19\":\"/${locale}/coronavirus/l/${locId}\",\"covid19map\":\"/${locale}/coronavirus/map/l/${locId}\",\"dataDefinitions\":\"/${locale}/data-definitions\",\"dataInventory\":\"/${locale}/data-inventory\",\"dataPartners\":\"/${locale}/data-partners\",\"dataRights\":\"/${locale}/data-rights\",\"farming\":\"/${locale}/forecast/agriculture/l/${locId}\",\"fishing\":\"/${locale}/forecast/fishing/l/${locId}\",\"fiveday\":\"/${locale}/weather/5day/l/${locId}\",\"goRun\":\"/${locale}/forecast/gorun/l/${locId}\",\"home\":\"/${locale}\",\"hourly\":\"/${locale}/weather/hourbyhour/l/${locId}\",\"interactiveMap\":\"/${locale}/weather/radar/interactive/l/${locId}\",\"legal\":\"/${locale}/${collectionId}/${assetName}\",\"maps\":\"/maps/${collectionId}\",\"memberSettings\":\"/${locale}/member/settings\",\"memorialdayCountdown\":\"/forecast/memorial-day-countdown/l/${locId}\",\"mlbCountdown\":\"/${locale}/forecast/opening-day-countdown/l/${locId}\",\"monthly\":\"/${locale}/weather/monthly/l/${locId}\",\"notification\":\"/${locale}/life/manage-notifications\",\"premiumOnboarding\":\"/premium/onboarding\",\"privacyPolicyDirectory\":\"/${locale}/privacy-policy-directory\",\"privacySettings\":\"/${locale}/privacy-settings\",\"radar\":\"/${locale}/weather/radar/interactive/l/${locId}\",\"rss\":\"/rss\",\"search\":\"/${locale}/search/enhancedlocalsearch\",\"ski\":\"/${locale}/forecast/ski/l/${locId}\",\"slideshows\":\"/${locale}/slideshows\",\"tenday\":\"/${locale}/weather/tenday/l/${locId}\",\"testUrl\":\"/${locale}/weather/testUrl\",\"thanksgivingCountdown\":\"/forecast/thanksgiving-countdown/l/${locId}\",\"today\":\"/${locale}/weather/today/l/${locId}\",\"unsubscribe\":\"/${locale}/life/alerts/unsubscribe\",\"video\":\"/${locale}/${collectionId}/video/${videoTitle}\",\"weekend\":\"/${locale}/weather/weekend/l/${locId}\",\"yesterday\":\"//www.wunderground.com/history/daily/${locId}/yesterday\"}},\"hr-HR\":{\"wxu-urls\":{\"airQuality\":\"/${locale}/forecast/air-quality/l/${locId}\",\"alertDetails\":\"/${locale}/weather/alerts/localalerts/l/${locId}\",\"alerts\":\"/${locale}/weather/alerts/localalerts/l/${locId}\",\"allergy\":\"/${locale}/forecast/allergy/l/${locId}\",\"apps\":\"/${locale}/${collectionId}/${assetName}\",\"article\":\"/${locale}/${collectionId}/news/${articleTitle}\",\"betterDecisions\":\"/mission\",\"boatBeach\":\"/${locale}/forecast/boat-beach/l/${locId}\",\"breathing\":\"/${locale}/forecast/breathing/l/${locId}\",\"callforcode\":\"/callforcode\",\"christmasCountdown\":\"/forecast/christmas-countdown/l/${locId}\",\"coldFlu\":\"/${locale}/forecast/cold-flu/l/${locId}\",\"covid19\":\"/${locale}/coronavirus/l/${locId}\",\"covid19map\":\"/${locale}/coronavirus/map/l/${locId}\",\"dataDefinitions\":\"/${locale}/data-definitions\",\"dataInventory\":\"/${locale}/data-inventory\",\"dataPartners\":\"/${locale}/data-partners\",\"dataRights\":\"/${locale}/data-rights\",\"farming\":\"/${locale}/forecast/agriculture/l/${locId}\",\"fishing\":\"/${locale}/forecast/fishing/l/${locId}\",\"fiveday\":\"/${locale}/vrijeme/5dana/l/${locId}\",\"goRun\":\"/${locale}/forecast/gorun/l/${locId}\",\"home\":\"/${locale}\",\"hourly\":\"/${locale}/vrijeme/satu/l/${locId}\",\"interactiveMap\":\"/${locale}/vrijeme/karte/interactive/l/${locId}\",\"legal\":\"/${locale}/${collectionId}/${assetName}\",\"maps\":\"/maps/${collectionId}\",\"memberSettings\":\"/${locale}/member/settings\",\"memorialdayCountdown\":\"/forecast/memorial-day-countdown/l/${locId}\",\"mlbCountdown\":\"/${locale}/forecast/opening-day-countdown/l/${locId}\",\"monthly\":\"/${locale}/vrijeme/mjesecno/l/${locId}\",\"notification\":\"/${locale}/life/manage-notifications\",\"premiumOnboarding\":\"/premium/onboarding\",\"privacyPolicyDirectory\":\"/${locale}/privacy-policy-directory\",\"privacySettings\":\"/${locale}/privacy-settings\",\"radar\":\"/${locale}/vrijeme/karte/interaktivno/l/${locId}\",\"rss\":\"/rss\",\"search\":\"/${locale}/search/enhancedlocalsearch\",\"ski\":\"/${locale}/forecast/ski/l/${locId}\",\"slideshows\":\"/${locale}/slideshows\",\"tenday\":\"/${locale}/vrijeme/10dana/l/${locId}\",\"testUrl\":\"/${locale}/weather/testUrl\",\"thanksgivingCountdown\":\"/forecast/thanksgiving-countdown/l/${locId}\",\"today\":\"/${locale}/vrijeme/danas/l/${locId}\",\"unsubscribe\":\"/${locale}/life/alerts/unsubscribe\",\"video\":\"/${locale}/${collectionId}/video/${videoTitle}\",\"weekend\":\"/${locale}/vrijeme/vikend/l/${locId}\",\"yesterday\":\"//www.wunderground.com/history/daily/${locId}/yesterday\"}},\"hu-HU\":{\"wxu-urls\":{\"airQuality\":\"/${locale}/forecast/air-quality/l/${locId}\",\"alertDetails\":\"/${locale}/weather/alerts/localalerts/l/${locId}\",\"alerts\":\"/${locale}/weather/alerts/localalerts/l/${locId}\",\"allergy\":\"/${locale}/forecast/allergy/l/${locId}\",\"apps\":\"/${locale}/${collectionId}/${assetName}\",\"article\":\"/${locale}/${collectionId}/news/${articleTitle}\",\"betterDecisions\":\"/k\u00FCldet\u00E9s\",\"boatBeach\":\"/${locale}/forecast/boat-beach/l/${locId}\",\"breathing\":\"/${locale}/forecast/breathing/l/${locId}\",\"callforcode\":\"/callforcode\",\"christmasCountdown\":\"/forecast/christmas-countdown/l/${locId}\",\"coldFlu\":\"/${locale}/forecast/cold-flu/l/${locId}\",\"covid19\":\"/${locale}/coronavirus/l/${locId}\",\"covid19map\":\"/${locale}/coronavirus/map/l/${locId}\",\"dataDefinitions\":\"/${locale}/adatokkal-kapcsolatos-meghat\u00E1roz\u00E1sok\",\"dataInventory\":\"/${locale}/data-inventory\",\"dataPartners\":\"/${locale}/adatpartnerek\",\"dataRights\":\"/${locale}/adatokkal-kapcsolatos-jogok\",\"farming\":\"/${locale}/forecast/agriculture/l/${locId}\",\"fishing\":\"/${locale}/forecast/fishing/l/${locId}\",\"fiveday\":\"/${locale}/idojaras/5nap/l/${locId}\",\"goRun\":\"/${locale}/forecast/gorun/l/${locId}\",\"home\":\"/${locale}\",\"hourly\":\"/${locale}/idojaras/orankent/l/${locId}\",\"interactiveMap\":\"/${locale}/idojaras/terkepek/interactive/l/${locId}\",\"legal\":\"/${locale}/${collectionId}/${assetName}\",\"maps\":\"/maps/${collectionId}\",\"memberSettings\":\"/${locale}/member/settings\",\"memorialdayCountdown\":\"/forecast/memorial-day-countdown/l/${locId}\",\"mlbCountdown\":\"/${locale}/forecast/opening-day-countdown/l/${locId}\",\"monthly\":\"/${locale}/idojaras/havi/l/${locId}\",\"notification\":\"/${locale}/life/manage-notifications\",\"premiumOnboarding\":\"/premium/onboarding\",\"privacyPolicyDirectory\":\"/${locale}/privacy-policy-directory\",\"privacySettings\":\"/${locale}/privacy-settings\",\"radar\":\"/${locale}/idojaras/terkepek/interactive/l/${locId}\",\"rss\":\"/rss\",\"search\":\"/${locale}/search/enhancedlocalsearch\",\"ski\":\"/${locale}/forecast/ski/l/${locId}\",\"slideshows\":\"/${locale}/slideshows\",\"tenday\":\"/${locale}/idojaras/10nap/l/${locId}\",\"testUrl\":\"/${locale}/weather/testUrl\",\"thanksgivingCountdown\":\"/forecast/thanksgiving-countdown/l/${locId}\",\"today\":\"/${locale}/idojaras/ma/l/${locId}\",\"unsubscribe\":\"/${locale}/life/alerts/unsubscribe\",\"video\":\"/${locale}/${collectionId}/video/${videoTitle}\",\"weekend\":\"/${locale}/idojaras/hetvege/l/${locId}\",\"yesterday\":\"//www.wunderground.com/history/daily/${locId}/yesterday\"}},\"id-ID\":{\"wxu-urls\":{\"airQuality\":\"/${locale}/forecast/air-quality/l/${locId}\",\"alertDetails\":\"/${locale}/weather/alerts/localalerts/l/${locId}\",\"alerts\":\"/${locale}/weather/alerts/localalerts/l/${locId}\",\"allergy\":\"/${locale}/forecast/allergy/l/${locId}\",\"apps\":\"/${locale}/${collectionId}/${assetName}\",\"article\":\"/${locale}/${collectionId}/news/${articleTitle}\",\"betterDecisions\":\"/mission\",\"boatBeach\":\"/${locale}/forecast/boat-beach/l/${locId}\",\"breathing\":\"/${locale}/forecast/breathing/l/${locId}\",\"callforcode\":\"/callforcode\",\"christmasCountdown\":\"/forecast/christmas-countdown/l/${locId}\",\"coldFlu\":\"/${locale}/forecast/cold-flu/l/${locId}\",\"covid19\":\"/${locale}/coronavirus/l/${locId}\",\"covid19map\":\"/${locale}/coronavirus/map/l/${locId}\",\"dataDefinitions\":\"/${locale}/data-definitions\",\"dataInventory\":\"/${locale}/data-inventory\",\"dataPartners\":\"/${locale}/data-partners\",\"dataRights\":\"/${locale}/data-rights\",\"farming\":\"/${locale}/forecast/agriculture/l/${locId}\",\"fishing\":\"/${locale}/forecast/fishing/l/${locId}\",\"fiveday\":\"/${locale}/cuaca/5hari/l/${locId}\",\"goRun\":\"/${locale}/forecast/gorun/l/${locId}\",\"home\":\"/${locale}\",\"hourly\":\"/${locale}/cuaca/tiapjam/l/${locId}\",\"interactiveMap\":\"/${locale}/cuaca/peta/interactive/l/${locId}\",\"legal\":\"/${locale}/${collectionId}/${assetName}\",\"maps\":\"/maps/${collectionId}\",\"memberSettings\":\"/${locale}/member/settings\",\"memorialdayCountdown\":\"/forecast/memorial-day-countdown/l/${locId}\",\"mlbCountdown\":\"/${locale}/forecast/opening-day-countdown/l/${locId}\",\"monthly\":\"/${locale}/cuaca/bulanan/l/${locId}\",\"notification\":\"/${locale}/life/manage-notifications\",\"premiumOnboarding\":\"/premium/onboarding\",\"privacyPolicyDirectory\":\"/${locale}/privacy-policy-directory\",\"privacySettings\":\"/${locale}/privacy-settings\",\"radar\":\"/${locale}/cuaca/peta/interactive/l/${locId}\",\"rss\":\"/rss\",\"search\":\"/${locale}/search/enhancedlocalsearch\",\"ski\":\"/${locale}/forecast/ski/l/${locId}\",\"slideshows\":\"/${locale}/slideshows\",\"tenday\":\"/${locale}/cuaca/10hari/l/${locId}\",\"testUrl\":\"/${locale}/weather/testUrl\",\"thanksgivingCountdown\":\"/forecast/thanksgiving-countdown/l/${locId}\",\"today\":\"/${locale}/cuaca/sekarang/l/${locId}\",\"unsubscribe\":\"/${locale}/life/alerts/unsubscribe\",\"video\":\"/${locale}/${collectionId}/video/${videoTitle}\",\"weekend\":\"/${locale}/cuaca/akhirpekan/l/${locId}\",\"yesterday\":\"//www.wunderground.com/history/daily/${locId}/yesterday\"}},\"is-IS\":{\"wxu-urls\":{\"airQuality\":\"/${locale}/forecast/air-quality/l/${locId}\",\"alertDetails\":\"/${locale}/weather/alerts/localalerts/l/${locId}\",\"alerts\":\"/${locale}/weather/alerts/localalerts/l/${locId}\",\"allergy\":\"/${locale}/forecast/allergy/l/${locId}\",\"apps\":\"/${locale}/${collectionId}/${assetName}\",\"article\":\"/${locale}/${collectionId}/news/${articleTitle}\",\"betterDecisions\":\"/mission\",\"boatBeach\":\"/${locale}/forecast/boat-beach/l/${locId}\",\"breathing\":\"/${locale}/forecast/breathing/l/${locId}\",\"callforcode\":\"/callforcode\",\"christmasCountdown\":\"/forecast/christmas-countdown/l/${locId}\",\"coldFlu\":\"/${locale}/forecast/cold-flu/l/${locId}\",\"covid19\":\"/${locale}/coronavirus/l/${locId}\",\"covid19map\":\"/${locale}/coronavirus/map/l/${locId}\",\"dataDefinitions\":\"/${locale}/data-definitions\",\"dataInventory\":\"/${locale}/data-inventory\",\"dataPartners\":\"/${locale}/data-partners\",\"dataRights\":\"/${locale}/data-rights\",\"farming\":\"/${locale}/forecast/agriculture/l/${locId}\",\"fishing\":\"/${locale}/forecast/fishing/l/${locId}\",\"fiveday\":\"/${locale}/vedur/5dagar/l/${locId}\",\"goRun\":\"/${locale}/forecast/gorun/l/${locId}\",\"home\":\"/${locale}\",\"hourly\":\"/${locale}/vedur/eftirklst/l/${locId}\",\"interactiveMap\":\"/${locale}/vedur/kort/gagnvirkt/l/${locId}\",\"legal\":\"/${locale}/${collectionId}/${assetName}\",\"maps\":\"/maps/${collectionId}\",\"memberSettings\":\"/${locale}/member/settings\",\"memorialdayCountdown\":\"/forecast/memorial-day-countdown/l/${locId}\",\"mlbCountdown\":\"/${locale}/forecast/opening-day-countdown/l/${locId}\",\"monthly\":\"/${locale}/vedur/manaoarlega/l/${locId}\",\"notification\":\"/${locale}/life/manage-notifications\",\"premiumOnboarding\":\"/premium/onboarding\",\"privacyPolicyDirectory\":\"/${locale}/privacy-policy-directory\",\"privacySettings\":\"/${locale}/privacy-settings\",\"radar\":\"/${locale}/weather/radar/interactive/l/${locId}\",\"rss\":\"/rss\",\"search\":\"/${locale}/search/enhancedlocalsearch\",\"ski\":\"/${locale}/forecast/ski/l/${locId}\",\"slideshows\":\"/${locale}/slideshows\",\"tenday\":\"/${locale}/vedur/tiudagar/l/${locId}\",\"testUrl\":\"/${locale}/weather/testUrl\",\"thanksgivingCountdown\":\"/forecast/thanksgiving-countdown/l/${locId}\",\"today\":\"/${locale}/vedur/idag/l/${locId}\",\"unsubscribe\":\"/${locale}/life/alerts/unsubscribe\",\"video\":\"/${locale}/${collectionId}/video/${videoTitle}\",\"weekend\":\"/${locale}/vedur/helgi/l/${locId}\",\"yesterday\":\"//www.wunderground.com/history/daily/${locId}/yesterday\"}},\"it\":{\"wxu-urls\":{\"airQuality\":\"/${locale}/forecast/air-quality/l/${locId}\",\"alertDetails\":\"/${locale}/weather/alerts/localalerts/l/${locId}\",\"alerts\":\"/${locale}/weather/alerts/localalerts/l/${locId}\",\"allergy\":\"/${locale}/forecast/allergy/l/${locId}\",\"apps\":\"/${locale}/${collectionId}/${assetName}\",\"article\":\"/${locale}/${collectionId}/news/${articleTitle}\",\"betterDecisions\":\"/mission\",\"boatBeach\":\"/${locale}/forecast/boat-beach/l/${locId}\",\"breathing\":\"/${locale}/forecast/breathing/l/${locId}\",\"callforcode\":\"/callforcode\",\"christmasCountdown\":\"/forecast/christmas-countdown/l/${locId}\",\"coldFlu\":\"/${locale}/forecast/cold-flu/l/${locId}\",\"covid19\":\"/${locale}/coronavirus/l/${locId}\",\"covid19map\":\"/${locale}/coronavirus/map/l/${locId}\",\"dataDefinitions\":\"/${locale}/definizioni-dati\",\"dataInventory\":\"/${locale}/data-inventory\",\"dataPartners\":\"/${locale}/data-partners\",\"dataRights\":\"/${locale}/diritti-sui-dati\",\"farming\":\"/${locale}/forecast/agriculture/l/${locId}\",\"fishing\":\"/${locale}/forecast/fishing/l/${locId}\",\"fiveday\":\"/${locale}/tempo/5giorni/l/${locId}\",\"goRun\":\"/${locale}/forecast/gorun/l/${locId}\",\"home\":\"/${locale}\",\"hourly\":\"/${locale}/tempo/orario/l/${locId}\",\"interactiveMap\":\"/${locale}/tempo/mappe/interactive/l/${locId}\",\"legal\":\"/${locale}/${collectionId}/${assetName}\",\"maps\":\"/maps/${collectionId}\",\"memberSettings\":\"/${locale}/member/settings\",\"memorialdayCountdown\":\"/forecast/memorial-day-countdown/l/${locId}\",\"mlbCountdown\":\"/${locale}/forecast/opening-day-countdown/l/${locId}\",\"monthly\":\"/${locale}/tempo/mensile/l/${locId}\",\"notification\":\"/${locale}/life/manage-notifications\",\"premiumOnboarding\":\"/premium/onboarding\",\"privacyPolicyDirectory\":\"/${locale}/privacy-policy-directory\",\"privacySettings\":\"/${locale}/privacy-settings\",\"radar\":\"/${locale}/weather/radar/interactive/l/${locId}\",\"rss\":\"/rss\",\"search\":\"/${locale}/search/enhancedlocalsearch\",\"ski\":\"/${locale}/forecast/ski/l/${locId}\",\"slideshows\":\"/${locale}/slideshows\",\"tenday\":\"/${locale}/tempo/10giorni/l/${locId}\",\"testUrl\":\"/${locale}/weather/testUrl\",\"thanksgivingCountdown\":\"/forecast/thanksgiving-countdown/l/${locId}\",\"today\":\"/${locale}/tempo/oggi/l/${locId}\",\"unsubscribe\":\"/${locale}/life/alerts/unsubscribe\",\"video\":\"/${locale}/${collectionId}/video/${videoTitle}\",\"weekend\":\"/${locale}/tempo/weekend/l/${locId}\",\"yesterday\":\"//www.wunderground.com/history/daily/${locId}/yesterday\"}},\"ja-JP\":{\"wxu-urls\":{\"airQuality\":\"/${locale}/forecast/air-quality/l/${locId}\",\"alertDetails\":\"/${locale}/weather/alerts/localalerts/l/${locId}\",\"alerts\":\"/${locale}/weather/alerts/localalerts/l/${locId}\",\"allergy\":\"/${locale}/forecast/allergy/l/${locId}\",\"apps\":\"/${locale}/${collectionId}/${assetName}\",\"article\":\"/${locale}/${collectionId}/news/${articleTitle}\",\"betterDecisions\":\"/mission\",\"boatBeach\":\"/${locale}/forecast/boat-beach/l/${locId}\",\"breathing\":\"/${locale}/forecast/breathing/l/${locId}\",\"callforcode\":\"/callforcode\",\"christmasCountdown\":\"/forecast/christmas-countdown/l/${locId}\",\"coldFlu\":\"/${locale}/forecast/cold-flu/l/${locId}\",\"covid19\":\"/${locale}/coronavirus/l/${locId}\",\"covid19map\":\"/${locale}/coronavirus/map/l/${locId}\",\"dataDefinitions\":\"/${locale}/data-definitions\",\"dataInventory\":\"/${locale}/data-inventory\",\"dataPartners\":\"/${locale}/data-partners\",\"dataRights\":\"/${locale}/data-rights\",\"farming\":\"/${locale}/forecast/agriculture/l/${locId}\",\"fishing\":\"/${locale}/forecast/fishing/l/${locId}\",\"fiveday\":\"/${locale}/weather/5day/l/${locId}\",\"goRun\":\"/${locale}/forecast/gorun/l/${locId}\",\"home\":\"/${locale}\",\"hourly\":\"/${locale}/weather/hourbyhour/l/${locId}\",\"interactiveMap\":\"/${locale}/weather/radar/interactive/l/${locId}\",\"legal\":\"/${locale}/${collectionId}/${assetName}\",\"maps\":\"/maps/${collectionId}\",\"memberSettings\":\"/${locale}/member/settings\",\"memorialdayCountdown\":\"/forecast/memorial-day-countdown/l/${locId}\",\"mlbCountdown\":\"/${locale}/forecast/opening-day-countdown/l/${locId}\",\"monthly\":\"/${locale}/weather/monthly/l/${locId}\",\"notification\":\"/${locale}/life/manage-notifications\",\"premiumOnboarding\":\"/premium/onboarding\",\"privacyPolicyDirectory\":\"/${locale}/privacy-policy-directory\",\"privacySettings\":\"/${locale}/privacy-settings\",\"radar\":\"/${locale}/weather/radar/interactive/l/${locId}\",\"rss\":\"/rss\",\"search\":\"/${locale}/search/enhancedlocalsearch\",\"ski\":\"/${locale}/forecast/ski/l/${locId}\",\"slideshows\":\"/${locale}/slideshows\",\"tenday\":\"/${locale}/weather/tenday/l/${locId}\",\"testUrl\":\"/${locale}/weather/testUrl\",\"thanksgivingCountdown\":\"/forecast/thanksgiving-countdown/l/${locId}\",\"today\":\"/${locale}/weather/today/l/${locId}\",\"unsubscribe\":\"/${locale}/life/alerts/unsubscribe\",\"video\":\"/${locale}/${collectionId}/video/${videoTitle}\",\"weekend\":\"/${locale}/weather/weekend/l/${locId}\",\"yesterday\":\"//www.wunderground.com/history/daily/${locId}/yesterday\"}},\"jv\":{\"wxu-urls\":{\"airQuality\":\"/${locale}/forecast/air-quality/l/${locId}\",\"alertDetails\":\"/${locale}/weather/alerts/localalerts/l/${locId}\",\"alerts\":\"/${locale}/weather/alerts/localalerts/l/${locId}\",\"allergy\":\"/${locale}/forecast/allergy/l/${locId}\",\"apps\":\"/${locale}/${collectionId}/${assetName}\",\"article\":\"/${locale}/${collectionId}/news/${articleTitle}\",\"betterDecisions\":\"/mission\",\"boatBeach\":\"/${locale}/forecast/boat-beach/l/${locId}\",\"breathing\":\"/${locale}/forecast/breathing/l/${locId}\",\"callforcode\":\"/callforcode\",\"christmasCountdown\":\"/forecast/christmas-countdown/l/${locId}\",\"coldFlu\":\"/${locale}/forecast/cold-flu/l/${locId}\",\"covid19\":\"/${locale}/coronavirus/l/${locId}\",\"covid19map\":\"/${locale}/coronavirus/map/l/${locId}\",\"dataDefinitions\":\"/${locale}/data-definitions\",\"dataInventory\":\"/${locale}/data-inventory\",\"dataPartners\":\"/${locale}/data-partners\",\"dataRights\":\"/${locale}/data-rights\",\"farming\":\"/${locale}/forecast/agriculture/l/${locId}\",\"fishing\":\"/${locale}/forecast/fishing/l/${locId}\",\"fiveday\":\"/${locale}/cuaca/5dina/l/${locId}\",\"goRun\":\"/${locale}/forecast/gorun/l/${locId}\",\"home\":\"/${locale}\",\"hourly\":\"/${locale}/cuaca/jam-jaman/l/${locId}\",\"interactiveMap\":\"/${locale}/cuaca/peta/interaktif/l/${locId}\",\"legal\":\"/${locale}/${collectionId}/${assetName}\",\"maps\":\"/maps/${collectionId}\",\"memberSettings\":\"/${locale}/member/settings\",\"memorialdayCountdown\":\"/forecast/memorial-day-countdown/l/${locId}\",\"mlbCountdown\":\"/${locale}/forecast/opening-day-countdown/l/${locId}\",\"monthly\":\"/${locale}/cuaca/wulanan/l/${locId}\",\"notification\":\"/${locale}/life/manage-notifications\",\"premiumOnboarding\":\"/premium/onboarding\",\"privacyPolicyDirectory\":\"/${locale}/privacy-policy-directory\",\"privacySettings\":\"/${locale}/privacy-settings\",\"radar\":\"/${locale}/weather/radar/interactive/l/${locId}\",\"rss\":\"/rss\",\"search\":\"/${locale}/search/enhancedlocalsearch\",\"ski\":\"/${locale}/forecast/ski/l/${locId}\",\"slideshows\":\"/${locale}/slideshows\",\"tenday\":\"/${locale}/cuaca/sepuluhdina/l/${locId}\",\"testUrl\":\"/${locale}/weather/testUrl\",\"thanksgivingCountdown\":\"/forecast/thanksgiving-countdown/l/${locId}\",\"today\":\"/${locale}/cuaca/dina-iki/l/${locId}\",\"unsubscribe\":\"/${locale}/life/alerts/unsubscribe\",\"video\":\"/${locale}/${collectionId}/video/${videoTitle}\",\"weekend\":\"/${locale}/cuaca/pksnmingg/l/${locId}\",\"yesterday\":\"//www.wunderground.com/history/daily/${locId}/yesterday\"}},\"ka-GE\":{\"wxu-urls\":{\"airQuality\":\"/${locale}/forecast/air-quality/l/${locId}\",\"alertDetails\":\"/${locale}/weather/alerts/localalerts/l/${locId}\",\"alerts\":\"/${locale}/weather/alerts/localalerts/l/${locId}\",\"allergy\":\"/${locale}/forecast/allergy/l/${locId}\",\"apps\":\"/${locale}/${collectionId}/${assetName}\",\"article\":\"/${locale}/${collectionId}/news/${articleTitle}\",\"betterDecisions\":\"/mission\",\"boatBeach\":\"/${locale}/forecast/boat-beach/l/${locId}\",\"breathing\":\"/${locale}/forecast/breathing/l/${locId}\",\"callforcode\":\"/callforcode\",\"christmasCountdown\":\"/forecast/christmas-countdown/l/${locId}\",\"coldFlu\":\"/${locale}/forecast/cold-flu/l/${locId}\",\"covid19\":\"/${locale}/coronavirus/l/${locId}\",\"covid19map\":\"/${locale}/coronavirus/map/l/${locId}\",\"dataDefinitions\":\"/${locale}/data-definitions\",\"dataInventory\":\"/${locale}/data-inventory\",\"dataPartners\":\"/${locale}/data-partners\",\"dataRights\":\"/${locale}/data-rights\",\"farming\":\"/${locale}/forecast/agriculture/l/${locId}\",\"fishing\":\"/${locale}/forecast/fishing/l/${locId}\",\"fiveday\":\"/${locale}/weather/5day/l/${locId}\",\"goRun\":\"/${locale}/forecast/gorun/l/${locId}\",\"home\":\"/${locale}\",\"hourly\":\"/${locale}/weather/hourbyhour/l/${locId}\",\"interactiveMap\":\"/${locale}/weather/maps/interactive/l/${locId}\",\"legal\":\"/${locale}/${collectionId}/${assetName}\",\"maps\":\"/maps/${collectionId}\",\"memberSettings\":\"/${locale}/member/settings\",\"memorialdayCountdown\":\"/forecast/memorial-day-countdown/l/${locId}\",\"mlbCountdown\":\"/${locale}/forecast/opening-day-countdown/l/${locId}\",\"monthly\":\"/${locale}/weather/monthly/l/${locId}\",\"notification\":\"/${locale}/life/manage-notifications\",\"premiumOnboarding\":\"/premium/onboarding\",\"privacyPolicyDirectory\":\"/${locale}/privacy-policy-directory\",\"privacySettings\":\"/${locale}/privacy-settings\",\"radar\":\"/${locale}/weather/radar/interactive/l/${locId}\",\"rss\":\"/rss\",\"search\":\"/${locale}/search/enhancedlocalsearch\",\"ski\":\"/${locale}/forecast/ski/l/${locId}\",\"slideshows\":\"/${locale}/slideshows\",\"tenday\":\"/${locale}/weather/tenday/l/${locId}\",\"testUrl\":\"/${locale}/weather/testUrl\",\"thanksgivingCountdown\":\"/forecast/thanksgiving-countdown/l/${locId}\",\"today\":\"/${locale}/weather/today/l/${locId}\",\"unsubscribe\":\"/${locale}/life/alerts/unsubscribe\",\"video\":\"/${locale}/${collectionId}/video/${videoTitle}\",\"weekend\":\"/${locale}/weather/weekend/l/${locId}\",\"yesterday\":\"//www.wunderground.com/history/daily/${locId}/yesterday\"}},\"kk-KZ\":{\"wxu-urls\":{\"airQuality\":\"/${locale}/forecast/air-quality/l/${locId}\",\"alertDetails\":\"/${locale}/weather/alerts/localalerts/l/${locId}\",\"alerts\":\"/${locale}/weather/alerts/localalerts/l/${locId}\",\"allergy\":\"/${locale}/forecast/allergy/l/${locId}\",\"apps\":\"/${locale}/${collectionId}/${assetName}\",\"article\":\"/${locale}/${collectionId}/news/${articleTitle}\",\"betterDecisions\":\"/mission\",\"boatBeach\":\"/${locale}/forecast/boat-beach/l/${locId}\",\"breathing\":\"/${locale}/forecast/breathing/l/${locId}\",\"callforcode\":\"/callforcode\",\"christmasCountdown\":\"/forecast/christmas-countdown/l/${locId}\",\"coldFlu\":\"/${locale}/forecast/cold-flu/l/${locId}\",\"covid19\":\"/${locale}/coronavirus/l/${locId}\",\"covid19map\":\"/${locale}/coronavirus/map/l/${locId}\",\"dataDefinitions\":\"/${locale}/data-definitions\",\"dataInventory\":\"/${locale}/data-inventory\",\"dataPartners\":\"/${locale}/data-partners\",\"dataRights\":\"/${locale}/data-rights\",\"farming\":\"/${locale}/forecast/agriculture/l/${locId}\",\"fishing\":\"/${locale}/forecast/fishing/l/${locId}\",\"fiveday\":\"/${locale}/weather/5day/l/${locId}\",\"goRun\":\"/${locale}/forecast/gorun/l/${locId}\",\"home\":\"/${locale}\",\"hourly\":\"/${locale}/weather/hourbyhour/l/${locId}\",\"interactiveMap\":\"/${locale}/weather/maps/interactive/l/${locId}\",\"legal\":\"/${locale}/${collectionId}/${assetName}\",\"maps\":\"/maps/${collectionId}\",\"memberSettings\":\"/${locale}/member/settings\",\"memorialdayCountdown\":\"/forecast/memorial-day-countdown/l/${locId}\",\"mlbCountdown\":\"/${locale}/forecast/opening-day-countdown/l/${locId}\",\"monthly\":\"/${locale}/weather/monthly/l/${locId}\",\"notification\":\"/${locale}/life/manage-notifications\",\"premiumOnboarding\":\"/premium/onboarding\",\"privacyPolicyDirectory\":\"/${locale}/privacy-policy-directory\",\"privacySettings\":\"/${locale}/privacy-settings\",\"radar\":\"/${locale}/weather/radar/interactive/l/${locId}\",\"rss\":\"/rss\",\"search\":\"/${locale}/search/enhancedlocalsearch\",\"ski\":\"/${locale}/forecast/ski/l/${locId}\",\"slideshows\":\"/${locale}/slideshows\",\"tenday\":\"/${locale}/weather/tenday/l/${locId}\",\"testUrl\":\"/${locale}/weather/testUrl\",\"thanksgivingCountdown\":\"/forecast/thanksgiving-countdown/l/${locId}\",\"today\":\"/${locale}/weather/today/l/${locId}\",\"unsubscribe\":\"/${locale}/life/alerts/unsubscribe\",\"video\":\"/${locale}/${collectionId}/video/${videoTitle}\",\"weekend\":\"/${locale}/weather/weekend/l/${locId}\",\"yesterday\":\"//www.wunderground.com/history/daily/${locId}/yesterday\"}},\"kn-IN\":{\"wxu-urls\":{\"airQuality\":\"/${locale}/forecast/air-quality/l/${locId}\",\"alertDetails\":\"/${locale}/weather/alerts/localalerts/l/${locId}\",\"alerts\":\"/${locale}/weather/alerts/localalerts/l/${locId}\",\"allergy\":\"/${locale}/forecast/allergy/l/${locId}\",\"apps\":\"/${locale}/${collectionId}/${assetName}\",\"article\":\"/${locale}/${collectionId}/news/${articleTitle}\",\"betterDecisions\":\"/mission\",\"boatBeach\":\"/${locale}/forecast/boat-beach/l/${locId}\",\"breathing\":\"/${locale}/forecast/breathing/l/${locId}\",\"callforcode\":\"/callforcode\",\"christmasCountdown\":\"/forecast/christmas-countdown/l/${locId}\",\"coldFlu\":\"/${locale}/forecast/cold-flu/l/${locId}\",\"covid19\":\"/${locale}/coronavirus/l/${locId}\",\"covid19map\":\"/${locale}/coronavirus/map/l/${locId}\",\"dataDefinitions\":\"/${locale}/data-definitions\",\"dataInventory\":\"/${locale}/data-inventory\",\"dataPartners\":\"/${locale}/data-partners\",\"dataRights\":\"/${locale}/data-rights\",\"farming\":\"/${locale}/forecast/agriculture/l/${locId}\",\"fishing\":\"/${locale}/forecast/fishing/l/${locId}\",\"fiveday\":\"/${locale}/weather/5day/l/${locId}\",\"goRun\":\"/${locale}/forecast/gorun/l/${locId}\",\"home\":\"/${locale}\",\"hourly\":\"/${locale}/weather/hourbyhour/l/${locId}\",\"interactiveMap\":\"/${locale}/weather/maps/interactive/l/${locId}\",\"legal\":\"/${locale}/${collectionId}/${assetName}\",\"maps\":\"/maps/${collectionId}\",\"memberSettings\":\"/${locale}/member/settings\",\"memorialdayCountdown\":\"/forecast/memorial-day-countdown/l/${locId}\",\"mlbCountdown\":\"/${locale}/forecast/opening-day-countdown/l/${locId}\",\"monthly\":\"/${locale}/weather/monthly/l/${locId}\",\"notification\":\"/${locale}/life/manage-notifications\",\"premiumOnboarding\":\"/premium/onboarding\",\"privacyPolicyDirectory\":\"/${locale}/privacy-policy-directory\",\"privacySettings\":\"/${locale}/privacy-settings\",\"radar\":\"/${locale}/weather/radar/interactive/l/${locId}\",\"rss\":\"/rss\",\"search\":\"/${locale}/search/enhancedlocalsearch\",\"ski\":\"/${locale}/forecast/ski/l/${locId}\",\"slideshows\":\"/${locale}/slideshows\",\"tenday\":\"/${locale}/weather/tenday/l/${locId}\",\"testUrl\":\"/${locale}/weather/testUrl\",\"thanksgivingCountdown\":\"/forecast/thanksgiving-countdown/l/${locId}\",\"today\":\"/${locale}/weather/today/l/${locId}\",\"unsubscribe\":\"/${locale}/life/alerts/unsubscribe\",\"video\":\"/${locale}/${collectionId}/video/${videoTitle}\",\"weekend\":\"/${locale}/weather/weekend/l/${locId}\",\"yesterday\":\"//www.wunderground.com/history/daily/${locId}/yesterday\"}},\"ko-KR\":{\"wxu-urls\":{\"airQuality\":\"/${locale}/forecast/air-quality/l/${locId}\",\"alertDetails\":\"/${locale}/weather/alerts/localalerts/l/${locId}\",\"alerts\":\"/${locale}/weather/alerts/localalerts/l/${locId}\",\"allergy\":\"/${locale}/forecast/allergy/l/${locId}\",\"apps\":\"/${locale}/${collectionId}/${assetName}\",\"article\":\"/${locale}/${collectionId}/news/${articleTitle}\",\"betterDecisions\":\"/mission\",\"boatBeach\":\"/${locale}/forecast/boat-beach/l/${locId}\",\"breathing\":\"/${locale}/forecast/breathing/l/${locId}\",\"callforcode\":\"/callforcode\",\"christmasCountdown\":\"/forecast/christmas-countdown/l/${locId}\",\"coldFlu\":\"/${locale}/forecast/cold-flu/l/${locId}\",\"covid19\":\"/${locale}/coronavirus/l/${locId}\",\"covid19map\":\"/${locale}/coronavirus/map/l/${locId}\",\"dataDefinitions\":\"/${locale}/data-definitions\",\"dataInventory\":\"/${locale}/data-inventory\",\"dataPartners\":\"/${locale}/data-partners\",\"dataRights\":\"/${locale}/data-rights\",\"farming\":\"/${locale}/forecast/agriculture/l/${locId}\",\"fishing\":\"/${locale}/forecast/fishing/l/${locId}\",\"fiveday\":\"/${locale}/weather/5day/l/${locId}\",\"goRun\":\"/${locale}/forecast/gorun/l/${locId}\",\"home\":\"/${locale}\",\"hourly\":\"/${locale}/weather/hourbyhour/l/${locId}\",\"interactiveMap\":\"/${locale}/weather/radar/interactive/l/${locId}\",\"legal\":\"/${locale}/${collectionId}/${assetName}\",\"maps\":\"/maps/${collectionId}\",\"memberSettings\":\"/${locale}/member/settings\",\"memorialdayCountdown\":\"/forecast/memorial-day-countdown/l/${locId}\",\"mlbCountdown\":\"/${locale}/forecast/opening-day-countdown/l/${locId}\",\"monthly\":\"/${locale}/weather/monthly/l/${locId}\",\"notification\":\"/${locale}/life/manage-notifications\",\"premiumOnboarding\":\"/premium/onboarding\",\"privacyPolicyDirectory\":\"/${locale}/privacy-policy-directory\",\"privacySettings\":\"/${locale}/privacy-settings\",\"radar\":\"/${locale}/weather/radar/interactive/l/${locId}\",\"rss\":\"/rss\",\"search\":\"/${locale}/search/enhancedlocalsearch\",\"ski\":\"/${locale}/forecast/ski/l/${locId}\",\"slideshows\":\"/${locale}/slideshows\",\"tenday\":\"/${locale}/weather/tenday/l/${locId}\",\"testUrl\":\"/${locale}/weather/testUrl\",\"thanksgivingCountdown\":\"/forecast/thanksgiving-countdown/l/${locId}\",\"today\":\"/${locale}/weather/today/l/${locId}\",\"unsubscribe\":\"/${locale}/life/alerts/unsubscribe\",\"video\":\"/${locale}/${collectionId}/video/${videoTitle}\",\"weekend\":\"/${locale}/weather/weekend/l/${locId}\",\"yesterday\":\"//www.wunderground.com/history/daily/${locId}/yesterday\"}},\"lt-LT\":{\"wxu-urls\":{\"airQuality\":\"/${locale}/forecast/air-quality/l/${locId}\",\"alertDetails\":\"/${locale}/weather/alerts/localalerts/l/${locId}\",\"alerts\":\"/${locale}/weather/alerts/localalerts/l/${locId}\",\"allergy\":\"/${locale}/forecast/allergy/l/${locId}\",\"apps\":\"/${locale}/${collectionId}/${assetName}\",\"article\":\"/${locale}/${collectionId}/news/${articleTitle}\",\"betterDecisions\":\"/mission\",\"boatBeach\":\"/${locale}/forecast/boat-beach/l/${locId}\",\"breathing\":\"/${locale}/forecast/breathing/l/${locId}\",\"callforcode\":\"/callforcode\",\"christmasCountdown\":\"/forecast/christmas-countdown/l/${locId}\",\"coldFlu\":\"/${locale}/forecast/cold-flu/l/${locId}\",\"covid19\":\"/${locale}/coronavirus/l/${locId}\",\"covid19map\":\"/${locale}/coronavirus/map/l/${locId}\",\"dataDefinitions\":\"/${locale}/data-definitions\",\"dataInventory\":\"/${locale}/data-inventory\",\"dataPartners\":\"/${locale}/data-partners\",\"dataRights\":\"/${locale}/data-rights\",\"farming\":\"/${locale}/forecast/agriculture/l/${locId}\",\"fishing\":\"/${locale}/forecast/fishing/l/${locId}\",\"fiveday\":\"/${locale}/orai/5dienu/l/${locId}\",\"goRun\":\"/${locale}/forecast/gorun/l/${locId}\",\"home\":\"/${locale}\",\"hourly\":\"/${locale}/orai/kasvalanda/l/${locId}\",\"interactiveMap\":\"/${locale}/orai/zemelapiai/interaktyvus/l/${locId}\",\"legal\":\"/${locale}/${collectionId}/${assetName}\",\"maps\":\"/maps/${collectionId}\",\"memberSettings\":\"/${locale}/member/settings\",\"memorialdayCountdown\":\"/forecast/memorial-day-countdown/l/${locId}\",\"mlbCountdown\":\"/${locale}/forecast/opening-day-countdown/l/${locId}\",\"monthly\":\"/${locale}/orai/ikmenesi/l/${locId}\",\"notification\":\"/${locale}/life/manage-notifications\",\"premiumOnboarding\":\"/premium/onboarding\",\"privacyPolicyDirectory\":\"/${locale}/privacy-policy-directory\",\"privacySettings\":\"/${locale}/privacy-settings\",\"radar\":\"/${locale}/weather/radar/interactive/l/${locId}\",\"rss\":\"/rss\",\"search\":\"/${locale}/search/enhancedlocalsearch\",\"ski\":\"/${locale}/forecast/ski/l/${locId}\",\"slideshows\":\"/${locale}/slideshows\",\"tenday\":\"/${locale}/orai/desimtdienu/l/${locId}\",\"testUrl\":\"/${locale}/weather/testUrl\",\"thanksgivingCountdown\":\"/forecast/thanksgiving-countdown/l/${locId}\",\"today\":\"/${locale}/orai/siandien/l/${locId}\",\"unsubscribe\":\"/${locale}/life/alerts/unsubscribe\",\"video\":\"/${locale}/${collectionId}/video/${videoTitle}\",\"weekend\":\"/${locale}/orai/savaitgalis/l/${locId}\",\"yesterday\":\"//www.wunderground.com/history/daily/${locId}/yesterday\"}},\"lv-LV\":{\"wxu-urls\":{\"airQuality\":\"/${locale}/forecast/air-quality/l/${locId}\",\"alertDetails\":\"/${locale}/weather/alerts/localalerts/l/${locId}\",\"alerts\":\"/${locale}/weather/alerts/localalerts/l/${locId}\",\"allergy\":\"/${locale}/forecast/allergy/l/${locId}\",\"apps\":\"/${locale}/${collectionId}/${assetName}\",\"article\":\"/${locale}/${collectionId}/news/${articleTitle}\",\"betterDecisions\":\"/mission\",\"boatBeach\":\"/${locale}/forecast/boat-beach/l/${locId}\",\"breathing\":\"/${locale}/forecast/breathing/l/${locId}\",\"callforcode\":\"/callforcode\",\"christmasCountdown\":\"/forecast/christmas-countdown/l/${locId}\",\"coldFlu\":\"/${locale}/forecast/cold-flu/l/${locId}\",\"covid19\":\"/${locale}/coronavirus/l/${locId}\",\"covid19map\":\"/${locale}/coronavirus/map/l/${locId}\",\"dataDefinitions\":\"/${locale}/data-definitions\",\"dataInventory\":\"/${locale}/data-inventory\",\"dataPartners\":\"/${locale}/data-partners\",\"dataRights\":\"/${locale}/data-rights\",\"farming\":\"/${locale}/forecast/agriculture/l/${locId}\",\"fishing\":\"/${locale}/forecast/fishing/l/${locId}\",\"fiveday\":\"/${locale}/laiks/5dien/l/${locId}\",\"goRun\":\"/${locale}/forecast/gorun/l/${locId}\",\"home\":\"/${locale}\",\"hourly\":\"/${locale}/laiks/pastundam/l/${locId}\",\"interactiveMap\":\"/${locale}/laiks/kartes/interaktivs/l/${locId}\",\"legal\":\"/${locale}/${collectionId}/${assetName}\",\"maps\":\"/maps/${collectionId}\",\"memberSettings\":\"/${locale}/member/settings\",\"memorialdayCountdown\":\"/forecast/memorial-day-countdown/l/${locId}\",\"mlbCountdown\":\"/${locale}/forecast/opening-day-countdown/l/${locId}\",\"monthly\":\"/${locale}/laiks/ik-menesi/l/${locId}\",\"notification\":\"/${locale}/life/manage-notifications\",\"premiumOnboarding\":\"/premium/onboarding\",\"privacyPolicyDirectory\":\"/${locale}/privacy-policy-directory\",\"privacySettings\":\"/${locale}/privacy-settings\",\"radar\":\"/${locale}/weather/radar/interactive/l/${locId}\",\"rss\":\"/rss\",\"search\":\"/${locale}/search/enhancedlocalsearch\",\"ski\":\"/${locale}/forecast/ski/l/${locId}\",\"slideshows\":\"/${locale}/slideshows\",\"tenday\":\"/${locale}/laiks/desmitdienam/l/${locId}\",\"testUrl\":\"/${locale}/weather/testUrl\",\"thanksgivingCountdown\":\"/forecast/thanksgiving-countdown/l/${locId}\",\"today\":\"/${locale}/laiks/sodien/l/${locId}\",\"unsubscribe\":\"/${locale}/life/alerts/unsubscribe\",\"video\":\"/${locale}/${collectionId}/video/${videoTitle}\",\"weekend\":\"/${locale}/laiks/nedelasnogale/l/${locId}\",\"yesterday\":\"//www.wunderground.com/history/daily/${locId}/yesterday\"}},\"mk-MK\":{\"wxu-urls\":{\"airQuality\":\"/${locale}/forecast/air-quality/l/${locId}\",\"alertDetails\":\"/${locale}/weather/alerts/localalerts/l/${locId}\",\"alerts\":\"/${locale}/weather/alerts/localalerts/l/${locId}\",\"allergy\":\"/${locale}/forecast/allergy/l/${locId}\",\"apps\":\"/${locale}/${collectionId}/${assetName}\",\"article\":\"/${locale}/${collectionId}/news/${articleTitle}\",\"betterDecisions\":\"/mission\",\"boatBeach\":\"/${locale}/forecast/boat-beach/l/${locId}\",\"breathing\":\"/${locale}/forecast/breathing/l/${locId}\",\"callforcode\":\"/callforcode\",\"christmasCountdown\":\"/forecast/christmas-countdown/l/${locId}\",\"coldFlu\":\"/${locale}/forecast/cold-flu/l/${locId}\",\"covid19\":\"/${locale}/coronavirus/l/${locId}\",\"covid19map\":\"/${locale}/coronavirus/map/l/${locId}\",\"dataDefinitions\":\"/${locale}/data-definitions\",\"dataInventory\":\"/${locale}/data-inventory\",\"dataPartners\":\"/${locale}/data-partners\",\"dataRights\":\"/${locale}/data-rights\",\"farming\":\"/${locale}/forecast/agriculture/l/${locId}\",\"fishing\":\"/${locale}/forecast/fishing/l/${locId}\",\"fiveday\":\"/${locale}/weather/5day/l/${locId}\",\"goRun\":\"/${locale}/forecast/gorun/l/${locId}\",\"home\":\"/${locale}\",\"hourly\":\"/${locale}/weather/hourbyhour/l/${locId}\",\"interactiveMap\":\"/${locale}/weather/maps/interactive/l/${locId}\",\"legal\":\"/${locale}/${collectionId}/${assetName}\",\"maps\":\"/maps/${collectionId}\",\"memberSettings\":\"/${locale}/member/settings\",\"memorialdayCountdown\":\"/forecast/memorial-day-countdown/l/${locId}\",\"mlbCountdown\":\"/${locale}/forecast/opening-day-countdown/l/${locId}\",\"monthly\":\"/${locale}/weather/monthly/l/${locId}\",\"notification\":\"/${locale}/life/manage-notifications\",\"premiumOnboarding\":\"/premium/onboarding\",\"privacyPolicyDirectory\":\"/${locale}/privacy-policy-directory\",\"privacySettings\":\"/${locale}/privacy-settings\",\"radar\":\"/${locale}/weather/radar/interactive/l/${locId}\",\"rss\":\"/rss\",\"search\":\"/${locale}/search/enhancedlocalsearch\",\"ski\":\"/${locale}/forecast/ski/l/${locId}\",\"slideshows\":\"/${locale}/slideshows\",\"tenday\":\"/${locale}/weather/tenday/l/${locId}\",\"testUrl\":\"/${locale}/weather/testUrl\",\"thanksgivingCountdown\":\"/forecast/thanksgiving-countdown/l/${locId}\",\"today\":\"/${locale}/weather/today/l/${locId}\",\"unsubscribe\":\"/${locale}/life/alerts/unsubscribe\",\"video\":\"/${locale}/${collectionId}/video/${videoTitle}\",\"weekend\":\"/${locale}/weather/weekend/l/${locId}\",\"yesterday\":\"//www.wunderground.com/history/daily/${locId}/yesterday\"}},\"ms-MY\":{\"wxu-urls\":{\"airQuality\":\"/${locale}/forecast/air-quality/l/${locId}\",\"alertDetails\":\"/${locale}/weather/alerts/localalerts/l/${locId}\",\"alerts\":\"/${locale}/weather/alerts/localalerts/l/${locId}\",\"allergy\":\"/${locale}/forecast/allergy/l/${locId}\",\"apps\":\"/${locale}/${collectionId}/${assetName}\",\"article\":\"/${locale}/${collectionId}/news/${articleTitle}\",\"betterDecisions\":\"/mission\",\"boatBeach\":\"/${locale}/forecast/boat-beach/l/${locId}\",\"breathing\":\"/${locale}/forecast/breathing/l/${locId}\",\"callforcode\":\"/callforcode\",\"christmasCountdown\":\"/forecast/christmas-countdown/l/${locId}\",\"coldFlu\":\"/${locale}/forecast/cold-flu/l/${locId}\",\"covid19\":\"/${locale}/coronavirus/l/${locId}\",\"covid19map\":\"/${locale}/coronavirus/map/l/${locId}\",\"dataDefinitions\":\"/${locale}/data-definitions\",\"dataInventory\":\"/${locale}/data-inventory\",\"dataPartners\":\"/${locale}/data-partners\",\"dataRights\":\"/${locale}/data-rights\",\"farming\":\"/${locale}/forecast/agriculture/l/${locId}\",\"fishing\":\"/${locale}/forecast/fishing/l/${locId}\",\"fiveday\":\"/${locale}/weather/5day/l/${locId}\",\"goRun\":\"/${locale}/forecast/gorun/l/${locId}\",\"home\":\"/${locale}\",\"hourly\":\"/${locale}/weather/hourbyhour/l/${locId}\",\"interactiveMap\":\"/${locale}/weather/radar/interactive/l/${locId}\",\"legal\":\"/${locale}/${collectionId}/${assetName}\",\"maps\":\"/maps/${collectionId}\",\"memberSettings\":\"/${locale}/member/settings\",\"memorialdayCountdown\":\"/forecast/memorial-day-countdown/l/${locId}\",\"mlbCountdown\":\"/${locale}/forecast/opening-day-countdown/l/${locId}\",\"monthly\":\"/${locale}/weather/monthly/l/${locId}\",\"notification\":\"/${locale}/life/manage-notifications\",\"premiumOnboarding\":\"/premium/onboarding\",\"privacyPolicyDirectory\":\"/${locale}/privacy-policy-directory\",\"privacySettings\":\"/${locale}/privacy-settings\",\"radar\":\"/${locale}/weather/radar/interactive/l/${locId}\",\"rss\":\"/rss\",\"search\":\"/${locale}/search/enhancedlocalsearch\",\"ski\":\"/${locale}/forecast/ski/l/${locId}\",\"slideshows\":\"/${locale}/slideshows\",\"tenday\":\"/${locale}/weather/tenday/l/${locId}\",\"testUrl\":\"/${locale}/weather/testUrl\",\"thanksgivingCountdown\":\"/forecast/thanksgiving-countdown/l/${locId}\",\"today\":\"/${locale}/weather/today/l/${locId}\",\"unsubscribe\":\"/${locale}/life/alerts/unsubscribe\",\"video\":\"/${locale}/${collectionId}/video/${videoTitle}\",\"weekend\":\"/${locale}/weather/weekend/l/${locId}\",\"yesterday\":\"//www.wunderground.com/history/daily/${locId}/yesterday\"}},\"nl-NL\":{\"wxu-urls\":{\"airQuality\":\"/${locale}/forecast/air-quality/l/${locId}\",\"alertDetails\":\"/${locale}/weather/alerts/localalerts/l/${locId}\",\"alerts\":\"/${locale}/weather/alerts/localalerts/l/${locId}\",\"allergy\":\"/${locale}/forecast/allergy/l/${locId}\",\"apps\":\"/${locale}/${collectionId}/${assetName}\",\"article\":\"/${locale}/${collectionId}/news/${articleTitle}\",\"betterDecisions\":\"/missie\",\"boatBeach\":\"/${locale}/forecast/boat-beach/l/${locId}\",\"breathing\":\"/${locale}/forecast/breathing/l/${locId}\",\"callforcode\":\"/callforcode\",\"christmasCountdown\":\"/forecast/christmas-countdown/l/${locId}\",\"coldFlu\":\"/${locale}/forecast/cold-flu/l/${locId}\",\"covid19\":\"/${locale}/coronavirus/l/${locId}\",\"covid19map\":\"/${locale}/coronavirus/map/l/${locId}\",\"dataDefinitions\":\"/${locale}/definities van gegevens\",\"dataInventory\":\"/${locale}/data-inventory\",\"dataPartners\":\"/${locale}/data-partners\",\"dataRights\":\"/${locale}/gegevensrechten\",\"farming\":\"/${locale}/forecast/agriculture/l/${locId}\",\"fishing\":\"/${locale}/forecast/fishing/l/${locId}\",\"fiveday\":\"/${locale}/weer/5dagen/l/${locId}\",\"goRun\":\"/${locale}/forecast/gorun/l/${locId}\",\"home\":\"/${locale}\",\"hourly\":\"/${locale}/weer/elkuur/l/${locId}\",\"interactiveMap\":\"/${locale}/weer/kaarten/interactive/l/${locId}\",\"legal\":\"/${locale}/${collectionId}/${assetName}\",\"maps\":\"/maps/${collectionId}\",\"memberSettings\":\"/${locale}/member/settings\",\"memorialdayCountdown\":\"/forecast/memorial-day-countdown/l/${locId}\",\"mlbCountdown\":\"/${locale}/forecast/opening-day-countdown/l/${locId}\",\"monthly\":\"/${locale}/weer/monthly/l/${locId}\",\"notification\":\"/${locale}/life/manage-notifications\",\"premiumOnboarding\":\"/premium/onboarding\",\"privacyPolicyDirectory\":\"/${locale}/privacy-policy-directory\",\"privacySettings\":\"/${locale}/privacy-settings\",\"radar\":\"/${locale}/weather/radar/interactive/l/${locId}\",\"rss\":\"/rss\",\"search\":\"/${locale}/search/enhancedlocalsearch\",\"ski\":\"/${locale}/forecast/ski/l/${locId}\",\"slideshows\":\"/${locale}/slideshows\",\"tenday\":\"/${locale}/weer/10dagen/l/${locId}\",\"testUrl\":\"/${locale}/weather/testUrl\",\"thanksgivingCountdown\":\"/forecast/thanksgiving-countdown/l/${locId}\",\"today\":\"/${locale}/weer/vandaag/l/${locId}\",\"unsubscribe\":\"/${locale}/life/alerts/unsubscribe\",\"video\":\"/${locale}/${collectionId}/video/${videoTitle}\",\"weekend\":\"/${locale}/weer/weekend/l/${locId}\",\"yesterday\":\"//www.wunderground.com/history/daily/${locId}/yesterday\"}},\"no-NO\":{\"wxu-urls\":{\"airQuality\":\"/${locale}/forecast/air-quality/l/${locId}\",\"alertDetails\":\"/${locale}/weather/alerts/localalerts/l/${locId}\",\"alerts\":\"/${locale}/weather/alerts/localalerts/l/${locId}\",\"allergy\":\"/${locale}/forecast/allergy/l/${locId}\",\"apps\":\"/${locale}/${collectionId}/${assetName}\",\"article\":\"/${locale}/${collectionId}/news/${articleTitle}\",\"betterDecisions\":\"/mission\",\"boatBeach\":\"/${locale}/forecast/boat-beach/l/${locId}\",\"breathing\":\"/${locale}/forecast/breathing/l/${locId}\",\"callforcode\":\"/callforcode\",\"christmasCountdown\":\"/forecast/christmas-countdown/l/${locId}\",\"coldFlu\":\"/${locale}/forecast/cold-flu/l/${locId}\",\"covid19\":\"/${locale}/coronavirus/l/${locId}\",\"covid19map\":\"/${locale}/coronavirus/map/l/${locId}\",\"dataDefinitions\":\"/${locale}/data-definitions\",\"dataInventory\":\"/${locale}/data-inventory\",\"dataPartners\":\"/${locale}/data-partners\",\"dataRights\":\"/${locale}/data-rights\",\"farming\":\"/${locale}/forecast/agriculture/l/${locId}\",\"fishing\":\"/${locale}/forecast/fishing/l/${locId}\",\"fiveday\":\"/${locale}/weather/5day/l/${locId}\",\"goRun\":\"/${locale}/forecast/gorun/l/${locId}\",\"home\":\"/${locale}\",\"hourly\":\"/${locale}/weather/hourbyhour/l/${locId}\",\"interactiveMap\":\"/${locale}/weather/radar/interactive/l/${locId}\",\"legal\":\"/${locale}/${collectionId}/${assetName}\",\"maps\":\"/maps/${collectionId}\",\"memberSettings\":\"/${locale}/member/settings\",\"memorialdayCountdown\":\"/forecast/memorial-day-countdown/l/${locId}\",\"mlbCountdown\":\"/${locale}/forecast/opening-day-countdown/l/${locId}\",\"monthly\":\"/${locale}/weather/monthly/l/${locId}\",\"notification\":\"/${locale}/life/manage-notifications\",\"premiumOnboarding\":\"/premium/onboarding\",\"privacyPolicyDirectory\":\"/${locale}/privacy-policy-directory\",\"privacySettings\":\"/${locale}/privacy-settings\",\"radar\":\"/${locale}/weather/radar/interactive/l/${locId}\",\"rss\":\"/rss\",\"search\":\"/${locale}/search/enhancedlocalsearch\",\"ski\":\"/${locale}/forecast/ski/l/${locId}\",\"slideshows\":\"/${locale}/slideshows\",\"tenday\":\"/${locale}/weather/tenday/l/${locId}\",\"testUrl\":\"/${locale}/weather/testUrl\",\"thanksgivingCountdown\":\"/forecast/thanksgiving-countdown/l/${locId}\",\"today\":\"/${locale}/weather/today/l/${locId}\",\"unsubscribe\":\"/${locale}/life/alerts/unsubscribe\",\"video\":\"/${locale}/${collectionId}/video/${videoTitle}\",\"weekend\":\"/${locale}/weather/weekend/l/${locId}\",\"yesterday\":\"//www.wunderground.com/history/daily/${locId}/yesterday\"}},\"pl\":{\"wxu-urls\":{\"airQuality\":\"/${locale}/forecast/air-quality/l/${locId}\",\"alertDetails\":\"/${locale}/weather/alerts/localalerts/l/${locId}\",\"alerts\":\"/${locale}/weather/alerts/localalerts/l/${locId}\",\"allergy\":\"/${locale}/forecast/allergy/l/${locId}\",\"apps\":\"/${locale}/${collectionId}/${assetName}\",\"article\":\"/${locale}/${collectionId}/news/${articleTitle}\",\"betterDecisions\":\"/misja\",\"boatBeach\":\"/${locale}/forecast/boat-beach/l/${locId}\",\"breathing\":\"/${locale}/forecast/breathing/l/${locId}\",\"callforcode\":\"/callforcode\",\"christmasCountdown\":\"/forecast/christmas-countdown/l/${locId}\",\"coldFlu\":\"/${locale}/forecast/cold-flu/l/${locId}\",\"covid19\":\"/${locale}/koronawirus/l/${locId}\",\"covid19map\":\"/${locale}/koronawirus/mapa/l/${locId}\",\"dataDefinitions\":\"/${locale}/definicje-danych\",\"dataInventory\":\"/${locale}/data-inventory\",\"dataPartners\":\"/${locale}/data-partners\",\"dataRights\":\"/${locale}/prawa-do-danych\",\"farming\":\"/${locale}/forecast/agriculture/l/${locId}\",\"fishing\":\"/${locale}/forecast/fishing/l/${locId}\",\"fiveday\":\"/${locale}/pogoda/5dni/l/${locId}\",\"goRun\":\"/${locale}/forecast/gorun/l/${locId}\",\"home\":\"/${locale}\",\"hourly\":\"/${locale}/pogoda/godzinowa/l/${locId}\",\"interactiveMap\":\"/${locale}/pogoda/mapy/interactive/l/${locId}\",\"legal\":\"/${locale}/${collectionId}/${assetName}\",\"maps\":\"/maps/${collectionId}\",\"memberSettings\":\"/${locale}/member/settings\",\"memorialdayCountdown\":\"/forecast/memorial-day-countdown/l/${locId}\",\"mlbCountdown\":\"/${locale}/forecast/opening-day-countdown/l/${locId}\",\"monthly\":\"/${locale}/pogoda/miesieczne/l/${locId}\",\"notification\":\"/${locale}/life/manage-notifications\",\"premiumOnboarding\":\"/premium/onboarding\",\"privacyPolicyDirectory\":\"/${locale}/privacy-policy-directory\",\"privacySettings\":\"/${locale}/privacy-settings\",\"radar\":\"/${locale}/pogoda/mapy/interactive/l/${locId}\",\"rss\":\"/rss\",\"search\":\"/${locale}/search/enhancedlocalsearch\",\"ski\":\"/${locale}/forecast/ski/l/${locId}\",\"slideshows\":\"/${locale}/slideshows\",\"tenday\":\"/${locale}/pogoda/10dni/l/${locId}\",\"testUrl\":\"/${locale}/weather/testUrl\",\"thanksgivingCountdown\":\"/forecast/thanksgiving-countdown/l/${locId}\",\"today\":\"/${locale}/pogoda/dzisiaj/l/${locId}\",\"unsubscribe\":\"/${locale}/life/alerts/unsubscribe\",\"video\":\"/${locale}/${collectionId}/video/${videoTitle}\",\"weekend\":\"/${locale}/pogoda/weekend/l/${locId}\",\"yesterday\":\"//www.wunderground.com/history/daily/${locId}/yesterday\"}},\"pt-BR\":{\"wxu-urls\":{\"airQuality\":\"/${locale}/forecast/air-quality/l/${locId}\",\"alertDetails\":\"/${locale}/weather/alerts/localalerts/l/${locId}\",\"alerts\":\"/${locale}/weather/alerts/localalerts/l/${locId}\",\"allergy\":\"/${locale}/forecast/allergy/l/${locId}\",\"apps\":\"/${locale}/${collectionId}/${assetName}\",\"article\":\"/${locale}/${collectionId}/news/${articleTitle}\",\"betterDecisions\":\"/miss\u00E3o\",\"boatBeach\":\"/${locale}/forecast/boat-beach/l/${locId}\",\"breathing\":\"/${locale}/forecast/breathing/l/${locId}\",\"callforcode\":\"/callforcode\",\"christmasCountdown\":\"/forecast/christmas-countdown/l/${locId}\",\"coldFlu\":\"/${locale}/forecast/cold-flu/l/${locId}\",\"covid19\":\"/${locale}/coronavirus/l/${locId}\",\"covid19map\":\"/${locale}/coronavirus/map/l/${locId}\",\"dataDefinitions\":\"/${locale}/data-definitions\",\"dataInventory\":\"/${locale}/data-inventory\",\"dataPartners\":\"/${locale}/data-partners\",\"dataRights\":\"/${locale}/data-rights\",\"farming\":\"/${locale}/forecast/agriculture/l/${locId}\",\"fishing\":\"/${locale}/forecast/fishing/l/${locId}\",\"fiveday\":\"/${locale}/clima/5dias/l/${locId}\",\"goRun\":\"/${locale}/forecast/gorun/l/${locId}\",\"home\":\"/${locale}\",\"hourly\":\"/${locale}/clima/horaria/l/${locId}\",\"interactiveMap\":\"/${locale}/clima/mapas/interactive/l/${locId}\",\"legal\":\"/${locale}/${collectionId}/${assetName}\",\"maps\":\"/maps/${collectionId}\",\"memberSettings\":\"/${locale}/member/settings\",\"memorialdayCountdown\":\"/forecast/memorial-day-countdown/l/${locId}\",\"mlbCountdown\":\"/${locale}/forecast/opening-day-countdown/l/${locId}\",\"monthly\":\"/${locale}/clima/mensal/l/${locId}\",\"notification\":\"/${locale}/life/manage-notifications\",\"premiumOnboarding\":\"/premium/onboarding\",\"privacyPolicyDirectory\":\"/${locale}/diretorio-de-politicas-de-privacidade\",\"privacySettings\":\"/${locale}/privacy-settings\",\"radar\":\"/${locale}/clima/mapas/interactive/l/${locId}\",\"rss\":\"/rss\",\"search\":\"/${locale}/search/enhancedlocalsearch\",\"ski\":\"/${locale}/forecast/ski/l/${locId}\",\"slideshows\":\"/${locale}/slideshows\",\"tenday\":\"/${locale}/clima/10dias/l/${locId}\",\"testUrl\":\"/${locale}/weather/testUrl\",\"thanksgivingCountdown\":\"/forecast/thanksgiving-countdown/l/${locId}\",\"today\":\"/${locale}/clima/hoje/l/${locId}\",\"unsubscribe\":\"/${locale}/life/alerts/unsubscribe\",\"video\":\"/${locale}/${collectionId}/video/${videoTitle}\",\"weekend\":\"/${locale}/clima/fimdesemana/l/${locId}\",\"yesterday\":\"//www.wunderground.com/history/daily/${locId}/yesterday\"}},\"pt-PT\":{\"wxu-urls\":{\"airQuality\":\"/${locale}/forecast/air-quality/l/${locId}\",\"alertDetails\":\"/${locale}/weather/alerts/localalerts/l/${locId}\",\"alerts\":\"/${locale}/weather/alerts/localalerts/l/${locId}\",\"allergy\":\"/${locale}/forecast/allergy/l/${locId}\",\"apps\":\"/${locale}/${collectionId}/${assetName}\",\"article\":\"/${locale}/${collectionId}/news/${articleTitle}\",\"betterDecisions\":\"/mission\",\"boatBeach\":\"/${locale}/forecast/boat-beach/l/${locId}\",\"breathing\":\"/${locale}/forecast/breathing/l/${locId}\",\"callforcode\":\"/callforcode\",\"christmasCountdown\":\"/forecast/christmas-countdown/l/${locId}\",\"coldFlu\":\"/${locale}/forecast/cold-flu/l/${locId}\",\"covid19\":\"/${locale}/coronavirus/l/${locId}\",\"covid19map\":\"/${locale}/coronavirus/map/l/${locId}\",\"dataDefinitions\":\"/${locale}/data-definitions\",\"dataInventory\":\"/${locale}/data-inventory\",\"dataPartners\":\"/${locale}/data-partners\",\"dataRights\":\"/${locale}/data-rights\",\"farming\":\"/${locale}/forecast/agriculture/l/${locId}\",\"fishing\":\"/${locale}/forecast/fishing/l/${locId}\",\"fiveday\":\"/${locale}/clima/5dias/l/${locId}\",\"goRun\":\"/${locale}/forecast/gorun/l/${locId}\",\"home\":\"/${locale}\",\"hourly\":\"/${locale}/clima/horaria/l/${locId}\",\"interactiveMap\":\"/${locale}/clima/mapas/interactive/l/${locId}\",\"legal\":\"/${locale}/${collectionId}/${assetName}\",\"maps\":\"/maps/${collectionId}\",\"memberSettings\":\"/${locale}/member/settings\",\"memorialdayCountdown\":\"/forecast/memorial-day-countdown/l/${locId}\",\"mlbCountdown\":\"/${locale}/forecast/opening-day-countdown/l/${locId}\",\"monthly\":\"/${locale}/clima/mensalmente/l/${locId}\",\"notification\":\"/${locale}/life/manage-notifications\",\"premiumOnboarding\":\"/premium/onboarding\",\"privacyPolicyDirectory\":\"/${locale}/privacy-policy-directory\",\"privacySettings\":\"/${locale}/privacy-settings\",\"radar\":\"/${locale}/weather/radar/interactive/l/${locId}\",\"rss\":\"/rss\",\"search\":\"/${locale}/search/enhancedlocalsearch\",\"ski\":\"/${locale}/forecast/ski/l/${locId}\",\"slideshows\":\"/${locale}/slideshows\",\"tenday\":\"/${locale}/clima/10dias/l/${locId}\",\"testUrl\":\"/${locale}/weather/testUrl\",\"thanksgivingCountdown\":\"/forecast/thanksgiving-countdown/l/${locId}\",\"today\":\"/${locale}/clima/hoje/l/${locId}\",\"unsubscribe\":\"/${locale}/life/alerts/unsubscribe\",\"video\":\"/${locale}/${collectionId}/video/${videoTitle}\",\"weekend\":\"/${locale}/clima/fimdesemana/l/${locId}\",\"yesterday\":\"//www.wunderground.com/history/daily/${locId}/yesterday\"}},\"ro-RO\":{\"wxu-urls\":{\"airQuality\":\"/${locale}/forecast/air-quality/l/${locId}\",\"alertDetails\":\"/${locale}/weather/alerts/localalerts/l/${locId}\",\"alerts\":\"/${locale}/weather/alerts/localalerts/l/${locId}\",\"allergy\":\"/${locale}/forecast/allergy/l/${locId}\",\"apps\":\"/${locale}/${collectionId}/${assetName}\",\"article\":\"/${locale}/${collectionId}/news/${articleTitle}\",\"betterDecisions\":\"/mission\",\"boatBeach\":\"/${locale}/forecast/boat-beach/l/${locId}\",\"breathing\":\"/${locale}/forecast/breathing/l/${locId}\",\"callforcode\":\"/callforcode\",\"christmasCountdown\":\"/forecast/christmas-countdown/l/${locId}\",\"coldFlu\":\"/${locale}/forecast/cold-flu/l/${locId}\",\"covid19\":\"/${locale}/coronavirus/l/${locId}\",\"covid19map\":\"/${locale}/coronavirus/map/l/${locId}\",\"dataDefinitions\":\"/${locale}/data-definitions\",\"dataInventory\":\"/${locale}/data-inventory\",\"dataPartners\":\"/${locale}/data-partners\",\"dataRights\":\"/${locale}/data-rights\",\"farming\":\"/${locale}/forecast/agriculture/l/${locId}\",\"fishing\":\"/${locale}/forecast/fishing/l/${locId}\",\"fiveday\":\"/${locale}/vreme/5zile/l/${locId}\",\"goRun\":\"/${locale}/forecast/gorun/l/${locId}\",\"home\":\"/${locale}\",\"hourly\":\"/${locale}/vreme/orara/l/${locId}\",\"interactiveMap\":\"/${locale}/vreme/harti/interactive/l/${locId}\",\"legal\":\"/${locale}/${collectionId}/${assetName}\",\"maps\":\"/maps/${collectionId}\",\"memberSettings\":\"/${locale}/member/settings\",\"memorialdayCountdown\":\"/forecast/memorial-day-countdown/l/${locId}\",\"mlbCountdown\":\"/${locale}/forecast/opening-day-countdown/l/${locId}\",\"monthly\":\"/${locale}/vreme/peluni/l/${locId}\",\"notification\":\"/${locale}/life/manage-notifications\",\"premiumOnboarding\":\"/premium/onboarding\",\"privacyPolicyDirectory\":\"/${locale}/privacy-policy-directory\",\"privacySettings\":\"/${locale}/privacy-settings\",\"radar\":\"/${locale}/weather/radar/interactive/l/${locId}\",\"rss\":\"/rss\",\"search\":\"/${locale}/search/enhancedlocalsearch\",\"ski\":\"/${locale}/forecast/ski/l/${locId}\",\"slideshows\":\"/${locale}/slideshows\",\"tenday\":\"/${locale}/vreme/10zile/l/${locId}\",\"testUrl\":\"/${locale}/weather/testUrl\",\"thanksgivingCountdown\":\"/forecast/thanksgiving-countdown/l/${locId}\",\"today\":\"/${locale}/vreme/astazi/l/${locId}\",\"unsubscribe\":\"/${locale}/life/alerts/unsubscribe\",\"video\":\"/${locale}/${collectionId}/video/${videoTitle}\",\"weekend\":\"/${locale}/vreme/weekend/l/${locId}\",\"yesterday\":\"//www.wunderground.com/history/daily/${locId}/yesterday\"}},\"ru-RU\":{\"wxu-urls\":{\"airQuality\":\"/${locale}/forecast/air-quality/l/${locId}\",\"alertDetails\":\"/${locale}/weather/alerts/localalerts/l/${locId}\",\"alerts\":\"/${locale}/weather/alerts/localalerts/l/${locId}\",\"allergy\":\"/${locale}/forecast/allergy/l/${locId}\",\"apps\":\"/${locale}/${collectionId}/${assetName}\",\"article\":\"/${locale}/${collectionId}/news/${articleTitle}\",\"betterDecisions\":\"/mission\",\"boatBeach\":\"/${locale}/forecast/boat-beach/l/${locId}\",\"breathing\":\"/${locale}/forecast/breathing/l/${locId}\",\"callforcode\":\"/callforcode\",\"christmasCountdown\":\"/forecast/christmas-countdown/l/${locId}\",\"coldFlu\":\"/${locale}/forecast/cold-flu/l/${locId}\",\"covid19\":\"/${locale}/coronavirus/l/${locId}\",\"covid19map\":\"/${locale}/coronavirus/map/l/${locId}\",\"dataDefinitions\":\"/${locale}/data-definitions\",\"dataInventory\":\"/${locale}/data-inventory\",\"dataPartners\":\"/${locale}/data-partners\",\"dataRights\":\"/${locale}/data-rights\",\"farming\":\"/${locale}/forecast/agriculture/l/${locId}\",\"fishing\":\"/${locale}/forecast/fishing/l/${locId}\",\"fiveday\":\"/${locale}/weather/5day/l/${locId}\",\"goRun\":\"/${locale}/forecast/gorun/l/${locId}\",\"home\":\"/${locale}\",\"hourly\":\"/${locale}/weather/hourbyhour/l/${locId}\",\"interactiveMap\":\"/${locale}/weather/radar/interactive/l/${locId}\",\"legal\":\"/${locale}/${collectionId}/${assetName}\",\"maps\":\"/maps/${collectionId}\",\"memberSettings\":\"/${locale}/member/settings\",\"memorialdayCountdown\":\"/forecast/memorial-day-countdown/l/${locId}\",\"mlbCountdown\":\"/${locale}/forecast/opening-day-countdown/l/${locId}\",\"monthly\":\"/${locale}/weather/monthly/l/${locId}\",\"notification\":\"/${locale}/life/manage-notifications\",\"premiumOnboarding\":\"/premium/onboarding\",\"privacyPolicyDirectory\":\"/${locale}/privacy-policy-directory\",\"privacySettings\":\"/${locale}/privacy-settings\",\"radar\":\"/${locale}/weather/radar/interactive/l/${locId}\",\"rss\":\"/rss\",\"search\":\"/${locale}/search/enhancedlocalsearch\",\"ski\":\"/${locale}/forecast/ski/l/${locId}\",\"slideshows\":\"/${locale}/slideshows\",\"tenday\":\"/${locale}/weather/tenday/l/${locId}\",\"testUrl\":\"/${locale}/weather/testUrl\",\"thanksgivingCountdown\":\"/forecast/thanksgiving-countdown/l/${locId}\",\"today\":\"/${locale}/weather/today/l/${locId}\",\"unsubscribe\":\"/${locale}/life/alerts/unsubscribe\",\"video\":\"/${locale}/${collectionId}/video/${videoTitle}\",\"weekend\":\"/${locale}/weather/weekend/l/${locId}\",\"yesterday\":\"//www.wunderground.com/history/daily/${locId}/yesterday\"}},\"si-LK\":{\"wxu-urls\":{\"airQuality\":\"/${locale}/forecast/air-quality/l/${locId}\",\"alertDetails\":\"/${locale}/weather/alerts/localalerts/l/${locId}\",\"alerts\":\"/${locale}/weather/alerts/localalerts/l/${locId}\",\"allergy\":\"/${locale}/forecast/allergy/l/${locId}\",\"apps\":\"/${locale}/${collectionId}/${assetName}\",\"article\":\"/${locale}/${collectionId}/news/${articleTitle}\",\"betterDecisions\":\"/mission\",\"boatBeach\":\"/${locale}/forecast/boat-beach/l/${locId}\",\"breathing\":\"/${locale}/forecast/breathing/l/${locId}\",\"callforcode\":\"/callforcode\",\"christmasCountdown\":\"/forecast/christmas-countdown/l/${locId}\",\"coldFlu\":\"/${locale}/forecast/cold-flu/l/${locId}\",\"covid19\":\"/${locale}/coronavirus/l/${locId}\",\"covid19map\":\"/${locale}/coronavirus/map/l/${locId}\",\"dataDefinitions\":\"/${locale}/data-definitions\",\"dataInventory\":\"/${locale}/data-inventory\",\"dataPartners\":\"/${locale}/data-partners\",\"dataRights\":\"/${locale}/data-rights\",\"farming\":\"/${locale}/forecast/agriculture/l/${locId}\",\"fishing\":\"/${locale}/forecast/fishing/l/${locId}\",\"fiveday\":\"/${locale}/weather/5day/l/${locId}\",\"goRun\":\"/${locale}/forecast/gorun/l/${locId}\",\"home\":\"/${locale}\",\"hourly\":\"/${locale}/weather/hourbyhour/l/${locId}\",\"interactiveMap\":\"/${locale}/weather/maps/interactive/l/${locId}\",\"legal\":\"/${locale}/${collectionId}/${assetName}\",\"maps\":\"/maps/${collectionId}\",\"memberSettings\":\"/${locale}/member/settings\",\"memorialdayCountdown\":\"/forecast/memorial-day-countdown/l/${locId}\",\"mlbCountdown\":\"/${locale}/forecast/opening-day-countdown/l/${locId}\",\"monthly\":\"/${locale}/weather/monthly/l/${locId}\",\"notification\":\"/${locale}/life/manage-notifications\",\"premiumOnboarding\":\"/premium/onboarding\",\"privacyPolicyDirectory\":\"/${locale}/privacy-policy-directory\",\"privacySettings\":\"/${locale}/privacy-settings\",\"radar\":\"/${locale}/weather/maps/interactive/l/${locId}\",\"rss\":\"/rss\",\"search\":\"/${locale}/search/enhancedlocalsearch\",\"ski\":\"/${locale}/forecast/ski/l/${locId}\",\"slideshows\":\"/${locale}/slideshows\",\"tenday\":\"/${locale}/weather/tenday/l/${locId}\",\"testUrl\":\"/${locale}/weather/testUrl\",\"thanksgivingCountdown\":\"/forecast/thanksgiving-countdown/l/${locId}\",\"today\":\"/${locale}/weather/today/l/${locId}\",\"unsubscribe\":\"/${locale}/life/alerts/unsubscribe\",\"video\":\"/${locale}/${collectionId}/video/${videoTitle}\",\"weekend\":\"/${locale}/weather/weekend/l/${locId}\",\"yesterday\":\"//www.wunderground.com/history/daily/${locId}/yesterday\"}},\"sk-SK\":{\"wxu-urls\":{\"airQuality\":\"/${locale}/forecast/air-quality/l/${locId}\",\"alertDetails\":\"/${locale}/weather/alerts/localalerts/l/${locId}\",\"alerts\":\"/${locale}/weather/alerts/localalerts/l/${locId}\",\"allergy\":\"/${locale}/forecast/allergy/l/${locId}\",\"apps\":\"/${locale}/${collectionId}/${assetName}\",\"article\":\"/${locale}/${collectionId}/news/${articleTitle}\",\"betterDecisions\":\"/ciel\",\"boatBeach\":\"/${locale}/forecast/boat-beach/l/${locId}\",\"breathing\":\"/${locale}/forecast/breathing/l/${locId}\",\"callforcode\":\"/callforcode\",\"christmasCountdown\":\"/forecast/christmas-countdown/l/${locId}\",\"coldFlu\":\"/${locale}/forecast/cold-flu/l/${locId}\",\"covid19\":\"/${locale}/coronavirus/l/${locId}\",\"covid19map\":\"/${locale}/coronavirus/map/l/${locId}\",\"dataDefinitions\":\"/${locale}/definicie-udajov\",\"dataInventory\":\"/${locale}/data-inventory\",\"dataPartners\":\"/${locale}/data-partners\",\"dataRights\":\"/${locale}/prava-na-pristup-k-udajom\",\"farming\":\"/${locale}/forecast/agriculture/l/${locId}\",\"fishing\":\"/${locale}/forecast/fishing/l/${locId}\",\"fiveday\":\"/${locale}/pocasie/5dni/l/${locId}\",\"goRun\":\"/${locale}/forecast/gorun/l/${locId}\",\"home\":\"/${locale}\",\"hourly\":\"/${locale}/pocasie/Hodinova/l/${locId}\",\"interactiveMap\":\"/${locale}/pocasie/mapy/interactive/l/${locId}\",\"legal\":\"/${locale}/${collectionId}/${assetName}\",\"maps\":\"/maps/${collectionId}\",\"memberSettings\":\"/${locale}/member/settings\",\"memorialdayCountdown\":\"/forecast/memorial-day-countdown/l/${locId}\",\"mlbCountdown\":\"/${locale}/forecast/opening-day-countdown/l/${locId}\",\"monthly\":\"/${locale}/pocasie/mesacne/l/${locId}\",\"notification\":\"/${locale}/life/manage-notifications\",\"premiumOnboarding\":\"/premium/onboarding\",\"privacyPolicyDirectory\":\"/${locale}/privacy-policy-directory\",\"privacySettings\":\"/${locale}/privacy-settings\",\"radar\":\"/${locale}/weather/radar/interactive/l/${locId}\",\"rss\":\"/rss\",\"search\":\"/${locale}/search/enhancedlocalsearch\",\"ski\":\"/${locale}/forecast/ski/l/${locId}\",\"slideshows\":\"/${locale}/slideshows\",\"tenday\":\"/${locale}/pocasie/10dni/l/${locId}\",\"testUrl\":\"/${locale}/weather/testUrl\",\"thanksgivingCountdown\":\"/forecast/thanksgiving-countdown/l/${locId}\",\"today\":\"/${locale}/pocasie/dnes/l/${locId}\",\"unsubscribe\":\"/${locale}/life/alerts/unsubscribe\",\"video\":\"/${locale}/${collectionId}/video/${videoTitle}\",\"weekend\":\"/${locale}/pocasie/vikend/l/${locId}\",\"yesterday\":\"//www.wunderground.com/history/daily/${locId}/yesterday\"}},\"sl-SI\":{\"wxu-urls\":{\"airQuality\":\"/${locale}/forecast/air-quality/l/${locId}\",\"alertDetails\":\"/${locale}/weather/alerts/localalerts/l/${locId}\",\"alerts\":\"/${locale}/weather/alerts/localalerts/l/${locId}\",\"allergy\":\"/${locale}/forecast/allergy/l/${locId}\",\"apps\":\"/${locale}/${collectionId}/${assetName}\",\"article\":\"/${locale}/${collectionId}/news/${articleTitle}\",\"betterDecisions\":\"/mission\",\"boatBeach\":\"/${locale}/forecast/boat-beach/l/${locId}\",\"breathing\":\"/${locale}/forecast/breathing/l/${locId}\",\"callforcode\":\"/callforcode\",\"christmasCountdown\":\"/forecast/christmas-countdown/l/${locId}\",\"coldFlu\":\"/${locale}/forecast/cold-flu/l/${locId}\",\"covid19\":\"/${locale}/coronavirus/l/${locId}\",\"covid19map\":\"/${locale}/coronavirus/map/l/${locId}\",\"dataDefinitions\":\"/${locale}/data-definitions\",\"dataInventory\":\"/${locale}/data-inventory\",\"dataPartners\":\"/${locale}/data-partners\",\"dataRights\":\"/${locale}/data-rights\",\"farming\":\"/${locale}/forecast/agriculture/l/${locId}\",\"fishing\":\"/${locale}/forecast/fishing/l/${locId}\",\"fiveday\":\"/${locale}/vreme/5dni/l/${locId}\",\"goRun\":\"/${locale}/forecast/gorun/l/${locId}\",\"home\":\"/${locale}\",\"hourly\":\"/${locale}/vreme/urozauro/l/${locId}\",\"interactiveMap\":\"/${locale}/vreme/zrmljevidi/interaktivno/l/${locId}\",\"legal\":\"/${locale}/${collectionId}/${assetName}\",\"maps\":\"/maps/${collectionId}\",\"memberSettings\":\"/${locale}/member/settings\",\"memorialdayCountdown\":\"/forecast/memorial-day-countdown/l/${locId}\",\"mlbCountdown\":\"/${locale}/forecast/opening-day-countdown/l/${locId}\",\"monthly\":\"/${locale}/vreme/mesecno/l/${locId}\",\"notification\":\"/${locale}/life/manage-notifications\",\"premiumOnboarding\":\"/premium/onboarding\",\"privacyPolicyDirectory\":\"/${locale}/privacy-policy-directory\",\"privacySettings\":\"/${locale}/privacy-settings\",\"radar\":\"/${locale}/weather/radar/interactive/l/${locId}\",\"rss\":\"/rss\",\"search\":\"/${locale}/search/enhancedlocalsearch\",\"ski\":\"/${locale}/forecast/ski/l/${locId}\",\"slideshows\":\"/${locale}/slideshows\",\"tenday\":\"/${locale}/vreme/desetdni/l/${locId}\",\"testUrl\":\"/${locale}/weather/testUrl\",\"thanksgivingCountdown\":\"/forecast/thanksgiving-countdown/l/${locId}\",\"today\":\"/${locale}/vreme/danes/l/${locId}\",\"unsubscribe\":\"/${locale}/life/alerts/unsubscribe\",\"video\":\"/${locale}/${collectionId}/video/${videoTitle}\",\"weekend\":\"/${locale}/vreme/konectedna/l/${locId}\",\"yesterday\":\"//www.wunderground.com/history/daily/${locId}/yesterday\"}},\"sq-AL\":{\"wxu-urls\":{\"airQuality\":\"/${locale}/forecast/air-quality/l/${locId}\",\"alertDetails\":\"/${locale}/weather/alerts/localalerts/l/${locId}\",\"alerts\":\"/${locale}/weather/alerts/localalerts/l/${locId}\",\"allergy\":\"/${locale}/forecast/allergy/l/${locId}\",\"apps\":\"/${locale}/${collectionId}/${assetName}\",\"article\":\"/${locale}/${collectionId}/news/${articleTitle}\",\"betterDecisions\":\"/mission\",\"boatBeach\":\"/${locale}/forecast/boat-beach/l/${locId}\",\"breathing\":\"/${locale}/forecast/breathing/l/${locId}\",\"callforcode\":\"/callforcode\",\"christmasCountdown\":\"/forecast/christmas-countdown/l/${locId}\",\"coldFlu\":\"/${locale}/forecast/cold-flu/l/${locId}\",\"covid19\":\"/${locale}/coronavirus/l/${locId}\",\"covid19map\":\"/${locale}/coronavirus/map/l/${locId}\",\"dataDefinitions\":\"/${locale}/data-definitions\",\"dataInventory\":\"/${locale}/data-inventory\",\"dataPartners\":\"/${locale}/data-partners\",\"dataRights\":\"/${locale}/data-rights\",\"farming\":\"/${locale}/forecast/agriculture/l/${locId}\",\"fishing\":\"/${locale}/forecast/fishing/l/${locId}\",\"fiveday\":\"/${locale}/moti/5dite/l/${locId}\",\"goRun\":\"/${locale}/forecast/gorun/l/${locId}\",\"home\":\"/${locale}\",\"hourly\":\"/${locale}/moti/orepasore/l/${locId}\",\"interactiveMap\":\"/${locale}/moti/hartat/interaktive/l/${locId}\",\"legal\":\"/${locale}/${collectionId}/${assetName}\",\"maps\":\"/maps/${collectionId}\",\"memberSettings\":\"/${locale}/member/settings\",\"memorialdayCountdown\":\"/forecast/memorial-day-countdown/l/${locId}\",\"mlbCountdown\":\"/${locale}/forecast/opening-day-countdown/l/${locId}\",\"monthly\":\"/${locale}/moti/mujor/l/${locId}\",\"notification\":\"/${locale}/life/manage-notifications\",\"premiumOnboarding\":\"/premium/onboarding\",\"privacyPolicyDirectory\":\"/${locale}/privacy-policy-directory\",\"privacySettings\":\"/${locale}/privacy-settings\",\"radar\":\"/${locale}/weather/radar/interactive/l/${locId}\",\"rss\":\"/rss\",\"search\":\"/${locale}/search/enhancedlocalsearch\",\"ski\":\"/${locale}/forecast/ski/l/${locId}\",\"slideshows\":\"/${locale}/slideshows\",\"tenday\":\"/${locale}/moti/dhjetedite/l/${locId}\",\"testUrl\":\"/${locale}/weather/testUrl\",\"thanksgivingCountdown\":\"/forecast/thanksgiving-countdown/l/${locId}\",\"today\":\"/${locale}/moti/sot/l/${locId}\",\"unsubscribe\":\"/${locale}/life/alerts/unsubscribe\",\"video\":\"/${locale}/${collectionId}/video/${videoTitle}\",\"weekend\":\"/${locale}/moti/fundjave/l/${locId}\",\"yesterday\":\"//www.wunderground.com/history/daily/${locId}/yesterday\"}},\"sr-RS\":{\"wxu-urls\":{\"airQuality\":\"/${locale}/forecast/air-quality/l/${locId}\",\"alertDetails\":\"/${locale}/weather/alerts/localalerts/l/${locId}\",\"alerts\":\"/${locale}/weather/alerts/localalerts/l/${locId}\",\"allergy\":\"/${locale}/forecast/allergy/l/${locId}\",\"apps\":\"/${locale}/${collectionId}/${assetName}\",\"article\":\"/${locale}/${collectionId}/news/${articleTitle}\",\"betterDecisions\":\"/mission\",\"boatBeach\":\"/${locale}/forecast/boat-beach/l/${locId}\",\"breathing\":\"/${locale}/forecast/breathing/l/${locId}\",\"callforcode\":\"/callforcode\",\"christmasCountdown\":\"/forecast/christmas-countdown/l/${locId}\",\"coldFlu\":\"/${locale}/forecast/cold-flu/l/${locId}\",\"covid19\":\"/${locale}/coronavirus/l/${locId}\",\"covid19map\":\"/${locale}/coronavirus/map/l/${locId}\",\"dataDefinitions\":\"/${locale}/data-definitions\",\"dataInventory\":\"/${locale}/data-inventory\",\"dataPartners\":\"/${locale}/data-partners\",\"dataRights\":\"/${locale}/data-rights\",\"farming\":\"/${locale}/forecast/agriculture/l/${locId}\",\"fishing\":\"/${locale}/forecast/fishing/l/${locId}\",\"fiveday\":\"/${locale}/vreme/5dana/l/${locId}\",\"goRun\":\"/${locale}/forecast/gorun/l/${locId}\",\"home\":\"/${locale}\",\"hourly\":\"/${locale}/vreme/pocasovima/l/${locId}\",\"interactiveMap\":\"/${locale}/vreme/karte/interaktivno/l/${locId}\",\"legal\":\"/${locale}/${collectionId}/${assetName}\",\"maps\":\"/maps/${collectionId}\",\"memberSettings\":\"/${locale}/member/settings\",\"memorialdayCountdown\":\"/forecast/memorial-day-countdown/l/${locId}\",\"mlbCountdown\":\"/${locale}/forecast/opening-day-countdown/l/${locId}\",\"monthly\":\"/${locale}/vreme/mesecna/l/${locId}\",\"notification\":\"/${locale}/life/manage-notifications\",\"premiumOnboarding\":\"/premium/onboarding\",\"privacyPolicyDirectory\":\"/${locale}/privacy-policy-directory\",\"privacySettings\":\"/${locale}/privacy-settings\",\"radar\":\"/${locale}/weather/radar/interactive/l/${locId}\",\"rss\":\"/rss\",\"search\":\"/${locale}/search/enhancedlocalsearch\",\"ski\":\"/${locale}/forecast/ski/l/${locId}\",\"slideshows\":\"/${locale}/slideshows\",\"tenday\":\"/${locale}/vreme/desetdana/l/${locId}\",\"testUrl\":\"/${locale}/weather/testUrl\",\"thanksgivingCountdown\":\"/forecast/thanksgiving-countdown/l/${locId}\",\"today\":\"/${locale}/vreme/danas/l/${locId}\",\"unsubscribe\":\"/${locale}/life/alerts/unsubscribe\",\"video\":\"/${locale}/${collectionId}/video/${videoTitle}\",\"weekend\":\"/${locale}/haliyahewa/wikendi/l/${locId}\",\"yesterday\":\"//www.wunderground.com/history/daily/${locId}/yesterday\"}},\"sv-SE\":{\"wxu-urls\":{\"airQuality\":\"/${locale}/forecast/air-quality/l/${locId}\",\"alertDetails\":\"/${locale}/weather/alerts/localalerts/l/${locId}\",\"alerts\":\"/${locale}/weather/alerts/localalerts/l/${locId}\",\"allergy\":\"/${locale}/forecast/allergy/l/${locId}\",\"apps\":\"/${locale}/${collectionId}/${assetName}\",\"article\":\"/${locale}/${collectionId}/news/${articleTitle}\",\"betterDecisions\":\"/mission\",\"boatBeach\":\"/${locale}/forecast/boat-beach/l/${locId}\",\"breathing\":\"/${locale}/forecast/breathing/l/${locId}\",\"callforcode\":\"/callforcode\",\"christmasCountdown\":\"/forecast/christmas-countdown/l/${locId}\",\"coldFlu\":\"/${locale}/forecast/cold-flu/l/${locId}\",\"covid19\":\"/${locale}/coronavirus/l/${locId}\",\"covid19map\":\"/${locale}/coronavirus/map/l/${locId}\",\"dataDefinitions\":\"/${locale}/data-definitions\",\"dataInventory\":\"/${locale}/data-inventory\",\"dataPartners\":\"/${locale}/data-partners\",\"dataRights\":\"/${locale}/data-rights\",\"farming\":\"/${locale}/forecast/agriculture/l/${locId}\",\"fishing\":\"/${locale}/forecast/fishing/l/${locId}\",\"fiveday\":\"/${locale}/weather/5day/l/${locId}\",\"goRun\":\"/${locale}/forecast/gorun/l/${locId}\",\"home\":\"/${locale}\",\"hourly\":\"/${locale}/weather/hourbyhour/l/${locId}\",\"interactiveMap\":\"/${locale}/weather/radar/interactive/l/${locId}\",\"legal\":\"/${locale}/${collectionId}/${assetName}\",\"maps\":\"/maps/${collectionId}\",\"memberSettings\":\"/${locale}/member/settings\",\"memorialdayCountdown\":\"/forecast/memorial-day-countdown/l/${locId}\",\"mlbCountdown\":\"/${locale}/forecast/opening-day-countdown/l/${locId}\",\"monthly\":\"/${locale}/weather/monthly/l/${locId}\",\"notification\":\"/${locale}/life/manage-notifications\",\"premiumOnboarding\":\"/premium/onboarding\",\"privacyPolicyDirectory\":\"/${locale}/privacy-policy-directory\",\"privacySettings\":\"/${locale}/privacy-settings\",\"radar\":\"/${locale}/weather/radar/interactive/l/${locId}\",\"rss\":\"/rss\",\"search\":\"/${locale}/search/enhancedlocalsearch\",\"ski\":\"/${locale}/forecast/ski/l/${locId}\",\"slideshows\":\"/${locale}/slideshows\",\"tenday\":\"/${locale}/weather/tenday/l/${locId}\",\"testUrl\":\"/${locale}/weather/testUrl\",\"thanksgivingCountdown\":\"/forecast/thanksgiving-countdown/l/${locId}\",\"today\":\"/${locale}/weather/today/l/${locId}\",\"unsubscribe\":\"/${locale}/life/alerts/unsubscribe\",\"video\":\"/${locale}/${collectionId}/video/${videoTitle}\",\"weekend\":\"/${locale}/weather/weekend/l/${locId}\",\"yesterday\":\"//www.wunderground.com/history/daily/${locId}/yesterday\"}},\"sw\":{\"wxu-urls\":{\"airQuality\":\"/${locale}/forecast/air-quality/l/${locId}\",\"alertDetails\":\"/${locale}/weather/alerts/localalerts/l/${locId}\",\"alerts\":\"/${locale}/weather/alerts/localalerts/l/${locId}\",\"allergy\":\"/${locale}/forecast/allergy/l/${locId}\",\"apps\":\"/${locale}/${collectionId}/${assetName}\",\"article\":\"/${locale}/${collectionId}/news/${articleTitle}\",\"betterDecisions\":\"/mission\",\"boatBeach\":\"/${locale}/forecast/boat-beach/l/${locId}\",\"breathing\":\"/${locale}/forecast/breathing/l/${locId}\",\"callforcode\":\"/callforcode\",\"christmasCountdown\":\"/forecast/christmas-countdown/l/${locId}\",\"coldFlu\":\"/${locale}/forecast/cold-flu/l/${locId}\",\"covid19\":\"/${locale}/coronavirus/l/${locId}\",\"covid19map\":\"/${locale}/coronavirus/map/l/${locId}\",\"dataDefinitions\":\"/${locale}/data-definitions\",\"dataInventory\":\"/${locale}/data-inventory\",\"dataPartners\":\"/${locale}/data-partners\",\"dataRights\":\"/${locale}/data-rights\",\"farming\":\"/${locale}/forecast/agriculture/l/${locId}\",\"fishing\":\"/${locale}/forecast/fishing/l/${locId}\",\"fiveday\":\"/${locale}/haliyahewa/siku5/l/${locId}\",\"goRun\":\"/${locale}/forecast/gorun/l/${locId}\",\"home\":\"/${locale}\",\"hourly\":\"/${locale}/haliyahewa/saakwasaa/l/${locId}\",\"interactiveMap\":\"/${locale}/haliyahewa/ramani/mwingiliano/l/${locId}\",\"legal\":\"/${locale}/${collectionId}/${assetName}\",\"maps\":\"/maps/${collectionId}\",\"memberSettings\":\"/${locale}/member/settings\",\"memorialdayCountdown\":\"/forecast/memorial-day-countdown/l/${locId}\",\"mlbCountdown\":\"/${locale}/forecast/opening-day-countdown/l/${locId}\",\"monthly\":\"/${locale}/haliyahewa/kilamwezi/l/${locId}\",\"notification\":\"/${locale}/life/manage-notifications\",\"premiumOnboarding\":\"/premium/onboarding\",\"privacyPolicyDirectory\":\"/${locale}/privacy-policy-directory\",\"privacySettings\":\"/${locale}/privacy-settings\",\"radar\":\"/${locale}/haliyahewa/ramani/mwingiliano/l/${locId}\",\"rss\":\"/rss\",\"search\":\"/${locale}/search/enhancedlocalsearch\",\"ski\":\"/${locale}/forecast/ski/l/${locId}\",\"slideshows\":\"/${locale}/slideshows\",\"tenday\":\"/${locale}/haliyahewa/sikukumi/l/${locId}\",\"testUrl\":\"/${locale}/weather/testUrl\",\"thanksgivingCountdown\":\"/forecast/thanksgiving-countdown/l/${locId}\",\"today\":\"/${locale}/haliyahewa/leo/l/${locId}\",\"unsubscribe\":\"/${locale}/life/alerts/unsubscribe\",\"video\":\"/${locale}/${collectionId}/video/${videoTitle}\",\"weekend\":\"/${locale}/haliyahewa/wikendi/l/${locId}\",\"yesterday\":\"//www.wunderground.com/history/daily/${locId}/yesterday\"}},\"ta-IN\":{\"wxu-urls\":{\"airQuality\":\"/${locale}/forecast/air-quality/l/${locId}\",\"alertDetails\":\"/${locale}/weather/alerts/localalerts/l/${locId}\",\"alerts\":\"/${locale}/weather/alerts/localalerts/l/${locId}\",\"allergy\":\"/${locale}/forecast/allergy/l/${locId}\",\"apps\":\"/${locale}/${collectionId}/${assetName}\",\"article\":\"/${locale}/${collectionId}/news/${articleTitle}\",\"betterDecisions\":\"/mission\",\"boatBeach\":\"/${locale}/forecast/boat-beach/l/${locId}\",\"breathing\":\"/${locale}/forecast/breathing/l/${locId}\",\"callforcode\":\"/callforcode\",\"christmasCountdown\":\"/forecast/christmas-countdown/l/${locId}\",\"coldFlu\":\"/${locale}/forecast/cold-flu/l/${locId}\",\"covid19\":\"/${locale}/coronavirus/l/${locId}\",\"covid19map\":\"/${locale}/coronavirus/map/l/${locId}\",\"dataDefinitions\":\"/${locale}/data-definitions\",\"dataInventory\":\"/${locale}/data-inventory\",\"dataPartners\":\"/${locale}/data-partners\",\"dataRights\":\"/${locale}/data-rights\",\"farming\":\"/${locale}/forecast/agriculture/l/${locId}\",\"fishing\":\"/${locale}/forecast/fishing/l/${locId}\",\"fiveday\":\"/${locale}/weather/5day/l/${locId}\",\"goRun\":\"/${locale}/forecast/gorun/l/${locId}\",\"home\":\"/${locale}\",\"hourly\":\"/${locale}/weather/hourbyhour/l/${locId}\",\"interactiveMap\":\"/${locale}/weather/maps/interactive/l/${locId}\",\"legal\":\"/${locale}/${collectionId}/${assetName}\",\"maps\":\"/maps/${collectionId}\",\"memberSettings\":\"/${locale}/member/settings\",\"memorialdayCountdown\":\"/forecast/memorial-day-countdown/l/${locId}\",\"mlbCountdown\":\"/${locale}/forecast/opening-day-countdown/l/${locId}\",\"monthly\":\"/${locale}/weather/monthly/l/${locId}\",\"notification\":\"/${locale}/life/manage-notifications\",\"premiumOnboarding\":\"/premium/onboarding\",\"privacyPolicyDirectory\":\"/${locale}/privacy-policy-directory\",\"privacySettings\":\"/${locale}/privacy-settings\",\"radar\":\"/${locale}/weather/maps/interactive/l/${locId}\",\"rss\":\"/rss\",\"search\":\"/${locale}/search/enhancedlocalsearch\",\"ski\":\"/${locale}/forecast/ski/l/${locId}\",\"slideshows\":\"/${locale}/slideshows\",\"tenday\":\"/${locale}/weather/tenday/l/${locId}\",\"testUrl\":\"/${locale}/weather/testUrl\",\"thanksgivingCountdown\":\"/forecast/thanksgiving-countdown/l/${locId}\",\"today\":\"/${locale}/weather/today/l/${locId}\",\"unsubscribe\":\"/${locale}/life/alerts/unsubscribe\",\"video\":\"/${locale}/${collectionId}/video/${videoTitle}\",\"weekend\":\"/${locale}/weather/weekend/l/${locId}\",\"yesterday\":\"//www.wunderground.com/history/daily/${locId}/yesterday\"}},\"te-IN\":{\"wxu-urls\":{\"airQuality\":\"/${locale}/forecast/air-quality/l/${locId}\",\"alertDetails\":\"/${locale}/weather/alerts/localalerts/l/${locId}\",\"alerts\":\"/${locale}/weather/alerts/localalerts/l/${locId}\",\"allergy\":\"/${locale}/forecast/allergy/l/${locId}\",\"apps\":\"/${locale}/${collectionId}/${assetName}\",\"article\":\"/${locale}/${collectionId}/news/${articleTitle}\",\"betterDecisions\":\"/mission\",\"boatBeach\":\"/${locale}/forecast/boat-beach/l/${locId}\",\"breathing\":\"/${locale}/forecast/breathing/l/${locId}\",\"callforcode\":\"/callforcode\",\"christmasCountdown\":\"/forecast/christmas-countdown/l/${locId}\",\"coldFlu\":\"/${locale}/forecast/cold-flu/l/${locId}\",\"covid19\":\"/${locale}/coronavirus/l/${locId}\",\"covid19map\":\"/${locale}/coronavirus/map/l/${locId}\",\"dataDefinitions\":\"/${locale}/data-definitions\",\"dataInventory\":\"/${locale}/data-inventory\",\"dataPartners\":\"/${locale}/data-partners\",\"dataRights\":\"/${locale}/data-rights\",\"farming\":\"/${locale}/forecast/agriculture/l/${locId}\",\"fishing\":\"/${locale}/forecast/fishing/l/${locId}\",\"fiveday\":\"/${locale}/weather/5day/l/${locId}\",\"goRun\":\"/${locale}/forecast/gorun/l/${locId}\",\"home\":\"/${locale}\",\"hourly\":\"/${locale}/weather/hourbyhour/l/${locId}\",\"interactiveMap\":\"/${locale}/weather/maps/interactive/l/${locId}\",\"legal\":\"/${locale}/${collectionId}/${assetName}\",\"maps\":\"/maps/${collectionId}\",\"memberSettings\":\"/${locale}/member/settings\",\"memorialdayCountdown\":\"/forecast/memorial-day-countdown/l/${locId}\",\"mlbCountdown\":\"/${locale}/forecast/opening-day-countdown/l/${locId}\",\"monthly\":\"/${locale}/weather/monthly/l/${locId}\",\"notification\":\"/${locale}/life/manage-notifications\",\"premiumOnboarding\":\"/premium/onboarding\",\"privacyPolicyDirectory\":\"/${locale}/privacy-policy-directory\",\"privacySettings\":\"/${locale}/privacy-settings\",\"radar\":\"/${locale}/weather/radar/interactive/l/${locId}\",\"rss\":\"/rss\",\"search\":\"/${locale}/search/enhancedlocalsearch\",\"ski\":\"/${locale}/forecast/ski/l/${locId}\",\"slideshows\":\"/${locale}/slideshows\",\"tenday\":\"/${locale}/weather/tenday/l/${locId}\",\"testUrl\":\"/${locale}/weather/testUrl\",\"thanksgivingCountdown\":\"/forecast/thanksgiving-countdown/l/${locId}\",\"today\":\"/${locale}/weather/today/l/${locId}\",\"unsubscribe\":\"/${locale}/life/alerts/unsubscribe\",\"video\":\"/${locale}/${collectionId}/video/${videoTitle}\",\"weekend\":\"/${locale}/weather/weekend/l/${locId}\",\"yesterday\":\"//www.wunderground.com/history/daily/${locId}/yesterday\"}},\"tg-TJ\":{\"wxu-urls\":{\"airQuality\":\"/${locale}/forecast/air-quality/l/${locId}\",\"alertDetails\":\"/${locale}/weather/alerts/localalerts/l/${locId}\",\"alerts\":\"/${locale}/weather/alerts/localalerts/l/${locId}\",\"allergy\":\"/${locale}/forecast/allergy/l/${locId}\",\"apps\":\"/${locale}/${collectionId}/${assetName}\",\"article\":\"/${locale}/${collectionId}/news/${articleTitle}\",\"betterDecisions\":\"/mission\",\"boatBeach\":\"/${locale}/forecast/boat-beach/l/${locId}\",\"breathing\":\"/${locale}/forecast/breathing/l/${locId}\",\"callforcode\":\"/callforcode\",\"christmasCountdown\":\"/forecast/christmas-countdown/l/${locId}\",\"coldFlu\":\"/${locale}/forecast/cold-flu/l/${locId}\",\"covid19\":\"/${locale}/coronavirus/l/${locId}\",\"covid19map\":\"/${locale}/coronavirus/map/l/${locId}\",\"dataDefinitions\":\"/${locale}/data-definitions\",\"dataInventory\":\"/${locale}/data-inventory\",\"dataPartners\":\"/${locale}/data-partners\",\"dataRights\":\"/${locale}/data-rights\",\"farming\":\"/${locale}/forecast/agriculture/l/${locId}\",\"fishing\":\"/${locale}/forecast/fishing/l/${locId}\",\"fiveday\":\"/${locale}/weather/5day/l/${locId}\",\"goRun\":\"/${locale}/forecast/gorun/l/${locId}\",\"home\":\"/${locale}\",\"hourly\":\"/${locale}/weather/hourbyhour/l/${locId}\",\"interactiveMap\":\"/${locale}/weather/maps/interactive/l/${locId}\",\"legal\":\"/${locale}/${collectionId}/${assetName}\",\"maps\":\"/maps/${collectionId}\",\"memberSettings\":\"/${locale}/member/settings\",\"memorialdayCountdown\":\"/forecast/memorial-day-countdown/l/${locId}\",\"mlbCountdown\":\"/${locale}/forecast/opening-day-countdown/l/${locId}\",\"monthly\":\"/${locale}/weather/monthly/l/${locId}\",\"notification\":\"/${locale}/life/manage-notifications\",\"premiumOnboarding\":\"/premium/onboarding\",\"privacyPolicyDirectory\":\"/${locale}/privacy-policy-directory\",\"privacySettings\":\"/${locale}/privacy-settings\",\"radar\":\"/${locale}/weather/radar/interactive/l/${locId}\",\"rss\":\"/rss\",\"search\":\"/${locale}/search/enhancedlocalsearch\",\"ski\":\"/${locale}/forecast/ski/l/${locId}\",\"slideshows\":\"/${locale}/slideshows\",\"tenday\":\"/${locale}/weather/tenday/l/${locId}\",\"testUrl\":\"/${locale}/weather/testUrl\",\"thanksgivingCountdown\":\"/forecast/thanksgiving-countdown/l/${locId}\",\"today\":\"/${locale}/weather/today/l/${locId}\",\"unsubscribe\":\"/${locale}/life/alerts/unsubscribe\",\"video\":\"/${locale}/${collectionId}/video/${videoTitle}\",\"weekend\":\"/${locale}/weather/weekend/l/${locId}\",\"yesterday\":\"//www.wunderground.com/history/daily/${locId}/yesterday\"}},\"th-TH\":{\"wxu-urls\":{\"airQuality\":\"/${locale}/forecast/air-quality/l/${locId}\",\"alertDetails\":\"/${locale}/weather/alerts/localalerts/l/${locId}\",\"alerts\":\"/${locale}/weather/alerts/localalerts/l/${locId}\",\"allergy\":\"/${locale}/forecast/allergy/l/${locId}\",\"apps\":\"/${locale}/${collectionId}/${assetName}\",\"article\":\"/${locale}/${collectionId}/news/${articleTitle}\",\"betterDecisions\":\"/mission\",\"boatBeach\":\"/${locale}/forecast/boat-beach/l/${locId}\",\"breathing\":\"/${locale}/forecast/breathing/l/${locId}\",\"callforcode\":\"/callforcode\",\"christmasCountdown\":\"/forecast/christmas-countdown/l/${locId}\",\"coldFlu\":\"/${locale}/forecast/cold-flu/l/${locId}\",\"covid19\":\"/${locale}/coronavirus/l/${locId}\",\"covid19map\":\"/${locale}/coronavirus/map/l/${locId}\",\"dataDefinitions\":\"/${locale}/data-definitions\",\"dataInventory\":\"/${locale}/data-inventory\",\"dataPartners\":\"/${locale}/data-partners\",\"dataRights\":\"/${locale}/data-rights\",\"farming\":\"/${locale}/forecast/agriculture/l/${locId}\",\"fishing\":\"/${locale}/forecast/fishing/l/${locId}\",\"fiveday\":\"/${locale}/weather/5day/l/${locId}\",\"goRun\":\"/${locale}/forecast/gorun/l/${locId}\",\"home\":\"/${locale}\",\"hourly\":\"/${locale}/weather/hourbyhour/l/${locId}\",\"interactiveMap\":\"/${locale}/weather/radar/interactive/l/${locId}\",\"legal\":\"/${locale}/${collectionId}/${assetName}\",\"maps\":\"/maps/${collectionId}\",\"memberSettings\":\"/${locale}/member/settings\",\"memorialdayCountdown\":\"/forecast/memorial-day-countdown/l/${locId}\",\"mlbCountdown\":\"/${locale}/forecast/opening-day-countdown/l/${locId}\",\"monthly\":\"/${locale}/weather/monthly/l/${locId}\",\"notification\":\"/${locale}/life/manage-notifications\",\"premiumOnboarding\":\"/premium/onboarding\",\"privacyPolicyDirectory\":\"/${locale}/privacy-policy-directory\",\"privacySettings\":\"/${locale}/privacy-settings\",\"radar\":\"/${locale}/weather/radar/interactive/l/${locId}\",\"rss\":\"/rss\",\"search\":\"/${locale}/search/enhancedlocalsearch\",\"ski\":\"/${locale}/forecast/ski/l/${locId}\",\"slideshows\":\"/${locale}/slideshows\",\"tenday\":\"/${locale}/weather/tenday/l/${locId}\",\"testUrl\":\"/${locale}/weather/testUrl\",\"thanksgivingCountdown\":\"/forecast/thanksgiving-countdown/l/${locId}\",\"today\":\"/${locale}/weather/today/l/${locId}\",\"unsubscribe\":\"/${locale}/life/alerts/unsubscribe\",\"video\":\"/${locale}/${collectionId}/video/${videoTitle}\",\"weekend\":\"/${locale}/weather/weekend/l/${locId}\",\"yesterday\":\"//www.wunderground.com/history/daily/${locId}/yesterday\"}},\"tk-TM\":{\"wxu-urls\":{\"airQuality\":\"/${locale}/forecast/air-quality/l/${locId}\",\"alertDetails\":\"/${locale}/weather/alerts/localalerts/l/${locId}\",\"alerts\":\"/${locale}/weather/alerts/localalerts/l/${locId}\",\"allergy\":\"/${locale}/forecast/allergy/l/${locId}\",\"apps\":\"/${locale}/${collectionId}/${assetName}\",\"article\":\"/${locale}/${collectionId}/news/${articleTitle}\",\"betterDecisions\":\"/mission\",\"boatBeach\":\"/${locale}/forecast/boat-beach/l/${locId}\",\"breathing\":\"/${locale}/forecast/breathing/l/${locId}\",\"callforcode\":\"/callforcode\",\"christmasCountdown\":\"/forecast/christmas-countdown/l/${locId}\",\"coldFlu\":\"/${locale}/forecast/cold-flu/l/${locId}\",\"covid19\":\"/${locale}/coronavirus/l/${locId}\",\"covid19map\":\"/${locale}/coronavirus/map/l/${locId}\",\"dataDefinitions\":\"/${locale}/data-definitions\",\"dataInventory\":\"/${locale}/data-inventory\",\"dataPartners\":\"/${locale}/data-partners\",\"dataRights\":\"/${locale}/data-rights\",\"farming\":\"/${locale}/forecast/agriculture/l/${locId}\",\"fishing\":\"/${locale}/forecast/fishing/l/${locId}\",\"fiveday\":\"/${locale}/howa/5gun/l/${locId}\",\"goRun\":\"/${locale}/forecast/gorun/l/${locId}\",\"home\":\"/${locale}\",\"hourly\":\"/${locale}/howa/sagatmasagat/l/${locId}\",\"interactiveMap\":\"/${locale}/howa/kartalar/interaktiw/l/${locId}\",\"legal\":\"/${locale}/${collectionId}/${assetName}\",\"maps\":\"/maps/${collectionId}\",\"memberSettings\":\"/${locale}/member/settings\",\"memorialdayCountdown\":\"/forecast/memorial-day-countdown/l/${locId}\",\"mlbCountdown\":\"/${locale}/forecast/opening-day-countdown/l/${locId}\",\"monthly\":\"/${locale}/howa/aylyk/l/${locId}\",\"notification\":\"/${locale}/life/manage-notifications\",\"premiumOnboarding\":\"/premium/onboarding\",\"privacyPolicyDirectory\":\"/${locale}/privacy-policy-directory\",\"privacySettings\":\"/${locale}/privacy-settings\",\"radar\":\"/${locale}/weather/radar/interactive/l/${locId}\",\"rss\":\"/rss\",\"search\":\"/${locale}/search/enhancedlocalsearch\",\"ski\":\"/${locale}/forecast/ski/l/${locId}\",\"slideshows\":\"/${locale}/slideshows\",\"tenday\":\"/${locale}/howa/ongun/l/${locId}\",\"testUrl\":\"/${locale}/weather/testUrl\",\"thanksgivingCountdown\":\"/forecast/thanksgiving-countdown/l/${locId}\",\"today\":\"/${locale}/howa/sugun/l/${locId}\",\"unsubscribe\":\"/${locale}/life/alerts/unsubscribe\",\"video\":\"/${locale}/${collectionId}/video/${videoTitle}\",\"weekend\":\"/${locale}/howa/dyncguni/l/${locId}\",\"yesterday\":\"//www.wunderground.com/history/daily/${locId}/yesterday\"}},\"tl-PH\":{\"wxu-urls\":{\"airQuality\":\"/${locale}/forecast/air-quality/l/${locId}\",\"alertDetails\":\"/${locale}/weather/alerts/localalerts/l/${locId}\",\"alerts\":\"/${locale}/weather/alerts/localalerts/l/${locId}\",\"allergy\":\"/${locale}/forecast/allergy/l/${locId}\",\"apps\":\"/${locale}/${collectionId}/${assetName}\",\"article\":\"/${locale}/${collectionId}/news/${articleTitle}\",\"betterDecisions\":\"/mission\",\"boatBeach\":\"/${locale}/forecast/boat-beach/l/${locId}\",\"breathing\":\"/${locale}/forecast/breathing/l/${locId}\",\"callforcode\":\"/callforcode\",\"christmasCountdown\":\"/forecast/christmas-countdown/l/${locId}\",\"coldFlu\":\"/${locale}/forecast/cold-flu/l/${locId}\",\"covid19\":\"/${locale}/coronavirus/l/${locId}\",\"covid19map\":\"/${locale}/coronavirus/map/l/${locId}\",\"dataDefinitions\":\"/${locale}/data-definitions\",\"dataInventory\":\"/${locale}/data-inventory\",\"dataPartners\":\"/${locale}/data-partners\",\"dataRights\":\"/${locale}/data-rights\",\"farming\":\"/${locale}/forecast/agriculture/l/${locId}\",\"fishing\":\"/${locale}/forecast/fishing/l/${locId}\",\"fiveday\":\"/${locale}/weather/5day/l/${locId}\",\"goRun\":\"/${locale}/forecast/gorun/l/${locId}\",\"home\":\"/${locale}\",\"hourly\":\"/${locale}/weather/hourbyhour/l/${locId}\",\"interactiveMap\":\"/${locale}/weather/radar/interative/l/${locId}\",\"legal\":\"/${locale}/${collectionId}/${assetName}\",\"maps\":\"/maps/${collectionId}\",\"memberSettings\":\"/${locale}/member/settings\",\"memorialdayCountdown\":\"/forecast/memorial-day-countdown/l/${locId}\",\"mlbCountdown\":\"/${locale}/forecast/opening-day-countdown/l/${locId}\",\"monthly\":\"/${locale}/weather/monthly/l/${locId}\",\"notification\":\"/${locale}/life/manage-notifications\",\"premiumOnboarding\":\"/premium/onboarding\",\"privacyPolicyDirectory\":\"/${locale}/privacy-policy-directory\",\"privacySettings\":\"/${locale}/privacy-settings\",\"radar\":\"/${locale}/weather/radar/interative/l/${locId}\",\"rss\":\"/rss\",\"search\":\"/${locale}/search/enhancedlocalsearch\",\"ski\":\"/${locale}/forecast/ski/l/${locId}\",\"slideshows\":\"/${locale}/slideshows\",\"tenday\":\"/${locale}/weather/tenday/l/${locId}\",\"testUrl\":\"/${locale}/weather/testUrl\",\"thanksgivingCountdown\":\"/forecast/thanksgiving-countdown/l/${locId}\",\"today\":\"/${locale}/weather/today/l/${locId}\",\"unsubscribe\":\"/${locale}/life/alerts/unsubscribe\",\"video\":\"/${locale}/${collectionId}/video/${videoTitle}\",\"weekend\":\"/${locale}/weather/weekend/l/${locId}\",\"yesterday\":\"//www.wunderground.com/history/daily/${locId}/yesterday\"}},\"tr-TR\":{\"wxu-urls\":{\"airQuality\":\"/${locale}/forecast/air-quality/l/${locId}\",\"alertDetails\":\"/${locale}/weather/alerts/localalerts/l/${locId}\",\"alerts\":\"/${locale}/weather/alerts/localalerts/l/${locId}\",\"allergy\":\"/${locale}/forecast/allergy/l/${locId}\",\"apps\":\"/${locale}/${collectionId}/${assetName}\",\"article\":\"/${locale}/${collectionId}/news/${articleTitle}\",\"betterDecisions\":\"/mission\",\"boatBeach\":\"/${locale}/forecast/boat-beach/l/${locId}\",\"breathing\":\"/${locale}/forecast/breathing/l/${locId}\",\"callforcode\":\"/callforcode\",\"christmasCountdown\":\"/forecast/christmas-countdown/l/${locId}\",\"coldFlu\":\"/${locale}/forecast/cold-flu/l/${locId}\",\"covid19\":\"/${locale}/coronavirus/l/${locId}\",\"covid19map\":\"/${locale}/coronavirus/map/l/${locId}\",\"dataDefinitions\":\"/${locale}/data-definitions\",\"dataInventory\":\"/${locale}/data-inventory\",\"dataPartners\":\"/${locale}/data-partners\",\"dataRights\":\"/${locale}/data-rights\",\"farming\":\"/${locale}/forecast/agriculture/l/${locId}\",\"fishing\":\"/${locale}/forecast/fishing/l/${locId}\",\"fiveday\":\"/${locale}/kisisel/5gunluk/l/${locId}\",\"goRun\":\"/${locale}/forecast/gorun/l/${locId}\",\"home\":\"/${locale}\",\"hourly\":\"/${locale}/kisisel/saatlik/l/${locId}\",\"interactiveMap\":\"/${locale}/kisisel/harita/interactive/l/${locId}\",\"legal\":\"/${locale}/${collectionId}/${assetName}\",\"maps\":\"/maps/${collectionId}\",\"memberSettings\":\"/${locale}/member/settings\",\"memorialdayCountdown\":\"/forecast/memorial-day-countdown/l/${locId}\",\"mlbCountdown\":\"/${locale}/forecast/opening-day-countdown/l/${locId}\",\"monthly\":\"/${locale}/kisisel/Ayl\u0131k/l/${locId}\",\"notification\":\"/${locale}/life/manage-notifications\",\"premiumOnboarding\":\"/premium/onboarding\",\"privacyPolicyDirectory\":\"/${locale}/privacy-policy-directory\",\"privacySettings\":\"/${locale}/privacy-settings\",\"radar\":\"/${locale}/kisisel/harita/interactive/l/${locId}\",\"rss\":\"/rss\",\"search\":\"/${locale}/search/enhancedlocalsearch\",\"ski\":\"/${locale}/forecast/ski/l/${locId}\",\"slideshows\":\"/${locale}/slideshows\",\"tenday\":\"/${locale}/kisisel/10gunluk/l/${locId}\",\"testUrl\":\"/${locale}/weather/testUrl\",\"thanksgivingCountdown\":\"/forecast/thanksgiving-countdown/l/${locId}\",\"today\":\"/${locale}/kisisel/bugun/l/${locId}\",\"unsubscribe\":\"/${locale}/life/alerts/unsubscribe\",\"video\":\"/${locale}/${collectionId}/video/${videoTitle}\",\"weekend\":\"/${locale}/kisisel/haftasonu/l/${locId}\",\"yesterday\":\"//www.wunderground.com/history/daily/${locId}/yesterday\"}},\"uk-UA\":{\"wxu-urls\":{\"airQuality\":\"/${locale}/forecast/air-quality/l/${locId}\",\"alertDetails\":\"/${locale}/weather/alerts/localalerts/l/${locId}\",\"alerts\":\"/${locale}/weather/alerts/localalerts/l/${locId}\",\"allergy\":\"/${locale}/forecast/allergy/l/${locId}\",\"apps\":\"/${locale}/${collectionId}/${assetName}\",\"article\":\"/${locale}/${collectionId}/news/${articleTitle}\",\"betterDecisions\":\"/mission\",\"boatBeach\":\"/${locale}/forecast/boat-beach/l/${locId}\",\"breathing\":\"/${locale}/forecast/breathing/l/${locId}\",\"callforcode\":\"/callforcode\",\"christmasCountdown\":\"/forecast/christmas-countdown/l/${locId}\",\"coldFlu\":\"/${locale}/forecast/cold-flu/l/${locId}\",\"covid19\":\"/${locale}/coronavirus/l/${locId}\",\"covid19map\":\"/${locale}/coronavirus/map/l/${locId}\",\"dataDefinitions\":\"/${locale}/data-definitions\",\"dataInventory\":\"/${locale}/data-inventory\",\"dataPartners\":\"/${locale}/data-partners\",\"dataRights\":\"/${locale}/data-rights\",\"farming\":\"/${locale}/forecast/agriculture/l/${locId}\",\"fishing\":\"/${locale}/forecast/fishing/l/${locId}\",\"fiveday\":\"/${locale}/weather/5day/l/${locId}\",\"goRun\":\"/${locale}/forecast/gorun/l/${locId}\",\"home\":\"/${locale}\",\"hourly\":\"/${locale}/weather/hourbyhour/l/${locId}\",\"interactiveMap\":\"/${locale}/weather/radar/interactive/l/${locId}\",\"legal\":\"/${locale}/${collectionId}/${assetName}\",\"maps\":\"/maps/${collectionId}\",\"memberSettings\":\"/${locale}/member/settings\",\"memorialdayCountdown\":\"/forecast/memorial-day-countdown/l/${locId}\",\"mlbCountdown\":\"/${locale}/forecast/opening-day-countdown/l/${locId}\",\"monthly\":\"/${locale}/weather/monthly/l/${locId}\",\"notification\":\"/${locale}/life/manage-notifications\",\"premiumOnboarding\":\"/premium/onboarding\",\"privacyPolicyDirectory\":\"/${locale}/privacy-policy-directory\",\"privacySettings\":\"/${locale}/privacy-settings\",\"radar\":\"/${locale}/weather/radar/interactive/l/${locId}\",\"rss\":\"/rss\",\"search\":\"/${locale}/search/enhancedlocalsearch\",\"ski\":\"/${locale}/forecast/ski/l/${locId}\",\"slideshows\":\"/${locale}/slideshows\",\"tenday\":\"/${locale}/weather/tenday/l/${locId}\",\"testUrl\":\"/${locale}/weather/testUrl\",\"thanksgivingCountdown\":\"/forecast/thanksgiving-countdown/l/${locId}\",\"today\":\"/${locale}/weather/today/l/${locId}\",\"unsubscribe\":\"/${locale}/life/alerts/unsubscribe\",\"video\":\"/${locale}/${collectionId}/video/${videoTitle}\",\"weekend\":\"/${locale}/weather/weekend/l/${locId}\",\"yesterday\":\"//www.wunderground.com/history/daily/${locId}/yesterday\"}},\"ur\":{\"wxu-urls\":{\"airQuality\":\"/${locale}/forecast/air-quality/l/${locId}\",\"alertDetails\":\"/${locale}/weather/alerts/localalerts/l/${locId}\",\"alerts\":\"/${locale}/weather/alerts/localalerts/l/${locId}\",\"allergy\":\"/${locale}/forecast/allergy/l/${locId}\",\"apps\":\"/${locale}/${collectionId}/${assetName}\",\"article\":\"/${locale}/${collectionId}/news/${articleTitle}\",\"betterDecisions\":\"/mission\",\"boatBeach\":\"/${locale}/forecast/boat-beach/l/${locId}\",\"breathing\":\"/${locale}/forecast/breathing/l/${locId}\",\"callforcode\":\"/callforcode\",\"christmasCountdown\":\"/forecast/christmas-countdown/l/${locId}\",\"coldFlu\":\"/${locale}/forecast/cold-flu/l/${locId}\",\"covid19\":\"/${locale}/coronavirus/l/${locId}\",\"covid19map\":\"/${locale}/coronavirus/map/l/${locId}\",\"dataDefinitions\":\"/${locale}/data-definitions\",\"dataInventory\":\"/${locale}/data-inventory\",\"dataPartners\":\"/${locale}/data-partners\",\"dataRights\":\"/${locale}/data-rights\",\"farming\":\"/${locale}/forecast/agriculture/l/${locId}\",\"fishing\":\"/${locale}/forecast/fishing/l/${locId}\",\"fiveday\":\"/${locale}/weather/5day/l/${locId}\",\"goRun\":\"/${locale}/forecast/gorun/l/${locId}\",\"home\":\"/${locale}\",\"hourly\":\"/${locale}/weather/hourbyhour/l/${locId}\",\"interactiveMap\":\"/${locale}/weather/radar/interactive/l/${locId}\",\"legal\":\"/${locale}/${collectionId}/${assetName}\",\"maps\":\"/maps/${collectionId}\",\"memberSettings\":\"/${locale}/member/settings\",\"memorialdayCountdown\":\"/forecast/memorial-day-countdown/l/${locId}\",\"mlbCountdown\":\"/${locale}/forecast/opening-day-countdown/l/${locId}\",\"monthly\":\"/${locale}/weather/monthly/l/${locId}\",\"notification\":\"/${locale}/life/manage-notifications\",\"premiumOnboarding\":\"/premium/onboarding\",\"privacyPolicyDirectory\":\"/${locale}/privacy-policy-directory\",\"privacySettings\":\"/${locale}/privacy-settings\",\"radar\":\"/${locale}/weather/radar/interactive/l/${locId}\",\"rss\":\"/rss\",\"search\":\"/${locale}/search/enhancedlocalsearch\",\"ski\":\"/${locale}/forecast/ski/l/${locId}\",\"slideshows\":\"/${locale}/slideshows\",\"tenday\":\"/${locale}/weather/tenday/l/${locId}\",\"testUrl\":\"/${locale}/weather/testUrl\",\"thanksgivingCountdown\":\"/forecast/thanksgiving-countdown/l/${locId}\",\"today\":\"/${locale}/weather/today/l/${locId}\",\"unsubscribe\":\"/${locale}/life/alerts/unsubscribe\",\"video\":\"/${locale}/${collectionId}/video/${videoTitle}\",\"weekend\":\"/${locale}/weather/weekend/l/${locId}\",\"yesterday\":\"//www.wunderground.com/history/daily/${locId}/yesterday\"}},\"uz-UZ\":{\"wxu-urls\":{\"airQuality\":\"/${locale}/forecast/air-quality/l/${locId}\",\"alertDetails\":\"/${locale}/weather/alerts/localalerts/l/${locId}\",\"alerts\":\"/${locale}/weather/alerts/localalerts/l/${locId}\",\"allergy\":\"/${locale}/forecast/allergy/l/${locId}\",\"apps\":\"/${locale}/${collectionId}/${assetName}\",\"article\":\"/${locale}/${collectionId}/news/${articleTitle}\",\"betterDecisions\":\"/mission\",\"boatBeach\":\"/${locale}/forecast/boat-beach/l/${locId}\",\"breathing\":\"/${locale}/forecast/breathing/l/${locId}\",\"callforcode\":\"/callforcode\",\"christmasCountdown\":\"/forecast/christmas-countdown/l/${locId}\",\"coldFlu\":\"/${locale}/forecast/cold-flu/l/${locId}\",\"covid19\":\"/${locale}/coronavirus/l/${locId}\",\"covid19map\":\"/${locale}/coronavirus/map/l/${locId}\",\"dataDefinitions\":\"/${locale}/data-definitions\",\"dataInventory\":\"/${locale}/data-inventory\",\"dataPartners\":\"/${locale}/data-partners\",\"dataRights\":\"/${locale}/data-rights\",\"farming\":\"/${locale}/forecast/agriculture/l/${locId}\",\"fishing\":\"/${locale}/forecast/fishing/l/${locId}\",\"fiveday\":\"/${locale}/ob-havo/5kun/l/${locId}\",\"goRun\":\"/${locale}/forecast/gorun/l/${locId}\",\"home\":\"/${locale}\",\"hourly\":\"/${locale}/ob-havo/soatma-soat/l/${locId}\",\"interactiveMap\":\"/${locale}/ob-havo/xaritalar/interaktiv/l/${locId}\",\"legal\":\"/${locale}/${collectionId}/${assetName}\",\"maps\":\"/maps/${collectionId}\",\"memberSettings\":\"/${locale}/member/settings\",\"memorialdayCountdown\":\"/forecast/memorial-day-countdown/l/${locId}\",\"mlbCountdown\":\"/${locale}/forecast/opening-day-countdown/l/${locId}\",\"monthly\":\"/${locale}/ob-havo/oylik/l/${locId}\",\"notification\":\"/${locale}/life/manage-notifications\",\"premiumOnboarding\":\"/premium/onboarding\",\"privacyPolicyDirectory\":\"/${locale}/privacy-policy-directory\",\"privacySettings\":\"/${locale}/privacy-settings\",\"radar\":\"/${locale}/weather/radar/interactive/l/${locId}\",\"rss\":\"/rss\",\"search\":\"/${locale}/search/enhancedlocalsearch\",\"ski\":\"/${locale}/forecast/ski/l/${locId}\",\"slideshows\":\"/${locale}/slideshows\",\"tenday\":\"/${locale}/ob-havo/10kun/l/${locId}\",\"testUrl\":\"/${locale}/weather/testUrl\",\"thanksgivingCountdown\":\"/forecast/thanksgiving-countdown/l/${locId}\",\"today\":\"/${locale}/ob-havo/bugun/l/${locId}\",\"unsubscribe\":\"/${locale}/life/alerts/unsubscribe\",\"video\":\"/${locale}/${collectionId}/video/${videoTitle}\",\"weekend\":\"/${locale}/ob-havo/dam-olish-kunlari/l/${locId}\",\"yesterday\":\"//www.wunderground.com/history/daily/${locId}/yesterday\"}},\"vi-VN\":{\"wxu-urls\":{\"airQuality\":\"/${locale}/forecast/air-quality/l/${locId}\",\"alertDetails\":\"/${locale}/weather/alerts/localalerts/l/${locId}\",\"alerts\":\"/${locale}/weather/alerts/localalerts/l/${locId}\",\"allergy\":\"/${locale}/forecast/allergy/l/${locId}\",\"apps\":\"/${locale}/${collectionId}/${assetName}\",\"article\":\"/${locale}/${collectionId}/news/${articleTitle}\",\"betterDecisions\":\"/mission\",\"boatBeach\":\"/${locale}/forecast/boat-beach/l/${locId}\",\"breathing\":\"/${locale}/forecast/breathing/l/${locId}\",\"callforcode\":\"/callforcode\",\"christmasCountdown\":\"/forecast/christmas-countdown/l/${locId}\",\"coldFlu\":\"/${locale}/forecast/cold-flu/l/${locId}\",\"covid19\":\"/${locale}/coronavirus/l/${locId}\",\"covid19map\":\"/${locale}/coronavirus/map/l/${locId}\",\"dataDefinitions\":\"/${locale}/data-definitions\",\"dataInventory\":\"/${locale}/data-inventory\",\"dataPartners\":\"/${locale}/data-partners\",\"dataRights\":\"/${locale}/data-rights\",\"farming\":\"/${locale}/forecast/agriculture/l/${locId}\",\"fishing\":\"/${locale}/forecast/fishing/l/${locId}\",\"fiveday\":\"/${locale}/weather/5day/l/${locId}\",\"goRun\":\"/${locale}/forecast/gorun/l/${locId}\",\"home\":\"/${locale}\",\"hourly\":\"/${locale}/weather/hourbyhour/l/${locId}\",\"interactiveMap\":\"/${locale}/weather/radar/interactive/l/${locId}\",\"legal\":\"/${locale}/${collectionId}/${assetName}\",\"maps\":\"/maps/${collectionId}\",\"memberSettings\":\"/${locale}/member/settings\",\"memorialdayCountdown\":\"/forecast/memorial-day-countdown/l/${locId}\",\"mlbCountdown\":\"/${locale}/forecast/opening-day-countdown/l/${locId}\",\"monthly\":\"/${locale}/weather/monthly/l/${locId}\",\"notification\":\"/${locale}/life/manage-notifications\",\"premiumOnboarding\":\"/premium/onboarding\",\"privacyPolicyDirectory\":\"/${locale}/privacy-policy-directory\",\"privacySettings\":\"/${locale}/privacy-settings\",\"radar\":\"/${locale}/weather/radar/interactive/l/${locId}\",\"rss\":\"/rss\",\"search\":\"/${locale}/search/enhancedlocalsearch\",\"ski\":\"/${locale}/forecast/ski/l/${locId}\",\"slideshows\":\"/${locale}/slideshows\",\"tenday\":\"/${locale}/weather/tenday/l/${locId}\",\"testUrl\":\"/${locale}/weather/testUrl\",\"thanksgivingCountdown\":\"/forecast/thanksgiving-countdown/l/${locId}\",\"today\":\"/${locale}/weather/today/l/${locId}\",\"unsubscribe\":\"/${locale}/life/alerts/unsubscribe\",\"video\":\"/${locale}/${collectionId}/video/${videoTitle}\",\"weekend\":\"/${locale}/weather/weekend/l/${locId}\",\"yesterday\":\"//www.wunderground.com/history/daily/${locId}/yesterday\"}},\"xc-MN\":{\"wxu-urls\":{\"airQuality\":\"/${locale}/forecast/air-quality/l/${locId}\",\"alertDetails\":\"/${locale}/weather/alerts/localalerts/l/${locId}\",\"alerts\":\"/${locale}/weather/alerts/localalerts/l/${locId}\",\"allergy\":\"/${locale}/forecast/allergy/l/${locId}\",\"apps\":\"/${locale}/${collectionId}/${assetName}\",\"article\":\"/${locale}/${collectionId}/news/${articleTitle}\",\"betterDecisions\":\"/mission\",\"boatBeach\":\"/${locale}/forecast/boat-beach/l/${locId}\",\"breathing\":\"/${locale}/forecast/breathing/l/${locId}\",\"callforcode\":\"/callforcode\",\"christmasCountdown\":\"/forecast/christmas-countdown/l/${locId}\",\"coldFlu\":\"/${locale}/forecast/cold-flu/l/${locId}\",\"covid19\":\"/${locale}/coronavirus/l/${locId}\",\"covid19map\":\"/${locale}/coronavirus/map/l/${locId}\",\"dataDefinitions\":\"/${locale}/data-definitions\",\"dataInventory\":\"/${locale}/data-inventory\",\"dataPartners\":\"/${locale}/data-partners\",\"dataRights\":\"/${locale}/data-rights\",\"farming\":\"/${locale}/forecast/agriculture/l/${locId}\",\"fishing\":\"/${locale}/forecast/fishing/l/${locId}\",\"fiveday\":\"/${locale}/weather/5day/l/${locId}\",\"goRun\":\"/${locale}/forecast/gorun/l/${locId}\",\"home\":\"/${locale}\",\"hourly\":\"/${locale}/weather/hourbyhour/l/${locId}\",\"interactiveMap\":\"/${locale}/weather/maps/interactive/l/${locId}\",\"legal\":\"/${locale}/${collectionId}/${assetName}\",\"maps\":\"/maps/${collectionId}\",\"memberSettings\":\"/${locale}/member/settings\",\"memorialdayCountdown\":\"/forecast/memorial-day-countdown/l/${locId}\",\"mlbCountdown\":\"/${locale}/forecast/opening-day-countdown/l/${locId}\",\"monthly\":\"/${locale}/weather/monthly/l/${locId}\",\"notification\":\"/${locale}/life/manage-notifications\",\"premiumOnboarding\":\"/premium/onboarding\",\"privacyPolicyDirectory\":\"/${locale}/privacy-policy-directory\",\"privacySettings\":\"/${locale}/privacy-settings\",\"radar\":\"/${locale}/weather/radar/interactive/l/${locId}\",\"rss\":\"/rss\",\"search\":\"/${locale}/search/enhancedlocalsearch\",\"ski\":\"/${locale}/forecast/ski/l/${locId}\",\"slideshows\":\"/${locale}/slideshows\",\"tenday\":\"/${locale}/weather/tenday/l/${locId}\",\"testUrl\":\"/${locale}/weather/testUrl\",\"thanksgivingCountdown\":\"/forecast/thanksgiving-countdown/l/${locId}\",\"today\":\"/${locale}/weather/today/l/${locId}\",\"unsubscribe\":\"/${locale}/life/alerts/unsubscribe\",\"video\":\"/${locale}/${collectionId}/video/${videoTitle}\",\"weekend\":\"/${locale}/weather/weekend/l/${locId}\",\"yesterday\":\"//www.wunderground.com/history/daily/${locId}/yesterday\"}},\"zh-CN\":{\"wxu-urls\":{\"airQuality\":\"/${locale}/forecast/air-quality/l/${locId}\",\"alertDetails\":\"/${locale}/weather/alerts/localalerts/l/${locId}\",\"alerts\":\"/${locale}/weather/alerts/localalerts/l/${locId}\",\"allergy\":\"/${locale}/forecast/allergy/l/${locId}\",\"apps\":\"/${locale}/${collectionId}/${assetName}\",\"article\":\"/${locale}/${collectionId}/news/${articleTitle}\",\"betterDecisions\":\"/mission\",\"boatBeach\":\"/${locale}/forecast/boat-beach/l/${locId}\",\"breathing\":\"/${locale}/forecast/breathing/l/${locId}\",\"callforcode\":\"/callforcode\",\"christmasCountdown\":\"/forecast/christmas-countdown/l/${locId}\",\"coldFlu\":\"/${locale}/forecast/cold-flu/l/${locId}\",\"covid19\":\"/${locale}/coronavirus/l/${locId}\",\"covid19map\":\"/${locale}/coronavirus/map/l/${locId}\",\"dataDefinitions\":\"/${locale}/data-definitions\",\"dataInventory\":\"/${locale}/data-inventory\",\"dataPartners\":\"/${locale}/data-partners\",\"dataRights\":\"/${locale}/data-rights\",\"farming\":\"/${locale}/forecast/agriculture/l/${locId}\",\"fishing\":\"/${locale}/forecast/fishing/l/${locId}\",\"fiveday\":\"/${locale}/weather/5day/l/${locId}\",\"goRun\":\"/${locale}/forecast/gorun/l/${locId}\",\"home\":\"/${locale}\",\"hourly\":\"/${locale}/weather/hourbyhour/l/${locId}\",\"interactiveMap\":\"/${locale}/weather/radar/interactive/l/${locId}\",\"legal\":\"/${locale}/${collectionId}/${assetName}\",\"maps\":\"/maps/${collectionId}\",\"memberSettings\":\"/${locale}/member/settings\",\"memorialdayCountdown\":\"/forecast/memorial-day-countdown/l/${locId}\",\"mlbCountdown\":\"/${locale}/forecast/opening-day-countdown/l/${locId}\",\"monthly\":\"/${locale}/weather/monthly/l/${locId}\",\"notification\":\"/${locale}/life/manage-notifications\",\"premiumOnboarding\":\"/premium/onboarding\",\"privacyPolicyDirectory\":\"/${locale}/privacy-policy-directory\",\"privacySettings\":\"/${locale}/privacy-settings\",\"radar\":\"/${locale}/weather/radar/interactive/l/${locId}\",\"rss\":\"/rss\",\"search\":\"/${locale}/search/enhancedlocalsearch\",\"ski\":\"/${locale}/forecast/ski/l/${locId}\",\"slideshows\":\"/${locale}/slideshows\",\"tenday\":\"/${locale}/weather/tenday/l/${locId}\",\"testUrl\":\"/${locale}/weather/testUrl\",\"thanksgivingCountdown\":\"/forecast/thanksgiving-countdown/l/${locId}\",\"today\":\"/${locale}/weather/today/l/${locId}\",\"unsubscribe\":\"/${locale}/life/alerts/unsubscribe\",\"video\":\"/${locale}/${collectionId}/video/${videoTitle}\",\"weekend\":\"/${locale}/weather/weekend/l/${locId}\",\"yesterday\":\"//www.wunderground.com/history/daily/${locId}/yesterday\"}},\"zh-HK\":{\"wxu-urls\":{\"airQuality\":\"/${locale}/forecast/air-quality/l/${locId}\",\"alertDetails\":\"/${locale}/weather/alerts/localalerts/l/${locId}\",\"alerts\":\"/${locale}/weather/alerts/localalerts/l/${locId}\",\"allergy\":\"/${locale}/forecast/allergy/l/${locId}\",\"apps\":\"/${locale}/${collectionId}/${assetName}\",\"article\":\"/${locale}/${collectionId}/news/${articleTitle}\",\"betterDecisions\":\"/mission\",\"boatBeach\":\"/${locale}/forecast/boat-beach/l/${locId}\",\"breathing\":\"/${locale}/forecast/breathing/l/${locId}\",\"callforcode\":\"/callforcode\",\"christmasCountdown\":\"/forecast/christmas-countdown/l/${locId}\",\"coldFlu\":\"/${locale}/forecast/cold-flu/l/${locId}\",\"covid19\":\"/${locale}/coronavirus/l/${locId}\",\"covid19map\":\"/${locale}/coronavirus/map/l/${locId}\",\"dataDefinitions\":\"/${locale}/data-definitions\",\"dataInventory\":\"/${locale}/data-inventory\",\"dataPartners\":\"/${locale}/data-partners\",\"dataRights\":\"/${locale}/data-rights\",\"farming\":\"/${locale}/forecast/agriculture/l/${locId}\",\"fishing\":\"/${locale}/forecast/fishing/l/${locId}\",\"fiveday\":\"/${locale}/weather/5day/l/${locId}\",\"goRun\":\"/${locale}/forecast/gorun/l/${locId}\",\"home\":\"/${locale}\",\"hourly\":\"/${locale}/weather/hourbyhour/l/${locId}\",\"interactiveMap\":\"/${locale}/weather/radar/interactive/l/${locId}\",\"legal\":\"/${locale}/${collectionId}/${assetName}\",\"maps\":\"/maps/${collectionId}\",\"memberSettings\":\"/${locale}/member/settings\",\"memorialdayCountdown\":\"/forecast/memorial-day-countdown/l/${locId}\",\"mlbCountdown\":\"/${locale}/forecast/opening-day-countdown/l/${locId}\",\"monthly\":\"/${locale}/weather/monthly/l/${locId}\",\"notification\":\"/${locale}/life/manage-notifications\",\"premiumOnboarding\":\"/premium/onboarding\",\"privacyPolicyDirectory\":\"/${locale}/privacy-policy-directory\",\"privacySettings\":\"/${locale}/privacy-settings\",\"radar\":\"/${locale}/weather/radar/interactive/l/${locId}\",\"rss\":\"/rss\",\"search\":\"/${locale}/search/enhancedlocalsearch\",\"ski\":\"/${locale}/forecast/ski/l/${locId}\",\"slideshows\":\"/${locale}/slideshows\",\"tenday\":\"/${locale}/weather/tenday/l/${locId}\",\"testUrl\":\"/${locale}/weather/testUrl\",\"thanksgivingCountdown\":\"/forecast/thanksgiving-countdown/l/${locId}\",\"today\":\"/${locale}/weather/today/l/${locId}\",\"unsubscribe\":\"/${locale}/life/alerts/unsubscribe\",\"video\":\"/${locale}/${collectionId}/video/${videoTitle}\",\"weekend\":\"/${locale}/weather/weekend/l/${locId}\",\"yesterday\":\"//www.wunderground.com/history/daily/${locId}/yesterday\"}},\"zh-TW\":{\"wxu-urls\":{\"airQuality\":\"/${locale}/forecast/air-quality/l/${locId}\",\"alertDetails\":\"/${locale}/weather/alerts/localalerts/l/${locId}\",\"alerts\":\"/${locale}/weather/alerts/localalerts/l/${locId}\",\"allergy\":\"/${locale}/forecast/allergy/l/${locId}\",\"apps\":\"/${locale}/${collectionId}/${assetName}\",\"article\":\"/${locale}/${collectionId}/news/${articleTitle}\",\"betterDecisions\":\"/mission\",\"boatBeach\":\"/${locale}/forecast/boat-beach/l/${locId}\",\"breathing\":\"/${locale}/forecast/breathing/l/${locId}\",\"callforcode\":\"/callforcode\",\"christmasCountdown\":\"/forecast/christmas-countdown/l/${locId}\",\"coldFlu\":\"/${locale}/forecast/cold-flu/l/${locId}\",\"covid19\":\"/${locale}/coronavirus/l/${locId}\",\"covid19map\":\"/${locale}/coronavirus/map/l/${locId}\",\"dataDefinitions\":\"/${locale}/data-definitions\",\"dataInventory\":\"/${locale}/data-inventory\",\"dataPartners\":\"/${locale}/data-partners\",\"dataRights\":\"/${locale}/data-rights\",\"farming\":\"/${locale}/forecast/agriculture/l/${locId}\",\"fishing\":\"/${locale}/forecast/fishing/l/${locId}\",\"fiveday\":\"/${locale}/weather/5day/l/${locId}\",\"goRun\":\"/${locale}/forecast/gorun/l/${locId}\",\"home\":\"/${locale}\",\"hourly\":\"/${locale}/weather/hourbyhour/l/${locId}\",\"interactiveMap\":\"/${locale}/weather/radar/interactive/l/${locId}\",\"legal\":\"/${locale}/${collectionId}/${assetName}\",\"maps\":\"/maps/${collectionId}\",\"memberSettings\":\"/${locale}/member/settings\",\"memorialdayCountdown\":\"/forecast/memorial-day-countdown/l/${locId}\",\"mlbCountdown\":\"/${locale}/forecast/opening-day-countdown/l/${locId}\",\"monthly\":\"/${locale}/weather/monthly/l/${locId}\",\"notification\":\"/${locale}/life/manage-notifications\",\"premiumOnboarding\":\"/premium/onboarding\",\"privacyPolicyDirectory\":\"/${locale}/privacy-policy-directory\",\"privacySettings\":\"/${locale}/privacy-settings\",\"radar\":\"/${locale}/weather/radar/interactive/l/${locId}\",\"rss\":\"/rss\",\"search\":\"/${locale}/search/enhancedlocalsearch\",\"ski\":\"/${locale}/forecast/ski/l/${locId}\",\"slideshows\":\"/${locale}/slideshows\",\"tenday\":\"/${locale}/weather/tenday/l/${locId}\",\"testUrl\":\"/${locale}/weather/testUrl\",\"thanksgivingCountdown\":\"/forecast/thanksgiving-countdown/l/${locId}\",\"today\":\"/${locale}/weather/today/l/${locId}\",\"unsubscribe\":\"/${locale}/life/alerts/unsubscribe\",\"video\":\"/${locale}/${collectionId}/video/${videoTitle}\",\"weekend\":\"/${locale}/weather/weekend/l/${locId}\",\"yesterday\":\"//www.wunderground.com/history/daily/${locId}/yesterday\"}}}");</script><script>if ('serviceWorker' in navigator) {
      window.addEventListener('load', () => {
        navigator.serviceWorker.register('/daybreak-home/assets/service-worker.js');
      });
    }</script><div id="dpr-manager"></div></body></html>]
]]></failure>
    <system-out><![CDATA[  Given Mocking response           # info.seleniumcucumber.steps.CommonSteps.mockingResponse()
      java.lang.AssertionError: expected [a string containing "delicious cheese!"] but found [<html dir="ltr" lang="en-US"><head>
      <meta data-react-helmet="true" charset="utf-8"><meta data-react-helmet="true" name="viewport" content="width=device-width, initial-scale=1, viewport-fit=cover"><meta data-react-helmet="true" name="robots" content="max-image-preview:large"><meta data-react-helmet="true" name="robots" content="index, follow"><meta data-react-helmet="true" name="referrer" content="origin"><meta data-react-helmet="true" name="description" content="The Weather Channel and weather.com provide a national and local weather forecast for cities, as well as weather radar, report and hurricane coverage"><meta data-react-helmet="true" name="msapplication-TileColor" content="#ffffff"><meta data-react-helmet="true" name="msapplication-TileImage" content="/daybreak-home/assets/ms-icon-144x144.d353af.png"><meta data-react-helmet="true" name="theme-color" content="#ffffff"><meta data-react-helmet="true" property="og:title" content="National and Local Weather Radar, Daily Forecast, Hurricane and information from The Weather Channel and weather.com"><meta data-react-helmet="true" property="og:image" content="https://s.w-x.co/240x180_twc_default.png"><meta data-react-helmet="true" property="og:image:url" content="https://s.w-x.co/240x180_twc_default.png"><meta data-react-helmet="true" property="og:image:secure_url" content="https://s.w-x.co/240x180_twc_default.png"><meta data-react-helmet="true" property="og:site_name" content="The Weather Channel"><meta data-react-helmet="true" property="og:type" content="article"><meta data-react-helmet="true" property="og:locale" content="en_US"><meta data-react-helmet="true" property="og:description" content="The Weather Channel and weather.com provide a national and local weather forecast for cities, as well as weather radar, report and hurricane coverage"><meta data-react-helmet="true" property="og:url" content="https://weather.com/">
      <title data-react-helmet="true">National and Local Weather Radar, Daily Forecast, Hurricane and information from The Weather Channel and weather.com</title>
      <link rel="preload" as="script" href="//confiant-integrations.global.ssl.fastly.net/sM1wMdWIAB1LeJwC9QvIgGUpPQ0/gpt_and_prebid/config.js"><link rel="preload" as="script" href="//c.amazon-adsystem.com/aax2/apstag.js"><link rel="preload" as="script" href="//cdn.adsafeprotected.com/iasPET.1.js"><link data-react-helmet="true" rel="canonical" href="https://weather.com/"><link data-react-helmet="true" rel="icon" sizes="192x192" href="/daybreak-home/assets/android-icon-192x192.59ccbc.png"><link data-react-helmet="true" rel="apple-touch-icon" sizes="114x114" href="/daybreak-home/assets/apple-icon-114x114.1354cc.png"><link data-react-helmet="true" rel="apple-touch-icon" sizes="120x120" href="/daybreak-home/assets/apple-icon-120x120.ba15c8.png"><link data-react-helmet="true" rel="apple-touch-icon" sizes="144x144" href="/daybreak-home/assets/apple-icon-144x144.d353af.png"><link data-react-helmet="true" rel="apple-touch-icon" sizes="152x152" href="/daybreak-home/assets/apple-icon-152x152.3eb488.png"><link data-react-helmet="true" rel="apple-touch-icon" sizes="180x180" href="/daybreak-home/assets/apple-icon-180x180.f0f315.png"><link data-react-helmet="true" rel="apple-touch-icon" sizes="57x57" href="/daybreak-home/assets/apple-icon-57x57.57039f.png"><link data-react-helmet="true" rel="apple-touch-icon" sizes="60x60" href="/daybreak-home/assets/apple-icon-60x60.97d314.png"><link data-react-helmet="true" rel="apple-touch-icon" sizes="72x72" href="/daybreak-home/assets/apple-icon-72x72.77210f.png"><link data-react-helmet="true" rel="apple-touch-icon" sizes="76x76" href="/daybreak-home/assets/apple-icon-76x76.625d0f.png"><link data-react-helmet="true" rel="icon" sizes="16x16" href="/daybreak-home/assets/favicon-16x16.ff392a.png"><link data-react-helmet="true" rel="icon" sizes="32x32" href="/daybreak-home/assets/favicon-32x32.c1752b.png"><link data-react-helmet="true" rel="icon" sizes="96x96" href="/daybreak-home/assets/favicon-96x96.e407ed.png"><link data-react-helmet="true" rel="manifest" href="/manifest.json">
      <link rel="preload" as="script" href="/daybreak-home/assets/main.1c834db10af7ef5f5601.js">
      <style type="text/css">:root{--border-radius:6px;color:var(--textDefault);--textBrand:#1b4de4;--textDefault:#2b2b2b;--textDark:#000;--textMedium:#2b2b2b;--textLight:#6f7585;--textOverlay:#fff;--textDisabled:#43454e;--borderDefault:#dedede;--borderLight:#f0f0f0;--backgroundDefault:#fff;--backgroundCard:#fff;--backgroundBrand:#039;--backgroundActive:#1b4de4;--backgroundBrandAccent:#1b4de4;--backgroundInverse:#000;--backgroundOverlay:#fff;--backgroundModalOverlay:rgba(0,0,0,0.8);--backgroundTableBody:#f1f1f1;--buttonBackground:#fff;--buttonText:#1b4de4;--primaryButtonBackground:#1b4de4;--primaryButtonText:#fff;--secondaryButtonBackground:#fff;--secondaryButtonText:#1b4de4;--buttonTrack:#6f7585;--buttonThumb:#fff;--buttonDisabled:#b1b1b1}html{line-height:1.5;-webkit-text-size-adjust:100%;font-family:-apple-system,BlinkMacSystemFont,Segoe UI,Roboto,Oxygen,Ubuntu,Cantarell,Fira Sans,Droid Sans,Helvetica Neue,sans-serif}[dir] body{margin:0}header,main{display:block;position:relative}h1{font-size:2em}[dir] h1{margin:.67em 0}hr{box-sizing:initial;height:0;overflow:visible}pre{font-family:monospace;font-size:1em}a{text-decoration:none}[dir] a{background-color:initial}abbr[title]{text-decoration:underline;-webkit-text-decoration:underline dotted;text-decoration:underline dotted}[dir] abbr[title]{border-bottom:none}b,strong{font-weight:bolder}code,kbd,samp{font-family:monospace;font-size:1em}small{font-size:80%}sub,sup{font-size:75%;line-height:0;position:relative;vertical-align:initial}sub{bottom:-.25em}sup{top:-.5em}[dir] img{border-style:none}button,input,optgroup,select,textarea{font-family:inherit;font-size:100%;line-height:1.15}[dir] button, [dir] input, [dir] optgroup, [dir] select, [dir] textarea{margin:0}button,input{overflow:visible;-webkit-tap-highlight-color:rgba(0,0,0,.2)}button:focus,input:focus{outline:5px auto #1b4de4}button,select{text-transform:none}[type=button],[type=reset],[type=submit],button{-webkit-appearance:button}[dir] [type=button]::-moz-focus-inner, [dir] [type=reset]::-moz-focus-inner, [dir] [type=submit]::-moz-focus-inner, [dir] button::-moz-focus-inner{border-style:none;padding:0}[type=button]:-moz-focusring,[type=reset]:-moz-focusring,[type=submit]:-moz-focusring,button:-moz-focusring{outline:1px dotted ButtonText}[dir] fieldset{padding:.35em .75em .625em}legend{box-sizing:border-box;color:inherit;display:table;max-width:100%;white-space:normal}[dir] legend{padding:0}progress{vertical-align:initial}textarea{overflow:auto}[type=checkbox],[type=radio]{box-sizing:border-box}[dir] [type=checkbox], [dir] [type=radio]{padding:0}[type=number]::-webkit-inner-spin-button,[type=number]::-webkit-outer-spin-button{height:auto}[type=search]{-webkit-appearance:textfield;outline-offset:-2px}[type=search]::-webkit-search-decoration{-webkit-appearance:none}::-webkit-file-upload-button{-webkit-appearance:button;font:inherit}details{display:block}summary{display:list-item}[hidden],template{display:none}.tp-modal .tp-close{top:unset!important}[dir] .tp-modal .tp-close{box-shadow:none!important;background:url('data:image/svg+xml;charset=utf-8,<svg width="18" height="18" xmlns="http://www.w3.org/2000/svg"><path d="M9 7.468L15.817.65a1.083 1.083 0 011.532 1.532L10.532 9l6.817 6.817a1.083 1.083 0 11-1.532 1.532L9 10.532 2.183 17.35A1.083 1.083 0 11.65 15.817L7.468 9 .65 2.183A1.083 1.083 0 012.183.65L9 7.468z" fill="%231B4DE4" fill-rule="evenodd"/></svg>') 50% no-repeat!important}[dir=ltr] .tp-modal .tp-close{right:0!important}[dir=rtl] .tp-modal .tp-close{left:0!important}[dir=ltr] .tp-modal .tp-close{right:16px!important;top:12px!important}[dir=rtl] .tp-modal .tp-close{left:16px!important;top:12px!important}@media screen and (max-width:480px){[dir=ltr] .tp-modal .tp-close{right:0!important}[dir=rtl] .tp-modal .tp-close{left:0!important}#checkout-container{width:unset!important}[dir] #checkout-container{margin:auto 30px}}html{color:var(--textDefault);scroll-behavior:smooth}:focus{outline:1px dotted #212121;outline:5px auto -webkit-focus-ring-color}body.modalOpen{overflow:hidden;width:100%;height:100%;-webkit-overflow-scrolling:touch}[dir] .DaybreakLargeScreen--appWrapper--O_upA{background-attachment:fixed;background-position:50%;background-size:cover}.DaybreakLargeScreen--regionMeta--3xkV8{display:none}.DaybreakLargeScreen--regionTopAds--3wIMe{overflow:hidden}[dir] .DaybreakLargeScreen--regionTopAds--3wIMe{background-color:#fff}.DaybreakLargeScreen--regionHeaderSticky--1mg4O{z-index:100;top:0;position:-webkit-sticky;position:sticky}#wx-hero-content{grid-column-start:1;grid-column-end:3}.DaybreakLargeScreen--gridWrapper--3wzvS{display:grid;grid-template-columns:minmax(0,1fr) 350px;grid-column-gap:12px;max-width:1162px;z-index:100}[dir] .DaybreakLargeScreen--gridWrapper--3wzvS{margin:12px auto!important}[dir] .DaybreakLargeScreen--gridWrapper--3wzvS .adWrapper.card, [dir] .DaybreakLargeScreen--gridWrapper--3wzvS .card{margin:0!important}.DaybreakLargeScreen--gridWrapper--3wzvS .card h2{font-size:1.25rem}.DaybreakLargeScreen--gridWrapper--3wzvS .fullWidth{grid-column:span 12}.DaybreakLargeScreen--gridWrapper--3wzvS .halfWidth{grid-column:span 6}@media only screen and (max-width:1008px){.DaybreakLargeScreen--gridWrapper--3wzvS .halfWidth{grid-column:span 12}}@media only screen and (max-width:641px){.DaybreakLargeScreen--gridWrapper--3wzvS{grid-template-columns:minmax(0,17fr) minmax(0,8fr)}}@media only screen and (max-width:427.6666666667px){.DaybreakLargeScreen--gridWrapper--3wzvS{display:block}[dir=ltr] .DaybreakLargeScreen--gridWrapper--3wzvS .regionMain{margin-right:12px}[dir=rtl] .DaybreakLargeScreen--gridWrapper--3wzvS .regionMain{margin-left:12px}[dir=ltr] .DaybreakLargeScreen--gridWrapper--3wzvS .regionSidebar{margin-left:12px}[dir=rtl] .DaybreakLargeScreen--gridWrapper--3wzvS .regionSidebar{margin-right:12px}}.DaybreakLargeScreen--gridWrapper--3wzvS .oneThirdWidth{grid-column:span 4}.DaybreakLargeScreen--gridWrapper--3wzvS .twoThirdWidth{grid-column:span 8}.DaybreakLargeScreen--gridWrapper--3wzvS .oneFourthWidth{grid-column:span 3}.DaybreakLargeScreen--gridWrapper--3wzvS .threeFourthWidth{grid-column:span 9}.DaybreakLargeScreen--regionMain--1F19m{display:grid;grid-column-start:1;grid-column-end:2;grid-template-columns:repeat(12,1fr);grid-column-gap:12px;grid-auto-rows:max-content}[dir=ltr] .DaybreakLargeScreen--regionMain--1F19m{margin-left:12px}[dir=rtl] .DaybreakLargeScreen--regionMain--1F19m{margin-right:12px}.DaybreakLargeScreen--regionMain--1F19m>div{width:100%;grid-column:span 12}.DaybreakLargeScreen--regionMain--1F19m>div>:first-child{height:100%;box-sizing:border-box}.DaybreakLargeScreen--removeGridStyles--rOiCU{display:block}[dir=ltr] .DaybreakLargeScreen--removeGridStyles--rOiCU{margin-left:unset}[dir=rtl] .DaybreakLargeScreen--removeGridStyles--rOiCU{margin-right:unset}.DaybreakLargeScreen--regionContentBottom--eIwFn,.DaybreakLargeScreen--regionContentTop--35bjX{z-index:0;max-width:1138px}[dir] .DaybreakLargeScreen--regionContentBottom--eIwFn, [dir] .DaybreakLargeScreen--regionContentTop--35bjX{margin:12px auto}@media only screen and (max-width:1023px){[dir] .DaybreakLargeScreen--regionContentBottom--eIwFn{margin:12px}}.DaybreakLargeScreen--regionSidebar--2kFGB{position:relative;grid-column-start:2;grid-column-end:3;display:grid;grid-auto-rows:max-content;grid-auto-columns:100%;grid-column-gap:12px}[dir=ltr] .DaybreakLargeScreen--regionSidebar--2kFGB{margin-right:12px}[dir=rtl] .DaybreakLargeScreen--regionSidebar--2kFGB{margin-left:12px}[dir] .DaybreakLargeScreen--regionMain--1F19m>div:not(:last-child):not([id^=WxuAd]), [dir] .DaybreakLargeScreen--regionSidebar--2kFGB>div:not(:last-child):not([id^=WxuAd]){margin-bottom:12px}[dir] .DaybreakLargeScreen--regionFooter--3zJxU{background-color:#fff;margin-top:48px}.removeIfEmpty:empty{display:none}@media only screen and (min-width:1440px){.DaybreakLargeScreen--clearNight--3pohZ,.DaybreakLargeScreen--cloudyFoggyDay--3gcca,.DaybreakLargeScreen--cloudyFoggyNight--1E5zA,.DaybreakLargeScreen--default--HLWoE,.DaybreakLargeScreen--rainyDay--31_-7,.DaybreakLargeScreen--rainyNight--22sHa,.DaybreakLargeScreen--snowyIcyDay--1-A4x,.DaybreakLargeScreen--snowyIcyNight--3U1lA,.DaybreakLargeScreen--sunnyDay--3mLLX{opacity:.6}.DaybreakLargeScreen--severe--1L0oQ{opacity:.2}}.TwcCopyright--copyright--3c6z9{font-size:.8125rem}.LinkList--LinkList--2qcvb{list-style:none}[dir] .LinkList--LinkList--2qcvb{padding:0}.LinkList--Link--3c6QD{text-decoration:none;color:#2b2b2b}.LinkList--default--3tsgi .LinkList--Link--3c6QD{display:block}[dir] .LinkList--default--3tsgi .LinkList--Link--3c6QD{padding:5px 16px}.LinkList--button--2jxAm{font-weight:700;line-height:1.5}[dir] .LinkList--button--2jxAm{border:none;background:none;border-radius:0;padding:0 .5em}.LinkList--columns-2--b7jSd{column-count:2;grid-column-gap:0;column-gap:0}.LinkList--columns-2--b7jSd .LinkList--Link--3c6QD{display:inline-block}[dir] .LinkList--columns-2--b7jSd .LinkList--Link--3c6QD{padding:5px 0}.LinkList--inline--ctyWE{display:flex;flex-flow:row wrap}.LinkList--inline--ctyWE .LinkList--Link--3c6QD{display:inline-block}[dir] .LinkList--inline--ctyWE .LinkList--Link--3c6QD{padding:0 .5em;margin-top:10px}[dir=ltr] .LinkList--inline--ctyWE .LinkList--Link--3c6QD{border-right:1px solid}[dir=rtl] .LinkList--inline--ctyWE .LinkList--Link--3c6QD{border-left:1px solid}[dir=ltr] .LinkList--inline--ctyWE :last-child .LinkList--Link--3c6QD{border-right:0}[dir=rtl] .LinkList--inline--ctyWE :last-child .LinkList--Link--3c6QD{border-left:0}.LinkList--inline-no-border--3rBYV{display:flex;flex-flow:row wrap;justify-content:center}.LinkList--inline-no-border--3rBYV .LinkList--Link--3c6QD{display:inline-block}[dir] .LinkList--inline-no-border--3rBYV .LinkList--Link--3c6QD{padding:0 .5em;margin-top:10px}.LinkList--inlineIcon--htdap,.LinkList--inlineIconContainer--1__vR{display:flex}.LinkList--inlineIcon--htdap{flex-direction:row;align-items:center}[dir] .Footer--container--17QeH{border-top:1px solid #dedede}.Footer--Footer--1HyT6{color:#2b2b2b;font-size:.875rem;max-width:1138px}[dir] .Footer--Footer--1HyT6{padding:30px;margin:0 auto}[dir=ltr] .Footer--Footer--1HyT6{text-align:left}[dir=rtl] .Footer--Footer--1HyT6{text-align:right}.Footer--iconWeatherCompany--I4AuQ{width:70px!important;height:70px!important}.Footer--iconWeatherChannel--2edFl{width:35px!important;height:35px!important}.Footer--iconWunderground--1Uqi0{width:50px!important;height:50px!important}.Footer--georgiaIcon--2T2M6{width:100px!important;height:34px!important}.Footer--essentialIcon--1hN7e{width:60px!important;height:23px!important}.Footer--ibmCloudIcon--KaA3A{width:143px!important;height:51px!important}.Footer--socialLogos--2MwDy{display:flex;align-items:center;justify-content:space-between}.Footer--socialLogos--2MwDy .Footer--socialContainer--2gmQD{display:flex;flex-grow:1}[dir] .Footer--socialLogos--2MwDy .Footer--socialLinks--3gaYZ{margin:0}.Footer--socialLogos--2MwDy .Footer--socialLinks--3gaYZ li{display:flex;align-items:center}[dir] .Footer--socialLogos--2MwDy .Footer--socialLinks--3gaYZ a{padding:0}[dir=ltr] .Footer--socialLogos--2MwDy .Footer--socialLinks--3gaYZ a{margin:0 0 0 10px}[dir=rtl] .Footer--socialLogos--2MwDy .Footer--socialLinks--3gaYZ a{margin:0 10px 0 0}.Footer--connect--x2PKn{font-size:1.125rem;font-weight:700;align-self:center}.Footer--socialLinks--3gaYZ .Footer--icon--256Lh{width:24px!important;height:24px!important}[dir] .Footer--socialLinks--3gaYZ .Footer--icon--256Lh{padding:10px;border-radius:100vw;background-color:#cfdaf9}[dir] .Footer--socialLinks--3gaYZ .Footer--icon--256Lh:hover{background-color:#1b4de4}.Footer--socialLinks--3gaYZ .Footer--icon--256Lh:hover path{fill:#fff}ul.Footer--linklist--1oQyV{justify-content:start;font-weight:700}ul.Footer--corporateLinks--9iyOo{font-weight:400}[dir] ul.Footer--corporateLinks--9iyOo{margin-top:35px}[dir=ltr] ul.Footer--legalLinks--2UpxR{margin:10px 0 10px -.5em}[dir=rtl] ul.Footer--legalLinks--2UpxR{margin:10px -.5em 10px 0}[dir] ul.Footer--legalLinks--2UpxR .Footer--link--1Fxpr{margin-top:10px}[dir=ltr] ul.Footer--privacyLinks--2uIcT{margin-left:-.5em}[dir=rtl] ul.Footer--privacyLinks--2uIcT{margin-right:-.5em}[dir] ul.Footer--privacyLinks--2uIcT .Footer--link--1Fxpr{margin-top:10px}[dir] ul .Footer--link--1Fxpr{margin:0}ul .Footer--link--1Fxpr:hover{color:#446de9}[dir] .Footer--externalAttribution--1iRqW{margin:7px 0 0}[dir] .Footer--externalAttribution--1iRqW .Footer--georgiaLogo--1iWRu{margin-top:10px}[dir=ltr] .Footer--externalAttribution--1iRqW .Footer--georgiaLogo--1iWRu{padding-left:10px}[dir=rtl] .Footer--externalAttribution--1iRqW .Footer--georgiaLogo--1iWRu{padding-right:10px}.Footer--privacyLinksParagraph--1qtvH{line-height:1.4}[dir] .Footer--privacyLinksParagraph--1qtvH{margin:18px 0 0}[dir] .Footer--attribution--t2lCS{margin:20px 0 0}.Footer--attribution--t2lCS .Footer--ibmLink--3l-1p{display:inline-flex;align-items:center;color:#2b2b2b;text-decoration:none}[dir] .Footer--attribution--t2lCS .Footer--ibmLink--3l-1p{margin-top:10px}[dir=ltr] .Footer--attribution--t2lCS .Footer--poweredBy--Zzdv2{padding:5px 10px 0 0}[dir=rtl] .Footer--attribution--t2lCS .Footer--poweredBy--Zzdv2{padding:5px 0 0 10px}.Footer--logoLockup--2C7WO{display:flex;align-items:center}[dir=ltr] .Footer--logoLockup--2C7WO :not(:first-child){margin-left:10px}[dir=rtl] .Footer--logoLockup--2C7WO :not(:first-child){margin-right:10px}[dir] .Footer--logoLockup--2C7WO.Footer--linkSpacing--l05S2{margin:0 auto}@media only screen and (min-width:1023px){[dir] .Footer--Footer--1HyT6{text-align:center}ul.Footer--linklist--1oQyV{justify-content:center}[dir] ul.Footer--legalLinks--2UpxR, [dir] ul.Footer--privacyLinks--2uIcT .Footer--link--1Fxpr{margin:10px 0 0}[dir] .Footer--georgiaLogo--1iWRu{margin-top:10px}}[id*=WxuFooter-sidebar] .Footer--socialContainer--2gmQD{display:block}[dir] [id*=WxuFooter-sidebar] .Footer--socialContainer--2gmQD{margin-bottom:20px}[id*=WxuFooter-sidebar] .Footer--socialLogos--2MwDy{display:block}[id*=WxuFooter-sidebar] .Footer--connect--x2PKn{display:block}[dir] [id*=WxuFooter-sidebar] .Footer--connect--x2PKn{margin-bottom:10px}[id*=WxuFooter-sidebar] .Footer--logoLockup--2C7WO{display:flex;justify-content:space-between}[dir] [id*=WxuFooter-sidebar] .Footer--logoLockup--2C7WO{padding:0 25px;margin-bottom:10px}[dir] .PromoDriver--card--L3N9x{margin:10px}[dir] .PromoDriver--cardRadar--3shnw{margin:10px 0!important}[dir] .PromoDriver--cardHeader--18cFA{padding:16px 16px 0!important}[dir] .PromoDriver--cardContent--3d1dY{padding:0 16px 16px;text-align:center}.PromoDriver--fallbackAndAd--1oRGC{display:inline-block;overflow:hidden;position:relative;top:0;width:285px;height:100px}[dir] .PromoDriver--fallbackAndAd--1oRGC{cursor:pointer}[dir=ltr] .PromoDriver--fallbackAndAd--1oRGC{left:0}[dir=rtl] .PromoDriver--fallbackAndAd--1oRGC{right:0}[dir] .PromoDriver--missingTitle--1KwDj{margin-top:16px}.PromoDriver--fallback--3TL5h{top:3px}.PromoDriver--ad--uS0ol,.PromoDriver--fallback--3TL5h{position:absolute;width:285px}[dir=ltr] .PromoDriver--ad--uS0ol, [dir=ltr] .PromoDriver--fallback--3TL5h{left:0}[dir=rtl] .PromoDriver--ad--uS0ol, [dir=rtl] .PromoDriver--fallback--3TL5h{right:0}.PromoDriver--ad--uS0ol{top:0}.MapboxAttribution--Attribution--1vD2Z{position:absolute;z-index:2;width:100%}.MapboxAttribution--Attribution--1vD2Z.MapboxAttribution--topleft--2xDnS{top:10px}[dir=ltr] .MapboxAttribution--Attribution--1vD2Z.MapboxAttribution--topleft--2xDnS{left:5px}[dir=rtl] .MapboxAttribution--Attribution--1vD2Z.MapboxAttribution--topleft--2xDnS{right:5px}.MapboxAttribution--Attribution--1vD2Z.MapboxAttribution--topright--3JfbO{top:10px}[dir=ltr] .MapboxAttribution--Attribution--1vD2Z.MapboxAttribution--topright--3JfbO{right:5px}[dir=rtl] .MapboxAttribution--Attribution--1vD2Z.MapboxAttribution--topright--3JfbO{left:5px}.MapboxAttribution--Attribution--1vD2Z.MapboxAttribution--bottomleft--3XCHf{bottom:5px}[dir=ltr] .MapboxAttribution--Attribution--1vD2Z.MapboxAttribution--bottomleft--3XCHf{left:5px}[dir=rtl] .MapboxAttribution--Attribution--1vD2Z.MapboxAttribution--bottomleft--3XCHf{right:5px}.MapboxAttribution--Attribution--1vD2Z.MapboxAttribution--bottomright--2dCKP{bottom:5px}[dir=ltr] .MapboxAttribution--Attribution--1vD2Z.MapboxAttribution--bottomright--2dCKP{right:5px}[dir=rtl] .MapboxAttribution--Attribution--1vD2Z.MapboxAttribution--bottomright--2dCKP{left:5px}.MapboxAttribution--buttonAndLogo--jhR2l{display:flex;align-items:center}.MapboxAttribution--Attribution--1vD2Z.MapboxAttribution--bottomright--2dCKP .MapboxAttribution--buttonAndLogo--jhR2l,.MapboxAttribution--Attribution--1vD2Z.MapboxAttribution--topright--3JfbO .MapboxAttribution--buttonAndLogo--jhR2l{justify-content:flex-end}.MapboxAttribution--buttonAndLogo--jhR2l .MapboxAttribution--mapboxLogo--2dmD6{position:relative;top:1px}[dir] .MapboxAttribution--buttonAndLogo--jhR2l .MapboxAttribution--mapboxLogo--2dmD6{border:0;background:none;cursor:pointer;padding:0}.MapboxAttribution--buttonAndLogo--jhR2l .MapboxAttribution--mapboxLogo--2dmD6 svg{width:75px;height:auto;opacity:.75;filter:drop-shadow(0 0 2px black)}.MapboxAttribution--buttonAndLogo--jhR2l .MapboxAttribution--mapboxLogo--2dmD6.MapboxAttribution--blue--16_2f{fill:#4264fb}.MapboxAttribution--buttonAndLogo--jhR2l .MapboxAttribution--mapboxLogo--2dmD6.MapboxAttribution--white--2kOId{fill:#fff}.MapboxAttribution--mapboxlinks--2ovD2{visibility:hidden;opacity:.8;font-size:.625rem;z-index:999}[dir] .MapboxAttribution--mapboxlinks--2ovD2{padding:5px;margin:7px 0;background:hsla(0,0%,100%,.8)}.MapboxAttribution--mapboxlinks--2ovD2.MapboxAttribution--stack--TRFcZ{display:flex!important;flex-direction:column}[dir=ltr] .MapboxAttribution--mapboxlinks--2ovD2.MapboxAttribution--stack--TRFcZ{text-align:right}[dir=rtl] .MapboxAttribution--mapboxlinks--2ovD2.MapboxAttribution--stack--TRFcZ{text-align:left}.MapboxAttribution--mapboxlinks--2ovD2 a{text-decoration:none;color:#2b2b2b}.MapboxAttribution--mapboxlinks--2ovD2.MapboxAttribution--show--2_KKv{display:inline-block;visibility:inherit}.MapboxAttribution--mapboxlinks--2ovD2.MapboxAttribution--hide--3WTWm{display:none}[dir] .MapboxAttribution--mapboxlinks--2ovD2 .MapboxAttribution--separator--LOEAa{padding:0 5px}.Wind--windWrapper--3aqXJ svg{width:17px;height:auto}[dir=ltr] .Wind--windWrapper--3aqXJ svg{margin-right:5px}[dir=rtl] .Wind--windWrapper--3aqXJ svg{margin-left:5px}.Mobile .Wind--windWrapper--3aqXJ svg{vertical-align:middle}.HurricaneTrackerCard--mapImage--3bPqE{height:320px;width:100%;z-index:0}[dir] .HurricaneTrackerCard--mapImage--3bPqE{background-position:50%;background-size:cover;margin-bottom:10px}.HurricaneTrackerCard--gradient--1z83d{position:absolute;height:100%;width:100%}[dir] .HurricaneTrackerCard--gradient--1z83d{background:#000;background:linear-gradient(0deg,#000,transparent 20%,transparent 80%,#000)}.HurricaneTrackerCard--stormDetailsHeader--2epC1{display:flex;position:absolute;max-width:60%;top:0;color:#fff;line-height:1.25;font-size:.875rem;z-index:1}[dir=ltr] .HurricaneTrackerCard--stormDetailsHeader--2epC1{margin:12px 0 0 16px}[dir=rtl] .HurricaneTrackerCard--stormDetailsHeader--2epC1{margin:12px 16px 0 0}.HurricaneTrackerCard--stormIcon--2dyhh{display:flex;height:35px;width:35px;min-width:35px;justify-content:center;align-items:center;line-height:1;box-sizing:border-box;font-weight:700}[dir] .HurricaneTrackerCard--stormIcon--2dyhh{border:2.25px solid #fff;border-radius:22.5px;background:grey;padding:2px;text-align:center}[dir] .HurricaneTrackerCard--stormIcon--2dyhh.HurricaneTrackerCard--ts--165D3{border-color:#61c747;background:#224818}[dir] .HurricaneTrackerCard--stormIcon--2dyhh.HurricaneTrackerCard--l--29MMX{border-color:#25bef7;background:#093b4d}.HurricaneTrackerCard--stormIcon--2dyhh.HurricaneTrackerCard--cat1--2aj_t{font-size:.625rem}[dir] .HurricaneTrackerCard--stormIcon--2dyhh.HurricaneTrackerCard--cat1--2aj_t{border-color:#ebdb02;background:#494501}.HurricaneTrackerCard--stormIcon--2dyhh.HurricaneTrackerCard--cat2--2FQ19{font-size:.625rem}[dir] .HurricaneTrackerCard--stormIcon--2dyhh.HurricaneTrackerCard--cat2--2FQ19{border-color:#ebb700;background:#524000}.HurricaneTrackerCard--stormIcon--2dyhh.HurricaneTrackerCard--cat3--2Oaco{font-size:.625rem}[dir] .HurricaneTrackerCard--stormIcon--2dyhh.HurricaneTrackerCard--cat3--2Oaco{border-color:#fc8800;background:#502c02}.HurricaneTrackerCard--stormIcon--2dyhh.HurricaneTrackerCard--cat4--2L5Xg{font-size:.625rem}[dir] .HurricaneTrackerCard--stormIcon--2dyhh.HurricaneTrackerCard--cat4--2L5Xg{border-color:#fc5e00;background:#511e00}.HurricaneTrackerCard--stormIcon--2dyhh.HurricaneTrackerCard--cat5--3SNLi{font-size:.625rem}[dir] .HurricaneTrackerCard--stormIcon--2dyhh.HurricaneTrackerCard--cat5--3SNLi{border-color:#ed2325;background:#4f0c0d}.HurricaneTrackerCard--stormName--GnxI5{font-weight:700;font-size:1rem;line-height:1.15}.HurricaneTrackerCard--stormDate--SnZCG{font-size:.75rem}.HurricaneTrackerCard--stormDetailsList--1M-cR{position:absolute;display:flex;flex-direction:row;width:100%;bottom:0;list-style-type:none;box-sizing:border-box;color:#fff;line-height:1.25;font-size:.875rem;z-index:1}[dir] .HurricaneTrackerCard--stormDetailsList--1M-cR{padding:0 16px}[dir=ltr] .HurricaneTrackerCard--stormDetailsList--1M-cR li{margin-right:32px}[dir=rtl] .HurricaneTrackerCard--stormDetailsList--1M-cR li{margin-left:32px}[dir=ltr] .HurricaneTrackerCard--stormDetailsList--1M-cR li:last-of-type{margin-right:0}[dir=rtl] .HurricaneTrackerCard--stormDetailsList--1M-cR li:last-of-type{margin-left:0}.HurricaneTrackerCard--bodyWrapper--KBdzt{position:relative}.HurricaneTrackerCard--textWrapper--1Hz_q{display:flex;flex-direction:column}[dir=ltr] .HurricaneTrackerCard--textWrapper--1Hz_q{margin-left:10px}[dir=rtl] .HurricaneTrackerCard--textWrapper--1Hz_q{margin-right:10px}.HurricaneTrackerCard--label--mO3OW{font-size:.75rem}.HurricaneTrackerCard--value--2WPHH{font-weight:700}.HurricaneTrackerCard--attributionPositionOverride--2MP4j{top:13px!important;z-index:1}[dir=ltr] .HurricaneTrackerCard--attributionPositionOverride--2MP4j{right:16px!important}[dir=rtl] .HurricaneTrackerCard--attributionPositionOverride--2MP4j{left:16px!important}[dir] .HurricaneTrackerCard--attributionPositionOverride--2MP4j button{padding:0!important}.Ellipsis--ellipsis--1sNTm{display:-webkit-box;display:-webkit-inline-box;-webkit-box-orient:vertical;overflow:hidden}.Image--intrinsicRatioRoot--1I6CT{position:relative;width:100%}.Image--intrinsicRatioElement--eptTV{display:block;position:absolute;top:0;width:100%;height:100%}[dir=ltr] .Image--intrinsicRatioElement--eptTV{left:0}[dir=rtl] .Image--intrinsicRatioElement--eptTV{right:0}[dir] .Image--rounded--2t_Qb{border-radius:6px}.Image--gradient--2COra{width:100%}[dir=ltr] .Image--gradient--2COra{background:linear-gradient(135deg,#f3f3f3,#e5e5e5 50%,#e5e5e5 51%,#f3f3f3)}[dir=rtl] .Image--gradient--2COra{background:linear-gradient(-135deg,#f3f3f3,#e5e5e5 50%,#e5e5e5 51%,#f3f3f3)}.MediaObject--mediaTitle--d3_JC{color:var(--textDefault);line-height:1.25em}[dir] .MediaObject--mediaTitle--d3_JC{margin:0}.Mobile .MediaObject--mediaTitle--d3_JC{display:inline-block}.LargeScreen .MediaObject--mediaTitle--d3_JC{display:block}.MediaObject--mediaCaption---lC-b{display:inline-block;color:var(--textDefault)}[dir] .MediaObject--mediaCaption---lC-b{margin-top:15px}[dir=ltr] .MediaObject--mediaCaption---lC-b{text-align:left}[dir=rtl] .MediaObject--mediaCaption---lC-b{text-align:right}[dir] .LargeScreen .MediaObject--mediaCaption---lC-b{margin-top:2px}.MediaObject--mediaCaptionCTA--jKhn8{color:#3e68f1}.MediaObject--mediaLink--330_t{text-decoration:none;display:block}.MediaObject--mediaLink--330_t:hover .MediaObject--mediaTitle--d3_JC{color:var(--textBrand)}.MediaObject--mediaImg--1zbhQ{display:flex;justify-content:center;align-items:center;position:relative}.MediaObject--mediaIcon--2Ge4G{align-self:center;position:absolute}.MediaObject--imageContainer--2G54J{max-width:100%}.MediaObject--smallMedia--jGsoI{width:147px;flex:1 0 50%}.MediaObject--smallMedia--jGsoI .MediaObject--mediaTitle--d3_JC{font-size:.875rem}[dir] .MediaObject--smallMedia--jGsoI .MediaObject--mediaTitle--d3_JC{margin:0 0 10px}[dir] .MediaObject--smallMedia--jGsoI .MediaObject--mediaImg--1zbhQ{margin-bottom:8px}.MediaObject--smallMedia--jGsoI .MediaObject--mediaIcon--2Ge4G{width:32px;height:32px}[dir] .MediaObject--smallMedia--jGsoI .MediaObject--mediaCategory--QpPav{margin:0 0 3px}.MediaObject--largeMedia--Ax2Ve{width:275px;flex:1 0 100%}[dir] .MediaObject--largeMedia--Ax2Ve .MediaObject--mediaImg--1zbhQ{margin-bottom:8px}.MediaObject--largeMedia--Ax2Ve .MediaObject--mediaTitle--d3_JC{font-size:1rem}[dir] .MediaObject--largeMedia--Ax2Ve .MediaObject--mediaTitle--d3_JC{margin-bottom:15px}.MediaObject--largeMedia--Ax2Ve .MediaObject--mediaIcon--2Ge4G{width:58px;height:58px}[dir] .MediaObject--largeMedia--Ax2Ve .MediaObject--mediaCategory--QpPav{margin:0 0 15px}[dir] .MediaObject--fullMedia--1jrAm .MediaObject--mediaImg--1zbhQ{margin-bottom:8px}.MediaObject--fullMedia--1jrAm .MediaObject--mediaTitle--d3_JC{font-size:1rem}[dir] .MediaObject--fullMedia--1jrAm .MediaObject--mediaTitle--d3_JC{margin:0 0 15px}.MediaObject--fullMedia--1jrAm .MediaObject--mediaIcon--2Ge4G{width:58px;height:58px}[dir] .MediaObject--fullMedia--1jrAm .MediaObject--mediaCategory--QpPav{margin:0 0 15px}.MediaObject--ctaButton--1NLAm{position:absolute;bottom:5px}[dir=ltr] .MediaObject--ctaButton--1NLAm{left:5px}[dir=rtl] .MediaObject--ctaButton--1NLAm{right:5px}.MediaObject--overlay--2IBdV{height:100%;position:absolute}[dir] .MediaObject--overlay--2IBdV{border-radius:6px;background:rgba(0,0,0,.15)}.MediaObject--fullWidthMediaList--2O8AG,.MediaObject--overlay--2IBdV{width:100%}[dir] .LargeScreen .MediaObject--fullWidthMediaList--2O8AG .MediaObject--mediaTitle--d3_JC{margin-bottom:2px}[dir] .LargeScreen .MediaObject--fullWidthMediaList--2O8AG .MediaObject--mediaCategory--QpPav{margin:0 0 2px}.MediaObject--mediaCategory--QpPav{color:var(--textLight);font-size:.8125rem}.MediaObject--mediaPublishDate--RQLhR{color:var(--textLight);font-size:.875rem}[dir] .MediaObject--mediaPublishDate--RQLhR{margin-top:10px}.Card--card--HiWPW{overflow:hidden}[dir] .Card--card--HiWPW{margin:12px 10px;border-radius:6px;box-shadow:0 0 12px 0 rgba(0,0,0,.2);background-color:var(--backgroundCard)}[dir] .moduleServiceWrapper .card{margin:0;box-shadow:none;padding-top:0;border-radius:0}[dir] .Card--cardHeader--1QwR4{padding:16px}.Card--cardHeading--5_qfE{font-size:1.125rem;flex-grow:1;color:var(--textDark)}[dir] .Card--cardHeading--5_qfE{margin:0}.LargeScreen .Card--cardHeading--5_qfE{font-size:1.25rem}.Card--cardFooter--rsrd-{display:flex;flex-flow:row nowrap;align-items:center}[dir=ltr] .Card--cardFooter--rsrd-{padding:0 16px 11px 11px}[dir=rtl] .Card--cardFooter--rsrd-{padding:0 11px 11px 16px}.Card--cardFooterJustifyBetween--1rujR{justify-content:space-between}.Card--cardPadded--2oS21{}[dir] .Card--cardPadded--2oS21{padding:16px}[dir] .Card--cardPadded--2oS21 .Card--cardHeader--1QwR4{padding:0 0 16px}[dir] .Card--cardPadded--2oS21 .Card--cardFooter--rsrd-, [dir] .Card--cardPadded--2oS21 .Card--cardHeading--5_qfE{padding:0}.Card--returnTo--2Wve5{position:relative;width:40px;height:10px}[dir] .Card--returnTo--2Wve5{margin:5px 0 15px}.Card--returnTo--2Wve5 .Card--returnToIcon--1AO-k{position:absolute;top:3px;width:15px!important}[dir=ltr] .Card--returnTo--2Wve5 .Card--returnToIcon--1AO-k{left:0}[dir=rtl] .Card--returnTo--2Wve5 .Card--returnToIcon--1AO-k{right:0}.Card--returnTo--2Wve5 .Card--returnToText--2VgKI{position:absolute;font-size:.875rem;font-weight:600;color:var(--textBrand)}[dir=ltr] .Card--returnTo--2Wve5 .Card--returnToText--2VgKI{left:20px}[dir=rtl] .Card--returnTo--2Wve5 .Card--returnToText--2VgKI{right:20px}.ContentMedia--overflowSlider--3qoB6.ContentMedia--overflowSlider--3qoB6{width:calc(100% + 16px)}[dir] .ContentMedia--overflowSlider--3qoB6.ContentMedia--overflowSlider--3qoB6{padding:2px;margin:-2px}.ContentMedia--imageContainer--GB5T_{max-width:100%}.ContentMedia--mediaListItem--19sj1{flex:1 1 0px}[dir] .ContentMedia--mediaListItem--19sj1:first-child{border-top:0!important}[dir=ltr] .ContentMedia--mediaListItem--19sj1:not(:first-of-type){margin-left:16px}[dir=rtl] .ContentMedia--mediaListItem--19sj1:not(:first-of-type){margin-right:16px}[dir=ltr] .Mobile .ContentMedia--mediaListItem--19sj1:last-child{padding-right:16px}[dir=rtl] .Mobile .ContentMedia--mediaListItem--19sj1:last-child{padding-left:16px}.ContentMedia--mediaListItem--19sj1 button{width:100%}@media only screen and (max-width:850px){.LargeScreen .ContentMedia--mediaListItem--19sj1{flex:0 0 calc(50% - 8px)}[dir] .LargeScreen .ContentMedia--mediaListItem--19sj1{margin-bottom:16px}[dir=ltr] .LargeScreen .ContentMedia--mediaListItem--19sj1:nth-child(3){margin-left:0}[dir=rtl] .LargeScreen .ContentMedia--mediaListItem--19sj1:nth-child(3){margin-right:0}}[dir=ltr] .ContentMedia--removePadding--1VezH{padding-left:0!important;padding-right:0!important}[dir=rtl] .ContentMedia--removePadding--1VezH{padding-right:0!important;padding-left:0!important}.ContentMedia--moduleInSidebar--jS_Y2{flex:0 0 calc(50% - 8px)}[dir] .ContentMedia--moduleInSidebar--jS_Y2{margin-bottom:16px}[dir=ltr] .ContentMedia--moduleInSidebar--jS_Y2:nth-child(odd){margin-left:0}[dir=rtl] .ContentMedia--moduleInSidebar--jS_Y2:nth-child(odd){margin-right:0}.ContentMedia--flexwrap--1ZmD4{flex-wrap:wrap}.ContentMedia--attribution--2QiFW{height:20px;position:relative}[dir] .ContentMedia--attribution--2QiFW{margin-top:10px}.ContentMedia--attribution--2QiFW .ContentMedia--attrLink--3Vs3Y{font-size:.75rem;color:#1b4de4}[dir=ltr] .ContentMedia--attribution--2QiFW .ContentMedia--attrText--3xEYU{padding-left:2px}[dir=rtl] .ContentMedia--attribution--2QiFW .ContentMedia--attrText--3xEYU{padding-right:2px}.ContentMedia--mediaInline--2c2lM,.ContentMedia--mediaStacked--Lf1F-{display:flex;flex-direction:row}.ContentMedia--mediaInline--2c2lM a,.ContentMedia--mediaStacked--Lf1F- a{width:auto}@media only screen and (max-width:850px){.LargeScreen .ContentMedia--mediaStacked--Lf1F-{flex-wrap:wrap}}.ContentMedia--mediaTitle--3QRq6{font-weight:400}.ContentMedia--impactNotice--vXNEt{color:#da291c!important;text-transform:uppercase}.LargeScreen .ContentMedia--impactNotice--vXNEt{letter-spacing:0;font-size:1.125rem;font-weight:700;line-height:1.61em}.Mobile .ContentMedia--impactNotice--vXNEt{letter-spacing:.34px;font-size:1.125rem;font-weight:600;line-height:1.11em}.ContentMedia--impactTitle--3ineG{color:#2b2b2b}.LargeScreen .ContentMedia--impactTitle--3ineG{letter-spacing:.44px;font-size:2.5625rem!important;font-weight:600;line-height:1em}.Mobile .ContentMedia--impactTitle--3ineG{letter-spacing:.33px;font-size:1.5rem;font-weight:600;line-height:1.083em}.ContentMedia--impactTitleHref--3EM2w,.ContentMedia--impactTitleHref--3EM2w:visited{color:#2b2b2b}.ContentMedia--impactDescription--2SC0q{font-size:.875rem;font-weight:400;line-height:normal}[dir] .ContentMedia--impactDescription--2SC0q{margin:0}.ContentMedia--sponsorContainer--3whUC{display:flex;align-items:center}.ContentMedia--sponsorContainer--3whUC .ContentMedia--sponsorText--14zXs{font-size:.8125rem;font-weight:600;letter-spacing:-.08px;line-height:1.1538em;z-index:10}[dir=ltr] .ContentMedia--sponsorContainer--3whUC .ContentMedia--sponsorText--14zXs{margin-right:10px}[dir=rtl] .ContentMedia--sponsorContainer--3whUC .ContentMedia--sponsorText--14zXs{margin-left:10px}[dir] .ContentMedia--sponsorContainer--3whUC .ContentMedia--sponsorAd--2bVdC{margin:0;padding:0}.ContentMedia--sponsorContainer--3whUC .ContentMedia--sponsorAd--2bVdC.ContentMedia--placeholder--cCurh{min-height:36px}.ContentMedia--sponsorContainer--3whUC .ContentMedia--sponsorIcon--2vbiJ{height:14px!important;width:auto!important}.ContentMedia--sponsorContainer--3whUC .ContentMedia--sponsorLogo--1atG5{height:24px}.ContentMedia--listItemsContainer--1lFeF{grid-column:1/2}[dir] .ContentMedia--listItemsContainer--1lFeF{margin-bottom:16px}.ContentMedia--listItem--xVM3X{display:flex!important;align-items:center}[dir] .ContentMedia--listItem--xVM3X:first-of-type{border-top:0}.ContentMedia--listItem--xVM3X .ContentMedia--listItemIcon--3Ot8T{flex:none}[dir=ltr] .ContentMedia--listItem--xVM3X .ContentMedia--listItemTitle--2FvDz{padding-left:10px}[dir=rtl] .ContentMedia--listItem--xVM3X .ContentMedia--listItemTitle--2FvDz{padding-right:10px}.ContentMedia--listItem--xVM3X:hover .ContentMedia--listItemIcon--3Ot8T,.ContentMedia--listItem--xVM3X:hover .ContentMedia--listItemTitle--2FvDz{color:#1b4de4}[dir] .ContentMedia--cmCtaButton--1u_8O{margin-top:10px}[dir] .ContentMedia--listViewContainer--388fl{margin-bottom:16px}.ContentMedia--listView--2ckqh.ContentMedia--listView--2ckqh{display:flex;align-items:flex-start}[dir] .ContentMedia--listView--2ckqh.ContentMedia--listView--2ckqh{border-top:0!important;padding:8px 0}.ContentMedia--listView--2ckqh.ContentMedia--listView--2ckqh:hover .ContentMedia--listViewBody--1FJtN{color:#1b4de4}.ContentMedia--listViewImg--3-7Nd.ContentMedia--listViewImg--3-7Nd{width:80px;height:80px;flex-shrink:0}[dir] .ContentMedia--listViewImg--3-7Nd.ContentMedia--listViewImg--3-7Nd{padding-top:6px}.ContentMedia--listViewBody--1FJtN{font-size:.875rem}[dir] .ContentMedia--listViewBody--1FJtN{margin:0}[dir=ltr] .ContentMedia--listViewBody--1FJtN{padding-left:16px}[dir=rtl] .ContentMedia--listViewBody--1FJtN{padding-right:16px}.ContentMedia--listViewTitle--1NXBb{font-weight:700}@media only screen and (min-width:851px){[dir] .ContentMedia--fullMedia--1cXPO{padding:0;margin-bottom:16px}[dir] .regionSidebar .ContentMedia--fullMedia--1cXPO{margin-bottom:0}.ContentMedia--fullMedia--1cXPO .ContentMedia--mediaTitle--3QRq6{font-weight:700;font-size:1.5rem}[dir] .ContentMedia--fullMedia--1cXPO .ContentMedia--mediaTitle--3QRq6{margin:10px 0 15px}.regionSidebar .ContentMedia--fullMedia--1cXPO .ContentMedia--mediaTitle--3QRq6{font-size:.875rem;font-weight:400}[dir] .regionSidebar .ContentMedia--fullMedia--1cXPO .ContentMedia--mediaTitle--3QRq6{margin:0 0 10px}[dir] .ContentMedia--fullMedia--1cXPO .ContentMedia--mediaImg--327bx{margin-bottom:9px}.ContentMedia--fullMedia--1cXPO .ContentMedia--mediaIcon--1S_z0{width:58px;height:58px}[dir] .ContentMedia--fullMedia--1cXPO .ContentMedia--mediaCategory--3xXEE{margin:0 0 3px}.ContentMedia--stackedInSidebar--emhvx{grid-column:1/3!important}[dir=ltr] .ContentMedia--stackedInSidebar--emhvx{margin-left:0!important}[dir=rtl] .ContentMedia--stackedInSidebar--emhvx{margin-right:0!important}.ContentMedia--sidebarContainer--31D-6{display:grid;grid-template-columns:4fr 1fr}.ContentMedia--sidebarContainer--31D-6.ContentMedia--listItemFull--3hjif .ContentMedia--secondaryContainer--3kFQZ{grid-row:1/2}.ContentMedia--sidebarContainer--31D-6.ContentMedia--listItemFull--3hjif .ContentMedia--listItemsContainer--1lFeF{grid-column:1/3;grid-row:3/4}.ContentMedia--sidebarContainer--31D-6.ContentMedia--listItem2--1PE5v{grid-template-columns:2fr 1fr}.ContentMedia--sidebarContainer--31D-6.ContentMedia--listItem2--1PE5v .ContentMedia--secondaryContainer--3kFQZ{grid-row:1/3}.ContentMedia--sidebarContainer--31D-6.ContentMedia--listItem3--UHvP8{grid-template-columns:2fr 1fr}.ContentMedia--sidebarContainer--31D-6.ContentMedia--listItem3--UHvP8 .ContentMedia--secondaryContainer--3kFQZ{grid-row:1/3}.ContentMedia--sidebarContainer--31D-6.ContentMedia--listItem4--1pbwC{grid-template-columns:3fr 1fr}.ContentMedia--sidebarContainer--31D-6.ContentMedia--listItem4--1pbwC .ContentMedia--secondaryContainer--3kFQZ{grid-row:1/3}.ContentMedia--sidebarContainer--31D-6 .ContentMedia--primaryContainer--16gwV{grid-column:1/2;grid-row:1/2}[dir=ltr] .ContentMedia--sidebarContainer--31D-6 .ContentMedia--primaryContainer--16gwV{margin-right:8px}[dir=rtl] .ContentMedia--sidebarContainer--31D-6 .ContentMedia--primaryContainer--16gwV{margin-left:8px}.ContentMedia--sidebarContainer--31D-6 .ContentMedia--secondaryContainer--3kFQZ{grid-column:2/3;grid-row:1/2}[dir=ltr] .ContentMedia--sidebarContainer--31D-6 .ContentMedia--secondaryContainer--3kFQZ{margin-left:8px}[dir=rtl] .ContentMedia--sidebarContainer--31D-6 .ContentMedia--secondaryContainer--3kFQZ{margin-right:8px}[dir=ltr] .ContentMedia--sidebarContainer--31D-6 .ContentMedia--secondaryContainer--3kFQZ .ContentMedia--mediaListItem--19sj1{margin-left:0}[dir=rtl] .ContentMedia--sidebarContainer--31D-6 .ContentMedia--secondaryContainer--3kFQZ .ContentMedia--mediaListItem--19sj1{margin-right:0}.ContentMedia--sidebarContainer--31D-6 .ContentMedia--mediaSidebar--iK8Q7{flex-direction:column!important}.ContentMedia--sidebarContainer--31D-6 .ContentMedia--listItemsContainer--1lFeF{grid-column:1/2;grid-row:2/3}.ContentMedia--sidebarContainer--31D-6 .ContentMedia--smallMedia--2HRCw{width:auto;flex:1 0 50%}[dir] .ContentMedia--sidebarContainer--31D-6 .ContentMedia--smallMedia--2HRCw{margin-bottom:16px}.ContentMedia--sidebarContainer--31D-6 .ContentMedia--smallMedia--2HRCw .ContentMedia--mediaTitle--3QRq6{font-size:.9375rem;font-weight:400}[dir] .ContentMedia--sidebarContainer--31D-6 .ContentMedia--smallMedia--2HRCw .ContentMedia--mediaImg--327bx{margin-bottom:9px}.ContentMedia--sidebarContainer--31D-6 .ContentMedia--smallMedia--2HRCw .ContentMedia--mediaIcon--1S_z0{width:32px;height:32px}[dir] .ContentMedia--sidebarContainer--31D-6 .ContentMedia--primaryContainerCompact--12y2O{margin-bottom:9}}.styles--root--3eGVf{position:relative;z-index:2}.styles--fullText--V-nzm,.styles--shortText--2pzBL{display:none}@media(min-width:630px)and (max-width:794px){.styles--shortText--2pzBL{display:inherit}}@media(min-width:795px){.styles--fullText--V-nzm{display:inherit}}.styles--button--2ZsPl{height:40px;display:flex;outline:0;color:#fff!important;align-items:center}[dir] .styles--button--2ZsPl{background:none;border:0;cursor:pointer;border-bottom:2px solid transparent}[dir=ltr] .styles--button--2ZsPl{padding:0 65px 0 20px}[dir=rtl] .styles--button--2ZsPl{padding:0 20px 0 65px}.styles--button--2ZsPl>*{align-self:center}.styles--rootMoreMenu--2Efmg{position:absolute}.styles--expandableMenu--1G_Bu{top:0}[dir] .styles--expandableMenu--1G_Bu{background-color:#fff!important;border-radius:0 0 6px 6px}.styles--expandableMenuOutline--2CHC3{top:0}.styles--nav--3FRvC{width:320px;display:flex;flex-flow:row wrap}.styles--nav--3FRvC>.styles--listItem--uZTeJ{font-size:1rem;flex:1 0 160px;position:relative;display:block}[dir] .styles--nav--3FRvC>.styles--listItem--uZTeJ{background-color:initial;padding:0;border:0!important}[dir=ltr] .styles--nav--3FRvC>.styles--listItem--uZTeJ{text-align:left}[dir=rtl] .styles--nav--3FRvC>.styles--listItem--uZTeJ{text-align:right}.styles--nav--3FRvC>.styles--listItem--uZTeJ:active,.styles--nav--3FRvC>.styles--listItem--uZTeJ:focus,.styles--nav--3FRvC>.styles--listItem--uZTeJ:hover{color:#1b4de4!important}[dir] .styles--nav--3FRvC>.styles--listItem--uZTeJ:active, [dir] .styles--nav--3FRvC>.styles--listItem--uZTeJ:focus, [dir] .styles--nav--3FRvC>.styles--listItem--uZTeJ:hover{cursor:pointer}[dir] .styles--nav--3FRvC>.styles--listItem--uZTeJ:focus{background:#fff}.styles--item--a-T_N{display:block;line-height:1.4em}[dir] .styles--item--a-T_N{padding:5px 15px}.styles--navHeader--2rbZM{font-size:1.125rem;font-weight:700;text-transform:uppercase}[dir] .styles--navHeader--2rbZM{padding:6px 15px 8px;margin:0}[dir=ltr] .styles--navHeader--2rbZM{text-align:left}[dir=rtl] .styles--navHeader--2rbZM{text-align:right}.styles--buttonIcon--nMAqA{fill:#fff;width:17px!important}[dir=ltr] .styles--buttonIcon--nMAqA{padding-left:5px}[dir=rtl] .styles--buttonIcon--nMAqA{padding-right:5px}.styles--navLinkIcon--1KMmJ{display:inline-block;position:relative;fill:#1b4de4;width:17px!important;vertical-align:text-bottom}[dir] .styles--navLinkIcon--1KMmJ{margin-top:-1px}[dir=ltr] .styles--navLinkIcon--1KMmJ{margin-left:5px}[dir=rtl] .styles--navLinkIcon--1KMmJ{margin-right:5px}.styles--OverflowNav--1Zocx{display:flex;list-style:none;flex-wrap:wrap;align-items:stretch;justify-content:space-around;overflow:hidden}[dir] .styles--OverflowNav--1Zocx{margin:0;padding:0}[dir] .styles--OverflowNav--1Zocx .styles--listItem--3b2Ko.styles--severeLink--qnj1Q{background-color:#fff!important}.styles--OverflowNav--1Zocx .styles--listItem--3b2Ko.styles--severeLink--qnj1Q .styles--liContent--3i8m_{color:#ba0d00!important}.styles--OverflowNav--1Zocx .styles--listItem--3b2Ko.styles--severeLink--qnj1Q .styles--videoIcon--LpXDU{fill:#ba0d00!important;color:#ba0d00!important}[dir] .styles--OverflowNav--1Zocx .styles--listItem--3b2Ko.styles--severeLink--qnj1Q.styles--active--3X9QA, [dir] .styles--OverflowNav--1Zocx .styles--listItem--3b2Ko.styles--severeLink--qnj1Q:focus, [dir] .styles--OverflowNav--1Zocx .styles--listItem--3b2Ko.styles--severeLink--qnj1Q:hover{border-bottom:2px solid #ba0d00!important;background-color:#fff!important}.styles--OverflowNav--1Zocx>.styles--listItem--3b2Ko{font-size:1rem;display:flex;align-items:center;height:100%;color:#fff!important;position:relative;justify-content:center}[dir] .styles--OverflowNav--1Zocx>.styles--listItem--3b2Ko{padding:0 15px;cursor:pointer;border:0!important}[dir] .styles--OverflowNav--1Zocx>.styles--listItem--3b2Ko.styles--active--3X9QA, [dir] .styles--OverflowNav--1Zocx>.styles--listItem--3b2Ko:focus, [dir] .styles--OverflowNav--1Zocx>.styles--listItem--3b2Ko:hover{border-bottom:2px solid #fff!important;padding-top:2px}[dir=ltr] .styles--videoIcon--LpXDU{padding-right:5px}[dir=rtl] .styles--videoIcon--LpXDU{padding-left:5px}.styles--LocalsuiteNav--26ACm{width:100%;position:relative;z-index:199}[dir] .styles--LocalsuiteNav--26ACm{background:rgba(0,0,0,.4)}.styles--inner--1IZYn{display:flex;max-width:1280px}[dir] .styles--inner--1IZYn{margin:auto}.styles--overflowNav--3zKoS{height:40px;width:100%}.styles--moreForecastsNav--3jQjH{flex-shrink:0}.alerts--alert-1-color--2w_rS{color:#aa050e!important}.alerts--alert-1-fill--2fIrB{fill:#aa050e!important}[dir] .alerts--alert-1-background--1InP_{background:#aa050e!important}.alerts--alert-2-color--3swQb{color:#e6731f!important}.alerts--alert-2-fill--1fyQb{fill:#e6731f!important}[dir] .alerts--alert-2-background--1FIK9{background:#e6731f!important}.alerts--alert-3-color--2oM30{color:#ebbb02!important}.alerts--alert-3-fill--3f8g1{fill:#ebbb02!important}[dir] .alerts--alert-3-background--3QEh-{background:#ebbb02!important}.alerts--alert-4-color--1SyoP{color:#a51ccb!important}.alerts--alert-4-fill--1e_LX{fill:#a51ccb!important}[dir] .alerts--alert-4-background--JxHiI{background:#a51ccb!important}.styles--LocationCardComponent--2M_BE{display:flex;flex-direction:column;width:100%;overflow:hidden}[dir] .styles--LocationCardComponent--2M_BE{padding:5px 15px}.styles--locationNameBadge--2NmL_{display:flex;align-items:center;color:#fff!important;width:100%;overflow:hidden}[dir] .styles--locationNameBadge--2NmL_{cursor:pointer}.styles--locationName--DD-D9{font-size:1rem;text-overflow:ellipsis;overflow:hidden;width:auto}.styles--alertsBadge--1ae0i{font-size:.875rem}[dir] .styles--alertsBadge--1ae0i{border-radius:20px;padding:0 6px;text-shadow:0 1px 1px rgba(0,0,0,.5)}[dir=ltr] .styles--alertsBadge--1ae0i{margin-left:5px}[dir=rtl] .styles--alertsBadge--1ae0i{margin-right:5px}[dir] .styles--alertsBadge--1ae0i.styles--alertCount1--3aqGJ{padding:0 7px}.styles--weatherData--5tCnE{display:flex;align-items:center;color:#fff!important}[dir] .styles--weatherData--5tCnE{padding:3px 0;cursor:pointer}.styles--weatherData--5tCnE>:first-child{width:32px;height:32px}[dir=ltr] .styles--weatherData--5tCnE>:first-child{margin-right:10px}[dir=rtl] .styles--weatherData--5tCnE>:first-child{margin-left:10px}.styles--temperature--3MBn3{font-size:1.875rem;font-weight:200}.styles--LocationCardComponent--2M_BE.styles--mini--3ZGda{flex-direction:row;align-items:center;flex:1 0 calc(100% - 50px)}[dir=ltr] .styles--mini--3ZGda .styles--weatherData--5tCnE{padding-right:5px}[dir=rtl] .styles--mini--3ZGda .styles--weatherData--5tCnE{padding-left:5px}.styles--mini--3ZGda .styles--weatherData--5tCnE>:first-child{width:18px;height:18px}[dir=ltr] .styles--mini--3ZGda .styles--weatherData--5tCnE>:first-child{margin-right:5px}[dir=rtl] .styles--mini--3ZGda .styles--weatherData--5tCnE>:first-child{margin-left:5px}.styles--mini--3ZGda .styles--temperature--3MBn3{font-size:.875rem}.styles--mini--3ZGda .styles--locationNameBadge--2NmL_{width:calc(100% - 50px)}.styles--mini--3ZGda .styles--locationName--DD-D9{font-size:.875rem}.styles--LocationCard--2vjvQ{display:flex;white-space:nowrap;height:100%;align-items:flex-start;justify-content:flex-end}.styles--moreButton--dMRGF{vertical-align:middle;width:36px;position:absolute}[dir] .styles--moreButton--dMRGF{background:transparent;border-radius:50%}[dir=ltr] .styles--moreButton--dMRGF{right:0;left:auto}[dir=rtl] .styles--moreButton--dMRGF{left:0;right:auto}.styles--removeButton--28vcv{height:40px;width:auto;overflow:hidden;font-size:.875rem;white-space:nowrap;color:#000;visibility:hidden;position:absolute;top:-100%;opacity:0}[dir] .styles--removeButton--28vcv{padding:0 6px;background:#fff;border-radius:2px;cursor:pointer}[dir=ltr] .styles--removeButton--28vcv{right:-100%;transition:top .3s ease-out,right .3s ease-out,opacity .3s ease-out}[dir=rtl] .styles--removeButton--28vcv{left:-100%;transition:top .3s ease-out,left .3s ease-out,opacity .3s ease-out}.styles--removeButton--28vcv:hover{color:#1b4de4}[dir] .styles--removeButton--28vcv:hover{background:#fff}.styles--removeButton--28vcv.styles--active--2ULa2{top:0;opacity:1;color:#007aff;visibility:visible;height:100%;width:auto}[dir] .styles--removeButton--28vcv.styles--active--2ULa2{background:#fff}[dir=ltr] .styles--removeButton--28vcv.styles--active--2ULa2{right:0}[dir=rtl] .styles--removeButton--28vcv.styles--active--2ULa2{left:0}.styles--moreMenu--GEYkc{width:100%;height:100%;display:flex;align-items:center}.styles--buttonText--1Sn3F{flex-grow:1;display:block}.styles--root--12yl6{position:relative;z-index:3;height:40px;overflow:hidden}.styles--cards--2hNpO,.styles--root--12yl6{display:flex;width:100%}[dir] .styles--cards--2hNpO{transition-duration:.5s;transition-timing-function:cubic-bezier(.25,.8,.25,1);transition-property:transform}[dir=ltr] .styles--cards--2hNpO{margin-left:60px}[dir=rtl] .styles--cards--2hNpO{margin-right:60px}.styles--card--3wj9l{flex-shrink:0;position:relative;overflow:hidden;width:300px;box-sizing:border-box}.styles--arrow--204Rq{width:40px;position:absolute;top:0;bottom:0;display:flex;align-items:center;justify-content:center;opacity:0;z-index:100}[dir] .styles--arrow--204Rq{cursor:pointer;transition-duration:375ms;transition-timing-function:cubic-bezier(.25,.8,.25,1);transition-property:transform,opacity}.styles--arrow--204Rq.styles--visible--2q_xt{opacity:1}[dir] .styles--arrow--204Rq.styles--visible--2q_xt{transform:translateX(0)!important}[dir=ltr] .styles--arrow--204Rq.styles--left--aHaxA{left:0;transform:translateX(-50px);border-right:1px solid hsla(0,0%,100%,.4)}[dir=rtl] .styles--arrow--204Rq.styles--left--aHaxA{right:0;transform:translateX(50px);border-left:1px solid hsla(0,0%,100%,.4)}.styles--arrow--204Rq.styles--left--aHaxA:after,.styles--arrow--204Rq.styles--left--aHaxA:before{position:absolute;top:0;bottom:0;z-index:204;content:""}.styles--arrow--204Rq.styles--left--aHaxA:after{position:absolute;top:0;bottom:0;width:100%}[dir] .styles--arrow--204Rq.styles--left--aHaxA:after{background:hsla(0,0%,100%,.2)}[dir=ltr] .styles--arrow--204Rq.styles--left--aHaxA:after{right:0}[dir=rtl] .styles--arrow--204Rq.styles--left--aHaxA:after{left:0}.styles--arrow--204Rq.styles--left--aHaxA:before{height:40px;width:30px}[dir=ltr] .styles--arrow--204Rq.styles--left--aHaxA:before{background-image:linear-gradient(90deg,rgba(0,0,0,.2),transparent);right:-31px}[dir=rtl] .styles--arrow--204Rq.styles--left--aHaxA:before{background-image:linear-gradient(-90deg,rgba(0,0,0,.2),transparent);left:-31px}[dir=ltr] .styles--arrow--204Rq.styles--right--2pLKS{right:0;transform:translateX(50px);border-left:1px solid hsla(0,0%,100%,.4)}[dir=rtl] .styles--arrow--204Rq.styles--right--2pLKS{left:0;transform:translateX(-50px);border-right:1px solid hsla(0,0%,100%,.4)}.styles--arrow--204Rq.styles--right--2pLKS:after,.styles--arrow--204Rq.styles--right--2pLKS:before{position:absolute;top:0;bottom:0}.styles--arrow--204Rq.styles--right--2pLKS:after{width:100%;content:"";z-index:204}[dir] .styles--arrow--204Rq.styles--right--2pLKS:after{background:hsla(0,0%,100%,.2)}[dir=ltr] .styles--arrow--204Rq.styles--right--2pLKS:after{left:0}[dir=rtl] .styles--arrow--204Rq.styles--right--2pLKS:after{right:0}.styles--arrow--204Rq.styles--right--2pLKS:before{content:"";height:40px;width:30px}[dir=ltr] .styles--arrow--204Rq.styles--right--2pLKS:before{background-image:linear-gradient(90deg,transparent,rgba(0,0,0,.2));left:-31px}[dir=rtl] .styles--arrow--204Rq.styles--right--2pLKS:before{background-image:linear-gradient(-90deg,transparent,rgba(0,0,0,.2));right:-31px}html[dir=rtl] .styles--arrow--204Rq.styles--left--aHaxA{border-left:1px solid #fff}html[dir=rtl] .styles--arrow--204Rq.styles--right--2pLKS{border-right:1px solid #fff}.styles--arrow--204Rq .icon{height:auto;width:21px}.styles--arrow--204Rq.styles--mini--2h5Ri .icon{width:16px}.styles--SavedLocations--2TuU_{color:#fff;position:relative;z-index:203;height:40px}[dir] .styles--SavedLocations--2TuU_{background:hsla(0,0%,100%,.2)}[dir=ltr] .styles--SavedLocations--2TuU_:before{left:0}[dir=rtl] .styles--SavedLocations--2TuU_:before{right:0}.styles--SavedLocations--2TuU_:after,.styles--SavedLocations--2TuU_:before{position:absolute;top:0;bottom:0;width:calc(50% - 640px);content:"";z-index:204}[dir=ltr] .styles--SavedLocations--2TuU_:after{right:0}[dir=rtl] .styles--SavedLocations--2TuU_:after{left:0}.styles--wrapper--30pBt{max-width:1280px}[dir] .styles--wrapper--30pBt{margin:0 auto}.styles--cardCarousel--3xhQl>*{box-sizing:border-box;flex-shrink:0;max-width:calc(100% - 50px)}[dir=ltr] .styles--cardCarousel--3xhQl>*{border-right:1px solid hsla(0,0%,100%,.2)}[dir=rtl] .styles--cardCarousel--3xhQl>*{border-left:1px solid hsla(0,0%,100%,.2)}.SiteNavigationLinks--Navigation--3Fz1b{display:flex;align-items:flex-start;flex-wrap:wrap;width:100%;box-sizing:border-box;max-width:1280px;justify-content:flex-start}[dir] .SiteNavigationLinks--Navigation--3Fz1b{padding:22px 11px 11px}.SiteNavigationLinks--Navigation--3Fz1b.SiteNavigationLinks--fourBlock--UjeR1{justify-content:space-evenly}.SiteNavigationLinks--Navigation--3Fz1b.SiteNavigationLinks--noWrap--JTMps{flex-wrap:nowrap}[dir] .SiteNavigationLinks--categoryMenu--tVNlN{padding:14px 0 30px}.SiteNavigationLinks--title--_kIVC{font-weight:700;font-size:1.125rem;text-transform:uppercase}[dir] .SiteNavigationLinks--title--_kIVC{background-color:initial}.SiteNavigationLinks--navigationList--VYZkB{flex-wrap:wrap;flex:0 1 calc(20% - 20px)}[dir=ltr] .SiteNavigationLinks--navigationList--VYZkB{padding:4px 0 14px 48px}[dir=rtl] .SiteNavigationLinks--navigationList--VYZkB{padding:4px 48px 14px 0}@media(max-width:1024px){.SiteNavigationLinks--navigationList--VYZkB{flex:0 1 calc(25% - 20px)}[dir=ltr] .SiteNavigationLinks--navigationList--VYZkB{padding:4px 0 14px 20px}[dir=rtl] .SiteNavigationLinks--navigationList--VYZkB{padding:4px 20px 14px 0}}.SiteNavigationLinks--navigationItem--2fxdn{display:block;color:#000!important;line-height:1.4;max-width:224px}[dir] .SiteNavigationLinks--navigationItem--2fxdn{background-color:initial;padding:6px 0}.SiteNavigationLinks--navigationItem--2fxdn:active,.SiteNavigationLinks--navigationItem--2fxdn:focus,.SiteNavigationLinks--navigationItem--2fxdn:hover{color:#1b4de4!important}[dir] .SiteNavigationLinks--navigationItem--2fxdn:focus{background:#fff}.SiteNavigationLinks--navLinkIcon--3ffNT{display:inline-block;fill:#1b4de4;width:16px;vertical-align:text-bottom}[dir=ltr] .SiteNavigationLinks--navLinkIcon--3ffNT{margin-left:6px}[dir=rtl] .SiteNavigationLinks--navLinkIcon--3ffNT{margin-right:6px}.SiteNavigationLinks--menu--AwUVS{max-width:1280px;box-sizing:border-box}[dir] .SiteNavigationLinks--menu--AwUVS{margin:auto;padding:0 60px}.SiteNavigationLinks--navigationListItems--7Iux3{max-width:224px}.SiteNavigationLinks--loginButton--WD-EN{font-size:.875rem!important;font-weight:600!important;letter-spacing:-.28px!important}[dir] .SiteNavigationLinks--loginButton--WD-EN{margin:15px 0 10px;padding:8px 34px}.SiteNavigationLinks--alreadyMemberText--21ThA,.SiteNavigationLinks--loginLink--3Zm5G{font-size:.9375rem!important;letter-spacing:-.3px}.SiteNavigationLinks--loginLink--3Zm5G{color:#1b4de4}[dir] .SiteNavigationLinks--loginLink--3Zm5G{padding:0!important}.SiteNavigationLinks--loginLink--3Zm5G:hover{text-decoration:underline}[dir] .SiteNavigationLinks--accountItem--3NFzo{padding-top:10px!important}.MainMenu--rootMenu--3XK92{position:absolute;width:100%;top:100%}[dir=ltr] .MainMenu--rootMenu--3XK92{left:0;right:0}[dir=rtl] .MainMenu--rootMenu--3XK92{right:0;left:0}.MainMenu--menuContainer--2BnBr>div{display:flex;justify-content:center}.MainMenu--menu--1aEwb{display:flex;justify-content:flex-start;align-items:flex-start;flex-wrap:wrap}[dir] .MainMenu--menu--1aEwb{padding:0}.MainMenu--menu--1aEwb .MainMenu--fourBlock--1bgnE{justify-content:space-between}[dir=ltr] .MainMenu--menuInner--zXZM2{padding-left:0;padding-right:0}[dir=rtl] .MainMenu--menuInner--zXZM2{padding-right:0;padding-left:0}.MainMenu--menuInner--zXZM2>*{max-width:none!important}.MainMenu--menuButton--2eJBA{-webkit-appearance:none;appearance:none;outline:0;transition:.3s;display:flex;justify-content:center;align-items:center;-webkit-user-select:none;user-select:none;height:30px;width:30px;flex-direction:column}[dir] .MainMenu--menuButton--2eJBA{border:0;cursor:pointer;margin-top:10px}[dir=ltr] .MainMenu--menuButton--2eJBA{margin-right:11px;margin-left:25px}[dir=rtl] .MainMenu--menuButton--2eJBA{margin-left:11px;margin-right:25px}[dir] .MainMenu--icon--KnYY0, [dir] .MainMenu--menuButton--2eJBA:after, [dir] .MainMenu--menuButton--2eJBA:before{background:#fff}.MainMenu--icon--KnYY0{display:inline-block;height:3px;width:30px;transition:.3s;position:relative}[dir] .MainMenu--icon--KnYY0{border-radius:2px;margin:3px 0 12px}[dir] .MainMenu--icon--KnYY0.MainMenu--active--1y_DU{background:transparent;margin:0}.MainMenu--icon--KnYY0.MainMenu--active--1y_DU:after,.MainMenu--icon--KnYY0.MainMenu--active--1y_DU:before{top:0;width:30px}[dir] .MainMenu--icon--KnYY0.MainMenu--active--1y_DU:after, [dir] .MainMenu--icon--KnYY0.MainMenu--active--1y_DU:before{transform-origin:50% 50%;background:#fff}[dir=ltr] .MainMenu--icon--KnYY0.MainMenu--active--1y_DU:before{transform:rotate(45deg)}[dir=rtl] .MainMenu--icon--KnYY0.MainMenu--active--1y_DU:before{transform:rotate(-45deg)}[dir=ltr] .MainMenu--icon--KnYY0.MainMenu--active--1y_DU:after{transform:rotate(-45deg)}[dir=rtl] .MainMenu--icon--KnYY0.MainMenu--active--1y_DU:after{transform:rotate(45deg)}.MainMenu--icon--KnYY0:after,.MainMenu--icon--KnYY0:before{display:inline-block;height:3px;transition:.3s;content:"";position:absolute;width:100%;max-width:30px}[dir] .MainMenu--icon--KnYY0:after, [dir] .MainMenu--icon--KnYY0:before{border-radius:2px;background:#fff;transform-origin:2px center}[dir=ltr] .MainMenu--icon--KnYY0:after, [dir=ltr] .MainMenu--icon--KnYY0:before{left:0}[dir=rtl] .MainMenu--icon--KnYY0:after, [dir=rtl] .MainMenu--icon--KnYY0:before{right:0}.MainMenu--icon--KnYY0:before{top:8px}.MainMenu--icon--KnYY0:after{top:-8px}.MainMenu--hiddenLabel--OLPHi{clip:rect(0 0 0 0);height:1px;overflow:hidden;position:absolute;width:1px}[dir] .MainMenu--hiddenLabel--OLPHi{border:0;margin:-1px;padding:0}[dir] .MainMenu--categoryMenu--3uckv{padding:14px 0 30px}.MainMenu--title--2W4pS{font-weight:700;font-size:1rem;text-transform:uppercase}[dir] .MainMenu--navigationItem--3qV7j, [dir] .MainMenu--title--2W4pS{background-color:initial}.MainMenu--navigationItem--3qV7j{display:block;color:#000!important}[dir] .MainMenu--navigationItem--3qV7j{padding:6px 0}.MainMenu--navigationItem--3qV7j:active,.MainMenu--navigationItem--3qV7j:focus,.MainMenu--navigationItem--3qV7j:hover{color:#1b4de4}[dir] .MainMenu--navigationItem--3qV7j:focus{background:#fff}.MainMenu--navLinkIcon--3Q1un{display:inline-block;fill:#1b4de4;width:16px}[dir=ltr] .MainMenu--navLinkIcon--3Q1un{margin-left:6px}[dir=rtl] .MainMenu--navLinkIcon--3Q1un{margin-right:6px}.AccountLinks--AccountLinks--3T5c9{position:relative}[dir=ltr] .AccountLinks--AccountLinks--3T5c9{padding:0 0 0 15px}[dir=rtl] .AccountLinks--AccountLinks--3T5c9{padding:0 15px 0 0}.AccountLinks--AccountLink--3jMzB{height:50px!important;font-size:.875rem!important;width:200px!important;font-weight:600;color:#000!important}[dir] .AccountLinks--AccountLink--3jMzB{padding:15px 24px!important}[dir] .AccountLinks--AccountLink--3jMzB:first-child{border-top:none!important}.AccountLinks--AccountLink--3jMzB:active,.AccountLinks--AccountLink--3jMzB:hover{color:#1b4de4!important}.AccountLinks--ExistingAccountLink--u-mwR{font-size:.875rem!important;font-weight:500;color:#000!important;white-space:nowrap}[dir] .AccountLinks--ExistingAccountLink--u-mwR{padding:13px 21px 15px!important}[dir] .AccountLinks--ExistingAccountLink--u-mwR:first-child{border-top:none!important;padding-top:12px!important;padding-bottom:12px!important}.AccountLinks--ExistingAccountLink--u-mwR:hover .AccountLinks--loginLink--1UZnx{text-decoration:underline}.AccountLinks--ExistingAccountLinkWrapper--2bc00{min-height:44px}[dir] .AccountLinks--ExistingAccountLinkWrapper--2bc00{padding:0!important}.AccountLinks--ExistingAccountLinkWrapper--2bc00 .AccountLinks--ExistingAccountLink--u-mwR{width:100%}[dir] .AccountLinks--ExistingAccountLinkWrapper--2bc00 .AccountLinks--ExistingAccountLink--u-mwR{padding-bottom:15px}[dir=ltr] .AccountLinks--ExistingAccountLinkWrapper--2bc00 .AccountLinks--ExistingAccountLink--u-mwR{text-align:left}[dir=rtl] .AccountLinks--ExistingAccountLinkWrapper--2bc00 .AccountLinks--ExistingAccountLink--u-mwR{text-align:right}.AccountLinks--PremiumLink--218wL{color:#000!important}[dir=ltr] .AccountLinks--PremiumLink--218wL{border-top-left-radius:5px;border-top-right-radius:5px}[dir=rtl] .AccountLinks--PremiumLink--218wL{border-top-right-radius:5px;border-top-left-radius:5px}.AccountLinks--PremiumLink--218wL,.AccountLinks--SignUpLink--1aoDr{font-size:.875rem!important}[dir] .AccountLinks--PremiumLink--218wL, [dir] .AccountLinks--SignUpLink--1aoDr{padding:15px 20px!important}.AccountLinks--SignUpLink--1aoDr{color:#2b2b2b!important}[dir] .AccountLinks--SignUpLink--1aoDr{background-color:#ebecee}.AccountLinks--linksMenuInner--1GnW8,.AccountLinks--premiumMenuInner--12pdj{max-width:270px!important;min-width:235px;top:15px}[dir] .AccountLinks--linksMenuInner--1GnW8, [dir] .AccountLinks--premiumMenuInner--12pdj{margin-top:0!important}[dir=ltr] .AccountLinks--linksMenuInner--1GnW8, [dir=ltr] .AccountLinks--premiumMenuInner--12pdj{right:15px!important;left:auto}[dir=rtl] .AccountLinks--linksMenuInner--1GnW8, [dir=rtl] .AccountLinks--premiumMenuInner--12pdj{left:15px!important;right:auto}.AccountLinks--loginLink--1UZnx{color:#1b4de4}.AccountLinks--accountButtonInner--3fU0J{flex-shrink:0;color:#fff;display:flex}[dir] .AccountLinks--accountButtonInner--3fU0J{background:transparent!important}[dir=ltr] .AccountLinks--accountButtonInner--3fU0J span{padding:0 10px 0 5px!important}[dir=rtl] .AccountLinks--accountButtonInner--3fU0J span{padding:0 5px 0 10px!important}.AccountLinks--premiumText--2SEbG{height:13px;width:72px}.AccountLinks--accountButton--17iFL,.AccountLinks--premiumText--2SEbG{text-transform:uppercase;white-space:nowrap}.AccountLinks--accountButton--17iFL{font-size:.625rem;font-weight:600;letter-spacing:.7;height:24px;color:#000}[dir] .AccountLinks--accountButton--17iFL{background-color:#fff;border-radius:20px;padding:0 7px!important}.AccountLinks--premiumCheck--1UINs{position:absolute;width:15px!important}[dir] .AccountLinks--premiumCheck--1UINs{margin-top:-16px}[dir=ltr] .AccountLinks--premiumCheck--1UINs{margin-left:-6px}[dir=rtl] .AccountLinks--premiumCheck--1UINs{margin-right:-6px}.AccountLinks--signUpButton--M1tmh{display:block;width:125px;color:#1b4de4;font-size:.875rem;font-weight:600;letter-spacing:-.28px}[dir] .AccountLinks--signUpButton--M1tmh{background-color:#fff;border-color:#1b4de4;padding:8px 10px!important;text-align:center}[dir=ltr] .AccountLinks--signUpButton--M1tmh{margin-left:1px!important}[dir=rtl] .AccountLinks--signUpButton--M1tmh{margin-right:1px!important}.AccountLinks--checkMarkIcon--30ahu{height:21px!important;width:14px!important;color:#1b4de4}[dir=ltr] .AccountLinks--checkMarkIcon--30ahu{padding:0 9px 0 1px}[dir=rtl] .AccountLinks--checkMarkIcon--30ahu{padding:0 1px 0 9px}.AccountLinks--greenCheckMarkIcon--1609P{width:12px!important}.AccountLinks--header--21hk8{display:block}.AccountLinks--title--lRHOC{display:inline-block;font-size:1.25rem!important}[dir] .AccountLinks--title--lRHOC{margin-top:0!important;margin-bottom:.5em!important}.AccountLinks--subTitle--2a3qO,.AccountLinks--title--lRHOC{font-weight:600;letter-spacing:.38px;color:#000!important}.AccountLinks--subTitle--2a3qO{font-size:1rem!important}[dir=ltr] .AccountLinks--subTitle--2a3qO{padding-left:5px}[dir=rtl] .AccountLinks--subTitle--2a3qO{padding-right:5px}.AccountLinks--arrowIcon--2yLRx{display:flex;align-self:baseline;width:28px!important;fill:#fff!important}[dir] .AccountLinks--arrowIcon--2yLRx{padding:0}[dir=ltr] .AccountLinks--arrowIcon--2yLRx{margin-left:auto;margin-right:27px}[dir=rtl] .AccountLinks--arrowIcon--2yLRx{margin-right:auto;margin-left:27px}.AccountLinks--iconDiv--1ixOJ{display:flex;justify-content:flex-end;height:19px}[dir] .AccountLinks--iconDiv--1ixOJ{background-color:initial;margin-top:-17px}.AccountLinks--text--2LINT{display:inline-flex;width:220px;font-weight:500;flex-wrap:wrap}[dir=ltr] .AccountLinks--text--2LINT{padding-right:15px}[dir=rtl] .AccountLinks--text--2LINT{padding-left:15px}.AccountLinks--textBlock--Wq3hZ{column-count:2}[dir] .AccountLinks--textBlock--Wq3hZ{padding-bottom:5px}.AccountLinks--standardText--2KYYp{display:inline-flex;font-size:.875rem;font-weight:500}[dir] .AccountLinks--standardText--2KYYp{padding-bottom:5px}[dir=ltr] .AccountLinks--standardText--2KYYp{padding-left:2px}[dir=rtl] .AccountLinks--standardText--2KYYp{padding-right:2px}.ListItem--listItem--2wQRK{display:block;text-decoration:none;color:#2b2b2b!important;box-sizing:border-box}[dir] .ListItem--listItem--2wQRK{padding:10px 16px;border-top:1px solid #dedede!important}.ListItem--listItem--2wQRK:focus{color:#fff;outline:5px auto #1b4de4}[dir] .ListItem--listItem--2wQRK:first-child{border-top:none}[dir] .ListItem--listItem--2wQRK.ListItem--outerBorder--3YSZm:first-child{border-top:1px solid #dedede!important}[dir] .ListItem--listItem--2wQRK.ListItem--outerBorder--3YSZm:last-child{border-bottom:1px solid #dedede!important}[dir] .ListItem--listItem--2wQRK.ListItem--disableBorder--DPmOK{border-top:none!important;border-bottom:none!important}button.ListItem--listItem--2wQRK{width:100%}[dir=ltr] button.ListItem--listItem--2wQRK{text-align:left}[dir=rtl] button.ListItem--listItem--2wQRK{text-align:right}.Disclosure--Summary--UuybP{list-style:none;box-sizing:border-box}[dir] .Disclosure--Summary--UuybP{cursor:pointer;padding:10px 16px}.Disclosure--Summary--UuybP::-webkit-details-marker{display:none}.Disclosure--SummaryDefault--3xAWB{display:flex;align-items:center;justify-content:space-between;flex-direction:row}.Disclosure--SummaryIcon--1kGJk{fill:#1b4de4;width:18px!important;flex-shrink:0}[dir=ltr] .Disclosure--SummaryIcon--1kGJk{margin-left:16px}[dir=rtl] .Disclosure--SummaryIcon--1kGJk{margin-right:16px}.Mobile .Disclosure--SummaryIcon--1kGJk{position:relative}[dir=ltr] .Mobile .Disclosure--SummaryIcon--1kGJk{right:-3px}[dir=rtl] .Mobile .Disclosure--SummaryIcon--1kGJk{left:-3px}[dir] .Disclosure--themeList--25Q0H{border-top:1px solid #dedede}.Disclosure--themeList--25Q0H .Disclosure--Summary--UuybP{color:#2b2b2b}.Disclosure--themeList--25Q0H .Disclosure--Summary--UuybP:focus{outline:1px dotted #212121;outline:5px auto -webkit-focus-ring-color}[dir] .Disclosure--themeList--25Q0H[open]>.Disclosure--Summary--UuybP:not(.Disclosure--hideBorderOnSummaryOpen--ZdSDc){border-bottom:1px solid #dedede}[dir] .Disclosure--themeList--25Q0H.Disclosure--disableBorder--24EOy{border-top:none!important}[dir] .Disclosure--themeList--25Q0H:first-child{border-top:0}[dir] .Disclosure--themeList--25Q0H.Disclosure--outerBorder--3dRUK:first-child{border-top:1px solid #dedede}[dir] .Disclosure--themeList--25Q0H.Disclosure--outerBorder--3dRUK:last-child{border-bottom:1px solid #dedede}.Disclosure--positionShowOpenSummaryContainer--Qou6d{position:relative}[dir] .Disclosure--positionShowOpenSummaryContainer--Qou6d{padding-bottom:0}.Disclosure--positionShowOpenSummaryContainer--Qou6d .Disclosure--positionShowOpenSummary--C1hiI{height:15px}.Disclosure--positionShowOpenSummaryContainer--Qou6d .Disclosure--positionShowOpenSummary--C1hiI .Disclosure--SummaryIcon--1kGJk{position:absolute;top:20px}[dir=ltr] .Disclosure--positionShowOpenSummaryContainer--Qou6d .Disclosure--positionShowOpenSummary--C1hiI .Disclosure--SummaryIcon--1kGJk{right:16px}[dir=rtl] .Disclosure--positionShowOpenSummaryContainer--Qou6d .Disclosure--positionShowOpenSummary--C1hiI .Disclosure--SummaryIcon--1kGJk{left:16px}.Disclosure--positionShowOpenSummaryContainer--Qou6d:focus{outline:none!important}.Disclosure--positionShowOpenSummaryContainer--Qou6d:focus .Disclosure--SummaryIcon--1kGJk{outline:5px auto #1b4de4}[dir] .Disclosure--contentBgGray--1v8-j{background:#f1f1f1}[dir=ltr] .LargeScreen .Disclosure--SummaryIcon--1kGJk{margin-left:6px}[dir=rtl] .LargeScreen .Disclosure--SummaryIcon--1kGJk{margin-right:6px}@media screen and (max-width:320px){.Disclosure--SummaryIcon--1kGJk{width:9.75px!important}[dir=ltr] .Disclosure--SummaryIcon--1kGJk{margin-left:0;right:-15px!important}[dir=rtl] .Disclosure--SummaryIcon--1kGJk{margin-right:0;left:-15px!important}.Disclosure--positionShowOpenSummaryContainer--Qou6d .Disclosure--positionShowOpenSummary--C1hiI .Disclosure--SummaryIcon--1kGJk{position:absolute;top:15px}[dir=ltr] .Disclosure--positionShowOpenSummaryContainer--Qou6d .Disclosure--positionShowOpenSummary--C1hiI .Disclosure--SummaryIcon--1kGJk{right:1px!important}[dir=rtl] .Disclosure--positionShowOpenSummaryContainer--Qou6d .Disclosure--positionShowOpenSummary--C1hiI .Disclosure--SummaryIcon--1kGJk{left:1px!important}}[dir] .CountryList--Summary--CQ0mX{padding:10px 31px!important}[dir=ltr] .CountryList--DisclosureLink--2_CS1{padding:10px 15px 10px 60px!important}[dir=rtl] .CountryList--DisclosureLink--2_CS1{padding:10px 60px 10px 15px!important}@media screen and (min-width:768px){[dir] .CountryList--DisclosureLink--2_CS1{padding:7px 0!important}}@media screen and (min-width:768px){.CountryList--listContainer--22BSI{column-width:300px}[dir] .CountryList--listContainer--22BSI{padding:10px 33px}}.UnitSelector--UnitSelector--3kjjU{display:flex;align-items:flex-start}[dir] .UnitSelector--UnitSelector--3kjjU{padding:0 30px 20px}.UnitSelector--UnitSelectorHeading--6J4Up{display:inline-block;position:relative;font-size:.875rem;font-weight:400}[dir] .UnitSelector--UnitSelectorHeading--6J4Up{margin:0}[dir=ltr] .UnitSelector--UnitSelectorHeading--6J4Up{padding:3px 5px 0 0}[dir=rtl] .UnitSelector--UnitSelectorHeading--6J4Up{padding:3px 0 0 5px}.UnitSelector--TabListWrapper--2P9kq{display:inline-block}[dir] .UnitSelector--UnitSelectorTabList--2IR0h{margin:0}.UnitSelector--UnitSelectorButtonList--2CI6c{display:flex;align-items:center}.UnitSelector--UnitSelectorTabs--FdQhC{font-size:1rem!important}.UnitSelector--UnitSelectorButton--3T5e1{outline:none;position:relative;font-size:1rem;height:32px;width:32px;line-height:2em;color:#6f7585}[dir] .UnitSelector--UnitSelectorButton--3T5e1{background-color:#fff;text-align:center;cursor:pointer;border:1px solid #dedede;border-radius:100%}.UnitSelector--UnitSelectorButton--3T5e1.UnitSelector--selected--G1371{color:#fff}[dir] .UnitSelector--UnitSelectorButton--3T5e1.UnitSelector--selected--G1371{background-color:#1b4de4;border:1px solid #1b4de4}[dir=ltr] .UnitSelector--UnitSelectorButton--3T5e1:focus{background-image:linear-gradient(90deg,rgba(27,77,228,.2),rgba(27,77,228,.1))}[dir=rtl] .UnitSelector--UnitSelectorButton--3T5e1:focus{background-image:linear-gradient(-90deg,rgba(27,77,228,.2),rgba(27,77,228,.1))}[dir=ltr] .UnitSelector--UnitSelectorButton--3T5e1:first-child{margin-right:8px}[dir=rtl] .UnitSelector--UnitSelectorButton--3T5e1:first-child{margin-left:8px}.UnitSelector--UnitSelectorButtonTextC--3bate,.UnitSelector--UnitSelectorButtonTextF--2KVHq{position:absolute;top:-1px}[dir=ltr] .UnitSelector--UnitSelectorButtonTextC--3bate{left:4px}[dir=rtl] .UnitSelector--UnitSelectorButtonTextC--3bate{right:4px}[dir=ltr] .UnitSelector--UnitSelectorButtonTextF--2KVHq{left:6px}[dir=rtl] .UnitSelector--UnitSelectorButtonTextF--2KVHq{right:6px}.UnitSelector--UnitSelectorPanel--QINRG{font-size:.6875rem}[dir] .UnitSelector--UnitSelectorPanel--QINRG{text-align:center;padding-top:5px}.UnitSelector--divider--18ehy{color:#6f7585;font-size:1.125rem}[dir=ltr] .UnitSelector--divider--18ehy{margin-right:5px}[dir=rtl] .UnitSelector--divider--18ehy{margin-left:5px}.ExpandableMenu--ExpandableMenu--2HGl7{pointer-events:none;width:100%;z-index:300;top:100%;position:absolute}.ExpandableMenu--ExpandableMenu--2HGl7.ExpandableMenu--open--2oMlM{pointer-events:auto}.ExpandableMenu--ExpandableMenu--2HGl7.ExpandableMenu--fullWidth--1M1DN{width:100vw}[dir=ltr] .ExpandableMenu--ExpandableMenu--2HGl7.ExpandableMenu--fullWidth--1M1DN{left:50%;transform:translate(-50%,50%)}[dir=rtl] .ExpandableMenu--ExpandableMenu--2HGl7.ExpandableMenu--fullWidth--1M1DN{right:50%;transform:translate(50%,50%)}.ExpandableMenu--inner--39JQs{color:#2b2b2b;transition:clip .3s cubic-bezier(.4,0,.2,1),opacity .3s cubic-bezier(.4,0,.2,1);opacity:0}.ExpandableMenu--inner--39JQs.ExpandableMenu--fullWidthInner--1_Onm{width:100%}[dir] .ExpandableMenu--inner--39JQs.ExpandableMenu--bottomRoundBorder--NTgMw{border-radius:0 0 6px 6px}[dir] .ExpandableMenu--inner--39JQs.ExpandableMenu--allRoundBorder--1fa7X{border-radius:6px}.ExpandableMenu--inner--39JQs.ExpandableMenu--fullWidthInner--1_Onm>*{max-width:1280px}[dir] .ExpandableMenu--inner--39JQs.ExpandableMenu--fullWidthInner--1_Onm>*{margin:auto}[dir] .ExpandableMenu--innerPadding--1vQiV{padding:10px 15px}[dir=ltr] .ExpandableMenu--ExpandableMenu--2HGl7.ExpandableMenu--reverse--3t0b2>.ExpandableMenu--inner--39JQs{left:auto;right:0}[dir=rtl] .ExpandableMenu--ExpandableMenu--2HGl7.ExpandableMenu--reverse--3t0b2>.ExpandableMenu--inner--39JQs{right:auto;left:0}.ExpandableMenu--ExpandableMenu--2HGl7.ExpandableMenu--open--2oMlM>.ExpandableMenu--inner--39JQs{opacity:1}[dir] .ExpandableMenu--ExpandableMenu--2HGl7.ExpandableMenu--open--2oMlM>.ExpandableMenu--inner--39JQs{background-color:#fff}.ExpandableMenu--outline--CVSXy{transition:transform .3s cubic-bezier(.4,0,.2,1),opacity .3s cubic-bezier(.4,0,.2,1);position:absolute;top:0;display:block;opacity:0}[dir] .ExpandableMenu--outline--CVSXy{box-shadow:0 2px 12px 0 rgba(0,0,0,.2);transform:scaleY(0)}[dir=ltr] .ExpandableMenu--outline--CVSXy{left:0;transform-origin:0 0}[dir=rtl] .ExpandableMenu--outline--CVSXy{right:0;transform-origin:100% 0}.ExpandableMenu--ExpandableMenu--2HGl7.ExpandableMenu--open--2oMlM>.ExpandableMenu--outline--CVSXy{opacity:1}[dir] .ExpandableMenu--ExpandableMenu--2HGl7.ExpandableMenu--open--2oMlM>.ExpandableMenu--outline--CVSXy{transform:scaleY(1)}[dir=ltr] .ExpandableMenu--ExpandableMenu--2HGl7.ExpandableMenu--reverse--3t0b2>.ExpandableMenu--outline--CVSXy{left:auto;right:0}[dir=rtl] .ExpandableMenu--ExpandableMenu--2HGl7.ExpandableMenu--reverse--3t0b2>.ExpandableMenu--outline--CVSXy{right:auto;left:0}[dir] .LanguageSelector--LanguageSelector--2-lpw{padding:10px 0 0}.LanguageSelector--LanguageSelectorMenu--274U0{position:absolute}[dir] .LanguageSelector--LanguageSelectorMenu--274U0 .LanguageSelector--LanguageSection--3gFMn:last-child{border-bottom:none}.LanguageSelector--LanguageSelectorStatus--mXkYQ{display:inline-block;font-size:1rem}[dir] .LanguageSelector--LanguageSelectorStatus--mXkYQ{margin:0}.LanguageSelector--Summary--58hmO{font-size:1.125rem;font-weight:700;text-transform:uppercase}[dir] .LanguageSelector--Summary--58hmO{padding:10px 31px!important}.LanguageSelector--Summary--58hmO:hover{color:#1b4de4!important}[dir] .LanguageSelector--Summary--58hmO:hover{cursor:pointer}[dir] .LanguageSelector--Content--YveVL{padding:10px 21px!important}[dir] .LanguageSelector--RegionBlock--3xzbe{padding:10px 10px 30px!important}.LanguageSelector--RegionLink--2I-tU{color:#000;line-height:1.3em}[dir] .LanguageSelector--RegionLink--2I-tU{margin:0}.LanguageSelector--RegionLink--2I-tU:active,.LanguageSelector--RegionLink--2I-tU:focus,.LanguageSelector--RegionLink--2I-tU:hover{color:#1b4de4!important}[dir] .LanguageSelector--RegionLink--2I-tU:focus{background-color:initial!important}.LanguageSelector--RegionLink--2I-tU>*{display:block;font-size:.875rem}[dir] .LanguageSelector--RegionLink--2I-tU>*{padding:10px}.LanguageSelector--RegionLink--2I-tU>:active,.LanguageSelector--RegionLink--2I-tU>:hover{color:#1b4de4}@media(min-width:769px){[dir] .LanguageSelector--RegionBlock--3xzbe{padding:10px 10px 30px}}[dir] .LanguageSelector--LocalizationMenu--3M9Om{padding:0 10px!important}.LanguageSelector--menuButtonInner--1PGXt{flex-shrink:0;font-size:.875rem;color:#fff;display:flex;align-items:center}[dir] .LanguageSelector--menuButtonInner--1PGXt{background:transparent!important}[dir] .LanguageSelector--menuButtonInner--1PGXt span{padding:0 10px}.LanguageSelector--globeIcon--7F9Pf{width:24px}[dir=ltr] .LanguageSelector--globeIcon--7F9Pf{padding:0 0 0 10px}[dir=rtl] .LanguageSelector--globeIcon--7F9Pf{padding:0 10px 0 0}.LanguageSelector--arrowIcon--3mk5k{width:17px!important}[dir=ltr] .LanguageSelector--arrowIcon--3mk5k{padding-left:5px}[dir=rtl] .LanguageSelector--arrowIcon--3mk5k{padding-right:5px}.LanguageSelector--unitDisplay--23xY5{font-size:1rem}[dir=ltr] .LanguageSelector--unitDisplay--23xY5{border-left:1px solid #fff}[dir=rtl] .LanguageSelector--unitDisplay--23xY5{border-right:1px solid #fff}[dir] .LanguageSelector--titleSection--1_nPc{padding:20px;background-color:hsla(0,0%,100%,.25)}@media(min-width:769px){[dir] .LanguageSelector--titleSection--1_nPc{padding:20px 30px}}[dir] .LanguageSelector--unitSelectorContainer--W3U-M{padding:0!important}[dir] .LanguageSelector--unitSelectorWrapper--2c_s6{padding:10px 30px}.RecentLocationTitle--RecentLocationTitle--3wSzC{display:flex;flex-flow:row nowrap;justify-content:space-between;align-items:center}[dir] .RecentLocationTitle--RecentLocationTitle--3wSzC{padding:16px 16px 10px}.RecentLocationTitle--RecentLocationTitleText--1CK3j{font-size:1.125rem;font-weight:700;text-transform:uppercase;color:#2b2b2b}[dir=ltr] .RecentLocationTitle--RecentLocationTitleText--1CK3j{margin:0 10px 0 0}[dir=rtl] .RecentLocationTitle--RecentLocationTitleText--1CK3j{margin:0 0 0 10px}.RecentLocationTitle--RecentLocationTitleClearButton--tg4mu{font-size:.875rem}[dir] .RecentLocationTitle--RecentLocationTitleClearButton--tg4mu{cursor:pointer}.SearchResults--SearchResults--LUsso{color:#2b2b2b;display:none;overflow:auto;scroll-behavior:smooth}[dir] .SearchResults--SearchResults--LUsso{background-color:#fff!important}.SearchResults--SearchResults--LUsso.SearchResults--alwaysOpen--2u6bA{display:block}.SearchResults--SearchResults--LUsso.SearchResults--open--ZXS7f{display:block;position:absolute;top:calc(100% + 5px);width:100%}.SearchResults--ListboxOption--EhXod{font-size:.875rem}.SearchResults--ListboxOption--EhXod:focus,.SearchResults--ListboxOption--EhXod:hover{color:#fff!important;outline:none!important}[dir] .SearchResults--ListboxOption--EhXod:focus, [dir] .SearchResults--ListboxOption--EhXod:hover{background-color:#1b4de4!important}[dir] .SearchResults--NoResults--3q1Yh{padding:10px 16px}[dir] .SearchResults--roundedCorners--1Qz8-{border-radius:6px}[dir] .SearchResults--shadow--c3ZQy{box-shadow:0 0 12px 0 rgba(0,0,0,.2)}.Accessibility--visuallyHidden--2uGW3{position:absolute!important;height:1px;width:1px;overflow:hidden;clip:rect(1px,1px,1px,1px);white-space:nowrap}.SearchInput--SearchInput--ce1vD{position:relative}.SearchInput--InputField--73wGA{width:100%;height:100%;color:#fff;font-size:.875rem;-webkit-tap-highlight-color:#1b4de4;box-sizing:border-box}[dir] .SearchInput--InputField--73wGA{padding:5px 6px;border:0;border-radius:20px;background:hsla(0,0%,100%,.2);text-align:center}.SearchInput--InputField--73wGA::placeholder{color:#fff;opacity:1;transition:opacity .3s ease-in-out;text-overflow:ellipsis;overflow:hidden;white-space:nowrap}.SearchInput--InputField--73wGA:focus{outline:5px auto #fff}.SearchInput--InputField--73wGA:focus::placeholder{opacity:0;transition:opacity .3s ease-in-out}[dir=ltr] .SearchInput--enableSearchIcon--1PPc1 .SearchInput--InputField--73wGA{padding-right:38px}[dir=rtl] .SearchInput--enableSearchIcon--1PPc1 .SearchInput--InputField--73wGA{padding-left:38px}.SearchInput--searchIcon--1_HVj{position:absolute;height:100%;top:50%}[dir] .SearchInput--searchIcon--1_HVj{transform:translateY(-50%)}[dir=ltr] .SearchInput--searchIcon--1_HVj{right:8px}[dir=rtl] .SearchInput--searchIcon--1_HVj{left:8px}.SearchCombobox--Combobox--2bl2b{position:relative}.Search--Search--1e_6v{width:100%;position:relative;box-sizing:border-box}.Search--SearchTrigger--1Q1yW{width:100%}[dir] .Search--SearchTrigger--1Q1yW{padding:0}[dir] .Search--ModalWrapper--1EtDY{background:none!important}.Search--ModalHeader--o2AfL{position:absolute;top:7px;z-index:1}[dir=ltr] .Search--ModalHeader--o2AfL{right:0}[dir=rtl] .Search--ModalHeader--o2AfL{left:0}.Search--ModalContent--1n3I3{display:flex;flex-flow:column nowrap;height:100%;justify-content:space-between;align-items:center}.Search--ModalCloseButtonIcon--11rEJ{width:30px}[dir=ltr] .Search--ModalCloseButtonIcon--11rEJ{margin-right:4px}[dir=rtl] .Search--ModalCloseButtonIcon--11rEJ{margin-left:4px}[dir=ltr] .Search--ModalSearchInput--3eIfG{padding:15px 50px 15px 26px}[dir=rtl] .Search--ModalSearchInput--3eIfG{padding:15px 26px 15px 50px}.Search--ModalCombobox--35C9v{width:100%;max-height:calc(100vh - 105px);display:flex;flex-flow:column nowrap;justify-content:flex-start}.Search--SearchModalFooterImage--2d1uZ{width:120px}[dir] .Search--SearchModalFooterImage--2d1uZ{padding:15px 0 5px}.LargeScreen .Search--Search--1e_6v{max-width:380px}[dir] .LargeScreen .Search--Search--1e_6v{margin:auto}.LargeScreen .Search--inputClass--2Grs8{font-size:1rem!important;height:38px}.Cobranding--Cobranding--qxN0M{position:relative}.Cobranding--Cobranding--qxN0M img{width:inherit;height:inherit}.Cobranding--divider--3ftL5{height:27px}[dir=ltr] .Cobranding--divider--3ftL5{border-left:2px solid #fff;margin-left:15px;margin-right:15px}[dir=rtl] .Cobranding--divider--3ftL5{border-right:2px solid #fff;margin-right:15px;margin-left:15px}.styles--root--LUo-4{flex-shrink:0}.styles--brand--2avDC{max-width:100%;height:22px;width:130px}.Icon--icon--3wCKh{display:inline-block;height:auto;width:24px}[dir=rtl] .Icon--icon--3wCKh[name*=left],[dir=rtl] .Icon--icon--3wCKh[name*=right]{transform:scaleX(-1)}.Icon--actionTheme--sZu_q{fill:#1b4de4;color:#1b4de4}.Icon--darkTheme--3iVDF{fill:#2b2b2b;color:#2b2b2b}.Icon--lightTheme--3NMAI{fill:#fff;color:#fff;--color-moon:#fff;--color-cloud:#fff;--color-star:#fff;--color-fog:#fff;--color-wind:#fff;--color-sun:#fff;--color-lightning:#fff;--color-snowflake:#fff;--color-hail:#fff;--color-thunderstorm-mask:#2b2b2b}.Icon--severeTheme--2xYyF{fill:#da291c;color:#da291c}.Icon--grayTheme--3wIXj{fill:#757575;color:#757575}.Icon--fullTheme--3ns8p{--color-moon:#e3e3e3;--color-star:#e3e3e3;--color-cloud:#d3d3d3;--color-na:#d3d3d3;--color-fog:#d3d3d3;--color-hail:#d3d3d3;--color-tornado:#d3d3d3;--color-wind:#d3d3d3;--color-storm:#d3d3d3;--color-lightning:#ebdb00;--color-sun:#ebdb00;--color-drop:#6adef8;--color-snowflake:#d3d3d3;--color-thunderstorm-mask:#2b2b2b}.Button--primary--1UQTP,.Button--secondary--2gaC_{display:inline-block;text-decoration:none;line-height:1.15;font-size:.8125rem;font-weight:700;outline:none;white-space:nowrap;-webkit-tap-highlight-color:var(--backgroundActive)}[dir] .Button--primary--1UQTP, [dir] .Button--secondary--2gaC_{border:none;border-radius:16px;padding:8px 14px;margin:5px;cursor:pointer}.Button--primary--1UQTP:focus,.Button--secondary--2gaC_:focus{outline:var(--backgroundActive) auto 5px}.Button--primary--1UQTP{color:var(--primaryButtonText)}[dir] .Button--primary--1UQTP{background-color:var(--primaryButtonBackground);border:1px solid var(--primaryButtonBackground)}[dir] .Button--primary--1UQTP:active, [dir] .Button--primary--1UQTP:focus, [dir] .Button--primary--1UQTP:hover{box-shadow:0 0 5px 0 rgba(27,77,228,.8)}.Button--secondary--2gaC_{color:var(--secondaryButtonText)}[dir] .Button--secondary--2gaC_{background-color:var(--secondaryButtonBackground);border:1px solid var(--borderDefault)}[dir] .Button--secondary--2gaC_:active, [dir] .Button--secondary--2gaC_:focus, [dir] .Button--secondary--2gaC_:hover{box-shadow:0 0 12px 0 rgba(0,0,0,.2)}.Button--default--3zkvy{color:var(--buttonText);text-decoration:none}[dir] .Button--default--3zkvy{border:none;background:none;cursor:pointer}.Button--iconOnly--25rWi{line-height:0}[dir] .Button--iconOnly--25rWi{border-radius:50%;padding:5px}.Button--disabled--3sMGV{opacity:.3;pointer-events:none}.MainMenuHeader--MainMenuHeader--1T0Qd{color:#fff;width:100%;position:relative;z-index:204}.MainMenuHeader--wrapper--2ZR4A{position:relative;max-width:1280px;box-sizing:border-box;display:flex;flex:1 0 auto;align-items:center;height:82px}[dir] .MainMenuHeader--wrapper--2ZR4A{margin:0 auto}[dir=ltr] .MainMenuHeader--wrapper--2ZR4A{padding:11px 11px 11px 6px}[dir=rtl] .MainMenuHeader--wrapper--2ZR4A{padding:11px 6px 11px 11px}.MainMenuHeader--accessibilityLink--2yANH{position:absolute;top:-10000px}[dir=ltr] .MainMenuHeader--accessibilityLink--2yANH{left:-10000px}[dir=rtl] .MainMenuHeader--accessibilityLink--2yANH{right:-10000px}.MainMenuHeader--accessibilityLink--2yANH:focus{top:80px}[dir=ltr] .MainMenuHeader--accessibilityLink--2yANH:focus{left:5px}[dir=rtl] .MainMenuHeader--accessibilityLink--2yANH:focus{right:5px}.MainMenuHeader--ibmLogo--3mcYE{display:flex;flex-shrink:0;align-self:center}[dir=ltr] .MainMenuHeader--ibmLogo--3mcYE{padding:0 4px 0 12px}[dir=rtl] .MainMenuHeader--ibmLogo--3mcYE{padding:0 12px 0 4px}.MainMenuHeader--cobranding--3f2qe,.MainMenuHeader--cobranding--3f2qe img{max-height:24px}.MainMenuHeader--navigation--3Oi4O{display:flex;flex-shrink:0}.MainMenuHeader--navigation--3Oi4O>*{display:flex;align-items:center}[dir] .MainMenuHeader--navigation--3Oi4O>*{padding:0 15px}[dir=ltr] .MainMenuHeader--navigation--3Oi4O>:first-child{border-left:0}[dir=rtl] .MainMenuHeader--navigation--3Oi4O>:first-child{border-right:0}.MainMenuHeader--twcLogo--1oRKo{width:60px!important;height:60px!important}.MainMenuHeader--wrapperLeft--3YkPC,.MainMenuHeader--wrapperRight--1doyc{display:flex;align-items:center}[dir=ltr] .MainMenuHeader--wrapperLeft--3YkPC{padding-right:30px}[dir=rtl] .MainMenuHeader--wrapperLeft--3YkPC{padding-left:30px}.MainMenuHeader--wrapperRight--1doyc{flex:1 1 auto}.HeaderLargeScreen--HeaderLargeScreen--j5pd4{display:flex;align-items:center;flex-flow:row nowrap;justify-content:space-between;width:100%;box-sizing:border-box}.HeaderLargeScreen--primaryBranding--3qZ8v{position:relative;height:40px;width:40px}[dir] .HeaderLargeScreen--primaryBranding--3qZ8v{margin:10px}.HeaderLargeScreen--primaryBranding--3qZ8v svg{height:60px;width:60px}.HeaderLargeScreen--cobranding--r9FiU{height:20px}[dir=ltr] .HeaderLargeScreen--cobranding--r9FiU{margin-right:7px}[dir=rtl] .HeaderLargeScreen--cobranding--r9FiU{margin-left:7px}.HeaderLargeScreen--MainMenuContainer--2Pzna{position:absolute}.HeaderLargeScreen--MainMenuButtonIcon--2IIhJ{width:32px!important}[dir=ltr] .HeaderLargeScreen--MainMenuButtonIcon--2IIhJ{margin-right:4px}[dir=rtl] .HeaderLargeScreen--MainMenuButtonIcon--2IIhJ{margin-left:4px}.gradientText{color:#fff}[dir] .gradients--sunnyDay--17X6W{background-image:linear-gradient(#046f94 9%,#65b7c6)}[dir] .gradients--sunnyDay-top--ifCwS{background-color:#046f94}[dir] .gradients--sunnyDay-bottom--B8SRR{background-color:#65b7c6}[dir] .gradients--clearNight--3DcJJ{background-image:linear-gradient(#113076 9%,#157fba)}[dir] .gradients--clearNight-top--2QoL0{background-color:#113076}[dir] .gradients--clearNight-bottom--1DBsL{background-color:#157fba}[dir] .gradients--cloudyFoggyDay--VhVRw{background-image:linear-gradient(#6e3f98 9%,#d6ab97)}[dir] .gradients--cloudyFoggyDay-top--3QIS-{background-color:#6e3f98}[dir] .gradients--cloudyFoggyDay-bottom--2Htf5{background-color:#d6ab97}[dir] .gradients--cloudyFoggyNight--FbSHD{background-image:linear-gradient(#1a357c 9%,#99479b)}[dir] .gradients--cloudyFoggyNight-top--_hnEI{background-color:#1a357c}[dir] .gradients--cloudyFoggyNight-bottom--ZmWmE{background-color:#99479b}[dir] .gradients--rainyDay--1sYGm{background-image:linear-gradient(#004f69 9%,#47c061)}[dir] .gradients--rainyDay-top--2IkuP{background-color:#004f69}[dir] .gradients--rainyDay-bottom--sClpv{background-color:#47c061}[dir] .gradients--rainyNight--22XqF{background-image:linear-gradient(#003758 9%,#3da954)}[dir] .gradients--rainyNight-top--1OFbA{background-color:#003758}[dir] .gradients--rainyNight-bottom--2Xu6r{background-color:#3da954}[dir] .gradients--snowyIcyDay--3vXUP{background-image:linear-gradient(#125184 9%,#9cbcbd)}[dir] .gradients--snowyIcyDay-top--21a2H{background-color:#125184}[dir] .gradients--snowyIcyDay-bottom--3Ulu4{background-color:#9cbcbd}[dir] .gradients--snowyIcyNight--1meoe{background-image:linear-gradient(#113278 9%,#70a2a8)}[dir] .gradients--snowyIcyNight-top--ae9KA{background-color:#113278}[dir] .gradients--snowyIcyNight-bottom--2x20U{background-color:#70a2a8}[dir] .gradients--severe--11OmN{background-image:linear-gradient(#510000 9%,#ba0d00)}[dir] .gradients--severe-top--1I0--{background-color:#510000}[dir] .gradients--severe-bottom--2H1Ah{background-color:#ba0d00}[dir] .gradients--severe_home--1-oyG{background-image:linear-gradient(#fff,#fff)}[dir] .gradients--severe_home-bottom--3Hqgu, [dir] .gradients--severe_home-top--1i_Lu{background-color:#ba0d00}.gradients--severe_home--1-oyG .gradientText{color:#2b2b2b}[dir] .gradients--severe_home--1-oyG.gradients--severe_home--1-oyG{background-image:linear-gradient(#fff,#fff)}.gradients--severe_home--1-oyG.gradients--severe_home--1-oyG .gradientText{color:#2b2b2b}[dir] .gradients--default--3zN0l{background-image:linear-gradient(#05336b 9%,#0d5ab9)}[dir] .gradients--default-top--1EwzM{background-color:#05336b}[dir] .gradients--default-bottom--2Pyy7{background-color:#0d5ab9}[dir] .gradients--noGradient--2OnfT{background-image:linear-gradient(#fff,#fff)}[dir] .gradients--noGradient-top--a2-nE{background-color:#046f94}[dir] .gradients--noGradient-bottom--2Uf0S{background-color:#65b7c6}.gradients--noGradient--2OnfT .gradientText{color:#2b2b2b}@media only screen and (min-width:1440px){[dir] .gradients--sunnyDay--17X6W{background-image:linear-gradient(#69a9bf,#a3d4dd,#f8fcfd)}[dir] .gradients--sunnyDay-top--ifCwS{background-color:#046f94}[dir] .gradients--sunnyDay-bottom--B8SRR{background-color:#ebf5f7}[dir] .gradients--sunnyDay-contrast--ii9et{background-image:linear-gradient(#046f94,#3493ad)}[dir] .gradients--clearNight--3DcJJ{background-image:linear-gradient(#7183ad,#73b3d6,#f3f9fb)}[dir] .gradients--clearNight-top--2QoL0{background-color:#113076}[dir] .gradients--clearNight-bottom--1DBsL{background-color:#ebf5f7}[dir] .gradients--clearNight-contrast--3SHeE{background-image:linear-gradient(#113076,#135899)}[dir] .gradients--cloudyFoggyDay--VhVRw{background-image:linear-gradient(#a88cc2,#e7cdc1,#fcf9f7)}[dir] .gradients--cloudyFoggyDay-top--3QIS-{background-color:#6e3f98}[dir] .gradients--cloudyFoggyDay-bottom--2Htf5{background-color:#f9f4f1}[dir] .gradients--cloudyFoggyDay-contrast--3knbX{background-image:linear-gradient(#6e3f98,#a37697)}[dir] .gradients--cloudyFoggyNight--FbSHD{background-image:linear-gradient(#7686b1,#c291c3,#fcf9f7)}[dir] .gradients--cloudyFoggyNight-top--_hnEI{background-color:#1a357c}[dir] .gradients--cloudyFoggyNight-bottom--ZmWmE{background-color:#f9f4f1}[dir] .gradients--cloudyFoggyNight-contrast--3iLtZ{background-image:linear-gradient(#1a357c,#5a3e8c)}[dir] .gradients--rainyDay--1sYGm{background-image:linear-gradient(#6696a5,#91daa1,#f4fbf6)}[dir] .gradients--rainyDay-top--2IkuP{background-color:#004f69}[dir] .gradients--rainyDay-bottom--sClpv{background-color:#ecf8ef}[dir] .gradients--rainyDay-contrast--rZKxo{background-image:linear-gradient(#004f69,#238665)}[dir] .gradients--rainyNight--22XqF{background-image:linear-gradient(#66879b,#8bcc99,#f4fbf6)}[dir] .gradients--rainyNight-top--1OFbA{background-color:#003758}[dir] .gradients--rainyNight-bottom--2Xu6r{background-color:#ecf8ef}[dir] .gradients--rainyNight-contrast--2kLQk{background-image:linear-gradient(#003758,#1f7056)}[dir] .gradients--snowyIcyDay--3vXUP{background-image:linear-gradient(#7197b6,#c4d7d8,#e4e8e8)}[dir] .gradients--snowyIcyDay-top--21a2H{background-color:#125184}[dir] .gradients--snowyIcyDay-bottom--3Ulu4{background-color:#ecf2f2}[dir] .gradients--snowyIcyDay-contrast--39PB7{background-image:linear-gradient(#125184,#5a89a2)}[dir] .gradients--snowyIcyNight--1meoe{background-image:linear-gradient(#7184ae,#aac8cb,#e4e8e8)}[dir] .gradients--snowyIcyNight-top--ae9KA{background-color:#113278}[dir] .gradients--snowyIcyNight-bottom--2x20U{background-color:#ecf2f2}[dir] .gradients--snowyIcyNight-contrast--2Dh4k{background-image:linear-gradient(#113278,#456f92)}[dir] .gradients--severe--11OmN{background-image:linear-gradient(#f2cfcc,#fff)}[dir] .gradients--severe-top--1I0--{background-color:#ba0d00}[dir] .gradients--severe-bottom--2H1Ah{background-color:rgba(186,13,0,0)}[dir] .gradients--severe-contrast--3Wxgk{background-image:linear-gradient(#510000,#850600)}[dir] .gradients--default--3zN0l{background-image:linear-gradient(#6e9cd5,#fff)}[dir] .gradients--default-top--1EwzM{background-color:#05336b}[dir] .gradients--default-bottom--2Pyy7{background-color:#fff}[dir] .gradients--default-contrast--3k-5c{background-image:linear-gradient(#05336b,#094793)}}.BaseAd--adWrapper--2qtTX{overflow:hidden;position:relative}[dir] .BaseAd--adWrapper--2qtTX{text-align:center;padding:16px 0;margin:12px 10px 0}[dir] .BaseAd--adWrapper--2qtTX.BaseAd--card--1NlKb{padding:16px 0;margin:12px 10px;border-radius:6px;box-shadow:0 0 12px 0 rgba(0,0,0,.2);background-color:#fff}[dir] .BaseAd--adWrapperPlaceholder--2n8KY{margin:12px 10px 0!important}.BaseAd--ad_module--yZlyg{height:100%;width:100%;display:flex;flex-direction:column;justify-content:center;align-items:center}.BaseAd--placeholder--31XQZ{min-height:250px}.BaseAd--hide--3pG-e{display:none!important;height:0!important}#WX_BottomLeader.BaseAd--placeholder--31XQZ,#WX_BottomLeaderTablet.BaseAd--placeholder--31XQZ,#WX_DriverUnit.BaseAd--placeholder--31XQZ,#WX_DriverUnitTablet.BaseAd--placeholder--31XQZ,#WX_MidLeader.BaseAd--placeholder--31XQZ{min-height:90px}.adLabel{color:#6f7585;font-size:.625rem;position:relative;height:0;top:-12px}[dir] .adLabel{padding:0 16px 3px}[dir=ltr] .adLabel{text-align:right}[dir=rtl] .adLabel{text-align:left}[dir] .regionTopAds .BaseAd--adWrapper--2qtTX.BaseAd--card--1NlKb{border-radius:0}.regionTopAds .adLabel{display:none}.regionTopAds .BaseAd--placeholder--31XQZ{min-height:90px}.regionContentTop .adLabel{display:none}.regionContentTop .BaseAd--placeholder--31XQZ{min-height:90px}[dir] .Mobile .regionTopAds .BaseAd--adWrapper--2qtTX.BaseAd--card--1NlKb{padding:10px;margin:0}.Mobile .regionTopAds .BaseAd--placeholder--31XQZ{min-height:50px}[dir] .LargeScreen .BaseAd--adWrapper--2qtTX.BaseAd--card--1NlKb{margin:0}.LargeScreen .regionTopAds .BaseAd--placeholder--31XQZ{min-height:90px}</style>
      <script defer="" src="/daybreak-home/assets/main.1c834db10af7ef5f5601.js"></script>
      <script>window.env={"USE_REMOTE_REDUX_DAL_CLIENT":"true","REDUX_DAL_WX_API_HOST_CLIENT":"weather.com","REDUX_DAL_WX_API_PROTOCOL_CLIENT":"https","TRANSLATIONS_WX_API_HOST_CLIENT":"weather.com","CONSENT_PMQ_ACCOUNT_CLIENT":"747624766027","METRICS_API_VENDORS_CLIENT":"airlytics","METRICS_API_FREQUENCIES_CLIENT":"D","METRICS_API_AIRLYTICS_OPTIONS_BATCH_EVENTS_CLIENT":"false","METRICS_API_AIRLYTICS_OPTIONS_BATCH_INTERVAL_CLIENT":"30000","METRICS_API_AIRLYTICS_OPTIONS_BATCH_PAYLOAD_SIZE_CLIENT":"30","METRICS_API_AIRLYTICS_OPTIONS_BATCH_QUEUE_CAPACITY_CLIENT":"1000","METRICS_API_AIRLYTICS_OPTIONS_RETRY_FAILED_EVENTS_CLIENT":"true","PIANO_APP_ID_CLIENT":"nOKpBk1Dpu","PIANO_TINYPASS_HOST_CLIENT":"buy.tinypass.com","METRICS_API_AIRLYTICS_HOST_CLIENT":"airlytics-web.airlock.twcmobile.weather.com","METRICS_API_AIRLYTICS_KEY_CLIENT":"EWFqH3myAGLEs3nJYSshGL6YgA4ur3WRwTbANhKc","DSX_API_KEY_CLIENT":"7bb1c920-7027-4289-9c96-ae5e263980bc","DSX_HOST_CLIENT":"dsx.weather.com","DSX_PROTOCOL_CLIENT":"https","STATIC_API_PROTOCOL_CLIENT":"https","STATIC_API_HOST_CLIENT":"s.w-x.co","SUN_V1_PROTOCOL_CLIENT":"https","SUN_V1_HOST_CLIENT":"api.weather.com","SUN_V1_API_KEY_CLIENT":"21d8a80b3d6b444998a80b3d6b1449d3","SUN_V2_PROTOCOL_CLIENT":"https","SUN_V2_HOST_CLIENT":"api.weather.com","SUN_V2_API_KEY_CLIENT":"21d8a80b3d6b444998a80b3d6b1449d3","SUN_V3_PROTOCOL_CLIENT":"https","SUN_V3_HOST_CLIENT":"api.weather.com","SUN_V3_API_KEY_CLIENT":"21d8a80b3d6b444998a80b3d6b1449d3","WX_API_PROTOCOL_CLIENT":"https","WX_API_HOST_CLIENT":"weather.com","WX_API_API_KEY_CLIENT":"5c241d89f91274015a577e3e17d43370","WEBCAKES_ENV_CLIENT":"PROD","UPS2_HOST_CLIENT":"ups-2.weather.com"}</script><script src="https://weather.com/api/v1/script/subsSdkScript.js"></script><script>
        if (window && window.setNptTechAdblockerCookie === undefined) {
          window.setNptTechAdblockerCookie = (adblocker) => {
            const d = new Date();

            d.setTime(d.getTime() + 60 * 60 * 24 * 2 * 1000);
            document.cookie = '__adblocker=' + (adblocker ? 'true' : 'false') + '; expires=' + d.toUTCString() + '; path=/';
          };
        }
        document.cookie = '__adblocker=; expires=Thu, 01 Jan 1970 00:00:00 GMT; path=/';
      </script><script src="https://www.npttech.com/advertising.js" onerror="window.setNptTechAdblockerCookie(true)"></script><script src="https://securepubads.g.doubleclick.net/tag/js/gpt.js"></script><meta http-equiv="origin-trial" content="AxujKG9INjsZ8/gUq8+dTruNvk7RjZQ1oFhhgQbcTJKDnZfbzSTE81wvC2Hzaf3TW4avA76LTZEMdiedF1vIbA4AAABueyJvcmlnaW4iOiJodHRwczovL2ltYXNkay5nb29nbGVhcGlzLmNvbTo0NDMiLCJmZWF0dXJlIjoiVHJ1c3RUb2tlbnMiLCJleHBpcnkiOjE2NTI3NzQ0MDAsImlzVGhpcmRQYXJ0eSI6dHJ1ZX0="><meta http-equiv="origin-trial" content="Azuce85ORtSnWe1MZDTv68qpaW3iHyfL9YbLRy0cwcCZwVnePnOmkUJlG8HGikmOwhZU22dElCcfrfX2HhrBPAkAAAB7eyJvcmlnaW4iOiJodHRwczovL2RvdWJsZWNsaWNrLm5ldDo0NDMiLCJmZWF0dXJlIjoiVHJ1c3RUb2tlbnMiLCJleHBpcnkiOjE2NTI3NzQ0MDAsImlzU3ViZG9tYWluIjp0cnVlLCJpc1RoaXJkUGFydHkiOnRydWV9"><meta http-equiv="origin-trial" content="A16nvcdeoOAqrJcmjLRpl1I6f3McDD8EfofAYTt/P/H4/AWwB99nxiPp6kA0fXoiZav908Z8etuL16laFPUdfQsAAACBeyJvcmlnaW4iOiJodHRwczovL2dvb2dsZXRhZ3NlcnZpY2VzLmNvbTo0NDMiLCJmZWF0dXJlIjoiVHJ1c3RUb2tlbnMiLCJleHBpcnkiOjE2NTI3NzQ0MDAsImlzU3ViZG9tYWluIjp0cnVlLCJpc1RoaXJkUGFydHkiOnRydWV9"><meta http-equiv="origin-trial" content="AxBHdr0J44vFBQtZUqX9sjiqf5yWZ/OcHRcRMN3H9TH+t90V/j3ENW6C8+igBZFXMJ7G3Pr8Dd13632aLng42wgAAACBeyJvcmlnaW4iOiJodHRwczovL2dvb2dsZXN5bmRpY2F0aW9uLmNvbTo0NDMiLCJmZWF0dXJlIjoiVHJ1c3RUb2tlbnMiLCJleHBpcnkiOjE2NTI3NzQ0MDAsImlzU3ViZG9tYWluIjp0cnVlLCJpc1RoaXJkUGFydHkiOnRydWV9"><meta http-equiv="origin-trial" content="A88BWHFjcawUfKU3lIejLoryXoyjooBXLgWmGh+hNcqMK44cugvsI5YZbNarYvi3roc1fYbHA1AVbhAtuHZflgEAAAB2eyJvcmlnaW4iOiJodHRwczovL2dvb2dsZS5jb206NDQzIiwiZmVhdHVyZSI6IlRydXN0VG9rZW5zIiwiZXhwaXJ5IjoxNjUyNzc0NDAwLCJpc1N1YmRvbWFpbiI6dHJ1ZSwiaXNUaGlyZFBhcnR5Ijp0cnVlfQ=="><meta http-equiv="origin-trial" content="A/OOU4XAFfeAV4kM4+W9WBwNAHqq/bvtrRcJ1wpnNyO/i076BSUy1d14l2kBEgVmEuvxojSpD23172C6hBg2AQYAAACWeyJvcmlnaW4iOiJodHRwczovL2RvdWJsZWNsaWNrLm5ldDo0NDMiLCJmZWF0dXJlIjoiQ29udmVyc2lvbk1lYXN1cmVtZW50IiwiZXhwaXJ5IjoxNjM0MDgzMTk5LCJpc1N1YmRvbWFpbiI6dHJ1ZSwiaXNUaGlyZFBhcnR5Ijp0cnVlLCJ1c2FnZSI6InN1YnNldCJ9"><meta http-equiv="origin-trial" content="AwrB+XVH/KV6HfZNVtSEqlUJi3yUbtCp0/TJRj+38NDIw19/9P1h7ECTtdLdhIzG0Bsl4n/0rVmttJtGUCcewgAAAACceyJvcmlnaW4iOiJodHRwczovL2dvb2dsZXN5bmRpY2F0aW9uLmNvbTo0NDMiLCJmZWF0dXJlIjoiQ29udmVyc2lvbk1lYXN1cmVtZW50IiwiZXhwaXJ5IjoxNjM0MDgzMTk5LCJpc1N1YmRvbWFpbiI6dHJ1ZSwiaXNUaGlyZFBhcnR5Ijp0cnVlLCJ1c2FnZSI6InN1YnNldCJ9"><meta http-equiv="origin-trial" content="Ax15QOERqai2A5XWrDY38Eg07xh2T0pkhpDPJuDlxr7D2Ka8wHvklgK7tTPZOnT+8H31lwHto5JpvYV8jRn1WgIAAACceyJvcmlnaW4iOiJodHRwczovL2dvb2dsZXRhZ3NlcnZpY2VzLmNvbTo0NDMiLCJmZWF0dXJlIjoiQ29udmVyc2lvbk1lYXN1cmVtZW50IiwiZXhwaXJ5IjoxNjM0MDgzMTk5LCJpc1N1YmRvbWFpbiI6dHJ1ZSwiaXNUaGlyZFBhcnR5Ijp0cnVlLCJ1c2FnZSI6InN1YnNldCJ9"><script src="https://securepubads.g.doubleclick.net/gpt/pubads_impl_2021110401.js" id="gpt-impl-0.8384717354573112" nonce=""></script><script src="https://ads.rubiconproject.com/prebid/10738_TWC.js"></script><script src="//cdn.adsafeprotected.com/iasPET.1.js"></script><script src="https://cdn.polyfill.io/v3/polyfill.min.js?features=default,fetch,Array.prototype.includes,Array.prototype.find,Array.prototype.findIndex,HTMLPictureElement,String.prototype.trim,IntersectionObserver,ResizeObserver,URLSearchParams"></script><script>window.performance.mark("CLIENT_SIDE_START");</script><script>
  (function(s,t,a,n){s[t]||(s[t]=a,n=s[a]=function(){n.q.push(arguments)},
  n.q=[],n.v=2,n.l=Date.now())})(window,"InstanaEumObject","ineum");

  ineum('reportingUrl', 'https://eum-orange-saas.instana.io');
  ineum('key', 'ZzccQeUzQQqisI2WN6oC0w');
  ineum('trackSessions');
</script>
<script defer="" crossorigin="anonymous" src="https://eum.instana.io/eum.min.js"></script><script>ineum('page', 'home');</script>
    
                              <script>!function(e){var n="https://s.go-mpulse.net/boomerang/";if("False"=="True")e.BOOMR_config=e.BOOMR_config||{},e.BOOMR_config.PageParams=e.BOOMR_config.PageParams||{},e.BOOMR_config.PageParams.pci=!0,n="https://s2.go-mpulse.net/boomerang/";if(window.BOOMR_API_key="S83YR-ULSS7-PCGQM-QZZQF-582ZW",function(){function e(){if(!r){var e=document.createElement("script");e.id="boomr-scr-as",e.src=window.BOOMR.url,e.async=!0,o.appendChild(e),r=!0}}function t(e){r=!0;var n,t,a,i,d=document,O=window;if(window.BOOMR.snippetMethod=e?"if":"i",t=function(e,n){var t=d.createElement("script");t.id=n||"boomr-if-as",t.src=window.BOOMR.url,BOOMR_lstart=(new Date).getTime(),e=e||d.body,e.appendChild(t)},!window.addEventListener&&window.attachEvent&&navigator.userAgent.match(/MSIE [67]\./))return window.BOOMR.snippetMethod="s",void t(o,"boomr-async");a=document.createElement("IFRAME"),a.src="about:blank",a.title="",a.role="presentation",a.loading="eager",i=(a.frameElement||a).style,i.width=0,i.height=0,i.border=0,i.display="none",o.appendChild(a);try{O=a.contentWindow,d=O.document.open()}catch(_){n=document.domain,a.src="javascript:var d=document.open();d.domain='"+n+"';void 0;",O=a.contentWindow,d=O.document.open()}if(n)d._boomrl=function(){this.domain=n,t()},d.write("<bo"+"dy onload='document._boomrl();'>");else if(O._boomrl=function(){t()},O.addEventListener)O.addEventListener("load",O._boomrl,!1);else if(O.attachEvent)O.attachEvent("onload",O._boomrl);d.close()}function a(e){window.BOOMR_onload=e&&e.timeStamp||(new Date).getTime()}if(!window.BOOMR||!window.BOOMR.version&&!window.BOOMR.snippetExecuted){window.BOOMR=window.BOOMR||{},window.BOOMR.snippetStart=(new Date).getTime(),window.BOOMR.snippetExecuted=!0,window.BOOMR.snippetVersion=14,window.BOOMR.url=n+"S83YR-ULSS7-PCGQM-QZZQF-582ZW";var i=document.currentScript||document.getElementsByTagName("script")[0],o=i.parentNode,r=!1,d=document.createElement("link");if(d.relList&&"function"==typeof d.relList.supports&&d.relList.supports("preload")&&"as"in d)window.BOOMR.snippetMethod="p",d.href=window.BOOMR.url,d.rel="preload",d.as="script",d.addEventListener("load",e),d.addEventListener("error",function(){t(!0)}),setTimeout(function(){if(!r)t(!0)},3e3),BOOMR_lstart=(new Date).getTime(),o.appendChild(d);else t(!1);if(window.addEventListener)window.addEventListener("load",a,!1);else if(window.attachEvent)window.attachEvent("onload",a)}}(),"".length>0)if(e&&"performance"in e&&e.performance&&"function"==typeof e.performance.setResourceTimingBufferSize)e.performance.setResourceTimingBufferSize();!function(){if(BOOMR=e.BOOMR||{},BOOMR.plugins=BOOMR.plugins||{},!BOOMR.plugins.AK){var n=""=="true"?1:0,t="",a="vp6jslyccqloqymkilvq-f-b0a645029-clientnsv4-s.akamaihd.net",i="false"=="true"?2:1,o={"ak.v":"32","ak.cp":"784565","ak.ai":parseInt("194930",10),"ak.ol":"0","ak.cr":342,"ak.ipv":4,"ak.proto":"h2","ak.rid":"be2d8e5","ak.r":21682,"ak.a2":n,"ak.m":"ksd","ak.n":"essl","ak.bpcip":"171.252.153.0","ak.cport":30928,"ak.gh":"2.20.132.52","ak.quicv":"","ak.tlsv":"tls1.3","ak.0rtt":"","ak.csrc":"-","ak.acc":"","ak.t":"1636451051","ak.ak":"hOBiQwZUYzCg5VSAfCLimQ==YCamDIFniZx7LZ/YyaNm37xCE0rxJyDsP7TQKI6zUhA25QbB0nfPlq6QET5Nq5kKooVYk3BGD4OaasST1yi+gijrVIB59F1dIPgdYx+cabRdYZcV8dRVI4D7cVkeSAQeGvY15ESK0Ngf1m1YNqFPkh2FvKZUKYypLu643HP818cvuzSsBdblMeoXw5XX7Pt/cmKP3gyq4+vhFBMY+LJEmalMvhPX70lsSTr7bBWP2kB30mK6bztaeJ5MTnToQCKCEKlwvwG6k9wHkpesy53m6iBYndtn9rvJPP7inJVRlCQzQac5eT0GC/dPSGpvCF0P1tvI+3YO5ZCBdvHTNxd0tQJKVROtRD5CyjUZfiHylKwNXfW2HgPtcUrmc6obkgsjjJxNm+WUxDiEqmcJOmIyUUu6GmTR3OLBcdzq+ZB14co=","ak.pv":"1335","ak.dpoabenc":"","ak.tf":i};if(""!==t)o["ak.ruds"]=t;var r={i:!1,av:function(n){var t="http.initiator";if(n&&(!n[t]||"spa_hard"===n[t]))o["ak.feo"]=void 0!==e.aFeoApplied?1:0,BOOMR.addVar(o)},rv:function(){var e=["ak.bpcip","ak.cport","ak.cr","ak.csrc","ak.gh","ak.ipv","ak.m","ak.n","ak.ol","ak.proto","ak.quicv","ak.tlsv","ak.0rtt","ak.r","ak.acc","ak.t","ak.tf"];BOOMR.removeVar(e)}};BOOMR.plugins.AK={akVars:o,akDNSPreFetchDomain:a,init:function(){if(!r.i){var e=BOOMR.subscribe;e("before_beacon",r.av,null,null),e("onbeacon",r.rv,null,null),r.i=!0}return this},is_complete:function(){return!0}}}}()}(window);</script><link href="https://s.go-mpulse.net/boomerang/S83YR-ULSS7-PCGQM-QZZQF-582ZW" rel="preload" as="script"><script id="boomr-scr-as" src="https://s.go-mpulse.net/boomerang/S83YR-ULSS7-PCGQM-QZZQF-582ZW" async=""></script></head><body><div class="appWrapper DaybreakLargeScreen LargeScreen lightTheme DaybreakLargeScreen--appWrapper--O_upA gradients--default--3zN0l gradients--default-top--1EwzM" id="appWrapper"><div class="region-meta"><div id="WxuHtmlHead-meta-" class=" removeIfEmpty"></div><div id="WxuNewsroom-meta-1869d024-e7ae-469b-8d1d-453aea8e6fe7" class=" removeIfEmpty"></div></div><div class="region-topAds regionTopAds DaybreakLargeScreen--regionTopAds--3wIMe"><div id="WxuAd-topAds-53dce052-5465-4609-a555-c3a20ab64ab0" class=" removeIfEmpty"><div class="adWrapper BaseAd--adWrapper--2qtTX BaseAd--card--1NlKb BaseAd--hide--3pG-e"><div class="adLabel">Advertisement</div><div id="WX_Hidden" class="ad_module BaseAd--ad_module--yZlyg subs-undefined BaseAd--placeholder--31XQZ"></div></div></div></div><div class="region-header regionHeader gradients--default-top--1EwzM" id="regionHeader"><div id="WxuHeaderLargeScreen-header-9944ec87-e4d4-4f18-b23e-ce4a3fd8a3ba" class=" removeIfEmpty"><header aria-label="Menu" role="banner" class="MainMenuHeader--MainMenuHeader--1T0Qd gradients--default-top--1EwzM"><div class="MainMenuHeader--wrapper--2ZR4A"><div class="MainMenuHeader--wrapperLeft--3YkPC"><a class="MainMenuHeader--accessibilityLink--2yANH Button--secondary--2gaC_" href="#MainContent" target="_self">Skip to Main Content</a><a class="MainMenuHeader--accessibilityLink--2yANH Button--secondary--2gaC_" href="https://www.essentialaccessibility.com/the-weather-channel?utm_source=theweatherchannelhomepage&amp;utm_medium=iconlarge&amp;utm_term=eachannelpage&amp;utm_content=header&amp;utm_campaign=theweatherchannel" target="_self">Accessibility Help</a><a class="Button--default--3zkvy Button--iconOnly--25rWi" href="/" target="_self" aria-label="The Weather Company - Home"><svg set="nav" name="twc-logo" theme="light" class="MainMenuHeader--twcLogo--1oRKo Icon--icon--3wCKh Icon--lightTheme--3NMAI" data-testid="Icon" aria-hidden="true" role="img" viewBox="0 0 24 24"><title>The Weather Channel</title><path d="M0 0h24v24H0V0zm2.0433 6.807v.657h.9629v3.2794h.8043V7.464h.9402l.1303-.657H2.0433zm3.0982-.0794c.034.119.0567.3908.0567.6627v3.3531h.7703V8.6647c.1699-.1529.4134-.2662.6003-.2662.2153 0 .2946.1076.2946.3965v1.9484h.742V8.7157c0-.3285-.017-.3738-.0737-.538-.0906-.2436-.3965-.4136-.7533-.4136-.2945 0-.623.1246-.8213.3116 0-.034.0114-.153.0114-.2436v-.5777c0-.2776-.017-.5494-.051-.708l-.776.1812zm5.1655 3.2455c-.2322.1926-.4758.2889-.7363.2889-.3908 0-.6117-.2549-.6117-.7024V9.537h1.6765v-.1756c0-.606-.119-.9969-.3851-1.2687-.187-.1926-.5041-.3059-.8383-.3059-.3852 0-.674.1246-.9119.3908-.2549.2832-.3625.6287-.3625 1.1498 0 .912.538 1.501 1.3707 1.501.4078 0 .759-.1303 1.0931-.4022l-.2945-.453zm-8.241 2.1964l.9402 3.9704h.9005l.323-1.6142c.1132-.5778.1925-1.1328.1925-1.1328.0057.034.051.5324.1869 1.1441l.3512 1.6029h.8666l.9515-3.9704h-.8326l-.3228 1.4952c-.068.3286-.204 1.1838-.2153 1.3084 0 0-.0963-.674-.1699-1.0421l-.3625-1.7615h-.8666l-.3512 1.5915c-.1189.5438-.1869 1.1045-.2039 1.2575 0 0-.0453-.5608-.2095-1.2971l-.3399-1.552H2.066zm7.0172 3.1661c-.2322.1926-.4758.289-.7363.289-.3908 0-.6117-.255-.6117-.7024v-.0227h1.6765v-.1756c0-.606-.119-.9968-.3851-1.2687-.187-.1926-.5041-.3059-.8383-.3059-.3851 0-.674.1246-.9119.3908-.2549.2832-.3625.6287-.3625 1.1498 0 .912.538 1.501 1.3707 1.501.4078 0 .759-.1303 1.0931-.4021l-.2945-.4532zm.742-1.7841l.3228.5437c.3115-.2095.5947-.3285.8383-.3285.2775 0 .3398.1076.3398.4305v.119c-.0792-.0058-.1132-.0058-.1699-.0058-.9232 0-1.3933.3172-1.3933.9969 0 .5777.3511.9063.9968.9063.238 0 .4418-.0567.5834-.1586.0567-.0397.068-.051.1756-.153.0737.1473.2323.2776.4078.3512l.4022-.4644c-.221-.1643-.2719-.2833-.2719-.5948v-.051l.017-.9742c0-.3115-.0113-.402-.051-.521-.1133-.3229-.4474-.5041-.9345-.5041-.2663 0-.5098.051-.793.1699-.204.0793-.2832.119-.4701.2379zm4.4009-.3512h-.6797c0-.2945.017-.606.0453-.8723l-.7703.1926c-.0283.2152-.0283.4078-.0283.691h-.2889v.4928h.2889v1.5973c0 .2661.0056.3228.051.4474.085.2549.3964.4248.7816.4248.1982 0 .3965-.0396.6174-.1303l-.0964-.453c-.1359.0396-.2038.0566-.2718.0566-.2606 0-.3285-.0963-.3285-.4645v-1.4783h.4871l.1926-.5041zm.2095-1.1101c.034.1189.0566.3908.0566.6626v3.3531h.7703v-2.0787c.17-.1529.4135-.2662.6004-.2662.2152 0 .2945.1077.2945.3965v1.9484h.742v-2.0277c0-.3285-.017-.3738-.0736-.538-.0907-.2436-.3965-.4135-.7533-.4135-.2946 0-.623.1246-.8213.3115 0-.034.0113-.153.0113-.2435v-.5778c0-.2775-.017-.5494-.051-.708l-.776.1813zm5.1654 3.2454c-.2322.1926-.4757.289-.7363.289-.3908 0-.6117-.255-.6117-.7024v-.0227h1.6765v-.1756c0-.606-.1189-.9968-.385-1.2687-.187-.1926-.5042-.3059-.8383-.3059-.3852 0-.674.1246-.912.3908-.2548.2832-.3625.6287-.3625 1.1498 0 .912.5381 1.501 1.3707 1.501.4078 0 .759-.1303 1.0932-.4021l-.2946-.4532zm.7817-2.0163c.0623.1642.1076.4587.1076.8495v1.9371h.759v-2.0503c.1415-.1643.2945-.2436.4644-.2436.085 0 .1472.017.2209.0567l.2096-.6684c-.119-.051-.17-.0623-.2833-.0623-.085 0-.1869.017-.2492.0453-.1415.068-.3228.221-.4304.3682-.0113-.1643-.051-.2945-.119-.4135l-.6796.1813zM4.9489 17.7585c-.2152-.1869-.606-.3115-.9968-.3115-.6344 0-1.2008.3399-1.5067.912-.1812.3398-.2662.7306-.2662 1.2233 0 .5778.1586 1.0536.4758 1.4104.3229.3682.742.5437 1.2857.5437.4475 0 .7817-.1132 1.0932-.3681l-.3625-.4985a3.6136 3.6136 0 0 1-.0793.0624c-.1926.1302-.3795.1925-.5947.1925-.3399 0-.6004-.1529-.759-.4418-.119-.2152-.1642-.5154-.1642-1.0535 0-.4588.068-.7873.2209-1.0138.1416-.2096.402-.3399.6683-.3399.2209 0 .4305.0737.6287.221l.3568-.5382zm.3908-.3058c.034.119.0566.3908.0566.6627v3.353h.7703v-2.0786c.17-.153.4135-.2662.6004-.2662.2152 0 .2945.1076.2945.3964v1.9485h.742v-2.0277c0-.3286-.017-.3739-.0736-.5381-.0906-.2436-.3965-.4135-.7533-.4135-.2946 0-.623.1246-.8213.3115 0-.034.0113-.153.0113-.2435v-.5778c0-.2775-.017-.5494-.051-.708l-.776.1813zm3.0755 1.4613l.3228.5437c.3115-.2095.5947-.3285.8383-.3285.2775 0 .3398.1077.3398.4305v.119c-.0793-.0057-.1133-.0057-.17-.0057-.9231 0-1.3932.3171-1.3932.9968 0 .5778.3511.9063.9968.9063.2379 0 .4418-.0567.5834-.1586.0566-.0397.068-.051.1756-.153.0736.1473.2322.2776.4078.3512l.4021-.4644c-.2209-.1643-.2718-.2832-.2718-.5947v-.051l.017-.9742c0-.3116-.0114-.4022-.051-.5211-.1133-.3229-.4475-.5041-.9346-.5041-.2662 0-.5097.051-.793.17-.2038.0792-.2831.1189-.47.2378zm2.8546-.2266c.068.1926.102.4305.102.6797v2.1014h.7589V19.418c.1756-.1586.3738-.2606.5267-.2606.1983 0 .255.0963.255.4248v1.8862h.7476V19.35c0-.1812-.017-.3058-.0567-.4134-.0906-.2493-.3738-.4192-.6966-.4192-.17 0-.3682.0453-.5211.1246-.1246.068-.1586.0907-.3342.2152 0-.1189-.0397-.2435-.1076-.3624l-.674.1925zm3.0188 0c.068.1926.102.4305.102.6797v2.1014h.759V19.418c.1755-.1586.3737-.2606.5267-.2606.1982 0 .2549.0963.2549.4248v1.8862h.7476V19.35c0-.1812-.017-.3058-.0566-.4134-.0906-.2493-.3739-.4192-.6967-.4192-.17 0-.3681.0453-.521.1246-.1247.068-.1587.0907-.3342.2152 0-.1189-.0397-.2435-.1077-.3624l-.674.1925zm5.0806 2.0108c-.2323.1925-.4758.2888-.7364.2888-.3908 0-.6117-.2548-.6117-.7023v-.0226h1.6766v-.1757c0-.606-.119-.9968-.3852-1.2687-.1869-.1926-.504-.3058-.8382-.3058-.3852 0-.674.1246-.912.3908-.2548.2832-.3625.6287-.3625 1.1497 0 .912.5381 1.501 1.3707 1.501.4078 0 .759-.1302 1.0932-.4021l-.2945-.4531zm1.5859-3.421l-.776.1755c.0283.2605.0397.4927.0397.8722v2.1637c0 .4135.0113.504.068.6513.0905.2436.3511.3965.674.3965.1642 0 .3228-.0283.453-.0792l-.1302-.4532c-.0396.0113-.0566.0113-.085.0113-.0623 0-.1246-.0283-.1529-.0792-.0453-.0793-.051-.1473-.051-.6458v-2.2599c0-.4078-.0113-.5947-.0396-.7533zM8.9703 8.9818h.878v-.034c0-.2152-.0227-.3285-.0907-.4361-.0736-.1133-.1813-.17-.3342-.17-.2888 0-.453.2266-.453.6288v.0113zm-1.2238 5.3625h.878v-.034c0-.2152-.0227-.3285-.0907-.436-.0736-.1134-.1812-.17-.3342-.17-.2888 0-.4531.2266-.4531.6287v.0113zm3.5683.4928h-.034c-.5267 0-.708.0963-.708.4418 0 .2265.1416.3795.3342.3795.1416 0 .2832-.0737.3965-.1983l.0113-.623zm6.9495-.4928h.878v-.034c0-.2152-.0227-.3285-.0907-.436-.0736-.1134-.1812-.17-.3341-.17-.2889 0-.4532.2266-.4532.6287v.0113zm-8.3595 5.8553h-.034c-.5268 0-.708.0963-.708.4418 0 .2266.1416.3795.3342.3795.1416 0 .2832-.0736.3965-.1982l.0113-.623zm8.1277-.4927h.8779v-.034c0-.2153-.0227-.3285-.0906-.4361-.0737-.1133-.1813-.17-.3342-.17-.2889 0-.4531.2266-.4531.6287v.0114z" fill="currentColor" fill-rule="evenodd"></path></svg></a><div><img class="MainMenuHeader--ibmLogo--3mcYE" alt="An IBM Business" width="130" height="23" src="data:image/png;base64,iVBORw0KGgoAAAANSUhEUgAAAeAAAABYCAYAAAAtOiQ5AAAAAXNSR0IArs4c6QAAGwJJREFUeAHtnQe4JUWVxxmRYCAIg2QGGCQsaQhmsqsMiLrAGjHDAgbYXQVkXWVhUQnKyrqKIohLWjEBSlhBFkQkuAxgQIbkMOQhgyBJmPH3f9x+X72a6r7dfUPfe9//fN953XXqnFNV/+qufPstsojJCBgBI2AEjIARMAJGwAgYASNgBIyAETACRsAIGAEjYASMgBEwAkbACBgBI2AEjIARMAJGwAgYASNgBIyAETACRsAIGAEjYASMgBEwAkbACBgBI2AEjIARMAJGwAgYASNgBIyAETACRsAIGAEjYASMgBEwAkbACBgBI2AEjIARMAJGwAgYASNgBIyAETACRsAIGAEjYASMgBEwAkbACBgBI2AEjIARMAJGwAgYASNgBIyAETACRsAIGAEjYASMgBEwAkbACBgBI2AEjIARMAJGwAgYASNgBIyAEJhiGIyAETACRqAaAgsWLFgMi43gV8C3Tpky5Y5qHqxtBIyAETACRsAIVEKAzvcV8K1wRvO5+VIlJ1Y2AkbACBgBI2AEqiFAZ7tv1vMG1ye4f1k1T9ae7Ai8uJcA8EB+Gf9rJdKYw5LNQQn5pBeB2VGAML1DIOaB7yfb+SCtl6Pz3+30SsY/iN4N8B90Jf17S9rlqpXI33yM9yatR3OdVIwgTS0tngS/pMB0H9J8qCC+4yjyoffjNR06ehz7G1s8m6veu+c69GnzRRbZKQGCOt+t4Z8l4iwyAv1FgAZkBfh5OEXPIVy+vzkajtTAZVYKsIqyP5YpLT6Xq+i3ivpdKP9dmXzk6ZTM38F59nXkpPn+EoVcrY7vKjbk4ewS+aiq8jgG+8EvqpIX605EAPxOyQH+DRM1HTICxQj08kV8G0nn+V+UOMWbRheBVSnaWTRUp8HL9bCY/4j/Jbro/8Au+ho0V1rx+Br8SzBbf9AyN0T5OSOR19uRXZmQW2QEchHI6yBzDSpEtJv97FrBl1WHF4E9yPrvafCn9qgIK+H3g93wTR53xM8m3fA14D7eSP5+Q3k3HPB8Dmr2LiBjx8Jz4cfgWfC+LO8v4GoyAqUR6MnPkHixtR+iPcElg5w8wP0KQfgp7qfy0D4ZyCb9LdjpZd6iQyC019d2H5m0NDPt6V5mUI6vk6f9gnDb2wr5uxlnG+Bfe8K1ifT+D+MdSjhYnbTuKqFXW4W8nI3xOyIHdxO+P5LlBXW+Yxq8dJ4C8gsox8yCeEcZASPQQwR6dQhLM4mw89UocQasBiQjHXKR3lmZwNcxBH7L36cjLF5J+FWRLAvO4ebeLNC6hjhHUY0FdXJUnfBNPcjBuvjUisuZdX2TNw16ynS+dZPoht3R4Kcl5NJEuVZE+cPwIfBL4ZB2JH4mPn1wKETF90agTwj0qgNWYxjSZbzk9/Cy6yTmBkGElqHdAQeAgNOeQXDsFtzez82psbwV/io2X8+J60R8NcafL+FAqyja79Vy5l7wUnCK9KwdBcfPRkq3jkynhmt3wNiO5N4vz8Z9lO0onqEfc/0NrNWpkI4hTjNhL5+GqPjeCAwjArzML4YfgkP6lMqC4BuhkHvp9WoQMIzwJfMMRkUncz+ZNCohxG/RKejzS7iYoIK/VeHr4Dz6CxGl6xvdovyl0th2QoZKBnC0FqyT+WWpqVPQ+5csUlKNwh2cU0ANoExGwAj0GYFeHMLSb+G0txjSJa1Ads3ipLdNFvB1uBFgFqWl733hvNmUOt9pPSzlZ2r61gBx0Zq2w2T2zZzMTs+RW2wEjEAPEehFBxwvMT5C/rWvKboUjhtnLUObRgQBOuFfU5TrC4qzTkFclaj4OZLtTszwNq7k5IXfo380YXNPQjbUIurmMQqgw5AxuQOOEXHYCPQBgX50wL/gxR87ncpVL//vo3LFJz2jaAeHEIGiD4F0q7FfBVz+nMBGe8FV6BMox4eTnkC2IZzq5Kv4HkTdVN10q04GsbzOkxEYWARK78eVKQGzj83QWyPSPS8Kn0N4k0C2OnZb0DlfE8hq3eJn8chwPn4X+vQeem9GT1+tWbPF+mmHDqhcJ8ZGB1dM9RG4q8B07YK4KlE6/HUavE9k9B7q91+pwzsi+UJB9F6CMLWHLr8ipTFqlBq0VOqAwU0D97jteA7MxwbaVQDD12LohzgvwM9fqvgIdfGn50uDJ13XgrXloV8V6JcCYq3GXUwaC7ULyEsT6ZRqa4oclvWBXmPtFWkvTRneBGtrcWVYv8hQnanNFF8Nnw+eXW8zSbsvdUn+J1BT6U7IRJ0AGT8MDkn/JUQfShgnwq8OFVr3h48r1LzBz9oJvxeG7oifCV+d0AtF+nzmIbAamYEg8jIUh7AysMjvf8J59IVMr90VB0WHsNYnfuOcRI5t51vx2H4sx34T5NNy4iQeykNYrTJflCjXGWXwynSwPyDhQ3v/lQk/d0e+nqrsBAN86Hn4Pqw2px09gMI3YXXQlQm7tm1NO6dlfKDTWHtF2uvBP4KfhduRML8Y7vT7BWOw4advdRnWUxPpdruTifd/ZzEymhcWknt9aCL+3WrP94EB912kq9n4lnARCZPD4POxmVqk6LhaCNxey2pho2V4trSdcdnCUYvsRd3FBwEnqBGvetbhq5iuwO/vEC4TR4xIOPXOPzysZaMeF4NPIv86d6B3fEqJsui91oBBX2jTIKyMTQm33VMhT420V6S7KHwMJRGeu8Oa7bYj4bc9rMmNBjbx6kg7+7F47Bqpy6bSVaFTL2MpsGIlCrE2snBpWSrnxno0btpX0zJ0SBtiv04o6OY9vrfF36lwlfLuiP7l2NZ6mLqZ/yH09bKCPM8tiKsStWxL+RsJI6X/iYQ8FO1GIPXMZSeFR7UDTv3k6K4QmCG7/wL5/Qi8aI186zk5Dv4f3vMqbUONpMqbNNVeke6S5PJHsAamddo9dcQa2GglokzHjeoEaqoum0q3FsgTEAsCqcNUC3XALf2fct07sNWtZs9fiWTdCh6No2zPRns/t8I3wCvAGjTkNbbrEvcB+LuwqTwC0wtUhX03KKuzM3GmVZYJWx2E96MR+AoDvrwlzQMTmXgQ2Q9b8sx/Qm04ReChTmqtRO4vT8gGXkR53kImU/X4LPLz4FvgufBS8JqwlkhfA8f0HgSq+/3iiIbCTbVXZ1DeVDv+JHLtnWtlSKzwjBZvzlX4hrQbgW/Be4bCovum6rKpdIuwqBVHQS6FQ7orzxFKS8L6B9YhddQI4Ci5L4N8m1Yi+ujHPnDWEY9lj/AUWPsd+g8xKboFYZ3RdV7xK8tJf2j2gMnrEvD9cIouqlJ4HBTtAf9D5gu9f08lhmyPTCe8Ip+Ro6+Gb4xkm6Mj8WqZXq+upJH6d4T7d5IePl+vzEekfxupmU9pQr/xPWDy8FJ4HhzTOQhSg4yx8hGnutfeZkxPItCAuy2hl2xr2hoGCnk+kDfSXpHuR+EUXYhQh6+SRNxU+OcpQ2Q7JI0iIXqN1GVT6UbF7zxIQVQJ8ZeEji/yjP6ZcEg6/LRikU1RHLapl+Je5LNhDQ6075NLxOsLXsfCKUo25LnOuhxBhoapA8772pJw3b4KNOgXdcCfznyhtwr8DBzT+ZlOeEXpy7EiYT2/4w039/smdDLR0HXAZFwDzauyAgRXrfBUImwHoQN+W1CG7PZGbkoNJtDT3q++zCZ6FNYp31KEbqqtmXDgs52jHB+NtFfkZWX4MTgktcefhqeUKIv2jY8MjVv3N3NtO3lBp5G6bCrddnhWjqcgH4FjeluRI5Q/HBsQHp/VFNmm4rBNvRRK4mG4VIOJ3otgPTQx/SyVZr9kZGbgO2DyqJnvoXCqI0S84H+r4oVNUQd8QOgP3ROUSERqYLXNME6EVcea9cV02rgSN0R+PFYIwqWep9Bf1XvS6toMGF/LwycH+c9u1SG3bWDjvGMzCB1w6qR9pcOclGMfWJ3epnEZi8Lop9qabnTAuO5/e0Waem9jOqUIg1QcDq6NnRDeOaUbytBppC6bSjcs+4vDQAf38eln7btd1Maf9mj0u8Hw8INeoBPa2FWNPoB9wNzl8NAZejpOfwQynaoMabMwMEnu9XOxMo2KGvBV4enwhOX9AKeTud87CPfi9iicfgQOR9x6vt8Nfx3OSAfylN+QdDBQ9T7otDl1ov3KMiQcpsFaVtVgeDk4pF8ReH/rUGQoH5b7NRIZvTYhyxVR9uPB84dcH85V6n9EX9sryq/nZK+omH8h/G+RrEzwSJS+Hyl+iHByJSrQa6oum0o3KHqHt1Sg1u+1fxJS3uGrCalhcFloxP3TcLyhP8EmL4BdalQq96vk2aTk6OsofFwe+Vkppd8PGWk3MQNWmTuhZzH+BbxPXYywLT0DVhrofw+O6cowfSJPjBUInxXqtHwN4gw4kfXKIq3waJsgHPjGxS8MYzsIM+BfRSXXykvl2XxhQXMiSSfV1pQZrI57zPGhIvW1vSK9XZRoROGAdTzP7W7wodWlWyJfTxF+eZEt8Y3UZVPphljUfgkDJztyry8KhVSqA8bgp6ER90vAO0WyToL3M7q9p4oD9DX6uzNhMzUhsyiNwNcQLweW28GFZwHS5rWlGoHH9DpetLUl5KrnS79tjOmLsWAEw/Mo0xrUx7rwkfD8IS/jI1H+tfqydCQbtmAT7dW2CZDazVgTJvwA+4Vn6tIoUnvy7VYQm6rLptIdh6gbHXC8/CzndTtg2Vbax5FBAd1QEFcUdUcicpmEzKI0Au9FfCodnmZa28N9mZnQAPyWdLW1EdP7WgLtRy0bRV6I3axINopBreBo9quPJegQWozDsJV5diLDGyRkwyRqor16dQKgOQlZWVFq8tKuA26qLptKdxzLjjpgXmLtse0y7u2Fm9/QoN0VyZJB9G4i4uYocmf8ajTbDdJstg6lOuBaS+N1Eh8BGx180sDsCPhiuJ9fFfsS6cW0R0uQXcP4lH4YP0r3mo1sCR8A38h7lg1MhrGMNyYyfVhCNkyivrZX1L/af/02OqQFBOaGgor3qbZzRhsfTdVlU+mOw9FRB4yXreD4cEfZ2W+WiZ9kN62rlpG2j2T9Dj6ZSLAvs7hEuqMgmkkhruOFf32vC8Og7grS+GWUzvqk/UFk8WDxcvQvjXQHOXg4mZtegf8G3bfD6nCvgUNakcDp4HJUKByi+7g8yvpbKM+34WGf3Vethrrt1RokFO/P3ss78XTVDAT6qRnwekF86rapumwq3XEMOu2ANcuJ6ZxY0CYc7wNLvZvL0G2Sd3QOApq5rlySdXBkc1hLz5fAKdJPd35K49iPpfzUrPZk0tcecEgpvTB+0O4fpHGcU4Fno3sOfAwFeS38Kfi5qFAHUSfvjmQDH6RM2m44MZFR/ZRRS+3fgt8Jr5TQsegFBF6RAOJ+MNNhqlqMv3hfVUkU7s03VZdNpRti3u0O+D6cXx0mUOL+SnQejPTezgPgGWcESp+Dz/CAzivJGjXr3zieAe9APj+fk9epyD+XE9c1MXm4AGfXtnGo/J7fRmdkoinr8/BXKdBxiULpIwqLJ+SDLtLM/u5EJrUFsg/8A1i/870PvhDWmYSNE/qTVZRaKdBy8fMd8KwEmIUdcEu/qbpsKt2xYmsPtxbxIKuipkXGzxLWyDMStw3GSx6aeWnEflVbSysMIgJHkCnNqjZKZG5/no9v0hnMScR1U6Q8ZN91TvlV/GSkwyi0vn4Vzn7WJLwbfAY8NMQzpK83abXsFHj9goy/krg3t/gIbHRGRYOvY/Exm+tkpX6sRgnbtuk0VZdNpZs9cJ3MgFPLz6vjeO8arOXJmFL+Yx2HBxABHmqNoE/KyZpmWuoAek1nksBNOYlI/uOcuJEWUzcPU8ArE4Vs+8WihE3jIsqjFbdN4UPgeCCflz+1N2qndC7hQHjRPMURl8f7v70qbql0mqrLptIV2LVnwNj2uoPUyPZgZdI0lAj8sSDXPf+5CC+Vvmp2JHn4biIfo/A72ESxSotSqw/blrYeMEXqWitvh1Pf3+H6Vngm/Ca43cxrCXSOhnfF9m/x8yT3k4meSBT2T8guS8g7Ec0va9xUXTaVbq0OmId1LQDVqLOXtC7pbAAwk3mJqJf49tr37QUJFC0XFphVjjodCy25rhFYKl+nBeHJeJvqgLXtM9REW3EPBThBTNuhtu01sH5mswn8enhDOEWK09mEz6YiR1j2aKJsfwTHXRLyvoqaqst+p1urA6Ym3pGojcuR3ZKQlxXp5Yh/FK5ZtjvgsggOlt4zBdnR4IpnfUrlwwIFPheKwr/+GcNXiPhaEHk08ueC8GS8fTxRaH2CdVmwSTXKCfXBFrXq+ApyKR4jyrcmN++ED4HjZVF9XvNU7CZTe5Oq6ylgM1DUVF32I926HbA6xpj2JcPXx8KyYR7+bdC9NNLXMvRkPSwTQTFSQS39LQZr6bDXdCIJaHajgzjz4JNgUxoB7d2PLNE+zaVw+grY2Vx/Bq8NZ6Tn8WPw/plgElxTHfCKw1Dupuqy2+lWPoTFwzuVCtoqqqS5nXS+LV8aqT4S+d2S9FaNZA4OBwJFg7u7eV760fnq+7RPAdexLcj+g3DZgzrDgXK9XKZmOQ+ATWpmnEphfkL4soRsIEWUUyt1+vlJTOvFghEP30H54jrX/wZ+ybCUu6m67Fa6lTtgKkb7A/GpwfM6rTAKpGVBjUpDUkORWu4OdXw/mAisXpCtWwviehF1HE5vg7/VC+dD6DM1yyk6NBcXMXV4p6i+Y/swvHgY6Nc97c1ZpPVglN66UXikg2CggVTqa1DhysDAY9BUXXYj3TodcGr5+dwu1VLKj5ahTcOHQNFLXKWx77jkvCiP4USnXOPRfse+h9TB9ES+q9SJ8IxpjVjQLsxMS9sCU9vp9TBeg7KQVgsDk+T+/xPlLHp3E+oTRdTry2FtM/WTmqrLjtKt1AED6ktB9C0Rqn8mfEkkqxvUDPj5yHhb0l02kjk4+Ai8qyCL/Z4Bayl6TkF+JlvUOokCV+mAH0jYp3wm1CaINpsQqhGgbVilhllmsiC7aV1vj8KTIRifu1GZ9VGWTuhQjK+ibiot6TdVl02lK4ArdcDoq/ON9wcuonErOvGqdEoRfvSRgCsiZR2OeGskc3CAEeCB3oPsbVOQxasL4hzVQwSomy1x/8ZEEr9LyPJEKd2N8a2f81Shnaooh7qkpW8V6ze8+q9OG4VxZe5lj15sd0MZ2xHTuYDy3BmV6YPgU+uTndi9Cl/7wTPgawh/mGshqS7gvtdlU+mGYFTtgHu5/Jzly8vQGRJDdOVhXgreAv422T61IOtXMdC6uCDeUT1CQA0Orr8Kx4ewbkZ2dtlkqT/tnd6R0P9cQpYUkZetiVBDXZmwXQqjn8AHwrrXP/nQcnYVei3KWtELadJ1wNSlVhxPDEHgXs/JUZGsbZA6WAYlvfuLt5R1MO+Ylrwlmnhpqi6bSndi6St8CYsML4rxLpEDLeF0fAAr8qkOOK78maS/JA/LyJ9gpZzvo/xxY6JZSx7pH97HJ44fA6vv5hmUlOtfu5XdM1WDrpetDB1SRsk63UWAutRs7wT4dQnPh7Ya4kRUrugUYuIOV//L+5/wdWyuFRHo6EMssr8S3hyOV9UQFdLpxIZt0VqEf43f3Uj7ukJLItFTx3tSQu/6hGwyiI6nkP8MLxsUdidwkvxTYKptxkJCdyoKF8LxtsLB2D9WYNxUXTaVbgEUBVEAvC0c06wCk9pRJDInTohw+MIt5Jv4tRM2eiAqE37+K+Gr9nJZlQyQ7qxE2lVFpfbzcLpcVccd6v+yIhZF+Tugiq+qupTz4wVlXa2qv6r6pH12Iv1zkX22Ah+Grv7n79Xws3CKrkeoGU8lwmZ5+PGUQ2Q/gteMHSJTfeqfISgvT8MrwXfDIelnY4WE8gbwI6FR6/5JrsJHnUGSiNsUvgSOaTaCUgeH0Ou4remGj6yA+Oq4vcKHlp1TdCvC7eDkM4L8lfCh8ANwTFcgiFdbsmyPXYlvpC6bSndC4QnEM6c4Pgz3Y/k5S0+z6k9mgdZ1V67nRjIHhwcBrV5oydBUHwGdhRB3i+bj6CBmKLpWImweohE7DqODEoa7I9ud+Ee5/hZ+Bt4QXhXO6Dv4mIdOFi59xU6d5d9joEObYRummfQX4c8Tr7biJngurE5Ah8Q2gvWd6LgzUfn3xK/yOSmJsp8CZm+n8Kq7kKYTuAR+ivjZXH8Pa0Y7rcUbcE0NXO5E/iH8FlZwU3XZVLpgUo8A/zY4pi3reSu2IpEd44QIj/2j6DxL4jselWa+8dXxiDLzVfVK2qM4A9ZsJz493xYabDwDBoQe0fP4/UDbSihQwF6zn4dr5O8+bNSAazm48gw4yxK2aifkq1MqXDLP0suuJNZxW9MNH0F+utJekafF4e/DndINOFg9y1+ZK/pN1WUj6WaYxCPBTD7hCjibIlhzgvCFz/pdE8m6FfwFjp6InK1AOHV6M1JzcMAQ0D7fFow4a20HDFhZRiU7Omy0HXWiAzO1Cfv7MdYg/NoKTv6E7kxsb69gk1TFxwVEqG2q+2ypjfkMnJrFI55cBJ7PUuL3wkfCuq9DqpOt8aUZcGlqqi6bSjcDplQHjHJq+fk8Ml+4vJAlUvWKXy0FXZSwS+UjoWZRgwjop2RaptLJyjfBW1Gff+Bqag4BdXpaPtTBE71DM6iTy7h2TPiZg5M3wMe3caa24iewGue2B6Xa+BqPxpe+761l5Z3hH8NlOg7lRYOPdbHXP+coY4P66BNYzIf/hZJqafl7sNridqST1D+At8RWg6uH2hmk4rFrpC6bSlcYFG6Qp0CyzAgYASOQQoCVslWQz4A3a121JzsXvg3+OQ1d6vfDRHWPyMNUvKlDngZrGVSsDuLmFt/C9Ubyci9XUxsEwFMnxreHt4ZXhrUSqX5DA6+MrwXPjlc08DeBmqrLptKdUHgHjIARMAJGwAgYASNgBIyAETACRsAIGAEjYASMgBEwAkbACBgBI2AEjIARMAJGwAgYASNgBIyAETACRsAIGAEjYASMgBEwAkbACBgBI2AEjIARMAJGwAgYASNgBIyAETACRsAIGAEjYASMgBEwAkbACBgBI2AEjIARMAJGwAgYASNgBIyAETACRsAIGAEjYASMgBEwAkbACBgBI2AEjIARMAJGwAgYASNgBIyAETACRsAIGAEjYASMgBEwAkbACBgBI2AEjIARMAJGwAgYASNgBIyAETACRsAIGAEjYASMgBEwAkbACBgBI2AEjIARMAJGwAgYASNgBIyAETAC3UDgr20d1JWzO2NHAAAAAElFTkSuQmCC" data-testid="IBMLogo"></div></div><div class="MainMenuHeader--wrapperRight--1doyc"><div data-testid="Search" class="Search--Search--1e_6v" role="search"><div class="SearchCombobox--Combobox--2bl2b"><div class="SearchInput--SearchInput--ce1vD SearchInput--enableSearchIcon--1PPc1" role="combobox" aria-owns="LocationSearch_listbox" aria-expanded="false" aria-haspopup="listbox" aria-label="searchInput"><p id="SearchAccessibleHint" class="Accessibility--visuallyHidden--2uGW3">Type at least three characters to start auto complete. Recently searched locations will be displayed if there is no search query. The first option will be automatically selected. Use up and down arrows to change selection. Use escape to clear.</p><label class="Accessibility--visuallyHidden--2uGW3" for="LocationSearch_input">Search City or Zip Code</label><input type="text" role="textbox" id="LocationSearch_input" data-testid="searchModalInputBox" class="SearchInput--InputField--73wGA Search--inputClass--2Grs8" placeholder="Search City or Zip Code" value="" disabled="" autocomplete="off" autocapitalize="off" aria-describedby="SearchAccessibleHint" aria-autocomplete="list" aria-controls="LocationSearch_listbox" aria-multiline="false"><svg set="ui" name="location" class="SearchInput--searchIcon--1_HVj Icon--icon--3wCKh Icon--lightTheme--3NMAI" theme="light" data-testid="Icon" aria-hidden="true" role="img" viewBox="0 0 20 20"><title>Search</title><path d="M11.493 3.54c-2.284 0-4.142 1.866-4.142 4.16s1.858 4.16 4.142 4.16c2.284 0 4.142-1.866 4.142-4.16s-1.858-4.16-4.142-4.16zM7.026 11.72c-0.954-1.068-1.541-2.475-1.541-4.020 0-3.327 2.695-6.033 6.007-6.033s6.007 2.707 6.007 6.033c0 3.327-2.695 6.033-6.007 6.033-1.103 0-2.133-0.305-3.022-0.828l-4.327 5.099c-0.185 0.217-0.447 0.329-0.71 0.329-0.215 0-0.43-0.073-0.605-0.224-0.392-0.336-0.438-0.927-0.104-1.32l4.303-5.069z"></path></svg></div><div role="alert" class="SearchResults--SearchResults--LUsso SearchResults--roundedCorners--1Qz8- SearchResults--shadow--c3ZQy"><div class="RecentLocationTitle--RecentLocationTitle--3wSzC"><h2 data-testid="recentLocTitle" class="RecentLocationTitle--RecentLocationTitleText--1CK3j">Recent Locations</h2></div><div class="SearchResults--NoResults--3q1Yh">You have no recent locations</div></div></div></div><div data-testid="languageSelectorSection" class="LanguageSelector--LanguageSelector--2-lpw"><button data-testid="ctaButton" class="Button--default--3zkvy" type="button" aria-haspopup="menu" aria-expanded="false" aria-label="Open Localization Menu: US °F"><div class="LanguageSelector--menuButtonInner--1PGXt"><svg set="ui" name="globe" class="LanguageSelector--globeIcon--7F9Pf Icon--icon--3wCKh Icon--lightTheme--3NMAI" theme="light" data-testid="Icon" aria-hidden="true" role="img" viewBox="0 0 24 24"><title>Globe</title><path d="M14.227 8.016h-.141c-.047-.023-.352.305-.352.305s-.234.094-.258.141c0 .047-.07 0-.023.07.023.07.164.023.234-.07.094-.07.258-.117.328-.164.07-.07.094-.047.234-.117.141-.047.234-.07.188-.141-.023-.023-.07-.023-.117-.023h-.117zm-1.243-.375c-.117 0-.258.047-.328.164-.047.117 0 .305-.023.398s-.047.305.07.328c.141.023.141-.188.117-.234s-.023-.281.047-.328c.047-.047.117-.164.258-.164.141-.023.258.094.234.211s.023.234.07.234.211-.094.164-.164.047-.352.047-.258.117.164.188.141-.07-.258-.164-.258c-.094-.023-.281-.023-.328 0-.023 0-.094 0-.164-.023s-.141-.023-.188-.023h-.023zm-.679-.305c-.164.07-.234.047-.234.141 0 .07.141.07.211.047a.708.708 0 01.258-.07c.047-.023.023.07.141.07s.281.047.305.023.164-.164.047-.188c-.094-.023-.234-.117-.328-.188-.023-.023-.023-.023-.047-.023-.094 0-.234.141-.398.188zM6.68 7.242c.07.047.211.047.211.117s.047.234.117.211.07-.164.023-.211-.258-.211-.305-.211-.117-.07-.164-.094h-.023c-.07 0 .07.164.117.211zM2.953 5.555c-.141.094-.211.047-.281.117s-.281.141-.211-.023.07-.188-.047-.141-.141.141-.141.211-.188.164-.188.164.164.023.234 0 .023.141-.047.188-.164.141-.281.117-.117-.117-.188-.141c-.047 0-.094.023-.188.07A11.924 11.924 0 00.045 12c0 6.563 5.344 11.93 11.93 11.906.984 0 1.945-.141 2.859-.375a.174.174 0 01-.117-.211c.047-.141-.07-.141-.141-.211-.07-.094.094-.141.07-.188s-.141-.023-.164-.117.094-.258.117-.281c0-.047-.094-.141-.117-.188 0-.047.047-.117.164-.234.094-.094.164-.234.164-.281s-.07-.164-.07-.281c0-.094.07-.141.094-.305 0-.141-.094-.117-.094-.211 0-.117.141-.07.117-.211-.023-.117.07-.211.117-.281s.07-.211.141-.305c.047-.094-.047-.305-.047-.352s.164-.094.094-.188c-.094-.07.023-.141.117-.211.07-.07-.023-.258.047-.516.047-.234.07-.656.07-.703s0-.211-.047-.305c-.07-.117-.141-.188-.234-.234s-.211-.164-.281-.188c-.07 0-.398-.117-.398-.328 0-.188-.234-.328-.258-.469s-.211-.422-.234-.563c0-.117-.305-.164-.328-.328-.047-.164.141-.258.164-.352s-.094-.305-.117-.375c0-.047.211-.258.281-.305s.141-.211.188-.211.047-.141.094-.305c.047-.141-.023-.352-.07-.375s-.094-.188-.141-.258c-.07-.047-.188-.023-.188-.023s.023.141-.094.188c-.141.047-.164-.023-.188-.047-.047-.047-.188-.047-.258-.117s-.164-.164-.258-.188c-.07-.047-.211-.07-.188-.234 0-.164-.164-.258-.234-.281-.047-.023-.164-.094-.234-.047-.047.023-.094 0-.141-.023s-.094-.047-.141-.047c-.094 0-.281-.164-.352-.234s-.117-.164-.234-.164-.141.047-.211.141c-.094.094-.211-.07-.234-.117-.047-.047-.141-.047-.281-.047-.164 0-.258-.211-.305-.234l-.516-.258c-.094-.047-.188-.258-.141-.305s-.07-.234-.07-.234-.188-.211-.258-.211-.281-.375-.398-.492-.398-.352-.445-.469-.07-.305-.188-.211c-.141.094-.023.188.117.305s.117.211.305.352.117.305.188.352c.07.07.352.234.234.328-.117.117-.234-.141-.305-.141-.047-.023-.164-.047-.164-.117.023-.07-.094-.141-.188-.258s-.141-.047-.258-.047 0-.141.047-.211c.07-.07-.07-.164-.141-.188s-.188-.328-.305-.516-.188-.281-.305-.258-.164-.141-.258-.188c-.07-.047-.211-.305-.328-.445-.141-.141-.258-.398-.234-.539s.047-.516.047-.609-.07-.328-.07-.352c0-.047-.07-.117-.117-.117-.047-.023-.211-.211-.328-.211s-.188-.141-.164-.234c.047-.094-.117-.258-.164-.258-.07 0-.164-.164-.211-.258s-.141-.094-.117-.047 0 .141.047.164c.07.023.117.234.07.281-.047.023-.188-.094-.305-.141-.141-.07-.07-.328-.07-.398s-.188-.141-.281-.141c-.07 0-.164.023-.164-.164 0-.164-.258-.258-.328-.258-.094 0-.516-.164-.656-.164s-.375-.117-.445-.07-.234-.094-.305-.094-.07.047-.234.141zm11.203 6.703c.117-.023.211.188.047.211h-.023c-.117 0-.141-.211-.023-.234zm1.782-.141c.117-.023.211.164.047.211h-.023c-.117 0-.141-.211-.023-.234zm-.774.164c-.07-.047-.117-.094-.234-.094-.07 0-.234-.023-.234-.023s.234-.211.328-.211c.094-.023.211-.047.305-.023.117.023.281.094.281.281-.023.164-.094.023-.141.023-.023 0-.141.07-.234.07h-.047zm-2.062-.773s.328-.094.398-.094.281 0 .398.094.305.211.398.188.258.141.234.188-.234.047-.305-.023c-.07-.047-.305-.164-.375-.234-.047-.07-.352-.047-.492-.047h-.164c-.07 0-.141-.023-.117-.094zm1.007-.375c.117-.023.211.117.047.141h-.023c-.117 0-.141-.117-.023-.141zm-.375-5.86c.117-.047.164.07.094.117h-.047c-.094 0-.164-.07-.047-.117zm-.515-.093c.094-.094.234 0 .188.047 0 .023-.023.023-.07.023-.07 0-.164-.047-.141-.07zm-2.578-1.711c.07-.023.305-.047.352 0 .07.047.117.234.07.258-.047 0-.023.07-.188.164-.164.07-.211-.164-.234-.211 0-.023-.07-.023-.141 0-.047 0-.094.023-.141.023-.094 0-.141-.141-.07-.188.047-.047.141-.023.211-.023h.141zm.656.094c-.023-.07.258-.188.328-.211s.141.047.234.07c.094 0 .07.141 0 .164-.07 0-.258.023-.375.047h-.047c-.094 0-.141-.047-.141-.047zm-.024-.375c.047-.117.281-.07.305.047.023.047-.047.07-.094.07-.094 0-.234-.047-.211-.094zm-.539-.211c.164-.023.234.07.234.117s-.117.188-.234.164h-.07c-.047 0-.047 0-.094-.07-.047-.094-.328-.047-.375-.047s-.094.164-.164.188-.117-.07-.07-.07c.023-.023-.047-.211.023-.258.047-.047.281-.047.469-.023h.281zm-3.468-.071c.047 0 .398-.117.586-.141s.258.07.281.117.445.07.445.07.211.117.234.141c.047.023.141 0 .188-.047s.07-.117.211-.141.141.117.234.141c.07.023.117 0 .188-.047.094-.047.141.047.141.047s-.047.164-.047.234c0 .047-.094.07-.117.117s-.305 0-.422-.023c-.094-.023-.328-.023-.398 0s-.258.023-.328 0-.07-.141-.141-.188c-.047-.047-.188.07-.258.094s-.188-.117-.164-.188c0-.07-.258-.023-.305 0s-.234.023-.352.023-.211 0-.188-.047c.023-.07.117-.07.188-.07s-.047-.117 0-.117zm4.922.399s-.258-.07-.305-.164c-.07-.094-.305-.094-.422-.141s-.281-.117-.375-.164-.047-.188-.047-.164.188.07.305.094c.234.047.211.047.305.07s.281.164.375.211c.07.047.164.117.258.117h1.102c.07 0 .422.07.398.094s-.047.094-.211.094-.469-.023-.68-.047-.398.023-.398.023l-.281-.023zm-3.61-.586c.164-.047.305-.164.422-.164s.047.188.047.234c.023.047-.117.07-.188.047-.047-.047-.234.023-.305.023s-.094-.094 0-.141zm1.195-.117c.023-.117.141-.094.258-.117.117 0 .281 0 .422.047.164.047.141.047.211.117s.094.188.023.188-.117-.023-.258-.047c-.117-.023-.094-.047-.117-.094s-.258 0-.352 0-.188-.047-.188-.117zM3.234 3.961c.188.023.469.023.516.023s.328.094.492.047.258.023.305.047.07.023.141.094.141.023.234-.047c.094-.047.07-.117.07-.117l.094-.023c.07-.023.141.023.352.047.234.023.164-.047.328-.094a.474.474 0 01.258.023c.047.023.094.047.117.023.047-.023.117-.117.164-.07s.117.164.117.164.164-.141.211-.141.211.047.305.047c.094-.023.445-.023.539.047.07.07.281.047.398.117s.211-.047.164-.07-.188-.141-.188-.141-.211-.234-.234-.281-.07-.047-.117.07-.258.117-.492.117-.07-.117-.328-.117c-.258-.023-.164-.117-.07-.117.07 0 .141-.164.164-.258s.117-.07.305-.07h.422c.094.023.141 0 .188-.023s.094-.047.188-.023c.188.023.094.047.188.117.117.07.164.047.328.117.141.07.094.07.164.07.07.023.281-.023.422-.047s.234-.023.305.047.047.164.141.234-.047-.234-.047-.352.188-.023.305-.023.258-.047.281.023c.023.047-.188.141-.07.258s.211.164.305.164.352.023.234.164-.398.141-.492.141-.258.047-.211.141c.047.07.258.047.398.047s.609.047.727 0 .094-.188-.047-.234-.023-.117.117-.094c.07.023.117 0 .164 0s.094-.023.07 0c-.023.047.023.141.023.234 0 .117.047.164.141.141s.117-.047.211-.047c.094-.023.047-.234-.023-.352-.047-.117-.094-.188-.07-.258 0-.07.164-.07.234-.023.07.07.188.211.188.211s.164.094.211.211.07.07.188.023c.117-.07.141-.047.234.023s.023.211.023.234c0 .047.117 0 .141-.07 0-.094.141-.094.188-.117.07-.023.07-.188.07-.188s-.164-.047-.352-.023c-.164.023-.234-.023-.375-.117s-.047-.164-.117-.258.211-.141.398-.234c.164-.07.328-.023.305.164-.023.211-.047.164.141.141.164-.047-.047-.211.07-.234a2.67 2.67 0 01.398-.047c.094.023.516-.047.633-.047s.281.094.398.164c.141.07.469.164.539.211.094.047.633.117.703.141.047.023.047.188.117.328.047.141.188.047.258.047.047 0 .234.094.281.164s.445.117.445.117-.117.117-.141.164c-.047.047-.164.07-.211.117-.094.047-.164-.023-.281-.07-.094-.07-.281-.117-.328-.094s0 .07.023.117c.047.047.211.094.328.188.141.07.094.164.117.258 0 .117-.094-.047-.234-.07s-.141.117-.141.117-.164-.023-.234-.023c-.094 0 0 0-.164-.117-.07-.07-.117-.023-.141 0s-.023.047-.07.023c-.094-.047-.164-.141-.188-.117s-.07-.023-.117-.047-.094-.07-.141-.047h-.211c-.117 0-.234-.023-.281 0-.07.023-.141.023-.211.047-.094.023-.094-.188-.07-.258.047-.07.141-.07.328-.047.164.047.188 0 .234-.07s.07-.141.258-.188 0-.094-.07-.117c-.047-.023-.117-.07-.164 0s-.141.164-.141.164-.094 0-.258-.023-.047-.07.023-.094c.047-.023.141-.188.07-.234s-.094-.07-.211-.047-.047-.094-.117-.141c-.094-.047-.047.023-.047.07s-.117.047-.117.047-.188-.023-.258 0-.188.07-.141.117.164.047.211.164-.164.141-.211.164c-.047 0-.188.07-.188.07s-.164-.047-.305-.047-.164.023-.141.07.094.023.141.023.047.07.141.047c.117-.023.094-.07.211.047s.211.094.398.188-.023.211-.117.211-.094-.07-.141-.164c-.07-.07-.281.023-.281.023s-.188.094-.281.094-.164-.023-.047-.117-.141-.094-.141-.234-.047.141-.047.211c0 .047-.047.047-.117.023h-.211c-.234.023-.188.117-.492.305-.281.188-.352.234-.328.398s.094.117.211.164c.117.023.07.234.188.211.094-.023.164-.07.352.023s.281.117.516.164.375.117.492.07c.141-.023.188 0 .188.117 0 .094.094.117.07.234 0 .117.141-.117.141-.117s.07.211.023.234c-.07.023.023.141.07.141h.07c.047 0 .117.023.164-.023.07-.07-.047-.258-.047-.352 0-.07-.07-.117-.117-.211-.047-.07.094-.094.164-.023.047.07.141.023.234-.047s.094-.188.094-.188-.164-.211-.281-.258-.047-.07.07-.094 0-.07.023-.211c.047-.141.047-.234.117-.234.047 0 .305-.047.492-.023s.305.164.422.164c.141 0 .352.047.398.117s-.164.07-.047.188c.094.117.094.094.188.141s.211.023.328-.141c.094-.164.164-.164.211-.117.047.023.305.328.375.398s.188.211.211.281.188.07.258.07c.047 0 .258.141.281.234 0 .094.047.117.234.141.188.047 0 .188-.023.281-.047.07-.047.117-.117.211-.023.047-.023.047 0 .047s.047-.023.07 0c.07.047.094.094.188.07s.141 0 .188.094c.047.07.117.141.141.211s0 .164-.07.117c-.07-.07-.234-.023-.234-.023s-.094.07-.117.047c-.023-.047-.07-.094-.188-.07a.204.204 0 01-.164 0h-.117c-.094.023-.141-.047-.07-.117.07-.047.07-.258.211-.328s.094-.211 0-.211-.141.117-.188.141c-.07.023-.141.023-.258.094-.094.07-.352.047-.234.07.094.023-.164.141-.211.141-.094 0-.07-.164-.07-.234s-.117.047-.117.047-.211-.117-.281-.047-.188.117-.305.211c-.094.07-.328.211-.328.211s.094-.047.234-.07c.164-.047.141-.023.281-.094s.258-.094.375.023c.094.117-.023.188-.023.188s.047.094.117.117c.047.023.047-.023.141-.07s.047.117.07.164c.047.047.117.047.188 0 .07-.07.094-.117.141-.07s.07.141.117.234-.258.117-.328.141c-.07 0-.305.07-.352.07-.047.023-.164.141-.281.141s-.094-.164-.117-.258c0-.094-.117.023-.141.047-.023.047-.141.023-.234.047-.094 0-.258.094-.258.211s.094.164.07.211-.258.094-.352.07-.234.047-.188.094.047.141-.07.117c-.094 0-.094.094-.07.164.047.07-.117.211-.141.141-.047-.047-.117-.07-.117 0s.023.141.117.258c.07.117-.164.164-.281.258-.094.07-.398.352-.539.398s-.141.234-.07.305c.094.07.141.352.188.445s-.023.352-.141.352c-.117-.023-.07-.164-.188-.211s-.188-.281-.211-.445c-.047-.164-.07-.07-.141-.023-.094.047-.164-.117-.188-.141s-.117 0-.211 0c-.07 0-.164.023-.234.023-.164-.023-.211.07-.211.094 0 .047-.023.164-.188.07-.141-.07-.164-.07-.328-.07-.141 0-.281 0-.305.047s-.164.164-.258.188-.281.164-.188.188c.07.023.07.211.023.328s-.047.305-.023.492.188.305.328.422.211.164.352.047.211-.047.234-.023c.047.023.141-.07.117-.188-.047-.117.047-.234.188-.211.047 0 .117 0 .188-.023.07 0 .141-.023.188-.023.117 0 .141.258 0 .375-.164.117-.07.281-.094.398s-.141.141 0 .141.094.023.188.047.164-.07.281-.094c.094 0 .328.211.281.305a.983.983 0 00-.07.469c.047.164.07.164.117.234.023.047.141.164.258.117s.234-.094.281-.141.305.094.281.141c-.023.023.094.07.164.023.094-.023.117-.094.188-.211a.672.672 0 01.281-.211c.047 0 .211-.164.328-.141.094.023-.047.164-.047.234 0 .094 0 .305.047.328.07 0 .047-.164.117-.281.07-.141.211-.188.281-.188s.117.258.211.211c.094-.07.281-.047.328.023.023.07.07.117.07.117s.07-.047.07-.117c0-.094.211-.141.352-.07s.094.094.164.117c.07 0 .141-.164.164-.188.047-.023 0 .211-.094.328-.117.094.07.07.094.117.023.023.047.023.094 0 .047 0 .117 0 .141.023.047.047.164.094.234.258.094.117.211.094.375.07s.375.07.539.258c.164.164.117.305.234.305s.141.141.141.188-.234.164-.352.188c-.141 0-.141.141.07.117.211-.047.117-.117.258-.141.141-.047.258.047.164.211-.141.164-.375.164-.164.188s.094-.047.211-.188c.117-.164.117-.117.188-.117.094 0 .258.047.328.094s.234.141.352.188c.117.07.258.047.328.023s.328.07.398.188c.07.094.258.117.375.164.094.047.234.188.234.328.023.141-.141.422-.141.492-.023.047-.234.305-.422.469s-.07.352-.07.422c.023.07-.141.375-.094.445s-.047.211-.141.328c-.094.094-.141.258-.188.352-.07.094-.234.07-.398.117-.164.023-.234.07-.234.07s-.305.117-.445.234c-.164.117.047.305-.023.445s-.164.141-.234.305c-.047.117-.094.094-.117.07-.023 0-.047-.023-.07 0-.07.047-.117.141-.117.258-.023.094-.141.211-.328.375-.164.164-.281.141-.469.07-.188-.047-.164-.516-.188-.445s-.023.305.023.352c.023.047.117.211.164.234.07.047.047.117 0 .164-.047.07-.211.305-.258.328s-.469.07-.563.023c-.07-.047-.117.094-.117.188.023.094.094.164-.07.141s-.352-.117-.352-.047.047.211.117.211.164-.047.117.047-.141.164-.211.211c-.047.047-.117.164-.258.258s-.141.141-.117.188.234.023.281.047-.047.211-.094.258-.281.234-.375.281-.094.211-.047.328c4.453-1.406 7.781-5.344 8.273-10.125-.117-.094-.047-.211-.07-.328-.023-.141-.164-.188-.094-.211s.047-.094.234-.281c0-.141.023-.281.023-.422v-.094c-.047-.094-.117-.258-.023-.422a11.765 11.765 0 00-2.766-7.125 5.65 5.65 0 01-.398.047c-.094 0-.234.211-.258.258s-.328 0-.422 0-.188.117-.375.141c-.164.023-.094.141-.07.234 0 .094-.047.141-.141.117-.117-.023-.094.047-.117.117s.023.188-.094.281c-.094.07-.141.117-.258.094-.117 0-.117-.211-.141-.188-.047 0-.234.141-.281.07s-.281-.234-.375-.258c-.094-.047-.164-.188-.188-.258-.047-.07.117-.07.07-.07-.047-.023-.211-.047-.258-.094s-.141-.258-.164-.328c0-.07.141-.164.141-.211 0-.023-.141-.023-.188-.023s-.117-.141-.047-.281.211-.094.211-.094h.117c.07 0 .047.164.023.234s.047.07.094.094.07-.07.07-.117c0-.07-.117-.211-.188-.281-.047-.07-.234-.094-.258-.047s-.164.234-.211.188-.047-.445-.117-.563-.328-.141-.445-.211c-.094-.047-.492-.117-.563-.117-.023 0-.094 0-.141.023a.482.482 0 01-.258 0c-.094-.023-.094-.211-.094-.211s-.07.188-.094.234c-.047.047-.141.07-.188.047s-.164-.234-.281-.258h-.117c-.047 0-.094 0-.164-.047-.141-.117.258-.094.281-.094s.328-.07.352-.141c0-.094.094-.188.234-.141.141.023.211-.094.188-.211s.258-.234.305-.164c.047.047.281 0 .211-.117s.281-.211.609-.234.422.023.492.07.281.047.398-.023A11.889 11.889 0 0011.992.304c-3.469 0-6.586 1.5-8.766 3.867z"></path></svg><span data-testid="languageSelectorStatus" class="LanguageSelector--LanguageSelectorStatus--mXkYQ">US</span><span class="LanguageSelector--unitDisplay--23xY5">°F</span><svg set="ui" name="triangle-down" class="LanguageSelector--arrowIcon--3mk5k Icon--icon--3wCKh Icon--lightTheme--3NMAI" theme="light" style="width:17px" data-testid="Icon" aria-hidden="true" role="img" viewBox="0 0 24 24"><title>Arrow down</title><path d="M23.765 5.167h-23.53l11.75 13.666 11.779-13.666z"></path></svg></div></button><nav class="ExpandableMenu--ExpandableMenu--2HGl7 ExpandableMenu--fullWidth--1M1DN LanguageSelector--LanguageSelectorMenu--274U0" aria-hidden="true" hidden="" tabindex="-1"><div class="ExpandableMenu--inner--39JQs ExpandableMenu--bottomRoundBorder--NTgMw ExpandableMenu--outline--CVSXy ExpandableMenu--fullWidthInner--1_Onm"><div class="ExpandableMenu--innerPadding--1vQiV"><section data-testid="unitSelectorSection" class="UnitSelector--UnitSelector--3kjjU LanguageSelector--unitSelectorContainer--W3U-M"><div class="UnitSelector--TabListWrapper--2P9kq LanguageSelector--unitSelectorWrapper--2c_s6"><div id="UnitSelectorTabs" aria-labelledby="UnitSelectorTabsLabel" data-testid="unitSelectorBar" class="UnitSelector--UnitSelectorButtonList--2CI6c"><button data-testid="ctaButton" class="UnitSelector--UnitSelectorButton--3T5e1 UnitSelector--selected--G1371 Button--default--3zkvy" type="button"><span class="UnitSelector--UnitSelectorButtonTextF--2KVHq">°F</span></button><span class="UnitSelector--divider--18ehy">|</span><button data-testid="ctaButton" class="UnitSelector--UnitSelectorButton--3T5e1 Button--default--3zkvy" type="button"><span class="UnitSelector--UnitSelectorButtonTextC--3bate">°C</span></button></div></div></section><details class="LanguageSelector--LanguageSection--3gFMn Disclosure--themeList--25Q0H"><summary class="Disclosure--Summary--UuybP CountryList--Summary--CQ0mX LanguageSelector--Summary--58hmO" role="button" aria-expanded="false"><div class="Disclosure--SummaryDefault--3xAWB">Americas<svg set="ui" name="caret-down" class="Disclosure--SummaryIcon--1kGJk Icon--icon--3wCKh" data-testid="Icon" aria-hidden="true" role="img" viewBox="0 0 24 24"><title>Arrow Down</title><path d="M12 16.086l7.293-7.293a1 1 0 1 1 1.414 1.414l-8 8a1 1 0 0 1-1.414 0l-8-8a1 1 0 1 1 1.414-1.414L12 16.086z"></path></svg></div></summary><div class="LanguageSelector--Content--YveVL"><div class="CountryList--listContainer--22BSI LanguageSelector--RegionBlock--3xzbe"><a class="ListItem--listItem--2wQRK ListItem--disableBorder--DPmOK CountryList--DisclosureLink--2_CS1 LanguageSelector--RegionLink--2I-tU Button--default--3zkvy" href="/en-AG" target="_self">Antigua and Barbuda | English</a><a class="ListItem--listItem--2wQRK ListItem--disableBorder--DPmOK CountryList--DisclosureLink--2_CS1 LanguageSelector--RegionLink--2I-tU Button--default--3zkvy" href="/es-AR" target="_self">Argentina | Español</a><a class="ListItem--listItem--2wQRK ListItem--disableBorder--DPmOK CountryList--DisclosureLink--2_CS1 LanguageSelector--RegionLink--2I-tU Button--default--3zkvy" href="/en-BS" target="_self">Bahamas | English</a><a class="ListItem--listItem--2wQRK ListItem--disableBorder--DPmOK CountryList--DisclosureLink--2_CS1 LanguageSelector--RegionLink--2I-tU Button--default--3zkvy" href="/en-BB" target="_self">Barbados | English</a><a class="ListItem--listItem--2wQRK ListItem--disableBorder--DPmOK CountryList--DisclosureLink--2_CS1 LanguageSelector--RegionLink--2I-tU Button--default--3zkvy" href="/en-BZ" target="_self">Belize | English</a><a class="ListItem--listItem--2wQRK ListItem--disableBorder--DPmOK CountryList--DisclosureLink--2_CS1 LanguageSelector--RegionLink--2I-tU Button--default--3zkvy" href="/es-BO" target="_self">Bolivia | Español</a><a class="ListItem--listItem--2wQRK ListItem--disableBorder--DPmOK CountryList--DisclosureLink--2_CS1 LanguageSelector--RegionLink--2I-tU Button--default--3zkvy" href="/pt-BR" target="_self">Brazil | Português</a><a class="ListItem--listItem--2wQRK ListItem--disableBorder--DPmOK CountryList--DisclosureLink--2_CS1 LanguageSelector--RegionLink--2I-tU Button--default--3zkvy" href="/en-CA" target="_self">Canada | English</a><a class="ListItem--listItem--2wQRK ListItem--disableBorder--DPmOK CountryList--DisclosureLink--2_CS1 LanguageSelector--RegionLink--2I-tU Button--default--3zkvy" href="/fr-CA" target="_self">Canada | Français</a><a class="ListItem--listItem--2wQRK ListItem--disableBorder--DPmOK CountryList--DisclosureLink--2_CS1 LanguageSelector--RegionLink--2I-tU Button--default--3zkvy" href="/es-CL" target="_self">Chile | Español</a><a class="ListItem--listItem--2wQRK ListItem--disableBorder--DPmOK CountryList--DisclosureLink--2_CS1 LanguageSelector--RegionLink--2I-tU Button--default--3zkvy" href="/es-CO" target="_self">Colombia | Español</a><a class="ListItem--listItem--2wQRK ListItem--disableBorder--DPmOK CountryList--DisclosureLink--2_CS1 LanguageSelector--RegionLink--2I-tU Button--default--3zkvy" href="/es-CR" target="_self">Costa Rica | Español</a><a class="ListItem--listItem--2wQRK ListItem--disableBorder--DPmOK CountryList--DisclosureLink--2_CS1 LanguageSelector--RegionLink--2I-tU Button--default--3zkvy" href="/en-DM" target="_self">Dominica | English</a><a class="ListItem--listItem--2wQRK ListItem--disableBorder--DPmOK CountryList--DisclosureLink--2_CS1 LanguageSelector--RegionLink--2I-tU Button--default--3zkvy" href="/es-DO" target="_self">Dominican Republic | Español</a><a class="ListItem--listItem--2wQRK ListItem--disableBorder--DPmOK CountryList--DisclosureLink--2_CS1 LanguageSelector--RegionLink--2I-tU Button--default--3zkvy" href="/es-EC" target="_self">Ecuador | Español</a><a class="ListItem--listItem--2wQRK ListItem--disableBorder--DPmOK CountryList--DisclosureLink--2_CS1 LanguageSelector--RegionLink--2I-tU Button--default--3zkvy" href="/es-SV" target="_self">El Salvador | Español</a><a class="ListItem--listItem--2wQRK ListItem--disableBorder--DPmOK CountryList--DisclosureLink--2_CS1 LanguageSelector--RegionLink--2I-tU Button--default--3zkvy" href="/en-GD" target="_self">Grenada | English</a><a class="ListItem--listItem--2wQRK ListItem--disableBorder--DPmOK CountryList--DisclosureLink--2_CS1 LanguageSelector--RegionLink--2I-tU Button--default--3zkvy" href="/es-GT" target="_self">Guatemala | Español</a><a class="ListItem--listItem--2wQRK ListItem--disableBorder--DPmOK CountryList--DisclosureLink--2_CS1 LanguageSelector--RegionLink--2I-tU Button--default--3zkvy" href="/en-GY" target="_self">Guyana | English</a><a class="ListItem--listItem--2wQRK ListItem--disableBorder--DPmOK CountryList--DisclosureLink--2_CS1 LanguageSelector--RegionLink--2I-tU Button--default--3zkvy" href="/fr-HT" target="_self">Haiti | Français</a><a class="ListItem--listItem--2wQRK ListItem--disableBorder--DPmOK CountryList--DisclosureLink--2_CS1 LanguageSelector--RegionLink--2I-tU Button--default--3zkvy" href="/es-HN" target="_self">Honduras | Español</a><a class="ListItem--listItem--2wQRK ListItem--disableBorder--DPmOK CountryList--DisclosureLink--2_CS1 LanguageSelector--RegionLink--2I-tU Button--default--3zkvy" href="/en-JM" target="_self">Jamaica | English</a><a class="ListItem--listItem--2wQRK ListItem--disableBorder--DPmOK CountryList--DisclosureLink--2_CS1 LanguageSelector--RegionLink--2I-tU Button--default--3zkvy" href="/es-MX" target="_self">Mexico | Español</a><a class="ListItem--listItem--2wQRK ListItem--disableBorder--DPmOK CountryList--DisclosureLink--2_CS1 LanguageSelector--RegionLink--2I-tU Button--default--3zkvy" href="/es-NI" target="_self">Nicaragua | Español</a><a class="ListItem--listItem--2wQRK ListItem--disableBorder--DPmOK CountryList--DisclosureLink--2_CS1 LanguageSelector--RegionLink--2I-tU Button--default--3zkvy" href="/es-PA" target="_self">Panama | Español</a><a class="ListItem--listItem--2wQRK ListItem--disableBorder--DPmOK CountryList--DisclosureLink--2_CS1 LanguageSelector--RegionLink--2I-tU Button--default--3zkvy" href="/en-PA" target="_self">Panama | English</a><a class="ListItem--listItem--2wQRK ListItem--disableBorder--DPmOK CountryList--DisclosureLink--2_CS1 LanguageSelector--RegionLink--2I-tU Button--default--3zkvy" href="/es-PY" target="_self">Paraguay | Español</a><a class="ListItem--listItem--2wQRK ListItem--disableBorder--DPmOK CountryList--DisclosureLink--2_CS1 LanguageSelector--RegionLink--2I-tU Button--default--3zkvy" href="/es-PE" target="_self">Peru | Español</a><a class="ListItem--listItem--2wQRK ListItem--disableBorder--DPmOK CountryList--DisclosureLink--2_CS1 LanguageSelector--RegionLink--2I-tU Button--default--3zkvy" href="/en-KN" target="_self">St. Kitts and Nevis | English</a><a class="ListItem--listItem--2wQRK ListItem--disableBorder--DPmOK CountryList--DisclosureLink--2_CS1 LanguageSelector--RegionLink--2I-tU Button--default--3zkvy" href="/en-LC" target="_self">St. Lucia | English</a><a class="ListItem--listItem--2wQRK ListItem--disableBorder--DPmOK CountryList--DisclosureLink--2_CS1 LanguageSelector--RegionLink--2I-tU Button--default--3zkvy" href="/en-VC" target="_self">St. Vincent and the Grenadines | English</a><a class="ListItem--listItem--2wQRK ListItem--disableBorder--DPmOK CountryList--DisclosureLink--2_CS1 LanguageSelector--RegionLink--2I-tU Button--default--3zkvy" href="/nl-SR" target="_self">Suriname | Nederlands</a><a class="ListItem--listItem--2wQRK ListItem--disableBorder--DPmOK CountryList--DisclosureLink--2_CS1 LanguageSelector--RegionLink--2I-tU Button--default--3zkvy" href="/en-TT" target="_self">Trinidad and Tobago | English</a><a class="ListItem--listItem--2wQRK ListItem--disableBorder--DPmOK CountryList--DisclosureLink--2_CS1 LanguageSelector--RegionLink--2I-tU Button--default--3zkvy" href="/es-UY" target="_self">Uruguay | Español</a><a class="ListItem--listItem--2wQRK ListItem--disableBorder--DPmOK CountryList--DisclosureLink--2_CS1 LanguageSelector--RegionLink--2I-tU Button--default--3zkvy" href="/" target="_self">United States | English</a><a class="ListItem--listItem--2wQRK ListItem--disableBorder--DPmOK CountryList--DisclosureLink--2_CS1 LanguageSelector--RegionLink--2I-tU Button--default--3zkvy" href="/es-US" target="_self">United States | Español</a><a class="ListItem--listItem--2wQRK ListItem--disableBorder--DPmOK CountryList--DisclosureLink--2_CS1 LanguageSelector--RegionLink--2I-tU Button--default--3zkvy" href="/es-VE" target="_self">Venezuela | Español</a></div></div></details><details class="LanguageSelector--LanguageSection--3gFMn Disclosure--themeList--25Q0H"><summary class="Disclosure--Summary--UuybP CountryList--Summary--CQ0mX LanguageSelector--Summary--58hmO" role="button" aria-expanded="false"><div class="Disclosure--SummaryDefault--3xAWB">Africa<svg set="ui" name="caret-down" class="Disclosure--SummaryIcon--1kGJk Icon--icon--3wCKh" data-testid="Icon" aria-hidden="true" role="img" viewBox="0 0 24 24"><title>Arrow Down</title><path d="M12 16.086l7.293-7.293a1 1 0 1 1 1.414 1.414l-8 8a1 1 0 0 1-1.414 0l-8-8a1 1 0 1 1 1.414-1.414L12 16.086z"></path></svg></div></summary><div class="LanguageSelector--Content--YveVL"><div class="CountryList--listContainer--22BSI LanguageSelector--RegionBlock--3xzbe"><a class="ListItem--listItem--2wQRK ListItem--disableBorder--DPmOK CountryList--DisclosureLink--2_CS1 LanguageSelector--RegionLink--2I-tU Button--default--3zkvy" href="/ar-DZ" target="_self">Algeria | العربية</a><a class="ListItem--listItem--2wQRK ListItem--disableBorder--DPmOK CountryList--DisclosureLink--2_CS1 LanguageSelector--RegionLink--2I-tU Button--default--3zkvy" href="/fr-DZ" target="_self">Algeria | Français</a><a class="ListItem--listItem--2wQRK ListItem--disableBorder--DPmOK CountryList--DisclosureLink--2_CS1 LanguageSelector--RegionLink--2I-tU Button--default--3zkvy" href="/pt-AO" target="_self">Angola | Português</a><a class="ListItem--listItem--2wQRK ListItem--disableBorder--DPmOK CountryList--DisclosureLink--2_CS1 LanguageSelector--RegionLink--2I-tU Button--default--3zkvy" href="/fr-BJ" target="_self">Benin | Français</a><a class="ListItem--listItem--2wQRK ListItem--disableBorder--DPmOK CountryList--DisclosureLink--2_CS1 LanguageSelector--RegionLink--2I-tU Button--default--3zkvy" href="/fr-BF" target="_self">Burkina Faso | Français</a><a class="ListItem--listItem--2wQRK ListItem--disableBorder--DPmOK CountryList--DisclosureLink--2_CS1 LanguageSelector--RegionLink--2I-tU Button--default--3zkvy" href="/fr-BI" target="_self">Burundi | Français</a><a class="ListItem--listItem--2wQRK ListItem--disableBorder--DPmOK CountryList--DisclosureLink--2_CS1 LanguageSelector--RegionLink--2I-tU Button--default--3zkvy" href="/fr-CM" target="_self">Cameroon | Français</a><a class="ListItem--listItem--2wQRK ListItem--disableBorder--DPmOK CountryList--DisclosureLink--2_CS1 LanguageSelector--RegionLink--2I-tU Button--default--3zkvy" href="/en-CM" target="_self">Cameroon | English</a><a class="ListItem--listItem--2wQRK ListItem--disableBorder--DPmOK CountryList--DisclosureLink--2_CS1 LanguageSelector--RegionLink--2I-tU Button--default--3zkvy" href="/pt-CV" target="_self">Cape Verde | Português</a><a class="ListItem--listItem--2wQRK ListItem--disableBorder--DPmOK CountryList--DisclosureLink--2_CS1 LanguageSelector--RegionLink--2I-tU Button--default--3zkvy" href="/fr-CF" target="_self">Central African Republic | Français</a><a class="ListItem--listItem--2wQRK ListItem--disableBorder--DPmOK CountryList--DisclosureLink--2_CS1 LanguageSelector--RegionLink--2I-tU Button--default--3zkvy" href="/fr-TD" target="_self">Chad | Français</a><a class="ListItem--listItem--2wQRK ListItem--disableBorder--DPmOK CountryList--DisclosureLink--2_CS1 LanguageSelector--RegionLink--2I-tU Button--default--3zkvy" href="/ar-TD" target="_self">Chad | العربية</a><a class="ListItem--listItem--2wQRK ListItem--disableBorder--DPmOK CountryList--DisclosureLink--2_CS1 LanguageSelector--RegionLink--2I-tU Button--default--3zkvy" href="/fr-KM" target="_self">Comoros | Français</a><a class="ListItem--listItem--2wQRK ListItem--disableBorder--DPmOK CountryList--DisclosureLink--2_CS1 LanguageSelector--RegionLink--2I-tU Button--default--3zkvy" href="/ar-KM" target="_self">Comoros | العربية</a><a class="ListItem--listItem--2wQRK ListItem--disableBorder--DPmOK CountryList--DisclosureLink--2_CS1 LanguageSelector--RegionLink--2I-tU Button--default--3zkvy" href="/fr-CD" target="_self">Democratic Republic of the Congo | Français</a><a class="ListItem--listItem--2wQRK ListItem--disableBorder--DPmOK CountryList--DisclosureLink--2_CS1 LanguageSelector--RegionLink--2I-tU Button--default--3zkvy" href="/fr-CG" target="_self">Republic of Congo | Français</a><a class="ListItem--listItem--2wQRK ListItem--disableBorder--DPmOK CountryList--DisclosureLink--2_CS1 LanguageSelector--RegionLink--2I-tU Button--default--3zkvy" href="/fr-CI" target="_self">Côte d'Ivoire | Français</a><a class="ListItem--listItem--2wQRK ListItem--disableBorder--DPmOK CountryList--DisclosureLink--2_CS1 LanguageSelector--RegionLink--2I-tU Button--default--3zkvy" href="/fr-DJ" target="_self">Djibouti | Français</a><a class="ListItem--listItem--2wQRK ListItem--disableBorder--DPmOK CountryList--DisclosureLink--2_CS1 LanguageSelector--RegionLink--2I-tU Button--default--3zkvy" href="/ar-DJ" target="_self">Djibouti | العربية</a><a class="ListItem--listItem--2wQRK ListItem--disableBorder--DPmOK CountryList--DisclosureLink--2_CS1 LanguageSelector--RegionLink--2I-tU Button--default--3zkvy" href="/ar-EG" target="_self">Egypt | العربية</a><a class="ListItem--listItem--2wQRK ListItem--disableBorder--DPmOK CountryList--DisclosureLink--2_CS1 LanguageSelector--RegionLink--2I-tU Button--default--3zkvy" href="/es-GQ" target="_self">Equatorial Guinea | Español</a><a class="ListItem--listItem--2wQRK ListItem--disableBorder--DPmOK CountryList--DisclosureLink--2_CS1 LanguageSelector--RegionLink--2I-tU Button--default--3zkvy" href="/ar-ER" target="_self">Eritrea | العربية</a><a class="ListItem--listItem--2wQRK ListItem--disableBorder--DPmOK CountryList--DisclosureLink--2_CS1 LanguageSelector--RegionLink--2I-tU Button--default--3zkvy" href="/fr-GA" target="_self">Gabon | Français</a><a class="ListItem--listItem--2wQRK ListItem--disableBorder--DPmOK CountryList--DisclosureLink--2_CS1 LanguageSelector--RegionLink--2I-tU Button--default--3zkvy" href="/en-GM" target="_self">Gambia | English</a><a class="ListItem--listItem--2wQRK ListItem--disableBorder--DPmOK CountryList--DisclosureLink--2_CS1 LanguageSelector--RegionLink--2I-tU Button--default--3zkvy" href="/en-GH" target="_self">Ghana | English</a><a class="ListItem--listItem--2wQRK ListItem--disableBorder--DPmOK CountryList--DisclosureLink--2_CS1 LanguageSelector--RegionLink--2I-tU Button--default--3zkvy" href="/fr-GN" target="_self">Guinea | Français</a><a class="ListItem--listItem--2wQRK ListItem--disableBorder--DPmOK CountryList--DisclosureLink--2_CS1 LanguageSelector--RegionLink--2I-tU Button--default--3zkvy" href="/pt-GW" target="_self">Guinea-Bissau | Português</a><a class="ListItem--listItem--2wQRK ListItem--disableBorder--DPmOK CountryList--DisclosureLink--2_CS1 LanguageSelector--RegionLink--2I-tU Button--default--3zkvy" href="/en-KE" target="_self">Kenya | English</a><a class="ListItem--listItem--2wQRK ListItem--disableBorder--DPmOK CountryList--DisclosureLink--2_CS1 LanguageSelector--RegionLink--2I-tU Button--default--3zkvy" href="/en-LS" target="_self">Lesotho | English</a><a class="ListItem--listItem--2wQRK ListItem--disableBorder--DPmOK CountryList--DisclosureLink--2_CS1 LanguageSelector--RegionLink--2I-tU Button--default--3zkvy" href="/en-LR" target="_self">Liberia | English</a><a class="ListItem--listItem--2wQRK ListItem--disableBorder--DPmOK CountryList--DisclosureLink--2_CS1 LanguageSelector--RegionLink--2I-tU Button--default--3zkvy" href="/ar-LY" target="_self">Libya | العربية</a><a class="ListItem--listItem--2wQRK ListItem--disableBorder--DPmOK CountryList--DisclosureLink--2_CS1 LanguageSelector--RegionLink--2I-tU Button--default--3zkvy" href="/fr-MG" target="_self">Madagascar | Français</a><a class="ListItem--listItem--2wQRK ListItem--disableBorder--DPmOK CountryList--DisclosureLink--2_CS1 LanguageSelector--RegionLink--2I-tU Button--default--3zkvy" href="/fr-ML" target="_self">Mali | Français</a><a class="ListItem--listItem--2wQRK ListItem--disableBorder--DPmOK CountryList--DisclosureLink--2_CS1 LanguageSelector--RegionLink--2I-tU Button--default--3zkvy" href="/ar-MR" target="_self">Mauritania | العربية</a><a class="ListItem--listItem--2wQRK ListItem--disableBorder--DPmOK CountryList--DisclosureLink--2_CS1 LanguageSelector--RegionLink--2I-tU Button--default--3zkvy" href="/en-MU" target="_self">Mauritius | English</a><a class="ListItem--listItem--2wQRK ListItem--disableBorder--DPmOK CountryList--DisclosureLink--2_CS1 LanguageSelector--RegionLink--2I-tU Button--default--3zkvy" href="/fr-MU" target="_self">Mauritius | Français</a><a class="ListItem--listItem--2wQRK ListItem--disableBorder--DPmOK CountryList--DisclosureLink--2_CS1 LanguageSelector--RegionLink--2I-tU Button--default--3zkvy" href="/ar-MA" target="_self">Morocco | العربية</a><a class="ListItem--listItem--2wQRK ListItem--disableBorder--DPmOK CountryList--DisclosureLink--2_CS1 LanguageSelector--RegionLink--2I-tU Button--default--3zkvy" href="/fr-MA" target="_self">Morocco | Français</a><a class="ListItem--listItem--2wQRK ListItem--disableBorder--DPmOK CountryList--DisclosureLink--2_CS1 LanguageSelector--RegionLink--2I-tU Button--default--3zkvy" href="/pt-MZ" target="_self">Mozambique | Português</a><a class="ListItem--listItem--2wQRK ListItem--disableBorder--DPmOK CountryList--DisclosureLink--2_CS1 LanguageSelector--RegionLink--2I-tU Button--default--3zkvy" href="/en-NA" target="_self">Namibia | English</a><a class="ListItem--listItem--2wQRK ListItem--disableBorder--DPmOK CountryList--DisclosureLink--2_CS1 LanguageSelector--RegionLink--2I-tU Button--default--3zkvy" href="/fr-NE" target="_self">Niger | Français</a><a class="ListItem--listItem--2wQRK ListItem--disableBorder--DPmOK CountryList--DisclosureLink--2_CS1 LanguageSelector--RegionLink--2I-tU Button--default--3zkvy" href="/en-NG" target="_self">Nigeria | English</a><a class="ListItem--listItem--2wQRK ListItem--disableBorder--DPmOK CountryList--DisclosureLink--2_CS1 LanguageSelector--RegionLink--2I-tU Button--default--3zkvy" href="/fr-RW" target="_self">Rwanda | Français</a><a class="ListItem--listItem--2wQRK ListItem--disableBorder--DPmOK CountryList--DisclosureLink--2_CS1 LanguageSelector--RegionLink--2I-tU Button--default--3zkvy" href="/en-RW" target="_self">Rwanda | English</a><a class="ListItem--listItem--2wQRK ListItem--disableBorder--DPmOK CountryList--DisclosureLink--2_CS1 LanguageSelector--RegionLink--2I-tU Button--default--3zkvy" href="/pt-ST" target="_self">Sao Tome and Principe | Português</a><a class="ListItem--listItem--2wQRK ListItem--disableBorder--DPmOK CountryList--DisclosureLink--2_CS1 LanguageSelector--RegionLink--2I-tU Button--default--3zkvy" href="/fr-SN" target="_self">Senegal | Français</a><a class="ListItem--listItem--2wQRK ListItem--disableBorder--DPmOK CountryList--DisclosureLink--2_CS1 LanguageSelector--RegionLink--2I-tU Button--default--3zkvy" href="/en-SL" target="_self">Sierra Leone | English</a><a class="ListItem--listItem--2wQRK ListItem--disableBorder--DPmOK CountryList--DisclosureLink--2_CS1 LanguageSelector--RegionLink--2I-tU Button--default--3zkvy" href="/ar-SO" target="_self">Somalia | العربية</a><a class="ListItem--listItem--2wQRK ListItem--disableBorder--DPmOK CountryList--DisclosureLink--2_CS1 LanguageSelector--RegionLink--2I-tU Button--default--3zkvy" href="/en-ZA" target="_self">South Africa | English</a><a class="ListItem--listItem--2wQRK ListItem--disableBorder--DPmOK CountryList--DisclosureLink--2_CS1 LanguageSelector--RegionLink--2I-tU Button--default--3zkvy" href="/en-SS" target="_self">South Sudan | English</a><a class="ListItem--listItem--2wQRK ListItem--disableBorder--DPmOK CountryList--DisclosureLink--2_CS1 LanguageSelector--RegionLink--2I-tU Button--default--3zkvy" href="/ar-SD" target="_self">Sudan | العربية</a><a class="ListItem--listItem--2wQRK ListItem--disableBorder--DPmOK CountryList--DisclosureLink--2_CS1 LanguageSelector--RegionLink--2I-tU Button--default--3zkvy" href="/en-SZ" target="_self">Swaziland | English</a><a class="ListItem--listItem--2wQRK ListItem--disableBorder--DPmOK CountryList--DisclosureLink--2_CS1 LanguageSelector--RegionLink--2I-tU Button--default--3zkvy" href="/en-TZ" target="_self">Tanzania | English</a><a class="ListItem--listItem--2wQRK ListItem--disableBorder--DPmOK CountryList--DisclosureLink--2_CS1 LanguageSelector--RegionLink--2I-tU Button--default--3zkvy" href="/fr-TG" target="_self">Togo | Français</a><a class="ListItem--listItem--2wQRK ListItem--disableBorder--DPmOK CountryList--DisclosureLink--2_CS1 LanguageSelector--RegionLink--2I-tU Button--default--3zkvy" href="/ar-TN" target="_self">Tunisia | العربية</a><a class="ListItem--listItem--2wQRK ListItem--disableBorder--DPmOK CountryList--DisclosureLink--2_CS1 LanguageSelector--RegionLink--2I-tU Button--default--3zkvy" href="/en-UG" target="_self">Uganda | English</a></div></div></details><details class="LanguageSelector--LanguageSection--3gFMn Disclosure--themeList--25Q0H"><summary class="Disclosure--Summary--UuybP CountryList--Summary--CQ0mX LanguageSelector--Summary--58hmO" role="button" aria-expanded="false"><div class="Disclosure--SummaryDefault--3xAWB">Asia Pacific<svg set="ui" name="caret-down" class="Disclosure--SummaryIcon--1kGJk Icon--icon--3wCKh" data-testid="Icon" aria-hidden="true" role="img" viewBox="0 0 24 24"><title>Arrow Down</title><path d="M12 16.086l7.293-7.293a1 1 0 1 1 1.414 1.414l-8 8a1 1 0 0 1-1.414 0l-8-8a1 1 0 1 1 1.414-1.414L12 16.086z"></path></svg></div></summary><div class="LanguageSelector--Content--YveVL"><div class="CountryList--listContainer--22BSI LanguageSelector--RegionBlock--3xzbe"><a class="ListItem--listItem--2wQRK ListItem--disableBorder--DPmOK CountryList--DisclosureLink--2_CS1 LanguageSelector--RegionLink--2I-tU Button--default--3zkvy" href="/en-AU" target="_self">Australia | English</a><a class="ListItem--listItem--2wQRK ListItem--disableBorder--DPmOK CountryList--DisclosureLink--2_CS1 LanguageSelector--RegionLink--2I-tU Button--default--3zkvy" href="/bn-BD" target="_self">Bangladesh | বাংলা</a><a class="ListItem--listItem--2wQRK ListItem--disableBorder--DPmOK CountryList--DisclosureLink--2_CS1 LanguageSelector--RegionLink--2I-tU Button--default--3zkvy" href="/ms-BN" target="_self">Brunei | Bahasa Melayu</a><a class="ListItem--listItem--2wQRK ListItem--disableBorder--DPmOK CountryList--DisclosureLink--2_CS1 LanguageSelector--RegionLink--2I-tU Button--default--3zkvy" href="/zh-CN" target="_self">China | 中文</a><a class="ListItem--listItem--2wQRK ListItem--disableBorder--DPmOK CountryList--DisclosureLink--2_CS1 LanguageSelector--RegionLink--2I-tU Button--default--3zkvy" href="/zh-HK" target="_self">Hong Kong SAR | 中文</a><a class="ListItem--listItem--2wQRK ListItem--disableBorder--DPmOK CountryList--DisclosureLink--2_CS1 LanguageSelector--RegionLink--2I-tU Button--default--3zkvy" href="/pt-TP" target="_self">East Timor | Português</a><a class="ListItem--listItem--2wQRK ListItem--disableBorder--DPmOK CountryList--DisclosureLink--2_CS1 LanguageSelector--RegionLink--2I-tU Button--default--3zkvy" href="/en-FJ" target="_self">Fiji | English</a><a class="ListItem--listItem--2wQRK ListItem--disableBorder--DPmOK CountryList--DisclosureLink--2_CS1 LanguageSelector--RegionLink--2I-tU Button--default--3zkvy" href="/en-IN" target="_self">India (English) | English</a><a class="ListItem--listItem--2wQRK ListItem--disableBorder--DPmOK CountryList--DisclosureLink--2_CS1 LanguageSelector--RegionLink--2I-tU Button--default--3zkvy" href="/hi-IN" target="_self">India (Hindi) | हिन्दी</a><a class="ListItem--listItem--2wQRK ListItem--disableBorder--DPmOK CountryList--DisclosureLink--2_CS1 LanguageSelector--RegionLink--2I-tU Button--default--3zkvy" href="/id-ID" target="_self">Indonesia | Bahasa Indonesia</a><a class="ListItem--listItem--2wQRK ListItem--disableBorder--DPmOK CountryList--DisclosureLink--2_CS1 LanguageSelector--RegionLink--2I-tU Button--default--3zkvy" href="/ja-JP" target="_self">Japan | 日本語</a><a class="ListItem--listItem--2wQRK ListItem--disableBorder--DPmOK CountryList--DisclosureLink--2_CS1 LanguageSelector--RegionLink--2I-tU Button--default--3zkvy" href="/en-KI" target="_self">Kiribati | English</a><a class="ListItem--listItem--2wQRK ListItem--disableBorder--DPmOK CountryList--DisclosureLink--2_CS1 LanguageSelector--RegionLink--2I-tU Button--default--3zkvy" href="/ko-KR" target="_self">South Korea | 한국어</a><a class="ListItem--listItem--2wQRK ListItem--disableBorder--DPmOK CountryList--DisclosureLink--2_CS1 LanguageSelector--RegionLink--2I-tU Button--default--3zkvy" href="/ru-KG" target="_self">Kyrgyzstan | Русский</a><a class="ListItem--listItem--2wQRK ListItem--disableBorder--DPmOK CountryList--DisclosureLink--2_CS1 LanguageSelector--RegionLink--2I-tU Button--default--3zkvy" href="/ms-MY" target="_self">Malaysia | Bahasa Melayu</a><a class="ListItem--listItem--2wQRK ListItem--disableBorder--DPmOK CountryList--DisclosureLink--2_CS1 LanguageSelector--RegionLink--2I-tU Button--default--3zkvy" href="/en-MH" target="_self">Marshall Islands | English</a><a class="ListItem--listItem--2wQRK ListItem--disableBorder--DPmOK CountryList--DisclosureLink--2_CS1 LanguageSelector--RegionLink--2I-tU Button--default--3zkvy" href="/en-FM" target="_self">Micronesia | English</a><a class="ListItem--listItem--2wQRK ListItem--disableBorder--DPmOK CountryList--DisclosureLink--2_CS1 LanguageSelector--RegionLink--2I-tU Button--default--3zkvy" href="/en-NZ" target="_self">New Zealand | English</a><a class="ListItem--listItem--2wQRK ListItem--disableBorder--DPmOK CountryList--DisclosureLink--2_CS1 LanguageSelector--RegionLink--2I-tU Button--default--3zkvy" href="/en-PW" target="_self">Palau | English</a><a class="ListItem--listItem--2wQRK ListItem--disableBorder--DPmOK CountryList--DisclosureLink--2_CS1 LanguageSelector--RegionLink--2I-tU Button--default--3zkvy" href="/en-PH" target="_self">Philippines | English</a><a class="ListItem--listItem--2wQRK ListItem--disableBorder--DPmOK CountryList--DisclosureLink--2_CS1 LanguageSelector--RegionLink--2I-tU Button--default--3zkvy" href="/tl-PH" target="_self">Philippines | Tagalog</a><a class="ListItem--listItem--2wQRK ListItem--disableBorder--DPmOK CountryList--DisclosureLink--2_CS1 LanguageSelector--RegionLink--2I-tU Button--default--3zkvy" href="/en-AS" target="_self">Samoa | English</a><a class="ListItem--listItem--2wQRK ListItem--disableBorder--DPmOK CountryList--DisclosureLink--2_CS1 LanguageSelector--RegionLink--2I-tU Button--default--3zkvy" href="/en-SG" target="_self">Singapore | English</a><a class="ListItem--listItem--2wQRK ListItem--disableBorder--DPmOK CountryList--DisclosureLink--2_CS1 LanguageSelector--RegionLink--2I-tU Button--default--3zkvy" href="/zh-SG" target="_self">Singapore | 中文</a><a class="ListItem--listItem--2wQRK ListItem--disableBorder--DPmOK CountryList--DisclosureLink--2_CS1 LanguageSelector--RegionLink--2I-tU Button--default--3zkvy" href="/en-SB" target="_self">Solomon Islands | English</a><a class="ListItem--listItem--2wQRK ListItem--disableBorder--DPmOK CountryList--DisclosureLink--2_CS1 LanguageSelector--RegionLink--2I-tU Button--default--3zkvy" href="/zh-TW" target="_self">Taiwan | 中文</a><a class="ListItem--listItem--2wQRK ListItem--disableBorder--DPmOK CountryList--DisclosureLink--2_CS1 LanguageSelector--RegionLink--2I-tU Button--default--3zkvy" href="/th-TH" target="_self">Thailand | ไทย</a><a class="ListItem--listItem--2wQRK ListItem--disableBorder--DPmOK CountryList--DisclosureLink--2_CS1 LanguageSelector--RegionLink--2I-tU Button--default--3zkvy" href="/en-TO" target="_self">Tonga | English</a><a class="ListItem--listItem--2wQRK ListItem--disableBorder--DPmOK CountryList--DisclosureLink--2_CS1 LanguageSelector--RegionLink--2I-tU Button--default--3zkvy" href="/en-TV" target="_self">Tuvalu | English</a><a class="ListItem--listItem--2wQRK ListItem--disableBorder--DPmOK CountryList--DisclosureLink--2_CS1 LanguageSelector--RegionLink--2I-tU Button--default--3zkvy" href="/en-VU" target="_self">Vanuatu | English</a><a class="ListItem--listItem--2wQRK ListItem--disableBorder--DPmOK CountryList--DisclosureLink--2_CS1 LanguageSelector--RegionLink--2I-tU Button--default--3zkvy" href="/fr-VU" target="_self">Vanuatu | Français</a><a class="ListItem--listItem--2wQRK ListItem--disableBorder--DPmOK CountryList--DisclosureLink--2_CS1 LanguageSelector--RegionLink--2I-tU Button--default--3zkvy" href="/vi-VN" target="_self">Vietnam | Tiếng Việt</a></div></div></details><details class="LanguageSelector--LanguageSection--3gFMn Disclosure--themeList--25Q0H"><summary class="Disclosure--Summary--UuybP CountryList--Summary--CQ0mX LanguageSelector--Summary--58hmO" role="button" aria-expanded="false"><div class="Disclosure--SummaryDefault--3xAWB">Europe<svg set="ui" name="caret-down" class="Disclosure--SummaryIcon--1kGJk Icon--icon--3wCKh" data-testid="Icon" aria-hidden="true" role="img" viewBox="0 0 24 24"><title>Arrow Down</title><path d="M12 16.086l7.293-7.293a1 1 0 1 1 1.414 1.414l-8 8a1 1 0 0 1-1.414 0l-8-8a1 1 0 1 1 1.414-1.414L12 16.086z"></path></svg></div></summary><div class="LanguageSelector--Content--YveVL"><div class="CountryList--listContainer--22BSI LanguageSelector--RegionBlock--3xzbe"><a class="ListItem--listItem--2wQRK ListItem--disableBorder--DPmOK CountryList--DisclosureLink--2_CS1 LanguageSelector--RegionLink--2I-tU Button--default--3zkvy" href="/ca-AD" target="_self">Andorra | Català</a><a class="ListItem--listItem--2wQRK ListItem--disableBorder--DPmOK CountryList--DisclosureLink--2_CS1 LanguageSelector--RegionLink--2I-tU Button--default--3zkvy" href="/fr-AD" target="_self">Andorra | Français</a><a class="ListItem--listItem--2wQRK ListItem--disableBorder--DPmOK CountryList--DisclosureLink--2_CS1 LanguageSelector--RegionLink--2I-tU Button--default--3zkvy" href="/de-AT" target="_self">Austria | Deutsch</a><a class="ListItem--listItem--2wQRK ListItem--disableBorder--DPmOK CountryList--DisclosureLink--2_CS1 LanguageSelector--RegionLink--2I-tU Button--default--3zkvy" href="/ru-BY" target="_self">Belarus | Русский</a><a class="ListItem--listItem--2wQRK ListItem--disableBorder--DPmOK CountryList--DisclosureLink--2_CS1 LanguageSelector--RegionLink--2I-tU Button--default--3zkvy" href="/nl-BE" target="_self">Belgium | Dutch</a><a class="ListItem--listItem--2wQRK ListItem--disableBorder--DPmOK CountryList--DisclosureLink--2_CS1 LanguageSelector--RegionLink--2I-tU Button--default--3zkvy" href="/fr-BE" target="_self">Belgium | Français</a><a class="ListItem--listItem--2wQRK ListItem--disableBorder--DPmOK CountryList--DisclosureLink--2_CS1 LanguageSelector--RegionLink--2I-tU Button--default--3zkvy" href="/hr-BA" target="_self">Bosnia and Herzegovina | Hrvatski</a><a class="ListItem--listItem--2wQRK ListItem--disableBorder--DPmOK CountryList--DisclosureLink--2_CS1 LanguageSelector--RegionLink--2I-tU Button--default--3zkvy" href="/hr-HR" target="_self">Croatia | Hrvatski</a><a class="ListItem--listItem--2wQRK ListItem--disableBorder--DPmOK CountryList--DisclosureLink--2_CS1 LanguageSelector--RegionLink--2I-tU Button--default--3zkvy" href="/el-CY" target="_self">Cyprus | Ελληνικά</a><a class="ListItem--listItem--2wQRK ListItem--disableBorder--DPmOK CountryList--DisclosureLink--2_CS1 LanguageSelector--RegionLink--2I-tU Button--default--3zkvy" href="/cs-CZ" target="_self">Czech Republic | Čeština</a><a class="ListItem--listItem--2wQRK ListItem--disableBorder--DPmOK CountryList--DisclosureLink--2_CS1 LanguageSelector--RegionLink--2I-tU Button--default--3zkvy" href="/da-DK" target="_self">Denmark | Dansk</a><a class="ListItem--listItem--2wQRK ListItem--disableBorder--DPmOK CountryList--DisclosureLink--2_CS1 LanguageSelector--RegionLink--2I-tU Button--default--3zkvy" href="/ru-EE" target="_self">Estonia | Русский</a><a class="ListItem--listItem--2wQRK ListItem--disableBorder--DPmOK CountryList--DisclosureLink--2_CS1 LanguageSelector--RegionLink--2I-tU Button--default--3zkvy" href="/et-EE" target="_self">Estonia | Eesti</a><a class="ListItem--listItem--2wQRK ListItem--disableBorder--DPmOK CountryList--DisclosureLink--2_CS1 LanguageSelector--RegionLink--2I-tU Button--default--3zkvy" href="/fi-FI" target="_self">Finland | Suomi</a><a class="ListItem--listItem--2wQRK ListItem--disableBorder--DPmOK CountryList--DisclosureLink--2_CS1 LanguageSelector--RegionLink--2I-tU Button--default--3zkvy" href="/fr-FR" target="_self">France | Français</a><a class="ListItem--listItem--2wQRK ListItem--disableBorder--DPmOK CountryList--DisclosureLink--2_CS1 LanguageSelector--RegionLink--2I-tU Button--default--3zkvy" href="/de-DE" target="_self">Germany | Deutsch</a><a class="ListItem--listItem--2wQRK ListItem--disableBorder--DPmOK CountryList--DisclosureLink--2_CS1 LanguageSelector--RegionLink--2I-tU Button--default--3zkvy" href="/el-GR" target="_self">Greece | Ελληνικά</a><a class="ListItem--listItem--2wQRK ListItem--disableBorder--DPmOK CountryList--DisclosureLink--2_CS1 LanguageSelector--RegionLink--2I-tU Button--default--3zkvy" href="/hu-HU" target="_self">Hungary | Magyar</a><a class="ListItem--listItem--2wQRK ListItem--disableBorder--DPmOK CountryList--DisclosureLink--2_CS1 LanguageSelector--RegionLink--2I-tU Button--default--3zkvy" href="/en-IE" target="_self">Ireland | English</a><a class="ListItem--listItem--2wQRK ListItem--disableBorder--DPmOK CountryList--DisclosureLink--2_CS1 LanguageSelector--RegionLink--2I-tU Button--default--3zkvy" href="/it-IT" target="_self">Italy | Italiano</a><a class="ListItem--listItem--2wQRK ListItem--disableBorder--DPmOK CountryList--DisclosureLink--2_CS1 LanguageSelector--RegionLink--2I-tU Button--default--3zkvy" href="/de-LI" target="_self">Liechtenstein | Deutsch</a><a class="ListItem--listItem--2wQRK ListItem--disableBorder--DPmOK CountryList--DisclosureLink--2_CS1 LanguageSelector--RegionLink--2I-tU Button--default--3zkvy" href="/fr-LU" target="_self">Luxembourg | Français</a><a class="ListItem--listItem--2wQRK ListItem--disableBorder--DPmOK CountryList--DisclosureLink--2_CS1 LanguageSelector--RegionLink--2I-tU Button--default--3zkvy" href="/en-MT" target="_self">Malta | English</a><a class="ListItem--listItem--2wQRK ListItem--disableBorder--DPmOK CountryList--DisclosureLink--2_CS1 LanguageSelector--RegionLink--2I-tU Button--default--3zkvy" href="/fr-MC" target="_self">Monaco | Français</a><a class="ListItem--listItem--2wQRK ListItem--disableBorder--DPmOK CountryList--DisclosureLink--2_CS1 LanguageSelector--RegionLink--2I-tU Button--default--3zkvy" href="/nl-NL" target="_self">Netherlands | Nederlands</a><a class="ListItem--listItem--2wQRK ListItem--disableBorder--DPmOK CountryList--DisclosureLink--2_CS1 LanguageSelector--RegionLink--2I-tU Button--default--3zkvy" href="/no-NO" target="_self">Norway | Norsk</a><a class="ListItem--listItem--2wQRK ListItem--disableBorder--DPmOK CountryList--DisclosureLink--2_CS1 LanguageSelector--RegionLink--2I-tU Button--default--3zkvy" href="/pl-PL" target="_self">Poland | Polski</a><a class="ListItem--listItem--2wQRK ListItem--disableBorder--DPmOK CountryList--DisclosureLink--2_CS1 LanguageSelector--RegionLink--2I-tU Button--default--3zkvy" href="/pt-PT" target="_self">Portugal | Português</a><a class="ListItem--listItem--2wQRK ListItem--disableBorder--DPmOK CountryList--DisclosureLink--2_CS1 LanguageSelector--RegionLink--2I-tU Button--default--3zkvy" href="/ro-RO" target="_self">Romania | Română</a><a class="ListItem--listItem--2wQRK ListItem--disableBorder--DPmOK CountryList--DisclosureLink--2_CS1 LanguageSelector--RegionLink--2I-tU Button--default--3zkvy" href="/ru-RU" target="_self">Russia | Русский</a><a class="ListItem--listItem--2wQRK ListItem--disableBorder--DPmOK CountryList--DisclosureLink--2_CS1 LanguageSelector--RegionLink--2I-tU Button--default--3zkvy" href="/it-SM" target="_self">San Marino | Italiano</a><a class="ListItem--listItem--2wQRK ListItem--disableBorder--DPmOK CountryList--DisclosureLink--2_CS1 LanguageSelector--RegionLink--2I-tU Button--default--3zkvy" href="/sk-SK" target="_self">Slovakia | Slovenčina</a><a class="ListItem--listItem--2wQRK ListItem--disableBorder--DPmOK CountryList--DisclosureLink--2_CS1 LanguageSelector--RegionLink--2I-tU Button--default--3zkvy" href="/es-ES" target="_self">Spain | Español</a><a class="ListItem--listItem--2wQRK ListItem--disableBorder--DPmOK CountryList--DisclosureLink--2_CS1 LanguageSelector--RegionLink--2I-tU Button--default--3zkvy" href="/ca-ES" target="_self">Spain | Català</a><a class="ListItem--listItem--2wQRK ListItem--disableBorder--DPmOK CountryList--DisclosureLink--2_CS1 LanguageSelector--RegionLink--2I-tU Button--default--3zkvy" href="/sv-SE" target="_self">Sweden | Svenska</a><a class="ListItem--listItem--2wQRK ListItem--disableBorder--DPmOK CountryList--DisclosureLink--2_CS1 LanguageSelector--RegionLink--2I-tU Button--default--3zkvy" href="/de-CH" target="_self">Switzerland | Deutsch</a><a class="ListItem--listItem--2wQRK ListItem--disableBorder--DPmOK CountryList--DisclosureLink--2_CS1 LanguageSelector--RegionLink--2I-tU Button--default--3zkvy" href="/tr-TR" target="_self">Turkey | Turkçe</a><a class="ListItem--listItem--2wQRK ListItem--disableBorder--DPmOK CountryList--DisclosureLink--2_CS1 LanguageSelector--RegionLink--2I-tU Button--default--3zkvy" href="/uk-UA" target="_self">Ukraine | Українська</a><a class="ListItem--listItem--2wQRK ListItem--disableBorder--DPmOK CountryList--DisclosureLink--2_CS1 LanguageSelector--RegionLink--2I-tU Button--default--3zkvy" href="/en-GB" target="_self">United Kingdom | English</a><a class="ListItem--listItem--2wQRK ListItem--disableBorder--DPmOK CountryList--DisclosureLink--2_CS1 LanguageSelector--RegionLink--2I-tU Button--default--3zkvy" href="/it-VA" target="_self">State of Vatican City (Holy See) | Italiano</a></div></div></details><details class="LanguageSelector--LanguageSection--3gFMn Disclosure--themeList--25Q0H"><summary class="Disclosure--Summary--UuybP CountryList--Summary--CQ0mX LanguageSelector--Summary--58hmO" role="button" aria-expanded="false"><div class="Disclosure--SummaryDefault--3xAWB">Middle East<svg set="ui" name="caret-down" class="Disclosure--SummaryIcon--1kGJk Icon--icon--3wCKh" data-testid="Icon" aria-hidden="true" role="img" viewBox="0 0 24 24"><title>Arrow Down</title><path d="M12 16.086l7.293-7.293a1 1 0 1 1 1.414 1.414l-8 8a1 1 0 0 1-1.414 0l-8-8a1 1 0 1 1 1.414-1.414L12 16.086z"></path></svg></div></summary><div class="LanguageSelector--Content--YveVL"><div class="CountryList--listContainer--22BSI LanguageSelector--RegionBlock--3xzbe"><a class="ListItem--listItem--2wQRK ListItem--disableBorder--DPmOK CountryList--DisclosureLink--2_CS1 LanguageSelector--RegionLink--2I-tU Button--default--3zkvy" href="/ar-BH" target="_self">Bahrain | العربية</a><a class="ListItem--listItem--2wQRK ListItem--disableBorder--DPmOK CountryList--DisclosureLink--2_CS1 LanguageSelector--RegionLink--2I-tU Button--default--3zkvy" href="/fa-IR" target="_self">Iran |  فارسى</a><a class="ListItem--listItem--2wQRK ListItem--disableBorder--DPmOK CountryList--DisclosureLink--2_CS1 LanguageSelector--RegionLink--2I-tU Button--default--3zkvy" href="/ar-IQ" target="_self">Iraq | العربية</a><a class="ListItem--listItem--2wQRK ListItem--disableBorder--DPmOK CountryList--DisclosureLink--2_CS1 LanguageSelector--RegionLink--2I-tU Button--default--3zkvy" href="/he-IL" target="_self">Israel | עִבְרִית</a><a class="ListItem--listItem--2wQRK ListItem--disableBorder--DPmOK CountryList--DisclosureLink--2_CS1 LanguageSelector--RegionLink--2I-tU Button--default--3zkvy" href="/ar-JO" target="_self">Jordan | العربية</a><a class="ListItem--listItem--2wQRK ListItem--disableBorder--DPmOK CountryList--DisclosureLink--2_CS1 LanguageSelector--RegionLink--2I-tU Button--default--3zkvy" href="/ar-KW" target="_self">Kuwait | العربية</a><a class="ListItem--listItem--2wQRK ListItem--disableBorder--DPmOK CountryList--DisclosureLink--2_CS1 LanguageSelector--RegionLink--2I-tU Button--default--3zkvy" href="/ar-LB" target="_self">Lebanon | العربية</a><a class="ListItem--listItem--2wQRK ListItem--disableBorder--DPmOK CountryList--DisclosureLink--2_CS1 LanguageSelector--RegionLink--2I-tU Button--default--3zkvy" href="/ar-OM" target="_self">Oman | العربية</a><a class="ListItem--listItem--2wQRK ListItem--disableBorder--DPmOK CountryList--DisclosureLink--2_CS1 LanguageSelector--RegionLink--2I-tU Button--default--3zkvy" href="/ur-PK" target="_self">Pakistan |  اردو</a><a class="ListItem--listItem--2wQRK ListItem--disableBorder--DPmOK CountryList--DisclosureLink--2_CS1 LanguageSelector--RegionLink--2I-tU Button--default--3zkvy" href="/en-PK" target="_self">Pakistan | English</a><a class="ListItem--listItem--2wQRK ListItem--disableBorder--DPmOK CountryList--DisclosureLink--2_CS1 LanguageSelector--RegionLink--2I-tU Button--default--3zkvy" href="/ar-QA" target="_self">Qatar | العربية</a><a class="ListItem--listItem--2wQRK ListItem--disableBorder--DPmOK CountryList--DisclosureLink--2_CS1 LanguageSelector--RegionLink--2I-tU Button--default--3zkvy" href="/ar-SA" target="_self">Saudi Arabia | العربية</a><a class="ListItem--listItem--2wQRK ListItem--disableBorder--DPmOK CountryList--DisclosureLink--2_CS1 LanguageSelector--RegionLink--2I-tU Button--default--3zkvy" href="/ar-SY" target="_self">Syria | العربية</a><a class="ListItem--listItem--2wQRK ListItem--disableBorder--DPmOK CountryList--DisclosureLink--2_CS1 LanguageSelector--RegionLink--2I-tU Button--default--3zkvy" href="/ar-AE" target="_self">United Arab Emirates | العربية</a></div></div></details></div></div></nav></div><div class=""><div class="MainMenu--menuInner--zXZM2"><button data-testid="hamburgerMenu" class="MainMenu--menuButton--2eJBA Button--default--3zkvy" type="button" id="MainMenuTrigger" aria-haspopup="menu" aria-expanded="false" aria-label="Menu"><span aria-hidden="true" class="MainMenu--icon--KnYY0"></span></button><nav class="ExpandableMenu--ExpandableMenu--2HGl7 ExpandableMenu--fullWidth--1M1DN MainMenu--rootMenu--3XK92" aria-hidden="true" hidden="" tabindex="-1"><div class="ExpandableMenu--inner--39JQs ExpandableMenu--bottomRoundBorder--NTgMw ExpandableMenu--outline--CVSXy ExpandableMenu--fullWidthInner--1_Onm MainMenu--menuInner--zXZM2"><div class=""><section aria-label="Site Navigation Links" data-testid="MainMenu" class="SiteNavigationLinks--menu--AwUVS"><div class="SiteNavigationLinks--Navigation--3Fz1b"><nav aria-label="Weather" class="SiteNavigationLinks--navigationList--VYZkB" data-testid="weather"><span class="SiteNavigationLinks--title--_kIVC">Weather</span><div class="SiteNavigationLinks--navigationListItems--7Iux3"><button data-testid="todayForecast" class="ListItem--listItem--2wQRK ListItem--disableBorder--DPmOK SiteNavigationLinks--navigationItem--2fxdn Button--default--3zkvy" type="button">Today's Forecast</button><button data-testid="hourlyForecast" class="ListItem--listItem--2wQRK ListItem--disableBorder--DPmOK SiteNavigationLinks--navigationItem--2fxdn Button--default--3zkvy" type="button">Hourly Forecast</button><button data-testid="tenDayForecast" class="ListItem--listItem--2wQRK ListItem--disableBorder--DPmOK SiteNavigationLinks--navigationItem--2fxdn Button--default--3zkvy" type="button">10 Day Forecast</button><button data-testid="weekendForecast" class="ListItem--listItem--2wQRK ListItem--disableBorder--DPmOK SiteNavigationLinks--navigationItem--2fxdn Button--default--3zkvy" type="button">Weekend Forecast</button><button data-testid="monthlyForecast" class="ListItem--listItem--2wQRK ListItem--disableBorder--DPmOK SiteNavigationLinks--navigationItem--2fxdn Button--default--3zkvy" type="button">Monthly Forecast</button><button data-testid="nationalForecast" class="ListItem--listItem--2wQRK ListItem--disableBorder--DPmOK SiteNavigationLinks--navigationItem--2fxdn Button--default--3zkvy" type="button">National Forecast</button><button data-testid="nationalNews" class="ListItem--listItem--2wQRK ListItem--disableBorder--DPmOK SiteNavigationLinks--navigationItem--2fxdn Button--default--3zkvy" type="button">National News</button><button data-testid="Almanac" class="ListItem--listItem--2wQRK ListItem--disableBorder--DPmOK SiteNavigationLinks--navigationItem--2fxdn Button--default--3zkvy" type="button">Almanac</button></div></nav><nav aria-label="radar" class="SiteNavigationLinks--navigationList--VYZkB" data-testid="radar"><span class="SiteNavigationLinks--title--_kIVC">radar</span><div class="SiteNavigationLinks--navigationListItems--7Iux3"><button data-testid="WeatherinMotion®" class="ListItem--listItem--2wQRK ListItem--disableBorder--DPmOK SiteNavigationLinks--navigationItem--2fxdn Button--default--3zkvy" type="button">Weather in Motion®</button><button data-testid="radarMaps" class="ListItem--listItem--2wQRK ListItem--disableBorder--DPmOK SiteNavigationLinks--navigationItem--2fxdn Button--default--3zkvy" type="button">Radar Maps</button><button data-testid="classicWeatherMaps" class="ListItem--listItem--2wQRK ListItem--disableBorder--DPmOK SiteNavigationLinks--navigationItem--2fxdn Button--default--3zkvy" type="button">Classic Weather Maps</button><button data-testid="regionalSatellite" class="ListItem--listItem--2wQRK ListItem--disableBorder--DPmOK SiteNavigationLinks--navigationItem--2fxdn Button--default--3zkvy" type="button">Regional Satellite</button></div></nav><nav aria-label="Severe" class="SiteNavigationLinks--navigationList--VYZkB" data-testid="severe"><span class="SiteNavigationLinks--title--_kIVC">Severe</span><div class="SiteNavigationLinks--navigationListItems--7Iux3"><button data-testid="severeAlerts" class="ListItem--listItem--2wQRK ListItem--disableBorder--DPmOK SiteNavigationLinks--navigationItem--2fxdn Button--default--3zkvy" type="button">Severe Alerts</button><button data-testid="safetyPreparedness" class="ListItem--listItem--2wQRK ListItem--disableBorder--DPmOK SiteNavigationLinks--navigationItem--2fxdn Button--default--3zkvy" type="button">Safety &amp; Preparedness</button><button data-testid="hurricaneCentral" class="ListItem--listItem--2wQRK ListItem--disableBorder--DPmOK SiteNavigationLinks--navigationItem--2fxdn Button--default--3zkvy" type="button">Hurricane Central</button></div></nav><nav aria-label="Account" class="SiteNavigationLinks--navigationList--VYZkB" data-testid="Account"><div class="SiteNavigationLinks--title--_kIVC">Account</div><a class="SiteNavigationLinks--loginButton--WD-EN Button--primary--1UQTP" href="/subscribe?tpcc=mktg-home-hamburger-subscribe" target="_self">Subscribe</a><div class="SiteNavigationLinks--accountItem--3NFzo"><span class="SiteNavigationLinks--alreadyMemberText--21ThA">Already a subscriber? </span><button data-testid="ctaButton" class="SiteNavigationLinks--loginLink--3Zm5G Button--default--3zkvy" type="button">Log In</button></div></nav><nav aria-label="Video &amp; Photos" class="SiteNavigationLinks--navigationList--VYZkB" data-testid="videoPhotos"><span class="SiteNavigationLinks--title--_kIVC">Video &amp; Photos</span><div class="SiteNavigationLinks--navigationListItems--7Iux3"><button data-testid="topStories" class="ListItem--listItem--2wQRK ListItem--disableBorder--DPmOK SiteNavigationLinks--navigationItem--2fxdn Button--default--3zkvy" type="button">Top Stories</button><button data-testid="video" class="ListItem--listItem--2wQRK ListItem--disableBorder--DPmOK SiteNavigationLinks--navigationItem--2fxdn Button--default--3zkvy" type="button">Video</button><button data-testid="photos" class="ListItem--listItem--2wQRK ListItem--disableBorder--DPmOK SiteNavigationLinks--navigationItem--2fxdn Button--default--3zkvy" type="button">Photos</button><button data-testid="climateNews" class="ListItem--listItem--2wQRK ListItem--disableBorder--DPmOK SiteNavigationLinks--navigationItem--2fxdn Button--default--3zkvy" type="button">Climate News<svg set="ui" name="external-link" class="SiteNavigationLinks--navLinkIcon--3ffNT Icon--icon--3wCKh" data-testid="Icon" aria-hidden="true" role="img" width="16" viewBox="0 0 24 24"><title>External Link</title><path d="M19.395 3.83l-6.82 0.145c-0.423 0.009-0.759-0.327-0.75-0.75s0.359-0.774 0.783-0.783l8.67-0.184c0.423-0.009 0.759 0.327 0.75 0.75l-0.184 8.67c-0.009 0.423-0.359 0.774-0.783 0.783s-0.759-0.327-0.75-0.75l0.145-6.82-8.625 8.625c-0.306 0.306-0.791 0.316-1.084 0.023s-0.283-0.778 0.023-1.084l8.625-8.625z"></path><path d="M2.614 7.334c5.406 0 8.395 0 8.966 0 0.857 0 0.857 1.348 0 1.348-0.571 0-3.113 0-7.626 0v11.378h11.657c0-3.251 0-5.184 0-5.798 0-0.921 1.337-0.921 1.337 0 0 0.614 0 2.995 0 7.143h-14.334v-14.071z"></path></svg></button><button data-testid="awardWinningInvestigations" class="ListItem--listItem--2wQRK ListItem--disableBorder--DPmOK SiteNavigationLinks--navigationItem--2fxdn Button--default--3zkvy" type="button">Award-Winning Investigations<svg set="ui" name="external-link" class="SiteNavigationLinks--navLinkIcon--3ffNT Icon--icon--3wCKh" data-testid="Icon" aria-hidden="true" role="img" width="16" viewBox="0 0 24 24"><title>External Link</title><path d="M19.395 3.83l-6.82 0.145c-0.423 0.009-0.759-0.327-0.75-0.75s0.359-0.774 0.783-0.783l8.67-0.184c0.423-0.009 0.759 0.327 0.75 0.75l-0.184 8.67c-0.009 0.423-0.359 0.774-0.783 0.783s-0.759-0.327-0.75-0.75l0.145-6.82-8.625 8.625c-0.306 0.306-0.791 0.316-1.084 0.023s-0.283-0.778 0.023-1.084l8.625-8.625z"></path><path d="M2.614 7.334c5.406 0 8.395 0 8.966 0 0.857 0 0.857 1.348 0 1.348-0.571 0-3.113 0-7.626 0v11.378h11.657c0-3.251 0-5.184 0-5.798 0-0.921 1.337-0.921 1.337 0 0 0.614 0 2.995 0 7.143h-14.334v-14.071z"></path></svg></button></div></nav><nav aria-label="Health &amp; Activities" class="SiteNavigationLinks--navigationList--VYZkB" data-testid="healthActivities"><span class="SiteNavigationLinks--title--_kIVC">Health &amp; Activities</span><div class="SiteNavigationLinks--navigationListItems--7Iux3"><button data-testid="allergyTracker" class="ListItem--listItem--2wQRK ListItem--disableBorder--DPmOK SiteNavigationLinks--navigationItem--2fxdn Button--default--3zkvy" type="button">Allergy Tracker</button><button data-testid="coldFlu" class="ListItem--listItem--2wQRK ListItem--disableBorder--DPmOK SiteNavigationLinks--navigationItem--2fxdn Button--default--3zkvy" type="button">Cold &amp; Flu</button><button data-testid="COVID-19" class="ListItem--listItem--2wQRK ListItem--disableBorder--DPmOK SiteNavigationLinks--navigationItem--2fxdn Button--default--3zkvy" type="button">COVID-19</button><button data-testid="waterScarcity" class="ListItem--listItem--2wQRK ListItem--disableBorder--DPmOK SiteNavigationLinks--navigationItem--2fxdn Button--default--3zkvy" type="button">Water Scarcity<svg set="ui" name="external-link" class="SiteNavigationLinks--navLinkIcon--3ffNT Icon--icon--3wCKh" data-testid="Icon" aria-hidden="true" role="img" width="16" viewBox="0 0 24 24"><title>External Link</title><path d="M19.395 3.83l-6.82 0.145c-0.423 0.009-0.759-0.327-0.75-0.75s0.359-0.774 0.783-0.783l8.67-0.184c0.423-0.009 0.759 0.327 0.75 0.75l-0.184 8.67c-0.009 0.423-0.359 0.774-0.783 0.783s-0.759-0.327-0.75-0.75l0.145-6.82-8.625 8.625c-0.306 0.306-0.791 0.316-1.084 0.023s-0.283-0.778 0.023-1.084l8.625-8.625z"></path><path d="M2.614 7.334c5.406 0 8.395 0 8.966 0 0.857 0 0.857 1.348 0 1.348-0.571 0-3.113 0-7.626 0v11.378h11.657c0-3.251 0-5.184 0-5.798 0-0.921 1.337-0.921 1.337 0 0 0.614 0 2.995 0 7.143h-14.334v-14.071z"></path></svg></button><button data-testid="airQualityForecast" class="ListItem--listItem--2wQRK ListItem--disableBorder--DPmOK SiteNavigationLinks--navigationItem--2fxdn Button--default--3zkvy" type="button">Air Quality Forecast</button></div></nav><nav aria-label="TV &amp; Weather" class="SiteNavigationLinks--navigationList--VYZkB" data-testid="TV&amp;Weather"><span class="SiteNavigationLinks--title--_kIVC">TV &amp; Weather</span><div class="SiteNavigationLinks--navigationListItems--7Iux3"><button data-testid="AlexaSkill" class="ListItem--listItem--2wQRK ListItem--disableBorder--DPmOK SiteNavigationLinks--navigationItem--2fxdn Button--default--3zkvy" type="button">Alexa Skill<svg set="ui" name="external-link" class="SiteNavigationLinks--navLinkIcon--3ffNT Icon--icon--3wCKh" data-testid="Icon" aria-hidden="true" role="img" width="16" viewBox="0 0 24 24"><title>External Link</title><path d="M19.395 3.83l-6.82 0.145c-0.423 0.009-0.759-0.327-0.75-0.75s0.359-0.774 0.783-0.783l8.67-0.184c0.423-0.009 0.759 0.327 0.75 0.75l-0.184 8.67c-0.009 0.423-0.359 0.774-0.783 0.783s-0.759-0.327-0.75-0.75l0.145-6.82-8.625 8.625c-0.306 0.306-0.791 0.316-1.084 0.023s-0.283-0.778 0.023-1.084l8.625-8.625z"></path><path d="M2.614 7.334c5.406 0 8.395 0 8.966 0 0.857 0 0.857 1.348 0 1.348-0.571 0-3.113 0-7.626 0v11.378h11.657c0-3.251 0-5.184 0-5.798 0-0.921 1.337-0.921 1.337 0 0 0.614 0 2.995 0 7.143h-14.334v-14.071z"></path></svg></button><button data-testid="watchLive" class="ListItem--listItem--2wQRK ListItem--disableBorder--DPmOK SiteNavigationLinks--navigationItem--2fxdn Button--default--3zkvy" type="button">Watch Live<svg set="ui" name="external-link" class="SiteNavigationLinks--navLinkIcon--3ffNT Icon--icon--3wCKh" data-testid="Icon" aria-hidden="true" role="img" width="16" viewBox="0 0 24 24"><title>External Link</title><path d="M19.395 3.83l-6.82 0.145c-0.423 0.009-0.759-0.327-0.75-0.75s0.359-0.774 0.783-0.783l8.67-0.184c0.423-0.009 0.759 0.327 0.75 0.75l-0.184 8.67c-0.009 0.423-0.359 0.774-0.783 0.783s-0.759-0.327-0.75-0.75l0.145-6.82-8.625 8.625c-0.306 0.306-0.791 0.316-1.084 0.023s-0.283-0.778 0.023-1.084l8.625-8.625z"></path><path d="M2.614 7.334c5.406 0 8.395 0 8.966 0 0.857 0 0.857 1.348 0 1.348-0.571 0-3.113 0-7.626 0v11.378h11.657c0-3.251 0-5.184 0-5.798 0-0.921 1.337-0.921 1.337 0 0 0.614 0 2.995 0 7.143h-14.334v-14.071z"></path></svg></button><button data-testid="personalities" class="ListItem--listItem--2wQRK ListItem--disableBorder--DPmOK SiteNavigationLinks--navigationItem--2fxdn Button--default--3zkvy" type="button">Personalities<svg set="ui" name="external-link" class="SiteNavigationLinks--navLinkIcon--3ffNT Icon--icon--3wCKh" data-testid="Icon" aria-hidden="true" role="img" width="16" viewBox="0 0 24 24"><title>External Link</title><path d="M19.395 3.83l-6.82 0.145c-0.423 0.009-0.759-0.327-0.75-0.75s0.359-0.774 0.783-0.783l8.67-0.184c0.423-0.009 0.759 0.327 0.75 0.75l-0.184 8.67c-0.009 0.423-0.359 0.774-0.783 0.783s-0.759-0.327-0.75-0.75l0.145-6.82-8.625 8.625c-0.306 0.306-0.791 0.316-1.084 0.023s-0.283-0.778 0.023-1.084l8.625-8.625z"></path><path d="M2.614 7.334c5.406 0 8.395 0 8.966 0 0.857 0 0.857 1.348 0 1.348-0.571 0-3.113 0-7.626 0v11.378h11.657c0-3.251 0-5.184 0-5.798 0-0.921 1.337-0.921 1.337 0 0 0.614 0 2.995 0 7.143h-14.334v-14.071z"></path></svg></button></div></nav><nav aria-label="Weather Products" class="SiteNavigationLinks--navigationList--VYZkB" data-testid="WeatherProducts"><span class="SiteNavigationLinks--title--_kIVC">Weather Products</span><div class="SiteNavigationLinks--navigationListItems--7Iux3"><button data-testid="AlexaSkill" class="ListItem--listItem--2wQRK ListItem--disableBorder--DPmOK SiteNavigationLinks--navigationItem--2fxdn Button--default--3zkvy" type="button">Alexa Skill<svg set="ui" name="external-link" class="SiteNavigationLinks--navLinkIcon--3ffNT Icon--icon--3wCKh" data-testid="Icon" aria-hidden="true" role="img" width="16" viewBox="0 0 24 24"><title>External Link</title><path d="M19.395 3.83l-6.82 0.145c-0.423 0.009-0.759-0.327-0.75-0.75s0.359-0.774 0.783-0.783l8.67-0.184c0.423-0.009 0.759 0.327 0.75 0.75l-0.184 8.67c-0.009 0.423-0.359 0.774-0.783 0.783s-0.759-0.327-0.75-0.75l0.145-6.82-8.625 8.625c-0.306 0.306-0.791 0.316-1.084 0.023s-0.283-0.778 0.023-1.084l8.625-8.625z"></path><path d="M2.614 7.334c5.406 0 8.395 0 8.966 0 0.857 0 0.857 1.348 0 1.348-0.571 0-3.113 0-7.626 0v11.378h11.657c0-3.251 0-5.184 0-5.798 0-0.921 1.337-0.921 1.337 0 0 0.614 0 2.995 0 7.143h-14.334v-14.071z"></path></svg></button><button data-testid="SeasonalDeals" class="ListItem--listItem--2wQRK ListItem--disableBorder--DPmOK SiteNavigationLinks--navigationItem--2fxdn Button--default--3zkvy" type="button">Seasonal Deals</button></div></nav><nav aria-label="Privacy" class="SiteNavigationLinks--navigationList--VYZkB" data-testid="privacy"><span class="SiteNavigationLinks--title--_kIVC">Privacy</span><div class="SiteNavigationLinks--navigationListItems--7Iux3"><button data-testid="dataRights" class="ListItem--listItem--2wQRK ListItem--disableBorder--DPmOK SiteNavigationLinks--navigationItem--2fxdn Button--default--3zkvy" type="button">Data Rights</button><button data-testid="privacyPolicy" class="ListItem--listItem--2wQRK ListItem--disableBorder--DPmOK SiteNavigationLinks--navigationItem--2fxdn Button--default--3zkvy" type="button">Privacy Policy</button></div></nav></div></section></div></div></nav></div></div></div></div></header></div><div id="WxuSavedLocations-header-9aea3e61-fbf8-4da4-9e07-f96abf18cdf1" class=" removeIfEmpty"><div class="styles--SavedLocations--2TuU_"><div class="styles--wrapper--30pBt"><div class="styles--root--12yl6" aria-label="Saved Locations" role="region"><div class="styles--cards--2hNpO styles--cardCarousel--3xhQl" style="transform:translateX(0px)"><div class="styles--card--3wj9l" style="z-index:1"><div class="styles--LocationCard--2vjvQ"><div class="styles--LocationCardComponent--2M_BE styles--mini--3ZGda"></div></div></div></div><div class="styles--arrow--204Rq styles--left--aHaxA styles--mini--2h5Ri gradients--default-top--1EwzM"><svg set="ui" name="caret-left" theme="light" data-testid="Icon" aria-hidden="true" role="img" class="Icon--icon--3wCKh Icon--lightTheme--3NMAI" viewBox="0 0 24 24"><title>Arrow Left</title><path d="M7.914 12l7.293 7.293a1 1 0 1 1-1.414 1.414l-8-8a1 1 0 0 1 0-1.414l8-8a1 1 0 1 1 1.414 1.414L7.914 12z"></path></svg></div><div class="styles--arrow--204Rq styles--right--2pLKS styles--mini--2h5Ri gradients--default-top--1EwzM"><svg set="ui" name="caret-right" theme="light" data-testid="Icon" aria-hidden="true" role="img" class="Icon--icon--3wCKh Icon--lightTheme--3NMAI" viewBox="0 0 24 24"><title>Arrow Right</title><path d="M15.086 12L7.793 4.707a1 1 0 1 1 1.414-1.414l8 8a1 1 0 0 1 0 1.414l-8 8a1 1 0 1 1-1.414-1.414L15.086 12z"></path></svg></div></div></div></div></div><div id="WxuLocalsuiteNav-header-71dadf79-621d-43ff-9a1a-d99a39f16abe" class=" removeIfEmpty"><nav class="styles--LocalsuiteNav--26ACm"><div class="styles--inner--1IZYn layout-centered"><div class="styles--OverflowNav--1Zocx styles--overflowNav--3zKoS"><a class="ListItem--listItem--2wQRK styles--listItem--3b2Ko Button--default--3zkvy" href="/weather/today/l/null" target="_self" data-from-string="localsuiteNav_1_Today"><span class="styles--liContent--3i8m_">Today</span></a><a class="ListItem--listItem--2wQRK styles--listItem--3b2Ko Button--default--3zkvy" href="/weather/hourbyhour/l/null" target="_self" data-from-string="localsuiteNav_2_Hourly"><span class="styles--liContent--3i8m_">Hourly</span></a><a class="ListItem--listItem--2wQRK styles--listItem--3b2Ko Button--default--3zkvy" href="/weather/tenday/l/null" target="_self" data-from-string="localsuiteNav_3_10 Day"><span class="styles--liContent--3i8m_">10 Day</span></a><a class="ListItem--listItem--2wQRK styles--listItem--3b2Ko Button--default--3zkvy" href="/weather/weekend/l/null" target="_self" data-from-string="localsuiteNav_4_Weekend"><span class="styles--liContent--3i8m_">Weekend</span></a><a class="ListItem--listItem--2wQRK styles--listItem--3b2Ko Button--default--3zkvy" href="/weather/monthly/l/null" target="_self" data-from-string="localsuiteNav_5_Monthly"><span class="styles--liContent--3i8m_">Monthly</span></a><a class="ListItem--listItem--2wQRK styles--listItem--3b2Ko Button--default--3zkvy" href="/weather/radar/interactive/l/null" target="_self" data-from-string="localsuiteNav_6_Radar"><span class="styles--liContent--3i8m_">Radar</span></a><a class="ListItem--listItem--2wQRK styles--listItem--3b2Ko Button--default--3zkvy" href="/news/trending/video/divers-discover-1200-year-old-canoe-in-wisconsin-lake" target="_self" data-from-string="localsuiteNav_7_Video"><svg set="nav" name="video" class="styles--videoIcon--LpXDU Icon--icon--3wCKh Icon--lightTheme--3NMAI" theme="light" data-testid="Icon" aria-hidden="true" role="img" viewBox="0 0 24 24"><title>Video</title><path d="M12 2C6.48 2 2 6.48 2 12s4.48 10 10 10 10-4.48 10-10S17.52 2 12 2zm-2 13.5v-7a.5.5 0 01.8-.4l4.67 3.5c.27.2.27.6 0 .8l-4.67 3.5a.5.5 0 01-.8-.4z" fill="currentColor"></path></svg><span class="styles--liContent--3i8m_">Video</span></a></div><div class="styles--root--3eGVf styles--moreForecastsNav--3jQjH"><button data-testid="ctaButton" class="styles--button--2ZsPl Button--default--3zkvy" type="button"><span class="styles--fullText--V-nzm">More Forecasts</span><span class="styles--shortText--2pzBL">More</span><svg set="ui" name="triangle-down" class="styles--buttonIcon--nMAqA Icon--icon--3wCKh" data-testid="Icon" aria-hidden="true" role="img" viewBox="0 0 24 24"><title>Arrow down</title><path d="M23.765 5.167h-23.53l11.75 13.666 11.779-13.666z"></path></svg></button><nav class="ExpandableMenu--ExpandableMenu--2HGl7 ExpandableMenu--reverse--3t0b2 styles--rootMoreMenu--2Efmg" aria-hidden="true" hidden="" tabindex="-1"><div class="ExpandableMenu--inner--39JQs ExpandableMenu--outline--CVSXy styles--expandableMenu--1G_Bu"><div class="ExpandableMenu--innerPadding--1vQiV"><nav aria-label="Specialty Forecasts"><h3 class="styles--navHeader--2rbZM" role="presentation">Specialty Forecasts</h3><div class="styles--nav--3FRvC"><a class="ListItem--listItem--2wQRK styles--listItem--uZTeJ Button--default--3zkvy" href="//www.wunderground.com/history/daily/null/yesterday" target="_blank" data-from-string="localsuiteNav_moreForecasts_1_Yesterday's Weather"><span class="styles--item--a-T_N">Yesterday's Weather<svg set="ui" name="external-link" class="styles--navLinkIcon--1KMmJ Icon--icon--3wCKh" data-testid="Icon" aria-hidden="true" role="img" viewBox="0 0 24 24"><title>External Link</title><path d="M19.395 3.83l-6.82 0.145c-0.423 0.009-0.759-0.327-0.75-0.75s0.359-0.774 0.783-0.783l8.67-0.184c0.423-0.009 0.759 0.327 0.75 0.75l-0.184 8.67c-0.009 0.423-0.359 0.774-0.783 0.783s-0.759-0.327-0.75-0.75l0.145-6.82-8.625 8.625c-0.306 0.306-0.791 0.316-1.084 0.023s-0.283-0.778 0.023-1.084l8.625-8.625z"></path><path d="M2.614 7.334c5.406 0 8.395 0 8.966 0 0.857 0 0.857 1.348 0 1.348-0.571 0-3.113 0-7.626 0v11.378h11.657c0-3.251 0-5.184 0-5.798 0-0.921 1.337-0.921 1.337 0 0 0.614 0 2.995 0 7.143h-14.334v-14.071z"></path></svg></span></a><a class="ListItem--listItem--2wQRK styles--listItem--uZTeJ Button--default--3zkvy" href="/forecast/allergy/l/null" target="_self" data-from-string="localsuiteNav_moreForecasts_2_Allergy Tracker"><span class="styles--item--a-T_N">Allergy Tracker</span></a><a class="ListItem--listItem--2wQRK styles--listItem--uZTeJ Button--default--3zkvy" href="/forecast/fishing/l/null" target="_self" data-from-string="localsuiteNav_moreForecasts_3_Fishing"><span class="styles--item--a-T_N">Fishing</span></a><a class="ListItem--listItem--2wQRK styles--listItem--uZTeJ Button--default--3zkvy" href="/forecast/cold-flu/l/null" target="_self" data-from-string="localsuiteNav_moreForecasts_4_Cold &amp; Flu"><span class="styles--item--a-T_N">Cold &amp; Flu</span></a><a class="ListItem--listItem--2wQRK styles--listItem--uZTeJ Button--default--3zkvy" href="/forecast/air-quality/l/null" target="_self" data-from-string="localsuiteNav_moreForecasts_5_Air Quality Forecast"><span class="styles--item--a-T_N">Air Quality Forecast</span></a></div></nav></div></div></nav></div></div></nav></div></div><div id="labBG" class="js-branded-background-ads"></div><main id="MainContent"><div class="region-contentTop regionContentTop DaybreakLargeScreen--regionContentTop--35bjX"><div id="WxuAd-contentTop-50b69813-b340-4d89-a22d-016d4b682491" class=" removeIfEmpty"><div class="adWrapper BaseAd--adWrapper--2qtTX BaseAd--hide--3pG-e"><div class="adLabel">Advertisement</div><div id="WX_WindowShade" class="ad_module BaseAd--ad_module--yZlyg subs-undefined BaseAd--placeholder--31XQZ"></div></div></div></div><div class="DaybreakLargeScreen--gridWrapper--3wzvS"><div id="wx-hero-content" class="js-branded-background-ads"></div><main class="region-main regionMain DaybreakLargeScreen--regionMain--1F19m" aria-label="Main Content"><div id="WxuContentMedia-main-eca80ceb-d167-47d5-abe3-ce01a2b10ffc" class=" removeIfEmpty"><section class="card Card--cardPadded--2oS21 Card--card--HiWPW" data-testid="ContentMediaModule" title="Top Stories" ctatext="More Stories" ctaurl="/news" data-tb-region="db-cm-homepage_top_EN" footer="[object Object]" aria-label="Top Stories"><header data-testid="HeaderTitle" class="Card--cardHeader--1QwR4"><h1 class="Card--cardHeading--5_qfE">Top Stories</h1></header><div class="ContentMedia--sidebarContainer--31D-6 ContentMedia--listItem3--UHvP8"><div class="ContentMedia--primaryContainer--16gwV undefined ContentMedia--fullMedia--1cXPO"><div class="mediaListItem ContentMedia--mediaListItem--19sj1 MediaObject--fullWidthMediaList--2O8AG" data-tb-region-item="true"><a class="mediaLink fullMedia MediaObject--fullMedia--1jrAm ContentMedia--fullMedia--1cXPO MediaObject--mediaLink--330_t Button--default--3zkvy" href="/news/trending/video/watch-woman-flee-falling-snow-in-northern-china" target="_self"><div data-testid="ContentMediaImage" class="MediaObject--mediaImg--1zbhQ ContentMedia--mediaImg--327bx"><div class="Image--rounded--2t_Qb Image--gradient--2COra"><div class="Image--rounded--2t_Qb Image--intrinsicRatioRoot--1I6CT" style="padding-top:56.25%"><img class="Image--rounded--2t_Qb Image--intrinsicRatioElement--eptTV" src="https://s.w-x.co/SnowCrusher.jpg?crop=16:9&amp;width=320&amp;format=pjpg&amp;auto=webp&amp;quality=60" data-src="https://s.w-x.co/SnowCrusher.jpg?crop=16:9&amp;width=320&amp;format=pjpg&amp;auto=webp&amp;quality=60" alt="" sizes="73vw" srcset="https://s.w-x.co/SnowCrusher.jpg?crop=16:9&amp;width=80&amp;format=pjpg&amp;auto=webp&amp;quality=60 80w,https://s.w-x.co/SnowCrusher.jpg?crop=16:9&amp;width=160&amp;format=pjpg&amp;auto=webp&amp;quality=60 160w,https://s.w-x.co/SnowCrusher.jpg?crop=16:9&amp;width=240&amp;format=pjpg&amp;auto=webp&amp;quality=60 240w,https://s.w-x.co/SnowCrusher.jpg?crop=16:9&amp;width=320&amp;format=pjpg&amp;auto=webp&amp;quality=60 320w,https://s.w-x.co/SnowCrusher.jpg?crop=16:9&amp;width=480&amp;format=pjpg&amp;auto=webp&amp;quality=60 480w,https://s.w-x.co/SnowCrusher.jpg?crop=16:9&amp;width=640&amp;format=pjpg&amp;auto=webp&amp;quality=60 640w,https://s.w-x.co/SnowCrusher.jpg?crop=16:9&amp;width=800&amp;format=pjpg&amp;auto=webp&amp;quality=60 800w,https://s.w-x.co/SnowCrusher.jpg?crop=16:9&amp;width=980&amp;format=pjpg&amp;auto=webp&amp;quality=60 980w"><noscript><img class="Image--intrinsicRatioElement--eptTV Image--rounded--2t_Qb" alt="" src="https://s.w-x.co/SnowCrusher.jpg?crop=16:9&width=320&format=pjpg&auto=webp&quality=60" /></noscript></div></div><div class="MediaObject--mediaIcon--2Ge4G ContentMedia--mediaIcon--1S_z0"><svg set="ui" name="video" theme="light" style="width:58.38px" data-testid="Icon" aria-hidden="true" role="img" class="Icon--icon--3wCKh Icon--lightTheme--3NMAI" viewBox="0 0 24 24"><title>Video</title><g transform="translate(2 2)" fill-rule="evenodd"><rect fill="none" stroke="currentColor" stroke-width="1" x=".75" y=".75" width="18.5" height="18.5" rx="9.25"></rect><path d="M8 7.475v4.55a.75.75 0 0 0 1.192.606l3.12-2.275a.75.75 0 0 0 0-1.212l-3.12-2.275A.75.75 0 0 0 8 7.475z"></path></g></svg></div></div><div><div class="MediaObject--mediaTitle--d3_JC ContentMedia--mediaTitle--3QRq6"><span class="Ellipsis--ellipsis--1sNTm" style="-webkit-line-clamp:3" data-testid="ContentMediaTitle">Woman Escapes Crushing Snow with Only Seconds To Spare</span></div></div></a></div></div><div class="ContentMedia--secondaryContainer--3kFQZ ContentMedia--mediaSidebar--iK8Q7 ContentMedia--mediaInline--2c2lM ContentMedia--mediaStacked--Lf1F-"><div class="mediaListItem ContentMedia--mediaListItem--19sj1" data-tb-region-item="true"><a class="mediaLink smallMedia MediaObject--smallMedia--jGsoI ContentMedia--smallMedia--2HRCw MediaObject--mediaLink--330_t Button--default--3zkvy" href="/news/weather/video/powerful-storm-to-bring-snow-rain-and-gusty-winds" target="_self"><div data-testid="ContentMediaImage" class="MediaObject--mediaImg--1zbhQ ContentMedia--mediaImg--327bx"><div class="Image--rounded--2t_Qb Image--gradient--2COra"><div class="Image--rounded--2t_Qb Image--intrinsicRatioRoot--1I6CT" style="padding-top:56.25%"><img class="Image--rounded--2t_Qb Image--intrinsicRatioElement--eptTV" src="https://s.w-x.co/MidWeekStormMonPM.jpg?crop=16:9&amp;width=160&amp;format=pjpg&amp;auto=webp&amp;quality=60" data-src="https://s.w-x.co/MidWeekStormMonPM.jpg?crop=16:9&amp;width=160&amp;format=pjpg&amp;auto=webp&amp;quality=60" alt="" sizes="39vw" srcset="https://s.w-x.co/MidWeekStormMonPM.jpg?crop=16:9&amp;width=80&amp;format=pjpg&amp;auto=webp&amp;quality=60 80w,https://s.w-x.co/MidWeekStormMonPM.jpg?crop=16:9&amp;width=160&amp;format=pjpg&amp;auto=webp&amp;quality=60 160w,https://s.w-x.co/MidWeekStormMonPM.jpg?crop=16:9&amp;width=240&amp;format=pjpg&amp;auto=webp&amp;quality=60 240w,https://s.w-x.co/MidWeekStormMonPM.jpg?crop=16:9&amp;width=320&amp;format=pjpg&amp;auto=webp&amp;quality=60 320w,https://s.w-x.co/MidWeekStormMonPM.jpg?crop=16:9&amp;width=480&amp;format=pjpg&amp;auto=webp&amp;quality=60 480w,https://s.w-x.co/MidWeekStormMonPM.jpg?crop=16:9&amp;width=640&amp;format=pjpg&amp;auto=webp&amp;quality=60 640w,https://s.w-x.co/MidWeekStormMonPM.jpg?crop=16:9&amp;width=800&amp;format=pjpg&amp;auto=webp&amp;quality=60 800w,https://s.w-x.co/MidWeekStormMonPM.jpg?crop=16:9&amp;width=980&amp;format=pjpg&amp;auto=webp&amp;quality=60 980w"><noscript><img class="Image--intrinsicRatioElement--eptTV Image--rounded--2t_Qb" alt="" src="https://s.w-x.co/MidWeekStormMonPM.jpg?crop=16:9&width=160&format=pjpg&auto=webp&quality=60" /></noscript></div></div><div class="MediaObject--mediaIcon--2Ge4G ContentMedia--mediaIcon--1S_z0"><svg set="ui" name="video" theme="light" style="width:32.45px" data-testid="Icon" aria-hidden="true" role="img" class="Icon--icon--3wCKh Icon--lightTheme--3NMAI" viewBox="0 0 24 24"><title>Video</title><g transform="translate(2 2)" fill-rule="evenodd"><rect fill="none" stroke="currentColor" stroke-width="1" x=".75" y=".75" width="18.5" height="18.5" rx="9.25"></rect><path d="M8 7.475v4.55a.75.75 0 0 0 1.192.606l3.12-2.275a.75.75 0 0 0 0-1.212l-3.12-2.275A.75.75 0 0 0 8 7.475z"></path></g></svg></div></div><div><div class="MediaObject--mediaTitle--d3_JC ContentMedia--mediaTitle--3QRq6"><span class="Ellipsis--ellipsis--1sNTm" style="-webkit-line-clamp:3" data-testid="ContentMediaTitle">Strong Storm Brewing Ahead of Veterans Day</span></div></div></a></div><div class="mediaListItem ContentMedia--mediaListItem--19sj1" data-tb-region-item="true"><a class="mediaLink smallMedia MediaObject--smallMedia--jGsoI ContentMedia--smallMedia--2HRCw MediaObject--mediaLink--330_t Button--default--3zkvy" href="/news/weather/video/tumbling-temperates-ahead-for-the-weekend" target="_self"><div data-testid="ContentMediaImage" class="MediaObject--mediaImg--1zbhQ ContentMedia--mediaImg--327bx"><div class="Image--rounded--2t_Qb Image--gradient--2COra"><div class="Image--rounded--2t_Qb Image--intrinsicRatioRoot--1I6CT" style="padding-top:56.25%"><img class="Image--rounded--2t_Qb Image--intrinsicRatioElement--eptTV" src="https://s.w-x.co/MonTempsDropping.jpg?crop=16:9&amp;width=160&amp;format=pjpg&amp;auto=webp&amp;quality=60" data-src="https://s.w-x.co/MonTempsDropping.jpg?crop=16:9&amp;width=160&amp;format=pjpg&amp;auto=webp&amp;quality=60" alt="" sizes="39vw" srcset="https://s.w-x.co/MonTempsDropping.jpg?crop=16:9&amp;width=80&amp;format=pjpg&amp;auto=webp&amp;quality=60 80w,https://s.w-x.co/MonTempsDropping.jpg?crop=16:9&amp;width=160&amp;format=pjpg&amp;auto=webp&amp;quality=60 160w,https://s.w-x.co/MonTempsDropping.jpg?crop=16:9&amp;width=240&amp;format=pjpg&amp;auto=webp&amp;quality=60 240w,https://s.w-x.co/MonTempsDropping.jpg?crop=16:9&amp;width=320&amp;format=pjpg&amp;auto=webp&amp;quality=60 320w,https://s.w-x.co/MonTempsDropping.jpg?crop=16:9&amp;width=480&amp;format=pjpg&amp;auto=webp&amp;quality=60 480w,https://s.w-x.co/MonTempsDropping.jpg?crop=16:9&amp;width=640&amp;format=pjpg&amp;auto=webp&amp;quality=60 640w,https://s.w-x.co/MonTempsDropping.jpg?crop=16:9&amp;width=800&amp;format=pjpg&amp;auto=webp&amp;quality=60 800w,https://s.w-x.co/MonTempsDropping.jpg?crop=16:9&amp;width=980&amp;format=pjpg&amp;auto=webp&amp;quality=60 980w"><noscript><img class="Image--intrinsicRatioElement--eptTV Image--rounded--2t_Qb" alt="" src="https://s.w-x.co/MonTempsDropping.jpg?crop=16:9&width=160&format=pjpg&auto=webp&quality=60" /></noscript></div></div><div class="MediaObject--mediaIcon--2Ge4G ContentMedia--mediaIcon--1S_z0"><svg set="ui" name="video" theme="light" style="width:32.45px" data-testid="Icon" aria-hidden="true" role="img" class="Icon--icon--3wCKh Icon--lightTheme--3NMAI" viewBox="0 0 24 24"><title>Video</title><g transform="translate(2 2)" fill-rule="evenodd"><rect fill="none" stroke="currentColor" stroke-width="1" x=".75" y=".75" width="18.5" height="18.5" rx="9.25"></rect><path d="M8 7.475v4.55a.75.75 0 0 0 1.192.606l3.12-2.275a.75.75 0 0 0 0-1.212l-3.12-2.275A.75.75 0 0 0 8 7.475z"></path></g></svg></div></div><div><div class="MediaObject--mediaTitle--d3_JC ContentMedia--mediaTitle--3QRq6"><span class="Ellipsis--ellipsis--1sNTm" style="-webkit-line-clamp:3" data-testid="ContentMediaTitle">Tumbling Temperatures Ahead for the Weekend</span></div></div></a></div><div class="mediaListItem ContentMedia--mediaListItem--19sj1" data-tb-region-item="true"><a class="mediaLink smallMedia MediaObject--smallMedia--jGsoI ContentMedia--smallMedia--2HRCw MediaObject--mediaLink--330_t Button--default--3zkvy" href="/news/climate/video/countries-drastically-underreport-greenhouse-gas-emissions-investigation-finds" target="_self"><div data-testid="ContentMediaImage" class="MediaObject--mediaImg--1zbhQ ContentMedia--mediaImg--327bx"><div class="Image--rounded--2t_Qb Image--gradient--2COra"><div class="Image--rounded--2t_Qb Image--intrinsicRatioRoot--1I6CT" style="padding-top:56.25%"><img class="Image--rounded--2t_Qb Image--intrinsicRatioElement--eptTV" src="https://s.w-x.co/EmissionsLIes.jpg?crop=16:9&amp;width=160&amp;format=pjpg&amp;auto=webp&amp;quality=60" data-src="https://s.w-x.co/EmissionsLIes.jpg?crop=16:9&amp;width=160&amp;format=pjpg&amp;auto=webp&amp;quality=60" alt="" sizes="39vw" srcset="https://s.w-x.co/EmissionsLIes.jpg?crop=16:9&amp;width=80&amp;format=pjpg&amp;auto=webp&amp;quality=60 80w,https://s.w-x.co/EmissionsLIes.jpg?crop=16:9&amp;width=160&amp;format=pjpg&amp;auto=webp&amp;quality=60 160w,https://s.w-x.co/EmissionsLIes.jpg?crop=16:9&amp;width=240&amp;format=pjpg&amp;auto=webp&amp;quality=60 240w,https://s.w-x.co/EmissionsLIes.jpg?crop=16:9&amp;width=320&amp;format=pjpg&amp;auto=webp&amp;quality=60 320w,https://s.w-x.co/EmissionsLIes.jpg?crop=16:9&amp;width=480&amp;format=pjpg&amp;auto=webp&amp;quality=60 480w,https://s.w-x.co/EmissionsLIes.jpg?crop=16:9&amp;width=640&amp;format=pjpg&amp;auto=webp&amp;quality=60 640w,https://s.w-x.co/EmissionsLIes.jpg?crop=16:9&amp;width=800&amp;format=pjpg&amp;auto=webp&amp;quality=60 800w,https://s.w-x.co/EmissionsLIes.jpg?crop=16:9&amp;width=980&amp;format=pjpg&amp;auto=webp&amp;quality=60 980w"><noscript><img class="Image--intrinsicRatioElement--eptTV Image--rounded--2t_Qb" alt="" src="https://s.w-x.co/EmissionsLIes.jpg?crop=16:9&width=160&format=pjpg&auto=webp&quality=60" /></noscript></div></div><div class="MediaObject--mediaIcon--2Ge4G ContentMedia--mediaIcon--1S_z0"><svg set="ui" name="video" theme="light" style="width:32.45px" data-testid="Icon" aria-hidden="true" role="img" class="Icon--icon--3wCKh Icon--lightTheme--3NMAI" viewBox="0 0 24 24"><title>Video</title><g transform="translate(2 2)" fill-rule="evenodd"><rect fill="none" stroke="currentColor" stroke-width="1" x=".75" y=".75" width="18.5" height="18.5" rx="9.25"></rect><path d="M8 7.475v4.55a.75.75 0 0 0 1.192.606l3.12-2.275a.75.75 0 0 0 0-1.212l-3.12-2.275A.75.75 0 0 0 8 7.475z"></path></g></svg></div></div><div><div class="MediaObject--mediaTitle--d3_JC ContentMedia--mediaTitle--3QRq6"><span class="Ellipsis--ellipsis--1sNTm" style="-webkit-line-clamp:3" data-testid="ContentMediaTitle">A Massive Climate Lie? </span></div></div></a></div></div><div class="ContentMedia--listItemsContainer--1lFeF"><a class="ListItem--listItem--2wQRK ContentMedia--listItem--xVM3X mediaListItem Button--default--3zkvy" href="/science/environment/video/whats-causing-strange-series-of-quakes-in-south-carolina" target="_self" data-tb-region-item="true"><svg class="ContentMedia--listItemIcon--3Ot8T Icon--icon--3wCKh" set="nav" name="video-stroke" data-testid="Icon" aria-hidden="true" role="img" viewBox="0 0 24 24"><title>Video</title><path d="M12 2c5.52 0 10 4.48 10 10s-4.48 10-10 10S2 17.52 2 12 6.48 2 12 2zm0 1.5A8.504 8.504 0 003.5 12c0 4.692 3.808 8.5 8.5 8.5s8.5-3.808 8.5-8.5-3.808-8.5-8.5-8.5zm-2 12v-7a.5.5 0 01.8-.4l4.67 3.5c.27.2.27.6 0 .8l-4.67 3.5a.5.5 0 01-.8-.4z" fill="currentColor"></path></svg><span class="listItemTitle ContentMedia--listItemTitle--2FvDz">What’s Causing Strange Series of Quakes in South Carolina?</span></a><a class="ListItem--listItem--2wQRK ContentMedia--listItem--xVM3X mediaListItem Button--default--3zkvy" href="/news/weather/video/parade-of-storms-continues-for-the-west-this-week" target="_self" data-tb-region-item="true"><svg class="ContentMedia--listItemIcon--3Ot8T Icon--icon--3wCKh" set="nav" name="video-stroke" data-testid="Icon" aria-hidden="true" role="img" viewBox="0 0 24 24"><title>Video</title><path d="M12 2c5.52 0 10 4.48 10 10s-4.48 10-10 10S2 17.52 2 12 6.48 2 12 2zm0 1.5A8.504 8.504 0 003.5 12c0 4.692 3.808 8.5 8.5 8.5s8.5-3.808 8.5-8.5-3.808-8.5-8.5-8.5zm-2 12v-7a.5.5 0 01.8-.4l4.67 3.5c.27.2.27.6 0 .8l-4.67 3.5a.5.5 0 01-.8-.4z" fill="currentColor"></path></svg><span class="listItemTitle ContentMedia--listItemTitle--2FvDz">Another Storm Bringing Much-Needed Rain, Snow to the West</span></a><a class="ListItem--listItem--2wQRK ContentMedia--listItem--xVM3X mediaListItem Button--default--3zkvy" href="/science/nature/video/north-georgia-overtaken-by-giant-invasive-joro-spiders" target="_self" data-tb-region-item="true"><svg class="ContentMedia--listItemIcon--3Ot8T Icon--icon--3wCKh" set="nav" name="video-stroke" data-testid="Icon" aria-hidden="true" role="img" viewBox="0 0 24 24"><title>Video</title><path d="M12 2c5.52 0 10 4.48 10 10s-4.48 10-10 10S2 17.52 2 12 6.48 2 12 2zm0 1.5A8.504 8.504 0 003.5 12c0 4.692 3.808 8.5 8.5 8.5s8.5-3.808 8.5-8.5-3.808-8.5-8.5-8.5zm-2 12v-7a.5.5 0 01.8-.4l4.67 3.5c.27.2.27.6 0 .8l-4.67 3.5a.5.5 0 01-.8-.4z" fill="currentColor"></path></svg><span class="listItemTitle ContentMedia--listItemTitle--2FvDz">North Georgia Overtaken by Giant Spiders</span></a><a class="ListItem--listItem--2wQRK ContentMedia--listItem--xVM3X mediaListItem Button--default--3zkvy" href="/news/weather/video/snow-blankets-washingtons-mountain-passes" target="_self" data-tb-region-item="true"><svg class="ContentMedia--listItemIcon--3Ot8T Icon--icon--3wCKh" set="nav" name="video-stroke" data-testid="Icon" aria-hidden="true" role="img" viewBox="0 0 24 24"><title>Video</title><path d="M12 2c5.52 0 10 4.48 10 10s-4.48 10-10 10S2 17.52 2 12 6.48 2 12 2zm0 1.5A8.504 8.504 0 003.5 12c0 4.692 3.808 8.5 8.5 8.5s8.5-3.808 8.5-8.5-3.808-8.5-8.5-8.5zm-2 12v-7a.5.5 0 01.8-.4l4.67 3.5c.27.2.27.6 0 .8l-4.67 3.5a.5.5 0 01-.8-.4z" fill="currentColor"></path></svg><span class="listItemTitle ContentMedia--listItemTitle--2FvDz">Snow Already Causing Accidents in the U.S.</span></a></div></div><div><footer data-testid="CardFooter" class="Card--cardFooter--rsrd-"><a class="ContentMedia--cmCtaButton--1u_8O mediaCtaButton Button--primary--1UQTP" href="/news" target="_self" data-tb-region-item="true">More Stories</a></footer></div></section></div><div id="WxuContentMedia-main-7a64efde-4532-4374-acd9-6061b0a92b95" class=" removeIfEmpty"><section class="card Card--cardPadded--2oS21 Card--card--HiWPW" data-testid="ContentMediaModule" title="Latest News" ctatext="More News" ctaurl="/news" data-tb-region="db-cm-homepage_stack_EN" footer="[object Object]" aria-label="Latest News"><header data-testid="HeaderTitle" class="Card--cardHeader--1QwR4"><h2 class="Card--cardHeading--5_qfE">Latest News</h2></header><div class=""><div class="ContentMedia--secondaryContainer--3kFQZ ContentMedia--mediaInline--2c2lM ContentMedia--mediaStacked--Lf1F-"><div class="mediaListItem ContentMedia--mediaListItem--19sj1" data-tb-region-item="true"><a class="mediaLink smallMedia MediaObject--smallMedia--jGsoI ContentMedia--smallMedia--2HRCw MediaObject--mediaLink--330_t Button--default--3zkvy" href="/health/coronavirus/video/us-borders-reopen-to-vaccinated-foreign-travelers" target="_self"><div data-testid="ContentMediaImage" class="MediaObject--mediaImg--1zbhQ ContentMedia--mediaImg--327bx"><div class="Image--rounded--2t_Qb Image--gradient--2COra"><div class="Image--rounded--2t_Qb Image--intrinsicRatioRoot--1I6CT" style="padding-top:56.25%"><img class="Image--rounded--2t_Qb Image--intrinsicRatioElement--eptTV" src="https://s.w-x.co/USTravel.jpg?crop=16:9&amp;width=160&amp;format=pjpg&amp;auto=webp&amp;quality=60" data-src="https://s.w-x.co/USTravel.jpg?crop=16:9&amp;width=160&amp;format=pjpg&amp;auto=webp&amp;quality=60" alt="" sizes="39vw" srcset="https://s.w-x.co/USTravel.jpg?crop=16:9&amp;width=80&amp;format=pjpg&amp;auto=webp&amp;quality=60 80w,https://s.w-x.co/USTravel.jpg?crop=16:9&amp;width=160&amp;format=pjpg&amp;auto=webp&amp;quality=60 160w,https://s.w-x.co/USTravel.jpg?crop=16:9&amp;width=240&amp;format=pjpg&amp;auto=webp&amp;quality=60 240w,https://s.w-x.co/USTravel.jpg?crop=16:9&amp;width=320&amp;format=pjpg&amp;auto=webp&amp;quality=60 320w,https://s.w-x.co/USTravel.jpg?crop=16:9&amp;width=480&amp;format=pjpg&amp;auto=webp&amp;quality=60 480w,https://s.w-x.co/USTravel.jpg?crop=16:9&amp;width=640&amp;format=pjpg&amp;auto=webp&amp;quality=60 640w,https://s.w-x.co/USTravel.jpg?crop=16:9&amp;width=800&amp;format=pjpg&amp;auto=webp&amp;quality=60 800w,https://s.w-x.co/USTravel.jpg?crop=16:9&amp;width=980&amp;format=pjpg&amp;auto=webp&amp;quality=60 980w"><noscript><img class="Image--intrinsicRatioElement--eptTV Image--rounded--2t_Qb" alt="" src="https://s.w-x.co/USTravel.jpg?crop=16:9&width=160&format=pjpg&auto=webp&quality=60" /></noscript></div></div><div class="MediaObject--overlay--2IBdV"></div><div class="MediaObject--mediaIcon--2Ge4G ContentMedia--mediaIcon--1S_z0"><svg set="ui" name="video" theme="light" style="width:32.45px" data-testid="Icon" aria-hidden="true" role="img" class="Icon--icon--3wCKh Icon--lightTheme--3NMAI" viewBox="0 0 24 24"><title>Video</title><g transform="translate(2 2)" fill-rule="evenodd"><rect fill="none" stroke="currentColor" stroke-width="1" x=".75" y=".75" width="18.5" height="18.5" rx="9.25"></rect><path d="M8 7.475v4.55a.75.75 0 0 0 1.192.606l3.12-2.275a.75.75 0 0 0 0-1.212l-3.12-2.275A.75.75 0 0 0 8 7.475z"></path></g></svg></div></div><div class="MediaObject--mediaCategory--QpPav">Coronavirus</div><div><div class="MediaObject--mediaTitle--d3_JC ContentMedia--mediaTitle--3QRq6"><span class="Ellipsis--ellipsis--1sNTm" style="-webkit-line-clamp:3" data-testid="ContentMediaTitle">International Travelers With COVID-19 Vaccine Return to U.S.</span></div></div></a></div><div class="mediaListItem ContentMedia--mediaListItem--19sj1" data-tb-region-item="true"><a class="mediaLink smallMedia MediaObject--smallMedia--jGsoI ContentMedia--smallMedia--2HRCw MediaObject--mediaLink--330_t Button--default--3zkvy" href="/news/trending/video/recycling-bin-from-myrtle-beach-ends-up-in-ireland" target="_self"><div data-testid="ContentMediaImage" class="MediaObject--mediaImg--1zbhQ ContentMedia--mediaImg--327bx"><div class="Image--rounded--2t_Qb Image--gradient--2COra"><div class="Image--rounded--2t_Qb Image--intrinsicRatioRoot--1I6CT" style="padding-top:56.25%"><img class="Image--rounded--2t_Qb Image--intrinsicRatioElement--eptTV" src="https://s.w-x.co/ireland118.jpg?crop=16:9&amp;width=160&amp;format=pjpg&amp;auto=webp&amp;quality=60" data-src="https://s.w-x.co/ireland118.jpg?crop=16:9&amp;width=160&amp;format=pjpg&amp;auto=webp&amp;quality=60" alt="" sizes="39vw" srcset="https://s.w-x.co/ireland118.jpg?crop=16:9&amp;width=80&amp;format=pjpg&amp;auto=webp&amp;quality=60 80w,https://s.w-x.co/ireland118.jpg?crop=16:9&amp;width=160&amp;format=pjpg&amp;auto=webp&amp;quality=60 160w,https://s.w-x.co/ireland118.jpg?crop=16:9&amp;width=240&amp;format=pjpg&amp;auto=webp&amp;quality=60 240w,https://s.w-x.co/ireland118.jpg?crop=16:9&amp;width=320&amp;format=pjpg&amp;auto=webp&amp;quality=60 320w,https://s.w-x.co/ireland118.jpg?crop=16:9&amp;width=480&amp;format=pjpg&amp;auto=webp&amp;quality=60 480w,https://s.w-x.co/ireland118.jpg?crop=16:9&amp;width=640&amp;format=pjpg&amp;auto=webp&amp;quality=60 640w,https://s.w-x.co/ireland118.jpg?crop=16:9&amp;width=800&amp;format=pjpg&amp;auto=webp&amp;quality=60 800w,https://s.w-x.co/ireland118.jpg?crop=16:9&amp;width=980&amp;format=pjpg&amp;auto=webp&amp;quality=60 980w"><noscript><img class="Image--intrinsicRatioElement--eptTV Image--rounded--2t_Qb" alt="" src="https://s.w-x.co/ireland118.jpg?crop=16:9&width=160&format=pjpg&auto=webp&quality=60" /></noscript></div></div><div class="MediaObject--overlay--2IBdV"></div><div class="MediaObject--mediaIcon--2Ge4G ContentMedia--mediaIcon--1S_z0"><svg set="ui" name="video" theme="light" style="width:32.45px" data-testid="Icon" aria-hidden="true" role="img" class="Icon--icon--3wCKh Icon--lightTheme--3NMAI" viewBox="0 0 24 24"><title>Video</title><g transform="translate(2 2)" fill-rule="evenodd"><rect fill="none" stroke="currentColor" stroke-width="1" x=".75" y=".75" width="18.5" height="18.5" rx="9.25"></rect><path d="M8 7.475v4.55a.75.75 0 0 0 1.192.606l3.12-2.275a.75.75 0 0 0 0-1.212l-3.12-2.275A.75.75 0 0 0 8 7.475z"></path></g></svg></div></div><div class="MediaObject--mediaCategory--QpPav">Trending News</div><div><div class="MediaObject--mediaTitle--d3_JC ContentMedia--mediaTitle--3QRq6"><span class="Ellipsis--ellipsis--1sNTm" style="-webkit-line-clamp:3" data-testid="ContentMediaTitle">You'll Never Guess What Floated All the Way to Ireland</span></div></div></a></div><div class="mediaListItem ContentMedia--mediaListItem--19sj1" data-tb-region-item="true"><a class="mediaLink smallMedia MediaObject--smallMedia--jGsoI ContentMedia--smallMedia--2HRCw MediaObject--mediaLink--330_t Button--default--3zkvy" href="/news/trending/video/divers-discover-1200-year-old-canoe-in-wisconsin-lake" target="_self"><div data-testid="ContentMediaImage" class="MediaObject--mediaImg--1zbhQ ContentMedia--mediaImg--327bx"><div class="Image--rounded--2t_Qb Image--gradient--2COra"><div class="Image--rounded--2t_Qb Image--intrinsicRatioRoot--1I6CT" style="padding-top:56.25%"><img class="Image--rounded--2t_Qb Image--intrinsicRatioElement--eptTV" src="https://s.w-x.co/OldCanoe.jpg?crop=16:9&amp;width=160&amp;format=pjpg&amp;auto=webp&amp;quality=60" data-src="https://s.w-x.co/OldCanoe.jpg?crop=16:9&amp;width=160&amp;format=pjpg&amp;auto=webp&amp;quality=60" alt="" sizes="39vw" srcset="https://s.w-x.co/OldCanoe.jpg?crop=16:9&amp;width=80&amp;format=pjpg&amp;auto=webp&amp;quality=60 80w,https://s.w-x.co/OldCanoe.jpg?crop=16:9&amp;width=160&amp;format=pjpg&amp;auto=webp&amp;quality=60 160w,https://s.w-x.co/OldCanoe.jpg?crop=16:9&amp;width=240&amp;format=pjpg&amp;auto=webp&amp;quality=60 240w,https://s.w-x.co/OldCanoe.jpg?crop=16:9&amp;width=320&amp;format=pjpg&amp;auto=webp&amp;quality=60 320w,https://s.w-x.co/OldCanoe.jpg?crop=16:9&amp;width=480&amp;format=pjpg&amp;auto=webp&amp;quality=60 480w,https://s.w-x.co/OldCanoe.jpg?crop=16:9&amp;width=640&amp;format=pjpg&amp;auto=webp&amp;quality=60 640w,https://s.w-x.co/OldCanoe.jpg?crop=16:9&amp;width=800&amp;format=pjpg&amp;auto=webp&amp;quality=60 800w,https://s.w-x.co/OldCanoe.jpg?crop=16:9&amp;width=980&amp;format=pjpg&amp;auto=webp&amp;quality=60 980w"><noscript><img class="Image--intrinsicRatioElement--eptTV Image--rounded--2t_Qb" alt="" src="https://s.w-x.co/OldCanoe.jpg?crop=16:9&width=160&format=pjpg&auto=webp&quality=60" /></noscript></div></div><div class="MediaObject--overlay--2IBdV"></div><div class="MediaObject--mediaIcon--2Ge4G ContentMedia--mediaIcon--1S_z0"><svg set="ui" name="video" theme="light" style="width:32.45px" data-testid="Icon" aria-hidden="true" role="img" class="Icon--icon--3wCKh Icon--lightTheme--3NMAI" viewBox="0 0 24 24"><title>Video</title><g transform="translate(2 2)" fill-rule="evenodd"><rect fill="none" stroke="currentColor" stroke-width="1" x=".75" y=".75" width="18.5" height="18.5" rx="9.25"></rect><path d="M8 7.475v4.55a.75.75 0 0 0 1.192.606l3.12-2.275a.75.75 0 0 0 0-1.212l-3.12-2.275A.75.75 0 0 0 8 7.475z"></path></g></svg></div></div><div class="MediaObject--mediaCategory--QpPav">Trending News</div><div><div class="MediaObject--mediaTitle--d3_JC ContentMedia--mediaTitle--3QRq6"><span class="Ellipsis--ellipsis--1sNTm" style="-webkit-line-clamp:3" data-testid="ContentMediaTitle">Divers Discover 1,200-Year-Old Canoe in Wisconsin Lake</span></div></div></a></div><div class="mediaListItem ContentMedia--mediaListItem--19sj1" data-tb-region-item="true"><a class="mediaLink smallMedia MediaObject--smallMedia--jGsoI ContentMedia--smallMedia--2HRCw MediaObject--mediaLink--330_t Button--default--3zkvy" href="/news/weather/video/large-waterspout-whirls-near-vancouver-airport" target="_self"><div data-testid="ContentMediaImage" class="MediaObject--mediaImg--1zbhQ ContentMedia--mediaImg--327bx"><div class="Image--rounded--2t_Qb Image--gradient--2COra"><div class="Image--rounded--2t_Qb Image--intrinsicRatioRoot--1I6CT" style="padding-top:56.25%"><img class="Image--rounded--2t_Qb Image--intrinsicRatioElement--eptTV" src="https://s.w-x.co/VancouverWaterspout.jpg?crop=16:9&amp;width=160&amp;format=pjpg&amp;auto=webp&amp;quality=60" data-src="https://s.w-x.co/VancouverWaterspout.jpg?crop=16:9&amp;width=160&amp;format=pjpg&amp;auto=webp&amp;quality=60" alt="" sizes="39vw" srcset="https://s.w-x.co/VancouverWaterspout.jpg?crop=16:9&amp;width=80&amp;format=pjpg&amp;auto=webp&amp;quality=60 80w,https://s.w-x.co/VancouverWaterspout.jpg?crop=16:9&amp;width=160&amp;format=pjpg&amp;auto=webp&amp;quality=60 160w,https://s.w-x.co/VancouverWaterspout.jpg?crop=16:9&amp;width=240&amp;format=pjpg&amp;auto=webp&amp;quality=60 240w,https://s.w-x.co/VancouverWaterspout.jpg?crop=16:9&amp;width=320&amp;format=pjpg&amp;auto=webp&amp;quality=60 320w,https://s.w-x.co/VancouverWaterspout.jpg?crop=16:9&amp;width=480&amp;format=pjpg&amp;auto=webp&amp;quality=60 480w,https://s.w-x.co/VancouverWaterspout.jpg?crop=16:9&amp;width=640&amp;format=pjpg&amp;auto=webp&amp;quality=60 640w,https://s.w-x.co/VancouverWaterspout.jpg?crop=16:9&amp;width=800&amp;format=pjpg&amp;auto=webp&amp;quality=60 800w,https://s.w-x.co/VancouverWaterspout.jpg?crop=16:9&amp;width=980&amp;format=pjpg&amp;auto=webp&amp;quality=60 980w"><noscript><img class="Image--intrinsicRatioElement--eptTV Image--rounded--2t_Qb" alt="" src="https://s.w-x.co/VancouverWaterspout.jpg?crop=16:9&width=160&format=pjpg&auto=webp&quality=60" /></noscript></div></div><div class="MediaObject--overlay--2IBdV"></div><div class="MediaObject--mediaIcon--2Ge4G ContentMedia--mediaIcon--1S_z0"><svg set="ui" name="video" theme="light" style="width:32.45px" data-testid="Icon" aria-hidden="true" role="img" class="Icon--icon--3wCKh Icon--lightTheme--3NMAI" viewBox="0 0 24 24"><title>Video</title><g transform="translate(2 2)" fill-rule="evenodd"><rect fill="none" stroke="currentColor" stroke-width="1" x=".75" y=".75" width="18.5" height="18.5" rx="9.25"></rect><path d="M8 7.475v4.55a.75.75 0 0 0 1.192.606l3.12-2.275a.75.75 0 0 0 0-1.212l-3.12-2.275A.75.75 0 0 0 8 7.475z"></path></g></svg></div></div><div class="MediaObject--mediaCategory--QpPav">Weather News</div><div><div class="MediaObject--mediaTitle--d3_JC ContentMedia--mediaTitle--3QRq6"><span class="Ellipsis--ellipsis--1sNTm" style="-webkit-line-clamp:3" data-testid="ContentMediaTitle">Large Waterspout Whips Up Near Major Airport</span></div></div></a></div></div></div><div><footer data-testid="CardFooter" class="Card--cardFooter--rsrd-"><a class="ContentMedia--cmCtaButton--1u_8O mediaCtaButton Button--primary--1UQTP" href="/news" target="_self" data-tb-region-item="true">More News</a></footer></div></section></div><div id="WxuContentMedia-main-bf4ee11b-1686-4fe2-b1ff-dbdeb84aacab" class=" removeIfEmpty"><section class="card Card--cardPadded--2oS21 Card--card--HiWPW" data-testid="ContentMediaModule" title="Weather Today Across the Country" ctatext="Read More" ctaurl="https://weather.com/forecast/news/2014-10-31-national-forecast-20141009" data-tb-region="db-cm-homepage_single_natl_EN" footer="[object Object]" aria-label="Weather Today Across the Country"><header data-testid="HeaderTitle" class="Card--cardHeader--1QwR4"><h2 class="Card--cardHeading--5_qfE">Weather Today Across the Country</h2></header><div class=""><div class="ContentMedia--primaryContainer--16gwV ContentMedia--fullMedia--1cXPO"><div class="mediaListItem ContentMedia--mediaListItem--19sj1 MediaObject--fullWidthMediaList--2O8AG" data-tb-region-item="true"><a class="mediaLink fullMedia MediaObject--fullMedia--1jrAm ContentMedia--fullMedia--1cXPO MediaObject--mediaLink--330_t Button--default--3zkvy" href="https://weather.com/forecast/news/2014-10-31-national-forecast-20141009" target="_self"><div data-testid="ContentMediaImage" class="MediaObject--mediaImg--1zbhQ ContentMedia--mediaImg--327bx"><div class="Image--rounded--2t_Qb Image--gradient--2COra"><div class="Image--rounded--2t_Qb Image--intrinsicRatioRoot--1I6CT" style="padding-top:56.25%"><img class="Image--rounded--2t_Qb Image--intrinsicRatioElement--eptTV" src="https://s.w-x.co/staticmaps/us_wxhi1_1280x720.jpg?crop=16:9&amp;width=320&amp;format=pjpg&amp;auto=webp&amp;quality=60" data-src="https://s.w-x.co/staticmaps/us_wxhi1_1280x720.jpg?crop=16:9&amp;width=320&amp;format=pjpg&amp;auto=webp&amp;quality=60" alt="" sizes="73vw" srcset="https://s.w-x.co/staticmaps/us_wxhi1_1280x720.jpg?crop=16:9&amp;width=80&amp;format=pjpg&amp;auto=webp&amp;quality=60 80w,https://s.w-x.co/staticmaps/us_wxhi1_1280x720.jpg?crop=16:9&amp;width=160&amp;format=pjpg&amp;auto=webp&amp;quality=60 160w,https://s.w-x.co/staticmaps/us_wxhi1_1280x720.jpg?crop=16:9&amp;width=240&amp;format=pjpg&amp;auto=webp&amp;quality=60 240w,https://s.w-x.co/staticmaps/us_wxhi1_1280x720.jpg?crop=16:9&amp;width=320&amp;format=pjpg&amp;auto=webp&amp;quality=60 320w,https://s.w-x.co/staticmaps/us_wxhi1_1280x720.jpg?crop=16:9&amp;width=480&amp;format=pjpg&amp;auto=webp&amp;quality=60 480w,https://s.w-x.co/staticmaps/us_wxhi1_1280x720.jpg?crop=16:9&amp;width=640&amp;format=pjpg&amp;auto=webp&amp;quality=60 640w,https://s.w-x.co/staticmaps/us_wxhi1_1280x720.jpg?crop=16:9&amp;width=800&amp;format=pjpg&amp;auto=webp&amp;quality=60 800w,https://s.w-x.co/staticmaps/us_wxhi1_1280x720.jpg?crop=16:9&amp;width=980&amp;format=pjpg&amp;auto=webp&amp;quality=60 980w"><noscript><img class="Image--intrinsicRatioElement--eptTV Image--rounded--2t_Qb" alt="" src="https://s.w-x.co/staticmaps/us_wxhi1_1280x720.jpg?crop=16:9&width=320&format=pjpg&auto=webp&quality=60" /></noscript></div></div></div></a></div></div></div><div><footer data-testid="CardFooter" class="Card--cardFooter--rsrd-"><a class="ContentMedia--cmCtaButton--1u_8O mediaCtaButton Button--primary--1UQTP" href="https://weather.com/forecast/news/2014-10-31-national-forecast-20141009" target="_self" data-tb-region-item="true">Read More</a></footer></div></section></div><div id="WxuAd-main-6ec6a613-6078-498e-92b3-efb8a9c40adf" class=" removeIfEmpty"><div class="adWrapper BaseAd--adWrapper--2qtTX BaseAd--card--1NlKb BaseAd--hide--3pG-e"><div class="adLabel">Advertisement</div><div id="WX_MidLeader" class="ad_module BaseAd--ad_module--yZlyg subs-undefined BaseAd--placeholder--31XQZ"></div></div></div><div id="WxuContentMedia-main-93e78c6f-fbe9-47e1-ae14-07a7ca30cac0" class=" removeIfEmpty"><section class="card Card--cardPadded--2oS21 Card--card--HiWPW" data-testid="ContentMediaModule" title="Recommended" ctatext="See More" ctaurl="/news" data-tb-region="db-cm-trending_EN" footer="[object Object]" aria-label="Recommended"><header data-testid="HeaderTitle" class="Card--cardHeader--1QwR4"><h2 class="Card--cardHeading--5_qfE">Recommended</h2></header><div class=""><div class="ContentMedia--secondaryContainer--3kFQZ ContentMedia--mediaInline--2c2lM ContentMedia--mediaStacked--Lf1F-"><div class="mediaListItem ContentMedia--mediaListItem--19sj1" data-tb-region-item="true"><a class="mediaLink smallMedia MediaObject--smallMedia--jGsoI ContentMedia--smallMedia--2HRCw MediaObject--mediaLink--330_t Button--default--3zkvy" href="/safety/winter/news/2021-10-21-9-things-keep-car-gets-cold" target="_self"><div data-testid="ContentMediaImage" class="MediaObject--mediaImg--1zbhQ ContentMedia--mediaImg--327bx"><div class="Image--rounded--2t_Qb Image--gradient--2COra"><div class="Image--rounded--2t_Qb Image--intrinsicRatioRoot--1I6CT" style="padding-top:56.25%"><img class="Image--rounded--2t_Qb Image--intrinsicRatioElement--eptTV" src="https://s.w-x.co/GettyImages-700712801.jpg?crop=16:9&amp;width=160&amp;format=pjpg&amp;auto=webp&amp;quality=60" data-src="https://s.w-x.co/GettyImages-700712801.jpg?crop=16:9&amp;width=160&amp;format=pjpg&amp;auto=webp&amp;quality=60" alt="" sizes="39vw" srcset="https://s.w-x.co/GettyImages-700712801.jpg?crop=16:9&amp;width=80&amp;format=pjpg&amp;auto=webp&amp;quality=60 80w,https://s.w-x.co/GettyImages-700712801.jpg?crop=16:9&amp;width=160&amp;format=pjpg&amp;auto=webp&amp;quality=60 160w,https://s.w-x.co/GettyImages-700712801.jpg?crop=16:9&amp;width=240&amp;format=pjpg&amp;auto=webp&amp;quality=60 240w,https://s.w-x.co/GettyImages-700712801.jpg?crop=16:9&amp;width=320&amp;format=pjpg&amp;auto=webp&amp;quality=60 320w,https://s.w-x.co/GettyImages-700712801.jpg?crop=16:9&amp;width=480&amp;format=pjpg&amp;auto=webp&amp;quality=60 480w,https://s.w-x.co/GettyImages-700712801.jpg?crop=16:9&amp;width=640&amp;format=pjpg&amp;auto=webp&amp;quality=60 640w,https://s.w-x.co/GettyImages-700712801.jpg?crop=16:9&amp;width=800&amp;format=pjpg&amp;auto=webp&amp;quality=60 800w,https://s.w-x.co/GettyImages-700712801.jpg?crop=16:9&amp;width=980&amp;format=pjpg&amp;auto=webp&amp;quality=60 980w"><noscript><img class="Image--intrinsicRatioElement--eptTV Image--rounded--2t_Qb" alt="" src="https://s.w-x.co/GettyImages-700712801.jpg?crop=16:9&width=160&format=pjpg&auto=webp&quality=60" /></noscript></div></div><div class="MediaObject--overlay--2IBdV"></div></div><div><div class="MediaObject--mediaTitle--d3_JC ContentMedia--mediaTitle--3QRq6"><span class="Ellipsis--ellipsis--1sNTm" style="-webkit-line-clamp:3" data-testid="ContentMediaTitle">9 Things to Keep In Your Car as It Gets Cold</span></div></div></a></div><div class="mediaListItem ContentMedia--mediaListItem--19sj1" data-tb-region-item="true"><a class="mediaLink smallMedia MediaObject--smallMedia--jGsoI ContentMedia--smallMedia--2HRCw MediaObject--mediaLink--330_t Button--default--3zkvy" href="/safety/winter/news/2019-01-29-how-to-prepare-for-blizzards" target="_self"><div data-testid="ContentMediaImage" class="MediaObject--mediaImg--1zbhQ ContentMedia--mediaImg--327bx"><div class="Image--rounded--2t_Qb Image--gradient--2COra"><div class="Image--rounded--2t_Qb Image--intrinsicRatioRoot--1I6CT" style="padding-top:56.25%"><img class="Image--rounded--2t_Qb Image--intrinsicRatioElement--eptTV" src="https://s.w-x.co/gettyimages-897257674.jpg?crop=16:9&amp;width=160&amp;format=pjpg&amp;auto=webp&amp;quality=60" data-src="https://s.w-x.co/gettyimages-897257674.jpg?crop=16:9&amp;width=160&amp;format=pjpg&amp;auto=webp&amp;quality=60" alt="" sizes="39vw" srcset="https://s.w-x.co/gettyimages-897257674.jpg?crop=16:9&amp;width=80&amp;format=pjpg&amp;auto=webp&amp;quality=60 80w,https://s.w-x.co/gettyimages-897257674.jpg?crop=16:9&amp;width=160&amp;format=pjpg&amp;auto=webp&amp;quality=60 160w,https://s.w-x.co/gettyimages-897257674.jpg?crop=16:9&amp;width=240&amp;format=pjpg&amp;auto=webp&amp;quality=60 240w,https://s.w-x.co/gettyimages-897257674.jpg?crop=16:9&amp;width=320&amp;format=pjpg&amp;auto=webp&amp;quality=60 320w,https://s.w-x.co/gettyimages-897257674.jpg?crop=16:9&amp;width=480&amp;format=pjpg&amp;auto=webp&amp;quality=60 480w,https://s.w-x.co/gettyimages-897257674.jpg?crop=16:9&amp;width=640&amp;format=pjpg&amp;auto=webp&amp;quality=60 640w,https://s.w-x.co/gettyimages-897257674.jpg?crop=16:9&amp;width=800&amp;format=pjpg&amp;auto=webp&amp;quality=60 800w,https://s.w-x.co/gettyimages-897257674.jpg?crop=16:9&amp;width=980&amp;format=pjpg&amp;auto=webp&amp;quality=60 980w"><noscript><img class="Image--intrinsicRatioElement--eptTV Image--rounded--2t_Qb" alt="" src="https://s.w-x.co/gettyimages-897257674.jpg?crop=16:9&width=160&format=pjpg&auto=webp&quality=60" /></noscript></div></div><div class="MediaObject--overlay--2IBdV"></div></div><div><div class="MediaObject--mediaTitle--d3_JC ContentMedia--mediaTitle--3QRq6"><span class="Ellipsis--ellipsis--1sNTm" style="-webkit-line-clamp:3" data-testid="ContentMediaTitle">14 Steps You Should Take To Prepare for a Winter Storm</span></div></div></a></div><div class="mediaListItem ContentMedia--mediaListItem--19sj1" data-tb-region-item="true"><a class="mediaLink smallMedia MediaObject--smallMedia--jGsoI ContentMedia--smallMedia--2HRCw MediaObject--mediaLink--330_t Button--default--3zkvy" href="/safety/winter/video/ice-101-how-to-navigate-it-on-foot-and-in-your-car" target="_self"><div data-testid="ContentMediaImage" class="MediaObject--mediaImg--1zbhQ ContentMedia--mediaImg--327bx"><div class="Image--rounded--2t_Qb Image--gradient--2COra"><div class="Image--rounded--2t_Qb Image--intrinsicRatioRoot--1I6CT" style="padding-top:56.25%"><img class="Image--rounded--2t_Qb Image--intrinsicRatioElement--eptTV" src="https://v.w-x.co/1605816683882_1119_-_ICE_101_-_SAFETY_TEXT.jpg?crop=16:9&amp;width=160&amp;format=pjpg&amp;auto=webp&amp;quality=60" data-src="https://v.w-x.co/1605816683882_1119_-_ICE_101_-_SAFETY_TEXT.jpg?crop=16:9&amp;width=160&amp;format=pjpg&amp;auto=webp&amp;quality=60" alt="" sizes="39vw" srcset="https://v.w-x.co/1605816683882_1119_-_ICE_101_-_SAFETY_TEXT.jpg?crop=16:9&amp;width=80&amp;format=pjpg&amp;auto=webp&amp;quality=60 80w,https://v.w-x.co/1605816683882_1119_-_ICE_101_-_SAFETY_TEXT.jpg?crop=16:9&amp;width=160&amp;format=pjpg&amp;auto=webp&amp;quality=60 160w,https://v.w-x.co/1605816683882_1119_-_ICE_101_-_SAFETY_TEXT.jpg?crop=16:9&amp;width=240&amp;format=pjpg&amp;auto=webp&amp;quality=60 240w,https://v.w-x.co/1605816683882_1119_-_ICE_101_-_SAFETY_TEXT.jpg?crop=16:9&amp;width=320&amp;format=pjpg&amp;auto=webp&amp;quality=60 320w,https://v.w-x.co/1605816683882_1119_-_ICE_101_-_SAFETY_TEXT.jpg?crop=16:9&amp;width=480&amp;format=pjpg&amp;auto=webp&amp;quality=60 480w,https://v.w-x.co/1605816683882_1119_-_ICE_101_-_SAFETY_TEXT.jpg?crop=16:9&amp;width=640&amp;format=pjpg&amp;auto=webp&amp;quality=60 640w,https://v.w-x.co/1605816683882_1119_-_ICE_101_-_SAFETY_TEXT.jpg?crop=16:9&amp;width=800&amp;format=pjpg&amp;auto=webp&amp;quality=60 800w,https://v.w-x.co/1605816683882_1119_-_ICE_101_-_SAFETY_TEXT.jpg?crop=16:9&amp;width=980&amp;format=pjpg&amp;auto=webp&amp;quality=60 980w"><noscript><img class="Image--intrinsicRatioElement--eptTV Image--rounded--2t_Qb" alt="" src="https://v.w-x.co/1605816683882_1119_-_ICE_101_-_SAFETY_TEXT.jpg?crop=16:9&width=160&format=pjpg&auto=webp&quality=60" /></noscript></div></div><div class="MediaObject--overlay--2IBdV"></div><div class="MediaObject--mediaIcon--2Ge4G ContentMedia--mediaIcon--1S_z0"><svg set="ui" name="video" theme="light" style="width:32.45px" data-testid="Icon" aria-hidden="true" role="img" class="Icon--icon--3wCKh Icon--lightTheme--3NMAI" viewBox="0 0 24 24"><title>Video</title><g transform="translate(2 2)" fill-rule="evenodd"><rect fill="none" stroke="currentColor" stroke-width="1" x=".75" y=".75" width="18.5" height="18.5" rx="9.25"></rect><path d="M8 7.475v4.55a.75.75 0 0 0 1.192.606l3.12-2.275a.75.75 0 0 0 0-1.212l-3.12-2.275A.75.75 0 0 0 8 7.475z"></path></g></svg></div></div><div><div class="MediaObject--mediaTitle--d3_JC ContentMedia--mediaTitle--3QRq6"><span class="Ellipsis--ellipsis--1sNTm" style="-webkit-line-clamp:3" data-testid="ContentMediaTitle">Ice 101: How to Navigate It on Foot and in Your Car</span></div></div></a></div><div class="mediaListItem ContentMedia--mediaListItem--19sj1" data-tb-region-item="true"><a class="mediaLink smallMedia MediaObject--smallMedia--jGsoI ContentMedia--smallMedia--2HRCw MediaObject--mediaLink--330_t Button--default--3zkvy" href="/safety/news/2019-10-18-are-trees-near-house-hazard" target="_self"><div data-testid="ContentMediaImage" class="MediaObject--mediaImg--1zbhQ ContentMedia--mediaImg--327bx"><div class="Image--rounded--2t_Qb Image--gradient--2COra"><div class="Image--rounded--2t_Qb Image--intrinsicRatioRoot--1I6CT" style="padding-top:56.25%"><img class="Image--rounded--2t_Qb Image--intrinsicRatioElement--eptTV" src="https://s.w-x.co/GettyImages-459247329.jpg?crop=16:9&amp;width=160&amp;format=pjpg&amp;auto=webp&amp;quality=60" data-src="https://s.w-x.co/GettyImages-459247329.jpg?crop=16:9&amp;width=160&amp;format=pjpg&amp;auto=webp&amp;quality=60" alt="" sizes="39vw" srcset="https://s.w-x.co/GettyImages-459247329.jpg?crop=16:9&amp;width=80&amp;format=pjpg&amp;auto=webp&amp;quality=60 80w,https://s.w-x.co/GettyImages-459247329.jpg?crop=16:9&amp;width=160&amp;format=pjpg&amp;auto=webp&amp;quality=60 160w,https://s.w-x.co/GettyImages-459247329.jpg?crop=16:9&amp;width=240&amp;format=pjpg&amp;auto=webp&amp;quality=60 240w,https://s.w-x.co/GettyImages-459247329.jpg?crop=16:9&amp;width=320&amp;format=pjpg&amp;auto=webp&amp;quality=60 320w,https://s.w-x.co/GettyImages-459247329.jpg?crop=16:9&amp;width=480&amp;format=pjpg&amp;auto=webp&amp;quality=60 480w,https://s.w-x.co/GettyImages-459247329.jpg?crop=16:9&amp;width=640&amp;format=pjpg&amp;auto=webp&amp;quality=60 640w,https://s.w-x.co/GettyImages-459247329.jpg?crop=16:9&amp;width=800&amp;format=pjpg&amp;auto=webp&amp;quality=60 800w,https://s.w-x.co/GettyImages-459247329.jpg?crop=16:9&amp;width=980&amp;format=pjpg&amp;auto=webp&amp;quality=60 980w"><noscript><img class="Image--intrinsicRatioElement--eptTV Image--rounded--2t_Qb" alt="" src="https://s.w-x.co/GettyImages-459247329.jpg?crop=16:9&width=160&format=pjpg&auto=webp&quality=60" /></noscript></div></div><div class="MediaObject--overlay--2IBdV"></div></div><div><div class="MediaObject--mediaTitle--d3_JC ContentMedia--mediaTitle--3QRq6"><span class="Ellipsis--ellipsis--1sNTm" style="-webkit-line-clamp:3" data-testid="ContentMediaTitle">Are the Trees Near Your House a Hazard?</span></div></div></a></div></div></div><div><footer data-testid="CardFooter" class="Card--cardFooter--rsrd-"><a class="ContentMedia--cmCtaButton--1u_8O mediaCtaButton Button--primary--1UQTP" href="/news" target="_self" data-tb-region-item="true">See More</a></footer></div></section></div><div id="WxuAd-main-e0ab3ad1-2034-4075-a98f-b3d272a18bd5" class="halfWidth removeIfEmpty"><div class="adWrapper BaseAd--adWrapper--2qtTX BaseAd--card--1NlKb BaseAd--hide--3pG-e"><div class="adLabel">Advertisement</div><div id="WX_Bot300AdX1" class="ad_module BaseAd--ad_module--yZlyg subs-undefined BaseAd--placeholder--31XQZ"></div></div></div><div id="WxuAd-main-617de16a-5b28-4ea6-8a32-d3e81ec478dc" class="halfWidth removeIfEmpty"><div class="adWrapper BaseAd--adWrapper--2qtTX BaseAd--card--1NlKb BaseAd--hide--3pG-e"><div class="adLabel">Advertisement</div><div id="WX_Bot300AdX2" class="ad_module BaseAd--ad_module--yZlyg subs-undefined BaseAd--placeholder--31XQZ"></div></div></div><div id="WxuContentMedia-main-68cf0061-cd5c-4c9a-a8e5-8ab8113bb28b" class=" removeIfEmpty"><section class="card Card--cardPadded--2oS21 Card--card--HiWPW" data-testid="ContentMediaModule" title="Photos" ctatext="See More" ctaurl="/slideshows" data-tb-region="db-cm-list_EN" footer="[object Object]" aria-label="Photos"><header data-testid="HeaderTitle" class="Card--cardHeader--1QwR4"><h2 class="Card--cardHeading--5_qfE">Photos</h2></header><div class=""><div class="ContentMedia--secondaryContainer--3kFQZ ContentMedia--mediaInline--2c2lM ContentMedia--mediaStacked--Lf1F-"><div class="mediaListItem ContentMedia--mediaListItem--19sj1" data-tb-region-item="true"><a class="mediaLink smallMedia MediaObject--smallMedia--jGsoI ContentMedia--smallMedia--2HRCw MediaObject--mediaLink--330_t Button--default--3zkvy" href="/photos/news/2021-11-08-delhi-india-smog-photos" target="_self"><div data-testid="ContentMediaImage" class="MediaObject--mediaImg--1zbhQ ContentMedia--mediaImg--327bx"><div class="Image--rounded--2t_Qb Image--gradient--2COra"><div class="Image--rounded--2t_Qb Image--intrinsicRatioRoot--1I6CT" style="padding-top:56.25%"><img class="Image--rounded--2t_Qb Image--intrinsicRatioElement--eptTV" src="https://s.w-x.co/GettyImages-1236419606.jpg?crop=16:9&amp;width=160&amp;format=pjpg&amp;auto=webp&amp;quality=60" data-src="https://s.w-x.co/GettyImages-1236419606.jpg?crop=16:9&amp;width=160&amp;format=pjpg&amp;auto=webp&amp;quality=60" alt="" sizes="39vw" srcset="https://s.w-x.co/GettyImages-1236419606.jpg?crop=16:9&amp;width=80&amp;format=pjpg&amp;auto=webp&amp;quality=60 80w,https://s.w-x.co/GettyImages-1236419606.jpg?crop=16:9&amp;width=160&amp;format=pjpg&amp;auto=webp&amp;quality=60 160w,https://s.w-x.co/GettyImages-1236419606.jpg?crop=16:9&amp;width=240&amp;format=pjpg&amp;auto=webp&amp;quality=60 240w,https://s.w-x.co/GettyImages-1236419606.jpg?crop=16:9&amp;width=320&amp;format=pjpg&amp;auto=webp&amp;quality=60 320w,https://s.w-x.co/GettyImages-1236419606.jpg?crop=16:9&amp;width=480&amp;format=pjpg&amp;auto=webp&amp;quality=60 480w,https://s.w-x.co/GettyImages-1236419606.jpg?crop=16:9&amp;width=640&amp;format=pjpg&amp;auto=webp&amp;quality=60 640w,https://s.w-x.co/GettyImages-1236419606.jpg?crop=16:9&amp;width=800&amp;format=pjpg&amp;auto=webp&amp;quality=60 800w,https://s.w-x.co/GettyImages-1236419606.jpg?crop=16:9&amp;width=980&amp;format=pjpg&amp;auto=webp&amp;quality=60 980w"><noscript><img class="Image--intrinsicRatioElement--eptTV Image--rounded--2t_Qb" alt="" src="https://s.w-x.co/GettyImages-1236419606.jpg?crop=16:9&width=160&format=pjpg&auto=webp&quality=60" /></noscript></div></div></div><div><div class="MediaObject--mediaTitle--d3_JC ContentMedia--mediaTitle--3QRq6"><span class="Ellipsis--ellipsis--1sNTm" style="-webkit-line-clamp:3" data-testid="ContentMediaTitle">Delhi Plunges into Toxic Smog Days After Diwali Celebrations (PHOTOS)</span></div></div></a></div><div class="mediaListItem ContentMedia--mediaListItem--19sj1" data-tb-region-item="true"><a class="mediaLink smallMedia MediaObject--smallMedia--jGsoI ContentMedia--smallMedia--2HRCw MediaObject--mediaLink--330_t Button--default--3zkvy" href="/photos/news/2021-11-01-cop26-un-climate-change-conference-protest-photos" target="_self"><div data-testid="ContentMediaImage" class="MediaObject--mediaImg--1zbhQ ContentMedia--mediaImg--327bx"><div class="Image--rounded--2t_Qb Image--gradient--2COra"><div class="Image--rounded--2t_Qb Image--intrinsicRatioRoot--1I6CT" style="padding-top:56.25%"><img class="Image--rounded--2t_Qb Image--intrinsicRatioElement--eptTV" src="https://s.w-x.co/GettyImages-1236412565.jpg?crop=16:9&amp;width=160&amp;format=pjpg&amp;auto=webp&amp;quality=60" data-src="https://s.w-x.co/GettyImages-1236412565.jpg?crop=16:9&amp;width=160&amp;format=pjpg&amp;auto=webp&amp;quality=60" alt="" sizes="39vw" srcset="https://s.w-x.co/GettyImages-1236412565.jpg?crop=16:9&amp;width=80&amp;format=pjpg&amp;auto=webp&amp;quality=60 80w,https://s.w-x.co/GettyImages-1236412565.jpg?crop=16:9&amp;width=160&amp;format=pjpg&amp;auto=webp&amp;quality=60 160w,https://s.w-x.co/GettyImages-1236412565.jpg?crop=16:9&amp;width=240&amp;format=pjpg&amp;auto=webp&amp;quality=60 240w,https://s.w-x.co/GettyImages-1236412565.jpg?crop=16:9&amp;width=320&amp;format=pjpg&amp;auto=webp&amp;quality=60 320w,https://s.w-x.co/GettyImages-1236412565.jpg?crop=16:9&amp;width=480&amp;format=pjpg&amp;auto=webp&amp;quality=60 480w,https://s.w-x.co/GettyImages-1236412565.jpg?crop=16:9&amp;width=640&amp;format=pjpg&amp;auto=webp&amp;quality=60 640w,https://s.w-x.co/GettyImages-1236412565.jpg?crop=16:9&amp;width=800&amp;format=pjpg&amp;auto=webp&amp;quality=60 800w,https://s.w-x.co/GettyImages-1236412565.jpg?crop=16:9&amp;width=980&amp;format=pjpg&amp;auto=webp&amp;quality=60 980w"><noscript><img class="Image--intrinsicRatioElement--eptTV Image--rounded--2t_Qb" alt="" src="https://s.w-x.co/GettyImages-1236412565.jpg?crop=16:9&width=160&format=pjpg&auto=webp&quality=60" /></noscript></div></div></div><div><div class="MediaObject--mediaTitle--d3_JC ContentMedia--mediaTitle--3QRq6"><span class="Ellipsis--ellipsis--1sNTm" style="-webkit-line-clamp:3" data-testid="ContentMediaTitle">Protests Spread Across Europe as COP26 Continues into Second Week (PHOTOS)</span></div></div></a></div><div class="mediaListItem ContentMedia--mediaListItem--19sj1" data-tb-region-item="true"><a class="mediaLink smallMedia MediaObject--smallMedia--jGsoI ContentMedia--smallMedia--2HRCw MediaObject--mediaLink--330_t Button--default--3zkvy" href="/photos/news/2021-11-05-venice-flooding-photos" target="_self"><div data-testid="ContentMediaImage" class="MediaObject--mediaImg--1zbhQ ContentMedia--mediaImg--327bx"><div class="Image--rounded--2t_Qb Image--gradient--2COra"><div class="Image--rounded--2t_Qb Image--intrinsicRatioRoot--1I6CT" style="padding-top:56.25%"><img class="Image--rounded--2t_Qb Image--intrinsicRatioElement--eptTV" src="https://s.w-x.co/AP21309447064210.jpg?crop=16:9&amp;width=160&amp;format=pjpg&amp;auto=webp&amp;quality=60" data-src="https://s.w-x.co/AP21309447064210.jpg?crop=16:9&amp;width=160&amp;format=pjpg&amp;auto=webp&amp;quality=60" alt="" sizes="39vw" srcset="https://s.w-x.co/AP21309447064210.jpg?crop=16:9&amp;width=80&amp;format=pjpg&amp;auto=webp&amp;quality=60 80w,https://s.w-x.co/AP21309447064210.jpg?crop=16:9&amp;width=160&amp;format=pjpg&amp;auto=webp&amp;quality=60 160w,https://s.w-x.co/AP21309447064210.jpg?crop=16:9&amp;width=240&amp;format=pjpg&amp;auto=webp&amp;quality=60 240w,https://s.w-x.co/AP21309447064210.jpg?crop=16:9&amp;width=320&amp;format=pjpg&amp;auto=webp&amp;quality=60 320w,https://s.w-x.co/AP21309447064210.jpg?crop=16:9&amp;width=480&amp;format=pjpg&amp;auto=webp&amp;quality=60 480w,https://s.w-x.co/AP21309447064210.jpg?crop=16:9&amp;width=640&amp;format=pjpg&amp;auto=webp&amp;quality=60 640w,https://s.w-x.co/AP21309447064210.jpg?crop=16:9&amp;width=800&amp;format=pjpg&amp;auto=webp&amp;quality=60 800w,https://s.w-x.co/AP21309447064210.jpg?crop=16:9&amp;width=980&amp;format=pjpg&amp;auto=webp&amp;quality=60 980w"><noscript><img class="Image--intrinsicRatioElement--eptTV Image--rounded--2t_Qb" alt="" src="https://s.w-x.co/AP21309447064210.jpg?crop=16:9&width=160&format=pjpg&auto=webp&quality=60" /></noscript></div></div></div><div><div class="MediaObject--mediaTitle--d3_JC ContentMedia--mediaTitle--3QRq6"><span class="Ellipsis--ellipsis--1sNTm" style="-webkit-line-clamp:3" data-testid="ContentMediaTitle">Tourists Wade Through Tidal Flooding in Venice (PHOTOS)</span></div></div></a></div><div class="mediaListItem ContentMedia--mediaListItem--19sj1" data-tb-region-item="true"><a class="mediaLink smallMedia MediaObject--smallMedia--jGsoI ContentMedia--smallMedia--2HRCw MediaObject--mediaLink--330_t Button--default--3zkvy" href="/photos/news/2021-11-04-aurora-borealis-us-photos" target="_self"><div data-testid="ContentMediaImage" class="MediaObject--mediaImg--1zbhQ ContentMedia--mediaImg--327bx"><div class="Image--rounded--2t_Qb Image--gradient--2COra"><div class="Image--rounded--2t_Qb Image--intrinsicRatioRoot--1I6CT" style="padding-top:56.25%"><img class="Image--rounded--2t_Qb Image--intrinsicRatioElement--eptTV" src="https://s.w-x.co/FDU_2XLWUAEUdQb.jpeg?crop=16:9&amp;width=160&amp;format=pjpg&amp;auto=webp&amp;quality=60" data-src="https://s.w-x.co/FDU_2XLWUAEUdQb.jpeg?crop=16:9&amp;width=160&amp;format=pjpg&amp;auto=webp&amp;quality=60" alt="" sizes="39vw" srcset="https://s.w-x.co/FDU_2XLWUAEUdQb.jpeg?crop=16:9&amp;width=80&amp;format=pjpg&amp;auto=webp&amp;quality=60 80w,https://s.w-x.co/FDU_2XLWUAEUdQb.jpeg?crop=16:9&amp;width=160&amp;format=pjpg&amp;auto=webp&amp;quality=60 160w,https://s.w-x.co/FDU_2XLWUAEUdQb.jpeg?crop=16:9&amp;width=240&amp;format=pjpg&amp;auto=webp&amp;quality=60 240w,https://s.w-x.co/FDU_2XLWUAEUdQb.jpeg?crop=16:9&amp;width=320&amp;format=pjpg&amp;auto=webp&amp;quality=60 320w,https://s.w-x.co/FDU_2XLWUAEUdQb.jpeg?crop=16:9&amp;width=480&amp;format=pjpg&amp;auto=webp&amp;quality=60 480w,https://s.w-x.co/FDU_2XLWUAEUdQb.jpeg?crop=16:9&amp;width=640&amp;format=pjpg&amp;auto=webp&amp;quality=60 640w,https://s.w-x.co/FDU_2XLWUAEUdQb.jpeg?crop=16:9&amp;width=800&amp;format=pjpg&amp;auto=webp&amp;quality=60 800w,https://s.w-x.co/FDU_2XLWUAEUdQb.jpeg?crop=16:9&amp;width=980&amp;format=pjpg&amp;auto=webp&amp;quality=60 980w"><noscript><img class="Image--intrinsicRatioElement--eptTV Image--rounded--2t_Qb" alt="" src="https://s.w-x.co/FDU_2XLWUAEUdQb.jpeg?crop=16:9&width=160&format=pjpg&auto=webp&quality=60" /></noscript></div></div></div><div><div class="MediaObject--mediaTitle--d3_JC ContentMedia--mediaTitle--3QRq6"><span class="Ellipsis--ellipsis--1sNTm" style="-webkit-line-clamp:3" data-testid="ContentMediaTitle">Brilliant Aurora Graced Northern U.S. Skies Wednesday Night (PHOTOS)</span></div></div></a></div></div></div><div><footer data-testid="CardFooter" class="Card--cardFooter--rsrd-"><a class="ContentMedia--cmCtaButton--1u_8O mediaCtaButton Button--primary--1UQTP" href="/slideshows" target="_self" data-tb-region-item="true">See More</a></footer></div></section></div><div id="Taboola-main-f6ca0247-5836-4cb0-a1f4-a2d9e3cf15bf" class=" removeIfEmpty"></div><div id="WxuSmartMessage-main-ccd9cf55-d5e7-49c0-ad2b-3551f3b154fe" class=" removeIfEmpty"></div><div id="WxuPrivacyDataNotice-main-7ba809f2-44e7-4620-8c90-12aab7b79f2a" class=" removeIfEmpty"></div></main><aside class="region-sidebar regionSidebar DaybreakLargeScreen--regionSidebar--2kFGB" aria-label="Sidebar"><div id="WxuAd-sidebar-2216c858-71f6-472b-a087-375ed6aa08a2" class=" removeIfEmpty"><div class="adWrapper BaseAd--adWrapper--2qtTX BaseAd--card--1NlKb BaseAd--hide--3pG-e"><div class="adLabel">Advertisement</div><div id="WX_Top300Variable" class="ad_module BaseAd--ad_module--yZlyg subs-undefined BaseAd--placeholder--31XQZ"></div></div></div><div id="WxuHurricaneTrackerCard-sidebar-eaf3a578-6862-468e-9c75-5973515b2d3f" class=" removeIfEmpty"><section class="card Card--card--HiWPW" data-testid="HurricaneTrackerCardModule" title="Hurricane Tracker" id="Wxu-HurricaneTrackerCard-Module" ctaurl="/weather/radar/interactive/l/null?base=roadsDark&amp;zoom=6&amp;collection=Terry" ctatext="Track Storm" aria-label="Hurricane Tracker"><header data-testid="HeaderTitle" class="Card--cardHeader--1QwR4"><h2 class="Card--cardHeading--5_qfE">Hurricane Tracker</h2></header><div class="HurricaneTrackerCard--bodyWrapper--KBdzt"><div class="HurricaneTrackerCard--stormDetailsHeader--2epC1"><div class="HurricaneTrackerCard--stormIcon--2dyhh HurricaneTrackerCard--l--29MMX">L</div><div class="HurricaneTrackerCard--textWrapper--1Hz_q"><div class="HurricaneTrackerCard--stormName--GnxI5">Tropical Depression Terry</div><div class="HurricaneTrackerCard--stormDate--SnZCG">Nov 9, 9:00 am</div></div></div><ul class="HurricaneTrackerCard--stormDetailsList--1M-cR"><li><div class="HurricaneTrackerCard--label--mO3OW">Max Winds</div><div class="HurricaneTrackerCard--value--2WPHH"><span data-testid="Wind" class="Wind--windWrapper--3aqXJ undefined">35 mph</span></div></li><li><div class="HurricaneTrackerCard--label--mO3OW">Movement</div><div class="HurricaneTrackerCard--value--2WPHH">W at 14 mph</div></li><li><div class="HurricaneTrackerCard--label--mO3OW">Pressure</div><div class="HurricaneTrackerCard--value--2WPHH">1007 mb</div></li></ul><div class="MapboxAttribution--Attribution--1vD2Z MapboxAttribution--topright--3JfbO HurricaneTrackerCard--attributionPositionOverride--2MP4j"><div class="MapboxAttribution--buttonAndLogo--jhR2l" data-testid="MapboxAttribution"><button data-testid="MapboxLinks" aria-label="Map Attribution" alt="Map Attribution" class="MapboxAttribution--mapboxLogo--2dmD6 MapboxAttribution--white--2kOId" type="button"><div><svg xmlns="http://www.w3.org/2000/svg" viewBox="0 0 800 180"><title>Mapbox Logo</title><path d="M594.6 49.8c-9.9 0-19.4 4.1-26.3 11.3V23c0-1.2-1-2.2-2.2-2.2h-13.4c-1.2 0-2.2 1-2.2 2.2v103c0 1.2 1 2.2 2.2 2.2h13.4c1.2 0 2.2-1 2.2-2.2v-7.1c6.9 7.2 16.3 11.3 26.3 11.3 20.9 0 37.8-18 37.8-40.2s-16.9-40.2-37.8-40.2zm-3.1 64.3c-12.7 0-23-10.6-23.1-23.8v-.6c.2-13.2 10.4-23.8 23.1-23.8 12.8 0 23.1 10.8 23.1 24.1s-10.4 24.1-23.1 24.1zM681.7 49.8c-22.6 0-40.9 18-40.9 40.2s18.3 40.2 40.9 40.2c22.6 0 40.9-18 40.9-40.2s-18.3-40.2-40.9-40.2zm-.1 64.3c-12.8 0-23.1-10.8-23.1-24.1s10.4-24.1 23.1-24.1 23.1 10.8 23.1 24.1-10.4 24.1-23.1 24.1zM431.6 51.8h-13.4c-1.2 0-2.2 1-2.2 2.2v7.1c-6.9-7.2-16.3-11.3-26.3-11.3-20.9 0-37.8 18-37.8 40.2s16.9 40.2 37.8 40.2c9.9 0 19.4-4.1 26.3-11.3v7.1c0 1.2 1 2.2 2.2 2.2h13.4c1.2 0 2.2-1 2.2-2.2V54c0-1.2-1-2.2-2.2-2.2zm-38.8 62.3c-12.8 0-23.1-10.8-23.1-24.1s10.4-24.1 23.1-24.1c12.7 0 23 10.6 23.1 23.8v.6c-.1 13.2-10.4 23.8-23.1 23.8zM498.5 49.8c-9.9 0-19.4 4.1-26.3 11.3V54c0-1.2-1-2.2-2.2-2.2h-13.4c-1.2 0-2.2 1-2.2 2.2v103c0 1.2 1 2.2 2.2 2.2H470c1.2 0 2.2-1 2.2-2.2v-38.1c6.9 7.2 16.3 11.3 26.3 11.3 20.9 0 37.8-18 37.8-40.2s-16.9-40.2-37.8-40.2zm-3.1 64.3c-12.7 0-23-10.6-23.1-23.8v-.6c.2-13.2 10.4-23.8 23.1-23.8 12.8 0 23.1 10.8 23.1 24.1s-10.3 24.1-23.1 24.1zM311.8 49.8c-10 .1-19.1 5.9-23.4 15-4.9-9.3-14.7-15.1-25.2-15-8.2 0-15.9 4-20.7 10.6V54c0-1.2-1-2.2-2.2-2.2h-13.4c-1.2 0-2.2 1-2.2 2.2v72c0 1.2 1 2.2 2.2 2.2h13.4c1.2 0 2.2-1 2.2-2.2V82.9c.5-9.6 7.2-17.3 15.4-17.3 8.5 0 15.6 7.1 15.6 16.4v44c0 1.2 1 2.2 2.2 2.2h13.5c1.2 0 2.2-1 2.2-2.2l-.1-44.8c1.2-8.8 7.5-15.6 15.2-15.6 8.5 0 15.6 7.1 15.6 16.4v44c0 1.2 1 2.2 2.2 2.2h13.5c1.2 0 2.2-1 2.2-2.2l-.1-49.5c0-14.8-12.6-26.7-28.1-26.7zM794.7 125.1l-23.2-35.3 23-35c.6-.9.3-2.2-.6-2.8-.3-.2-.7-.3-1.1-.3h-15.5c-1.2 0-2.3.6-2.9 1.6L760.9 76l-13.5-22.6c-.6-1-1.7-1.6-2.9-1.6H729c-1.1 0-2 .9-2 2 0 .4.1.8.3 1.1l23 35-23.2 35.3c-.6.9-.3 2.2.6 2.8.3.2.7.3 1.1.3h15.5c1.2 0 2.3-.6 2.9-1.6l13.8-23 13.8 23c.6 1 1.7 1.6 2.9 1.6H793c1.1 0 2-.9 2-2 0-.4-.1-.8-.3-1.2z"></path><g><path d="M93.9 1.1C44.8 1.1 5 40.9 5 90s39.8 88.9 88.9 88.9 88.9-39.8 88.9-88.9c0-49.1-39.8-88.9-88.9-88.9zm42.2 110.7c-30.4 30.4-84.7 20.7-84.7 20.7s-9.8-54.2 20.7-84.7C89 30.9 117 31.6 134.7 49.2s18.3 45.7 1.4 62.6z"></path><path d="M104.1 53.2l-8.7 17.9-17.9 8.7 17.9 8.7 8.7 17.9 8.7-17.9 17.9-8.7-17.9-8.7z"></path></g></svg></div></button></div><div class="
          MapboxAttribution--mapboxlinks--2ovD2
          MapboxAttribution--hide--3WTWm
          MapboxAttribution--stack--TRFcZ
          
        "><a target="_blank" rel="noopener noreferrer" href="https://mapbox.com/about/maps">© 2021 Mapbox</a><a target="_blank" rel="noopener noreferrer" href="https://www.openstreetmap.org/about">© OpenStreetMap</a><a target="_blank" rel="noopener noreferrer" href="https://www.mapbox.com/map-feedback/">Improve this map</a></div></div><a href="/weather/radar/interactive/l/null?base=roadsDark&amp;zoom=6&amp;collection=Terry"><div class="HurricaneTrackerCard--gradient--1z83d"></div><div class="HurricaneTrackerCard--mapImage--3bPqE" style="background-image:url(//api.weather.com/v2/maps/dynamic?geocode=11,-110&amp;h=320&amp;w=568&amp;lod=4&amp;product=9066&amp;map=dark&amp;format=png&amp;language=en&amp;apiKey=21d8a80b3d6b444998a80b3d6b1449d3&amp;a=0)"></div></a></div><footer data-testid="CardFooter" class="Card--cardFooter--rsrd-"><a class="Button--primary--1UQTP" href="/weather/radar/interactive/l/null?base=roadsDark&amp;zoom=6&amp;collection=Terry" target="_self">Track Storm</a></footer></section></div><div id="WxuAd-sidebar-ddd4a3cb-7622-4c4d-b058-5101b4678ae5" class=" removeIfEmpty"><div class="adWrapper BaseAd--adWrapper--2qtTX BaseAd--card--1NlKb BaseAd--hide--3pG-e"><div class="adLabel">Advertisement</div><div id="WX_Mid300" class="ad_module BaseAd--ad_module--yZlyg subs-undefined BaseAd--placeholder--31XQZ"></div></div></div><div id="WxuPromoDriver-sidebar-721f1a1a-460a-422c-a0db-db83a582b227" class=" removeIfEmpty"><section class="card Card--card--HiWPW PromoDriver--card--L3N9x" title="Stay Safe" data-testid="promoDriverModule" fromstring="promoDriverLink" aria-label="Stay Safe"><header data-testid="HeaderTitle" class="Card--cardHeader--1QwR4 PromoDriver--cardHeader--18cFA"><h2 class="Card--cardHeading--5_qfE">Stay Safe</h2></header><section class="PromoDriver--cardContent--3d1dY"><div class="PromoDriver--fallbackAndAd--1oRGC"><div class="PromoDriver--fallback--3TL5h"><a href="/safety"><div class="Image--gradient--2COra"><div class="Image--intrinsicRatioRoot--1I6CT" style="padding-top:35.08771929824561%"><img class="Image--intrinsicRatioElement--eptTV" data-src="https://s.w-x.co/promo-modules-units-features.png?crop=2.85:1&amp;width=80&amp;format=pjpg&amp;auto=webp&amp;quality=60" alt=""><noscript><img class="Image--intrinsicRatioElement--eptTV" alt="" src="https://s.w-x.co/promo-modules-units-features.png?crop=2.85:1&width=80&format=pjpg&auto=webp&quality=60" /></noscript></div></div></a></div><div class="LazyLoad"></div></div></section></section></div><div id="WxuAd-sidebar-d2ec6be1-08ec-4be9-b2d3-9df78d6b0d32" class=" removeIfEmpty"></div><div id="WxuSmartMessage-sidebar-4f2fc4ea-834c-493d-93af-1e3cdf2daea7" class=" removeIfEmpty"></div><div id="WxuSmartMessage-sidebar-2384c765-4ac5-41e9-8f2d-5a69476cf939" class=" removeIfEmpty"></div><div id="WxuContentMedia-sidebar-154205c3-43e0-4e4d-a284-972095b12084" class=" removeIfEmpty"><section class="card Card--cardPadded--2oS21 Card--card--HiWPW" data-testid="ContentMediaModule" title="Featured Deal" ctatext="See More" ctaurl="/deals/stackcommerce" data-tb-region="tb-affiliate-rr" footer="[object Object]" aria-label="Featured Deal"><header data-testid="HeaderTitle" class="Card--cardHeader--1QwR4"><h2 class="Card--cardHeading--5_qfE">Featured Deal</h2></header><div class=""><div class="ContentMedia--primaryContainer--16gwV ContentMedia--fullMedia--1cXPO"><div class="mediaListItem ContentMedia--mediaListItem--19sj1 MediaObject--fullWidthMediaList--2O8AG" data-tb-region-item="true"><a class="mediaLink fullMedia MediaObject--fullMedia--1jrAm ContentMedia--fullMedia--1cXPO MediaObject--mediaLink--330_t Button--default--3zkvy" href="/deals/stackcommerce/news/2021-10-19-smart-press-heating-cup-coaster" target="_self" data-from-string="ContentMedia|AffiliatePromo|See More_Keep_Your Coffee Warm With The Smart Press Heating Cup Coaster, Just $26"><div data-testid="ContentMediaImage" class="MediaObject--mediaImg--1zbhQ ContentMedia--mediaImg--327bx"><div class="Image--rounded--2t_Qb Image--gradient--2COra"><div class="Image--rounded--2t_Qb Image--intrinsicRatioRoot--1I6CT" style="padding-top:56.25%"><img class="Image--rounded--2t_Qb Image--intrinsicRatioElement--eptTV" src="https://s.w-x.co/bunnyearscoaster.jpeg?crop=16:9&amp;width=320&amp;format=pjpg&amp;auto=webp&amp;quality=60" data-src="https://s.w-x.co/bunnyearscoaster.jpeg?crop=16:9&amp;width=320&amp;format=pjpg&amp;auto=webp&amp;quality=60" alt="" sizes="73vw" srcset="https://s.w-x.co/bunnyearscoaster.jpeg?crop=16:9&amp;width=80&amp;format=pjpg&amp;auto=webp&amp;quality=60 80w,https://s.w-x.co/bunnyearscoaster.jpeg?crop=16:9&amp;width=160&amp;format=pjpg&amp;auto=webp&amp;quality=60 160w,https://s.w-x.co/bunnyearscoaster.jpeg?crop=16:9&amp;width=240&amp;format=pjpg&amp;auto=webp&amp;quality=60 240w,https://s.w-x.co/bunnyearscoaster.jpeg?crop=16:9&amp;width=320&amp;format=pjpg&amp;auto=webp&amp;quality=60 320w,https://s.w-x.co/bunnyearscoaster.jpeg?crop=16:9&amp;width=480&amp;format=pjpg&amp;auto=webp&amp;quality=60 480w,https://s.w-x.co/bunnyearscoaster.jpeg?crop=16:9&amp;width=640&amp;format=pjpg&amp;auto=webp&amp;quality=60 640w,https://s.w-x.co/bunnyearscoaster.jpeg?crop=16:9&amp;width=800&amp;format=pjpg&amp;auto=webp&amp;quality=60 800w,https://s.w-x.co/bunnyearscoaster.jpeg?crop=16:9&amp;width=980&amp;format=pjpg&amp;auto=webp&amp;quality=60 980w"><noscript><img class="Image--intrinsicRatioElement--eptTV Image--rounded--2t_Qb" alt="" src="https://s.w-x.co/bunnyearscoaster.jpeg?crop=16:9&width=320&format=pjpg&auto=webp&quality=60" /></noscript></div></div></div><div><div class="MediaObject--mediaTitle--d3_JC ContentMedia--mediaTitle--3QRq6"><span class="Ellipsis--ellipsis--1sNTm" style="-webkit-line-clamp:3" data-testid="ContentMediaTitle">Keep Your Coffee Warm With The Smart Press Heating Cup Coaster, Just $26</span></div></div></a></div></div></div><div><footer data-testid="CardFooter" class="Card--cardFooter--rsrd-"><a class="ContentMedia--cmCtaButton--1u_8O mediaCtaButton Button--primary--1UQTP" href="/deals/stackcommerce" target="_self" data-from-string="ContentMedia|AffiliatePromo|See More_ctaButton}" data-tb-region-item="true">See More</a></footer></div></section></div><div id="WxuAd-sidebar-fbb14727-c8f1-4a09-a56b-b840a24681c4" class=" removeIfEmpty"><div class="adWrapper BaseAd--adWrapper--2qtTX BaseAd--card--1NlKb BaseAd--hide--3pG-e"><div class="adLabel">Advertisement</div><div id="WX_Bot300AdX3" class="ad_module BaseAd--ad_module--yZlyg subs-undefined BaseAd--placeholder--31XQZ"></div></div></div></aside></div><div class="region-contentBottom regionContentBottom DaybreakLargeScreen--regionContentBottom--eIwFn"><div id="WxuAd-contentBottom-cb63b42d-d07c-48d9-a6a4-5f0b1dbc58bf" class=" removeIfEmpty"><div class="adWrapper BaseAd--adWrapper--2qtTX BaseAd--card--1NlKb BaseAd--hide--3pG-e"><div class="adLabel">Advertisement</div><div id="WX_BottomLeader" class="ad_module BaseAd--ad_module--yZlyg subs-undefined BaseAd--placeholder--31XQZ"></div></div></div></div></main><footer class="region-footer regionFooter DaybreakLargeScreen--regionFooter--3zJxU"><div id="WxuDaybreakMetrics-footer-95b11cb9-8af9-4c23-abd1-5b7e7bc621d9" class=" removeIfEmpty"></div><div id="WxuMedalliaSurvey-footer-495720e7-facc-4c28-af6b-52f78459520a" class=" removeIfEmpty"></div><div id="WxuFooter-footer-5b5ebc4f-6cb5-4bcf-8c09-60524c9ff62d" class=" removeIfEmpty"><div data-testid="Footer" class="Footer--container--17QeH"><div class="Footer--Footer--1HyT6"><div class="Footer--socialLogos--2MwDy"><div class="Footer--logoLockup--2C7WO Footer--linkSpacing--l05S2"><svg class="Footer--iconWeatherCompany--I4AuQ Icon--icon--3wCKh" set="footer" name="the-weather-company" height="70" data-testid="Icon" aria-hidden="false" aria-label="The Weather Company, an IBM Business" role="img" width="70" viewBox="0 0 70 70"><title>The Weather Company</title><g fill="none" fill-rule="evenodd"><path d="M40.293 61.769c.926 0 1.628.287 1.692 1.293h-.678c-.04-.527-.52-.694-.958-.694-.407 0-.878.111-.878.526 0 .479.718.575 1.349.718.678.152 1.349.384 1.349 1.174 0 .99-.918 1.3-1.756 1.3-.926 0-1.708-.375-1.748-1.396h.678c.024.606.559.798 1.11.798.422 0 .997-.096.997-.615 0-1.06-2.697-.343-2.697-1.93 0-.83.814-1.174 1.54-1.174zm-5.043.096v2.793c0 .51.32.83.838.83.822 0 1.22-.55 1.22-1.293v-2.33h.68v4.126h-.64v-.655h-.015c-.287.511-.742.75-1.34.75-1.086 0-1.421-.622-1.421-1.508v-2.713h.678zm15.233-.096c1.46 0 1.907 1.364 1.867 2.362h-3.088c-.024.719.383 1.357 1.285 1.357.566 0 .95-.263 1.069-.806h.67c-.183.918-.83 1.404-1.763 1.404-1.317 0-1.94-.917-1.98-2.17 0-1.245.814-2.147 1.94-2.147zm8.05 0c.926 0 1.629.287 1.693 1.293h-.679c-.04-.527-.518-.694-.957-.694-.407 0-.878.111-.878.526 0 .479.718.575 1.348.718.679.152 1.35.384 1.35 1.174 0 .99-.919 1.3-1.757 1.3-.925 0-1.708-.375-1.747-1.396h.678c.024.606.559.798 1.11.798.422 0 .997-.096.997-.615 0-1.06-2.698-.343-2.698-1.93 0-.83.814-1.174 1.54-1.174zm-4.053 0c.926 0 1.628.287 1.692 1.293h-.678c-.04-.527-.519-.694-.958-.694-.407 0-.878.111-.878.526 0 .479.719.575 1.349.718.678.152 1.349.384 1.349 1.174 0 .99-.918 1.3-1.756 1.3-.926 0-1.708-.375-1.748-1.396h.679c.024.606.558.798 1.109.798.423 0 .997-.096.997-.615 0-1.06-2.697-.343-2.697-1.93 0-.83.814-1.174 1.54-1.174zM4.123 60.293L6.35 65.99h-.838l-.623-1.716H2.48l-.638 1.716H1.06l2.226-5.698h.838zm4.804 1.476c1.085 0 1.42.623 1.42 1.508v2.714H9.67v-2.793c0-.511-.32-.83-.838-.83-.822 0-1.221.55-1.221 1.292v2.33h-.678v-4.125h.638v.654h.016c.287-.51.742-.75 1.34-.75zm37.534 0c1.086 0 1.42.623 1.42 1.508v2.714h-.678v-2.793c0-.511-.319-.83-.838-.83-.822 0-1.22.55-1.22 1.292v2.33h-.68v-4.125h.64v.654h.015c.288-.51.743-.75 1.341-.75zm-15.057-1.476c.495 0 1.173 0 1.509.207.375.224.67.622.67 1.19 0 .606-.311 1.06-.846 1.276v.016c.702.152 1.085.67 1.085 1.373 0 .83-.606 1.636-1.731 1.636h-2.754v-5.698h2.067zm-14.083 0c.495 0 1.173 0 1.508.207.375.224.67.622.67 1.19 0 .606-.31 1.06-.845 1.276v.016c.702.152 1.085.67 1.085 1.373 0 .83-.607 1.636-1.732 1.636h-2.753v-5.698h2.067zm4.308 0l1.796 4.788 1.804-4.788h1.037v5.698h-.718v-4.74h-.016l-1.78 4.74h-.646l-1.78-4.74h-.016v4.74h-.718v-5.698h1.037zm-7.54 0v5.698h-.758v-5.698h.758zm29.781 1.572v4.126h-1v-4.126h1zM31.827 63.38h-1.732v1.971h1.9c.662 0 1.07-.39 1.07-1.021 0-.743-.6-.95-1.238-.95zm-14.083 0h-1.732v1.971h1.9c.662 0 1.069-.39 1.069-1.021 0-.743-.599-.95-1.237-.95zM3.7 60.979h-.016l-.965 2.657H4.65L3.7 60.98zm46.743 1.389c-.702 0-1.142.526-1.181 1.165h2.37c-.04-.647-.51-1.165-1.19-1.165zM17.528 60.93h-1.516v1.812h1.516c.862 0 1.213-.304 1.213-.91 0-.798-.55-.902-1.213-.902zm14.084 0h-1.517v1.812h1.517c.862 0 1.213-.304 1.213-.91 0-.798-.551-.902-1.213-.902zm12.258-.638v.83h-1v-.83h1zm19.342-15.179l1.59 5.32c.16.554.482 1.893.482 1.893s.178-1.018.285-1.464c.143-.572.179-.66.357-1.268l1.375-4.338h2.517l-3.32 9.266c-.625 1.767-1.09 2.535-1.75 3.017-.607.446-1.392.732-2.214.839l-.821-1.571c.518-.143 1.125-.357 1.482-.607.268-.197.482-.447.678-.75.232-.375.304-.536.518-1.071h-.607c-.143-.429-.214-.607-.375-1.071-.179-.554-.464-1.464-.482-1.5l-2.16-6.409 2.445-.286zm-25.153-.179c.642 0 1.303.215 1.802.553.983.661 1.697 1.84 1.697 3.946 0 1.964-.304 2.981-1.268 3.981-.625.66-1.446 1.035-2.445 1.035-.715 0-1.393-.178-1.91-.482.028.172.034.549.035.693v2.914l-2.303.607v-10.57c0-1.195-.018-1.534-.143-2.302l2.125-.375c.089.321.142.572.16.857.41-.5 1.321-.857 2.25-.857zM5.746 41.83c1.232 0 2.463.393 3.142.982l-1.125 1.696c-.625-.464-1.285-.696-1.982-.696-.839 0-1.66.41-2.106 1.071-.482.714-.696 1.75-.696 3.196 0 1.696.142 2.642.517 3.32.5.91 1.321 1.393 2.393 1.393.678 0 1.267-.197 1.874-.607.071-.054.16-.125.25-.197l1.143 1.571c-.982.804-2.036 1.16-3.446 1.16-1.714 0-3.035-.553-4.053-1.713-1-1.125-1.5-2.624-1.5-4.446 0-1.552.269-2.784.84-3.855.964-1.804 2.75-2.875 4.749-2.875zm41.31 3.087c1.535 0 2.589.572 2.946 1.59.125.374.16.66.16 1.641l-.053 3.071v.16c0 .983.16 1.358.857 1.875l-1.268 1.464c-.553-.232-1.053-.642-1.285-1.107-.34.322-.375.357-.553.482-.447.322-1.09.5-1.84.5-2.035 0-3.141-1.035-3.141-2.856 0-2.142 1.481-3.142 4.391-3.142.179 0 .286 0 .536.018v-.375c0-1.018-.197-1.357-1.071-1.357-.768 0-1.66.375-2.642 1.036l-1.018-1.714c.59-.375.84-.5 1.482-.75.892-.375 1.66-.536 2.5-.536zm-33.295.27c1.304 0 2.321.446 3.107 1.374.732.857 1.053 1.857 1.053 3.339 0 1.57-.357 2.642-1.143 3.534-.696.786-1.606 1.268-3.017 1.268-2.481 0-4.106-1.857-4.106-4.73 0-2.875 1.643-4.785 4.106-4.785zm15.032-.108c.714 0 1.393.214 1.803.571.518.446.679.982.679 2.231v6.499h-2.321v-6.034c0-1.09-.125-1.304-.75-1.304-.446 0-1.071.304-1.589.768v6.57h-2.267v-5.945c0-1.143-.16-1.41-.821-1.41-.447 0-1.054.232-1.571.696v6.659h-2.339v-6.374c0-1.32-.09-1.892-.34-2.338l2.16-.59c.162.25.233.465.322.93.625-.608 1.393-.93 2.232-.93.75 0 1.374.25 1.856.75.126.125.179.197.357.447.84-.857 1.59-1.196 2.59-1.196zm25.404-.072c.214.375.34.768.34 1.143.553-.393.66-.464 1.053-.679a3.77 3.77 0 011.642-.392c1.018 0 1.91.535 2.196 1.32.125.34.178.733.178 1.304v6.677H57.25v-5.945c0-1.036-.179-1.339-.803-1.339-.482 0-1.107.321-1.66.821v6.463h-2.393v-6.623c0-.786-.107-1.536-.321-2.143l2.124-.607zm-40.4 1.947c-.571 0-1.035.357-1.232.928-.16.482-.25 1.125-.25 2.036 0 1.053.107 1.838.304 2.302.214.5.75.75 1.214.75 1.035 0 1.481-.928 1.481-3.088 0-1.232-.16-2.035-.482-2.446-.232-.303-.606-.482-1.035-.482zm33.973 3.301h-.107c-1.66 0-2.231.304-2.231 1.393 0 .714.446 1.196 1.053 1.196.446 0 .893-.232 1.25-.625l.035-1.964zm-10.193-3.374c-.59 0-1.16.25-1.59.696v4.445c.322.268.84.536 1.322.536 1.178 0 1.642-.803 1.642-2.892 0-.875-.071-1.571-.232-2.017-.178-.5-.553-.768-1.142-.768zm-9.139-17.239c1.535 0 2.589.571 2.946 1.589.125.374.16.66.16 1.642l-.053 3.07v.161c0 .982.16 1.357.857 1.875l-1.268 1.464c-.553-.232-1.053-.643-1.285-1.107-.34.321-.375.357-.554.482-.446.321-1.089.5-1.839.5-2.035 0-3.142-1.035-3.142-2.856 0-2.143 1.482-3.142 4.392-3.142.179 0 .286 0 .536.017v-.374c0-1.018-.197-1.358-1.072-1.358-.767 0-1.66.375-2.642 1.036l-1.017-1.714c.589-.375.839-.5 1.482-.75.892-.375 1.66-.535 2.499-.535zm-9.14.018c1.053 0 2.052.357 2.642.964.839.857 1.213 2.089 1.213 3.999v.553H17.87v.072c0 1.41.696 2.214 1.928 2.214.822 0 1.589-.304 2.321-.911l.928 1.428c-1.053.857-2.16 1.267-3.445 1.267-2.625 0-4.32-1.856-4.32-4.73 0-1.643.339-2.732 1.142-3.624.75-.84 1.66-1.232 2.874-1.232zm33.026-.126c1.053 0 2.053.357 2.642.964.839.857 1.214 2.089 1.214 3.999v.554h-5.285v.07c0 1.411.697 2.215 1.928 2.215.822 0 1.59-.304 2.321-.91l.928 1.427c-1.053.857-2.16 1.268-3.445 1.268-2.624 0-4.32-1.857-4.32-4.731 0-1.643.339-2.732 1.142-3.624.75-.84 1.66-1.232 2.875-1.232zM2.642 26.595l1.071 4.892c.518 2.32.661 4.088.661 4.088.053-.482.268-2.25.642-3.963l1.107-5.017h2.732l1.142 5.553c.232 1.16.536 3.284.536 3.284.036-.392.464-3.088.678-4.123l1.018-4.714h2.624L11.854 39.11H9.123l-1.107-5.052c-.429-1.928-.572-3.5-.59-3.606 0 0-.25 1.75-.606 3.57L5.802 39.11H2.964L0 26.595h2.642zm33.687.35a26.98 26.98 0 00-.143 2.75h2.142l-.607 1.589h-1.535v4.66c0 1.16.214 1.463 1.035 1.463.215 0 .429-.054.857-.178l.304 1.428c-.697.285-1.321.41-1.946.41-1.214 0-2.196-.535-2.464-1.339-.132-.362-.157-.542-.16-1.228v-5.216H32.9V29.73h.91c0-.892 0-1.5.09-2.178l2.428-.607zm25.833 2.553c.357 0 .518.036.892.197l-.66 2.106a1.35 1.35 0 00-.696-.178c-.536 0-1.018.25-1.464.767v6.463h-2.392v-6.106c0-1.231-.143-2.16-.34-2.677l2.143-.572c.214.375.339.786.375 1.304.339-.465.91-.947 1.356-1.16.197-.09.518-.144.786-.144zm-20.853-3.874c.107.5.16 1.357.16 2.232v1.82c0 .286-.035.661-.035.768.624-.589 1.66-.981 2.588-.981 1.125 0 2.089.535 2.375 1.303.178.518.232.66.232 1.696v6.391h-2.34v-6.141c0-.91-.249-1.25-.927-1.25-.59 0-1.357.357-1.893.84v6.551h-2.428V28.284c0-.857-.071-1.713-.178-2.088l2.446-.572zM29.152 34.98h-.107c-1.66 0-2.232.303-2.232 1.392 0 .714.447 1.197 1.054 1.197.446 0 .892-.233 1.25-.625l.035-1.964zm-9.819-3.57c-.91 0-1.428.713-1.428 1.98v.037h2.767v-.108c0-.678-.072-1.035-.286-1.374-.232-.357-.57-.536-1.053-.536zm33.026-.127c-.91 0-1.428.715-1.428 1.982v.036h2.767v-.107c0-.679-.071-1.036-.286-1.375-.232-.357-.57-.536-1.053-.536zM23.316 14.321c1.054 0 2.053.358 2.643.965.839.856 1.214 2.088 1.214 3.998v.554h-5.285v.071c0 1.41.697 2.214 1.928 2.214.822 0 1.59-.303 2.321-.91l.929 1.428c-1.054.857-2.16 1.267-3.446 1.267-2.625 0-4.32-1.856-4.32-4.73 0-1.643.339-2.732 1.142-3.625.75-.839 1.66-1.232 2.874-1.232zM9.034 11.233l-.41 2.07H5.66V23.64H3.125V13.304H.09v-2.071h8.944zm3.268-.821c.107.5.16 1.357.16 2.231v1.821c0 .286-.036.66-.036.768.625-.59 1.66-.982 2.59-.982 1.124 0 2.088.536 2.373 1.303.179.518.233.661.233 1.696v6.392h-2.339v-6.142c0-.91-.25-1.25-.928-1.25-.59 0-1.357.358-1.893.84v6.552h-2.428V13.07c0-.856-.071-1.713-.178-2.088l2.446-.571zm11.05 5.66c-.91 0-1.428.713-1.428 1.98v.036h2.767v-.107c0-.678-.071-1.035-.286-1.374-.232-.357-.57-.536-1.053-.536zm23.555-8.125c.117 0 .224.035.327.104l-.057.094a.438.438 0 00-.264-.092c-.136 0-.217.068-.217.179 0 .087.052.138.18.177l.126.04c.096.03.149.058.191.109.045.05.072.123.072.192a.32.32 0 01-.15.26.42.42 0 01-.245.067.636.636 0 01-.348-.098l.057-.101c.09.065.182.093.291.093.083 0 .127-.012.173-.047a.186.186 0 00.077-.155c0-.097-.063-.164-.194-.203l-.11-.033c-.098-.03-.15-.053-.193-.097a.252.252 0 01-.068-.177c0-.186.141-.312.352-.312zm.875.024l.198.709c.02.076.028.106.042.19.018-.092.026-.122.04-.178l.204-.721h.192l.093 1.086h-.13l-.063-.797c-.005-.07-.008-.185-.008-.185a2.34 2.34 0 01-.042.17l-.233.812h-.111l-.215-.771c-.015-.055-.027-.097-.038-.142l-.017-.07v.015l-.012.195-.06.773h-.125l.095-1.086h.19z" fill="#283577"></path><path d="M47.036 4c-.356.901-.694 1.736-1.016 2.577-.856 2.241-1.074 4.568-.891 6.941.124 1.61.234 3.225-.289 4.783-.965 2.873-2.986 4.519-5.983 4.918-3.074.41-5.542-.727-7.253-3.253-2.547-3.758-1.44-9.697 4.273-11.262 1.416-.388 2.876-.607 4.305-.951 2.397-.578 4.44-1.845 6.346-3.36.15-.118.302-.234.508-.393" fill="#2797C8"></path></g></svg><svg class="Footer--iconWeatherChannel--2edFl Icon--icon--3wCKh" set="footer" name="the-weather-channel" height="35" data-testid="Icon" aria-hidden="false" aria-label="The Weather Channel" role="img" width="35" viewBox="0 0 35 35"><title>The Weather Channel</title><g fill="none" fill-rule="evenodd"><path fill="#039" d="M0 0h35v35H0z"></path><path d="M13.998 27.281c.73 0 1.232.272 1.402.757.06.178.077.314.077.782l-.026 1.462v.077c0 .467.077.646.408.893l-.603.697c-.264-.11-.502-.306-.612-.527-.162.153-.179.17-.264.23-.212.152-.518.237-.875.237-.97 0-1.497-.493-1.497-1.36 0-1.02.706-1.496 2.092-1.496.085 0 .136 0 .255.008v-.178c0-.485-.094-.647-.51-.647-.366 0-.791.179-1.259.494l-.484-.817c.28-.178.4-.238.705-.357.425-.178.791-.255 1.19-.255zm13.202.009c.502 0 .978.17 1.259.459.4.408.578.995.578 1.904v.264H26.52v.034c0 .671.332 1.054.918 1.054.392 0 .757-.145 1.106-.434l.442.68c-.502.409-1.029.604-1.641.604-1.25 0-2.057-.884-2.057-2.253 0-.782.161-1.3.544-1.726.357-.4.79-.586 1.368-.586zm3.724-1.854c.043.238.06.519.06 1.131v3.675c.003.495.018.584.076.686.043.077.136.12.23.12.042 0 .068 0 .127-.017l.196.68a1.902 1.902 0 01-.68.119c-.485 0-.876-.23-1.012-.595-.077-.201-.098-.332-.102-.82v-3.406c0-.57-.017-.918-.06-1.31l1.165-.263zm-25.521.255c.586 0 1.173.188 1.496.468l-.536.808a1.557 1.557 0 00-.943-.332c-.4 0-.79.196-1.003.51-.23.34-.332.833-.332 1.522 0 .808.068 1.258.246 1.581.239.434.63.664 1.14.664a1.53 1.53 0 001.011-.383l.545.748c-.468.383-.97.553-1.641.553-.816 0-1.446-.264-1.93-.816-.476-.536-.714-1.25-.714-2.117 0-.74.127-1.327.4-1.837a2.539 2.539 0 012.26-1.369zm16.527 1.573c.102.179.161.366.161.544.264-.187.315-.22.502-.323.23-.119.527-.187.782-.187.484 0 .91.255 1.046.63.059.16.084.348.084.62v3.18h-1.122v-2.831c0-.494-.085-.638-.382-.638-.23 0-.527.153-.79.391v3.078h-1.14v-3.154c0-.375-.051-.732-.153-1.02l1.012-.29zM8.65 25.428c.051.238.077.646.077 1.063v.867c0 .136-.017.314-.017.365.297-.28.79-.467 1.232-.467.536 0 .995.255 1.131.62.085.247.11.315.11.808v3.044H10.07v-2.925c0-.434-.119-.595-.442-.595-.28 0-.646.17-.901.4v3.12H7.57v-5.033c0-.408-.033-.816-.085-.995l1.165-.272zm8.748 1.836c.102.179.162.366.162.544.263-.187.314-.22.501-.323.23-.119.527-.187.783-.187.484 0 .91.255 1.045.63.06.16.085.348.085.62v3.18h-1.122v-2.831c0-.494-.085-.638-.383-.638-.23 0-.527.153-.79.391v3.078h-1.14v-3.154c0-.375-.05-.732-.152-1.02l1.011-.29zm-3.06 2.56h-.051c-.791 0-1.063.144-1.063.662 0 .34.213.57.502.57.212 0 .425-.11.595-.298l.017-.935zm12.88-1.701c-.434 0-.68.34-.68.944v.017h1.317v-.051c0-.323-.034-.493-.136-.655-.11-.17-.272-.255-.502-.255zm-11.104-8.89c.731 0 1.233.271 1.403.756.06.178.076.314.076.782l-.025 1.462v.077c0 .467.076.646.408.892l-.604.698c-.263-.111-.501-.306-.612-.528-.161.153-.178.17-.263.23-.213.153-.519.238-.876.238-.97 0-1.496-.493-1.496-1.36 0-1.02.705-1.497 2.091-1.497.085 0 .136 0 .255.009v-.179c0-.484-.093-.646-.51-.646-.366 0-.79.179-1.258.493l-.485-.816c.28-.178.4-.238.706-.357.425-.178.79-.255 1.19-.255zm-4.353.008c.502 0 .978.17 1.259.459.4.408.578.994.578 1.904v.264H11.08v.034c0 .671.332 1.054.918 1.054.391 0 .757-.145 1.106-.434l.442.68c-.502.408-1.03.604-1.641.604-1.25 0-2.058-.884-2.058-2.253 0-.782.162-1.3.545-1.726.357-.4.79-.586 1.368-.586zm15.788 0c.501 0 .977.17 1.258.459.4.408.578.994.578 1.904v.264h-2.517v.034c0 .671.332 1.054.919 1.054.39 0 .756-.145 1.105-.434l.442.68c-.502.408-1.029.604-1.641.604-1.25 0-2.057-.884-2.057-2.253 0-.782.161-1.3.544-1.726.357-.4.79-.586 1.369-.586zm-7.677-1.233c-.043.4-.068.867-.068 1.31h1.02l-.29.756h-.73v2.219c0 .552.102.697.493.697.102 0 .204-.026.408-.085l.144.68a2.39 2.39 0 01-.926.196c-.578 0-1.046-.256-1.173-.638-.06-.164-.074-.25-.076-.536l-.001-2.533h-.434v-.74h.434c0-.425 0-.714.043-1.037l1.156-.29zM3.83 17.77l.51 2.33c.247 1.105.315 1.946.315 1.946.025-.23.127-1.071.306-1.887l.527-2.39h1.3l.545 2.645c.11.552.255 1.564.255 1.564.017-.187.22-1.47.323-1.964l.484-2.244h1.25l-1.428 5.96H6.916l-.527-2.406c-.204-.919-.272-1.667-.28-1.718 0 0-.12.833-.29 1.7l-.484 2.423H3.983l-1.411-5.96H3.83zm18.473-.391c.051.238.077.646.077 1.062v.868c0 .136-.017.314-.017.365.297-.28.79-.467 1.232-.467.536 0 .995.255 1.131.62.085.247.11.315.11.808v3.043h-1.113v-2.924c0-.434-.12-.595-.442-.595-.28 0-.646.17-.901.4v3.12h-1.157v-5.033c0-.409-.034-.817-.085-.995l1.165-.272zm9.98 1.845c.17 0 .247.017.426.093l-.315 1.003a.643.643 0 00-.331-.085c-.255 0-.485.12-.697.366v3.077h-1.14v-2.907c0-.587-.068-1.029-.161-1.275l1.02-.272c.102.178.162.374.179.62a1.97 1.97 0 01.646-.552c.093-.043.246-.068.374-.068zm-15.829 2.55h-.05c-.792 0-1.064.145-1.064.663 0 .34.213.57.502.57.213 0 .425-.11.595-.298l.017-.935zm-4.676-1.7c-.433 0-.68.34-.68.943v.017h1.318v-.05c0-.324-.034-.494-.136-.655-.11-.17-.272-.255-.502-.255zm15.788 0c-.434 0-.68.34-.68.943v.017h1.317v-.05c0-.324-.034-.494-.136-.655-.11-.17-.272-.255-.501-.255zM13.598 11.19c.502 0 .978.17 1.258.46.4.408.579.994.579 1.904v.263h-2.517v.035c0 .671.332 1.054.918 1.054.391 0 .757-.145 1.105-.434l.443.68c-.502.408-1.03.604-1.641.604-1.25 0-2.058-.884-2.058-2.253 0-.782.162-1.3.544-1.726.357-.4.791-.587 1.37-.587zm-6.801-1.47l-.196.986h-1.41v4.922H3.982v-4.922H2.538V9.72h4.259zm1.556-.391c.05.238.076.646.076 1.062v.867c0 .137-.017.315-.017.366.298-.28.79-.468 1.233-.468.536 0 .995.256 1.13.621.086.247.111.315.111.808v3.043H9.773v-2.924c0-.434-.12-.595-.443-.595-.28 0-.646.17-.9.4v3.12H7.272v-5.034c0-.408-.034-.816-.085-.994l1.165-.272zm5.262 2.695c-.433 0-.68.34-.68.943v.017h1.318v-.05c0-.324-.034-.494-.136-.655-.11-.17-.272-.255-.502-.255z" fill="#FFF"></path></g></svg><svg class="Footer--iconWunderground--1Uqi0 Icon--icon--3wCKh" set="footer" name="weather-underground" height="50" data-testid="Icon" aria-hidden="false" aria-label="Wunderground" role="img" width="50" viewBox="0 0 50 50"><title>Weather Underground</title><defs><linearGradient x1="-3.157%" y1="37.366%" x2="89.185%" y2="61.161%" id="wua"><stop stop-color="#D51F2A" offset="23.49%"></stop><stop stop-color="#F68839" offset="100%"></stop></linearGradient><linearGradient x1=".001%" y1="50.002%" x2="100.002%" y2="50.002%" id="wub"><stop stop-color="#FDB930" offset="42.57%"></stop><stop stop-color="#85C441" offset="86.9%"></stop></linearGradient><linearGradient x1="49.998%" y1="100%" x2="49.998%" y2="0%" id="wuc"><stop stop-color="#19AADB" offset="0%"></stop><stop stop-color="#1756A7" offset="99.49%"></stop></linearGradient></defs><g fill="none" fill-rule="evenodd"><path d="M36.524 15.33c1.07 2.584 4.848 2.585 5.918 0l.058-.14a3.192 3.192 0 00-.05-2.314l-2.967-7.162-2.967 7.163a3.19 3.19 0 00-.05 2.316l.058.138z" fill="#19AADB" fill-rule="nonzero"></path><path d="M26.794 19.659a3.38 3.38 0 00-3.067 1.96l-.107.257-1.818 4.39-3.198-7.72c-1.08-2.608-4.904-2.607-5.984.001l-3.2 7.727-3.201-7.727c-.675-1.63-2.599-2.426-4.228-1.751-1.629.674-2.425 2.598-1.75 4.227l6.178 14.916c1.066 2.641 4.94 2.64 6.002-.003l3.191-7.703 3.147 7.597c1.01 2.79 5.08 2.787 6.087-.003l2.812-6.79 1.498-3.57 1.023-2.438a3.385 3.385 0 00-3.385-3.37z" fill="url(#wua)" fill-rule="nonzero"></path><path d="M43.122 34.805a6.473 6.473 0 01-6.473-6.473c0-.058.003-.116.005-.174v-5.115c0-2.902-2.004-5.522-4.81-6.274-3.043-.815-6.313.743-7.605 3.615l-.13.315-.382.92a3.383 3.383 0 016.452 1.409l.003-.009v5.234c0 5.086 4.087 9.42 9.173 9.699 5.052.276 9.585-3.528 10.173-8.55a9.7 9.7 0 00.053-.667 6.472 6.472 0 01-6.459 6.07z" fill="url(#wub)" fill-rule="nonzero"></path><path d="M46.363 16.549h-.006a3.236 3.236 0 00-3.233 3.236v8.475c0 1.763-1.472 3.235-3.235 3.235s-3.235-1.472-3.235-3.235v-.103c-.002.058-.005.116-.005.174a6.473 6.473 0 1012.945-.038l.002-.033v-8.477a3.237 3.237 0 00-3.233-3.235z" fill="url(#wuc)" fill-rule="nonzero"></path><path d="M17.403 41.467c.25 0 .472.039.649.161.188.135.303.369.303.66 0 .27-.104.48-.296.634a.754.754 0 01-.263.142c.063.055.115.103.148.136.193.193.393.41.411.682l.003.027v.011c0 .108-.088.2-.203.2-.119-.006-.207-.103-.207-.2 0-.201-.273-.455-.543-.67a8.31 8.31 0 00-.17-.132h-.53v.794c0 .116-.1.208-.216.208a.214.214 0 01-.215-.208v-2.234c0-.04.015-.076.034-.108a.212.212 0 01.181-.103zm-13.775-.035c.118 0 .218.081.218.208 0 .027-.011.061-.019.092l-.718 2.165a.3.3 0 01-.307.223.303.303 0 01-.307-.223l-.576-1.65-.564 1.65a.297.297 0 01-.307.223.296.296 0 01-.303-.223l-.73-2.173a.295.295 0 01-.015-.08c0-.115.096-.212.223-.212.11 0 .184.062.21.158l.619 1.973.64-1.965c.028-.093.097-.166.231-.166.138 0 .2.07.227.166l.656 1.965.607-1.985c.023-.092.115-.146.215-.146zm3.923-.003c.173 0 .257.103.3.222l.825 2.169a.47.47 0 01.019.1c0 .123-.088.2-.215.2-.104 0-.18-.054-.207-.15l-.185-.476H6.994l-.18.476c-.03.096-.096.15-.215.15-.13 0-.204-.093-.204-.196a.37.37 0 01.023-.104l.833-2.169c.043-.123.123-.222.3-.222zm5.467.003c.123 0 .215.093.215.208v2.272a.21.21 0 01-.215.208.213.213 0 01-.215-.208v-.783h-1.531v.783c0 .116-.1.208-.215.208a.21.21 0 01-.215-.208V41.64a.21.21 0 01.215-.208c.123 0 .215.093.215.208v1.109h1.531v-1.11c0-.114.1-.207.215-.207zm-2.598.035c.104 0 .188.088.188.192a.188.188 0 01-.188.188h-.714v2.065c0 .115-.1.208-.215.208a.21.21 0 01-.215-.208v-2.065h-.718a.188.188 0 01-.184-.188c0-.104.085-.192.184-.192h1.862zm27.263-.004c.25 0 .472.039.649.161.187.135.303.369.303.66 0 .27-.104.48-.296.634a.756.756 0 01-.263.142c.063.055.116.103.148.136.193.193.393.41.411.682 0 .01.002.018.003.027v.011c0 .108-.088.2-.203.2-.119-.006-.207-.102-.207-.2 0-.201-.273-.455-.543-.67a9.134 9.134 0 00-.17-.132h-.53v.794c0 .116-.1.208-.216.208a.213.213 0 01-.215-.208v-2.234c0-.04.014-.076.034-.108a.211.211 0 01.181-.103zm-5.348 0c.25 0 .472.039.649.161.188.135.303.369.303.66 0 .27-.104.48-.295.634a.758.758 0 01-.264.142c.063.055.116.103.148.136.193.193.394.41.411.682 0 .01.003.018.003.027v.011a.2.2 0 01-.203.2c-.118-.006-.207-.102-.207-.2 0-.201-.273-.455-.543-.67a9.892 9.892 0 00-.17-.132h-.53v.794c0 .116-.1.208-.216.208a.214.214 0 01-.215-.208v-2.234c0-.04.015-.076.034-.108a.211.211 0 01.181-.103zm-10.032-.034a.21.21 0 01.215.207v1.409c0 .3-.08.553-.242.733-.192.219-.495.338-.88.338-.379 0-.682-.12-.874-.338-.161-.18-.242-.434-.242-.733v-1.409a.21.21 0 01.215-.207.21.21 0 01.215.207v1.347c0 .223.054.4.161.522.123.142.303.208.526.208.226 0 .407-.066.53-.208.107-.122.16-.3.16-.522v-1.347a.21.21 0 01.216-.207zm24.628 0c.115 0 .203.088.203.195v2.292c0 .108-.088.2-.203.2a.21.21 0 01-.208-.2c0-.276-.514-.653-.829-.89a7.302 7.302 0 01-.533-.434 2.486 2.486 0 01-.265-.269v1.593c0 .108-.089.2-.204.2a.205.205 0 01-.207-.2v-2.292c0-.107.092-.195.207-.195a.2.2 0 01.204.195c0 .258.395.569.825.895.18.138.361.288.537.441.104.089.193.18.265.269v-1.605c0-.107.092-.195.208-.195zm-21.698 0c.115 0 .203.088.203.195v2.292c0 .108-.088.2-.203.2a.21.21 0 01-.208-.2c0-.276-.514-.653-.829-.89a7.302 7.302 0 01-.533-.434 2.466 2.466 0 01-.265-.269v1.593c0 .108-.088.2-.203.2a.205.205 0 01-.208-.2v-2.292c0-.107.092-.195.208-.195a.2.2 0 01.203.195c0 .258.395.569.825.895.18.138.361.288.538.441.103.089.192.18.264.269v-1.605c0-.107.093-.195.208-.195zm9.735 0c.273 0 .473.046.65.11.126.047.218.12.218.231a.2.2 0 01-.207.2c-.088 0-.146-.054-.315-.108a1.261 1.261 0 00-.35-.046c-.537 0-.97.4-.97.952 0 .576.407.964.967.964.2 0 .376-.05.518-.142a.646.646 0 00.292-.453h-.687a.191.191 0 01-.184-.192.19.19 0 01.184-.192h.956c.103 0 .191.065.191.203a1.1 1.1 0 01-.38.853c-.222.192-.533.307-.905.307-.791 0-1.402-.476-1.402-1.348 0-.787.63-1.34 1.424-1.34zm5.302 0c.748 0 1.381.568 1.381 1.347 0 .78-.633 1.34-1.381 1.34-.753 0-1.382-.565-1.382-1.34 0-.78.63-1.347 1.382-1.347zm3.73 0a.21.21 0 01.216.207v1.409c0 .3-.08.553-.242.733-.192.219-.495.338-.88.338-.38 0-.683-.12-.874-.338-.162-.18-.242-.434-.242-.733v-1.409a.21.21 0 01.215-.207.21.21 0 01.215.207v1.347c0 .223.054.4.16.522.124.142.304.208.527.208.226 0 .407-.066.53-.208.107-.122.16-.3.16-.522v-1.347a.21.21 0 01.216-.207zm-37.978.038c.104 0 .184.088.184.192 0 .104-.08.188-.184.188H4.536v.906h1.248c.104 0 .184.084.184.188 0 .108-.08.192-.184.192H4.536v.568h1.486c.104 0 .184.089.184.188 0 .108-.08.192-.184.192h-1.7a.21.21 0 01-.216-.207v-2.2a.21.21 0 01.215-.207h1.7zm9.63 0c.104 0 .185.088.185.192 0 .104-.08.188-.184.188h-1.486v.906h1.248c.103 0 .184.084.184.188 0 .108-.08.192-.184.192h-1.248v.568h1.486c.103 0 .184.089.184.188 0 .108-.08.192-.184.192h-1.7a.21.21 0 01-.216-.207v-2.2a.21.21 0 01.215-.207h1.7zm11.272-.004c.419 0 .795.092 1.083.407.192.204.31.5.31.899 0 .468-.172.794-.43 1.005-.295.242-.663.303-1.017.303h-.737a.21.21 0 01-.214-.207v-2.2a.21.21 0 01.214-.207h.791zm3.63 0c.103 0 .184.088.184.192 0 .104-.08.188-.184.188h-1.486v.906h1.248c.103 0 .184.085.184.188 0 .108-.08.192-.184.192h-1.248v.568h1.486c.103 0 .184.089.184.189 0 .107-.08.191-.184.191h-1.7a.21.21 0 01-.216-.207v-2.2a.21.21 0 01.215-.207h1.7zm18.053 0c.418 0 .794.092 1.082.407.192.204.311.5.311.899 0 .468-.173.794-.43 1.005-.295.242-.664.303-1.017.303h-.737a.21.21 0 01-.215-.207v-2.2a.21.21 0 01.215-.207h.79zm-21.748.361h-.51v1.893h.487c.296 0 .549-.066.737-.223.196-.161.307-.395.307-.725 0-.292-.084-.503-.222-.657-.181-.2-.461-.288-.799-.288zm21.651 0H48v1.893h.487c.296 0 .55-.066.737-.223.196-.161.307-.395.307-.725 0-.292-.084-.503-.222-.657-.18-.2-.461-.288-.799-.288zm-8.24.008a.926.926 0 00-.93.944c0 .526.404.94.93.94.53 0 .924-.414.924-.94s-.395-.944-.924-.944zm-32.723.146l-.441 1.17h.879l-.438-1.17zm9.814-.146h-.657v.921h.653l.071-.002a.636.636 0 00.301-.075c.111-.069.192-.192.192-.38 0-.192-.073-.31-.184-.384-.104-.065-.23-.08-.376-.08zm14.932-.004h-.657v.921h.653l.071-.002a.637.637 0 00.301-.075c.112-.069.192-.192.192-.38 0-.192-.073-.31-.184-.383-.104-.066-.23-.081-.376-.081zm5.348 0h-.657v.921h.653l.071-.002a.637.637 0 00.301-.075c.111-.069.192-.192.192-.38 0-.192-.073-.31-.184-.383-.104-.066-.23-.081-.376-.081z" fill="#1C1F22"></path></g></svg></div></div><ul class="LinkList--LinkList--2qcvb Footer--linklist--1oQyV Footer--corporateLinks--9iyOo LinkList--inline-no-border--3rBYV" locale="en-US"><li><a class="LinkList--Link--3c6QD Footer--link--1Fxpr" target="_blank" rel="noopener nofollow" data-testid="Feedback" href="//support.weather.com/s/?language=en_US&amp;type=TWC" aria-label="Feedback, opens in new window">Feedback</a></li><li><a class="LinkList--Link--3c6QD Footer--link--1Fxpr" target="_blank" rel="noopener nofollow" data-testid="Careers" href="https://krb-sjobs.brassring.com/TGnewUI/Search/Home/HomeWithPreLoad?partnerid=26059&amp;siteid=5016&amp;PageType=searchResults&amp;SearchType=linkquery&amp;LinkID=363#keyWordSearch=&amp;locationSearch=" aria-label="Careers, opens in new window">Careers</a></li><li><a class="LinkList--Link--3c6QD Footer--link--1Fxpr" target="_blank" rel="noopener nofollow" data-testid="Press Room" href="https://newsroom.ibm.com/the-weather-company" aria-label="Press Room, opens in new window">Press Room</a></li><li><a class="LinkList--Link--3c6QD Footer--link--1Fxpr" target="_blank" rel="noopener nofollow" data-testid="Advertise With Us" href="https://www.ibm.com/watson-advertising" aria-label="Advertise With Us, opens in new window">Advertise With Us</a></li><li><a class="LinkList--Link--3c6QD Footer--link--1Fxpr" target="_blank" rel="nofollow" data-testid="TV" href="https://weloveweather.tv/twc/" aria-label="TV, opens in new window">TV</a></li></ul><ul class="LinkList--LinkList--2qcvb Footer--linklist--1oQyV Footer--legalLinks--2UpxR LinkList--inline--ctyWE" locale="en-US"><li><a class="LinkList--Link--3c6QD Footer--link--1Fxpr" target="_self" rel="nofollow" data-testid="Terms of Use" href="/legal" aria-label="Terms of Use">Terms of Use</a></li><li><a class="LinkList--Link--3c6QD Footer--link--1Fxpr" target="_self" rel="nofollow" data-testid="Privacy Policy" href="/en-US/twc/privacy-policy" aria-label="Privacy Policy">Privacy Policy</a></li><li><a class="LinkList--Link--3c6QD Footer--link--1Fxpr" target="_self" rel="nofollow" data-testid="Ad Choices" href="/services/ad-choices" aria-label="Ad Choices"><span class="LinkList--inlineIconContainer--1__vR"><span>Ad Choices</span><span class="LinkList--inlineIcon--htdap" style="width:24px"><svg set="footer" name="adChoices" data-testid="Icon" aria-hidden="true" role="img" class="Icon--icon--3wCKh" viewBox="0 0 18 18"><title>Ad Choices</title><path d="M3.48 1.5c.75 0 1.275.375 1.8.675.45.225.9.525 1.424.75C9.104 4.2 11.503 5.55 13.902 6.9c.75.375 1.725.75 2.25 1.425.15.225.374.525.3.9-.226.825-1.275 1.125-1.95 1.5-1.65.9-3.374 1.875-5.024 2.775-.6.375-1.5 1.05-2.249.525-.3-.15-.45-.3-.525-.525-.075-.3 0-.675 0-.975v-2.4c0-.675-.075-1.2.375-1.5.15-.075.45-.15.675-.075.75.3.525 1.65.525 2.7v.825c1.274-.675 2.549-1.35 3.824-1.95.45-.225 1.2-.45 1.35-1.05.15-.675-1.275-1.2-1.725-1.425L6.554 4.725c-.375-.225-1.35-.975-1.949-.75-.225.075-.375.3-.375.45-.075.3-.075.75-.075 1.125V12c0 .6-.075 1.35.15 1.725.525.75 1.725-.6 2.1.6.074.3-.076.6-.226.75-.3.45-1.649 1.125-2.174 1.275-.15.075-.525.15-.75.15-1.274-.225-.974-2.25-.974-3.75V5.325c0-1.125-.15-2.625.3-3.3.225-.375.45-.375.9-.525zm3.9 4.875c1.124 0 1.199 1.425.15 1.65-.6.075-1.05-.525-.9-1.05.15-.375.374-.45.75-.6z" fill="#00AECD" fill-rule="nonzero"></path></svg></span></span></a></li><li><a class="LinkList--Link--3c6QD Footer--link--1Fxpr" target="_self" rel="nofollow" data-testid="Accessibility Statement" href="/accessibility-statement" aria-label="Accessibility Statement">Accessibility Statement</a></li><li><a class="LinkList--Link--3c6QD Footer--link--1Fxpr" target="_self" rel="nofollow" data-testid="Data Vendors" href="/data-vendors" aria-label="Data Vendors">Data Vendors</a></li></ul><div class="Footer--externalAttribution--1iRqW"><a class="Footer--georgiaLogo--1iWRu Button--default--3zkvy Button--iconOnly--25rWi" href="http://www.exploregeorgia.org/weather-and-travel-tips" target="_self"><svg class="Footer--georgiaIcon--2T2M6 Icon--icon--3wCKh" set="footer" name="georgia" height="34" data-testid="Icon" aria-hidden="false" aria-label="Georgia Org" role="img" width="100" viewBox="0 0 100 34"><title>Georgia</title><g fill="none" fill-rule="evenodd"><path d="M25.807 3.288l-3.652.002c.053-.123.146-.178.28-.178 1.03.002 2.06.002 3.09 0 .135 0 .229.052.282.176" fill="#95CB64"></path><path d="M75.814 29.297c-.39.252-.827.377-1.278.455-1.152.198-2.298.167-3.43-.14a1.823 1.823 0 01-.49-.238c-.628-.402-.656-1.06-.048-1.48.455-.313.988-.459 1.516-.6.526-.141 1.065-.246 1.578-.424 1.046-.362 1.999-.877 2.638-1.911.137.898.292 1.722.382 2.553.082.755-.219 1.366-.868 1.785m-2.097-8.953c.522-.158 1.06-.263 1.458-.22 1.26.05 1.253-.24 1.16 1.1a5.03 5.03 0 01-.632 2.068c-.49.895-1.273 1.4-2.234 1.56-.868.144-1.753-.391-1.869-1.426-.188-1.696.846-2.696 2.117-3.082m4.501 2.776c.003-1.341-.011-2.683.008-4.024.006-.413-.09-.633-.553-.606-.332.019-.675.009-1.002-.05-1.483-.263-2.908.007-4.28.524-1.114.42-1.975 1.18-2.448 2.315-.668 1.604-.502 3.824 1.429 4.65-.681.343-1.354.446-1.935.79-1.142.677-1.555 1.69-1.137 2.85.304.843.956 1.301 1.764 1.578 1.688.576 3.419.451 5.144.259a4.26 4.26 0 001.388-.41c1.001-.49 1.801-1.16 1.961-2.336.095-.695.065-1.406-.037-2.098-.168-1.143-.304-2.285-.302-3.442M40.614 21.379c.005-.392-.124-.545-.523-.535-.823.02-1.647.006-2.47.006h-1.83c-1.263 0-1.245 0-1.187 1.23.017.376.164.457.496.452 1.037-.013 2.075.003 3.112-.008.307-.004.44.09.43.416-.017.61-.027 1.221.004 1.83.024.475-.197.618-.63.697-1.288.237-2.566.402-3.88.181-3.218-.539-4.296-2.997-3.55-5.597.434-1.518 1.963-2.646 3.9-2.83 1.65-.157 3.281-.002 4.835.629.37.15.575.129.637-.306.016-.116.098-.222.141-.335.315-.815.314-.815-.482-1.094-1.685-.59-3.423-.85-5.198-.705-1.509.124-2.92.6-4.082 1.61-1.536 1.336-2.107 3.07-1.966 5.072.122 1.736.82 3.152 2.283 4.15 1.963 1.338 4.172 1.375 6.406 1.162 1.022-.098 2.022-.374 2.994-.732.39-.143.571-.364.563-.81-.025-1.493-.019-2.988-.003-4.483M92.657 21.196c-.112 1.045-.322 2.3-1.109 3.368-.565.768-1.273 1.304-2.291 1.278-.766-.02-1.275-.359-1.527-1.072-.542-1.54.083-3.838 2.508-4.421.524-.126 1.065-.225 1.624-.193.807.046.808.02.795 1.04m1.863 3.474c-.004-1.77.003-3.538-.002-5.307-.002-.705-.06-.806-.755-.832-1.336-.05-2.674-.139-4.003.148-3.213.692-4.889 3.759-3.904 6.727.33.995 1.003 1.666 1.975 2.002 1.584.547 3.309-.011 4.396-1.363.124-.155.202-.382.458-.391.467 1.947 1.865 2.179 3.602 1.52l-.369-1.466c-1.186.203-1.395.043-1.398-1.038M44.318 22.121c-.357-.037-.431-.23-.264-.577.372-.772 1.028-1.21 1.832-1.36.53-.098 1.093-.043 1.639-.014.27.015.524.153.729.344.305.284.322.544.06.879-.256.326-.607.5-1.003.58a8.957 8.957 0 01-.985.164c-.302.027-.608.006-.913.006v-.014c-.365 0-.733.03-1.095-.008m2.045 1.677c.979-.029 1.933-.195 2.802-.684.732-.412 1.214-.981 1.234-1.882.026-1.214-.535-2.13-1.694-2.524-1.524-.518-3.043-.467-4.515.221-1.042.487-1.773 1.287-2.158 2.364-.354.991-.393 2.005-.15 3.046.372 1.603 1.43 2.521 2.93 2.936 1.404.388 2.826.311 4.222-.139 1.298-.417 1.305-.44.777-1.65-.131-.298-.262-.336-.546-.215-.875.375-1.794.592-2.747.53-1.238-.079-2.552-.51-2.697-1.998.851 0 1.698.02 2.542-.005M56.25 25.803c-1.612.05-2.984-1.264-2.924-2.839.065-1.697 1.168-2.786 2.805-2.839 2.06-.066 2.927 1.364 3.007 2.805.004 1.407-.964 2.814-2.887 2.873m-1.289-7.272c-2.78.655-4.077 3.047-3.362 5.787.52 1.992 2.62 3.274 4.581 3.177.365-.016.736 0 1.093-.06.324-.056.636-.193.95-.301 2.997-1.028 3.84-5.002 1.67-7.26-1.366-1.424-3.084-1.778-4.932-1.343M69.217 20.323c.028-.456.186-.888.203-1.351.016-.446-.18-.516-.542-.478-.844.086-1.57.42-2.211.977-.508.441-.827 1.03-1.31 1.675 0-.726-.023-1.304.007-1.88.022-.423-.095-.604-.555-.586-.823.033-1.648.01-2.472.01-.91-.001-.836-.066-.838.837-.001.898-.052.827.85.827.123 0 .245-.003.367 0 .645.014.657.014.66.651.006 1.74.002 3.48.002 5.22 0 1.479 0 1.464 1.458 1.417.391-.012.536-.123.528-.524-.02-.912-.046-1.83.2-2.723.49-1.772 1.25-3.314 3.285-3.728.191-.04.355-.127.368-.344M84.256 25.801c-.83.045-.909-.077-.917-.953-.01-.944-.002-1.888-.003-2.832 0-1.005-.016-2.01.009-3.014.01-.407-.135-.528-.527-.515-.73.025-1.461.007-2.192.007-1.19 0-1.327.17-1.138 1.354.036.226.138.315.35.314.366 0 .732.011 1.097 0 .336-.01.52.126.52.474l.001.64.008 4.567c.002.702.28 1.252.95 1.517.565.224 1.154.345 1.776.22 1.056-.212 1.06-.202.755-1.25-.098-.339-.23-.553-.69-.529" fill="#8A7A67"></path><path d="M97.655 20.88c-1.04-.009-1.863-.815-1.87-1.835-.008-1.1.788-1.822 1.915-1.878.869-.043 1.897.758 1.777 1.867-.01 1.096-.758 1.853-1.822 1.845m.006-4.21c-1.099-.055-2.397 1.04-2.3 2.426.087 1.249 1.053 2.287 2.263 2.28 1.297-.006 2.367-1.089 2.367-2.395a2.325 2.325 0 00-2.33-2.31" fill="#8D7D6B"></path><path d="M82.392 16.98c.677.003 1.276-.592 1.29-1.282.013-.723-.5-1.227-1.272-1.247-.802-.022-1.288.416-1.308 1.177a1.3 1.3 0 001.29 1.352" fill="#8A7B68"></path><path d="M97.804 18.877c-.197.002-.448.09-.523-.202-.053-.208.032-.36.265-.368.23-.008.488-.051.588.18.026.314-.13.388-.33.39m-.22-1.087c-.682-.038-.73-.002-.742.658-.008.423-.002.846 0 1.27.002.15.004.329.19.353.205.026.192-.162.239-.302.161-.48.302-.51.62-.095.187.243.309.533.736.394-.059-.306-.281-.472-.343-.692-.073-.258.276-.344.358-.57.099-.27.017-.475-.16-.66-.242-.253-.557-.337-.898-.356" fill="#90816F"></path><path d="M25.102 18.812c.055 4.31-.978 6.891-2.94 9.093-2.297 2.578-5.176 4.195-8.5 5.102-1.727.472-3.033-.042-4.144-1.34-1.422-1.664-2.046-3.663-2.346-5.766-.545-3.823-.085-7.538 1.417-11.108.212-.504.463-.995.74-1.467 2.201-3.756 6.18-4.936 9.975-2.801 3.708 2.084 5.628 5.355 5.798 8.287" fill="#F48221"></path><path d="M28.15 3.475c3.463.816 6.959 1.456 10.471 2.013 2.27.36 4.555.6 7.001.81-.567.572-1.176.755-1.742.985-3.069 1.25-6.296 1.854-9.569 2.201-3.18.337-6.37.486-9.57.211-2.065-.176-4.118-.403-6.096-1.054-.654-.215-1.349-.381-1.815-.963a.624.624 0 01.014-.169c3.956-.434 7.645-1.622 10.948-3.893l.359-.14" fill="#D4E04F"></path><path d="M.174 21.081c-.069-1.716.36-3.23 1.094-4.658 1.356-2.637 3.504-4.495 5.991-6.009.232-.141.523-.333.756-.123.25.226.033.515-.099.742-.214.368-.457.72-.694 1.074-1.909 2.856-3.305 5.903-3.385 9.411-.076 3.347 1.136 6.185 3.48 8.559.22.222.694.425.465.778-.182.28-.63.1-.94-.007-3.353-1.14-5.205-3.665-6.274-6.88C.25 23.01.098 22.01.174 21.08" fill="#EC077E"></path><path d="M16.844 7.51a.624.624 0 00-.014.168c-.396-.002-.792.005-1.188-.01-.764-.03-1.487-.209-1.843-.961-.374-.792-.045-1.495.479-2.1.954-1.101 2.218-1.693 3.596-2.054 3.012-.788 6.106-1.125 9.167-1.645C28.38.68 29.719.425 31.2.156c-.797 1.418-1.995 2.305-3.05 3.32l-.358.14c-2.514-.477-5.031-.522-7.546-.02-1.296.258-2.526.684-3.464 1.677-.738.782-.7 1.677.06 2.236" fill="#8EC643"></path><path d="M16.844 7.51c-.76-.56-.799-1.455-.06-2.237.937-.993 2.167-1.42 3.463-1.678 2.515-.501 5.032-.456 7.546.021-3.304 2.27-6.993 3.459-10.95 3.893" fill="#48AA42"></path></g></svg></a><a class="Button--default--3zkvy Button--iconOnly--25rWi" href="https://www.essentialaccessibility.com/the-weather-channel?utm_source=theweatherchannelhomepage&amp;utm_medium=iconlarge&amp;utm_term=eachannelpage&amp;utm_content=header&amp;utm_campaign=theweatherchannel" target="_self"><svg class="Footer--essentialIcon--1hN7e Icon--icon--3wCKh" set="footer" name="eSSENTIAL" height="23" data-testid="Icon" aria-hidden="false" aria-label="Link to eSSENTIAL Accessibility assistive technology" role="img" width="60" viewBox="0 0 60 23"><title>eSSENTIAL Accessibility</title><g fill="none" fill-rule="evenodd"><path d="M18.707.16c6.228 0 11.276 5.113 11.276 11.42 0 6.307-5.048 11.42-11.276 11.42h-7.43C5.048 23 0 17.887 0 11.58 0 5.273 5.049.16 11.276.16h7.431zm29.983 0c6.228 0 11.277 5.113 11.277 11.42 0 6.307-5.05 11.42-11.277 11.42h-7.43c-6.228 0-11.277-5.113-11.277-11.42C29.983 5.273 35.032.16 41.26.16h7.43z" fill="#BAD5E0"></path><path d="M37.733 11.58c0 4.23-3.385 7.658-7.561 7.658-4.177 0-7.562-3.428-7.562-7.658s3.385-7.658 7.562-7.658c4.176 0 7.561 3.429 7.561 7.658" fill="#FFFFFE"></path><path d="M57.982 21.364v.258h-.446v1.266h-.304v-1.266h-.446v-.258h1.196zm.646 0l.273 1.04.27-1.04h.456v1.524h-.282v-1.2l-.299 1.2h-.293l-.297-1.2v1.2h-.282v-1.524h.454zM10.423 9.35l.1.007c.363.054.61.404.559.78a.682.682 0 01-.407.54l-.022.016c-.907.505-1.58 1.44-1.739 2.586a3.652 3.652 0 00.117 1.53c.13.452.35.847.616 1.192.014.017.026.035.04.051.041.051.083.098.126.147.046.05.094.1.143.148l.036.036c.472.441 1.15.787 1.824.89h.007c.444.058.91.026 1.368-.118 1.057-.329 1.844-1.162 2.191-2.173l.011-.025a.674.674 0 01.45-.498c.35-.109.716.099.818.465a.712.712 0 01-.003.405c-.458 1.483-1.587 2.719-3.128 3.2-2.44.757-5.003-.667-5.784-3.19a5.147 5.147 0 01-.176-2.216c.232-1.666 1.237-3.015 2.58-3.703a.592.592 0 01.374-.063zm40.186 5.234c.068 0 .123.056.123.125v3.75c0 .07-.055.126-.123.126H40.464a.125.125 0 01-.125-.125v-3.75c0-.07.057-.126.125-.126h10.145zm-4.576 2.15h-1a.109.109 0 00-.11.11v1.014c0 .06.049.108.11.108h1c.061 0 .11-.047.11-.108v-1.014a.11.11 0 00-.11-.11zm3.796 0h-1.002a.109.109 0 00-.108.11v1.014c0 .06.049.108.108.108h1.002c.06 0 .107-.047.107-.108v-1.014c0-.06-.048-.11-.107-.11zm-5.692 0h-1.002a.107.107 0 00-.107.11v1.014c0 .06.047.108.107.108h1.002c.06 0 .109-.047.109-.108v-1.014c0-.06-.049-.11-.11-.11zm3.794 0H46.93a.108.108 0 00-.108.11v1.014c0 .06.049.108.108.108h1.001c.06 0 .108-.047.108-.108v-1.014c0-.06-.048-.11-.108-.11zm-5.692 0h-1a.107.107 0 00-.108.11v1.014c0 .06.046.108.108.108h1c.06 0 .11-.047.11-.108v-1.014a.11.11 0 00-.11-.11zM12.815 7.357c.453 0 .82.366.82.818v1.524h2.526c.363 0 .657.328.657.733 0 .407-.294.735-.657.735h-2.527v1.172h3.645c.379.023.517.252.591.363l1.94 2.961.765-.434a.512.512 0 11.506.89l-1.318.747c-.01.005-.023.005-.033.01l-.036.012a.487.487 0 01-.203.035h-.016c-.04-.005-.078-.005-.116-.017a.617.617 0 01-.376-.261l-1.84-2.811h-4.23c-.062 0-.107.001-.168-.005a.848.848 0 01-.749-.831V8.174c0-.452.368-.818.82-.818zm36.119 7.78h-1.001a.107.107 0 00-.107.11v1.014c0 .06.046.11.107.11h1c.06 0 .108-.05.108-.11v-1.014c0-.06-.048-.11-.107-.11zm-1.898 0h-1a.107.107 0 00-.108.11v1.014c0 .06.047.11.107.11h1.001c.06 0 .108-.05.108-.11v-1.014c0-.06-.047-.11-.108-.11zm-3.795 0h-1a.109.109 0 00-.109.11v1.014c0 .06.048.11.11.11h.999a.11.11 0 00.11-.11v-1.014a.11.11 0 00-.11-.11zm1.9 0h-1.003a.11.11 0 00-.11.11v1.014c0 .06.05.11.11.11h1.002a.11.11 0 00.107-.11v-1.014c0-.06-.049-.11-.107-.11zm-11.119-4.593c.001 1.297-.13 2.114-1.34 2.78l-5.464 2.879c0-1.126.196-2.155 1.058-2.628l3.785-1.994-.004-.002 1.965-1.035zm16.371-5.968c.05 0 .091.049.091.11v9.262c0 .06-.04.11-.091.11h-9.715c-.05 0-.092-.05-.092-.11V4.685c0-.061.042-.11.092-.11zm-1.251 1.4h-7.156c-.046 0-.083.041-.083.09v6.239c0 .049.037.09.083.09h7.156c.046 0 .081-.041.081-.09V6.065c0-.049-.035-.09-.081-.09zm-21.924.983l6.018 3.17-1.965 1.036-3.024-1.593c-.884-.466-1.03-1.308-1.03-2.613zm-14.403-2.53c.64 0 1.162.519 1.162 1.16a1.162 1.162 0 11-1.162-1.16z" fill="#1A334D"></path></g></svg></a></div><p class="Footer--privacyLinksParagraph--1qtvH">We recognize our responsibility to use data and technology for good. Take control of your data.</p><ul class="LinkList--LinkList--2qcvb Footer--linklist--1oQyV Footer--privacyLinks--2uIcT LinkList--inline--ctyWE" locale="en-US"><li><a class="LinkList--Link--3c6QD Footer--link--1Fxpr" target="_self" rel="noopener noreferrer nofollow" data-testid="Data Rights" href="/data-rights" aria-label="Data Rights">Data Rights</a></li></ul><div class="Footer--attribution--t2lCS"><p data-testid="Copyright" class="TwcCopyright--copyright--3c6z9"><span>© Copyright TWC Product and Technology LLC 2014, 2021</span></p><a class="Footer--ibmLink--3l-1p Button--default--3zkvy" href="https://www.ibm.com/cloud/" target="_self"><span data-testid="poweredBy" class="Footer--poweredBy--Zzdv2">Powered by the</span><svg class="Footer--ibmCloudIcon--KaA3A Icon--icon--3wCKh" set="footer" name="ibm-cloud" height="51" data-testid="Icon" aria-hidden="false" aria-label="IBM Cloud" role="img" width="143" viewBox="0 0 143 51"><title>IBM Cloud</title><g fill="none" fill-rule="evenodd"><text font-family="IBMPlexMono, IBM Plex Mono" font-size="14" letter-spacing="-.28" fill="#2B2B2B"><tspan x="70" y="32.434">IBM </tspan><tspan x="101.822" y="32" font-family="IBMPlexMono-Bold, IBM Plex Mono" font-weight="bold">Cloud</tspan></text><image width="58" height="52.051" xlink:href="data:image/png;base64,iVBORw0KGgoAAAANSUhEUgAAAE4AAABGCAYAAABi+aJwAAAABGdBTUEAALGN5fIAKQAAADhlWElmTU0AKgAAAAgAAYdpAAQAAAABAAAAGgAAAAAAAqACAAQAAAABAAAATqADAAQAAAABAAAARgAAAACr/W28AAAW20lEQVR4Ae1cCXBcxZnu4705dFmSdVlYtrDkCyEfyCYrH0SywcZcWdjIRSqwHEmgarMJSaWWZCvZipIKWXLsZlO1QEiIISmSzcpLskmIscHGMgbZEIQUGZvYliXZuiXrnNFc73X3fj3SiJF1j2VwnG175r3p193v7+/9d/cTJZdhKa5qdsfFeXM0aT5fQvORDTn+y41M43IjCPRQbgx+VFD3ZxkjBOdPoG4fPupyohWkXV6lrKKCcamWKNsuEpZdpM913eVFJSGXHUGkrIwIoQxiE04sfPQ56i63cvkBtxuySpiSihKJM8nYZSWikQc4Z8AVV1S5iyua3ZGBYz6CuYQY6a0hkzGPNKZjWXOzu7iq6uLpGxl1ToBb99umtXbK4m+qFP7Y+t+dWT+G4tn+AMdpDSIBmAJwoyDOdpyo9ltratYPeLyPxaemfvPG2tq1UZdiPp0T4CRVq5Ul7oJuug8S9vH1f2jMipmiSEeApsLcBhLDYEYuzO5Y8tZx0EI/LhW5jwh5p1Rq9exGmLj1nABHFT0L4lrgMKQqxm9Wgm6EJeQT33L6Ws1tRGnS6PSNp2ihaTAMeyNRoEnTJkgrpZrWiy9zApyQqkbaah80ejdlxnLYwlvPGkV5sZLHJKVK4SMZJTaNGb32xcvyBHXcqrixHKB1SyH2CaVqYqUrut+cAFd759X9MIT7pJRHiKCmknSLbbDSkoONruibzeR8dxmRSqjzsKy9jLJeRdR5XTeTvtFtSg4edBnMLFVCblGKmcqWRyyp9lWuXdsf3S7W8zmLHHq75fHUFLJHcVpImbkI7HKLtz+kn+5bsyIOjGa81nQQourTsYJhuN8kqJvVGGgsnBmrGOO3MEoXArSz4LY9hi/x+GzHmaz9nHCcHrzpgasDVPH90E+vSiEFuGYjvIrtm148mzLZzSerP7x5cUdjR8s+/dHnk7WbrP7Ww3W4p9pObLVR8y/OX7Vtur+y9OrAZH1mWz9nHKdvXP2nnMbC1WdfMLlZgCDzbzgld/hCUnPdi7MiDBzWQkjMgf0ANzdyZtxBOJsviTxKLPpC1SsrG2dFwzSN54zjwvcpp9JhJVVJy94LtdKnuCudUJkGhyxmBT8N/eMvh60KSZOGkQ4L3yeCob1e06gioG1849hr5hY40FG9M3XQZvR5ZdlfFUJ+G9RWzl5HKVoOjR4T4OBWK0QqmU2+rWzxVXDc89Xr8gZjh2jinpeGEzDpoheJi7S1kyUprwd379wZCaLGUFGmFG/a05Ru22qZYfLlVNj54M0Mymi8ZMpElGoTRX2MSR8c105OaYPk6pTbkPWVJct68UAm5CLtvzUs2eTUN6suWhCYrN0YYmb549IANxURmNQGvmmhZYjNgootcJ7XUJNnMkbdkjATDAPHGQ6cFm98Uw5XBA4ioXCrFQkpYfkoUc1waGugQytpvLPqjf27Okh5+YQgTkXKxVz7wIArqDjucJKUQmXafwcAtiuD52qwEB04wmDB11XShmTZIQQM4BIkleCPoNqAL+yATnFRDhjRjAgbLrLUxmMQ3HkalvMPVNBfV+3Ib5i9WogNvg8COFpQcXalwYx7KWN3AIkczD0OoQ84SwSUFOdQX6ukPIYpnGEs1AGeG4RFBHCAlQpDBnkCc4hMTo0lSslCSkQhYWwxAI8DP1qM026ixLuA+X+RwNvzxrYVbbHBMfNe7wNXofiKvr5rCBWLDSXfe/ehjIt+emuebUwmcebHJDM/jczaGsaZWxHJwVotQOQAUm0v2ZTUBoa8PenxKtia1G7lkhK78sndihSUDTu9x3fTkn9Ipy3+hXyhe57ZHQw6kkgwVShSiKjiRgRkG/GB9VYhyHYPOLEaRqWCJMRVXfRaBdTFlup3l2D8lVZQnc0sLjyxG08y/EAjGK98qvda6XA9qqi6mcpgvZDyeVOp37z3cHp7pM1sjtc+dy6PuMyHwVh3g8uywBFaf53D8TeMmhUB3nvSdq3w1r8FkZytq1BezvKv/6SZ4DbcrqB/iZTmTRD7mxRTCyDIPoDXAO77vR2Ue6tvX35+NnRH2m5/+8SCgE3uxAO+h7nMfNTvVaGh71auX/2ubjPKcfn/2VPATPPrlBGdp7YVFQPQRVVKiWdT4uiBN++ZP2OTXviLtiKETF9SjN0KvZSAu3iVsPdSFvrJQM9A9ZKVhZ7KUmprAi62lEFS6pxvxCW7spZBBdwOA1NMYZGplO3coAehNF86snV560zvs+Po6SSPZW1lDvYAwNkAlTAP6UEDFn43CVjfOLipIBy2jQJHnlZmvugsItz1KQTXd0AxZyBwDwG8DkGslw3BdvHUjurjOwtCUxGx4medxZyRr0BH3QTL6IbyrpfSfsYMkf+24nvbpus/1dhTXSs5qIwBf0cKZ94NBmHblVKZELEuaapqYosDb21fMWXkUAbj1ZrBiqhBH2TM2IYMTxYehAO2vQuq5XfSCvw04LKqq9etG9a9Y4gpV0ZeZmcq467NiDkf5JzdAGTj4R74wYlnoMiRUrSeP/mZrAmJKPhZ+/WKGv+MJ3Qz9IwLfd+mhvx+QHheqq/P985aJMcQN4Mf0Eklz1U6B7NzCgxFtkI1LAen+BVXrwYM89XaUmRxJig3HPrz1RZl9yB5VwZVlQe63eg7BMBeg8u0i4jQYUdoVW+0lLzPcVED5pY3uhwZKdmSyx3guAeRY1sFzgED2f3KDv1QWYM/rP/80jGiu/KZjmuRyvgyFPbH4fK74EK8RlTwu3511YGmB+icBddRZE56WvT026a5JClfCWMLuCYB/ks9ownHk8VQ40u3LA1Gd9yx52jSoCv5EcL5I9QwkyW0FDLFdcxQACz4Uovd09ZUWjqO/gmD/KZyZBGUasz8fudz7jjnG4a0d1LO7qaEJgKQ0Lyr88fop4Jnu7Jsxe4FyLdDJ7hgDo8waX0/mHnV/qZb6BhCo4m+VOfVD6+zkI873RfIHnRzV67hoMxGXsm0hAP31Kpm2GLjpCtjkW16BkMcrIbc3TmEab+Cq1Qx6A+crtu2yjeZXzghx42ZEJRvakdvfIrbtZTaMpHbgVMn/zGtPTJgQflxh7Ug7X5qGF+hnOdCrE8oaT0epBn/80Fz2hi69Q+EfgWVJ+LSieHq7rYDx8uuGYrQPdoW4r3xdycX0FTnMviVHstUp988VzNEJgkTI/2mBy7SEgAW7a9m1dlFIlpX5T3VudFwmP+imHEjkVYPU+o/XB7+VO0XUybUJ5HhLsVRG4gh34k0IhJzqLJzBZVZjBvzqLSToOwtsFkf3KNWysSpoI+fqb0zdwCOhUK4xopuu41XNxRJsnPYT5uOvpkDN8FIhU/2pwSo/BL03+dgfeLB7b+QBv9Ww/1J9eOe7AT956QKHLPhN53pFvFfh2C1GEHttYyrq3D/JOhbhHSIUhiBsGpAYPIgkPAroZ9VM7T22wD1VV9i3B+PbV7cNxt6JtRxMx3AL8T1CNC3EsNMRIxZS4X120Wtf2psoKWjOmSmY8XSbnVF81X8hXOlQUY3wuFdAn9xPj4JSAC4YREZAJLQyzr4l8gTwDsh2mi58CsNtm4RdNl6yhyfjPPZb6/fV/8rQzlfOXJzTu9MaImZ43J/0JjMzWRwG/kCuA1hlHqCDIW+d+afsrpmcuOLafORPT1JVsC/Djm/UuRR1sDvTAU+mIvyw4qew9aJ04hZmxDcdTmkEbCYoAaTplQ8gxlkOehdjdi4EAZvIbgO6Sf4q5ScxxwOEC5+4jbajlaWlo4xgBfSGzPHKZl0DaXG9YQa8bjvO8j6vFY/lBlTeHMhUVP9XvXzjoygx78D+blthPF4ihPwVgMV6iiST0cSHO6WHs79C3q9VmVhjyAeT5j7i04l0oEtRSzzxEmHL8hdLIVlcZsVwzn/W+wcKCZMZkO8yyDVK4OhRT8qqjjzQvXOPOjAiUtsHAdDkdfR92lCza/haWVBdTyD2Pex+s/Pb5n4NnNTW1wxkOqTQyVYC7oBGZXFWEnTqaUDRhw5ZA+Y7XUN7wVJ+dScEqEknOx0b3JK1p9OiXMLYt0Hkbr6SDhxRWgzRP3HEKNdVdvzJ5SgmIDL+U53tuF0fRX65CF8wOLWtxr7Up6GtZ2SvSNEx3IsfqY51e8kqyBmhViCXCAV83CDHPYQ/7GGE0s80ZZ+VuPDuBTvbnGF3IGVeBifgUu1E2KbDGPbDg/hR0Ehnq65ZWn3hWPOXFTBZSVDxGzxIL9BPHlI1C6Hs4sMlH0W1uvMpQQN4hkfcDhzhBhC+oh7pU2PckWO/enUa62kfOeUsfOFEx73G0ruCFbU4DDXDQ3kfBvaug2G5iHknrOlsj7jYMyz8bev73rjY5s80X2nXawpQvCf+4Q3a1lnaOm57mBOIvEmwbteAuWag9gVD0adYdxsiB50Ls915tiUNEvYQ2nKNvw8xE5x5T1a15B59qJBiyJUG4M/1ua12nHOHyGT8xRUZwd804WS8Pttlr2dXLAXZkrgsssH03r7vMW219rgH7IWC3iWgRA0itSiAtMvpBfYnTaHgjHl7KLonvgUYuSyU5ICtpwv9dqN0+j0BcXJunvzumMWzYnvNFyLvGDN5qzz3C9+zqX8Lz0/SFUBcbC718evKYzuOglw4NPvDC43nI67oEs2c+nIMmHOedBGVGd5YfkNeEcG5tWHFfuWk4+meaMHnavzkkokp/oMw0BIYoVYn7RUy6n2BXp169L5iRj7zWP5beC455XgLytsqRWSfJQQ8+Zt+zqQKRou44FDamnxtzzF3Ob3IS6+HnmtJGym6VUh81hKc1ITT4YBl8QJUYXhUeeRau+5VBNpOVbPA9QR9JvOrjjqOvvema6eS8JpETQiR3CebOk5biNbjSf0ZzjJ8+H6bO0JDa2NNBkH3ALiWyMkfwC4lMCzjhdYf4ALfqhxmaul+sfUon2mCwo6DtwGB4rAyzYm9XUiN4ntqOi8DfmSJgRCrqz5/TVWQj8pnzqJGtt9Ju6lMyzOkPUasWUlGMjCbpi1cK436HcwdI8xwEGnrcCbBZ+Qkl4HPYYwjtYhx7b/rBXXGQl+LWQqmUS+DaKKxWK4VFg0vkQl8UWiTH9mqO4ICZKHaTjzeoluNeGwO+6CyAr1OpYBzlDuSCHMdV2wQ+TqxqPApT3anYidHzsQdtyGeC4FcniEmPSFVr+7LVo8TKQdMBi2YFEP4sAhJC0vEXBUHfw6Ebc/RJCNwedDKOXgHbgltdDjdVBNSCaTFdRkyzUpo36caSasxZLbjWDHdEBRI7nxcnvoSAM88TEr5LZXhGg8luGU6sHGZj9U95jrczk/qAptBPTnQyt2vOsc91snQIUXjvFCMFTejj2nnWGOS/mymqcoKwVLwhgwP5TXfrffeWSi8MVOTQwgZMZOSdKHR4AdCeGs6oc2sUt947ptmT5iWU3AphNznodtuzld7vjEMHDcsJbCeq7DJxXSe5oQ55sNj2M1fYLSOUSCXMkeGJBOyI8tFbyFK7mA68H5nYpRrHYZBidGBu/zpzJSjmVcm1yjpLkC3BaCsn9HBoMnJnUxoG+EX3QjLdiGRXm/kNSpo4srGTvBjT4iWD/WiXEwXTZW7lk+IQnYFIR8O8kGcOchx3/uboofF9S+DwzFnkFTby/FcqEaYHgE3n5s6bqCiwpyGECwl075SWISLk3m8yMTIHkWEqROpJ07qM1aye6p8+484OyWnNUjm9BB7BC1/ci4XuEFfi0cjpFJwjFigoTmEcrgo1AkHGgPXI1pU8fnXMRjKLsZu61akfizkWRFqhoJnyu0UCGwvq2z3JrjqK0MYWP5E2vtCm4JEIWLEZIOY/p1UOTdgjK+G+8RdEvbaVuIiwq+ceKK1XPYFpqCdzdSdKwJF8ynZILPINyEUwHvRAMH6LDgMiO+cQ60DITiE5sdhjveIH6rj1yjrevF5cZmdOcPvhGWCNIBXDq4zgZy3TwRrpitTwGkdjMRRjmkMPVq97Sl5QcLA7YhurFfoFeZyUHhBe6w0NN2/AtrUPT7tjjs9rwai/F6iWAQu5+aA/6+QWSHiQd5p0GkdbHnD1EDEWkzmxtVvcdThxJ87gFEkX4zm8gybEucWd+/nFah82QRdtuuxPbkBCzmtTDJGvSOK0adpA+p4nbAFoRxyEJKPHvGnAPrezKO+JGk8uUPEqsihneuLncI4aKtxqLsGm1RETWcVMQ6qWk2+tzEM89PGiBkXbi4ACyzMtNL0jqxH2VGk4Kh0DvtEHWEuU0fR2LMGXW/nBut/em57KBpbILRzJe26IMBqPbZixo0zYgcKNJN5BSmjW0LcO4IuQ5bOK+NdUJXCmjavQooxw3SJjdi7QG48Bpq86rIRqKwMsemgBNwR2qQiwhCZNcgLX5D6udU0mzA04BdMaBh4gW7ulYhRMIObr4Mbkgf3qU7YHD5TgSTMHCefyM9MkReh6iegMgmgftugUhvjjT6azuufLp7Abzce+CibYPHCwNKD+GdsD11f581FMFixH0AryWTwxDVV5gk2ExH1sIlvi/lEbUq0vCv5bjiZ4N445B9GotUeC+DJyBSOCZCwV+ebruqLhqDUb/L86+kV1nk10gVHYK4YqGZ3ArO+1ziZ8MJgOg+V+x5mNP81uchnvjzRCwDGLQAuF0DNn8pOguuARgFTgdcg13kbWmRXeC4WoAWh+ufwF6Kr6V8UY1ZU7wSkVvxtLfQFsZjyP08gvRRhhQUWzvoM/39Pb/s/mzGuOXP8Q7rF5U7WZC7oeu+DICWg/ssGIujSEX9kDnJy+e/S8dsBfhLB7EAuxSCwr4Tr0F9CjnIVdgyZiLh0YrV/CcHQ8Gfdn0hE57Z+DIeON0G4CXZ5C5w26MAbhU4UL+5dx7G4yBeSvuFdJM3Bh6ns9rBOP7WH15N7rPKZXi8+MNXoR14IfhOpMcwRxqP9RaGub6rmP3v/QnJL/TeE2YS2MnxZWLgdDssTGMlcxOWYvCGDNmKGp1zswCgF7LfAACrMeK7ALMdycwh/EZ24MIFLwPpP+yXdDolt4JcOp1OvHNiYl12mBi8Bof/7xf9A04l7JiFVyrDWRrBhBNbsEyuW442hiYePUcfyJU0TYvbwSDCIpswvCE2UvCKOZVcIAFhurGHLx2vHCzFnwtbQ5hDbxpKAyHY5oo7UNmPFZQX8YLwk/VVe6vJ7qk384zeIHKjMccyxd3pJNvJ8U4TIw8AwGu14UAb5FKQGNCciKg33AePC/9GTnHAyNCTSPWN1OGI7LKuh7s3fF1fiZzrqojG1UNhEvALdR0gDJ/ocwSHup0uerFOF7QZWQzD7QAonuxwNY76nsM/8PIm3tiEHGpvE/G4gQscDxtFDaDfYfw9kucsWx1q8yb2XmgIdKsLS7jrhZVjf4OecmI620iOy022YA63Aar1ICod7fAuKb6HoQt3i8wxTDGuhW+AL90uPGldpz9ojQcx3Ed/j0wy3F9fBHhhQFARXTc8DkDRbcLjXHAeGUeDHx5fj6Pb4kv/JT9sPgfnDeJNw1Ng/EPIDO0Vzvja1vNkAIBdKDJoP3HRQ86wgOSHwG02cTlNkuV0kqUgLA9+Xx5S8VivwLURngvTq0dlmmk0wfrKCLeMihjQjkjfKBV6sqNPQWf4dVetd4ZLpK9uA1YOc1h4fPSLlJG2YYxQh9c9YSgZMrayG8tSTXjWDcph1CsVaAV3eclxqJhplgoiQ0cfIyRF1019Dje6bDdhNYeJ4XESI2gTE7nPyJTG9A3HbLMK3KK7R4x3Iioj5zjVP2dRIr1NtxDxjmR7KI7YubnEPlgCNTMs47MY7f+bXjQC/wd1BFan7kXORAAAAABJRU5ErkJggg=="></image></g></svg></a></div></div></div></div></footer></div><svg style="position:absolute;width:0;height:0" viewBox="0 0 200 200"><title>Hidden Weather Icon Masks</title><defs><mask id="mostly-cloudy-mask"><rect width="100%" height="100%" fill="#FFF"></rect><use xlink:href="#svg-symbol-cloud" transform="translate(-8 -10) scale(1.7)" stroke="#000" stroke-width="7"></use></mask><mask id="isolated-thunderstorms-mask" fill="var(--color-thunderstorm-mask)"><g><rect width="100%" height="100%" fill="#FFF"></rect><path stroke="#fff" d="M143 42h52v120h-52z"></path><path stroke="#fff" d="M116 143h40v50h-40z"></path><use xlink:href="#svg-symbol-cloud" transform="matrix(.6 0 0 .6 88 26.5)" stroke="var(--color-thunderstorm-mask)" stroke-width="10"></use></g></mask><mask id="mostly-clear-night-mask"><rect width="100%" height="100%" fill="#FFF"></rect><use xlink:href="#svg-symbol-cloud" transform="translate(56 19) scale(.27317)" stroke-width="15" stroke="#000"></use></mask><mask id="mostly-cloudy-night-mask"><rect width="100%" height="100%" fill="#FFF"></rect><use xlink:href="#svg-symbol-cloud" transform="translate(32.526 -14.885) scale(.55128)" stroke-width="10" stroke="#000"></use></mask><mask id="mostly-sunny-mask"><rect width="100%" height="100%" fill="#FFF"></rect><use xlink:href="#svg-symbol-cloud" transform="translate(92 10) scale(.7125)" stroke-width="12" stroke="#000"></use></mask><mask id="partly-cloudy-night-mask"><rect width="100%" height="100%" fill="#FFF"></rect><use xlink:href="#svg-symbol-cloud" transform="matrix(.6 0 0 .6 49 -26)" stroke-width="3" stroke="#000"></use></mask><mask id="partly-cloudy-mask"><rect width="100%" height="100%" fill="#FFF"></rect><use xlink:href="#svg-symbol-cloud" transform="translate(3.571 -44.642) scale(1.7857)" stroke="#000" stroke-width="13"></use></mask><mask id="scattered-showers-night-mask"><rect width="100%" height="100%" fill="#FFF"></rect><use xlink:href="#svg-symbol-moon" transform="matrix(.91 0 0 .91 6 46)" stroke-width="10" stroke="#000" stroke-linejoin="round"></use></mask><mask id="scattered-snow-night-mask"><rect width="100%" height="100%" fill="#FFF"></rect><use xlink:href="#svg-symbol-moon" transform="matrix(.99 0 0 .99 3 39)" stroke-width="14" stroke="#000" stroke-linejoin="round"></use></mask><mask id="scattered-snow-mask"><rect width="100%" height="100%" fill="#FFF"></rect><use xlink:href="#svg-symbol-cloud" transform="translate(-5.355 -24.99) scale(1.785)" stroke="#000" stroke-width="13"></use></mask><mask id="scattered-thunderstorms-night-mask"><rect width="100%" height="100%" fill="#FFF"></rect><use xlink:href="#svg-symbol-moon" stroke="#000" stroke-width="14" stroke-linejoin="round" transform="matrix(.99 0 0 .99 3 39)"></use></mask><mask id="scattered-thunderstorms-mask"><rect width="100%" height="100%" fill="#FFF"></rect><use xlink:href="#svg-symbol-cloud" transform="matrix(1.8 0 0 1.8 -10.8 -25.2)" stroke="#000" stroke-width="13"></use></mask></defs></svg><div style="display:none"><svg><title>Hidden Weather Icon Symbols</title><symbol id="svg-symbol-hail" viewBox="0 0 89 170"><path d="M24,2 L9,37 L24,2 Z M10,5 L2,23 L10,5 Z" stroke="var(--color-hail)" stroke-width="4" stroke-linecap="round" stroke-linejoin="round"></path><circle fill="var(--color-hail)" r="8" cx="0" cy="52"></circle></symbol><symbol id="svg-symbol-moon"><path fill="var(--color-moon)" d="M71 0 A 50 48, 150, 1, 0, 118 81 A 60 57, 140, 0, 1, 71 0"></path></symbol><symbol id="svg-symbol-star"><path fill="var(--color-star)" d="M169.6,38.1l-30-6.1l-6.1-30c-0.1-0.5-0.5-1-1.1-1.1c-0.7-0.1-1.3,0.4-1.4,1.1L125,32l-30,6.1c-0.5,0.1-1,0.5-1.1,1.1c-0.1,0.7,0.4,1.3,1.1,1.4l30,6.1l6.1,30c0.1,0.5,0.5,1,1.1,1.1c0.7,0.1,1.3-0.4,1.4-1.1l6.1-30l30-6.1c0.5-0.1,1-0.5,1.1-1.1C170.7,38.8,170.3,38.2,169.6,38.1z"></path></symbol><symbol id="svg-symbol-sun-ray"><path d="M100,44.1c3.1,0,6.1,0.3,9,0.7l-5.3-40.7c0,0,0-0.1,0-0.1c-0.3-1.9-2-3.2-4-3c-1.5,0.2-2.7,1.3-3,2.8 c0,0.1-0.1,0.2-0.1,0.2l-5.5,40.7C94.1,44.3,97,44.1,100,44.1z"></path></symbol><symbol id="svg-symbol-sun" fill="var(--color-sun)"><use xlink:href="#svg-symbol-sun-ray"></use><use xlink:href="#svg-symbol-sun-ray" transform="rotate(30, 100, 100)"></use><use xlink:href="#svg-symbol-sun-ray" transform="rotate(60, 100, 100)"></use><use xlink:href="#svg-symbol-sun-ray" transform="rotate(90, 100, 100)"></use><use xlink:href="#svg-symbol-sun-ray" transform="rotate(120, 100, 100)"></use><use xlink:href="#svg-symbol-sun-ray" transform="rotate(150, 100, 100)"></use><use xlink:href="#svg-symbol-sun-ray" transform="rotate(180, 100, 100)"></use><use xlink:href="#svg-symbol-sun-ray" transform="rotate(210, 100, 100)"></use><use xlink:href="#svg-symbol-sun-ray" transform="rotate(240, 100, 100)"></use><use xlink:href="#svg-symbol-sun-ray" transform="rotate(270, 100, 100)"></use><use xlink:href="#svg-symbol-sun-ray" transform="rotate(300, 100, 100)"></use><use xlink:href="#svg-symbol-sun-ray" transform="rotate(330, 100, 100)"></use><circle cx="100" cy="100" r="46.1"></circle></symbol><symbol id="svg-symbol-fog-wave"><path fill="var(--color-fog)" d="M198.4,55.3c-0.9-1.2-2.6-1.4-3.7-0.5l-4.6,3.6c0,0,0,0,0,0c-1,1.1-7.6,5.3-15.2,5.4 c-5.3,0.1-9.9-1.8-13.8-5.6c-12.5-12.6-26.9-5.7-32.7-0.3l0,0c0,0,0,0,0,0c-1,1.1-7.8,5.5-15.4,5.7c-5.3,0.1-9.9-1.8-13.8-5.7 c-12.5-12.5-26.9-5.7-32.7-0.3c0,0,0,0,0,0c-1,1.1-7.8,5.6-15.4,5.8c-5.3,0.1-9.9-1.8-13.8-5.7c-12.2-12.3-26.2-6-32.3-0.7L2,59.2 c-1.2,0.9-1.3,2.7-0.4,3.9c0.9,1.2,2.6,1.4,3.8,0.5l2.9-2.3v0c0,0,0,0,0,0l1.8-1.3v0c4-2.8,14-8,23.5,1.5c5.5,5.5,11.6,7.3,17,7.3 c4.7,0,8.9-1.3,11.8-2.5c1.6-0.7,5.8-2.5,7.8-4.7c0.7-0.6,13.3-11.8,25.3,0.2c5.5,5.5,11.6,7.3,17,7.3c4.7,0,8.9-1.3,11.8-2.5 c1.5-0.7,5.7-2.5,7.7-4.7l0,0c0.6-0.5,13.3-11.9,25.3,0.1c5.5,5.5,11.6,7.3,17,7.3c4.7,0,8.9-1.3,11.8-2.5c1.3-0.6,4.7-2,6.8-3.9 l5-3.6C199.2,58.3,199.3,56.4,198.4,55.3z"></path></symbol><symbol id="svg-symbol-snowflake-branch"><path d="M100 5 95 40 70 20 96 35 95 98 105 98 105 41 130 20 104 35z" stroke-width="8" stroke-linecap="square" stroke-linejoin="round"></path></symbol><symbol id="svg-symbol-snowflake" viewBox="0 0 200 200" fill="var(--color-snowflake)" stroke="var(--color-snowflake)"><use xlink:href="#svg-symbol-snowflake-branch" transform="rotate(0 100 100)"></use><use xlink:href="#svg-symbol-snowflake-branch" transform="rotate(60 100 100)"></use><use xlink:href="#svg-symbol-snowflake-branch" transform="rotate(120 100 100)"></use><use xlink:href="#svg-symbol-snowflake-branch" transform="rotate(180 100 100)"></use><use xlink:href="#svg-symbol-snowflake-branch" transform="rotate(240 100 100)"></use><use xlink:href="#svg-symbol-snowflake-branch" transform="rotate(300 100 100)"></use></symbol><symbol id="svg-symbol-cloud" viewBox="-4 0 204 200"><path fill="var(--color-cloud)" d="M197.9,108.5c-4.7-17.5-22.7-28-40.2-23.4c0,0-1.3,0.3-3.5,0.9c-5.6-20.8-24.6-36.2-47.2-36.2 c-24.5,0-44.8,18.1-48.3,41.6c-0.8-0.2-1.3-0.3-1.3-0.3c-14.8-3.8-30,5-33.9,19.8c-0.9,3.5-1.1,7-0.8,10.4c-7.4,2-12,3.2-12,3.2 c-7,1.9-11.1,9-9.2,16c1.6,6.1,7.3,10,13.4,9.7h150.3c0,0,6.2-0.3,9.4-1.1C192.1,144.3,202.6,126.2,197.9,108.5z"></path></symbol><symbol id="svg-symbol-cloud-junior" viewBox="0 0 200 200"><path fill="var(--color-cloud)" d="M197.4,52.8c-2.4-8.8-11.3-14-20.1-11.7c0,0-0.6,0.2-1.8,0.5c-2.8-10.4-12.3-18.1-23.6-18.1 c-7.5,0-14.1,3.4-18.6,8.7c3.2,3.7,5.8,7.9,7.9,12.4c1.6-0.2,3.3-0.3,5-0.3c16.9,0,31.8,11.4,36.2,27.8c0.1,0.5,0.2,1,0.3,1.5 c1-0.1,2.2-0.2,3-0.4C194.6,70.7,199.8,61.6,197.4,52.8z"></path></symbol><symbol id="svg-symbol-lightning-bolt"><path fill="var(--color-lightning)" d="M89.9,124.5c0-0.7-0.7-1.2-1.6-1.2h0l0,0H58.9c-0.7,0-1.4,0.4-1.5,0.9l-11.6,33.1 c-0.1,0.1-0.1,0.3-0.1,0.5c0,0.7,0.7,1.2,1.6,1.2h0h10.9l-10.4,29.6h0c-0.1,0.2-0.1,0.4-0.1,0.6c0,1.3,1.4,2.4,3.1,2.4 c1.1,0,2.1-0.5,2.7-1.2l0,0l34.1-45.2h0c0.1-0.2,0.1-0.3,0.1-0.5c0-0.7-0.7-1.2-1.6-1.2c0,0,0,0,0,0v0H75.7l13.9-18.4 C89.8,125,89.9,124.8,89.9,124.5z"></path></symbol><symbol id="svg-symbol-drop"><path fill="var(--color-drop)" d="M82.1,123.3c0.4-0.9-0.2-1.9-1.2-2.2c-0.9-0.3-1.9,0-2.3,0.7h0l-19.4,24.8c-0.4,0.5-0.7,1-1,1.6 c-1.2,3,0.6,6.4,4,7.5c3.4,1.1,7-0.4,8.3-3.3h0L82,123.5L82.1,123.3L82.1,123.3z"></path></symbol><symbol id="svg-symbol-wind"><path fill="var(--color-wind)" d="M85.7,109.4c-3.5,0-6.4-2.8-6.4-6.4s2.8-6.4,6.4-6.4h85.2c4.1-0.1,8-1.5,10.8-4.3       c2.9-2.8,4.6-6.6,4.6-10.5c0.1-3-1.1-5.9-3.2-8c-2.1-2.2-5-3.3-8-3.4H175c-2.2,0-4.3,0.8-5.9,2.4c-1.6,1.5-2.5,3.7-2.5,5.9       c0,0.9,0.2,1.8,0.6,2.6c1.5,3.2,0.1,7-3.1,8.5c-3.2,1.5-7,0.1-8.5-3.1c-1.2-2.6-1.8-5.3-1.7-8.1c0.1-5.7,2.3-10.9,6.4-14.9       c4-3.9,9.3-6,14.8-6h0.1c6.5,0.1,12.5,2.6,17,7.2c4.5,4.6,6.9,10.7,6.9,17.1c-0.1,7.4-3.1,14.3-8.5,19.5       c-5.1,5-12.1,7.7-19.5,7.8L85.7,109.4L85.7,109.4z"></path></symbol><symbol id="svg-symbol-icy" viewBox="0 0 8.9 10.9"><path d="M8.9 1.1L8.1 8c0 .1-.1.2-.2.2s-.2-.1-.2-.2l-.6-4.7-1 7.4c0 .1-.1.2-.2.2s-.3-.1-.3-.2L4.6 3l-.4 3.3c0 .1-.1.1-.1.1-.1 0-.2 0-.2-.1l-.3-2.8-.8 5.6c0 .1-.1.2-.2.2s-.2-.1-.2-.2l-.7-5.2-.4 3.4c0 .1-.1.2-.2.2s-.2-.1-.2-.2L0 1V.9C0 .7 0 .6.1.4.2.1.5 0 .8 0h7.3c.3 0 .5.2.7.4.1.1.1.3.1.5v.2z"></path></symbol></svg></div><script>window.__data=JSON.parse("{\"page\":{\"path\":\"/\",\"query\":{\"Goto\":\"Redirected\"},\"headers\":{\"twc-unit\":\"u\",\"twc-privacy\":\"exempt\",\"twc-subs\":\"none\",\"twc-geoip-region\":\"\",\"twc-geoip-city\":\"KIEV\",\"twc-geoip-dma\":\"\",\"twc-geoip-latlong\":\"50.43,30.52\",\"twc-geoip-country\":\"UA\",\"twc-device-class\":\"desktop\",\"twc-locale-group\":\"US\",\"twc-connection-speed\":\"4G\",\"twc-ak-req-id\":\"30b1e3f2\"},\"urlId\":\"ef825a3b-6eb5-47c9-8338-49583404e995\",\"domain\":\"\",\"weight\":0,\"methods\":[\"GET\"],\"pageKey\":\"home\",\"pageKeyId\":\"1d1cf310-bfb6-47d3-8dcb-85ff8e47bc12\",\"contextListId\":\"6719c0a6-9f52-4c97-93f7-444c4dcc6f43\",\"params\":{},\"pathPattern\":\"/:locale([a-z]{2}|[a-z]{2}-[A-Z]{2})?\",\"requestBody\":{}},\"dal\":{\"getMewContextListUrlConfig\":{\"id:6719c0a6-9f52-4c97-93f7-444c4dcc6f43\":{\"loading\":false,\"loaded\":true,\"data\":{\"data\":{\"contextList\":{\"_id\":\"6719c0a6-9f52-4c97-93f7-444c4dcc6f43\",\"data\":{\"attributes\":{\"name\":\"Non-location Based Pages (metrics)\"},\"id\":\"6719c0a6-9f52-4c97-93f7-444c4dcc6f43\",\"relationships\":{\"contexts\":{\"data\":[{\"id\":\"eaf621f6-a134-422a-95b6-c5d03bebbfb5\",\"type\":\"context\"},{\"id\":\"999aa43e-3abc-41fb-a19a-34554e1d649f\",\"type\":\"context\"},{\"id\":\"bbc39cc0-c8ac-4cd7-9285-1bb8c1aa22e5\",\"type\":\"context\"},{\"id\":\"3569bb7a-fdd3-48ff-8dff-7260ccc25209\",\"type\":\"context\"},{\"id\":\"f47fdaaa-fca8-445f-98d3-8cd9d94f6192\",\"type\":\"context\"},{\"id\":\"73c0c5a5-2045-43aa-9c45-e71c64a0dec7\",\"type\":\"context\"},{\"id\":\"78a8f7a2-0849-4694-bd06-5c64426c031f\",\"type\":\"context\"},{\"id\":\"00978342-a6bb-4dc9-bf23-4c97f017bf80\",\"type\":\"context\"},{\"id\":\"e6f9a5b3-3ea0-45bd-9624-fad08e184d91\",\"type\":\"context\"},{\"id\":\"5c7a988e-e2d1-4d6b-aec3-123c00408b77\",\"type\":\"context\"}]}},\"type\":\"context_list\"}},\"contexts\":[{\"_id\":\"eaf621f6-a134-422a-95b6-c5d03bebbfb5\",\"data\":{\"attributes\":{\"name\":\"i18n\"},\"id\":\"eaf621f6-a134-422a-95b6-c5d03bebbfb5\",\"relationships\":{\"contextDependencies\":{\"data\":[]}},\"type\":\"context\"}},{\"_id\":\"230272e2-80a1-4b47-be82-5af726e2a53a\",\"data\":{\"attributes\":{\"name\":\"page\"},\"id\":\"230272e2-80a1-4b47-be82-5af726e2a53a\",\"relationships\":{\"contextDependencies\":{\"data\":[]}},\"type\":\"context\"}},{\"_id\":\"0f88238f-9dbf-4591-ab59-cf038bfb5ce0\",\"data\":{\"attributes\":{\"name\":\"pageLocation\"},\"id\":\"0f88238f-9dbf-4591-ab59-cf038bfb5ce0\",\"relationships\":{\"contextDependencies\":{\"data\":[{\"id\":\"eaf621f6-a134-422a-95b6-c5d03bebbfb5\",\"type\":\"context\"}]}},\"type\":\"context\"}},{\"_id\":\"5c7a988e-e2d1-4d6b-aec3-123c00408b77\",\"data\":{\"attributes\":{\"name\":\"partner\"},\"id\":\"5c7a988e-e2d1-4d6b-aec3-123c00408b77\",\"relationships\":{\"contextDependencies\":{\"data\":[{\"id\":\"230272e2-80a1-4b47-be82-5af726e2a53a\",\"type\":\"context\"}]}},\"type\":\"context\"}},{\"_id\":\"f47fdaaa-fca8-445f-98d3-8cd9d94f6192\",\"data\":{\"attributes\":{\"name\":\"siteMode\"},\"id\":\"f47fdaaa-fca8-445f-98d3-8cd9d94f6192\",\"relationships\":{\"contextDependencies\":{\"data\":[{\"id\":\"eaf621f6-a134-422a-95b6-c5d03bebbfb5\",\"type\":\"context\"}]}},\"type\":\"context\"}},{\"_id\":\"78a8f7a2-0849-4694-bd06-5c64426c031f\",\"data\":{\"attributes\":{\"name\":\"user\"},\"id\":\"78a8f7a2-0849-4694-bd06-5c64426c031f\",\"relationships\":{\"contextDependencies\":{\"data\":[{\"id\":\"eaf621f6-a134-422a-95b6-c5d03bebbfb5\",\"type\":\"context\"}]}},\"type\":\"context\"}},{\"_id\":\"bbc39cc0-c8ac-4cd7-9285-1bb8c1aa22e5\",\"data\":{\"attributes\":{\"name\":\"dpr\"},\"id\":\"bbc39cc0-c8ac-4cd7-9285-1bb8c1aa22e5\",\"relationships\":{\"contextDependencies\":{\"data\":[{\"id\":\"78a8f7a2-0849-4694-bd06-5c64426c031f\",\"type\":\"context\"},{\"id\":\"eaf621f6-a134-422a-95b6-c5d03bebbfb5\",\"type\":\"context\"}]}},\"type\":\"context\"}},{\"_id\":\"00978342-a6bb-4dc9-bf23-4c97f017bf80\",\"data\":{\"attributes\":{\"name\":\"userLocation\"},\"id\":\"00978342-a6bb-4dc9-bf23-4c97f017bf80\",\"relationships\":{\"contextDependencies\":{\"data\":[{\"id\":\"78a8f7a2-0849-4694-bd06-5c64426c031f\",\"type\":\"context\"},{\"id\":\"eaf621f6-a134-422a-95b6-c5d03bebbfb5\",\"type\":\"context\"}]}},\"type\":\"context\"}},{\"_id\":\"e6f9a5b3-3ea0-45bd-9624-fad08e184d91\",\"data\":{\"attributes\":{\"name\":\"weatherMode\"},\"id\":\"e6f9a5b3-3ea0-45bd-9624-fad08e184d91\",\"relationships\":{\"contextDependencies\":{\"data\":[{\"id\":\"eaf621f6-a134-422a-95b6-c5d03bebbfb5\",\"type\":\"context\"},{\"id\":\"0f88238f-9dbf-4591-ab59-cf038bfb5ce0\",\"type\":\"context\"}]}},\"type\":\"context\"}},{\"_id\":\"3569bb7a-fdd3-48ff-8dff-7260ccc25209\",\"data\":{\"attributes\":{\"name\":\"metrics\"},\"id\":\"3569bb7a-fdd3-48ff-8dff-7260ccc25209\",\"relationships\":{\"contextDependencies\":{\"data\":[{\"id\":\"bbc39cc0-c8ac-4cd7-9285-1bb8c1aa22e5\",\"type\":\"context\"},{\"id\":\"0f88238f-9dbf-4591-ab59-cf038bfb5ce0\",\"type\":\"context\"},{\"id\":\"5c7a988e-e2d1-4d6b-aec3-123c00408b77\",\"type\":\"context\"}]}},\"type\":\"context\"}},{\"_id\":\"73c0c5a5-2045-43aa-9c45-e71c64a0dec7\",\"data\":{\"attributes\":{\"name\":\"subscription\"},\"id\":\"73c0c5a5-2045-43aa-9c45-e71c64a0dec7\",\"relationships\":{\"contextDependencies\":{\"data\":[{\"id\":\"00978342-a6bb-4dc9-bf23-4c97f017bf80\",\"type\":\"context\"},{\"id\":\"eaf621f6-a134-422a-95b6-c5d03bebbfb5\",\"type\":\"context\"},{\"id\":\"230272e2-80a1-4b47-be82-5af726e2a53a\",\"type\":\"context\"}]}},\"type\":\"context\"}},{\"_id\":\"999aa43e-3abc-41fb-a19a-34554e1d649f\",\"data\":{\"attributes\":{\"name\":\"ads\"},\"id\":\"999aa43e-3abc-41fb-a19a-34554e1d649f\",\"relationships\":{\"contextDependencies\":{\"data\":[{\"id\":\"eaf621f6-a134-422a-95b6-c5d03bebbfb5\",\"type\":\"context\"},{\"id\":\"00978342-a6bb-4dc9-bf23-4c97f017bf80\",\"type\":\"context\"},{\"id\":\"0f88238f-9dbf-4591-ab59-cf038bfb5ce0\",\"type\":\"context\"},{\"id\":\"bbc39cc0-c8ac-4cd7-9285-1bb8c1aa22e5\",\"type\":\"context\"}]}},\"type\":\"context\"}}]}},\"status\":200,\"statusText\":\"OK\"}},\"getMewLocaleUrlConfig\":{\"locale:en-US\":{\"loading\":false,\"loaded\":true,\"data\":{\"data\":{\"locale\":{\"_id\":\"25b624ab-95a6-45ec-9dee-6abc917e53f3\",\"data\":{\"attributes\":{\"localeCode\":\"en-US\",\"isLocaleSiteEnabled\":true},\"id\":\"25b624ab-95a6-45ec-9dee-6abc917e53f3\",\"relationships\":{\"localeToLanguage\":{\"data\":{\"id\":\"daac1fa2-93e2-4fbb-950b-e0053043c80f\",\"type\":\"language\"}}},\"type\":\"locale\"}},\"language\":{\"_id\":\"daac1fa2-93e2-4fbb-950b-e0053043c80f\",\"data\":{\"attributes\":{\"countryName\":\"United States\",\"isRtlLanguage\":false,\"languageCode\":\"en-US\",\"languageName\":\"American English\"},\"id\":\"daac1fa2-93e2-4fbb-950b-e0053043c80f\",\"type\":\"language\"}}}},\"status\":200,\"statusText\":\"OK\"}},\"getCMSLinkListUrlConfig\":{\"language:en_US;linkListId:798ce33c-729e-4ec4-b726-8d9a5c3ab6eb\":{\"loading\":false,\"loaded\":true,\"data\":{\"id\":\"798ce33c-729e-4ec4-b726-8d9a5c3ab6eb\",\"type\":\"linklist\",\"schema_version\":\"1.2.0\",\"locale\":\"en_US\",\"links\":[{\"url\":{\"url\":\"/<none>\",\"title\":\"severe mode en-US\",\"attributes\":[]},\"options\":{\"enabled\":true,\"new_tab\":false,\"nofollow\":false},\"attributes\":{\"locale\":\"en-US\",\"mode\":\"normal\"},\"tooltip\":null,\"description\":\"TO CHANGE THE SITE MODE FOR THE WEBSITE, follow the steps below to update the ATTRIBUTES section below\\r\\n\\r\\nTo change the site to 'severe' or 'red mode', please the mode to 'mode=severe'\\r\\nTo change the site to 'hybrid' or 'hybrid mode', please the mode to 'mode=hybrid'\\r\\nTo change the site to 'normal' or 'regular mode', please the mode to 'mode=normal'\\r\\n\",\"type\":null,\"image\":{},\"visible_between\":{\"from\":1558281600,\"to\":1601013600},\"collection\":null,\"sublink_id\":null},{\"url\":{\"url\":\"/<none>\",\"title\":\"severe mode es-US\",\"attributes\":[]},\"options\":{\"enabled\":true,\"new_tab\":false,\"nofollow\":false},\"attributes\":{\"locale\":\"es-US\",\"mode\":\"hybrid\"},\"tooltip\":null,\"description\":\"TO CHANGE THE SITE MODE FOR THE WEBSITE, follow the steps below to update the ATTRIBUTES section below\\r\\n\\r\\nTo change the site to 'severe' or 'red mode', please the mode to 'mode=severe'\\r\\nTo change the site to 'hybrid' or 'hybrid mode', please the mode to 'mode=hybrid'\\r\\nTo change the site to 'normal' or 'regular mode', please the mode to 'mode=normal'\\r\\n\",\"type\":null,\"image\":{},\"visible_between\":{\"from\":1507503600,\"to\":null},\"collection\":null,\"sublink_id\":null}]},\"status\":200,\"statusText\":\"OK\"}},\"getSunWeatherAlertHeadlinesUrlConfig\":{\"geocode:undefined;language:en-US\":{\"loading\":false,\"loaded\":true,\"data\":{\"text\":\"{ \\\"failure\\\": \\\" Geocode   is not allowed.,  \\\"} \"},\"status\":400,\"statusText\":\"Bad Request\"}},\"getSunV3HourlyForecastUrlConfig\":{\"duration:1day;geocode:undefined;language:en-US;units:e\":{\"loading\":false,\"loaded\":true,\"data\":{\"text\":\"{ \\\"failure\\\": \\\" Geocode   is not allowed.,  \\\"} \"},\"status\":400,\"statusText\":\"Bad Request\"}},\"getSunV3CurrentObservationsUrlConfig\":{\"geocode:undefined;language:en-US;units:e\":{\"loading\":false,\"loaded\":true,\"data\":{\"text\":\"{ \\\"failure\\\": \\\" Geocode   is not allowed.,  \\\"} \"},\"status\":400,\"statusText\":\"Bad Request\"}},\"getMewPageConfigUrlConfig\":{\"contexts:{deviceClass:desktop;localeContext:en-US;subscription:none};pageKey:home\":{\"loading\":false,\"loaded\":true,\"data\":{\"_id\":\"92de2562-38eb-4a33-95b1-c0e1400681e3\",\"pccpId\":\"a9dd2a65-298e-4a16-8197-4e707d9f5d6b\",\"data\":{\"attributes\":{\"active_page\":false,\"ads\":{\"adUnits\":{\"desktop\":\"web_weather_us\",\"mobile\":\"mobile_smart_us\",\"tablet\":\"tablet_weather_us\"},\"adZone\":\"home\",\"engine\":\"gpt\",\"networkCode\":\"/7646\",\"thirdParties\":[\"miscCustParams_all\",\"confiant_all\",\"criteoSlot_enUSGLS\",\"amznHdBid_enUSGLS\",\"iasPetSlot_enUSGLS\",\"lotame_enUSenCAGLS\",\"rubicon_enUS\",\"sourcePoint_enUS\",\"wfxtg_all\",\"wxAdTargeting_all\",\"moatYieldIntelligence_all\",\"premiumAdDataLake_all\"]},\"adsmetrics_zone\":\"home\",\"bidders\":[],\"connectionSpeed\":null,\"deviceClass\":\"desktop\",\"experience\":null,\"field_subscription\":null,\"localeContext\":\"en-US\",\"meta\":{\"metaTags\":[{\"content\":\"noindex, nofollow\",\"name\":\"robots\"}],\"title\":\"Weather Forecast and Conditions - The Weather Channel | Weather.com\"},\"metrics_levels\":\"HOMEPAGE/HOMEPAGE/NA/MAIN\",\"name\":\"Home Page (wxu) | Large Screen | en-US (MEW)\",\"page_code\":\"home\",\"partner\":null,\"preview_metadata\":{\"headers\":{\"twc-connection-speed\":\"4g\",\"twc-device-class\":\"desktop\"},\"query\":{\"siteMode\":\"normal\"},\"route\":\"/\"},\"siteMode\":null,\"variant_key\":null,\"weatherMode\":null},\"id\":\"92de2562-38eb-4a33-95b1-c0e1400681e3\",\"relationships\":{\"layout\":{\"data\":{\"id\":\"e761d37d-77ab-43b9-a7aa-97fa2b9a6ec6\",\"type\":\"layout\"}},\"module_instances\":{\"data\":[{\"id\":\"1869d024-e7ae-469b-8d1d-453aea8e6fe7\",\"meta\":{\"region\":\"meta\",\"weight\":0},\"type\":\"module_instance\"},{\"id\":\"53dce052-5465-4609-a555-c3a20ab64ab0\",\"meta\":{\"region\":\"topAds\",\"weight\":0},\"type\":\"module_instance\"},{\"id\":\"9944ec87-e4d4-4f18-b23e-ce4a3fd8a3ba\",\"meta\":{\"region\":\"header\",\"weight\":0},\"type\":\"module_instance\"},{\"id\":\"9aea3e61-fbf8-4da4-9e07-f96abf18cdf1\",\"meta\":{\"region\":\"header\",\"weight\":1},\"type\":\"module_instance\"},{\"id\":\"71dadf79-621d-43ff-9a1a-d99a39f16abe\",\"meta\":{\"region\":\"header\",\"weight\":2},\"type\":\"module_instance\"},{\"id\":\"50b69813-b340-4d89-a22d-016d4b682491\",\"meta\":{\"region\":\"contentTop\",\"weight\":0},\"type\":\"module_instance\"},{\"id\":\"eca80ceb-d167-47d5-abe3-ce01a2b10ffc\",\"meta\":{\"region\":\"main\",\"weight\":0},\"type\":\"module_instance\"},{\"id\":\"7a64efde-4532-4374-acd9-6061b0a92b95\",\"meta\":{\"region\":\"main\",\"weight\":1},\"type\":\"module_instance\"},{\"id\":\"bf4ee11b-1686-4fe2-b1ff-dbdeb84aacab\",\"meta\":{\"region\":\"main\",\"weight\":2},\"type\":\"module_instance\"},{\"id\":\"6ec6a613-6078-498e-92b3-efb8a9c40adf\",\"meta\":{\"region\":\"main\",\"weight\":3},\"type\":\"module_instance\"},{\"id\":\"93e78c6f-fbe9-47e1-ae14-07a7ca30cac0\",\"meta\":{\"region\":\"main\",\"weight\":4},\"type\":\"module_instance\"},{\"id\":\"e0ab3ad1-2034-4075-a98f-b3d272a18bd5\",\"meta\":{\"region\":\"main\",\"weight\":5},\"type\":\"module_instance\"},{\"id\":\"617de16a-5b28-4ea6-8a32-d3e81ec478dc\",\"meta\":{\"region\":\"main\",\"weight\":6},\"type\":\"module_instance\"},{\"id\":\"68cf0061-cd5c-4c9a-a8e5-8ab8113bb28b\",\"meta\":{\"region\":\"main\",\"weight\":7},\"type\":\"module_instance\"},{\"id\":\"f6ca0247-5836-4cb0-a1f4-a2d9e3cf15bf\",\"meta\":{\"region\":\"main\",\"weight\":8},\"type\":\"module_instance\"},{\"id\":\"ccd9cf55-d5e7-49c0-ad2b-3551f3b154fe\",\"meta\":{\"region\":\"main\",\"weight\":9},\"type\":\"module_instance\"},{\"id\":\"2216c858-71f6-472b-a087-375ed6aa08a2\",\"meta\":{\"region\":\"sidebar\",\"weight\":0},\"type\":\"module_instance\"},{\"id\":\"eaf3a578-6862-468e-9c75-5973515b2d3f\",\"meta\":{\"region\":\"sidebar\",\"weight\":1},\"type\":\"module_instance\"},{\"id\":\"ddd4a3cb-7622-4c4d-b058-5101b4678ae5\",\"meta\":{\"region\":\"sidebar\",\"weight\":2},\"type\":\"module_instance\"},{\"id\":\"721f1a1a-460a-422c-a0db-db83a582b227\",\"meta\":{\"region\":\"sidebar\",\"weight\":3},\"type\":\"module_instance\"},{\"id\":\"d2ec6be1-08ec-4be9-b2d3-9df78d6b0d32\",\"meta\":{\"region\":\"sidebar\",\"weight\":4},\"type\":\"module_instance\"},{\"id\":\"4f2fc4ea-834c-493d-93af-1e3cdf2daea7\",\"meta\":{\"region\":\"sidebar\",\"weight\":5},\"type\":\"module_instance\"},{\"id\":\"2384c765-4ac5-41e9-8f2d-5a69476cf939\",\"meta\":{\"region\":\"sidebar\",\"weight\":6},\"type\":\"module_instance\"},{\"id\":\"154205c3-43e0-4e4d-a284-972095b12084\",\"meta\":{\"region\":\"sidebar\",\"weight\":7},\"type\":\"module_instance\"},{\"id\":\"fbb14727-c8f1-4a09-a56b-b840a24681c4\",\"meta\":{\"region\":\"sidebar\",\"weight\":8},\"type\":\"module_instance\"},{\"id\":\"cb63b42d-d07c-48d9-a6a4-5f0b1dbc58bf\",\"meta\":{\"region\":\"contentBottom\",\"weight\":0},\"type\":\"module_instance\"},{\"id\":\"95b11cb9-8af9-4c23-abd1-5b7e7bc621d9\",\"meta\":{\"region\":\"footer\",\"weight\":0},\"type\":\"module_instance\"},{\"id\":\"495720e7-facc-4c28-af6b-52f78459520a\",\"meta\":{\"region\":\"footer\",\"weight\":1},\"type\":\"module_instance\"},{\"id\":\"5b5ebc4f-6cb5-4bcf-8c09-60524c9ff62d\",\"meta\":{\"region\":\"footer\",\"weight\":2},\"type\":\"module_instance\"}]},\"pageKey\":{\"data\":{\"id\":\"1d1cf310-bfb6-47d3-8dcb-85ff8e47bc12\",\"type\":\"page_key\"}},\"twc_config_type\":{\"data\":null}},\"type\":\"page_config\"},\"included\":[{\"attributes\":{\"anchorName\":null,\"configuration\":{\"bypassServer\":false,\"pageDashboard\":\"homepage_r2\",\"pageTemplate\":\"homepage_r2\",\"scriptUrl\":null},\"name\":\"WXU Newsroom - homepage_r2\"},\"id\":\"1869d024-e7ae-469b-8d1d-453aea8e6fe7\",\"relationships\":{\"module\":{\"data\":{\"id\":\"WxuNewsroom\",\"type\":\"module\"}},\"twc_config_type\":{\"data\":null}},\"type\":\"module_instance\"},{\"attributes\":{\"anchorName\":null,\"configuration\":{\"id\":\"WX_Hidden\",\"ttl\":0},\"name\":\"WXU Ad WX_Hidden\"},\"id\":\"53dce052-5465-4609-a555-c3a20ab64ab0\",\"relationships\":{\"module\":{\"data\":{\"id\":\"WxuAd\",\"type\":\"module\"}},\"twc_config_type\":{\"data\":null}},\"type\":\"module_instance\"},{\"attributes\":{\"anchorName\":null,\"configuration\":{\"brandingAssetId\":null,\"navAssetId\":null,\"showCobrandHeader\":true},\"name\":\"WXU Header Large Screen\"},\"id\":\"9944ec87-e4d4-4f18-b23e-ce4a3fd8a3ba\",\"relationships\":{\"module\":{\"data\":{\"id\":\"WxuHeaderLargeScreen\",\"type\":\"module\"}},\"twc_config_type\":{\"data\":null}},\"type\":\"module_instance\"},{\"attributes\":{\"anchorName\":null,\"configuration\":{\"ttl\":900},\"name\":\"WXU Saved Locations\"},\"id\":\"9aea3e61-fbf8-4da4-9e07-f96abf18cdf1\",\"relationships\":{\"module\":{\"data\":{\"id\":\"WxuSavedLocations\",\"type\":\"module\"}},\"twc_config_type\":{\"data\":null}},\"type\":\"module_instance\"},{\"attributes\":{\"anchorName\":null,\"configuration\":{\"ttl\":900,\"videoLinkLocaleInclude\":{\"en-US\":{\"adRef\":\"\",\"overridePageKey\":\"\",\"overrideVideoLink\":false,\"videoLinkIconName\":\"video\",\"videoLinkIconSet\":\"nav\",\"videoLinkSevere\":true,\"videoLinkText\":\"Videos\"},\"videoLinkLocaleExclude\":[]}},\"name\":\"WXU Localsuite Nav\"},\"id\":\"71dadf79-621d-43ff-9a1a-d99a39f16abe\",\"relationships\":{\"module\":{\"data\":{\"id\":\"WxuLocalsuiteNav\",\"type\":\"module\"}},\"twc_config_type\":{\"data\":null}},\"type\":\"module_instance\"},{\"attributes\":{\"anchorName\":null,\"configuration\":{\"disableCard\":true,\"id\":\"WX_WindowShade\",\"tabletId\":\"WX_Leaderboard\",\"ttl\":0},\"name\":\"WXU Ad - WX_WindowShade | WX_Leaderboard\"},\"id\":\"50b69813-b340-4d89-a22d-016d4b682491\",\"relationships\":{\"module\":{\"data\":{\"id\":\"WxuAd\",\"type\":\"module\"}},\"twc_config_type\":{\"data\":null}},\"type\":\"module_instance\"},{\"attributes\":{\"anchorName\":null,\"configuration\":{\"adRef\":null,\"attribution\":{\"label\":null,\"link\":null,\"linkTarget\":null,\"title\":null},\"cmqsId\":\"9bccba03-6079-49f9-9185-2fdd4011c107\",\"ctaTarget\":null,\"ctaText\":\"More Stories\",\"ctaUrl\":\"/news\",\"impactHeadlineId\":null,\"limit\":8,\"listItem\":\"compact\",\"listView\":false,\"locale\":null,\"offset\":1,\"overflow\":false,\"overlay\":false,\"partner\":null,\"primaryCaption\":false,\"primaryTitle\":true,\"secondaryCount\":3,\"severeDescription\":null,\"severeNotice\":null,\"severeTitle\":null,\"sidebar\":true,\"sponsoredImageAltText\":null,\"sponsoredImageUrl\":null,\"tbRegion\":\"db-cm-homepage_top_EN\",\"title\":\"Top Stories\",\"useH1\":true},\"name\":\"WXU Content Media - Homepage List View\"},\"id\":\"eca80ceb-d167-47d5-abe3-ce01a2b10ffc\",\"relationships\":{\"module\":{\"data\":{\"id\":\"WxuContentMedia\",\"type\":\"module\"}},\"twc_config_type\":{\"data\":null}},\"type\":\"module_instance\"},{\"attributes\":{\"anchorName\":null,\"configuration\":{\"cmqsId\":\"348d2d16-9c01-455c-b94f-2696374de595\",\"ctaText\":\"More News\",\"ctaUrl\":\"/news\",\"displayCategory\":true,\"limit\":4,\"offset\":0,\"overflow\":false,\"sidebar\":false,\"tbRegion\":\"db-cm-homepage_stack_EN\",\"title\":\"Latest News\"},\"name\":\"WXU Content Media - 4 inline | Latest News\"},\"id\":\"7a64efde-4532-4374-acd9-6061b0a92b95\",\"relationships\":{\"module\":{\"data\":{\"id\":\"WxuContentMedia\",\"type\":\"module\"}},\"twc_config_type\":{\"data\":null}},\"type\":\"module_instance\"},{\"attributes\":{\"anchorName\":null,\"configuration\":{\"cmqsId\":\"9433667c-ffe0-4051-80ef-8f581491cf00\",\"ctaText\":\"Read More\",\"ctaUrl\":\"https://weather.com/forecast/news/2014-10-31-national-forecast-20141009\",\"impactHeadlineId\":null,\"limit\":null,\"locale\":null,\"offset\":1,\"overlay\":false,\"partner\":null,\"primaryCaption\":false,\"primaryTitle\":false,\"severeDescription\":null,\"severeTitle\":null,\"sponsoredImageAltText\":null,\"sponsoredImageUrl\":null,\"tbRegion\":\"db-cm-homepage_single_natl_EN\",\"title\":\"Weather Today Across the Country\",\"useH1\":false},\"name\":\"Wxu Content Media - 1:0 National\"},\"id\":\"bf4ee11b-1686-4fe2-b1ff-dbdeb84aacab\",\"relationships\":{\"module\":{\"data\":{\"id\":\"WxuContentMedia\",\"type\":\"module\"}},\"twc_config_type\":{\"data\":null}},\"type\":\"module_instance\"},{\"attributes\":{\"anchorName\":null,\"configuration\":{\"id\":\"WX_MidLeader\",\"tabletId\":\"none\",\"ttl\":0},\"name\":\"WXU Ad - WX_MidLeader | None\"},\"id\":\"6ec6a613-6078-498e-92b3-efb8a9c40adf\",\"relationships\":{\"module\":{\"data\":{\"id\":\"WxuAd\",\"type\":\"module\"}},\"twc_config_type\":{\"data\":null}},\"type\":\"module_instance\"},{\"attributes\":{\"anchorName\":null,\"configuration\":{\"cmqsId\":\"97094815-e4c6-4576-8b10-1a0d31327990\",\"ctaText\":\"See More\",\"ctaUrl\":\"/news\",\"limit\":4,\"offset\":0,\"overflow\":false,\"tbRegion\":\"db-cm-trending_EN\",\"title\":\"Recommended\"},\"name\":\"WXU Content Media - 4 inline | Trending Stories\"},\"id\":\"93e78c6f-fbe9-47e1-ae14-07a7ca30cac0\",\"relationships\":{\"module\":{\"data\":{\"id\":\"WxuContentMedia\",\"type\":\"module\"}},\"twc_config_type\":{\"data\":null}},\"type\":\"module_instance\"},{\"attributes\":{\"anchorName\":null,\"configuration\":{\"classOverride\":\"halfWidth\",\"id\":\"WX_Bot300AdX1\",\"ttl\":0},\"name\":\"WXU Ad WX_Bot300AdX1\"},\"id\":\"e0ab3ad1-2034-4075-a98f-b3d272a18bd5\",\"relationships\":{\"module\":{\"data\":{\"id\":\"WxuAd\",\"type\":\"module\"}},\"twc_config_type\":{\"data\":null}},\"type\":\"module_instance\"},{\"attributes\":{\"anchorName\":null,\"configuration\":{\"classOverride\":\"halfWidth\",\"id\":\"WX_Bot300AdX2\",\"ttl\":0},\"name\":\"WXU Ad WX_Bot300AdX2\"},\"id\":\"617de16a-5b28-4ea6-8a32-d3e81ec478dc\",\"relationships\":{\"module\":{\"data\":{\"id\":\"WxuAd\",\"type\":\"module\"}},\"twc_config_type\":{\"data\":null}},\"type\":\"module_instance\"},{\"attributes\":{\"anchorName\":null,\"configuration\":{\"adRef\":null,\"attribution\":{\"label\":null,\"link\":null,\"linkTarget\":null,\"title\":null},\"cmqsId\":\"0275875d-4b11-45fe-a653-bc5817088c16\",\"ctaTarget\":null,\"ctaText\":\"See More\",\"ctaUrl\":\"/slideshows\",\"impactHeadlineId\":null,\"limit\":4,\"listItem\":false,\"listView\":false,\"locale\":null,\"offset\":0,\"overflow\":false,\"overlay\":false,\"partner\":null,\"primaryCaption\":false,\"primaryTitle\":false,\"secondaryCount\":null,\"severeDescription\":null,\"severeNotice\":null,\"severeTitle\":null,\"sidebar\":false,\"sponsoredImageAltText\":null,\"sponsoredImageUrl\":null,\"tbRegion\":\"db-cm-list_EN\",\"title\":\"Photos\",\"useH1\":false},\"name\":\"WXU Content Media - 4 inline | Photos-Homepage\"},\"id\":\"68cf0061-cd5c-4c9a-a8e5-8ab8113bb28b\",\"relationships\":{\"module\":{\"data\":{\"id\":\"WxuContentMedia\",\"type\":\"module\"}},\"twc_config_type\":{\"data\":null}},\"type\":\"module_instance\"},{\"attributes\":{\"anchorName\":null,\"configuration\":{\"bypassServer\":true,\"configs\":{\"commands\":[{\"home\":\"auto\"},{\"container\":\"taboola-below-content-thumbnails-home\",\"mode\":\"thumbnails-d\",\"placement\":\"Below Content Thumbnails - home\",\"target_type\":\"mix\"},{\"flush\":true}],\"scriptId\":\"tb_loader_script\",\"url\":\"//cdn.taboola.com/libtrc/theweatherchannel/loader.js\"},\"id\":\"taboola-below-content-thumbnails-home\",\"limit\":2,\"ttl\":900,\"type\":\"generic\",\"wrapInPanel\":false},\"name\":\"Taboola | en-US | Home | Below-Content\"},\"id\":\"f6ca0247-5836-4cb0-a1f4-a2d9e3cf15bf\",\"relationships\":{\"module\":{\"data\":{\"id\":\"Taboola\",\"type\":\"module\"}},\"twc_config_type\":{\"data\":null}},\"type\":\"module_instance\"},{\"attributes\":{\"anchorName\":null,\"configuration\":{\"animation\":\"slideUp\",\"boldBodyText\":true,\"ctaLink1\":null,\"ctaLink2\":null,\"ctaText1\":null,\"ctaText2\":null,\"frequencyInHours\":1,\"imageCta\":null,\"imageUrl\":null,\"isSevere\":false,\"messagePosition\":\"bottom-right\",\"messageType\":\"popup\",\"openCtaLink1InNewWindow\":false,\"openCtaLink2InNewWindow\":false,\"overrideContent\":false,\"overrideRuleId\":\"SmartMessageABTestingPopupOct14\",\"showOnScrollOnly\":false,\"text\":null,\"title\":\"Premium for Web\",\"useOriginalImageSource\":true,\"userTargeting\":{\"anonymous\":true,\"premium\":false,\"standard\":true}},\"name\":\"Wxu Smart Message - Decision Service - SmartMessageViews Cap\"},\"id\":\"ccd9cf55-d5e7-49c0-ad2b-3551f3b154fe\",\"relationships\":{\"module\":{\"data\":{\"id\":\"WxuSmartMessage\",\"type\":\"module\"}},\"twc_config_type\":{\"data\":null}},\"type\":\"module_instance\"},{\"attributes\":{\"anchorName\":null,\"configuration\":{\"id\":\"WX_Top300Variable\",\"ttl\":0},\"name\":\"WXU Ad WX_Top300Variable\"},\"id\":\"2216c858-71f6-472b-a087-375ed6aa08a2\",\"relationships\":{\"module\":{\"data\":{\"id\":\"WxuAd\",\"type\":\"module\"}},\"twc_config_type\":{\"data\":null}},\"type\":\"module_instance\"},{\"attributes\":{\"anchorName\":null,\"configuration\":{\"ctaText\":\"hurricaneTrackerCta\",\"imapUrlOverlays\":null,\"overlays\":null,\"stormId\":\"Nicholas\",\"title\":\"hurricaneTrackerTitle\",\"zoom\":null},\"name\":\"WXU Hurricane Tracker Card - Updated\"},\"id\":\"eaf3a578-6862-468e-9c75-5973515b2d3f\",\"relationships\":{\"module\":{\"data\":{\"id\":\"WxuHurricaneTrackerCard\",\"type\":\"module\"}},\"twc_config_type\":{\"data\":null}},\"type\":\"module_instance\"},{\"attributes\":{\"anchorName\":null,\"configuration\":{\"id\":\"WX_Mid300\",\"ttl\":0},\"name\":\"WXU Ad WX_Mid300\"},\"id\":\"ddd4a3cb-7622-4c4d-b058-5101b4678ae5\",\"relationships\":{\"module\":{\"data\":{\"id\":\"WxuAd\",\"type\":\"module\"}},\"twc_config_type\":{\"data\":null}},\"type\":\"module_instance\"},{\"attributes\":{\"anchorName\":null,\"configuration\":{\"adPositionId\":\"WX_PromoDriver1\",\"fallbackImageUrl\":\"https://s.w-x.co/promo-modules-units-features.png\",\"fallbackLinkTarget\":null,\"fallbackLinkTitle\":null,\"fallbackLinkUrl\":\"/safety\",\"lazyload\":true,\"title\":\"Stay Safe\",\"ttl\":900},\"name\":\"WXU Promo Driver\"},\"id\":\"721f1a1a-460a-422c-a0db-db83a582b227\",\"relationships\":{\"module\":{\"data\":{\"id\":\"WxuPromoDriver\",\"type\":\"module\"}},\"twc_config_type\":{\"data\":null}},\"type\":\"module_instance\"},{\"attributes\":{\"anchorName\":null,\"configuration\":{\"coupled\":true,\"id\":\"WX_PromoDriver1\",\"lazyload\":true,\"ttl\":0},\"name\":\"WXU Ad WX_PromoDriver1 (coupled)\"},\"id\":\"d2ec6be1-08ec-4be9-b2d3-9df78d6b0d32\",\"relationships\":{\"module\":{\"data\":{\"id\":\"WxuAd\",\"type\":\"module\"}},\"twc_config_type\":{\"data\":null}},\"type\":\"module_instance\"},{\"attributes\":{\"anchorName\":null,\"configuration\":{\"animation\":\"slideUp\",\"boldBodyText\":false,\"ctaLink1\":\"/subscribe\",\"ctaLink2\":null,\"ctaText1\":\"Go Premium\",\"ctaText2\":null,\"frequencyInHours\":1,\"imageCta\":null,\"imageUrl\":\"\",\"isSevere\":false,\"messagePosition\":\"bottom-right\",\"messageType\":\"inPage\",\"openCtaLink1InNewWindow\":false,\"openCtaLink2InNewWindow\":false,\"overrideContent\":false,\"overrideRuleId\":\"SmartMessageABTestingInPageOct14\",\"showOnScrollOnly\":false,\"text\":\"\",\"title\":\"24-Hour Future Radar\",\"useOriginalImageSource\":true,\"userTargeting\":{\"anonymous\":true,\"premium\":false,\"standard\":true}},\"name\":\"Wxu Smart Message - InFeed - Advanced Radar\"},\"id\":\"4f2fc4ea-834c-493d-93af-1e3cdf2daea7\",\"relationships\":{\"module\":{\"data\":{\"id\":\"WxuSmartMessage\",\"type\":\"module\"}},\"twc_config_type\":{\"data\":null}},\"type\":\"module_instance\"},{\"attributes\":{\"anchorName\":null,\"configuration\":{\"animation\":\"slideUp\",\"boldBodyText\":false,\"ctaLink1\":\"https://weather.com/coronavirus\",\"ctaLink2\":null,\"ctaText1\":\"Track COVID-19\",\"ctaText2\":null,\"frequencyInHours\":0,\"geoIPandPartnerFencing\":false,\"id\":\"SmartMessageGeneralSurvey\",\"imageCta\":null,\"imageUrl\":null,\"isSevere\":false,\"messagePosition\":\"bottom-right\",\"messageType\":\"inPage\",\"openCtaLink1InNewWindow\":false,\"openCtaLink2InNewWindow\":false,\"overrideContent\":true,\"overrideRuleId\":null,\"showOnScrollOnly\":false,\"text\":\"See the latest in the new information hub, including county-level tracking for the US. Stay safe.\",\"title\":\"COVID-19\",\"useOriginalImageSource\":true,\"userTargeting\":{\"anonymous\":true,\"premium\":true,\"standard\":true}},\"name\":\"WXU Smart Message - COVID CTA\"},\"id\":\"2384c765-4ac5-41e9-8f2d-5a69476cf939\",\"relationships\":{\"module\":{\"data\":{\"id\":\"WxuSmartMessage\",\"type\":\"module\"}},\"twc_config_type\":{\"data\":null}},\"type\":\"module_instance\"},{\"attributes\":{\"anchorName\":null,\"configuration\":{\"adPosition\":null,\"adRef\":null,\"altText\":null,\"ariaLabel\":null,\"attribution\":{\"label\":null,\"link\":null,\"linkTarget\":null,\"title\":null},\"bulletType\":null,\"cmqsId\":\"7d7ca9dd-ea1c-4299-af08-063bfb8eb2fc\",\"ctaTarget\":null,\"ctaText\":\"See More\",\"ctaUrl\":\"/deals/stackcommerce\",\"displayCategory\":false,\"fromString\":\"ContentMedia|AffiliatePromo|See More\",\"fullWidthStackedInSidebar\":true,\"icon\":{\"ariaLabel\":null,\"name\":null,\"set\":null},\"impactHeadlineId\":null,\"limit\":1,\"listItem\":null,\"listName\":null,\"listView\":false,\"locale\":null,\"logo\":null,\"moduleInSidebar\":false,\"offset\":1,\"overflow\":false,\"overlay\":false,\"partner\":null,\"primaryCaption\":true,\"primaryTitle\":true,\"secondaryCount\":null,\"severeDescription\":null,\"severeNotice\":null,\"severeTitle\":null,\"sidebar\":false,\"sponsorText\":null,\"sponsoredImageAltText\":null,\"sponsoredImageUrl\":null,\"tbRegion\":\"tb-affiliate-rr\",\"title\":\"Featured Deal\",\"useH1\":false,\"useOriginalImageSource\":false,\"useTeaserTitle\":false},\"name\":\"Wxu Content Media - Affiliate Program Article Promo\"},\"id\":\"154205c3-43e0-4e4d-a284-972095b12084\",\"relationships\":{\"module\":{\"data\":{\"id\":\"WxuContentMedia\",\"type\":\"module\"}},\"twc_config_type\":{\"data\":null}},\"type\":\"module_instance\"},{\"attributes\":{\"anchorName\":null,\"configuration\":{\"id\":\"WX_Bot300AdX3\",\"ttl\":0},\"name\":\"WXU Ad WX_Bot300AdX3\"},\"id\":\"fbb14727-c8f1-4a09-a56b-b840a24681c4\",\"relationships\":{\"module\":{\"data\":{\"id\":\"WxuAd\",\"type\":\"module\"}},\"twc_config_type\":{\"data\":null}},\"type\":\"module_instance\"},{\"attributes\":{\"anchorName\":null,\"configuration\":{\"id\":\"WX_BottomLeader\",\"tabletId\":\"WX_BottomLeaderTablet\",\"ttl\":0},\"name\":\"WXU Ad - WX_BottomLeader | WX_BottomLeaderTablet\"},\"id\":\"cb63b42d-d07c-48d9-a6a4-5f0b1dbc58bf\",\"relationships\":{\"module\":{\"data\":{\"id\":\"WxuAd\",\"type\":\"module\"}},\"twc_config_type\":{\"data\":null}},\"type\":\"module_instance\"},{\"attributes\":{\"anchorName\":null,\"configuration\":{\"deleteCookie\":false,\"percentage\":5},\"name\":\"Wxu Daybreak Metrics\"},\"id\":\"95b11cb9-8af9-4c23-abd1-5b7e7bc621d9\",\"relationships\":{\"module\":{\"data\":{\"id\":\"WxuDaybreakMetrics\",\"type\":\"module\"}},\"twc_config_type\":{\"data\":null}},\"type\":\"module_instance\"},{\"attributes\":{\"anchorName\":null,\"configuration\":{\"ttl\":900},\"name\":\"WXU Medallia\"},\"id\":\"495720e7-facc-4c28-af6b-52f78459520a\",\"relationships\":{\"module\":{\"data\":{\"id\":\"WxuMedalliaSurvey\",\"type\":\"module\"}},\"twc_config_type\":{\"data\":null}},\"type\":\"module_instance\"},{\"attributes\":{\"anchorName\":null,\"configuration\":{\"ttl\":900},\"name\":\"WXU Footer\"},\"id\":\"5b5ebc4f-6cb5-4bcf-8c09-60524c9ff62d\",\"relationships\":{\"module\":{\"data\":{\"id\":\"WxuFooter\",\"type\":\"module\"}},\"twc_config_type\":{\"data\":null}},\"type\":\"module_instance\"},{\"attributes\":{\"configuration_options\":{\"layoutModule\":\"WxuDaybreakLargeScreen\"},\"layout_areas\":[{\"id\":\"meta\"},{\"id\":\"topAds\"},{\"id\":\"header\"},{\"id\":\"contentTop\"},{\"id\":\"main\"},{\"id\":\"sidebar\"},{\"id\":\"contentBottom\"},{\"id\":\"footer\"}],\"name\":\"WxuDaybreakLargeScreen\"},\"id\":\"e761d37d-77ab-43b9-a7aa-97fa2b9a6ec6\",\"relationships\":{\"twc_config_type\":{\"data\":null}},\"type\":\"layout\"}]},\"status\":200,\"statusText\":\"OK\"}},\"getMewAdThirdPartyConfigsUrlConfig\":{\"tokens:miscCustParams_all,confiant_all,criteoSlot_enUSGLS,amznHdBid_enUSGLS,iasPetSlot_enUSGLS,lotame_enUSenCAGLS,rubicon_enUS,sourcePoint_enUS,wfxtg_all,wxAdTargeting_all,moatYieldIntelligence_all,premiumAdDataLake_all,desktopUserActionAdRefresh,refreshAds\":{\"loading\":false,\"loaded\":true,\"data\":{\"data\":[{\"config\":{\"pubId\":1004,\"slots\":{\"desktop\":[{\"sizes\":[[728,90]],\"slotID\":\"WX_WindowShadeToday\",\"slotName\":\"/7646/web_weather_us/WX_WindowShadeToday\"},{\"sizes\":[[728,90],[970,250]],\"slotID\":\"WX_WindowShade\",\"slotName\":\"/7646/web_weather_us/WX_WindowShade\"},{\"sizes\":[[300,600],[300,250],[160,600]],\"slotID\":\"WX_Top300Variable\",\"slotName\":\"/7646/web_weather_us/WX_Top300Variable\"},{\"sizes\":[[300,600],[300,250],[160,600]],\"slotID\":\"WX_Top300Variable_Hourly\",\"slotName\":\"/7646/tablet_weather_us/WX_Top300Variable_Hourly\"},{\"sizes\":[[300,600],[300,250],[160,600]],\"slotID\":\"WX_Mid300Variable\",\"slotName\":\"/7646/web_weather_us/WX_Mid300Variable\"},{\"sizes\":[[300,250]],\"slotID\":\"WX_Mid300\",\"slotName\":\"/7646/web_weather_us/WX_Mid300\"},{\"sizes\":[[300,250]],\"slotID\":\"WX_Top300Small\",\"slotName\":\"/7646/web_weather_us/WX_Top300Small\"},{\"sizes\":[[728,90]],\"slotID\":\"WX_MidLeader\",\"slotName\":\"/7646/web_weather_us/WX_MidLeader\"},{\"sizes\":[[728,90]],\"slotID\":\"WX_BottomLeader\",\"slotName\":\"/7646/web_weather_us/WX_BottomLeader\"},{\"sizes\":[[728,90]],\"slotID\":\"WX_DriverUnit\",\"slotName\":\"/7646/web_weather_us/WX_DriverUnit\"},{\"sizes\":[[300,250]],\"slotID\":\"WX_PaidSearch\",\"slotName\":\"/7646/web_weather_us/WX_PaidSearch\"},{\"sizes\":[[300,250]],\"slotID\":\"WX_MidSticky\",\"slotName\":\"/7646/web_weather_us/WX_MidSticky\"},{\"sizes\":[[300,250]],\"slotID\":\"WX_Bot3x1\",\"slotName\":\"/7646/web_weather_us/WX_Bot3x1\"},{\"sizes\":[[300,250]],\"slotID\":\"WX_Bot300\",\"slotName\":\"/7646/web_weather_us/WX_Bot300\"},{\"sizes\":[[300,250]],\"slotID\":\"WX_Bot300AdX1\",\"slotName\":\"/7646/web_weather_us/WX_Bot300AdX1\"},{\"sizes\":[[300,250]],\"slotID\":\"WX_Bot300AdX2\",\"slotName\":\"/7646/web_weather_us/WX_Bot300AdX2\"},{\"sizes\":[[300,250]],\"slotID\":\"WX_Bot300AdX3\",\"slotName\":\"/7646/web_weather_us/WX_Bot300AdX3\"},{\"sizes\":[[300,250]],\"slotID\":\"WX_Bot300AdX4\",\"slotName\":\"/7646/web_weather_us/WX_Bot300AdX4\"},{\"sizes\":[[300,250]],\"slotID\":\"WX_Bot300AdX5\",\"slotName\":\"/7646/web_weather_us/WX_Bot300AdX5\"},{\"sizes\":[[300,250]],\"slotID\":\"WX_Bot300AdX6\",\"slotName\":\"/7646/web_weather_us/WX_Bot300AdX6\"}],\"mobile\":[{\"sizes\":[[320,50]],\"slotID\":\"MW_Position1\",\"slotName\":\"/7646/mobile_smart_us/MW_Position1\"},{\"sizes\":[[320,50]],\"slotID\":\"MW_Position1_Samsung\",\"slotName\":\"/7646/mobile_smart_us/MW_Position1_Samsung\"},{\"sizes\":[[300,250]],\"slotID\":\"MW_Position2\",\"slotName\":\"/7646/mobile_smart_us/MW_Position2\"},{\"sizes\":[[300,250]],\"slotID\":\"MW_Position3\",\"slotName\":\"/7646/mobile_smart_us/MW_Position3\"},{\"sizes\":[[300,250],[300,600],[160,600]],\"slotID\":\"MW_Position3_Hourly\",\"slotName\":\"/7646/mobile_smart_us/MW_Position3_Hourly\"},{\"sizes\":[[300,250],[300,600],[160,600]],\"slotID\":\"MW_Position4\",\"slotName\":\"/7646/mobile_smart_us/MW_Position4\"},{\"sizes\":[[300,250]],\"slotID\":\"MW_Position5\",\"slotName\":\"/7646/mobile_smart_us/MW_Position5\"}],\"tablet\":[{\"sizes\":[[728,90]],\"slotID\":\"WX_Leaderboard\",\"slotName\":\"/7646/tablet_weather_us/WX_Leaderboard\"},{\"sizes\":[[300,600],[300,250],[160,600]],\"slotID\":\"WX_Top300Variable\",\"slotName\":\"/7646/tablet_weather_us/WX_Top300Variable\"},{\"sizes\":[[300,600],[300,250],[160,600]],\"slotID\":\"WX_Top300Variable_Hourly\",\"slotName\":\"/7646/tablet_weather_us/WX_Top300Variable_Hourly\"},{\"sizes\":[[300,600],[300,250],[160,600]],\"slotID\":\"WX_Mid300Variable\",\"slotName\":\"/7646/web_weather_us/WX_Mid300Variable\"},{\"sizes\":[[300,250]],\"slotID\":\"WX_Mid300\",\"slotName\":\"/7646/tablet_weather_us/WX_Mid300\"},{\"sizes\":[[300,250]],\"slotID\":\"WX_Top300Small\",\"slotName\":\"/7646/tablet_weather_us/WX_Top300Small\"},{\"sizes\":[[728,90]],\"slotID\":\"WX_MidLeader\",\"slotName\":\"/7646/tablet_weather_us/WX_MidLeader\"},{\"sizes\":[[728,90]],\"slotID\":\"WX_BottomLeader\",\"slotName\":\"/7646/tablet_weather_us/WX_BottomLeader\"},{\"sizes\":[[320,50]],\"slotID\":\"WX_DriverUnitTablet\",\"slotName\":\"/7646/tablet_weather_us/WX_DriverUnitTablet\"},{\"sizes\":[[300,250]],\"slotID\":\"WX_Bot300\",\"slotName\":\"/7646/tablet_weather_us/WX_Bot300\"},{\"sizes\":[[300,250]],\"slotID\":\"WX_PaidSearch\",\"slotName\":\"/7646/tablet_weather_us/WX_PaidSearch\"},{\"sizes\":[[300,250]],\"slotID\":\"WX_MidSticky\",\"slotName\":\"/7646/tablet_weather_us/WX_MidSticky\"},{\"sizes\":[[300,250]],\"slotID\":\"WX_Bot3x1\",\"slotName\":\"/7646/tablet_weather_us/WX_Bot3x1\"}]},\"timeout\":1000},\"config_type\":\"amznHdBid\",\"name\":\"Amazon Header Bidders - en-US, GLS\",\"token\":\"amznHdBid_enUSGLS\"},{\"config\":{\"lineItemRanges\":\"0..10:0.05;10..20:0.10;20..100:0.50\",\"placements\":{\"desktop\":[{\"slotid\":\"WX_Top300Variable\",\"zoneid\":761229},{\"slotid\":\"WX_Top300Variable_Hourly\",\"zoneid\":761229},{\"slotid\":\"WX_WindowShade\",\"zoneid\":761231},{\"slotid\":\"WX_MidLeader\",\"zoneid\":761234},{\"slotid\":\"WX_BottomLeader\",\"zoneid\":761234},{\"slotid\":\"WX_DriverUnit\",\"zoneid\":761234},{\"slotid\":\"WX_PaidSearch\",\"zoneid\":761235},{\"slotid\":\"WX_Mid300\",\"zoneid\":761235},{\"slotid\":\"WX_Bot300\",\"zoneid\":761235},{\"slotid\":\"WX_Mid300Variable\",\"zoneid\":761229},{\"slotid\":\"WX_Bot300AdX1\",\"zoneid\":1507710},{\"slotid\":\"WX_Bot300AdX2\",\"zoneid\":1507710},{\"slotid\":\"WX_Bot300AdX3\",\"zoneid\":1507710},{\"slotid\":\"WX_Top300Small\",\"zoneid\":761235}],\"mobile\":[{\"slotid\":\"MW_Position2\",\"zoneid\":761262},{\"slotid\":\"MW_Position3\",\"zoneid\":761262},{\"slotid\":\"MW_Position4\",\"zoneid\":761262},{\"slotid\":\"MW_Position5\",\"zoneid\":761262},{\"slotid\":\"MW_Position1\",\"zoneid\":1554128},{\"slotid\":\"MW_Position1_Samsung\",\"zoneid\":1554128},{\"slotid\":\"MW_Position3_Hourly\",\"zoneid\":761262}],\"tablet\":[{\"slotid\":\"WX_Top300Variable\",\"zoneid\":761229},{\"slotid\":\"WX_Top300Variable_Hourly\",\"zoneid\":761229},{\"slotid\":\"WX_Leaderboard\",\"zoneid\":835755},{\"slotid\":\"WX_MidLeader\",\"zoneid\":761234},{\"slotid\":\"WX_BottomLeader\",\"zoneid\":761234},{\"slotid\":\"WX_BottomLeaderTablet\",\"zoneid\":761234},{\"slotid\":\"WX_DriverUnit\",\"zoneid\":761234},{\"slotid\":\"WX_PaidSearch\",\"zoneid\":761235},{\"slotid\":\"WX_Mid300\",\"zoneid\":761235},{\"slotid\":\"WX_Bot300\",\"zoneid\":761235},{\"slotid\":\"WX_Mid300Variable\",\"zoneid\":761229},{\"slotid\":\"WX_Bot300AdX1\",\"zoneid\":1507710},{\"slotid\":\"WX_Bot300AdX2\",\"zoneid\":1507710},{\"slotid\":\"WX_Bot300AdX3\",\"zoneid\":1507710},{\"slotid\":\"WX_Top300Small\",\"zoneid\":761235}]},\"timeout\":1000},\"config_type\":\"criteoSlot\",\"name\":\"Criteo Slot - en-US, GLS\",\"token\":\"criteoSlot_enUSGLS\"},{\"config\":{\"atf\":{\"all\":{\"radar\":{\"inViewOnly\":false,\"positions\":[\"WX_Top300Variable\"],\"userActionDelay\":6},\"tenday\":{\"inViewOnly\":false,\"positions\":[\"WX_WindowShade\",\"WX_Top300Variable\",\"WX_Top300Variable_Hourly\"],\"userActionDelay\":31}},\"inViewOnly\":false,\"positions\":[],\"userActionDelay\":31},\"btf\":{\"all\":{\"tenday\":{\"inViewOnly\":false,\"positions\":[\"WX_Mid300\",\"WX_Mid300Variable\",\"WX_Bot300AdX1\",\"WX_Bot300AdX2\",\"WX_Bot300AdX3\",\"WX_DriverUnit\",\"WX_BottomLeader\",\"WX_BottomLeaderTablet\",\"WX_MidLeader\",\"WX_Bot300\"],\"userActionDelay\":15}},\"inViewOnly\":false,\"positions\":[],\"userActionDelay\":15},\"refreshBidders\":[\"amznHdBid\",\"rubicon\"]},\"config_type\":\"userActionAdRefresh\",\"name\":\"Desktop User Action Ad Refresh\",\"token\":\"desktopUserActionAdRefresh\"},{\"config\":{\"atf\":{\"all\":{\"home\":{\"positions\":[\"WX_WindowShade\",\"WX_Leaderboard\",\"WX_Top300Variable\"]},\"hourly\":{\"positions\":[\"WX_WindowShade\",\"WX_Leaderboard\",\"WX_Top300Variable\",\"WX_Top300Variable_Hourly\"]},\"tenday\":{\"positions\":[\"WX_WindowShade\",\"WX_Leaderboard\",\"WX_Top300Variable\",\"WX_Top300Variable_Hourly\"]},\"today\":{\"positions\":[\"WX_WindowShade\",\"WX_Leaderboard\",\"WX_Top300Variable\",\"WX_Top300Variable_Hourly\"]}},\"inViewOnly\":true,\"interval\":0,\"positions\":[\"WX_WindowShade\",\"WX_Leaderboard\",\"WX_Top300Variable\",\"WX_Top300Variable_Hourly\"]},\"btf\":{\"all\":{\"home\":{\"positions\":[\"WX_Mid300\",\"WX_Bot300AdX1\",\"WX_Bot300AdX2\",\"WX_Bot300AdX3\",\"WX_DriverUnit\",\"WX_BottomLeader\",\"WX_BottomLeaderTablet\",\"WX_MidLeader\",\"WX_Bot300\"]},\"hourly\":{\"positions\":[\"WX_Mid300\",\"WX_Mid300Variable\",\"WX_Bot300AdX1\",\"WX_Bot300AdX2\",\"WX_Bot300AdX3\",\"WX_DriverUnit\",\"WX_BottomLeader\",\"WX_BottomLeaderTablet\",\"WX_MidLeader\",\"WX_Bot300\"]},\"tenday\":{\"positions\":[\"WX_Mid300\",\"WX_Bot300AdX1\",\"WX_Bot300AdX2\",\"WX_Bot300AdX3\",\"WX_DriverUnit\",\"WX_BottomLeader\",\"WX_BottomLeaderTablet\",\"WX_MidLeader\",\"WX_Bot300\"]},\"today\":{\"positions\":[\"WX_Mid300\",\"WX_Bot300AdX1\",\"WX_Bot300AdX2\",\"WX_Bot300AdX3\",\"WX_DriverUnit\",\"WX_BottomLeader\",\"WX_BottomLeaderTablet\",\"WX_MidLeader\",\"WX_Bot300\"]}},\"inViewOnly\":true,\"interval\":0,\"positions\":[\"WX_Mid300\",\"WX_Bot300AdX1\",\"WX_Bot300AdX2\",\"WX_Bot300AdX3\",\"WX_DriverUnit\",\"WX_BottomLeader\",\"WX_BottomLeaderTablet\",\"WX_MidLeader\",\"WX_Bot300\",\"WX_PaidSearch\"]},\"refreshBidders\":[\"amznHdBid\",\"rubicon\"]},\"config_type\":\"refreshAds\",\"name\":\"Refresh Ads\",\"token\":\"refreshAds\"},{\"config\":{\"acctId\":\"5E2FB6\",\"timeout\":1000},\"config_type\":\"wfxtg\",\"name\":\"Weather FX Triggers - All\",\"token\":\"wfxtg_all\"},{\"config\":{\"defaultTimeoutOverride\":1000,\"en-US\":{\"home,today,video\":{\"timeoutOverride\":1000}},\"filename\":\"10738_TWC.js\",\"testFilename\":\"10738_TWC_test.js\"},\"config_type\":\"rubicon\",\"name\":\"Rubicon - en-US\",\"token\":\"rubicon_enUS\"},{\"config\":null,\"config_type\":\"moatYieldIntelligence\",\"name\":\"Moat Yield Intelligence - All\",\"token\":\"moatYieldIntelligence_all\"},{\"config\":null,\"config_type\":\"confiant\",\"name\":\"Confiant - All\",\"token\":\"confiant_all\"},{\"config\":null,\"config_type\":\"premiumAdDataLake\",\"name\":\"Premium Ad Data Lake - All\",\"token\":\"premiumAdDataLake_all\"},{\"config\":null,\"config_type\":\"miscCustParams\",\"name\":\"Misc Targeting - All\",\"token\":\"miscCustParams_all\"},{\"config\":null,\"config_type\":\"wxAdTargeting\",\"name\":\"WxAdTargeting - All\",\"token\":\"wxAdTargeting_all\"},{\"config\":null,\"config_type\":\"sourcePoint\",\"name\":\"SourcePoint - en-US\",\"token\":\"sourcePoint_enUS\"},{\"config\":{\"clientId\":\"2215\",\"tagsScriptId\":\"LOTCC_1884\",\"tagsSrcId\":\"1884\"},\"config_type\":\"lotame\",\"name\":\"Lotame - en-US, en-CA, GLS\",\"token\":\"lotame_enUSenCAGLS\"},{\"config\":{\"pubId\":\"8584\"},\"config_type\":\"iasPetSlot\",\"name\":\"IAS Pet Slot - en-US and GLS\",\"token\":\"iasPetSlot_enUSGLS\"}]},\"status\":200,\"statusText\":\"OK\"}},\"getContentMediaUrlConfig\":{\"assetId:b5b00612-dcab-47fe-aa37-7edcc198c3eb;language:en-US\":{\"loading\":false,\"loaded\":true,\"data\":[{\"headline\":\"Divers Discover 1,200-Year-Old Canoe in Wisconsin Lake\",\"url\":\"/news/trending/video/divers-discover-1200-year-old-canoe-in-wisconsin-lake\",\"caption\":\"Archaeologists say a piece of wood found in a Wisconsin lake is actually a canoe dating back more than 1,000 years. Take a look at the incredible find.\",\"teaserTitle\":\"Divers Make Remarkable Discovery in Wisconsin Lake\",\"src\":\"https://s.w-x.co/OldCanoe.jpg\",\"srcSet\":[{\"src\":\"https://s.w-x.co/util/image/w/OldCanoe.jpg?v=at&w=160&h=90\",\"variant\":\"160w\"},{\"src\":\"https://s.w-x.co/util/image/w/OldCanoe.jpg?v=at&w=320&h=180\",\"variant\":\"320w\"},{\"src\":\"https://s.w-x.co/util/image/w/OldCanoe.jpg?v=at&w=815&h=458\",\"variant\":\"815w\"},{\"src\":\"https://s.w-x.co/util/image/w/OldCanoe.jpg?v=at&w=1280&h=720\",\"variant\":\"1024w\"}],\"lqip\":\"https://s.w-x.co/util/image/w/OldCanoe.jpg?v=at&w=73&h=49\",\"provider\":{\"name\":\"TWC\"},\"publishdate\":\"2021-11-08T11:35:13.000-05:00\",\"icon\":\"photo\",\"category\":{\"link\":\"\",\"title\":\"\"},\"webVideoData\":{\"web\":\"https://v.w-x.co/digital_video/The_Weather_Channel_-_Reach_Engine/5a16209d-86a3-4530-94a7-703242f6e628/ARCHAEOLOGISTS_DISCOVER_mezz_Playlist.m3u8\",\"mweb\":\"https://v.w-x.co/digital_video/The_Weather_Channel_-_Reach_Engine/5a16209d-86a3-4530-94a7-703242f6e628/ARCHAEOLOGISTS_DISCOVER_mezz_Playlist.m3u8\"}},{\"headline\":\"What\u2019s Causing Strange Series of Quakes in South Carolina?\",\"url\":\"/science/environment/video/whats-causing-strange-series-of-quakes-in-south-carolina\",\"caption\":\"South Carolina has been shaken by a strange series of earthquakes. And that cause may be a manmade lake. Here\u2019s why.\",\"teaserTitle\":\"Lake Causing Quakes in South Carolina?\",\"src\":\"https://v.w-x.co/1636414121904_1108_v2EarthQuakes_lake_scproxy.jpg\",\"srcSet\":[{\"src\":\"https://s.w-x.co/util/image/v/1636414121904_1108_v2EarthQuakes_lake_scproxy.jpg?v=at&w=160&h=90\",\"variant\":\"160w\"},{\"src\":\"https://s.w-x.co/util/image/v/1636414121904_1108_v2EarthQuakes_lake_scproxy.jpg?v=at&w=320&h=180\",\"variant\":\"320w\"},{\"src\":\"https://s.w-x.co/util/image/v/1636414121904_1108_v2EarthQuakes_lake_scproxy.jpg?v=at&w=815&h=458\",\"variant\":\"815w\"},{\"src\":\"https://s.w-x.co/util/image/v/1636414121904_1108_v2EarthQuakes_lake_scproxy.jpg?v=at&w=1280&h=720\",\"variant\":\"1024w\"}],\"lqip\":\"https://s.w-x.co/util/image/v/1636414121904_1108_v2EarthQuakes_lake_scproxy.jpg?v=at&w=73&h=49\",\"provider\":{\"name\":\"TWC\"},\"publishdate\":\"2021-11-08T18:28:52.000-05:00\",\"icon\":\"photo\",\"category\":{\"link\":\"\",\"title\":\"\"},\"webVideoData\":{\"web\":\"https://v.w-x.co/digital_video/The_Weather_Channel_-_Reach_Engine/a28f5f32-1034-4a45-8718-100d7b897b48/1108_v2EarthQuakes_lake_scmezz_Playlist.m3u8\",\"mweb\":\"https://v.w-x.co/digital_video/The_Weather_Channel_-_Reach_Engine/a28f5f32-1034-4a45-8718-100d7b897b48/1108_v2EarthQuakes_lake_scmezz_Playlist.m3u8\"}},{\"headline\":\"Recycling Bin from Myrtle Beach Ends up in Ireland\",\"url\":\"/news/trending/video/recycling-bin-from-myrtle-beach-ends-up-in-ireland\",\"caption\":\"A recycling bin from Myrtle Beach, South Carolina, is spotted on a beach in Ireland.\",\"teaserTitle\":\"Trash Can Travels 3,500 Miles Across Ocean\",\"src\":\"https://s.w-x.co/ireland118.jpg\",\"srcSet\":[{\"src\":\"https://s.w-x.co/util/image/w/ireland118.jpg?v=at&w=160&h=90\",\"variant\":\"160w\"},{\"src\":\"https://s.w-x.co/util/image/w/ireland118.jpg?v=at&w=320&h=180\",\"variant\":\"320w\"},{\"src\":\"https://s.w-x.co/util/image/w/ireland118.jpg?v=at&w=815&h=458\",\"variant\":\"815w\"},{\"src\":\"https://s.w-x.co/util/image/w/ireland118.jpg?v=at&w=1280&h=720\",\"variant\":\"1024w\"}],\"lqip\":\"https://s.w-x.co/util/image/w/ireland118.jpg?v=at&w=73&h=49\",\"provider\":{\"name\":\"TWC\"},\"publishdate\":\"2021-11-08T18:01:33.000-05:00\",\"icon\":\"photo\",\"category\":{\"link\":\"\",\"title\":\"\"},\"webVideoData\":{\"web\":\"https://v.w-x.co/digital_video/The_Weather_Channel_-_Reach_Engine/39f192cf-a8b9-422a-a199-908032cae4db/RECYCLING_BIN_FROM_MYRTLE_BEACH_WINDS_UP_IN_IRELANDmezz_Playlist.m3u8\",\"mweb\":\"https://v.w-x.co/digital_video/The_Weather_Channel_-_Reach_Engine/39f192cf-a8b9-422a-a199-908032cae4db/RECYCLING_BIN_FROM_MYRTLE_BEACH_WINDS_UP_IN_IRELANDmezz_Playlist.m3u8\"}},{\"headline\":\"Snow Blankets Washington\u2019s Mountain Passes\",\"url\":\"/news/weather/video/snow-blankets-washingtons-mountain-passes\",\"caption\":\"A big snowfall hits Washington\u2019s Cascades, causing a snowy mess and wrecks in mountain passes. Take a look.\",\"teaserTitle\":\"Big Snow Creates Big Mess in Cascades\",\"src\":\"https://s.w-x.co/CascadesWrecks.jpg\",\"srcSet\":[{\"src\":\"https://s.w-x.co/util/image/w/CascadesWrecks.jpg?v=at&w=160&h=90\",\"variant\":\"160w\"},{\"src\":\"https://s.w-x.co/util/image/w/CascadesWrecks.jpg?v=at&w=320&h=180\",\"variant\":\"320w\"},{\"src\":\"https://s.w-x.co/util/image/w/CascadesWrecks.jpg?v=at&w=815&h=458\",\"variant\":\"815w\"},{\"src\":\"https://s.w-x.co/util/image/w/CascadesWrecks.jpg?v=at&w=1280&h=720\",\"variant\":\"1024w\"}],\"lqip\":\"https://s.w-x.co/util/image/w/CascadesWrecks.jpg?v=at&w=73&h=49\",\"provider\":{\"name\":\"TWC\"},\"publishdate\":\"2021-11-08T14:51:53.000-05:00\",\"icon\":\"photo\",\"category\":{\"link\":\"\",\"title\":\"\"},\"webVideoData\":{\"web\":\"https://v.w-x.co/digital_video/The_Weather_Channel_-_Reach_Engine/bdb7dbda-3edc-45ff-a570-da33abb65989/SNOWY_MESS_1_mezz_Playlist.m3u8\",\"mweb\":\"https://v.w-x.co/digital_video/The_Weather_Channel_-_Reach_Engine/bdb7dbda-3edc-45ff-a570-da33abb65989/SNOWY_MESS_1_mezz_Playlist.m3u8\"}},{\"headline\":\"Salmon Swim Across Washington Highway\",\"url\":\"/news/trending/video/salmon-swim-across-washington-highway\",\"caption\":\"Heavy rains and an overflowing Skokomish River send salmon across a highway in Washington state.\",\"teaserTitle\":\"Flooding Lets Salmon Swim Across Highway\",\"src\":\"https://s.w-x.co/salmon_0.jpg\",\"srcSet\":[{\"src\":\"https://s.w-x.co/util/image/w/salmon_0.jpg?v=at&w=160&h=90\",\"variant\":\"160w\"},{\"src\":\"https://s.w-x.co/util/image/w/salmon_0.jpg?v=at&w=320&h=180\",\"variant\":\"320w\"},{\"src\":\"https://s.w-x.co/util/image/w/salmon_0.jpg?v=at&w=815&h=458\",\"variant\":\"815w\"},{\"src\":\"https://s.w-x.co/util/image/w/salmon_0.jpg?v=at&w=1280&h=720\",\"variant\":\"1024w\"}],\"lqip\":\"https://s.w-x.co/util/image/w/salmon_0.jpg?v=at&w=73&h=49\",\"provider\":{\"name\":\"TWC\"},\"publishdate\":\"2021-11-07T14:38:11.000-05:00\",\"icon\":\"photo\",\"category\":{\"link\":\"\",\"title\":\"\"},\"webVideoData\":{\"web\":\"https://v.w-x.co/digital_video/The_Weather_Channel_-_Reach_Engine/6d34cd91-1993-455b-89f3-f914a9d835bf/1107_FishCrossTheRoad_Text_WKDEdit_1mezz_Playlist.m3u8\",\"mweb\":\"https://v.w-x.co/digital_video/The_Weather_Channel_-_Reach_Engine/6d34cd91-1993-455b-89f3-f914a9d835bf/1107_FishCrossTheRoad_Text_WKDEdit_1mezz_Playlist.m3u8\"}},{\"headline\":\"Large Waterspout Whirls Near Vancouver Airport\",\"url\":\"/news/weather/video/large-waterspout-whirls-near-vancouver-airport\",\"caption\":\"A large waterspout forms near the Vancouver International Airport and soon moves onto land. Take a look.\",\"teaserTitle\":\"Rare Waterspout Forms Off Coast of Vancouver\",\"src\":\"https://s.w-x.co/VancouverWaterspout.jpg\",\"srcSet\":[{\"src\":\"https://s.w-x.co/util/image/w/VancouverWaterspout.jpg?v=at&w=160&h=90\",\"variant\":\"160w\"},{\"src\":\"https://s.w-x.co/util/image/w/VancouverWaterspout.jpg?v=at&w=320&h=180\",\"variant\":\"320w\"},{\"src\":\"https://s.w-x.co/util/image/w/VancouverWaterspout.jpg?v=at&w=815&h=458\",\"variant\":\"815w\"},{\"src\":\"https://s.w-x.co/util/image/w/VancouverWaterspout.jpg?v=at&w=1280&h=720\",\"variant\":\"1024w\"}],\"lqip\":\"https://s.w-x.co/util/image/w/VancouverWaterspout.jpg?v=at&w=73&h=49\",\"provider\":{\"name\":\"TWC\"},\"publishdate\":\"2021-11-08T10:29:23.000-05:00\",\"icon\":\"photo\",\"category\":{\"link\":\"\",\"title\":\"\"},\"webVideoData\":{\"web\":\"https://v.w-x.co/digital_video/The_Weather_Channel_-_Reach_Engine/de9897cf-71ed-4866-ba86-5896d91f44d6/v3_Large_Waterspout_Whirls_Near_Vancouver_Airport_mezz_Playlist.m3u8\",\"mweb\":\"https://v.w-x.co/digital_video/The_Weather_Channel_-_Reach_Engine/de9897cf-71ed-4866-ba86-5896d91f44d6/v3_Large_Waterspout_Whirls_Near_Vancouver_Airport_mezz_Playlist.m3u8\"}},{\"headline\":\"Countries Drastically Underreport Greenhouse Gas Emissions, Investigation Finds\",\"url\":\"/news/climate/video/countries-drastically-underreport-greenhouse-gas-emissions-investigation-finds\",\"caption\":\"Emissions data is the framework for limiting warming to 1.5 degrees Celsius. But a Washington Post investigation found a huge gap between reported emissions, and what\u2019s actually in the atmosphere.\",\"teaserTitle\":\"Underreporting of Greenhouse Gas Emissions Put Paris Agreement Goal in Jeopardy\",\"src\":\"https://s.w-x.co/EmissionsLIes.jpg\",\"srcSet\":[{\"src\":\"https://s.w-x.co/util/image/w/EmissionsLIes.jpg?v=at&w=160&h=90\",\"variant\":\"160w\"},{\"src\":\"https://s.w-x.co/util/image/w/EmissionsLIes.jpg?v=at&w=320&h=180\",\"variant\":\"320w\"},{\"src\":\"https://s.w-x.co/util/image/w/EmissionsLIes.jpg?v=at&w=815&h=458\",\"variant\":\"815w\"},{\"src\":\"https://s.w-x.co/util/image/w/EmissionsLIes.jpg?v=at&w=1280&h=720\",\"variant\":\"1024w\"}],\"lqip\":\"https://s.w-x.co/util/image/w/EmissionsLIes.jpg?v=at&w=73&h=49\",\"provider\":{\"name\":\"TWC\"},\"publishdate\":\"2021-11-08T13:37:13.000-05:00\",\"icon\":\"photo\",\"category\":{\"link\":\"\",\"title\":\"\"},\"webVideoData\":{\"web\":\"https://v.w-x.co/digital_video/The_Weather_Channel_-_Reach_Engine/b8f29438-a30c-4e14-b47e-4ae4bf7c066e/1108_ClimatePledgesBuiltOnFlawedData_STUDIOmezz_Playlist.m3u8\",\"mweb\":\"https://v.w-x.co/digital_video/The_Weather_Channel_-_Reach_Engine/b8f29438-a30c-4e14-b47e-4ae4bf7c066e/1108_ClimatePledgesBuiltOnFlawedData_STUDIOmezz_Playlist.m3u8\"}},{\"headline\":\"India\u2019s Yamuna River Covered in Toxic Foam as Revelers Bathe in Its Polluted Waters\",\"url\":\"/science/environment/video/indias-yamuna-river-covered-in-toxic-foam-as-revelers-bathe-in-its\",\"caption\":\"The Yamuna River is considered holy, but toxic froth is making its waters hazardous as Hindus gather there for Chhath Puja, a four-day festival to offer prayers to the sun.\",\"teaserTitle\":\"Revelers Brave Toxic Foam as Hindu Festival Begins in Delhi\",\"src\":\"https://s.w-x.co/YamunaRiver.jpg\",\"srcSet\":[{\"src\":\"https://s.w-x.co/util/image/w/YamunaRiver.jpg?v=at&w=160&h=90\",\"variant\":\"160w\"},{\"src\":\"https://s.w-x.co/util/image/w/YamunaRiver.jpg?v=at&w=320&h=180\",\"variant\":\"320w\"},{\"src\":\"https://s.w-x.co/util/image/w/YamunaRiver.jpg?v=at&w=815&h=458\",\"variant\":\"815w\"},{\"src\":\"https://s.w-x.co/util/image/w/YamunaRiver.jpg?v=at&w=1280&h=720\",\"variant\":\"1024w\"}],\"lqip\":\"https://s.w-x.co/util/image/w/YamunaRiver.jpg?v=at&w=73&h=49\",\"provider\":{\"name\":\"TWC\"},\"publishdate\":\"2021-11-08T08:00:42.000-05:00\",\"icon\":\"photo\",\"category\":{\"link\":\"\",\"title\":\"\"},\"webVideoData\":{\"web\":\"https://v.w-x.co/digital_video/The_Weather_Channel_-_Reach_Engine/c80061b0-a232-4772-80d5-87b546d82696/1108_TOXIC_RIVER_FOAM_AMmezz_Playlist.m3u8\",\"mweb\":\"https://v.w-x.co/digital_video/The_Weather_Channel_-_Reach_Engine/c80061b0-a232-4772-80d5-87b546d82696/1108_TOXIC_RIVER_FOAM_AMmezz_Playlist.m3u8\"}},{\"headline\":\"Falling Snow Pummels Woman\",\"url\":\"/news/trending/video/watch-woman-flee-falling-snow-in-northern-china\",\"caption\":\"A massive load of snow falls off a roof and onto a woman entering a residential building about 55 miles south of Beijing. Take a look at the incredible surveillance video.\",\"teaserTitle\":\"Falling Snow Sends Woman Running\",\"src\":\"https://s.w-x.co/SnowCrusher.jpg\",\"srcSet\":[{\"src\":\"https://s.w-x.co/util/image/w/SnowCrusher.jpg?v=at&w=160&h=90\",\"variant\":\"160w\"},{\"src\":\"https://s.w-x.co/util/image/w/SnowCrusher.jpg?v=at&w=320&h=180\",\"variant\":\"320w\"},{\"src\":\"https://s.w-x.co/util/image/w/SnowCrusher.jpg?v=at&w=815&h=458\",\"variant\":\"815w\"},{\"src\":\"https://s.w-x.co/util/image/w/SnowCrusher.jpg?v=at&w=1280&h=720\",\"variant\":\"1024w\"}],\"lqip\":\"https://s.w-x.co/util/image/w/SnowCrusher.jpg?v=at&w=73&h=49\",\"provider\":{\"name\":\"TWC\"},\"publishdate\":\"2021-11-08T08:59:22.000-05:00\",\"icon\":\"photo\",\"category\":{\"link\":\"\",\"title\":\"\"},\"webVideoData\":{\"web\":\"https://v.w-x.co/digital_video/The_Weather_Channel_-_Reach_Engine/16da4049-eeff-4c20-88d3-d7692543f0ac/FALLING_SNOW_mezz_Playlist.m3u8\",\"mweb\":\"https://v.w-x.co/digital_video/The_Weather_Channel_-_Reach_Engine/16da4049-eeff-4c20-88d3-d7692543f0ac/FALLING_SNOW_mezz_Playlist.m3u8\"}},{\"headline\":\"Watch as Landslide Almost Buries Drivers\",\"url\":\"/news/weather/video/philippines-landslide-almost-buries-drivers\",\"caption\":\"Motorcyclists in the Philippines watch in terror as a landslide caused by heavy rains covers the part of the road they were on.\",\"teaserTitle\":\"Watch as Landslide Almost Buries Drivers\",\"src\":\"https://s.w-x.co/1105landslide.jpg\",\"srcSet\":[{\"src\":\"https://s.w-x.co/util/image/w/1105landslide.jpg?v=at&w=160&h=90\",\"variant\":\"160w\"},{\"src\":\"https://s.w-x.co/util/image/w/1105landslide.jpg?v=at&w=320&h=180\",\"variant\":\"320w\"},{\"src\":\"https://s.w-x.co/util/image/w/1105landslide.jpg?v=at&w=815&h=458\",\"variant\":\"815w\"},{\"src\":\"https://s.w-x.co/util/image/w/1105landslide.jpg?v=at&w=1280&h=720\",\"variant\":\"1024w\"}],\"lqip\":\"https://s.w-x.co/util/image/w/1105landslide.jpg?v=at&w=73&h=49\",\"provider\":{\"name\":\"TWC\"},\"publishdate\":\"2021-11-05T13:27:23.000-04:00\",\"icon\":\"photo\",\"category\":{\"link\":\"\",\"title\":\"\"},\"webVideoData\":{\"web\":\"https://v.w-x.co/digital_video/The_Weather_Channel_-_Reach_Engine/f05cbc9e-1356-4c1e-8447-76ef1491cdef/PHILIPPINES_LANDSLIDE_BLOCKS_ROAD_Playlist.m3u8\",\"mweb\":\"https://v.w-x.co/digital_video/The_Weather_Channel_-_Reach_Engine/f05cbc9e-1356-4c1e-8447-76ef1491cdef/PHILIPPINES_LANDSLIDE_BLOCKS_ROAD_Playlist.m3u8\"}},{\"headline\":\"Bear Breaks into Home, Eats Chicken on Counter\",\"url\":\"/science/nature/video/bear-breaks-into-california-home-gorges-on-fried-chicken\",\"caption\":\"A man walks into his home in Southern California to find a bear helping himself to fried chicken. Take a look at the incredible video.\",\"teaserTitle\":\"Bear Breaks into Home, Eats Chicken on Counter\",\"src\":\"https://s.w-x.co/1105bearchicken.jpg\",\"srcSet\":[{\"src\":\"https://s.w-x.co/util/image/w/1105bearchicken.jpg?v=at&w=160&h=90\",\"variant\":\"160w\"},{\"src\":\"https://s.w-x.co/util/image/w/1105bearchicken.jpg?v=at&w=320&h=180\",\"variant\":\"320w\"},{\"src\":\"https://s.w-x.co/util/image/w/1105bearchicken.jpg?v=at&w=815&h=458\",\"variant\":\"815w\"},{\"src\":\"https://s.w-x.co/util/image/w/1105bearchicken.jpg?v=at&w=1280&h=720\",\"variant\":\"1024w\"}],\"lqip\":\"https://s.w-x.co/util/image/w/1105bearchicken.jpg?v=at&w=73&h=49\",\"provider\":{\"name\":\"TWC\"},\"publishdate\":\"2021-11-05T10:30:03.000-04:00\",\"icon\":\"photo\",\"category\":{\"link\":\"\",\"title\":\"\"},\"webVideoData\":{\"web\":\"https://v.w-x.co/digital_video/The_Weather_Channel_-_Reach_Engine/27a09f8b-469b-4acc-9653-534c3272144e/BEAR_ENTERS_CALIFORNIA_HOME_DEVOURS_BUCKET_OF_CHICKEN_Playlist.m3u8\",\"mweb\":\"https://v.w-x.co/digital_video/The_Weather_Channel_-_Reach_Engine/27a09f8b-469b-4acc-9653-534c3272144e/BEAR_ENTERS_CALIFORNIA_HOME_DEVOURS_BUCKET_OF_CHICKEN_Playlist.m3u8\"}},{\"headline\":\"Why Millions Are Crawling Across Island\",\"url\":\"/science/nature/video/christmas-island-covered-in-crabs-heres-why\",\"caption\":\"The red crabs are migrating across Australia\u2019s Christmas Island, and it\u2019s an incredible scene. Take a look.\",\"teaserTitle\":\"Why Are Millions of Crabs Crawling Across This Island?\",\"src\":\"https://s.w-x.co/1104crabs_0.jpg\",\"srcSet\":[{\"src\":\"https://s.w-x.co/util/image/w/1104crabs_0.jpg?v=at&w=160&h=90\",\"variant\":\"160w\"},{\"src\":\"https://s.w-x.co/util/image/w/1104crabs_0.jpg?v=at&w=320&h=180\",\"variant\":\"320w\"},{\"src\":\"https://s.w-x.co/util/image/w/1104crabs_0.jpg?v=at&w=815&h=458\",\"variant\":\"815w\"},{\"src\":\"https://s.w-x.co/util/image/w/1104crabs_0.jpg?v=at&w=1280&h=720\",\"variant\":\"1024w\"}],\"lqip\":\"https://s.w-x.co/util/image/w/1104crabs_0.jpg?v=at&w=73&h=49\",\"provider\":{\"name\":\"TWC\"},\"publishdate\":\"2021-11-04T09:50:52.000-04:00\",\"icon\":\"photo\",\"category\":{\"link\":\"\",\"title\":\"\"},\"webVideoData\":{\"web\":\"https://v.w-x.co/digital_video/The_Weather_Channel_-_Reach_Engine/95f00973-3fb4-4063-97ea-2504c3e7d7c1/RED_CRAB_MIGRATION_Playlist.m3u8\",\"mweb\":\"https://v.w-x.co/digital_video/The_Weather_Channel_-_Reach_Engine/95f00973-3fb4-4063-97ea-2504c3e7d7c1/RED_CRAB_MIGRATION_Playlist.m3u8\"}},{\"headline\":\"Coastal Flooding Closes Roads, Bridges From South Carolina to Florida\",\"url\":\"/news/weather/video/coastal-flooding-closes-roads-bridges-from-south-carolina-to-florida\",\"caption\":\"A one-two punch of stormy weather and high tides hammered parts of the southeast Atlantic coast saturday.\",\"teaserTitle\":\"Coastal Flooding Closes Roads, Bridges From South Carolina to Florida\",\"src\":\"https://s.w-x.co/1106coastalimpacts.jpg\",\"srcSet\":[{\"src\":\"https://s.w-x.co/util/image/w/1106coastalimpacts.jpg?v=at&w=160&h=90\",\"variant\":\"160w\"},{\"src\":\"https://s.w-x.co/util/image/w/1106coastalimpacts.jpg?v=at&w=320&h=180\",\"variant\":\"320w\"},{\"src\":\"https://s.w-x.co/util/image/w/1106coastalimpacts.jpg?v=at&w=815&h=458\",\"variant\":\"815w\"},{\"src\":\"https://s.w-x.co/util/image/w/1106coastalimpacts.jpg?v=at&w=1280&h=720\",\"variant\":\"1024w\"}],\"lqip\":\"https://s.w-x.co/util/image/w/1106coastalimpacts.jpg?v=at&w=73&h=49\",\"provider\":{\"name\":\"TWC\"},\"publishdate\":\"2021-11-06T16:14:53.000-04:00\",\"icon\":\"photo\",\"category\":{\"link\":\"\",\"title\":\"\"},\"webVideoData\":{\"web\":\"https://v.w-x.co/digital_video/The_Weather_Channel_-_Reach_Engine/c762a0b7-7720-4e0b-aa57-e8ed0573d6ea/1106_CoastalStormImpactsWKDEditmezz_Playlist.m3u8\",\"mweb\":\"https://v.w-x.co/digital_video/The_Weather_Channel_-_Reach_Engine/c762a0b7-7720-4e0b-aa57-e8ed0573d6ea/1106_CoastalStormImpactsWKDEditmezz_Playlist.m3u8\"}},{\"headline\":\"Global Warming Started Earlier Than Thought\",\"url\":\"/news/climate/video/study-raises-questions-about-how-long-humans-have-been-impacting-the-atmosphere\",\"caption\":\"Researchers studying Alpine ice cores found evidence of pollution from fossil fuels much earlier than expected.\",\"teaserTitle\":\"Global Warming Started Earlier Than Thought\",\"src\":\"https://v.w-x.co/1636143891070_1105_GlacierShowsEvidenceOfBurningFossilFuel_AM_Studio_Edit.jpg\",\"srcSet\":[{\"src\":\"https://s.w-x.co/util/image/v/1636143891070_1105_GlacierShowsEvidenceOfBurningFossilFuel_AM_Studio_Edit.jpg?v=at&w=160&h=90\",\"variant\":\"160w\"},{\"src\":\"https://s.w-x.co/util/image/v/1636143891070_1105_GlacierShowsEvidenceOfBurningFossilFuel_AM_Studio_Edit.jpg?v=at&w=320&h=180\",\"variant\":\"320w\"},{\"src\":\"https://s.w-x.co/util/image/v/1636143891070_1105_GlacierShowsEvidenceOfBurningFossilFuel_AM_Studio_Edit.jpg?v=at&w=815&h=458\",\"variant\":\"815w\"},{\"src\":\"https://s.w-x.co/util/image/v/1636143891070_1105_GlacierShowsEvidenceOfBurningFossilFuel_AM_Studio_Edit.jpg?v=at&w=1280&h=720\",\"variant\":\"1024w\"}],\"lqip\":\"https://s.w-x.co/util/image/v/1636143891070_1105_GlacierShowsEvidenceOfBurningFossilFuel_AM_Studio_Edit.jpg?v=at&w=73&h=49\",\"provider\":{\"name\":\"TWC\"},\"publishdate\":\"2021-11-05T16:25:02.000-04:00\",\"icon\":\"photo\",\"category\":{\"link\":\"\",\"title\":\"\"},\"webVideoData\":{\"web\":\"https://v.w-x.co/digital_video/The_Weather_Channel_-_Reach_Engine/49b32124-6a45-4a5b-a33a-2f32a57f1a39/1105_GlacierShowsEvidenceOfBurningFossilFuel_AM_Studio_Editmezz_Playlist.m3u8\",\"mweb\":\"https://v.w-x.co/digital_video/The_Weather_Channel_-_Reach_Engine/49b32124-6a45-4a5b-a33a-2f32a57f1a39/1105_GlacierShowsEvidenceOfBurningFossilFuel_AM_Studio_Editmezz_Playlist.m3u8\"}},{\"headline\":\"Lake Shrinks 100+ Miles in 25 Years\",\"url\":\"/news/climate/video/giant-sinkholes-appear-as-dead-sea-shrinks\",\"caption\":\"Over the past quarter of a century the Dead Sea been reduced by more than 100 miles.\",\"teaserTitle\":\"Lake Shrinks 100+ Miles in 25 Years\",\"src\":\"https://s.w-x.co/1104sinkholedeadsea.jpg\",\"srcSet\":[{\"src\":\"https://s.w-x.co/util/image/w/1104sinkholedeadsea.jpg?v=at&w=160&h=90\",\"variant\":\"160w\"},{\"src\":\"https://s.w-x.co/util/image/w/1104sinkholedeadsea.jpg?v=at&w=320&h=180\",\"variant\":\"320w\"},{\"src\":\"https://s.w-x.co/util/image/w/1104sinkholedeadsea.jpg?v=at&w=815&h=458\",\"variant\":\"815w\"},{\"src\":\"https://s.w-x.co/util/image/w/1104sinkholedeadsea.jpg?v=at&w=1280&h=720\",\"variant\":\"1024w\"}],\"lqip\":\"https://s.w-x.co/util/image/w/1104sinkholedeadsea.jpg?v=at&w=73&h=49\",\"provider\":{\"name\":\"TWC\"},\"publishdate\":\"2021-11-04T18:04:37.000-04:00\",\"icon\":\"photo\",\"category\":{\"link\":\"\",\"title\":\"\"},\"webVideoData\":{\"web\":\"https://v.w-x.co/digital_video/The_Weather_Channel_-_Reach_Engine/13154e9a-0bec-444a-925a-fcc8ee6f1dfe/1104_Sinkholes_Multiple_PM_Studio_Editmezz_Playlist.m3u8\",\"mweb\":\"https://v.w-x.co/digital_video/The_Weather_Channel_-_Reach_Engine/13154e9a-0bec-444a-925a-fcc8ee6f1dfe/1104_Sinkholes_Multiple_PM_Studio_Editmezz_Playlist.m3u8\"}},{\"headline\":\"Lakes in Northern Hemisphere Warming Freakishly Fast\",\"url\":\"/news/climate/video/lakes-in-northern-hemisphere-warming-alarmingly-fast\",\"caption\":\"An international team of researchers found lakes in the Northern Hemisphere have warmed six times faster in the past quarter century than at any point in the past 100 years. And it\u2019s got them concerned. Here\u2019s why.\",\"teaserTitle\":\"Climate Change Has Concerning Effect on Lakes\",\"src\":\"https://s.w-x.co/WarmingLakes.jpg\",\"srcSet\":[{\"src\":\"https://s.w-x.co/util/image/w/WarmingLakes.jpg?v=at&w=160&h=90\",\"variant\":\"160w\"},{\"src\":\"https://s.w-x.co/util/image/w/WarmingLakes.jpg?v=at&w=320&h=180\",\"variant\":\"320w\"},{\"src\":\"https://s.w-x.co/util/image/w/WarmingLakes.jpg?v=at&w=815&h=458\",\"variant\":\"815w\"},{\"src\":\"https://s.w-x.co/util/image/w/WarmingLakes.jpg?v=at&w=1280&h=720\",\"variant\":\"1024w\"}],\"lqip\":\"https://s.w-x.co/util/image/w/WarmingLakes.jpg?v=at&w=73&h=49\",\"provider\":{\"name\":\"TWC\"},\"publishdate\":\"2021-11-05T17:10:23.000-04:00\",\"icon\":\"photo\",\"category\":{\"link\":\"\",\"title\":\"\"},\"webVideoData\":{\"web\":\"https://v.w-x.co/digital_video/The_Weather_Channel_-_Reach_Engine/4de64786-2564-4fdb-a9a3-fa82ff21634b/1105_Northern_Hemisphere_Lakes_Warming_PM_Studio_Editmezz_Playlist.m3u8\",\"mweb\":\"https://v.w-x.co/digital_video/The_Weather_Channel_-_Reach_Engine/4de64786-2564-4fdb-a9a3-fa82ff21634b/1105_Northern_Hemisphere_Lakes_Warming_PM_Studio_Editmezz_Playlist.m3u8\"}},{\"headline\":\"Half of Population Will Be Vulnerable to Coastal Storms, Tsunamis by 2030\",\"url\":\"/news/climate/video/half-of-population-will-be-vulnerable-to-coastal-storms-tsunamis-by-2030\",\"caption\":\"On World Tsunami Day, the UN is calling for international collaboration to protect coastal communities from the worsening effects of climate change, like stronger Tsunamis.\",\"teaserTitle\":\"UN Shared Scary State for Global Tsunami Day\",\"src\":\"https://v.w-x.co/1636143450859_ALARMING_UN_REPORT_ABOUT_FLOODING_STORMS_AND_TSUNAMISproxy.jpg\",\"srcSet\":[{\"src\":\"https://s.w-x.co/util/image/v/1636143450859_ALARMING_UN_REPORT_ABOUT_FLOODING_STORMS_AND_TSUNAMISproxy.jpg?v=at&w=160&h=90\",\"variant\":\"160w\"},{\"src\":\"https://s.w-x.co/util/image/v/1636143450859_ALARMING_UN_REPORT_ABOUT_FLOODING_STORMS_AND_TSUNAMISproxy.jpg?v=at&w=320&h=180\",\"variant\":\"320w\"},{\"src\":\"https://s.w-x.co/util/image/v/1636143450859_ALARMING_UN_REPORT_ABOUT_FLOODING_STORMS_AND_TSUNAMISproxy.jpg?v=at&w=815&h=458\",\"variant\":\"815w\"},{\"src\":\"https://s.w-x.co/util/image/v/1636143450859_ALARMING_UN_REPORT_ABOUT_FLOODING_STORMS_AND_TSUNAMISproxy.jpg?v=at&w=1280&h=720\",\"variant\":\"1024w\"}],\"lqip\":\"https://s.w-x.co/util/image/v/1636143450859_ALARMING_UN_REPORT_ABOUT_FLOODING_STORMS_AND_TSUNAMISproxy.jpg?v=at&w=73&h=49\",\"provider\":{\"name\":\"TWC\"},\"publishdate\":\"2021-11-05T15:39:35.000-04:00\",\"icon\":\"photo\",\"category\":{\"link\":\"\",\"title\":\"\"},\"webVideoData\":{\"web\":\"https://v.w-x.co/digital_video/The_Weather_Channel_-_Reach_Engine/a69ea41c-87f0-4edb-8e15-d194d79fc7f2/ALARMING_UN_REPORT_ABOUT_FLOODING_STORMS_AND_TSUNAMIS_Playlist.m3u8\",\"mweb\":\"https://v.w-x.co/digital_video/The_Weather_Channel_-_Reach_Engine/a69ea41c-87f0-4edb-8e15-d194d79fc7f2/ALARMING_UN_REPORT_ABOUT_FLOODING_STORMS_AND_TSUNAMIS_Playlist.m3u8\"}},{\"headline\":\"Satellite Images Show Fingerprints of Climate Change\",\"url\":\"/news/climate/video/satellite-images-show-fingerprints-of-climate-change\",\"caption\":\"Incredible satellite images from NASA and the USGS show how climate change is impacting our planet.\",\"teaserTitle\":\"See Climate Change From Space\",\"src\":\"https://s.w-x.co/InvasiveSpeciesSpace.jpg\",\"srcSet\":[{\"src\":\"https://s.w-x.co/util/image/w/InvasiveSpeciesSpace.jpg?v=at&w=160&h=90\",\"variant\":\"160w\"},{\"src\":\"https://s.w-x.co/util/image/w/InvasiveSpeciesSpace.jpg?v=at&w=320&h=180\",\"variant\":\"320w\"},{\"src\":\"https://s.w-x.co/util/image/w/InvasiveSpeciesSpace.jpg?v=at&w=815&h=458\",\"variant\":\"815w\"},{\"src\":\"https://s.w-x.co/util/image/w/InvasiveSpeciesSpace.jpg?v=at&w=1280&h=720\",\"variant\":\"1024w\"}],\"lqip\":\"https://s.w-x.co/util/image/w/InvasiveSpeciesSpace.jpg?v=at&w=73&h=49\",\"provider\":{\"name\":\"TWC\"},\"publishdate\":\"2021-11-04T15:48:24.000-04:00\",\"icon\":\"photo\",\"category\":{\"link\":\"\",\"title\":\"\"},\"webVideoData\":{\"web\":\"https://v.w-x.co/digital_video/The_Weather_Channel_-_Reach_Engine/84a7bb43-bd3e-4159-8eb1-d780c0b13f72/Satellite_Images_Show_Fingerprints_of_Climate_Change_mezz_Playlist.m3u8\",\"mweb\":\"https://v.w-x.co/digital_video/The_Weather_Channel_-_Reach_Engine/84a7bb43-bd3e-4159-8eb1-d780c0b13f72/Satellite_Images_Show_Fingerprints_of_Climate_Change_mezz_Playlist.m3u8\"}},{\"headline\":\"Cake Oddly Survives World War II Bombing\",\"url\":\"/news/trending/video/cake-oddly-survives-word-war-ii-bombing\",\"caption\":\"Archaeologists find an eerily preserved cake in the ruins of a home in Germany that was destroyed during an attack in 1942. Check out the charred 79-year-old dessert.\",\"teaserTitle\":\"Bizarre Mummy Cake Survives WWII Bombing\",\"src\":\"https://s.w-x.co/1104cake.jpg\",\"srcSet\":[{\"src\":\"https://s.w-x.co/util/image/w/1104cake.jpg?v=at&w=160&h=90\",\"variant\":\"160w\"},{\"src\":\"https://s.w-x.co/util/image/w/1104cake.jpg?v=at&w=320&h=180\",\"variant\":\"320w\"},{\"src\":\"https://s.w-x.co/util/image/w/1104cake.jpg?v=at&w=815&h=458\",\"variant\":\"815w\"},{\"src\":\"https://s.w-x.co/util/image/w/1104cake.jpg?v=at&w=1280&h=720\",\"variant\":\"1024w\"}],\"lqip\":\"https://s.w-x.co/util/image/w/1104cake.jpg?v=at&w=73&h=49\",\"provider\":{\"name\":\"TWC\"},\"publishdate\":\"2021-11-04T17:15:37.000-04:00\",\"icon\":\"photo\",\"category\":{\"link\":\"\",\"title\":\"\"},\"webVideoData\":{\"web\":\"https://v.w-x.co/digital_video/The_Weather_Channel_-_Reach_Engine/60a41a85-9922-496c-8b2b-e3c5300cbaa4/1104_CakeThatSurvivedWWIIBombingRaid_TEXT_mezz_Playlist.m3u8\",\"mweb\":\"https://v.w-x.co/digital_video/The_Weather_Channel_-_Reach_Engine/60a41a85-9922-496c-8b2b-e3c5300cbaa4/1104_CakeThatSurvivedWWIIBombingRaid_TEXT_mezz_Playlist.m3u8\"}},{\"headline\":\"Watch Dramatic Moment Huge Chunk of Glacier Breaks Off\",\"url\":\"/news/trending/video/watch-dramatic-moment-piece-of-glacier-breaks-off\",\"caption\":\"A piece of the Perito Moreno Glacier broke off Wednesday, stunning onlookers.\",\"teaserTitle\":\"Photographer Captures Argentinian Glacier Break\",\"src\":\"https://s.w-x.co/1104glacier.jpg\",\"srcSet\":[{\"src\":\"https://s.w-x.co/util/image/w/1104glacier.jpg?v=at&w=160&h=90\",\"variant\":\"160w\"},{\"src\":\"https://s.w-x.co/util/image/w/1104glacier.jpg?v=at&w=320&h=180\",\"variant\":\"320w\"},{\"src\":\"https://s.w-x.co/util/image/w/1104glacier.jpg?v=at&w=815&h=458\",\"variant\":\"815w\"},{\"src\":\"https://s.w-x.co/util/image/w/1104glacier.jpg?v=at&w=1280&h=720\",\"variant\":\"1024w\"}],\"lqip\":\"https://s.w-x.co/util/image/w/1104glacier.jpg?v=at&w=73&h=49\",\"provider\":{\"name\":\"TWC\"},\"publishdate\":\"2021-11-04T13:08:24.000-04:00\",\"icon\":\"photo\",\"category\":{\"link\":\"\",\"title\":\"\"},\"webVideoData\":{\"web\":\"https://v.w-x.co/digital_video/The_Weather_Channel_-_Reach_Engine/fb0cbade-45bf-4f4a-9a90-6b65cc0d0deb/GLACIER_BREAKS_OFF_AS_PEOPLE_WATCH_Playlist.m3u8\",\"mweb\":\"https://v.w-x.co/digital_video/The_Weather_Channel_-_Reach_Engine/fb0cbade-45bf-4f4a-9a90-6b65cc0d0deb/GLACIER_BREAKS_OFF_AS_PEOPLE_WATCH_Playlist.m3u8\"}},{\"headline\":\"This Russian Town Has No Water to Fight Wildfires\",\"url\":\"/news/weather/video/this-russian-town-has-no-water-to-fight-wildfires\",\"caption\":\"A town in Eastern Russia has been reduced to using tree branches and sand to fight a wildfire because it\u2019s hard to get unfrozen water to the area.\",\"teaserTitle\":\"This Russian Town Has No Water to Fight Wildfires\",\"src\":\"https://s.w-x.co/01104russiafire.jpg\",\"srcSet\":[{\"src\":\"https://s.w-x.co/util/image/w/01104russiafire.jpg?v=at&w=160&h=90\",\"variant\":\"160w\"},{\"src\":\"https://s.w-x.co/util/image/w/01104russiafire.jpg?v=at&w=320&h=180\",\"variant\":\"320w\"},{\"src\":\"https://s.w-x.co/util/image/w/01104russiafire.jpg?v=at&w=815&h=458\",\"variant\":\"815w\"},{\"src\":\"https://s.w-x.co/util/image/w/01104russiafire.jpg?v=at&w=1280&h=720\",\"variant\":\"1024w\"}],\"lqip\":\"https://s.w-x.co/util/image/w/01104russiafire.jpg?v=at&w=73&h=49\",\"provider\":{\"name\":\"TWC\"},\"publishdate\":\"2021-11-04T16:10:24.000-04:00\",\"icon\":\"photo\",\"category\":{\"link\":\"\",\"title\":\"\"},\"webVideoData\":{\"web\":\"https://v.w-x.co/digital_video/The_Weather_Channel_-_Reach_Engine/9e302338-f86b-45a4-b889-68d772a4c8da/NO_WATER_TO_BATTLE_RUSSIA_WILDFIRES_Playlist.m3u8\",\"mweb\":\"https://v.w-x.co/digital_video/The_Weather_Channel_-_Reach_Engine/9e302338-f86b-45a4-b889-68d772a4c8da/NO_WATER_TO_BATTLE_RUSSIA_WILDFIRES_Playlist.m3u8\"}},{\"headline\":\"This Solar Storm Caused Amazing Northern Lights Show\",\"url\":\"/science/space/video/see-the-solar-storm-that-brought-wednesdays-northern-lights\",\"caption\":\"Auroras are amazing from Earth. But the view of a solar storm from satellites might be equally as impressive.\",\"teaserTitle\":\"This is What Brought Wednesday\u2019s Show of Northern Lights\",\"src\":\"https://s.w-x.co/AuroraSpace.jpg\",\"srcSet\":[{\"src\":\"https://s.w-x.co/util/image/w/AuroraSpace.jpg?v=at&w=160&h=90\",\"variant\":\"160w\"},{\"src\":\"https://s.w-x.co/util/image/w/AuroraSpace.jpg?v=at&w=320&h=180\",\"variant\":\"320w\"},{\"src\":\"https://s.w-x.co/util/image/w/AuroraSpace.jpg?v=at&w=815&h=458\",\"variant\":\"815w\"},{\"src\":\"https://s.w-x.co/util/image/w/AuroraSpace.jpg?v=at&w=1280&h=720\",\"variant\":\"1024w\"}],\"lqip\":\"https://s.w-x.co/util/image/w/AuroraSpace.jpg?v=at&w=73&h=49\",\"provider\":{\"name\":\"TWC\"},\"publishdate\":\"2021-11-04T12:34:44.000-04:00\",\"icon\":\"photo\",\"category\":{\"link\":\"\",\"title\":\"\"},\"webVideoData\":{\"web\":\"https://v.w-x.co/digital_video/The_Weather_Channel_-_Reach_Engine/87ddee97-f4b0-4892-ba79-4154e3631299/1104_NORTHERN_LIGHTS_DEAL_AM_V2mezz_Playlist.m3u8\",\"mweb\":\"https://v.w-x.co/digital_video/The_Weather_Channel_-_Reach_Engine/87ddee97-f4b0-4892-ba79-4154e3631299/1104_NORTHERN_LIGHTS_DEAL_AM_V2mezz_Playlist.m3u8\"}},{\"headline\":\"Sea of Clouds at Rocky Mountain National Park Looks Magical\",\"url\":\"/news/weather/video/sea-of-clouds-at-rocky-mountain-national-park-looks-magical\",\"caption\":\"A photographer captures a stunning sunrise scene at Rocky Mountain National Park. Take a look.\",\"teaserTitle\":\"Sunrise in Rocky Mountain National Park Looks Heavenly\",\"src\":\"https://s.w-x.co/1104rockymt.jpg\",\"srcSet\":[{\"src\":\"https://s.w-x.co/util/image/w/1104rockymt.jpg?v=at&w=160&h=90\",\"variant\":\"160w\"},{\"src\":\"https://s.w-x.co/util/image/w/1104rockymt.jpg?v=at&w=320&h=180\",\"variant\":\"320w\"},{\"src\":\"https://s.w-x.co/util/image/w/1104rockymt.jpg?v=at&w=815&h=458\",\"variant\":\"815w\"},{\"src\":\"https://s.w-x.co/util/image/w/1104rockymt.jpg?v=at&w=1280&h=720\",\"variant\":\"1024w\"}],\"lqip\":\"https://s.w-x.co/util/image/w/1104rockymt.jpg?v=at&w=73&h=49\",\"provider\":{\"name\":\"TWC\"},\"publishdate\":\"2021-11-04T11:23:42.000-04:00\",\"icon\":\"photo\",\"category\":{\"link\":\"\",\"title\":\"\"},\"webVideoData\":{\"web\":\"https://v.w-x.co/digital_video/The_Weather_Channel_-_Reach_Engine/66994d4f-7661-4d0c-b1a7-6e07df895247/SEA_OF_CLOUDS_mezz_Playlist.m3u8\",\"mweb\":\"https://v.w-x.co/digital_video/The_Weather_Channel_-_Reach_Engine/66994d4f-7661-4d0c-b1a7-6e07df895247/SEA_OF_CLOUDS_mezz_Playlist.m3u8\"}},{\"headline\":\"Ship Believed Sunk by German Sub Found off Carolina Coast\",\"url\":\"/news/trending/video/noaa-surveys-wwii-shipwreck-off-south-carolina-coast\",\"caption\":\"Watch as NOAA surveys the wreckage from what\u2019s believed to be the SS Bloody Marsh. It was struck by a German torpedo off the coast of South Carolina during World War II.\",\"teaserTitle\":\"Ship Believed Sunk by German Sub Found off Carolina Coast\",\"src\":\"https://s.w-x.co/1103wwiiship.jpg\",\"srcSet\":[{\"src\":\"https://s.w-x.co/util/image/w/1103wwiiship.jpg?v=at&w=160&h=90\",\"variant\":\"160w\"},{\"src\":\"https://s.w-x.co/util/image/w/1103wwiiship.jpg?v=at&w=320&h=180\",\"variant\":\"320w\"},{\"src\":\"https://s.w-x.co/util/image/w/1103wwiiship.jpg?v=at&w=815&h=458\",\"variant\":\"815w\"},{\"src\":\"https://s.w-x.co/util/image/w/1103wwiiship.jpg?v=at&w=1280&h=720\",\"variant\":\"1024w\"}],\"lqip\":\"https://s.w-x.co/util/image/w/1103wwiiship.jpg?v=at&w=73&h=49\",\"provider\":{\"name\":\"TWC\"},\"publishdate\":\"2021-11-03T16:26:43.000-04:00\",\"icon\":\"photo\",\"category\":{\"link\":\"\",\"title\":\"\"},\"webVideoData\":{\"web\":\"https://v.w-x.co/digital_video/The_Weather_Channel_-_Reach_Engine/aa016b5d-7e27-487f-84b2-19d880bbdbaf/FREIGHTER_WRECKAGE_SUNK_BY_GERMAN_UBOAT_Playlist.m3u8\",\"mweb\":\"https://v.w-x.co/digital_video/The_Weather_Channel_-_Reach_Engine/aa016b5d-7e27-487f-84b2-19d880bbdbaf/FREIGHTER_WRECKAGE_SUNK_BY_GERMAN_UBOAT_Playlist.m3u8\"}},{\"headline\":\"Mysterious 'Black Hole' in the Ocean\",\"url\":\"/news/trending/video/mysterious-black-hole-stumps-reddit-users\",\"caption\":\"Reddit users are baffled when a mysterious \u201Cblack hole\u201D shows up on Google maps.\",\"teaserTitle\":\"What's This Mysterious 'Black Hole' in the Ocean? \",\"src\":\"https://s.w-x.co/BlackHole_0.jpg\",\"srcSet\":[{\"src\":\"https://s.w-x.co/util/image/w/BlackHole_0.jpg?v=at&w=160&h=90\",\"variant\":\"160w\"},{\"src\":\"https://s.w-x.co/util/image/w/BlackHole_0.jpg?v=at&w=320&h=180\",\"variant\":\"320w\"},{\"src\":\"https://s.w-x.co/util/image/w/BlackHole_0.jpg?v=at&w=815&h=458\",\"variant\":\"815w\"},{\"src\":\"https://s.w-x.co/util/image/w/BlackHole_0.jpg?v=at&w=1280&h=720\",\"variant\":\"1024w\"}],\"lqip\":\"https://s.w-x.co/util/image/w/BlackHole_0.jpg?v=at&w=73&h=49\",\"provider\":{\"name\":\"TWC\"},\"publishdate\":\"2021-11-03T12:05:45.000-04:00\",\"icon\":\"photo\",\"category\":{\"link\":\"\",\"title\":\"\"},\"webVideoData\":{\"web\":\"https://v.w-x.co/digital_video/The_Weather_Channel_-_Reach_Engine/9086587d-7892-4369-9e02-83725ff5648f/Mysterious_Black_Hole_Playlist.m3u8\",\"mweb\":\"https://v.w-x.co/digital_video/The_Weather_Channel_-_Reach_Engine/9086587d-7892-4369-9e02-83725ff5648f/Mysterious_Black_Hole_Playlist.m3u8\"}},{\"headline\":\"COP26 Clean Energy Initiatives to Include Coal Phase-Out\",\"url\":\"/news/climate/video/cop26-clean-energy-initiatives-to-include-coal-phase-out\",\"caption\":\"The pledge will be formally announced at the COP26 climate summit Thursday. But the world\u2019s top coal burners aren\u2019t committing to ditching the fossil fuel.\",\"teaserTitle\":\"190 Nations, Organizations Vow to Kick the Coal Habit\",\"src\":\"https://s.w-x.co/1104coal.jpg\",\"srcSet\":[{\"src\":\"https://s.w-x.co/util/image/w/1104coal.jpg?v=at&w=160&h=90\",\"variant\":\"160w\"},{\"src\":\"https://s.w-x.co/util/image/w/1104coal.jpg?v=at&w=320&h=180\",\"variant\":\"320w\"},{\"src\":\"https://s.w-x.co/util/image/w/1104coal.jpg?v=at&w=815&h=458\",\"variant\":\"815w\"},{\"src\":\"https://s.w-x.co/util/image/w/1104coal.jpg?v=at&w=1280&h=720\",\"variant\":\"1024w\"}],\"lqip\":\"https://s.w-x.co/util/image/w/1104coal.jpg?v=at&w=73&h=49\",\"provider\":{\"name\":\"TWC\"},\"publishdate\":\"2021-11-04T11:16:54.000-04:00\",\"icon\":\"photo\",\"category\":{\"link\":\"\",\"title\":\"\"},\"webVideoData\":{\"web\":\"https://v.w-x.co/digital_video/The_Weather_Channel_-_Reach_Engine/2d40fe14-eef1-4195-b516-4a43c90fe147/1104_KISSING_COAL_GOODBYE_AMmezz_Playlist.m3u8\",\"mweb\":\"https://v.w-x.co/digital_video/The_Weather_Channel_-_Reach_Engine/2d40fe14-eef1-4195-b516-4a43c90fe147/1104_KISSING_COAL_GOODBYE_AMmezz_Playlist.m3u8\"}},{\"headline\":\"New Report: Millions in US May Be Drinking Dangerous Water\",\"url\":\"/science/environment/video/millions-of-americans-may-be-drinking-contaminated-water-analysis-finds\",\"caption\":\"An analysis by the nonprofit Environmental Working Group finds contaminants ranging from arsenic to lead in U.S. drinking water.\",\"teaserTitle\":\"Contaminants Linked to Cancer Found in U.S. Drinking Water\",\"src\":\"https://v.w-x.co/1635977038340_PESTICIDES_RADIOACTIVE_MATERIAL_FOUND_IN_US_DRINKING_WATER_1.jpg\",\"srcSet\":[{\"src\":\"https://s.w-x.co/util/image/v/1635977038340_PESTICIDES_RADIOACTIVE_MATERIAL_FOUND_IN_US_DRINKING_WATER_1.jpg?v=at&w=160&h=90\",\"variant\":\"160w\"},{\"src\":\"https://s.w-x.co/util/image/v/1635977038340_PESTICIDES_RADIOACTIVE_MATERIAL_FOUND_IN_US_DRINKING_WATER_1.jpg?v=at&w=320&h=180\",\"variant\":\"320w\"},{\"src\":\"https://s.w-x.co/util/image/v/1635977038340_PESTICIDES_RADIOACTIVE_MATERIAL_FOUND_IN_US_DRINKING_WATER_1.jpg?v=at&w=815&h=458\",\"variant\":\"815w\"},{\"src\":\"https://s.w-x.co/util/image/v/1635977038340_PESTICIDES_RADIOACTIVE_MATERIAL_FOUND_IN_US_DRINKING_WATER_1.jpg?v=at&w=1280&h=720\",\"variant\":\"1024w\"}],\"lqip\":\"https://s.w-x.co/util/image/v/1635977038340_PESTICIDES_RADIOACTIVE_MATERIAL_FOUND_IN_US_DRINKING_WATER_1.jpg?v=at&w=73&h=49\",\"provider\":{\"name\":\"TWC\"},\"publishdate\":\"2021-11-03T18:04:08.000-04:00\",\"icon\":\"photo\",\"category\":{\"link\":\"\",\"title\":\"\"},\"webVideoData\":{\"web\":\"https://v.w-x.co/digital_video/The_Weather_Channel_-_Reach_Engine/5e130c9c-f908-419d-a6a4-8ab4c4d0e2c7/PESTICIDES_RADIOACTIVE_MATERIAL_FOUND_IN_US_DRINKING_WATER_1mezz_Playlist.m3u8\",\"mweb\":\"https://v.w-x.co/digital_video/The_Weather_Channel_-_Reach_Engine/5e130c9c-f908-419d-a6a4-8ab4c4d0e2c7/PESTICIDES_RADIOACTIVE_MATERIAL_FOUND_IN_US_DRINKING_WATER_1mezz_Playlist.m3u8\"}},{\"headline\":\"Rare \u2018Beautiful Nightmare,\u2019 \u2018Chicken from Hell\u2019 Dinosaur Fossils Found\",\"url\":\"/news/trending/video/rare-beautiful-nightmare-chicken-from-hell-dinosaur-fossils-found\",\"caption\":\"Scientists in North Dakota unearth rare dinosaur fossils dating back more than 66 million years. Paleontologists have dubbed one \u201CBeautiful Nightmare.\u201D Here\u2019s why.\",\"teaserTitle\":\"Rare \u2018Beautiful Nightmare\u2019 Dinosaur Fossil Found in ND\",\"src\":\"https://s.w-x.co/1103dinobones.jpg\",\"srcSet\":[{\"src\":\"https://s.w-x.co/util/image/w/1103dinobones.jpg?v=at&w=160&h=90\",\"variant\":\"160w\"},{\"src\":\"https://s.w-x.co/util/image/w/1103dinobones.jpg?v=at&w=320&h=180\",\"variant\":\"320w\"},{\"src\":\"https://s.w-x.co/util/image/w/1103dinobones.jpg?v=at&w=815&h=458\",\"variant\":\"815w\"},{\"src\":\"https://s.w-x.co/util/image/w/1103dinobones.jpg?v=at&w=1280&h=720\",\"variant\":\"1024w\"}],\"lqip\":\"https://s.w-x.co/util/image/w/1103dinobones.jpg?v=at&w=73&h=49\",\"provider\":{\"name\":\"TWC\"},\"publishdate\":\"2021-11-03T12:32:34.000-04:00\",\"icon\":\"photo\",\"category\":{\"link\":\"\",\"title\":\"\"},\"webVideoData\":{\"web\":\"https://v.w-x.co/digital_video/The_Weather_Channel_-_Reach_Engine/1f283c98-0985-4784-9113-58f16a931eeb/v2_Rare_Beautiful_Nightmare_Chicken_from_Hell_Dinosaur_Fossils_Found_mezz_Playlist.m3u8\",\"mweb\":\"https://v.w-x.co/digital_video/The_Weather_Channel_-_Reach_Engine/1f283c98-0985-4784-9113-58f16a931eeb/v2_Rare_Beautiful_Nightmare_Chicken_from_Hell_Dinosaur_Fossils_Found_mezz_Playlist.m3u8\"}},{\"headline\":\"Drought Means Big Changes for Grand Canyon\",\"url\":\"/news/weather/video/grand-canyon-wont-be-flooded-this-year-heres-why\",\"caption\":\"The Bureau of Reclamation says it won\u2019t be creating a controlled flood in the Grand Canyon this year to restore beaches. Here\u2019s why.\",\"teaserTitle\":\"Drought Means Big Changes for Grand Canyon\",\"src\":\"https://s.w-x.co/1103grandcanyon.jpg\",\"srcSet\":[{\"src\":\"https://s.w-x.co/util/image/w/1103grandcanyon.jpg?v=at&w=160&h=90\",\"variant\":\"160w\"},{\"src\":\"https://s.w-x.co/util/image/w/1103grandcanyon.jpg?v=at&w=320&h=180\",\"variant\":\"320w\"},{\"src\":\"https://s.w-x.co/util/image/w/1103grandcanyon.jpg?v=at&w=815&h=458\",\"variant\":\"815w\"},{\"src\":\"https://s.w-x.co/util/image/w/1103grandcanyon.jpg?v=at&w=1280&h=720\",\"variant\":\"1024w\"}],\"lqip\":\"https://s.w-x.co/util/image/w/1103grandcanyon.jpg?v=at&w=73&h=49\",\"provider\":{\"name\":\"TWC\"},\"publishdate\":\"2021-11-03T12:33:32.000-04:00\",\"icon\":\"photo\",\"category\":{\"link\":\"\",\"title\":\"\"},\"webVideoData\":{\"web\":\"https://v.w-x.co/digital_video/The_Weather_Channel_-_Reach_Engine/a2fc0f2b-9305-40db-b064-e4ebc1617191/finalfinalGRAND_CANYON_1_mezz_Playlist.m3u8\",\"mweb\":\"https://v.w-x.co/digital_video/The_Weather_Channel_-_Reach_Engine/a2fc0f2b-9305-40db-b064-e4ebc1617191/finalfinalGRAND_CANYON_1_mezz_Playlist.m3u8\"}},{\"headline\":\"Watch: Wolf Outruns Car on Snowy Canada Road\",\"url\":\"/science/nature/video/watch-wolf-runs-faster-than-car-on-snowy-canada-road\",\"caption\":\"A wolf is running faster than a car on a snowy road in Yukon, Canada. Take a look.\",\"teaserTitle\":\"Watch: Wolf Faster Than Car\",\"src\":\"https://s.w-x.co/roadwolf.jpg\",\"srcSet\":[{\"src\":\"https://s.w-x.co/util/image/w/roadwolf.jpg?v=at&w=160&h=90\",\"variant\":\"160w\"},{\"src\":\"https://s.w-x.co/util/image/w/roadwolf.jpg?v=at&w=320&h=180\",\"variant\":\"320w\"},{\"src\":\"https://s.w-x.co/util/image/w/roadwolf.jpg?v=at&w=815&h=458\",\"variant\":\"815w\"},{\"src\":\"https://s.w-x.co/util/image/w/roadwolf.jpg?v=at&w=1280&h=720\",\"variant\":\"1024w\"}],\"lqip\":\"https://s.w-x.co/util/image/w/roadwolf.jpg?v=at&w=73&h=49\",\"provider\":{\"name\":\"TWC\"},\"publishdate\":\"2021-11-02T10:09:42.000-04:00\",\"icon\":\"photo\",\"category\":{\"link\":\"\",\"title\":\"\"},\"webVideoData\":{\"web\":\"https://v.w-x.co/digital_video/The_Weather_Channel_-_Reach_Engine/bcb9c989-97d0-4dc0-add3-1233e9b8c5fc/WOLF_IN_THE_FAST_LANE_Playlist.m3u8\",\"mweb\":\"https://v.w-x.co/digital_video/The_Weather_Channel_-_Reach_Engine/bcb9c989-97d0-4dc0-add3-1233e9b8c5fc/WOLF_IN_THE_FAST_LANE_Playlist.m3u8\"}},{\"headline\":\"Smells Like Rotting Flesh and Just Bloomed in San Diego\",\"url\":\"/news/trending/video/rare-corpse-flower-blooms-in-san-diego\",\"caption\":\"People line up to watch an incredible event in San Diego \u2014 the blooming of the rare corpse flower plant, which emits an odor that smells like rotting flesh. Take a look at the ephemeral beauty.\",\"teaserTitle\":\"Smells Like Rotting Flesh and Just Bloomed in San Diego\",\"src\":\"https://s.w-x.co/CorpseFlower.jpg\",\"srcSet\":[{\"src\":\"https://s.w-x.co/util/image/w/CorpseFlower.jpg?v=at&w=160&h=90\",\"variant\":\"160w\"},{\"src\":\"https://s.w-x.co/util/image/w/CorpseFlower.jpg?v=at&w=320&h=180\",\"variant\":\"320w\"},{\"src\":\"https://s.w-x.co/util/image/w/CorpseFlower.jpg?v=at&w=815&h=458\",\"variant\":\"815w\"},{\"src\":\"https://s.w-x.co/util/image/w/CorpseFlower.jpg?v=at&w=1280&h=720\",\"variant\":\"1024w\"}],\"lqip\":\"https://s.w-x.co/util/image/w/CorpseFlower.jpg?v=at&w=73&h=49\",\"provider\":{\"name\":\"TWC\"},\"publishdate\":\"2021-11-03T09:06:52.000-04:00\",\"icon\":\"photo\",\"category\":{\"link\":\"\",\"title\":\"\"},\"webVideoData\":{\"web\":\"https://v.w-x.co/digital_video/The_Weather_Channel_-_Reach_Engine/fd6666b2-95e3-4ac4-8e06-1fe3ece36f7a/RARE_CORPSE_FLOWER_1_mezz_Playlist.m3u8\",\"mweb\":\"https://v.w-x.co/digital_video/The_Weather_Channel_-_Reach_Engine/fd6666b2-95e3-4ac4-8e06-1fe3ece36f7a/RARE_CORPSE_FLOWER_1_mezz_Playlist.m3u8\"}},{\"headline\":\"2,000-Year-Old Amethyst May Be First of Its Kind\",\"url\":\"/news/trending/video/2000-year-old-amethyst-may-be-first-of-its-kind\",\"caption\":\"A 2,000-year-old amethyst is found in a drainage ditch in Israel -- and it may be the first discovery of its kind. Here\u2019s why.\",\"teaserTitle\":\"Tiny Artifact May Be First of Its Kind\",\"src\":\"https://s.w-x.co/1102amethyst.jpg\",\"srcSet\":[{\"src\":\"https://s.w-x.co/util/image/w/1102amethyst.jpg?v=at&w=160&h=90\",\"variant\":\"160w\"},{\"src\":\"https://s.w-x.co/util/image/w/1102amethyst.jpg?v=at&w=320&h=180\",\"variant\":\"320w\"},{\"src\":\"https://s.w-x.co/util/image/w/1102amethyst.jpg?v=at&w=815&h=458\",\"variant\":\"815w\"},{\"src\":\"https://s.w-x.co/util/image/w/1102amethyst.jpg?v=at&w=1280&h=720\",\"variant\":\"1024w\"}],\"lqip\":\"https://s.w-x.co/util/image/w/1102amethyst.jpg?v=at&w=73&h=49\",\"provider\":{\"name\":\"TWC\"},\"publishdate\":\"2021-11-02T17:20:13.000-04:00\",\"icon\":\"photo\",\"category\":{\"link\":\"\",\"title\":\"\"},\"webVideoData\":{\"web\":\"https://v.w-x.co/digital_video/The_Weather_Channel_-_Reach_Engine/c28dde6f-dd26-4786-baba-281f88ca9a5c/AncientAmethystFound_TEXTmezz_Playlist.m3u8\",\"mweb\":\"https://v.w-x.co/digital_video/The_Weather_Channel_-_Reach_Engine/c28dde6f-dd26-4786-baba-281f88ca9a5c/AncientAmethystFound_TEXTmezz_Playlist.m3u8\"}},{\"headline\":\"Astronauts Make Space Tacos With Chiles They Grew\",\"url\":\"/science/space/video/astronauts-enjoy-first-space-tacos\",\"caption\":\"Space food has come a long way. Astronauts on the International Space Station made space tacos after harvesting the first chile peppers grown in space.\",\"teaserTitle\":\"Here\u2019s What a Space Taco Looks Like\",\"src\":\"https://s.w-x.co/spacetaco.jpeg\",\"srcSet\":[{\"src\":\"https://s.w-x.co/util/image/w/spacetaco.jpeg?v=at&w=160&h=90\",\"variant\":\"160w\"},{\"src\":\"https://s.w-x.co/util/image/w/spacetaco.jpeg?v=at&w=320&h=180\",\"variant\":\"320w\"},{\"src\":\"https://s.w-x.co/util/image/w/spacetaco.jpeg?v=at&w=815&h=458\",\"variant\":\"815w\"},{\"src\":\"https://s.w-x.co/util/image/w/spacetaco.jpeg?v=at&w=1280&h=720\",\"variant\":\"1024w\"}],\"lqip\":\"https://s.w-x.co/util/image/w/spacetaco.jpeg?v=at&w=73&h=49\",\"provider\":{\"name\":\"TWC\"},\"publishdate\":\"2021-11-02T10:19:54.000-04:00\",\"icon\":\"photo\",\"category\":{\"link\":\"\",\"title\":\"\"},\"webVideoData\":{\"web\":\"https://v.w-x.co/digital_video/The_Weather_Channel_-_Reach_Engine/88f2aee6-e0fb-41ad-b6aa-73eb884ac975/v3_Astronauts_Enjoy_First_Space_Tacos_mezz_Playlist.m3u8\",\"mweb\":\"https://v.w-x.co/digital_video/The_Weather_Channel_-_Reach_Engine/88f2aee6-e0fb-41ad-b6aa-73eb884ac975/v3_Astronauts_Enjoy_First_Space_Tacos_mezz_Playlist.m3u8\"}},{\"headline\":\"Injured Cat Rescued from Volcano\",\"url\":\"/science/nature/video/injured-cat-rescued-from-volcano\",\"caption\":\"An injured cat is found with singed whiskers and burned fur in the exclusion zone around a volcano on the Spanish island of La Palma.\",\"teaserTitle\":\"Furry Feline Injured in La Palma Volcano\",\"src\":\"https://s.w-x.co/volcanocat.jpg\",\"srcSet\":[{\"src\":\"https://s.w-x.co/util/image/w/volcanocat.jpg?v=at&w=160&h=90\",\"variant\":\"160w\"},{\"src\":\"https://s.w-x.co/util/image/w/volcanocat.jpg?v=at&w=320&h=180\",\"variant\":\"320w\"},{\"src\":\"https://s.w-x.co/util/image/w/volcanocat.jpg?v=at&w=815&h=458\",\"variant\":\"815w\"},{\"src\":\"https://s.w-x.co/util/image/w/volcanocat.jpg?v=at&w=1280&h=720\",\"variant\":\"1024w\"}],\"lqip\":\"https://s.w-x.co/util/image/w/volcanocat.jpg?v=at&w=73&h=49\",\"provider\":{\"name\":\"TWC\"},\"publishdate\":\"2021-11-02T09:06:52.000-04:00\",\"icon\":\"photo\",\"category\":{\"link\":\"\",\"title\":\"\"},\"webVideoData\":{\"web\":\"https://v.w-x.co/digital_video/The_Weather_Channel_-_Reach_Engine/0605c626-1158-4f9c-b33a-174d85602dc8/CAT_RESCUED_1_mezz_Playlist.m3u8\",\"mweb\":\"https://v.w-x.co/digital_video/The_Weather_Channel_-_Reach_Engine/0605c626-1158-4f9c-b33a-174d85602dc8/CAT_RESCUED_1_mezz_Playlist.m3u8\"}},{\"headline\":\"Bizarre Red and Green Mountain\",\"url\":\"/news/trending/video/bizarre-red-and-green-mountain\",\"caption\":\"An unusual scene is attracting tourists to a mountain in eastern China.\",\"teaserTitle\":\"Freak Foliage Splits Mountain in Half\",\"src\":\"https://s.w-x.co/MountainSplit.jpg\",\"srcSet\":[{\"src\":\"https://s.w-x.co/util/image/w/MountainSplit.jpg?v=at&w=160&h=90\",\"variant\":\"160w\"},{\"src\":\"https://s.w-x.co/util/image/w/MountainSplit.jpg?v=at&w=320&h=180\",\"variant\":\"320w\"},{\"src\":\"https://s.w-x.co/util/image/w/MountainSplit.jpg?v=at&w=815&h=458\",\"variant\":\"815w\"},{\"src\":\"https://s.w-x.co/util/image/w/MountainSplit.jpg?v=at&w=1280&h=720\",\"variant\":\"1024w\"}],\"lqip\":\"https://s.w-x.co/util/image/w/MountainSplit.jpg?v=at&w=73&h=49\",\"provider\":{\"name\":\"TWC\"},\"publishdate\":\"2021-11-01T08:23:23.000-04:00\",\"icon\":\"photo\",\"category\":{\"link\":\"\",\"title\":\"\"},\"webVideoData\":{\"web\":\"https://v.w-x.co/digital_video/The_Weather_Channel_-_Reach_Engine/c71b4ebd-7f6c-4f97-8da6-aa12fe6f459b/TREES_SPLIT_MOUNTAIN_1_mezz_Playlist.m3u8\",\"mweb\":\"https://v.w-x.co/digital_video/The_Weather_Channel_-_Reach_Engine/c71b4ebd-7f6c-4f97-8da6-aa12fe6f459b/TREES_SPLIT_MOUNTAIN_1_mezz_Playlist.m3u8\"}},{\"headline\":\"November\u2019s Celestial Treats to Watch\",\"url\":\"/science/space/video/novembers-celestial-treats-to-watch\",\"caption\":\"Here are some of the most exciting \u2013 and visible \u2013 celestial events you can catch in November.\",\"teaserTitle\":\"November\u2019s Celestial Treats to Watch\",\"src\":\"https://s.w-x.co/novmoon.jpg\",\"srcSet\":[{\"src\":\"https://s.w-x.co/util/image/w/novmoon.jpg?v=at&w=160&h=90\",\"variant\":\"160w\"},{\"src\":\"https://s.w-x.co/util/image/w/novmoon.jpg?v=at&w=320&h=180\",\"variant\":\"320w\"},{\"src\":\"https://s.w-x.co/util/image/w/novmoon.jpg?v=at&w=815&h=458\",\"variant\":\"815w\"},{\"src\":\"https://s.w-x.co/util/image/w/novmoon.jpg?v=at&w=1280&h=720\",\"variant\":\"1024w\"}],\"lqip\":\"https://s.w-x.co/util/image/w/novmoon.jpg?v=at&w=73&h=49\",\"provider\":{\"name\":\"TWC\"},\"publishdate\":\"2021-11-01T17:24:54.000-04:00\",\"icon\":\"photo\",\"category\":{\"link\":\"\",\"title\":\"\"},\"webVideoData\":{\"web\":\"https://v.w-x.co/digital_video/The_Weather_Channel_-_Reach_Engine/0b8c8304-7ee7-481d-b7d3-8c0160a74f50/v3_Novembers_Celestial_Treats_to_Watch_mezz_Playlist.m3u8\",\"mweb\":\"https://v.w-x.co/digital_video/The_Weather_Channel_-_Reach_Engine/0b8c8304-7ee7-481d-b7d3-8c0160a74f50/v3_Novembers_Celestial_Treats_to_Watch_mezz_Playlist.m3u8\"}},{\"headline\":\"Why Is This California City So Stinky?\",\"url\":\"/news/trending/video/california-city-is-so-stinky-officials-declare-state-of-emergency\",\"caption\":\"Drought is partly to blame for the odor that\u2019s been plaguing Carson, California, for weeks.\",\"teaserTitle\":\"California City\u2019s Stench Prompts Emergency Declaration\",\"src\":\"https://s.w-x.co/CarsonStink.jpg\",\"srcSet\":[{\"src\":\"https://s.w-x.co/util/image/w/CarsonStink.jpg?v=at&w=160&h=90\",\"variant\":\"160w\"},{\"src\":\"https://s.w-x.co/util/image/w/CarsonStink.jpg?v=at&w=320&h=180\",\"variant\":\"320w\"},{\"src\":\"https://s.w-x.co/util/image/w/CarsonStink.jpg?v=at&w=815&h=458\",\"variant\":\"815w\"},{\"src\":\"https://s.w-x.co/util/image/w/CarsonStink.jpg?v=at&w=1280&h=720\",\"variant\":\"1024w\"}],\"lqip\":\"https://s.w-x.co/util/image/w/CarsonStink.jpg?v=at&w=73&h=49\",\"provider\":{\"name\":\"TWC\"},\"publishdate\":\"2021-11-01T11:23:13.000-04:00\",\"icon\":\"photo\",\"category\":{\"link\":\"\",\"title\":\"\"},\"webVideoData\":{\"web\":\"https://v.w-x.co/digital_video/The_Weather_Channel_-_Reach_Engine/e65bd06d-bbc4-4f95-bbd6-f7f9489bcd5c/1101_FOUL_ODOR_EMERGENCY_AMmezz_Playlist.m3u8\",\"mweb\":\"https://v.w-x.co/digital_video/The_Weather_Channel_-_Reach_Engine/e65bd06d-bbc4-4f95-bbd6-f7f9489bcd5c/1101_FOUL_ODOR_EMERGENCY_AMmezz_Playlist.m3u8\"}},{\"headline\":\"Snowboarder's Fall Down Near Vertical Descent\",\"url\":\"/sports-recreation/video/snowboarder-no-match-for-steep-mountain\",\"caption\":\"Watch this Italian snowboarder lose control and fall down an almost vertical descent.\",\"teaserTitle\":\"Snowboarder's Fall Down Near Vertical Descent\",\"src\":\"https://s.w-x.co/1027snowboard.jpg\",\"srcSet\":[{\"src\":\"https://s.w-x.co/util/image/w/1027snowboard.jpg?v=at&w=160&h=90\",\"variant\":\"160w\"},{\"src\":\"https://s.w-x.co/util/image/w/1027snowboard.jpg?v=at&w=320&h=180\",\"variant\":\"320w\"},{\"src\":\"https://s.w-x.co/util/image/w/1027snowboard.jpg?v=at&w=815&h=458\",\"variant\":\"815w\"},{\"src\":\"https://s.w-x.co/util/image/w/1027snowboard.jpg?v=at&w=1280&h=720\",\"variant\":\"1024w\"}],\"lqip\":\"https://s.w-x.co/util/image/w/1027snowboard.jpg?v=at&w=73&h=49\",\"provider\":{\"name\":\"TWC\"},\"publishdate\":\"2021-10-27T14:37:42.000-04:00\",\"icon\":\"photo\",\"category\":{\"link\":\"\",\"title\":\"\"},\"webVideoData\":{\"web\":\"https://v.w-x.co/digital_video/The_Weather_Channel_-_Reach_Engine/76117199-bbbf-4a12-ac8a-bbe11b679c39/v2_Snowboarder_No_Match_for_Steep_Mountain_mezz_Playlist.m3u8\",\"mweb\":\"https://v.w-x.co/digital_video/The_Weather_Channel_-_Reach_Engine/76117199-bbbf-4a12-ac8a-bbe11b679c39/v2_Snowboarder_No_Match_for_Steep_Mountain_mezz_Playlist.m3u8\"}},{\"headline\":\"10,000 Landmark Trees to Be Cleared Away\",\"url\":\"/news/trending/video/california-to-clear-10000-damaged-trees-near-giant-sequoias\",\"caption\":\"The trees, along a portion General\u2019s Highway, are victims of wildfire, drought, disease and age.\",\"teaserTitle\":\"10,000 Landmark Trees Must Go\",\"src\":\"https://s.w-x.co/Sequoias.jpg\",\"srcSet\":[{\"src\":\"https://s.w-x.co/util/image/w/Sequoias.jpg?v=at&w=160&h=90\",\"variant\":\"160w\"},{\"src\":\"https://s.w-x.co/util/image/w/Sequoias.jpg?v=at&w=320&h=180\",\"variant\":\"320w\"},{\"src\":\"https://s.w-x.co/util/image/w/Sequoias.jpg?v=at&w=815&h=458\",\"variant\":\"815w\"},{\"src\":\"https://s.w-x.co/util/image/w/Sequoias.jpg?v=at&w=1280&h=720\",\"variant\":\"1024w\"}],\"lqip\":\"https://s.w-x.co/util/image/w/Sequoias.jpg?v=at&w=73&h=49\",\"provider\":{\"name\":\"TWC\"},\"publishdate\":\"2021-10-26T18:11:33.000-04:00\",\"icon\":\"photo\",\"category\":{\"link\":\"\",\"title\":\"\"},\"webVideoData\":{\"web\":\"https://v.w-x.co/digital_video/The_Weather_Channel_-_Reach_Engine/ac6df966-9403-43f5-b51c-d91b3c6fb63e/1026_TreesToBeRemovedInCA_STUDIOmezz_Playlist.m3u8\",\"mweb\":\"https://v.w-x.co/digital_video/The_Weather_Channel_-_Reach_Engine/ac6df966-9403-43f5-b51c-d91b3c6fb63e/1026_TreesToBeRemovedInCA_STUDIOmezz_Playlist.m3u8\"}},{\"headline\":\"Massive Wave Destroys Boat, Batters Fisherman\",\"url\":\"/news/weather/video/massive-wave-destroys-boat-batters-fisherman\",\"caption\":\"The remnants of Typhoon Kompasu created dangerous surf conditions off of the Philippines that destroyed a fisherman\u2019s boat while he was in it.\",\"teaserTitle\":\"Watch Giant Wave Smash Boat to Pieces\",\"src\":\"https://s.w-x.co/1029boatwave.jpg\",\"srcSet\":[{\"src\":\"https://s.w-x.co/util/image/w/1029boatwave.jpg?v=at&w=160&h=90\",\"variant\":\"160w\"},{\"src\":\"https://s.w-x.co/util/image/w/1029boatwave.jpg?v=at&w=320&h=180\",\"variant\":\"320w\"},{\"src\":\"https://s.w-x.co/util/image/w/1029boatwave.jpg?v=at&w=815&h=458\",\"variant\":\"815w\"},{\"src\":\"https://s.w-x.co/util/image/w/1029boatwave.jpg?v=at&w=1280&h=720\",\"variant\":\"1024w\"}],\"lqip\":\"https://s.w-x.co/util/image/w/1029boatwave.jpg?v=at&w=73&h=49\",\"provider\":{\"name\":\"TWC\"},\"publishdate\":\"2021-10-29T12:03:32.000-04:00\",\"icon\":\"photo\",\"category\":{\"link\":\"\",\"title\":\"\"},\"webVideoData\":{\"web\":\"https://v.w-x.co/digital_video/The_Weather_Channel_-_Reach_Engine/bfc9d455-651d-4a62-a95c-e954bd033f2c/HUGE_WAVES_SLAM_INTO_BOAT_Playlist.m3u8\",\"mweb\":\"https://v.w-x.co/digital_video/The_Weather_Channel_-_Reach_Engine/bfc9d455-651d-4a62-a95c-e954bd033f2c/HUGE_WAVES_SLAM_INTO_BOAT_Playlist.m3u8\"}},{\"headline\":\"Dried Up Lake is Disaster for Flamingos\",\"url\":\"/news/climate/video/large-turkish-lake-dries-up-from-drought-brought-by-climate-change\",\"caption\":\"A large lake in central Turkey that was home to thousands of migrating flamingos has completely dried up from drought caused by climate change.\",\"teaserTitle\":\"Heartbreaking Scene After Lake Dries Up\",\"src\":\"https://s.w-x.co/LakeTuz.jpg\",\"srcSet\":[{\"src\":\"https://s.w-x.co/util/image/w/LakeTuz.jpg?v=at&w=160&h=90\",\"variant\":\"160w\"},{\"src\":\"https://s.w-x.co/util/image/w/LakeTuz.jpg?v=at&w=320&h=180\",\"variant\":\"320w\"},{\"src\":\"https://s.w-x.co/util/image/w/LakeTuz.jpg?v=at&w=815&h=458\",\"variant\":\"815w\"},{\"src\":\"https://s.w-x.co/util/image/w/LakeTuz.jpg?v=at&w=1280&h=720\",\"variant\":\"1024w\"}],\"lqip\":\"https://s.w-x.co/util/image/w/LakeTuz.jpg?v=at&w=73&h=49\",\"provider\":{\"name\":\"TWC\"},\"publishdate\":\"2021-10-28T16:27:14.000-04:00\",\"icon\":\"photo\",\"category\":{\"link\":\"\",\"title\":\"\"},\"webVideoData\":{\"web\":\"https://v.w-x.co/digital_video/The_Weather_Channel_-_Reach_Engine/6ffd6c46-bb59-404c-8e98-69fd18392da6/1028_Turkish_Lake_Dries_Up_PM_Studio_Editmezz_Playlist.m3u8\",\"mweb\":\"https://v.w-x.co/digital_video/The_Weather_Channel_-_Reach_Engine/6ffd6c46-bb59-404c-8e98-69fd18392da6/1028_Turkish_Lake_Dries_Up_PM_Studio_Editmezz_Playlist.m3u8\"}},{\"headline\":\"World\u2019s Largest Ferris Wheel Opens\",\"url\":\"/travel/video/the-worlds-largest-ferris-wheel-just-opened-in-dubai-offering-a-magnificent-view-of\",\"caption\":\"The world\u2019s largest ferris wheel just opened in Dubai, towering 820 feet into the sky and offering a magnificent view of the city.\",\"teaserTitle\":\"World\u2019s Largest Ferris Wheel Opens\",\"src\":\"https://s.w-x.co/1028fwheel.jpg\",\"srcSet\":[{\"src\":\"https://s.w-x.co/util/image/w/1028fwheel.jpg?v=at&w=160&h=90\",\"variant\":\"160w\"},{\"src\":\"https://s.w-x.co/util/image/w/1028fwheel.jpg?v=at&w=320&h=180\",\"variant\":\"320w\"},{\"src\":\"https://s.w-x.co/util/image/w/1028fwheel.jpg?v=at&w=815&h=458\",\"variant\":\"815w\"},{\"src\":\"https://s.w-x.co/util/image/w/1028fwheel.jpg?v=at&w=1280&h=720\",\"variant\":\"1024w\"}],\"lqip\":\"https://s.w-x.co/util/image/w/1028fwheel.jpg?v=at&w=73&h=49\",\"provider\":{\"name\":\"TWC\"},\"publishdate\":\"2021-10-28T15:51:33.000-04:00\",\"icon\":\"photo\",\"category\":{\"link\":\"\",\"title\":\"\"},\"webVideoData\":{\"web\":\"https://v.w-x.co/digital_video/The_Weather_Channel_-_Reach_Engine/af9e1cdb-f1be-4371-9268-947595583117/THE_WORLD'S_LARGEST_FERRIS_WHEEL_JUST_OPENED_IN_DUBAI_Playlist.m3u8\",\"mweb\":\"https://v.w-x.co/digital_video/The_Weather_Channel_-_Reach_Engine/af9e1cdb-f1be-4371-9268-947595583117/THE_WORLD'S_LARGEST_FERRIS_WHEEL_JUST_OPENED_IN_DUBAI_Playlist.m3u8\"}},{\"headline\":\"Chicago At Risk from Climate Change and Swings in Lake Michigan Water Levels\",\"url\":\"/news/climate/video/chicago-at-risk-from-climate-change-and-swings-in-lake-michigan-water-levels\",\"caption\":\"Chicago shares a concern with U.S. coastal cities about rising water levels.\",\"teaserTitle\":\"Chicago Could Be Inundated by Lake Michigan\",\"src\":\"https://s.w-x.co/ChicagoLake.jpg\",\"srcSet\":[{\"src\":\"https://s.w-x.co/util/image/w/ChicagoLake.jpg?v=at&w=160&h=90\",\"variant\":\"160w\"},{\"src\":\"https://s.w-x.co/util/image/w/ChicagoLake.jpg?v=at&w=320&h=180\",\"variant\":\"320w\"},{\"src\":\"https://s.w-x.co/util/image/w/ChicagoLake.jpg?v=at&w=815&h=458\",\"variant\":\"815w\"},{\"src\":\"https://s.w-x.co/util/image/w/ChicagoLake.jpg?v=at&w=1280&h=720\",\"variant\":\"1024w\"}],\"lqip\":\"https://s.w-x.co/util/image/w/ChicagoLake.jpg?v=at&w=73&h=49\",\"provider\":{\"name\":\"TWC\"},\"publishdate\":\"2021-10-27T17:45:43.000-04:00\",\"icon\":\"photo\",\"category\":{\"link\":\"\",\"title\":\"\"},\"webVideoData\":{\"web\":\"https://v.w-x.co/digital_video/The_Weather_Channel_-_Reach_Engine/96213555-9e2a-45f6-9840-d23643a7f253/1027_CLIMATE_CHANGE_CAUSING_BIG_SWINGS_IN_LAKE_MICHIGAN_WATER_LEVELS_PM_Studio_Editmezz_Playlist.m3u8\",\"mweb\":\"https://v.w-x.co/digital_video/The_Weather_Channel_-_Reach_Engine/96213555-9e2a-45f6-9840-d23643a7f253/1027_CLIMATE_CHANGE_CAUSING_BIG_SWINGS_IN_LAKE_MICHIGAN_WATER_LEVELS_PM_Studio_Editmezz_Playlist.m3u8\"}},{\"headline\":\"Bad News for One of World's Rarest Marine Mammals\",\"url\":\"/science/nature/video/number-of-north-atlantic-right-whales-drops-by-nearly-10\",\"caption\":\"There are fewer than 350 North Atlantic right whales left, according to a group that monitors them. Images obtained via NOAA permits #594-1759, #18786, #15488 and #20556-01.\",\"teaserTitle\":\"Bad News for One of World's Rarest Mammals\",\"src\":\"https://s.w-x.co/RightWhale.jpg\",\"srcSet\":[{\"src\":\"https://s.w-x.co/util/image/w/RightWhale.jpg?v=at&w=160&h=90\",\"variant\":\"160w\"},{\"src\":\"https://s.w-x.co/util/image/w/RightWhale.jpg?v=at&w=320&h=180\",\"variant\":\"320w\"},{\"src\":\"https://s.w-x.co/util/image/w/RightWhale.jpg?v=at&w=815&h=458\",\"variant\":\"815w\"},{\"src\":\"https://s.w-x.co/util/image/w/RightWhale.jpg?v=at&w=1280&h=720\",\"variant\":\"1024w\"}],\"lqip\":\"https://s.w-x.co/util/image/w/RightWhale.jpg?v=at&w=73&h=49\",\"provider\":{\"name\":\"TWC\"},\"publishdate\":\"2021-10-26T14:18:42.000-04:00\",\"icon\":\"photo\",\"category\":{\"link\":\"\",\"title\":\"\"},\"webVideoData\":{\"web\":\"https://v.w-x.co/digital_video/The_Weather_Channel_-_Reach_Engine/34a8a9e7-c54d-4ae5-b28c-e182a80dea53/v2_Number_of_North_Atlantic_Right_Whales_Drops_by_Nearly_10_percent_mezz_Playlist.m3u8\",\"mweb\":\"https://v.w-x.co/digital_video/The_Weather_Channel_-_Reach_Engine/34a8a9e7-c54d-4ae5-b28c-e182a80dea53/v2_Number_of_North_Atlantic_Right_Whales_Drops_by_Nearly_10_percent_mezz_Playlist.m3u8\"}},{\"headline\":\"Whirlpool Can't Keep Pumpkin Down\",\"url\":\"/news/trending/video/pumpkin-gets-sucked-into-whirlpool-and-comes-out-the-other-side\",\"caption\":\"Watch a pumpkin disappear into a spinning vortex of water and pop up across the street.\",\"teaserTitle\":\"Pumpkin Sucked Into Whirlpool and Comes Out Other Side\",\"src\":\"https://s.w-x.co/WhirlpoolPumpkin.jpg\",\"srcSet\":[{\"src\":\"https://s.w-x.co/util/image/w/WhirlpoolPumpkin.jpg?v=at&w=160&h=90\",\"variant\":\"160w\"},{\"src\":\"https://s.w-x.co/util/image/w/WhirlpoolPumpkin.jpg?v=at&w=320&h=180\",\"variant\":\"320w\"},{\"src\":\"https://s.w-x.co/util/image/w/WhirlpoolPumpkin.jpg?v=at&w=815&h=458\",\"variant\":\"815w\"},{\"src\":\"https://s.w-x.co/util/image/w/WhirlpoolPumpkin.jpg?v=at&w=1280&h=720\",\"variant\":\"1024w\"}],\"lqip\":\"https://s.w-x.co/util/image/w/WhirlpoolPumpkin.jpg?v=at&w=73&h=49\",\"provider\":{\"name\":\"TWC\"},\"publishdate\":\"2021-10-26T12:59:14.000-04:00\",\"icon\":\"photo\",\"category\":{\"link\":\"\",\"title\":\"\"},\"webVideoData\":{\"web\":\"https://v.w-x.co/digital_video/The_Weather_Channel_-_Reach_Engine/25b47b2c-6ce6-4675-8620-b4d390fbb67b/PUMPKIN_SUCKED_INTO_WHIRLPOOL_Playlist.m3u8\",\"mweb\":\"https://v.w-x.co/digital_video/The_Weather_Channel_-_Reach_Engine/25b47b2c-6ce6-4675-8620-b4d390fbb67b/PUMPKIN_SUCKED_INTO_WHIRLPOOL_Playlist.m3u8\"}},{\"headline\":\"Okinawa Invaded by Pumice After Underwater Eruption\",\"url\":\"/news/trending/video/okinawa-invaded-by-pumice-after-underwater-eruption\",\"caption\":\"The pumice stones are washing up on Okinawa\u2019s shores in waves after a nearly 900-mile journey.\",\"teaserTitle\":\"Underwater Eruption Sends Pumice on Epic Journey\",\"src\":\"https://s.w-x.co/1029pumice.jpg\",\"srcSet\":[{\"src\":\"https://s.w-x.co/util/image/w/1029pumice.jpg?v=at&w=160&h=90\",\"variant\":\"160w\"},{\"src\":\"https://s.w-x.co/util/image/w/1029pumice.jpg?v=at&w=320&h=180\",\"variant\":\"320w\"},{\"src\":\"https://s.w-x.co/util/image/w/1029pumice.jpg?v=at&w=815&h=458\",\"variant\":\"815w\"},{\"src\":\"https://s.w-x.co/util/image/w/1029pumice.jpg?v=at&w=1280&h=720\",\"variant\":\"1024w\"}],\"lqip\":\"https://s.w-x.co/util/image/w/1029pumice.jpg?v=at&w=73&h=49\",\"provider\":{\"name\":\"TWC\"},\"publishdate\":\"2021-10-29T10:46:03.000-04:00\",\"icon\":\"photo\",\"category\":{\"link\":\"\",\"title\":\"\"},\"webVideoData\":{\"web\":\"https://v.w-x.co/digital_video/The_Weather_Channel_-_Reach_Engine/e8806ff2-a62a-4d3f-aa60-c45b4df369a4/1029_VOLCANO_SWAMPS_OKINAWA_AMmezz_Playlist.m3u8\",\"mweb\":\"https://v.w-x.co/digital_video/The_Weather_Channel_-_Reach_Engine/e8806ff2-a62a-4d3f-aa60-c45b4df369a4/1029_VOLCANO_SWAMPS_OKINAWA_AMmezz_Playlist.m3u8\"}},{\"headline\":\"Molten Cannonball of Lava Careens Down Hillside\",\"url\":\"/news/trending/video/molten-cannonball-of-lava-careens-down-hillside\",\"caption\":\"Scientists were observing the La Palma volcano in Spain when a lava bomb came rolling their way.\",\"teaserTitle\":\"Molten Cannonball of Lava Careens Down Hillside\",\"src\":\"https://s.w-x.co/1029lavabomb.jpg\",\"srcSet\":[{\"src\":\"https://s.w-x.co/util/image/w/1029lavabomb.jpg?v=at&w=160&h=90\",\"variant\":\"160w\"},{\"src\":\"https://s.w-x.co/util/image/w/1029lavabomb.jpg?v=at&w=320&h=180\",\"variant\":\"320w\"},{\"src\":\"https://s.w-x.co/util/image/w/1029lavabomb.jpg?v=at&w=815&h=458\",\"variant\":\"815w\"},{\"src\":\"https://s.w-x.co/util/image/w/1029lavabomb.jpg?v=at&w=1280&h=720\",\"variant\":\"1024w\"}],\"lqip\":\"https://s.w-x.co/util/image/w/1029lavabomb.jpg?v=at&w=73&h=49\",\"provider\":{\"name\":\"TWC\"},\"publishdate\":\"2021-10-29T12:04:11.000-04:00\",\"icon\":\"photo\",\"category\":{\"link\":\"\",\"title\":\"\"},\"webVideoData\":{\"web\":\"https://v.w-x.co/digital_video/The_Weather_Channel_-_Reach_Engine/65c461e9-5752-4425-a884-b2f3d4bb4db9/LAVA_BOMB_ON_THE_LOOSE_1_mezz_Playlist.m3u8\",\"mweb\":\"https://v.w-x.co/digital_video/The_Weather_Channel_-_Reach_Engine/65c461e9-5752-4425-a884-b2f3d4bb4db9/LAVA_BOMB_ON_THE_LOOSE_1_mezz_Playlist.m3u8\"}},{\"headline\":\"NASA Spots 'Godzilla' in Space\",\"url\":\"/science/space/video/nasa-spots-godzilla-in-space\",\"caption\":\"A cloud of dust and gas resembles a familiar movie monster.\",\"teaserTitle\":\"NASA Spots 'Godzilla' in Space\",\"src\":\"https://s.w-x.co/1029godzilla.jpg\",\"srcSet\":[{\"src\":\"https://s.w-x.co/util/image/w/1029godzilla.jpg?v=at&w=160&h=90\",\"variant\":\"160w\"},{\"src\":\"https://s.w-x.co/util/image/w/1029godzilla.jpg?v=at&w=320&h=180\",\"variant\":\"320w\"},{\"src\":\"https://s.w-x.co/util/image/w/1029godzilla.jpg?v=at&w=815&h=458\",\"variant\":\"815w\"},{\"src\":\"https://s.w-x.co/util/image/w/1029godzilla.jpg?v=at&w=1280&h=720\",\"variant\":\"1024w\"}],\"lqip\":\"https://s.w-x.co/util/image/w/1029godzilla.jpg?v=at&w=73&h=49\",\"provider\":{\"name\":\"TWC\"},\"publishdate\":\"2021-10-29T15:57:32.000-04:00\",\"icon\":\"photo\",\"category\":{\"link\":\"\",\"title\":\"\"},\"webVideoData\":{\"web\":\"https://v.w-x.co/digital_video/The_Weather_Channel_-_Reach_Engine/90ca9f5c-c50f-4854-bd43-62ea12e8ed23/1029_GODZILLA_IN_SPACE_STUDIOmezz_Playlist.m3u8\",\"mweb\":\"https://v.w-x.co/digital_video/The_Weather_Channel_-_Reach_Engine/90ca9f5c-c50f-4854-bd43-62ea12e8ed23/1029_GODZILLA_IN_SPACE_STUDIOmezz_Playlist.m3u8\"}},{\"headline\":\"Scientist Evaluates California Burn Scar From Above\",\"url\":\"/news/weather/video/scientist-evaluates-california-burn-scar-from-above\",\"caption\":\"A PG&E scientist surveyed a region in Northern California that was burned during the Dixie Fire to learn how to better protect it from future weather events.\",\"teaserTitle\":\"Scientist Evaluates California Burn Scar From Above\",\"src\":\"https://v.w-x.co/1635537401831_CALIFORNIA_BURN_SCAR_EVALUATED_FROM_THE_AIR.jpg\",\"srcSet\":[{\"src\":\"https://s.w-x.co/util/image/v/1635537401831_CALIFORNIA_BURN_SCAR_EVALUATED_FROM_THE_AIR.jpg?v=at&w=160&h=90\",\"variant\":\"160w\"},{\"src\":\"https://s.w-x.co/util/image/v/1635537401831_CALIFORNIA_BURN_SCAR_EVALUATED_FROM_THE_AIR.jpg?v=at&w=320&h=180\",\"variant\":\"320w\"},{\"src\":\"https://s.w-x.co/util/image/v/1635537401831_CALIFORNIA_BURN_SCAR_EVALUATED_FROM_THE_AIR.jpg?v=at&w=815&h=458\",\"variant\":\"815w\"},{\"src\":\"https://s.w-x.co/util/image/v/1635537401831_CALIFORNIA_BURN_SCAR_EVALUATED_FROM_THE_AIR.jpg?v=at&w=1280&h=720\",\"variant\":\"1024w\"}],\"lqip\":\"https://s.w-x.co/util/image/v/1635537401831_CALIFORNIA_BURN_SCAR_EVALUATED_FROM_THE_AIR.jpg?v=at&w=73&h=49\",\"provider\":{\"name\":\"TWC\"},\"publishdate\":\"2021-10-29T15:56:53.000-04:00\",\"icon\":\"photo\",\"category\":{\"link\":\"\",\"title\":\"\"},\"webVideoData\":{\"web\":\"https://v.w-x.co/digital_video/The_Weather_Channel_-_Reach_Engine/eae5b49a-b169-4c59-b234-314abd684b11/CALIFORNIA_BURN_SCAR_EVALUATED_FROM_THE_AIR_Playlist.m3u8\",\"mweb\":\"https://v.w-x.co/digital_video/The_Weather_Channel_-_Reach_Engine/eae5b49a-b169-4c59-b234-314abd684b11/CALIFORNIA_BURN_SCAR_EVALUATED_FROM_THE_AIR_Playlist.m3u8\"}},{\"headline\":\"This May Be First Planet Spotted Outside Our Galaxy\",\"url\":\"/science/space/video/first-time-possible-planet-spotted-outside-our-galaxy\",\"caption\":\"Scientists may have found a planet outside our galaxy for the first time thanks to NASA\u2019s Chandra X-Ray.\",\"teaserTitle\":\"First Time Possible Planet Spotted Outside Our Galaxy\",\"src\":\"https://s.w-x.co/1028newplanet.jpg\",\"srcSet\":[{\"src\":\"https://s.w-x.co/util/image/w/1028newplanet.jpg?v=at&w=160&h=90\",\"variant\":\"160w\"},{\"src\":\"https://s.w-x.co/util/image/w/1028newplanet.jpg?v=at&w=320&h=180\",\"variant\":\"320w\"},{\"src\":\"https://s.w-x.co/util/image/w/1028newplanet.jpg?v=at&w=815&h=458\",\"variant\":\"815w\"},{\"src\":\"https://s.w-x.co/util/image/w/1028newplanet.jpg?v=at&w=1280&h=720\",\"variant\":\"1024w\"}],\"lqip\":\"https://s.w-x.co/util/image/w/1028newplanet.jpg?v=at&w=73&h=49\",\"provider\":{\"name\":\"TWC\"},\"publishdate\":\"2021-10-28T15:48:33.000-04:00\",\"icon\":\"photo\",\"category\":{\"link\":\"\",\"title\":\"\"},\"webVideoData\":{\"web\":\"https://v.w-x.co/digital_video/The_Weather_Channel_-_Reach_Engine/38ab944c-855c-4a17-bc08-1c8774d1e80b/v2_First_Time_Possible_Planet_Spotted_Outside_Our_Galaxy__mezz_Playlist.m3u8\",\"mweb\":\"https://v.w-x.co/digital_video/The_Weather_Channel_-_Reach_Engine/38ab944c-855c-4a17-bc08-1c8774d1e80b/v2_First_Time_Possible_Planet_Spotted_Outside_Our_Galaxy__mezz_Playlist.m3u8\"}}],\"status\":200,\"statusText\":\"OK\"},\"assetId:9bccba03-6079-49f9-9185-2fdd4011c107;language:en-US\":{\"loading\":false,\"loaded\":true,\"data\":[{\"headline\":\"Woman Escapes Crushing Snow with Only Seconds To Spare\",\"url\":\"/news/trending/video/watch-woman-flee-falling-snow-in-northern-china\",\"caption\":\"\",\"teaserTitle\":\"Falling Snow Sends Woman Running\",\"src\":\"https://s.w-x.co/SnowCrusher.jpg\",\"srcSet\":[{\"src\":\"https://s.w-x.co/util/image/w/SnowCrusher.jpg?v=at&w=160&h=90\",\"variant\":\"160w\"},{\"src\":\"https://s.w-x.co/util/image/w/SnowCrusher.jpg?v=at&w=320&h=180\",\"variant\":\"320w\"},{\"src\":\"https://s.w-x.co/util/image/w/SnowCrusher.jpg?v=at&w=815&h=458\",\"variant\":\"815w\"},{\"src\":\"https://s.w-x.co/util/image/w/SnowCrusher.jpg?v=at&w=1280&h=720\",\"variant\":\"1024w\"}],\"lqip\":\"https://s.w-x.co/util/image/w/SnowCrusher.jpg?v=at&w=73&h=49\",\"provider\":{\"name\":\"TWC\"},\"publishdate\":\"2021-11-08T08:59:22.000-05:00\",\"icon\":\"video\",\"category\":{\"title\":\"Trending News\",\"link\":\"news/trending\"},\"webVideoData\":{\"web\":\"https://v.w-x.co/digital_video/The_Weather_Channel_-_Reach_Engine/16da4049-eeff-4c20-88d3-d7692543f0ac/FALLING_SNOW_mezz_Playlist.m3u8\",\"mweb\":\"https://v.w-x.co/digital_video/The_Weather_Channel_-_Reach_Engine/16da4049-eeff-4c20-88d3-d7692543f0ac/FALLING_SNOW_mezz_Playlist.m3u8\"}},{\"headline\":\"Strong Storm Brewing Ahead of Veterans Day\",\"url\":\"/news/weather/video/powerful-storm-to-bring-snow-rain-and-gusty-winds\",\"caption\":\"\",\"teaserTitle\":\"Powerful Storm Sweeping Across the Country This Week\",\"src\":\"https://s.w-x.co/MidWeekStormMonPM.jpg\",\"srcSet\":[{\"src\":\"https://s.w-x.co/util/image/w/MidWeekStormMonPM.jpg?v=at&w=160&h=90\",\"variant\":\"160w\"},{\"src\":\"https://s.w-x.co/util/image/w/MidWeekStormMonPM.jpg?v=at&w=320&h=180\",\"variant\":\"320w\"},{\"src\":\"https://s.w-x.co/util/image/w/MidWeekStormMonPM.jpg?v=at&w=815&h=458\",\"variant\":\"815w\"},{\"src\":\"https://s.w-x.co/util/image/w/MidWeekStormMonPM.jpg?v=at&w=1280&h=720\",\"variant\":\"1024w\"}],\"lqip\":\"https://s.w-x.co/util/image/w/MidWeekStormMonPM.jpg?v=at&w=73&h=49\",\"provider\":{\"name\":\"TWC\"},\"publishdate\":\"2021-11-08T14:25:02.000-05:00\",\"icon\":\"video\",\"category\":{\"title\":\"Weather News\",\"link\":\"news/weather\"},\"webVideoData\":{\"web\":\"https://v.w-x.co/digital_video/The_Weather_Channel_-_Reach_Engine/d2c81881-8844-4eaf-a7ca-244e3cfbfaba/110821_MID_TO_LATE_WEEK_SYSTEMmezz_Playlist.m3u8\",\"mweb\":\"https://v.w-x.co/digital_video/The_Weather_Channel_-_Reach_Engine/d2c81881-8844-4eaf-a7ca-244e3cfbfaba/110821_MID_TO_LATE_WEEK_SYSTEMmezz_Playlist.m3u8\"}},{\"headline\":\"Tumbling Temperatures Ahead for the Weekend\",\"url\":\"/news/weather/video/tumbling-temperates-ahead-for-the-weekend\",\"caption\":\"\",\"teaserTitle\":\"Weekend Temperature Drop Expected\",\"src\":\"https://s.w-x.co/MonTempsDropping.jpg\",\"srcSet\":[{\"src\":\"https://s.w-x.co/util/image/w/MonTempsDropping.jpg?v=at&w=160&h=90\",\"variant\":\"160w\"},{\"src\":\"https://s.w-x.co/util/image/w/MonTempsDropping.jpg?v=at&w=320&h=180\",\"variant\":\"320w\"},{\"src\":\"https://s.w-x.co/util/image/w/MonTempsDropping.jpg?v=at&w=815&h=458\",\"variant\":\"815w\"},{\"src\":\"https://s.w-x.co/util/image/w/MonTempsDropping.jpg?v=at&w=1280&h=720\",\"variant\":\"1024w\"}],\"lqip\":\"https://s.w-x.co/util/image/w/MonTempsDropping.jpg?v=at&w=73&h=49\",\"provider\":{\"name\":\"TWC\"},\"publishdate\":\"2021-11-08T15:20:24.000-05:00\",\"icon\":\"video\",\"category\":{\"title\":\"Weather News\",\"link\":\"news/weather\"},\"webVideoData\":{\"web\":\"https://v.w-x.co/digital_video/The_Weather_Channel_-_Reach_Engine/da680d05-ce9a-4dee-b70f-efcef2e847a2/1108_cool_down_after_warm_upmezz_Playlist.m3u8\",\"mweb\":\"https://v.w-x.co/digital_video/The_Weather_Channel_-_Reach_Engine/da680d05-ce9a-4dee-b70f-efcef2e847a2/1108_cool_down_after_warm_upmezz_Playlist.m3u8\"}},{\"headline\":\"A Massive Climate Lie? \",\"url\":\"/news/climate/video/countries-drastically-underreport-greenhouse-gas-emissions-investigation-finds\",\"caption\":\"\",\"teaserTitle\":\"Underreporting of Greenhouse Gas Emissions Put Paris Agreement Goal in Jeopardy\",\"src\":\"https://s.w-x.co/EmissionsLIes.jpg\",\"srcSet\":[{\"src\":\"https://s.w-x.co/util/image/w/EmissionsLIes.jpg?v=at&w=160&h=90\",\"variant\":\"160w\"},{\"src\":\"https://s.w-x.co/util/image/w/EmissionsLIes.jpg?v=at&w=320&h=180\",\"variant\":\"320w\"},{\"src\":\"https://s.w-x.co/util/image/w/EmissionsLIes.jpg?v=at&w=815&h=458\",\"variant\":\"815w\"},{\"src\":\"https://s.w-x.co/util/image/w/EmissionsLIes.jpg?v=at&w=1280&h=720\",\"variant\":\"1024w\"}],\"lqip\":\"https://s.w-x.co/util/image/w/EmissionsLIes.jpg?v=at&w=73&h=49\",\"provider\":{\"name\":\"TWC\"},\"publishdate\":\"2021-11-08T13:37:13.000-05:00\",\"icon\":\"video\",\"category\":{\"title\":\"Climate and Weather\",\"link\":\"news/climate\"},\"webVideoData\":{\"web\":\"https://v.w-x.co/digital_video/The_Weather_Channel_-_Reach_Engine/b8f29438-a30c-4e14-b47e-4ae4bf7c066e/1108_ClimatePledgesBuiltOnFlawedData_STUDIOmezz_Playlist.m3u8\",\"mweb\":\"https://v.w-x.co/digital_video/The_Weather_Channel_-_Reach_Engine/b8f29438-a30c-4e14-b47e-4ae4bf7c066e/1108_ClimatePledgesBuiltOnFlawedData_STUDIOmezz_Playlist.m3u8\"}},{\"headline\":\"What\u2019s Causing Strange Series of Quakes in South Carolina?\",\"url\":\"/science/environment/video/whats-causing-strange-series-of-quakes-in-south-carolina\",\"caption\":\"\",\"teaserTitle\":\"Lake Causing Quakes in South Carolina?\",\"src\":\"https://v.w-x.co/1636414121904_1108_v2EarthQuakes_lake_scproxy.jpg\",\"srcSet\":[{\"src\":\"https://s.w-x.co/util/image/v/1636414121904_1108_v2EarthQuakes_lake_scproxy.jpg?v=at&w=160&h=90\",\"variant\":\"160w\"},{\"src\":\"https://s.w-x.co/util/image/v/1636414121904_1108_v2EarthQuakes_lake_scproxy.jpg?v=at&w=320&h=180\",\"variant\":\"320w\"},{\"src\":\"https://s.w-x.co/util/image/v/1636414121904_1108_v2EarthQuakes_lake_scproxy.jpg?v=at&w=815&h=458\",\"variant\":\"815w\"},{\"src\":\"https://s.w-x.co/util/image/v/1636414121904_1108_v2EarthQuakes_lake_scproxy.jpg?v=at&w=1280&h=720\",\"variant\":\"1024w\"}],\"lqip\":\"https://s.w-x.co/util/image/v/1636414121904_1108_v2EarthQuakes_lake_scproxy.jpg?v=at&w=73&h=49\",\"provider\":{\"name\":\"TWC\"},\"publishdate\":\"2021-11-08T18:28:52.000-05:00\",\"icon\":\"video\",\"category\":{\"title\":\"Environment\",\"link\":\"science/environment\"},\"webVideoData\":{\"web\":\"https://v.w-x.co/digital_video/The_Weather_Channel_-_Reach_Engine/a28f5f32-1034-4a45-8718-100d7b897b48/1108_v2EarthQuakes_lake_scmezz_Playlist.m3u8\",\"mweb\":\"https://v.w-x.co/digital_video/The_Weather_Channel_-_Reach_Engine/a28f5f32-1034-4a45-8718-100d7b897b48/1108_v2EarthQuakes_lake_scmezz_Playlist.m3u8\"}},{\"headline\":\"Another Storm Bringing Much-Needed Rain, Snow to the West\",\"url\":\"/news/weather/video/parade-of-storms-continues-for-the-west-this-week\",\"caption\":\"\",\"teaserTitle\":\"West Coast Storm Bringing Heavy Rain and Mountain Snow\",\"src\":\"https://s.w-x.co/WestStormsMonPM.jpg\",\"srcSet\":[{\"src\":\"https://s.w-x.co/util/image/w/WestStormsMonPM.jpg?v=at&w=160&h=90\",\"variant\":\"160w\"},{\"src\":\"https://s.w-x.co/util/image/w/WestStormsMonPM.jpg?v=at&w=320&h=180\",\"variant\":\"320w\"},{\"src\":\"https://s.w-x.co/util/image/w/WestStormsMonPM.jpg?v=at&w=815&h=458\",\"variant\":\"815w\"},{\"src\":\"https://s.w-x.co/util/image/w/WestStormsMonPM.jpg?v=at&w=1280&h=720\",\"variant\":\"1024w\"}],\"lqip\":\"https://s.w-x.co/util/image/w/WestStormsMonPM.jpg?v=at&w=73&h=49\",\"provider\":{\"name\":\"TWC\"},\"publishdate\":\"2021-11-08T14:38:07.000-05:00\",\"icon\":\"video\",\"category\":{\"title\":\"Weather News\",\"link\":\"news/weather\"},\"webVideoData\":{\"web\":\"https://v.w-x.co/digital_video/The_Weather_Channel_-_Reach_Engine/ae321414-5d5a-432b-b667-46df3c473c9c/110821_WEST_STORM_PM_UPDATEDmezz_Playlist.m3u8\",\"mweb\":\"https://v.w-x.co/digital_video/The_Weather_Channel_-_Reach_Engine/ae321414-5d5a-432b-b667-46df3c473c9c/110821_WEST_STORM_PM_UPDATEDmezz_Playlist.m3u8\"}},{\"headline\":\"North Georgia Overtaken by Giant Spiders\",\"url\":\"/science/nature/video/north-georgia-overtaken-by-giant-invasive-joro-spiders\",\"caption\":\"\",\"teaserTitle\":\"This Is What a Giant Spider Invasion Looks Like\",\"src\":\"https://v.w-x.co/1636412546305_GIANT_SPIDERS_HAVE_INVADED_GEORGIA_2.jpg\",\"srcSet\":[{\"src\":\"https://s.w-x.co/util/image/v/1636412546305_GIANT_SPIDERS_HAVE_INVADED_GEORGIA_2.jpg?v=at&w=160&h=90\",\"variant\":\"160w\"},{\"src\":\"https://s.w-x.co/util/image/v/1636412546305_GIANT_SPIDERS_HAVE_INVADED_GEORGIA_2.jpg?v=at&w=320&h=180\",\"variant\":\"320w\"},{\"src\":\"https://s.w-x.co/util/image/v/1636412546305_GIANT_SPIDERS_HAVE_INVADED_GEORGIA_2.jpg?v=at&w=815&h=458\",\"variant\":\"815w\"},{\"src\":\"https://s.w-x.co/util/image/v/1636412546305_GIANT_SPIDERS_HAVE_INVADED_GEORGIA_2.jpg?v=at&w=1280&h=720\",\"variant\":\"1024w\"}],\"lqip\":\"https://s.w-x.co/util/image/v/1636412546305_GIANT_SPIDERS_HAVE_INVADED_GEORGIA_2.jpg?v=at&w=73&h=49\",\"provider\":{\"name\":\"TWC\"},\"publishdate\":\"2021-11-08T18:02:37.000-05:00\",\"icon\":\"video\",\"category\":{\"title\":\"Nature\",\"link\":\"science/nature\"},\"webVideoData\":{\"web\":\"https://v.w-x.co/digital_video/The_Weather_Channel_-_Reach_Engine/2f714d8a-17c2-4ed0-9632-10a7ea0fe3dc/GIANT_SPIDERS_HAVE_INVADED_GEORGIA_2mezz_Playlist.m3u8\",\"mweb\":\"https://v.w-x.co/digital_video/The_Weather_Channel_-_Reach_Engine/2f714d8a-17c2-4ed0-9632-10a7ea0fe3dc/GIANT_SPIDERS_HAVE_INVADED_GEORGIA_2mezz_Playlist.m3u8\"}},{\"headline\":\"Snow Already Causing Accidents in the U.S.\",\"url\":\"/news/weather/video/snow-blankets-washingtons-mountain-passes\",\"caption\":\"\",\"teaserTitle\":\"Big Snow Creates Big Mess in Cascades\",\"src\":\"https://s.w-x.co/CascadesWrecks.jpg\",\"srcSet\":[{\"src\":\"https://s.w-x.co/util/image/w/CascadesWrecks.jpg?v=at&w=160&h=90\",\"variant\":\"160w\"},{\"src\":\"https://s.w-x.co/util/image/w/CascadesWrecks.jpg?v=at&w=320&h=180\",\"variant\":\"320w\"},{\"src\":\"https://s.w-x.co/util/image/w/CascadesWrecks.jpg?v=at&w=815&h=458\",\"variant\":\"815w\"},{\"src\":\"https://s.w-x.co/util/image/w/CascadesWrecks.jpg?v=at&w=1280&h=720\",\"variant\":\"1024w\"}],\"lqip\":\"https://s.w-x.co/util/image/w/CascadesWrecks.jpg?v=at&w=73&h=49\",\"provider\":{\"name\":\"TWC\"},\"publishdate\":\"2021-11-08T14:51:53.000-05:00\",\"icon\":\"video\",\"category\":{\"title\":\"Weather News\",\"link\":\"news/weather\"},\"webVideoData\":{\"web\":\"https://v.w-x.co/digital_video/The_Weather_Channel_-_Reach_Engine/bdb7dbda-3edc-45ff-a570-da33abb65989/SNOWY_MESS_1_mezz_Playlist.m3u8\",\"mweb\":\"https://v.w-x.co/digital_video/The_Weather_Channel_-_Reach_Engine/bdb7dbda-3edc-45ff-a570-da33abb65989/SNOWY_MESS_1_mezz_Playlist.m3u8\"}},{\"headline\":\"Watch: Dramatic Moment Huge Chunk of Glacier Breaks Off\",\"url\":\"/news/trending/video/watch-dramatic-moment-piece-of-glacier-breaks-off\",\"caption\":\"\",\"teaserTitle\":\"Photographer Captures Argentinian Glacier Break\",\"src\":\"https://s.w-x.co/1104glacier.jpg\",\"srcSet\":[{\"src\":\"https://s.w-x.co/util/image/w/1104glacier.jpg?v=at&w=160&h=90\",\"variant\":\"160w\"},{\"src\":\"https://s.w-x.co/util/image/w/1104glacier.jpg?v=at&w=320&h=180\",\"variant\":\"320w\"},{\"src\":\"https://s.w-x.co/util/image/w/1104glacier.jpg?v=at&w=815&h=458\",\"variant\":\"815w\"},{\"src\":\"https://s.w-x.co/util/image/w/1104glacier.jpg?v=at&w=1280&h=720\",\"variant\":\"1024w\"}],\"lqip\":\"https://s.w-x.co/util/image/w/1104glacier.jpg?v=at&w=73&h=49\",\"provider\":{\"name\":\"TWC\"},\"publishdate\":\"2021-11-04T13:08:24.000-04:00\",\"icon\":\"video\",\"category\":{\"title\":\"Trending News\",\"link\":\"news/trending\"},\"webVideoData\":{\"web\":\"https://v.w-x.co/digital_video/The_Weather_Channel_-_Reach_Engine/fb0cbade-45bf-4f4a-9a90-6b65cc0d0deb/GLACIER_BREAKS_OFF_AS_PEOPLE_WATCH_Playlist.m3u8\",\"mweb\":\"https://v.w-x.co/digital_video/The_Weather_Channel_-_Reach_Engine/fb0cbade-45bf-4f4a-9a90-6b65cc0d0deb/GLACIER_BREAKS_OFF_AS_PEOPLE_WATCH_Playlist.m3u8\"}},{\"headline\":\"Presence Increases by Over 4 Times\",\"url\":\"/science/nature/video/monarch-butterflies-are-coming-back-to-california-0\",\"caption\":\"\",\"teaserTitle\":\"Presence in CA Increases by Over 4 Times After Record Low\",\"src\":\"https://s.w-x.co/MonarchButterflies.jpg\",\"srcSet\":[{\"src\":\"https://s.w-x.co/util/image/w/MonarchButterflies.jpg?v=at&w=160&h=90\",\"variant\":\"160w\"},{\"src\":\"https://s.w-x.co/util/image/w/MonarchButterflies.jpg?v=at&w=320&h=180\",\"variant\":\"320w\"},{\"src\":\"https://s.w-x.co/util/image/w/MonarchButterflies.jpg?v=at&w=815&h=458\",\"variant\":\"815w\"},{\"src\":\"https://s.w-x.co/util/image/w/MonarchButterflies.jpg?v=at&w=1280&h=720\",\"variant\":\"1024w\"}],\"lqip\":\"https://s.w-x.co/util/image/w/MonarchButterflies.jpg?v=at&w=73&h=49\",\"provider\":{\"name\":\"TWC\"},\"publishdate\":\"2021-11-05T11:30:21.000-04:00\",\"icon\":\"video\",\"category\":{\"title\":\"Nature\",\"link\":\"science/nature\"},\"webVideoData\":{\"web\":\"https://v.w-x.co/digital_video/The_Weather_Channel_-_Reach_Engine/f8fb7974-bbc5-49e9-bca8-3d7d21a22925/1104_Monarchs_Comeback_California_PM_Studio_Edit_1_mezz_Playlist.m3u8\",\"mweb\":\"https://v.w-x.co/digital_video/The_Weather_Channel_-_Reach_Engine/f8fb7974-bbc5-49e9-bca8-3d7d21a22925/1104_Monarchs_Comeback_California_PM_Studio_Edit_1_mezz_Playlist.m3u8\"}}],\"status\":200,\"statusText\":\"OK\"},\"assetId:348d2d16-9c01-455c-b94f-2696374de595;language:en-US\":{\"loading\":false,\"loaded\":true,\"data\":[{\"headline\":\"International Travelers With COVID-19 Vaccine Return to U.S.\",\"url\":\"/health/coronavirus/video/us-borders-reopen-to-vaccinated-foreign-travelers\",\"caption\":\"\",\"teaserTitle\":\"U.S. Borders Reopen to Vaccinated Foreign Travelers\",\"src\":\"https://s.w-x.co/USTravel.jpg\",\"srcSet\":[{\"src\":\"https://s.w-x.co/util/image/w/USTravel.jpg?v=at&w=160&h=90\",\"variant\":\"160w\"},{\"src\":\"https://s.w-x.co/util/image/w/USTravel.jpg?v=at&w=320&h=180\",\"variant\":\"320w\"},{\"src\":\"https://s.w-x.co/util/image/w/USTravel.jpg?v=at&w=815&h=458\",\"variant\":\"815w\"},{\"src\":\"https://s.w-x.co/util/image/w/USTravel.jpg?v=at&w=1280&h=720\",\"variant\":\"1024w\"}],\"lqip\":\"https://s.w-x.co/util/image/w/USTravel.jpg?v=at&w=73&h=49\",\"provider\":{\"name\":\"TWC\"},\"publishdate\":\"2021-11-08T11:14:23.000-05:00\",\"icon\":\"video\",\"category\":{\"title\":\"Coronavirus\",\"link\":\"health/coronavirus\"},\"webVideoData\":{\"web\":\"https://v.w-x.co/digital_video/The_Weather_Channel_-_Reach_Engine/e9322e7a-c118-485d-a0e2-f3661939fc0c/1108_TRAVEL_RULES_CHANGE_AMmezz_Playlist.m3u8\",\"mweb\":\"https://v.w-x.co/digital_video/The_Weather_Channel_-_Reach_Engine/e9322e7a-c118-485d-a0e2-f3661939fc0c/1108_TRAVEL_RULES_CHANGE_AMmezz_Playlist.m3u8\"}},{\"headline\":\"You'll Never Guess What Floated All the Way to Ireland\",\"url\":\"/news/trending/video/recycling-bin-from-myrtle-beach-ends-up-in-ireland\",\"caption\":\"\",\"teaserTitle\":\"Trash Can Travels 3,500 Miles Across Ocean\",\"src\":\"https://s.w-x.co/ireland118.jpg\",\"srcSet\":[{\"src\":\"https://s.w-x.co/util/image/w/ireland118.jpg?v=at&w=160&h=90\",\"variant\":\"160w\"},{\"src\":\"https://s.w-x.co/util/image/w/ireland118.jpg?v=at&w=320&h=180\",\"variant\":\"320w\"},{\"src\":\"https://s.w-x.co/util/image/w/ireland118.jpg?v=at&w=815&h=458\",\"variant\":\"815w\"},{\"src\":\"https://s.w-x.co/util/image/w/ireland118.jpg?v=at&w=1280&h=720\",\"variant\":\"1024w\"}],\"lqip\":\"https://s.w-x.co/util/image/w/ireland118.jpg?v=at&w=73&h=49\",\"provider\":{\"name\":\"TWC\"},\"publishdate\":\"2021-11-08T18:01:33.000-05:00\",\"icon\":\"video\",\"category\":{\"title\":\"Trending News\",\"link\":\"news/trending\"},\"webVideoData\":{\"web\":\"https://v.w-x.co/digital_video/The_Weather_Channel_-_Reach_Engine/39f192cf-a8b9-422a-a199-908032cae4db/RECYCLING_BIN_FROM_MYRTLE_BEACH_WINDS_UP_IN_IRELANDmezz_Playlist.m3u8\",\"mweb\":\"https://v.w-x.co/digital_video/The_Weather_Channel_-_Reach_Engine/39f192cf-a8b9-422a-a199-908032cae4db/RECYCLING_BIN_FROM_MYRTLE_BEACH_WINDS_UP_IN_IRELANDmezz_Playlist.m3u8\"}},{\"headline\":\"Divers Discover 1,200-Year-Old Canoe in Wisconsin Lake\",\"url\":\"/news/trending/video/divers-discover-1200-year-old-canoe-in-wisconsin-lake\",\"caption\":\"\",\"teaserTitle\":\"Divers Make Remarkable Discovery in Wisconsin Lake\",\"src\":\"https://s.w-x.co/OldCanoe.jpg\",\"srcSet\":[{\"src\":\"https://s.w-x.co/util/image/w/OldCanoe.jpg?v=at&w=160&h=90\",\"variant\":\"160w\"},{\"src\":\"https://s.w-x.co/util/image/w/OldCanoe.jpg?v=at&w=320&h=180\",\"variant\":\"320w\"},{\"src\":\"https://s.w-x.co/util/image/w/OldCanoe.jpg?v=at&w=815&h=458\",\"variant\":\"815w\"},{\"src\":\"https://s.w-x.co/util/image/w/OldCanoe.jpg?v=at&w=1280&h=720\",\"variant\":\"1024w\"}],\"lqip\":\"https://s.w-x.co/util/image/w/OldCanoe.jpg?v=at&w=73&h=49\",\"provider\":{\"name\":\"TWC\"},\"publishdate\":\"2021-11-08T11:35:13.000-05:00\",\"icon\":\"video\",\"category\":{\"title\":\"Trending News\",\"link\":\"news/trending\"},\"webVideoData\":{\"web\":\"https://v.w-x.co/digital_video/The_Weather_Channel_-_Reach_Engine/5a16209d-86a3-4530-94a7-703242f6e628/ARCHAEOLOGISTS_DISCOVER_mezz_Playlist.m3u8\",\"mweb\":\"https://v.w-x.co/digital_video/The_Weather_Channel_-_Reach_Engine/5a16209d-86a3-4530-94a7-703242f6e628/ARCHAEOLOGISTS_DISCOVER_mezz_Playlist.m3u8\"}},{\"headline\":\"Large Waterspout Whips Up Near Major Airport\",\"url\":\"/news/weather/video/large-waterspout-whirls-near-vancouver-airport\",\"caption\":\"\",\"teaserTitle\":\"Rare Waterspout Forms Off Coast of Vancouver\",\"src\":\"https://s.w-x.co/VancouverWaterspout.jpg\",\"srcSet\":[{\"src\":\"https://s.w-x.co/util/image/w/VancouverWaterspout.jpg?v=at&w=160&h=90\",\"variant\":\"160w\"},{\"src\":\"https://s.w-x.co/util/image/w/VancouverWaterspout.jpg?v=at&w=320&h=180\",\"variant\":\"320w\"},{\"src\":\"https://s.w-x.co/util/image/w/VancouverWaterspout.jpg?v=at&w=815&h=458\",\"variant\":\"815w\"},{\"src\":\"https://s.w-x.co/util/image/w/VancouverWaterspout.jpg?v=at&w=1280&h=720\",\"variant\":\"1024w\"}],\"lqip\":\"https://s.w-x.co/util/image/w/VancouverWaterspout.jpg?v=at&w=73&h=49\",\"provider\":{\"name\":\"TWC\"},\"publishdate\":\"2021-11-08T10:29:23.000-05:00\",\"icon\":\"video\",\"category\":{\"title\":\"Weather News\",\"link\":\"news/weather\"},\"webVideoData\":{\"web\":\"https://v.w-x.co/digital_video/The_Weather_Channel_-_Reach_Engine/de9897cf-71ed-4866-ba86-5896d91f44d6/v3_Large_Waterspout_Whirls_Near_Vancouver_Airport_mezz_Playlist.m3u8\",\"mweb\":\"https://v.w-x.co/digital_video/The_Weather_Channel_-_Reach_Engine/de9897cf-71ed-4866-ba86-5896d91f44d6/v3_Large_Waterspout_Whirls_Near_Vancouver_Airport_mezz_Playlist.m3u8\"}},{\"headline\":\"Mounds of Toxic Foam Fill River as Religious Festival Begins\",\"url\":\"/science/environment/video/indias-yamuna-river-covered-in-toxic-foam-as-revelers-bathe-in-its\",\"caption\":\"\",\"teaserTitle\":\"Revelers Brave Toxic Foam as Hindu Festival Begins in Delhi\",\"src\":\"https://s.w-x.co/YamunaRiver.jpg\",\"srcSet\":[{\"src\":\"https://s.w-x.co/util/image/w/YamunaRiver.jpg?v=at&w=160&h=90\",\"variant\":\"160w\"},{\"src\":\"https://s.w-x.co/util/image/w/YamunaRiver.jpg?v=at&w=320&h=180\",\"variant\":\"320w\"},{\"src\":\"https://s.w-x.co/util/image/w/YamunaRiver.jpg?v=at&w=815&h=458\",\"variant\":\"815w\"},{\"src\":\"https://s.w-x.co/util/image/w/YamunaRiver.jpg?v=at&w=1280&h=720\",\"variant\":\"1024w\"}],\"lqip\":\"https://s.w-x.co/util/image/w/YamunaRiver.jpg?v=at&w=73&h=49\",\"provider\":{\"name\":\"TWC\"},\"publishdate\":\"2021-11-08T08:00:42.000-05:00\",\"icon\":\"video\",\"category\":{\"title\":\"Environment\",\"link\":\"science/environment\"},\"webVideoData\":{\"web\":\"https://v.w-x.co/digital_video/The_Weather_Channel_-_Reach_Engine/c80061b0-a232-4772-80d5-87b546d82696/1108_TOXIC_RIVER_FOAM_AMmezz_Playlist.m3u8\",\"mweb\":\"https://v.w-x.co/digital_video/The_Weather_Channel_-_Reach_Engine/c80061b0-a232-4772-80d5-87b546d82696/1108_TOXIC_RIVER_FOAM_AMmezz_Playlist.m3u8\"}},{\"headline\":\"Watch as Landslide Almost Buries Drivers\",\"url\":\"/news/weather/video/philippines-landslide-almost-buries-drivers\",\"caption\":\"\",\"teaserTitle\":\"Watch as Landslide Almost Buries Drivers\",\"src\":\"https://s.w-x.co/1105landslide.jpg\",\"srcSet\":[{\"src\":\"https://s.w-x.co/util/image/w/1105landslide.jpg?v=at&w=160&h=90\",\"variant\":\"160w\"},{\"src\":\"https://s.w-x.co/util/image/w/1105landslide.jpg?v=at&w=320&h=180\",\"variant\":\"320w\"},{\"src\":\"https://s.w-x.co/util/image/w/1105landslide.jpg?v=at&w=815&h=458\",\"variant\":\"815w\"},{\"src\":\"https://s.w-x.co/util/image/w/1105landslide.jpg?v=at&w=1280&h=720\",\"variant\":\"1024w\"}],\"lqip\":\"https://s.w-x.co/util/image/w/1105landslide.jpg?v=at&w=73&h=49\",\"provider\":{\"name\":\"TWC\"},\"publishdate\":\"2021-11-05T13:27:23.000-04:00\",\"icon\":\"video\",\"category\":{\"title\":\"Weather News\",\"link\":\"news/weather\"},\"webVideoData\":{\"web\":\"https://v.w-x.co/digital_video/The_Weather_Channel_-_Reach_Engine/f05cbc9e-1356-4c1e-8447-76ef1491cdef/PHILIPPINES_LANDSLIDE_BLOCKS_ROAD_Playlist.m3u8\",\"mweb\":\"https://v.w-x.co/digital_video/The_Weather_Channel_-_Reach_Engine/f05cbc9e-1356-4c1e-8447-76ef1491cdef/PHILIPPINES_LANDSLIDE_BLOCKS_ROAD_Playlist.m3u8\"}},{\"headline\":\"This Bizarre Mummy Cake Survived WWII Bombing\",\"url\":\"/news/trending/video/cake-oddly-survives-word-war-ii-bombing\",\"caption\":\"\",\"teaserTitle\":\"Bizarre Mummy Cake Survives WWII Bombing\",\"src\":\"https://s.w-x.co/1104cake.jpg\",\"srcSet\":[{\"src\":\"https://s.w-x.co/util/image/w/1104cake.jpg?v=at&w=160&h=90\",\"variant\":\"160w\"},{\"src\":\"https://s.w-x.co/util/image/w/1104cake.jpg?v=at&w=320&h=180\",\"variant\":\"320w\"},{\"src\":\"https://s.w-x.co/util/image/w/1104cake.jpg?v=at&w=815&h=458\",\"variant\":\"815w\"},{\"src\":\"https://s.w-x.co/util/image/w/1104cake.jpg?v=at&w=1280&h=720\",\"variant\":\"1024w\"}],\"lqip\":\"https://s.w-x.co/util/image/w/1104cake.jpg?v=at&w=73&h=49\",\"provider\":{\"name\":\"TWC\"},\"publishdate\":\"2021-11-04T17:15:37.000-04:00\",\"icon\":\"video\",\"category\":{\"title\":\"Trending News\",\"link\":\"news/trending\"},\"webVideoData\":{\"web\":\"https://v.w-x.co/digital_video/The_Weather_Channel_-_Reach_Engine/60a41a85-9922-496c-8b2b-e3c5300cbaa4/1104_CakeThatSurvivedWWIIBombingRaid_TEXT_mezz_Playlist.m3u8\",\"mweb\":\"https://v.w-x.co/digital_video/The_Weather_Channel_-_Reach_Engine/60a41a85-9922-496c-8b2b-e3c5300cbaa4/1104_CakeThatSurvivedWWIIBombingRaid_TEXT_mezz_Playlist.m3u8\"}}],\"status\":200,\"statusText\":\"OK\"},\"assetId:9433667c-ffe0-4051-80ef-8f581491cf00;language:en-US\":{\"loading\":false,\"loaded\":true,\"data\":[{\"headline\":\"National Forecast and Current Conditions\",\"icon\":\"\",\"caption\":\"\",\"url\":\"https://weather.com/forecast/news/2014-10-31-national-forecast-20141009\",\"category\":{},\"src\":\"https://s.w-x.co/staticmaps/us_wxhi1_1280x720.jpg\",\"srcSet\":[]}],\"status\":200,\"statusText\":\"OK\"},\"assetId:97094815-e4c6-4576-8b10-1a0d31327990;language:en-US\":{\"loading\":false,\"loaded\":true,\"data\":[{\"headline\":\"9 Things to Keep In Your Car as It Gets Cold\",\"url\":\"/safety/winter/news/2021-10-21-9-things-keep-car-gets-cold\",\"caption\":\"\",\"teaserTitle\":\"9 Things to Keep In Your Car as It Gets Cold\",\"src\":\"https://s.w-x.co/GettyImages-700712801.jpg\",\"srcSet\":[{\"src\":\"https://s.w-x.co/util/image/w/GettyImages-700712801.jpg?v=at&w=160&h=90\",\"variant\":\"160w\"},{\"src\":\"https://s.w-x.co/util/image/w/GettyImages-700712801.jpg?v=at&w=320&h=180\",\"variant\":\"320w\"},{\"src\":\"https://s.w-x.co/util/image/w/GettyImages-700712801.jpg?v=at&w=815&h=458\",\"variant\":\"815w\"},{\"src\":\"https://s.w-x.co/util/image/w/GettyImages-700712801.jpg?v=at&w=1280&h=720\",\"variant\":\"1024w\"}],\"lqip\":\"https://s.w-x.co/util/image/w/GettyImages-700712801.jpg?v=at&w=73&h=49\",\"provider\":{\"name\":\"weather.com\"},\"publishdate\":\"2021-10-21T11:28:46.000-04:00\",\"icon\":\"photo\",\"category\":{\"title\":\"Winter Safety and Preparedness\",\"link\":\"safety/winter\"},\"webVideoData\":{\"web\":\"\",\"mweb\":\"\"}},{\"headline\":\"14 Steps You Should Take To Prepare for a Winter Storm\",\"url\":\"/safety/winter/news/2019-01-29-how-to-prepare-for-blizzards\",\"caption\":\"\",\"teaserTitle\":\"14 Steps You Should Take To Prepare for a Winter Storm\",\"src\":\"https://s.w-x.co/gettyimages-897257674.jpg\",\"srcSet\":[{\"src\":\"https://s.w-x.co/util/image/w/gettyimages-897257674.jpg?v=at&w=160&h=90\",\"variant\":\"160w\"},{\"src\":\"https://s.w-x.co/util/image/w/gettyimages-897257674.jpg?v=at&w=320&h=180\",\"variant\":\"320w\"},{\"src\":\"https://s.w-x.co/util/image/w/gettyimages-897257674.jpg?v=at&w=815&h=458\",\"variant\":\"815w\"},{\"src\":\"https://s.w-x.co/util/image/w/gettyimages-897257674.jpg?v=at&w=1280&h=720\",\"variant\":\"1024w\"}],\"lqip\":\"https://s.w-x.co/util/image/w/gettyimages-897257674.jpg?v=at&w=73&h=49\",\"provider\":{\"name\":\"weather.com\"},\"publishdate\":\"2021-01-25T09:47:00.000-05:00\",\"icon\":\"photo\",\"category\":{\"title\":\"Winter Safety and Preparedness\",\"link\":\"safety/winter\"},\"webVideoData\":{\"web\":\"\",\"mweb\":\"\"}},{\"headline\":\"Ice 101: How to Navigate It on Foot and in Your Car\",\"url\":\"/safety/winter/video/ice-101-how-to-navigate-it-on-foot-and-in-your-car\",\"caption\":\"\",\"teaserTitle\":\"You Can Avoid Those Unfortunate Slips This Year\",\"src\":\"https://v.w-x.co/1605816683882_1119_-_ICE_101_-_SAFETY_TEXT.jpg\",\"srcSet\":[{\"src\":\"https://s.w-x.co/util/image/v/1605816683882_1119_-_ICE_101_-_SAFETY_TEXT.jpg?v=at&w=160&h=90\",\"variant\":\"160w\"},{\"src\":\"https://s.w-x.co/util/image/v/1605816683882_1119_-_ICE_101_-_SAFETY_TEXT.jpg?v=at&w=320&h=180\",\"variant\":\"320w\"},{\"src\":\"https://s.w-x.co/util/image/v/1605816683882_1119_-_ICE_101_-_SAFETY_TEXT.jpg?v=at&w=815&h=458\",\"variant\":\"815w\"},{\"src\":\"https://s.w-x.co/util/image/v/1605816683882_1119_-_ICE_101_-_SAFETY_TEXT.jpg?v=at&w=1280&h=720\",\"variant\":\"1024w\"}],\"lqip\":\"https://s.w-x.co/util/image/v/1605816683882_1119_-_ICE_101_-_SAFETY_TEXT.jpg?v=at&w=73&h=49\",\"provider\":{\"name\":\"TWC\"},\"publishdate\":\"2020-11-19T15:11:34.000-05:00\",\"icon\":\"video\",\"category\":{\"title\":\"Winter Safety and Preparedness\",\"link\":\"safety/winter\"},\"webVideoData\":{\"web\":\"https://v.w-x.co/digital_video/The_Weather_Channel_-_Reach_Engine/2682d710-d1b3-4c61-9289-7a35e837b319/1119_-_ICE_101_-_SAFETY_TEXT_Playlist.m3u8\",\"mweb\":\"https://v.w-x.co/digital_video/The_Weather_Channel_-_Reach_Engine/2682d710-d1b3-4c61-9289-7a35e837b319/1119_-_ICE_101_-_SAFETY_TEXT_Playlist.m3u8\"}},{\"headline\":\"Are the Trees Near Your House a Hazard?\",\"url\":\"/safety/news/2019-10-18-are-trees-near-house-hazard\",\"caption\":\"\",\"teaserTitle\":\"What You Can Do About Hazardous Trees On Your Property\",\"src\":\"https://s.w-x.co/GettyImages-459247329.jpg\",\"srcSet\":[{\"src\":\"https://s.w-x.co/util/image/w/GettyImages-459247329.jpg?v=at&w=160&h=90\",\"variant\":\"160w\"},{\"src\":\"https://s.w-x.co/util/image/w/GettyImages-459247329.jpg?v=at&w=320&h=180\",\"variant\":\"320w\"},{\"src\":\"https://s.w-x.co/util/image/w/GettyImages-459247329.jpg?v=at&w=815&h=458\",\"variant\":\"815w\"},{\"src\":\"https://s.w-x.co/util/image/w/GettyImages-459247329.jpg?v=at&w=1280&h=720\",\"variant\":\"1024w\"}],\"lqip\":\"https://s.w-x.co/util/image/w/GettyImages-459247329.jpg?v=at&w=73&h=49\",\"provider\":{\"name\":\"weather.com\"},\"publishdate\":\"2020-10-19T10:15:52.000-04:00\",\"icon\":\"photo\",\"category\":{\"title\":\"Safety and Preparedness\",\"link\":\"safety\"},\"webVideoData\":{\"web\":\"\",\"mweb\":\"\"}}],\"status\":200,\"statusText\":\"OK\"},\"assetId:0275875d-4b11-45fe-a653-bc5817088c16;language:en-US\":{\"loading\":false,\"loaded\":true,\"data\":[{\"headline\":\"Delhi Plunges into Toxic Smog Days After Diwali Celebrations (PHOTOS)\",\"url\":\"/photos/news/2021-11-08-delhi-india-smog-photos\",\"caption\":\"India's capital has been dealing with days of smog after residents defied a fireworks ban in celebration of Diwali.\",\"teaserTitle\":\"Delhi Plunges into Toxic Smog Days After Diwali Celebrations (PHOTOS)\",\"src\":\"https://s.w-x.co/GettyImages-1236419606.jpg\",\"srcSet\":[{\"src\":\"https://s.w-x.co/util/image/w/GettyImages-1236419606.jpg?v=at&w=160&h=90\",\"variant\":\"160w\"},{\"src\":\"https://s.w-x.co/util/image/w/GettyImages-1236419606.jpg?v=at&w=320&h=180\",\"variant\":\"320w\"},{\"src\":\"https://s.w-x.co/util/image/w/GettyImages-1236419606.jpg?v=at&w=815&h=458\",\"variant\":\"815w\"},{\"src\":\"https://s.w-x.co/util/image/w/GettyImages-1236419606.jpg?v=at&w=1280&h=720\",\"variant\":\"1024w\"}],\"lqip\":\"https://s.w-x.co/util/image/w/GettyImages-1236419606.jpg?v=at&w=73&h=49\",\"provider\":{\"name\":\"weather.com\"},\"publishdate\":\"2021-11-08T14:13:37.000-05:00\",\"icon\":\"photo\",\"category\":{\"link\":\"\",\"title\":\"\"},\"webVideoData\":{\"web\":\"\",\"mweb\":\"\"}},{\"headline\":\"Protests Spread Across Europe as COP26 Continues into Second Week (PHOTOS)\",\"url\":\"/photos/news/2021-11-01-cop26-un-climate-change-conference-protest-photos\",\"caption\":\"Protests continued across Europe this weekend as COP26, the 2021 United Nations Climate Change Conference, headed into its second week.\",\"teaserTitle\":\"Protests Spread Across Europe as COP26 Continues into Second Week (PHOTOS)\",\"src\":\"https://s.w-x.co/GettyImages-1236412565.jpg\",\"srcSet\":[{\"src\":\"https://s.w-x.co/util/image/w/GettyImages-1236412565.jpg?v=at&w=160&h=90\",\"variant\":\"160w\"},{\"src\":\"https://s.w-x.co/util/image/w/GettyImages-1236412565.jpg?v=at&w=320&h=180\",\"variant\":\"320w\"},{\"src\":\"https://s.w-x.co/util/image/w/GettyImages-1236412565.jpg?v=at&w=815&h=458\",\"variant\":\"815w\"},{\"src\":\"https://s.w-x.co/util/image/w/GettyImages-1236412565.jpg?v=at&w=1280&h=720\",\"variant\":\"1024w\"}],\"lqip\":\"https://s.w-x.co/util/image/w/GettyImages-1236412565.jpg?v=at&w=73&h=49\",\"provider\":{\"name\":\"weather.com\"},\"publishdate\":\"2021-11-01T15:12:05.000-04:00\",\"icon\":\"photo\",\"category\":{\"link\":\"\",\"title\":\"\"},\"webVideoData\":{\"web\":\"\",\"mweb\":\"\"}},{\"headline\":\"Tourists Wade Through Tidal Flooding in Venice (PHOTOS)\",\"url\":\"/photos/news/2021-11-05-venice-flooding-photos\",\"caption\":\"City data shows that in the last two decades, there have been nearly as many tides greater than 3.6 feet in Venice as during the previous 100 years.\",\"teaserTitle\":\"Tourists Wade Through Tidal Flooding in Venice (PHOTOS)\",\"src\":\"https://s.w-x.co/AP21309447064210.jpg\",\"srcSet\":[{\"src\":\"https://s.w-x.co/util/image/w/AP21309447064210.jpg?v=at&w=160&h=90\",\"variant\":\"160w\"},{\"src\":\"https://s.w-x.co/util/image/w/AP21309447064210.jpg?v=at&w=320&h=180\",\"variant\":\"320w\"},{\"src\":\"https://s.w-x.co/util/image/w/AP21309447064210.jpg?v=at&w=815&h=458\",\"variant\":\"815w\"},{\"src\":\"https://s.w-x.co/util/image/w/AP21309447064210.jpg?v=at&w=1280&h=720\",\"variant\":\"1024w\"}],\"lqip\":\"https://s.w-x.co/util/image/w/AP21309447064210.jpg?v=at&w=73&h=49\",\"provider\":{\"name\":\"weather.com\"},\"publishdate\":\"2021-11-05T13:46:33.000-04:00\",\"icon\":\"photo\",\"category\":{\"link\":\"\",\"title\":\"\"},\"webVideoData\":{\"web\":\"\",\"mweb\":\"\"}},{\"headline\":\"Brilliant Aurora Graced Northern U.S. Skies Wednesday Night (PHOTOS)\",\"url\":\"/photos/news/2021-11-04-aurora-borealis-us-photos\",\"caption\":\"Stargazers in some lucky locations were able to view the Aurora borealis Wednesday night and early Thursday.\",\"teaserTitle\":\"Brilliant Aurora Graced Northern U.S. Skies Wednesday Night (PHOTOS)\",\"src\":\"https://s.w-x.co/FDU_2XLWUAEUdQb.jpeg\",\"srcSet\":[{\"src\":\"https://s.w-x.co/util/image/w/FDU_2XLWUAEUdQb.jpeg?v=at&w=160&h=90\",\"variant\":\"160w\"},{\"src\":\"https://s.w-x.co/util/image/w/FDU_2XLWUAEUdQb.jpeg?v=at&w=320&h=180\",\"variant\":\"320w\"},{\"src\":\"https://s.w-x.co/util/image/w/FDU_2XLWUAEUdQb.jpeg?v=at&w=815&h=458\",\"variant\":\"815w\"},{\"src\":\"https://s.w-x.co/util/image/w/FDU_2XLWUAEUdQb.jpeg?v=at&w=1280&h=720\",\"variant\":\"1024w\"}],\"lqip\":\"https://s.w-x.co/util/image/w/FDU_2XLWUAEUdQb.jpeg?v=at&w=73&h=49\",\"provider\":{\"name\":\"weather.com\"},\"publishdate\":\"2021-11-04T11:40:59.000-04:00\",\"icon\":\"photo\",\"category\":{\"link\":\"\",\"title\":\"\"},\"webVideoData\":{\"web\":\"\",\"mweb\":\"\"}},{\"headline\":\"One Non-Profit's Quest to Save the Sequoias After a Devastating Wildfire Season (PHOTOS)\",\"url\":\"/photos/news/2021-11-02-sequoias-wildfire-recovery-photos\",\"caption\":\"There is no record of giant sequoias burning before 2015.\",\"teaserTitle\":\"One Non-Profit's Quest to Save the Sequoias After a Devastating Wildfire Season (PHOTOS)\",\"src\":\"https://s.w-x.co/AP21305838942631.jpg\",\"srcSet\":[{\"src\":\"https://s.w-x.co/util/image/w/AP21305838942631.jpg?v=at&w=160&h=90\",\"variant\":\"160w\"},{\"src\":\"https://s.w-x.co/util/image/w/AP21305838942631.jpg?v=at&w=320&h=180\",\"variant\":\"320w\"},{\"src\":\"https://s.w-x.co/util/image/w/AP21305838942631.jpg?v=at&w=815&h=458\",\"variant\":\"815w\"},{\"src\":\"https://s.w-x.co/util/image/w/AP21305838942631.jpg?v=at&w=1280&h=720\",\"variant\":\"1024w\"}],\"lqip\":\"https://s.w-x.co/util/image/w/AP21305838942631.jpg?v=at&w=73&h=49\",\"provider\":{\"name\":\"weather.com\"},\"publishdate\":\"2021-11-02T15:29:05.000-04:00\",\"icon\":\"photo\",\"category\":{\"link\":\"\",\"title\":\"\"},\"webVideoData\":{\"web\":\"\",\"mweb\":\"\"}},{\"headline\":\"Photos Show Buildings Buried in Ash by Canary Island Volcano\",\"url\":\"/photos/news/2021-11-01-ash-canary-island-volcano-la-palma-photos\",\"caption\":\"Residents in five of La Palma's municipalities were advised to stay indoors due to the lava flows and poor air quality.\",\"teaserTitle\":\"Photos Show Buildings Buried in Ash by Canary Island Volcano\",\"src\":\"https://s.w-x.co/AP21303560123723.jpg\",\"srcSet\":[{\"src\":\"https://s.w-x.co/util/image/w/AP21303560123723.jpg?v=at&w=160&h=90\",\"variant\":\"160w\"},{\"src\":\"https://s.w-x.co/util/image/w/AP21303560123723.jpg?v=at&w=320&h=180\",\"variant\":\"320w\"},{\"src\":\"https://s.w-x.co/util/image/w/AP21303560123723.jpg?v=at&w=815&h=458\",\"variant\":\"815w\"},{\"src\":\"https://s.w-x.co/util/image/w/AP21303560123723.jpg?v=at&w=1280&h=720\",\"variant\":\"1024w\"}],\"lqip\":\"https://s.w-x.co/util/image/w/AP21303560123723.jpg?v=at&w=73&h=49\",\"provider\":{\"name\":\"weather.com\"},\"publishdate\":\"2021-11-01T10:56:45.000-04:00\",\"icon\":\"photo\",\"category\":{\"link\":\"\",\"title\":\"\"},\"webVideoData\":{\"web\":\"\",\"mweb\":\"\"}},{\"headline\":\"Tidal Flooding Inundates Mid-Atlantic (PHOTOS)\",\"url\":\"/photos/news/2021-10-29-tidal-flooding-mid-atlantic-photos\",\"caption\":\"The floods, fueled by rain and the heavy winds of the second storm this week moving already-high tides, could be the highest since 2003's Hurricane Isabel in some areas.\",\"teaserTitle\":\"Tidal Flooding Inundates Mid-Atlantic (PHOTOS)\",\"src\":\"https://s.w-x.co/AP21302637311857.jpg\",\"srcSet\":[{\"src\":\"https://s.w-x.co/util/image/w/AP21302637311857.jpg?v=at&w=160&h=90\",\"variant\":\"160w\"},{\"src\":\"https://s.w-x.co/util/image/w/AP21302637311857.jpg?v=at&w=320&h=180\",\"variant\":\"320w\"},{\"src\":\"https://s.w-x.co/util/image/w/AP21302637311857.jpg?v=at&w=815&h=458\",\"variant\":\"815w\"},{\"src\":\"https://s.w-x.co/util/image/w/AP21302637311857.jpg?v=at&w=1280&h=720\",\"variant\":\"1024w\"}],\"lqip\":\"https://s.w-x.co/util/image/w/AP21302637311857.jpg?v=at&w=73&h=49\",\"provider\":{\"name\":\"weather.com\"},\"publishdate\":\"2021-10-29T14:29:20.000-04:00\",\"icon\":\"photo\",\"category\":{\"link\":\"\",\"title\":\"\"},\"webVideoData\":{\"web\":\"\",\"mweb\":\"\"}},{\"headline\":\"Photos from Hurricane Rick After Mexico Landfall\",\"url\":\"/photos/news/2021-10-27-hurricane-rick-mexico-photos\",\"caption\":\"Hurricane Rick was downgraded to a tropical depression after making a Category 2 landfall.\",\"teaserTitle\":\"Photos from Hurricane Rick After Mexico Landfall\",\"src\":\"https://s.w-x.co/AP21299778040319.jpg\",\"srcSet\":[{\"src\":\"https://s.w-x.co/util/image/w/AP21299778040319.jpg?v=at&w=160&h=90\",\"variant\":\"160w\"},{\"src\":\"https://s.w-x.co/util/image/w/AP21299778040319.jpg?v=at&w=320&h=180\",\"variant\":\"320w\"},{\"src\":\"https://s.w-x.co/util/image/w/AP21299778040319.jpg?v=at&w=815&h=458\",\"variant\":\"815w\"},{\"src\":\"https://s.w-x.co/util/image/w/AP21299778040319.jpg?v=at&w=1280&h=720\",\"variant\":\"1024w\"}],\"lqip\":\"https://s.w-x.co/util/image/w/AP21299778040319.jpg?v=at&w=73&h=49\",\"provider\":{\"name\":\"weather.com\"},\"publishdate\":\"2021-10-27T13:24:22.000-04:00\",\"icon\":\"photo\",\"category\":{\"link\":\"\",\"title\":\"\"},\"webVideoData\":{\"web\":\"\",\"mweb\":\"\"}}],\"status\":200,\"statusText\":\"OK\"},\"assetId:7d7ca9dd-ea1c-4299-af08-063bfb8eb2fc;language:en-US\":{\"loading\":false,\"loaded\":true,\"data\":[{\"headline\":\"Keep Your Coffee Warm With The Smart Press Heating Cup Coaster, Just $26\",\"url\":\"/deals/stackcommerce/news/2021-10-19-smart-press-heating-cup-coaster\",\"caption\":\"\",\"teaserTitle\":\"Keep Your Coffee Warm With The Smart Press Heating Cup Coaster, Just $26\",\"src\":\"https://s.w-x.co/bunnyearscoaster.jpeg\",\"srcSet\":[{\"src\":\"https://s.w-x.co/util/image/w/bunnyearscoaster.jpeg?v=at&w=160&h=90\",\"variant\":\"160w\"},{\"src\":\"https://s.w-x.co/util/image/w/bunnyearscoaster.jpeg?v=at&w=320&h=180\",\"variant\":\"320w\"},{\"src\":\"https://s.w-x.co/util/image/w/bunnyearscoaster.jpeg?v=at&w=815&h=458\",\"variant\":\"815w\"},{\"src\":\"https://s.w-x.co/util/image/w/bunnyearscoaster.jpeg?v=at&w=1280&h=720\",\"variant\":\"1024w\"}],\"lqip\":\"https://s.w-x.co/util/image/w/bunnyearscoaster.jpeg?v=at&w=73&h=49\",\"provider\":{\"name\":\"weather.com\"},\"publishdate\":\"2021-10-19T09:56:45.000-04:00\",\"icon\":\"photo\",\"category\":{\"title\":\"Sponsored Content\",\"link\":\"deals/stackcommerce\"},\"webVideoData\":{\"web\":\"\",\"mweb\":\"\"}}],\"status\":200,\"statusText\":\"OK\"}},\"getSUNv2TropicalObservationCurrentPositionSourceAndBasinOnlyUrlConfig\":{\"basin:all;language:en-US;nautical:false;source:default;units:e\":{\"loading\":false,\"loaded\":true,\"data\":{\"metadata\":{\"language\":\"en-US\",\"transaction_id\":\"1636450845192:-126750451\",\"version\":\"2\",\"nautical\":\"false\",\"format\":\"json\",\"units\":\"e\",\"basin\":\"all\",\"source\":\"default\",\"expire_time_gmt\":1636472445,\"status_code\":200},\"advisoryinfo\":[{\"storm_key\":\"8e469796c93e322bbbb93f1f17ed2dcb\",\"storm_id\":\"AL212021\",\"storm_number\":\"21\",\"storm_name\":\"Wanda\",\"alternate_storm_name\":null,\"source\":\"NHC\",\"dsgnt_source\":true,\"basin\":\"AL\",\"issue_office\":\"KNHC\",\"wmo_id\":\"WTNT21\",\"pil\":\"TCM\",\"bulletin_id\":\"97a558d29944661c1527ba59090b2b26\",\"related_bulletin_id\":\"40cadee167719d8131fbe303572a3915\",\"issue_dt_tm\":\"2021-11-07T14:44:00Z\",\"issue_dt_tm_tz_cd\":\"Etc/UTC\",\"issue_dt_tm_tz_abbrv\":\"UTC\",\"adv_num\":\"31\",\"adv_dt_tm\":\"2021-11-07T15:00:00Z\",\"adv_dt_tm_tz_cd\":\"Etc/GMT\",\"adv_dt_tm_tz_abbrv\":\"GMT\",\"nxt_cmplt_advsry_dt_tm\":null,\"nxt_cmplt_advsry_dt_tm_tz_cd\":null,\"nxt_cmplt_advsry_dt_tm_tz_abbrv\":null,\"nxt_intrmdt_advsry_dt_tm\":null,\"nxt_intrmdt_advsry_dt_tm_tz_cd\":null,\"nxt_intrmdt_advsry_dt_tm_tz_abbrv\":null,\"process_time_gmt\":1636296279,\"expire_time_gmt\":1636902000,\"final_advisory\":true,\"alternate_final_advisory\":false,\"currentposition\":{\"lat\":40.2,\"lat_hemisphere\":\"N\",\"lon\":-33.5,\"lon_hemisphere\":\"W\",\"storm_type_cd\":\"PT\",\"storm_type\":\"Post-Tropical Cyclone\",\"storm_sub_type_cd\":null,\"storm_sub_type\":null,\"headline\":[\"WANDA BECOMES A POST-TROPICAL CYCLONE\",\"THIS IS THE FINAL ADVISORY\"],\"min_pressure\":29.62,\"max_sustained_wind\":40,\"wind_gust\":50,\"heading\":{\"storm_dir\":\"45\",\"storm_dir_cardinal\":\"NE\",\"storm_spd\":25},\"nearby_loc\":[{\"loc_nm\":\"THE AZORES\",\"dist\":380,\"dir_cardinal\":\"WNW\",\"city_nm\":null,\"st_cd\":null}],\"wind_radii\":[{\"radii_wspd\":39,\"NE\":0,\"SE\":69,\"SW\":0,\"NW\":0}],\"sea_radii\":{\"wave_height\":12,\"NE\":92,\"SE\":138,\"SW\":104,\"NW\":69}}},{\"storm_key\":\"dc918edeab868d8d7bca7ebd64db6159\",\"storm_id\":\"EP182021\",\"storm_number\":\"18\",\"storm_name\":\"Terry\",\"alternate_storm_name\":null,\"source\":\"NHC\",\"dsgnt_source\":true,\"basin\":\"EP\",\"issue_office\":\"KNHC\",\"wmo_id\":\"WTPZ23\",\"pil\":\"TCM\",\"bulletin_id\":\"e0a24f4c26c838fdc4de9cf873e864b8\",\"related_bulletin_id\":\"1af24ae6dc30a0c4aec4a67515d17c92\",\"issue_dt_tm\":\"2021-11-09T08:32:00Z\",\"issue_dt_tm_tz_cd\":\"Etc/UTC\",\"issue_dt_tm_tz_abbrv\":\"UTC\",\"adv_num\":\"20\",\"adv_dt_tm\":\"2021-11-09T02:00:00-07:00\",\"adv_dt_tm_tz_cd\":\"America/Denver\",\"adv_dt_tm_tz_abbrv\":\"MST\",\"nxt_cmplt_advsry_dt_tm\":\"2021-11-09T08:00:00-07:00\",\"nxt_cmplt_advsry_dt_tm_tz_cd\":\"America/Denver\",\"nxt_cmplt_advsry_dt_tm_tz_abbrv\":\"MST\",\"nxt_intrmdt_advsry_dt_tm\":null,\"nxt_intrmdt_advsry_dt_tm_tz_cd\":null,\"nxt_intrmdt_advsry_dt_tm_tz_abbrv\":null,\"process_time_gmt\":1636446758,\"expire_time_gmt\":1637053200,\"final_advisory\":false,\"alternate_final_advisory\":false,\"currentposition\":{\"lat\":11.1,\"lat_hemisphere\":\"N\",\"lon\":-110.4,\"lon_hemisphere\":\"W\",\"storm_type_cd\":\"TD\",\"storm_type\":\"Tropical Depression\",\"storm_sub_type_cd\":null,\"storm_sub_type\":null,\"headline\":[\"TERRY MOVING WESTWARD WITH NO CHANGE IN STRENGTH\"],\"min_pressure\":29.74,\"max_sustained_wind\":35,\"wind_gust\":45,\"heading\":{\"storm_dir\":\"280\",\"storm_dir_cardinal\":\"W\",\"storm_spd\":14},\"nearby_loc\":[{\"loc_nm\":\"THE SOUTHERN TIP OF BAJA CALIFORNIA\",\"dist\":815,\"dir_cardinal\":\"S\",\"city_nm\":null,\"st_cd\":null}],\"wind_radii\":[],\"sea_radii\":null}},{\"storm_key\":\"2a41c16fededd0306626926fa8eef852\",\"storm_id\":\"EP192021\",\"storm_number\":\"19\",\"storm_name\":\"Sandra\",\"alternate_storm_name\":null,\"source\":\"NHC\",\"dsgnt_source\":true,\"basin\":\"EP\",\"issue_office\":\"KNHC\",\"wmo_id\":\"WTPZ24\",\"pil\":\"TCM\",\"bulletin_id\":\"c14e1c37d3bf89bd1d93545e49bcbcad\",\"related_bulletin_id\":\"bee85a8757cd0724f56033903e599423\",\"issue_dt_tm\":\"2021-11-09T08:33:00Z\",\"issue_dt_tm_tz_cd\":\"Etc/UTC\",\"issue_dt_tm_tz_abbrv\":\"UTC\",\"adv_num\":\"8\",\"adv_dt_tm\":\"2021-11-09T01:00:00-08:00\",\"adv_dt_tm_tz_cd\":\"America/Los_Angeles\",\"adv_dt_tm_tz_abbrv\":\"PST\",\"nxt_cmplt_advsry_dt_tm\":\"2021-11-09T07:00:00-08:00\",\"nxt_cmplt_advsry_dt_tm_tz_cd\":\"America/Los_Angeles\",\"nxt_cmplt_advsry_dt_tm_tz_abbrv\":\"PST\",\"nxt_intrmdt_advsry_dt_tm\":null,\"nxt_intrmdt_advsry_dt_tm_tz_cd\":null,\"nxt_intrmdt_advsry_dt_tm_tz_abbrv\":null,\"process_time_gmt\":1636446818,\"expire_time_gmt\":1637053200,\"final_advisory\":false,\"alternate_final_advisory\":false,\"currentposition\":{\"lat\":14.8,\"lat_hemisphere\":\"N\",\"lon\":-119.7,\"lon_hemisphere\":\"W\",\"storm_type_cd\":\"TD\",\"storm_type\":\"Tropical Depression\",\"storm_sub_type_cd\":null,\"storm_sub_type\":null,\"headline\":[\"SANDRA BARELY A TROPICAL DEPRESSION\",\"EXPECTED TO DISSIPATE LATER TODAY\"],\"min_pressure\":29.8,\"max_sustained_wind\":30,\"wind_gust\":40,\"heading\":{\"storm_dir\":\"260\",\"storm_dir_cardinal\":\"W\",\"storm_spd\":14},\"nearby_loc\":[{\"loc_nm\":\"THE SOUTHERN TIP OF BAJA CALIFORNIA\",\"dist\":850,\"dir_cardinal\":\"SW\",\"city_nm\":null,\"st_cd\":null}],\"wind_radii\":[],\"sea_radii\":null}}]},\"status\":200,\"statusText\":\"OK\"}}},\"user\":{\"recentLocations\":[],\"anonymousId\":\"6bd3de09-8fd1-4767-99a9-5d65c32cc14e\",\"userId\":\"\"}}");</script><script>window.__i18n=JSON.parse("{\"ar\":{\"wxu-urls\":{\"airQuality\":\"/${locale}/forecast/air-quality/l/${locId}\",\"alertDetails\":\"/${locale}/weather/alerts/localalerts/l/${locId}\",\"alerts\":\"/${locale}/weather/alerts/localalerts/l/${locId}\",\"allergy\":\"/${locale}/forecast/allergy/l/${locId}\",\"apps\":\"/${locale}/${collectionId}/${assetName}\",\"article\":\"/${locale}/${collectionId}/news/${articleTitle}\",\"betterDecisions\":\"/mission\",\"boatBeach\":\"/${locale}/forecast/boat-beach/l/${locId}\",\"breathing\":\"/${locale}/forecast/breathing/l/${locId}\",\"callforcode\":\"/callforcode\",\"christmasCountdown\":\"/forecast/christmas-countdown/l/${locId}\",\"coldFlu\":\"/${locale}/forecast/cold-flu/l/${locId}\",\"covid19\":\"/${locale}/coronavirus/l/${locId}\",\"covid19map\":\"/${locale}/coronavirus/map/l/${locId}\",\"dataDefinitions\":\"/${locale}/\u062A\u0639\u0631\u064A\u0641\u0627\u062A \u0627\u0644\u0628\u064A\u0627\u0646\u0627\u062A\",\"dataInventory\":\"/${locale}/data-inventory\",\"dataPartners\":\"\u0634\u0631\u0643\u0627\u0621 \u0628\u064A\u0627\u0646\u0627\u062A/${locale}\",\"dataRights\":\"/${locale}/\u062D\u0642\u0648\u0642 \u0627\u0644\u0628\u064A\u0627\u0646\u0627\u062A\",\"farming\":\"/${locale}/forecast/agriculture/l/${locId}\",\"fishing\":\"/${locale}/forecast/fishing/l/${locId}\",\"fiveday\":\"/${locale}/weather/5day/l/${locId}\",\"goRun\":\"/${locale}/forecast/gorun/l/${locId}\",\"home\":\"/${locale}\",\"hourly\":\"/${locale}/weather/hourbyhour/l/${locId}\",\"interactiveMap\":\"/${locale}/weather/radar/interactive/l/${locId}\",\"legal\":\"/${locale}/${collectionId}/${assetName}\",\"maps\":\"/maps/${collectionId}\",\"memberSettings\":\"/${locale}/member/settings\",\"memorialdayCountdown\":\"/forecast/memorial-day-countdown/l/${locId}\",\"mlbCountdown\":\"/${locale}/forecast/opening-day-countdown/l/${locId}\",\"monthly\":\"/${locale}/weather/monthly/l/${locId}\",\"notification\":\"/${locale}/life/manage-notifications\",\"premiumOnboarding\":\"/premium/onboarding\",\"privacyPolicyDirectory\":\"/${locale}/privacy-policy-directory\",\"privacySettings\":\"/${locale}/privacy-settings\",\"radar\":\"/${locale}/weather/radar/interactive/l/${locId}\",\"rss\":\"/rss\",\"search\":\"/${locale}/search/enhancedlocalsearch\",\"ski\":\"/${locale}/forecast/ski/l/${locId}\",\"slideshows\":\"/${locale}/slideshows\",\"tenday\":\"/${locale}/weather/tenday/l/${locId}\",\"testUrl\":\"/${locale}/weather/testUrl\",\"thanksgivingCountdown\":\"/forecast/thanksgiving-countdown/l/${locId}\",\"today\":\"/${locale}/weather/today/l/${locId}\",\"unsubscribe\":\"/${locale}/life/alerts/unsubscribe\",\"video\":\"/${locale}/${collectionId}/video/${videoTitle}\",\"weekend\":\"/${locale}/weather/weekend/l/${locId}\",\"yesterday\":\"//www.wunderground.com/history/daily/${locId}/yesterday\"}},\"az-AZ\":{\"wxu-urls\":{\"airQuality\":\"/${locale}/forecast/air-quality/l/${locId}\",\"alertDetails\":\"/${locale}/weather/alerts/localalerts/l/${locId}\",\"alerts\":\"/${locale}/weather/alerts/localalerts/l/${locId}\",\"allergy\":\"/${locale}/forecast/allergy/l/${locId}\",\"apps\":\"/${locale}/${collectionId}/${assetName}\",\"article\":\"/${locale}/${collectionId}/news/${articleTitle}\",\"betterDecisions\":\"/mission\",\"boatBeach\":\"/${locale}/forecast/boat-beach/l/${locId}\",\"breathing\":\"/${locale}/forecast/breathing/l/${locId}\",\"callforcode\":\"/callforcode\",\"christmasCountdown\":\"/forecast/christmas-countdown/l/${locId}\",\"coldFlu\":\"/${locale}/forecast/cold-flu/l/${locId}\",\"covid19\":\"/${locale}/coronavirus/l/${locId}\",\"covid19map\":\"/${locale}/coronavirus/map/l/${locId}\",\"dataDefinitions\":\"/${locale}/data-definitions\",\"dataInventory\":\"/${locale}/data-inventory\",\"dataPartners\":\"/${locale}/data-partners\",\"dataRights\":\"/${locale}/data-rights\",\"farming\":\"/${locale}/forecast/agriculture/l/${locId}\",\"fishing\":\"/${locale}/forecast/fishing/l/${locId}\",\"fiveday\":\"/${locale}/weather/5day/l/${locId}\",\"goRun\":\"/${locale}/forecast/gorun/l/${locId}\",\"home\":\"/${locale}\",\"hourly\":\"/${locale}/weather/hourbyhour/l/${locId}\",\"interactiveMap\":\"/${locale}/weather/maps/interactive/l/${locId}\",\"legal\":\"/${locale}/${collectionId}/${assetName}\",\"maps\":\"/maps/${collectionId}\",\"memberSettings\":\"/${locale}/member/settings\",\"memorialdayCountdown\":\"/forecast/memorial-day-countdown/l/${locId}\",\"mlbCountdown\":\"/${locale}/forecast/opening-day-countdown/l/${locId}\",\"monthly\":\"/${locale}/weather/monthly/l/${locId}\",\"notification\":\"/${locale}/life/manage-notifications\",\"premiumOnboarding\":\"/premium/onboarding\",\"privacyPolicyDirectory\":\"/${locale}/privacy-policy-directory\",\"privacySettings\":\"/${locale}/privacy-settings\",\"radar\":\"/${locale}/weather/radar/interactive/l/${locId}\",\"rss\":\"/rss\",\"search\":\"/${locale}/search/enhancedlocalsearch\",\"ski\":\"/${locale}/forecast/ski/l/${locId}\",\"slideshows\":\"/${locale}/slideshows\",\"tenday\":\"/${locale}/weather/tenday/l/${locId}\",\"testUrl\":\"/${locale}/weather/testUrl\",\"thanksgivingCountdown\":\"/forecast/thanksgiving-countdown/l/${locId}\",\"today\":\"/${locale}/weather/today/l/${locId}\",\"unsubscribe\":\"/${locale}/life/alerts/unsubscribe\",\"video\":\"/${locale}/${collectionId}/video/${videoTitle}\",\"weekend\":\"/${locale}/weather/weekend/l/${locId}\",\"yesterday\":\"//www.wunderground.com/history/daily/${locId}/yesterday\"}},\"bg-BG\":{\"wxu-urls\":{\"airQuality\":\"/${locale}/forecast/air-quality/l/${locId}\",\"alertDetails\":\"/${locale}/weather/alerts/localalerts/l/${locId}\",\"alerts\":\"/${locale}/weather/alerts/localalerts/l/${locId}\",\"allergy\":\"/${locale}/forecast/allergy/l/${locId}\",\"apps\":\"/${locale}/${collectionId}/${assetName}\",\"article\":\"/${locale}/${collectionId}/news/${articleTitle}\",\"betterDecisions\":\"/mission\",\"boatBeach\":\"/${locale}/forecast/boat-beach/l/${locId}\",\"breathing\":\"/${locale}/forecast/breathing/l/${locId}\",\"callforcode\":\"/callforcode\",\"christmasCountdown\":\"/forecast/christmas-countdown/l/${locId}\",\"coldFlu\":\"/${locale}/forecast/cold-flu/l/${locId}\",\"covid19\":\"/${locale}/coronavirus/l/${locId}\",\"covid19map\":\"/${locale}/coronavirus/map/l/${locId}\",\"dataDefinitions\":\"/${locale}/data-definitions\",\"dataInventory\":\"/${locale}/data-inventory\",\"dataPartners\":\"/${locale}/data-partners\",\"dataRights\":\"/${locale}/data-rights\",\"farming\":\"/${locale}/forecast/agriculture/l/${locId}\",\"fishing\":\"/${locale}/forecast/fishing/l/${locId}\",\"fiveday\":\"/${locale}/weather/5day/l/${locId}\",\"goRun\":\"/${locale}/forecast/gorun/l/${locId}\",\"home\":\"/${locale}\",\"hourly\":\"/${locale}/weather/hourbyhour/l/${locId}\",\"interactiveMap\":\"/${locale}/weather/maps/interactive/l/${locId}\",\"legal\":\"/${locale}/${collectionId}/${assetName}\",\"maps\":\"/maps/${collectionId}\",\"memberSettings\":\"/${locale}/member/settings\",\"memorialdayCountdown\":\"/forecast/memorial-day-countdown/l/${locId}\",\"mlbCountdown\":\"/${locale}/forecast/opening-day-countdown/l/${locId}\",\"monthly\":\"/${locale}/weather/monthly/l/${locId}\",\"notification\":\"/${locale}/life/manage-notifications\",\"premiumOnboarding\":\"/premium/onboarding\",\"privacyPolicyDirectory\":\"/${locale}/privacy-policy-directory\",\"privacySettings\":\"/${locale}/privacy-settings\",\"radar\":\"/${locale}/weather/maps/interactive/l/${locId}\",\"rss\":\"/rss\",\"search\":\"/${locale}/search/enhancedlocalsearch\",\"ski\":\"/${locale}/forecast/ski/l/${locId}\",\"slideshows\":\"/${locale}/slideshows\",\"tenday\":\"/${locale}/weather/tenday/l/${locId}\",\"testUrl\":\"/${locale}/weather/testUrl\",\"thanksgivingCountdown\":\"/forecast/thanksgiving-countdown/l/${locId}\",\"today\":\"/${locale}/weather/today/l/${locId}\",\"unsubscribe\":\"/${locale}/life/alerts/unsubscribe\",\"video\":\"/${locale}/${collectionId}/video/${videoTitle}\",\"weekend\":\"/${locale}/weather/weekend/l/${locId}\",\"yesterday\":\"//www.wunderground.com/history/daily/${locId}/yesterday\"}},\"bn-BD\":{\"wxu-urls\":{\"airQuality\":\"/${locale}/forecast/air-quality/l/${locId}\",\"alertDetails\":\"/${locale}/weather/alerts/localalerts/l/${locId}\",\"alerts\":\"/${locale}/weather/alerts/localalerts/l/${locId}\",\"allergy\":\"/${locale}/forecast/allergy/l/${locId}\",\"apps\":\"/${locale}/${collectionId}/${assetName}\",\"article\":\"/${locale}/${collectionId}/news/${articleTitle}\",\"betterDecisions\":\"/mission\",\"boatBeach\":\"/${locale}/forecast/boat-beach/l/${locId}\",\"breathing\":\"/${locale}/forecast/breathing/l/${locId}\",\"callforcode\":\"/callforcode\",\"christmasCountdown\":\"/forecast/christmas-countdown/l/${locId}\",\"coldFlu\":\"/${locale}/forecast/cold-flu/l/${locId}\",\"covid19\":\"/${locale}/coronavirus/l/${locId}\",\"covid19map\":\"/${locale}/coronavirus/map/l/${locId}\",\"dataDefinitions\":\"/${locale}/data-definitions\",\"dataInventory\":\"/${locale}/data-inventory\",\"dataPartners\":\"/${locale}/data-partners\",\"dataRights\":\"/${locale}/data-rights\",\"farming\":\"/${locale}/forecast/agriculture/l/${locId}\",\"fishing\":\"/${locale}/forecast/fishing/l/${locId}\",\"fiveday\":\"/${locale}/weather/5day/l/${locId}\",\"goRun\":\"/${locale}/forecast/gorun/l/${locId}\",\"home\":\"/${locale}\",\"hourly\":\"/${locale}/weather/hourbyhour/l/${locId}\",\"interactiveMap\":\"/${locale}/weather/radar/interactive/l/${locId}\",\"legal\":\"/${locale}/${collectionId}/${assetName}\",\"maps\":\"/maps/${collectionId}\",\"memberSettings\":\"/${locale}/member/settings\",\"memorialdayCountdown\":\"/forecast/memorial-day-countdown/l/${locId}\",\"mlbCountdown\":\"/${locale}/forecast/opening-day-countdown/l/${locId}\",\"monthly\":\"/${locale}/weather/monthly/l/${locId}\",\"notification\":\"/${locale}/life/manage-notifications\",\"premiumOnboarding\":\"/premium/onboarding\",\"privacyPolicyDirectory\":\"/${locale}/privacy-policy-directory\",\"privacySettings\":\"/${locale}/privacy-settings\",\"radar\":\"/${locale}/weather/radar/interactive/l/${locId}\",\"rss\":\"/rss\",\"search\":\"/${locale}/search/enhancedlocalsearch\",\"ski\":\"/${locale}/forecast/ski/l/${locId}\",\"slideshows\":\"/${locale}/slideshows\",\"tenday\":\"/${locale}/weather/tenday/l/${locId}\",\"testUrl\":\"/${locale}/weather/testUrl\",\"thanksgivingCountdown\":\"/forecast/thanksgiving-countdown/l/${locId}\",\"today\":\"/${locale}/weather/today/l/${locId}\",\"unsubscribe\":\"/${locale}/life/alerts/unsubscribe\",\"video\":\"/${locale}/${collectionId}/video/${videoTitle}\",\"weekend\":\"/${locale}/weather/weekend/l/${locId}\",\"yesterday\":\"//www.wunderground.com/history/daily/${locId}/yesterday\"}},\"bs-BA\":{\"wxu-urls\":{\"airQuality\":\"/${locale}/forecast/air-quality/l/${locId}\",\"alertDetails\":\"/${locale}/weather/alerts/localalerts/l/${locId}\",\"alerts\":\"/${locale}/weather/alerts/localalerts/l/${locId}\",\"allergy\":\"/${locale}/forecast/allergy/l/${locId}\",\"apps\":\"/${locale}/${collectionId}/${assetName}\",\"article\":\"/${locale}/${collectionId}/news/${articleTitle}\",\"betterDecisions\":\"/mission\",\"boatBeach\":\"/${locale}/forecast/boat-beach/l/${locId}\",\"breathing\":\"/${locale}/forecast/breathing/l/${locId}\",\"callforcode\":\"/callforcode\",\"christmasCountdown\":\"/forecast/christmas-countdown/l/${locId}\",\"coldFlu\":\"/${locale}/forecast/cold-flu/l/${locId}\",\"covid19\":\"/${locale}/coronavirus/l/${locId}\",\"covid19map\":\"/${locale}/coronavirus/map/l/${locId}\",\"dataDefinitions\":\"/${locale}/data-definitions\",\"dataInventory\":\"/${locale}/data-inventory\",\"dataPartners\":\"/${locale}/data-partners\",\"dataRights\":\"/${locale}/data-rights\",\"farming\":\"/${locale}/forecast/agriculture/l/${locId}\",\"fishing\":\"/${locale}/forecast/fishing/l/${locId}\",\"fiveday\":\"/${locale}/vrijeme/5dana/l/${locId}\",\"goRun\":\"/${locale}/forecast/gorun/l/${locId}\",\"home\":\"/${locale}\",\"hourly\":\"/${locale}/vrijeme/posatu/l/${locId}\",\"interactiveMap\":\"/${locale}/vrijeme/karte/interaktivne/l/${locId}\",\"legal\":\"/${locale}/${collectionId}/${assetName}\",\"maps\":\"/maps/${collectionId}\",\"memberSettings\":\"/${locale}/member/settings\",\"memorialdayCountdown\":\"/forecast/memorial-day-countdown/l/${locId}\",\"mlbCountdown\":\"/${locale}/forecast/opening-day-countdown/l/${locId}\",\"monthly\":\"/${locale}/vrijeme/mjesecna/l/${locId}\",\"notification\":\"/${locale}/life/manage-notifications\",\"premiumOnboarding\":\"/premium/onboarding\",\"privacyPolicyDirectory\":\"/${locale}/privacy-policy-directory\",\"privacySettings\":\"/${locale}/privacy-settings\",\"radar\":\"/${locale}/vrijeme/karte/interaktivne/l/${locId}\",\"rss\":\"/rss\",\"search\":\"/${locale}/search/enhancedlocalsearch\",\"ski\":\"/${locale}/forecast/ski/l/${locId}\",\"slideshows\":\"/${locale}/slideshows\",\"tenday\":\"/${locale}/vrijeme/desetdana/l/${locId}\",\"testUrl\":\"/${locale}/weather/testUrl\",\"thanksgivingCountdown\":\"/forecast/thanksgiving-countdown/l/${locId}\",\"today\":\"/${locale}/vrijeme/danas/l/${locId}\",\"unsubscribe\":\"/${locale}/life/alerts/unsubscribe\",\"video\":\"/${locale}/${collectionId}/video/${videoTitle}\",\"weekend\":\"/${locale}/vrijeme/vikend/l/${locId}\",\"yesterday\":\"//www.wunderground.com/history/daily/${locId}/yesterday\"}},\"ca-ES\":{\"wxu-urls\":{\"airQuality\":\"/${locale}/forecast/air-quality/l/${locId}\",\"alertDetails\":\"/${locale}/weather/alerts/localalerts/l/${locId}\",\"alerts\":\"/${locale}/weather/alerts/localalerts/l/${locId}\",\"allergy\":\"/${locale}/forecast/allergy/l/${locId}\",\"apps\":\"/${locale}/${collectionId}/${assetName}\",\"article\":\"/${locale}/${collectionId}/news/${articleTitle}\",\"betterDecisions\":\"/missi\u00F3\",\"boatBeach\":\"/${locale}/forecast/boat-beach/l/${locId}\",\"breathing\":\"/${locale}/forecast/breathing/l/${locId}\",\"callforcode\":\"/callforcode\",\"christmasCountdown\":\"/forecast/christmas-countdown/l/${locId}\",\"coldFlu\":\"/${locale}/forecast/cold-flu/l/${locId}\",\"covid19\":\"/${locale}/coronavirus/l/${locId}\",\"covid19map\":\"/${locale}/coronavirus/map/l/${locId}\",\"dataDefinitions\":\"/${locale}/data-definitions\",\"dataInventory\":\"/${locale}/data-inventory\",\"dataPartners\":\"/${locale}/data-partners\",\"dataRights\":\"/${locale}/data-rights\",\"farming\":\"/${locale}/forecast/agriculture/l/${locId}\",\"fishing\":\"/${locale}/forecast/fishing/l/${locId}\",\"fiveday\":\"/${locale}/temps/5dies/l/${locId}\",\"goRun\":\"/${locale}/forecast/gorun/l/${locId}\",\"home\":\"/${locale}\",\"hourly\":\"/${locale}/temps/hora/l/${locId}\",\"interactiveMap\":\"/${locale}/temps/mapes/interactive/l/${locId}\",\"legal\":\"/${locale}/${collectionId}/${assetName}\",\"maps\":\"/maps/${collectionId}\",\"memberSettings\":\"/${locale}/member/settings\",\"memorialdayCountdown\":\"/forecast/memorial-day-countdown/l/${locId}\",\"mlbCountdown\":\"/${locale}/forecast/opening-day-countdown/l/${locId}\",\"monthly\":\"/${locale}/temps/mensual/l/${locId}\",\"notification\":\"/${locale}/life/manage-notifications\",\"premiumOnboarding\":\"/premium/onboarding\",\"privacyPolicyDirectory\":\"/${locale}/privacy-policy-directory\",\"privacySettings\":\"/${locale}/privacy-settings\",\"radar\":\"/${locale}/temps/mapes/interactive/l/${locId}\",\"rss\":\"/rss\",\"search\":\"/${locale}/search/enhancedlocalsearch\",\"ski\":\"/${locale}/forecast/ski/l/${locId}\",\"slideshows\":\"/${locale}/slideshows\",\"tenday\":\"/${locale}/temps/10dies/l/${locId}\",\"testUrl\":\"/${locale}/weather/testUrl\",\"thanksgivingCountdown\":\"/forecast/thanksgiving-countdown/l/${locId}\",\"today\":\"/${locale}/temps/avui/l/${locId}\",\"unsubscribe\":\"/${locale}/life/alerts/unsubscribe\",\"video\":\"/${locale}/${collectionId}/video/${videoTitle}\",\"weekend\":\"/${locale}/temps/capsetmana/l/${locId}\",\"yesterday\":\"//www.wunderground.com/history/daily/${locId}/yesterday\"}},\"cs-CZ\":{\"wxu-urls\":{\"airQuality\":\"/${locale}/forecast/air-quality/l/${locId}\",\"alertDetails\":\"/${locale}/weather/alerts/localalerts/l/${locId}\",\"alerts\":\"/${locale}/weather/alerts/localalerts/l/${locId}\",\"allergy\":\"/${locale}/forecast/allergy/l/${locId}\",\"apps\":\"/${locale}/${collectionId}/${assetName}\",\"article\":\"/${locale}/${collectionId}/news/${articleTitle}\",\"betterDecisions\":\"/mission\",\"boatBeach\":\"/${locale}/forecast/boat-beach/l/${locId}\",\"breathing\":\"/${locale}/forecast/breathing/l/${locId}\",\"callforcode\":\"/callforcode\",\"christmasCountdown\":\"/forecast/christmas-countdown/l/${locId}\",\"coldFlu\":\"/${locale}/forecast/cold-flu/l/${locId}\",\"covid19\":\"/${locale}/coronavirus/l/${locId}\",\"covid19map\":\"/${locale}/coronavirus/map/l/${locId}\",\"dataDefinitions\":\"/${locale}/\u00FAdaje-definice\",\"dataInventory\":\"/${locale}/data-inventory\",\"dataPartners\":\"/${locale}/data-partners\",\"dataRights\":\"/${locale}/\u00FAdaje-pr\u00E1va\",\"farming\":\"/${locale}/forecast/agriculture/l/${locId}\",\"fishing\":\"/${locale}/forecast/fishing/l/${locId}\",\"fiveday\":\"/${locale}/pocasi/5dni/l/${locId}\",\"goRun\":\"/${locale}/forecast/gorun/l/${locId}\",\"home\":\"/${locale}\",\"hourly\":\"/${locale}/pocasi/denne/l/${locId}\",\"interactiveMap\":\"/${locale}/pocasi/mapy/interactive/l/${locId}\",\"legal\":\"/${locale}/${collectionId}/${assetName}\",\"maps\":\"/maps/${collectionId}\",\"memberSettings\":\"/${locale}/member/settings\",\"memorialdayCountdown\":\"/forecast/memorial-day-countdown/l/${locId}\",\"mlbCountdown\":\"/${locale}/forecast/opening-day-countdown/l/${locId}\",\"monthly\":\"/${locale}/pocasi/mesicne/l/${locId}\",\"notification\":\"/${locale}/life/manage-notifications\",\"premiumOnboarding\":\"/premium/onboarding\",\"privacyPolicyDirectory\":\"/${locale}/privacy-policy-directory\",\"privacySettings\":\"/${locale}/privacy-settings\",\"radar\":\"/${locale}/weather/radar/interactive/l/${locId}\",\"rss\":\"/rss\",\"search\":\"/${locale}/search/enhancedlocalsearch\",\"ski\":\"/${locale}/forecast/ski/l/${locId}\",\"slideshows\":\"/${locale}/slideshows\",\"tenday\":\"/${locale}/pocasi/10dni/l/${locId}\",\"testUrl\":\"/${locale}/weather/testUrl\",\"thanksgivingCountdown\":\"/forecast/thanksgiving-countdown/l/${locId}\",\"today\":\"/${locale}/pocasi/dnes/l/${locId}\",\"unsubscribe\":\"/${locale}/life/alerts/unsubscribe\",\"video\":\"/${locale}/${collectionId}/video/${videoTitle}\",\"weekend\":\"/${locale}/pocasi/vikend/l/${locId}\",\"yesterday\":\"//www.wunderground.com/history/daily/${locId}/yesterday\"}},\"da-DK\":{\"wxu-urls\":{\"airQuality\":\"/${locale}/forecast/air-quality/l/${locId}\",\"alertDetails\":\"/${locale}/weather/alerts/localalerts/l/${locId}\",\"alerts\":\"/${locale}/weather/alerts/localalerts/l/${locId}\",\"allergy\":\"/${locale}/forecast/allergy/l/${locId}\",\"apps\":\"/${locale}/${collectionId}/${assetName}\",\"article\":\"/${locale}/${collectionId}/news/${articleTitle}\",\"betterDecisions\":\"/mission\",\"boatBeach\":\"/${locale}/forecast/boat-beach/l/${locId}\",\"breathing\":\"/${locale}/forecast/breathing/l/${locId}\",\"callforcode\":\"/callforcode\",\"christmasCountdown\":\"/forecast/christmas-countdown/l/${locId}\",\"coldFlu\":\"/${locale}/forecast/cold-flu/l/${locId}\",\"covid19\":\"/${locale}/coronavirus/l/${locId}\",\"covid19map\":\"/${locale}/coronavirus/map/l/${locId}\",\"dataDefinitions\":\"/${locale}/data-definitions\",\"dataInventory\":\"/${locale}/data-inventory\",\"dataPartners\":\"/${locale}/data-partners\",\"dataRights\":\"/${locale}/data-rights\",\"farming\":\"/${locale}/forecast/agriculture/l/${locId}\",\"fishing\":\"/${locale}/forecast/fishing/l/${locId}\",\"fiveday\":\"/${locale}/vejret/5dage/l/${locId}\",\"goRun\":\"/${locale}/forecast/gorun/l/${locId}\",\"home\":\"/${locale}\",\"hourly\":\"/${locale}/vejret/hvertime/l/${locId}\",\"interactiveMap\":\"/${locale}/vejret/kort/interactive/l/${locId}\",\"legal\":\"/${locale}/${collectionId}/${assetName}\",\"maps\":\"/maps/${collectionId}\",\"memberSettings\":\"/${locale}/member/settings\",\"memorialdayCountdown\":\"/forecast/memorial-day-countdown/l/${locId}\",\"mlbCountdown\":\"/${locale}/forecast/opening-day-countdown/l/${locId}\",\"monthly\":\"/${locale}/vejret/manedlig/l/${locId}\",\"notification\":\"/${locale}/life/manage-notifications\",\"premiumOnboarding\":\"/premium/onboarding\",\"privacyPolicyDirectory\":\"/${locale}/privacy-policy-directory\",\"privacySettings\":\"/${locale}/privacy-settings\",\"radar\":\"/${locale}/weather/radar/interactive/l/${locId}\",\"rss\":\"/rss\",\"search\":\"/${locale}/search/enhancedlocalsearch\",\"ski\":\"/${locale}/forecast/ski/l/${locId}\",\"slideshows\":\"/${locale}/slideshows\",\"tenday\":\"/${locale}/vejret/10dage/l/${locId}\",\"testUrl\":\"/${locale}/weather/testUrl\",\"thanksgivingCountdown\":\"/forecast/thanksgiving-countdown/l/${locId}\",\"today\":\"/${locale}/vejret/idag/l/${locId}\",\"unsubscribe\":\"/${locale}/life/alerts/unsubscribe\",\"video\":\"/${locale}/${collectionId}/video/${videoTitle}\",\"weekend\":\"/${locale}/vejret/weekend/l/${locId}\",\"yesterday\":\"//www.wunderground.com/history/daily/${locId}/yesterday\"}},\"de-AT\":{\"wxu-urls\":{\"airQuality\":\"/${locale}/forecast/air-quality/l/${locId}\",\"alertDetails\":\"/${locale}/weather/alerts/localalerts/l/${locId}\",\"alerts\":\"/${locale}/weather/alerts/localalerts/l/${locId}\",\"allergy\":\"/${locale}/forecast/allergy/l/${locId}\",\"apps\":\"/${locale}/${collectionId}/${assetName}\",\"article\":\"/${locale}/${collectionId}/news/${articleTitle}\",\"betterDecisions\":\"/mission\",\"boatBeach\":\"/${locale}/forecast/boat-beach/l/${locId}\",\"breathing\":\"/${locale}/forecast/breathing/l/${locId}\",\"callforcode\":\"/callforcode\",\"christmasCountdown\":\"/forecast/christmas-countdown/l/${locId}\",\"coldFlu\":\"/${locale}/forecast/cold-flu/l/${locId}\",\"covid19\":\"/${locale}/coronavirus/l/${locId}\",\"covid19map\":\"/${locale}/coronavirus/map/l/${locId}\",\"dataDefinitions\":\"/${locale}/data-definitions\",\"dataInventory\":\"/${locale}/data-inventory\",\"dataPartners\":\"/${locale}/data-partners\",\"dataRights\":\"/${locale}/data-rights\",\"farming\":\"/${locale}/forecast/agriculture/l/${locId}\",\"fishing\":\"/${locale}/forecast/fishing/l/${locId}\",\"fiveday\":\"/${locale}/wetter/5tage/l/${locId}\",\"goRun\":\"/${locale}/forecast/gorun/l/${locId}\",\"home\":\"/${locale}\",\"hourly\":\"/${locale}/wetter/stundlich/l/${locId}\",\"interactiveMap\":\"/${locale}/wetter/karten/interaktiv/l/${locId}\",\"legal\":\"/${locale}/${collectionId}/${assetName}\",\"maps\":\"/maps/${collectionId}\",\"memberSettings\":\"/${locale}/member/settings\",\"memorialdayCountdown\":\"/forecast/memorial-day-countdown/l/${locId}\",\"mlbCountdown\":\"/${locale}/forecast/opening-day-countdown/l/${locId}\",\"monthly\":\"/${locale}/wetter/Monatlich/l/${locId}\",\"notification\":\"/${locale}/life/manage-notifications\",\"premiumOnboarding\":\"/premium/onboarding\",\"privacyPolicyDirectory\":\"/${locale}/privacy-policy-directory\",\"privacySettings\":\"/${locale}/privacy-settings\",\"radar\":\"/${locale}/weather/radar/interactive/l/${locId}\",\"rss\":\"/rss\",\"search\":\"/${locale}/search/enhancedlocalsearch\",\"ski\":\"/${locale}/forecast/ski/l/${locId}\",\"slideshows\":\"/${locale}/slideshows\",\"tenday\":\"/${locale}/wetter/10tage/l/${locId}\",\"testUrl\":\"/${locale}/weather/testUrl\",\"thanksgivingCountdown\":\"/forecast/thanksgiving-countdown/l/${locId}\",\"today\":\"/${locale}/wetter/heute/l/${locId}\",\"unsubscribe\":\"/${locale}/life/alerts/unsubscribe\",\"video\":\"/${locale}/${collectionId}/video/${videoTitle}\",\"weekend\":\"/${locale}/wetter/wochenende/l/${locId}\",\"yesterday\":\"//www.wunderground.com/history/daily/${locId}/yesterday\"}},\"de-DE\":{\"wxu-urls\":{\"airQuality\":\"/${locale}/forecast/air-quality/l/${locId}\",\"alertDetails\":\"/${locale}/weather/alerts/localalerts/l/${locId}\",\"alerts\":\"/${locale}/weather/alerts/localalerts/l/${locId}\",\"allergy\":\"/${locale}/forecast/allergy/l/${locId}\",\"apps\":\"/${locale}/${collectionId}/${assetName}\",\"article\":\"/${locale}/${collectionId}/news/${articleTitle}\",\"betterDecisions\":\"/mission\",\"boatBeach\":\"/${locale}/forecast/boat-beach/l/${locId}\",\"breathing\":\"/${locale}/forecast/breathing/l/${locId}\",\"callforcode\":\"/callforcode\",\"christmasCountdown\":\"/forecast/christmas-countdown/l/${locId}\",\"coldFlu\":\"/${locale}/forecast/cold-flu/l/${locId}\",\"covid19\":\"/${locale}/coronavirus/l/${locId}\",\"covid19map\":\"/${locale}/coronavirus/map/l/${locId}\",\"dataDefinitions\":\"/${locale}/data-definitions\",\"dataInventory\":\"/${locale}/data-inventory\",\"dataPartners\":\"/${locale}/data-partners\",\"dataRights\":\"/${locale}/data-rights\",\"farming\":\"/${locale}/forecast/agriculture/l/${locId}\",\"fishing\":\"/${locale}/forecast/fishing/l/${locId}\",\"fiveday\":\"/${locale}/wetter/5tage/l/${locId}\",\"goRun\":\"/${locale}/forecast/gorun/l/${locId}\",\"home\":\"/${locale}\",\"hourly\":\"/${locale}/wetter/stundlich/l/${locId}\",\"interactiveMap\":\"/${locale}/wetter/karten/interaktiv/l/${locId}\",\"legal\":\"/${locale}/${collectionId}/${assetName}\",\"maps\":\"/maps/${collectionId}\",\"memberSettings\":\"/${locale}/member/settings\",\"memorialdayCountdown\":\"/forecast/memorial-day-countdown/l/${locId}\",\"mlbCountdown\":\"/${locale}/forecast/opening-day-countdown/l/${locId}\",\"monthly\":\"/${locale}/wetter/Monatlich/l/${locId}\",\"notification\":\"/${locale}/life/manage-notifications\",\"premiumOnboarding\":\"/premium/onboarding\",\"privacyPolicyDirectory\":\"/${locale}/privacy-policy-directory\",\"privacySettings\":\"/${locale}/privacy-settings\",\"radar\":\"/${locale}/weather/radar/interactive/l/${locId}\",\"rss\":\"/rss\",\"search\":\"/${locale}/search/enhancedlocalsearch\",\"ski\":\"/${locale}/forecast/ski/l/${locId}\",\"slideshows\":\"/${locale}/slideshows\",\"tenday\":\"/${locale}/wetter/10tage/l/${locId}\",\"testUrl\":\"/${locale}/weather/testUrl\",\"thanksgivingCountdown\":\"/forecast/thanksgiving-countdown/l/${locId}\",\"today\":\"/${locale}/wetter/heute/l/${locId}\",\"unsubscribe\":\"/${locale}/life/alerts/unsubscribe\",\"video\":\"/${locale}/${collectionId}/video/${videoTitle}\",\"weekend\":\"/${locale}/wetter/wochenende/l/${locId}\",\"yesterday\":\"//www.wunderground.com/history/daily/${locId}/yesterday\"}},\"el-GR\":{\"wxu-urls\":{\"airQuality\":\"/${locale}/forecast/air-quality/l/${locId}\",\"alertDetails\":\"/${locale}/weather/alerts/localalerts/l/${locId}\",\"alerts\":\"/${locale}/weather/alerts/localalerts/l/${locId}\",\"allergy\":\"/${locale}/forecast/allergy/l/${locId}\",\"apps\":\"/${locale}/${collectionId}/${assetName}\",\"article\":\"/${locale}/${collectionId}/news/${articleTitle}\",\"betterDecisions\":\"/mission\",\"boatBeach\":\"/${locale}/forecast/boat-beach/l/${locId}\",\"breathing\":\"/${locale}/forecast/breathing/l/${locId}\",\"callforcode\":\"/callforcode\",\"christmasCountdown\":\"/forecast/christmas-countdown/l/${locId}\",\"coldFlu\":\"/${locale}/forecast/cold-flu/l/${locId}\",\"covid19\":\"/${locale}/coronavirus/l/${locId}\",\"covid19map\":\"/${locale}/coronavirus/map/l/${locId}\",\"dataDefinitions\":\"/${locale}/data-definitions\",\"dataInventory\":\"/${locale}/data-inventory\",\"dataPartners\":\"/${locale}/data-partners\",\"dataRights\":\"/${locale}/data-rights\",\"farming\":\"/${locale}/forecast/agriculture/l/${locId}\",\"fishing\":\"/${locale}/forecast/fishing/l/${locId}\",\"fiveday\":\"/${locale}/weather/5day/l/${locId}\",\"goRun\":\"/${locale}/forecast/gorun/l/${locId}\",\"home\":\"/${locale}\",\"hourly\":\"/${locale}/weather/hourbyhour/l/${locId}\",\"interactiveMap\":\"/${locale}/weather/radar/interactive/l/${locId}\",\"legal\":\"/${locale}/${collectionId}/${assetName}\",\"maps\":\"/maps/${collectionId}\",\"memberSettings\":\"/${locale}/member/settings\",\"memorialdayCountdown\":\"/forecast/memorial-day-countdown/l/${locId}\",\"mlbCountdown\":\"/${locale}/forecast/opening-day-countdown/l/${locId}\",\"monthly\":\"/${locale}/weather/monthly/l/${locId}\",\"notification\":\"/${locale}/life/manage-notifications\",\"premiumOnboarding\":\"/premium/onboarding\",\"privacyPolicyDirectory\":\"/${locale}/privacy-policy-directory\",\"privacySettings\":\"/${locale}/privacy-settings\",\"radar\":\"/${locale}/weather/radar/interactive/l/${locId}\",\"rss\":\"/rss\",\"search\":\"/${locale}/search/enhancedlocalsearch\",\"ski\":\"/${locale}/forecast/ski/l/${locId}\",\"slideshows\":\"/${locale}/slideshows\",\"tenday\":\"/${locale}/weather/tenday/l/${locId}\",\"testUrl\":\"/${locale}/weather/testUrl\",\"thanksgivingCountdown\":\"/forecast/thanksgiving-countdown/l/${locId}\",\"today\":\"/${locale}/weather/today/l/${locId}\",\"unsubscribe\":\"/${locale}/life/alerts/unsubscribe\",\"video\":\"/${locale}/${collectionId}/video/${videoTitle}\",\"weekend\":\"/${locale}/weather/weekend/l/${locId}\",\"yesterday\":\"//www.wunderground.com/history/daily/${locId}/yesterday\"}},\"en-AU\":{\"wxu-urls\":{\"airQuality\":\"/${locale}/forecast/air-quality/l/${locId}\",\"alertDetails\":\"/${locale}/weather/alerts/localalerts/l/${locId}\",\"alerts\":\"/${locale}/weather/alerts/localalerts/l/${locId}\",\"allergy\":\"/${locale}/forecast/allergy/l/${locId}\",\"apps\":\"/${locale}/${collectionId}/${assetName}\",\"article\":\"/${locale}/${collectionId}/news/${articleTitle}\",\"betterDecisions\":\"/mission\",\"boatBeach\":\"/${locale}/forecast/boat-beach/l/${locId}\",\"breathing\":\"/${locale}/forecast/breathing/l/${locId}\",\"callforcode\":\"/callforcode\",\"christmasCountdown\":\"/forecast/christmas-countdown/l/${locId}\",\"coldFlu\":\"/${locale}/forecast/cold-flu/l/${locId}\",\"covid19\":\"/${locale}/coronavirus/l/${locId}\",\"covid19map\":\"/${locale}/coronavirus/map/l/${locId}\",\"dataDefinitions\":\"/${locale}/data-definitions\",\"dataInventory\":\"/${locale}/data-inventory\",\"dataPartners\":\"/${locale}/data-partners\",\"dataRights\":\"/${locale}/data-rights\",\"farming\":\"/${locale}/forecast/agriculture/l/${locId}\",\"fishing\":\"/${locale}/forecast/fishing/l/${locId}\",\"fiveday\":\"/${locale}/weather/5day/l/${locId}\",\"goRun\":\"/${locale}/forecast/gorun/l/${locId}\",\"home\":\"/${locale}\",\"hourly\":\"/${locale}/weather/hourbyhour/l/${locId}\",\"interactiveMap\":\"/${locale}/weather/radar/interactive/l/${locId}\",\"legal\":\"/${locale}/${collectionId}/${assetName}\",\"maps\":\"/maps/${collectionId}\",\"memberSettings\":\"/${locale}/member/settings\",\"memorialdayCountdown\":\"/forecast/memorial-day-countdown/l/${locId}\",\"mlbCountdown\":\"/${locale}/forecast/opening-day-countdown/l/${locId}\",\"monthly\":\"/${locale}/weather/monthly/l/${locId}\",\"notification\":\"/${locale}/life/manage-notifications\",\"premiumOnboarding\":\"/premium/onboarding\",\"privacyPolicyDirectory\":\"/${locale}/privacy-policy-directory\",\"privacySettings\":\"/${locale}/privacy-settings\",\"radar\":\"/${locale}/weather/radar/interactive/l/${locId}\",\"rss\":\"/rss\",\"search\":\"/${locale}/search/enhancedlocalsearch\",\"ski\":\"/${locale}/forecast/ski/l/${locId}\",\"slideshows\":\"/${locale}/slideshows\",\"tenday\":\"/${locale}/weather/tenday/l/${locId}\",\"testUrl\":\"/${locale}/weather/testUrl\",\"thanksgivingCountdown\":\"/forecast/thanksgiving-countdown/l/${locId}\",\"today\":\"/${locale}/weather/today/l/${locId}\",\"unsubscribe\":\"/${locale}/life/alerts/unsubscribe\",\"video\":\"/${locale}/${collectionId}/video/${videoTitle}\",\"weekend\":\"/${locale}/weather/weekend/l/${locId}\",\"yesterday\":\"//www.wunderground.com/history/daily/${locId}/yesterday\"}},\"en-CA\":{\"wxu-urls\":{\"airQuality\":\"/${locale}/forecast/air-quality/l/${locId}\",\"alertDetails\":\"/${locale}/weather/alerts/localalerts/l/${locId}\",\"alerts\":\"/${locale}/weather/alerts/localalerts/l/${locId}\",\"allergy\":\"/${locale}/forecast/allergy/l/${locId}\",\"apps\":\"/${locale}/${collectionId}/${assetName}\",\"article\":\"/${locale}/${collectionId}/news/${articleTitle}\",\"betterDecisions\":\"/mission\",\"boatBeach\":\"/${locale}/forecast/boat-beach/l/${locId}\",\"breathing\":\"/${locale}/forecast/breathing/l/${locId}\",\"callforcode\":\"/callforcode\",\"christmasCountdown\":\"/forecast/christmas-countdown/l/${locId}\",\"coldFlu\":\"/${locale}/forecast/cold-flu/l/${locId}\",\"covid19\":\"/${locale}/coronavirus/l/${locId}\",\"covid19map\":\"/${locale}/coronavirus/map/l/${locId}\",\"dataDefinitions\":\"/${locale}/data-definitions\",\"dataInventory\":\"/${locale}/data-inventory\",\"dataPartners\":\"/${locale}/data-partners\",\"dataRights\":\"/${locale}/data-rights\",\"farming\":\"/${locale}/forecast/agriculture/l/${locId}\",\"fishing\":\"/${locale}/forecast/fishing/l/${locId}\",\"fiveday\":\"/${locale}/weather/5day/l/${locId}\",\"goRun\":\"/${locale}/forecast/gorun/l/${locId}\",\"home\":\"/${locale}\",\"hourly\":\"/${locale}/weather/hourbyhour/l/${locId}\",\"interactiveMap\":\"/${locale}/weather/radar/interactive/l/${locId}\",\"legal\":\"/${locale}/${collectionId}/${assetName}\",\"maps\":\"/maps/${collectionId}\",\"memberSettings\":\"/${locale}/member/settings\",\"memorialdayCountdown\":\"/forecast/memorial-day-countdown/l/${locId}\",\"mlbCountdown\":\"/${locale}/forecast/opening-day-countdown/l/${locId}\",\"monthly\":\"/${locale}/weather/monthly/l/${locId}\",\"notification\":\"/${locale}/life/manage-notifications\",\"premiumOnboarding\":\"/premium/onboarding\",\"privacyPolicyDirectory\":\"/${locale}/privacy-policy-directory\",\"privacySettings\":\"/${locale}/privacy-settings\",\"radar\":\"/${locale}/weather/radar/interactive/l/${locId}\",\"rss\":\"/rss\",\"search\":\"/${locale}/search/enhancedlocalsearch\",\"ski\":\"/${locale}/forecast/ski/l/${locId}\",\"slideshows\":\"/${locale}/slideshows\",\"tenday\":\"/${locale}/weather/tenday/l/${locId}\",\"testUrl\":\"/${locale}/weather/testUrl\",\"thanksgivingCountdown\":\"/forecast/thanksgiving-countdown/l/${locId}\",\"today\":\"/${locale}/weather/today/l/${locId}\",\"unsubscribe\":\"/${locale}/life/alerts/unsubscribe\",\"video\":\"/${locale}/${collectionId}/video/${videoTitle}\",\"weekend\":\"/${locale}/weather/weekend/l/${locId}\",\"yesterday\":\"//www.wunderground.com/history/daily/${locId}/yesterday\"}},\"en-GB\":{\"wxu-urls\":{\"airQuality\":\"/${locale}/forecast/air-quality/l/${locId}\",\"alertDetails\":\"/${locale}/weather/alerts/localalerts/l/${locId}\",\"alerts\":\"/${locale}/weather/alerts/localalerts/l/${locId}\",\"allergy\":\"/${locale}/forecast/allergy/l/${locId}\",\"apps\":\"/${locale}/${collectionId}/${assetName}\",\"article\":\"/${locale}/${collectionId}/news/${articleTitle}\",\"betterDecisions\":\"/mission\",\"boatBeach\":\"/${locale}/forecast/boat-beach/l/${locId}\",\"breathing\":\"/${locale}/forecast/breathing/l/${locId}\",\"callforcode\":\"/callforcode\",\"christmasCountdown\":\"/forecast/christmas-countdown/l/${locId}\",\"coldFlu\":\"/${locale}/forecast/cold-flu/l/${locId}\",\"covid19\":\"/${locale}/coronavirus/l/${locId}\",\"covid19map\":\"/${locale}/coronavirus/map/l/${locId}\",\"dataDefinitions\":\"/${locale}/data-definitions\",\"dataInventory\":\"/${locale}/data-inventory\",\"dataPartners\":\"/${locale}/data-partners\",\"dataRights\":\"/${locale}/data-rights\",\"farming\":\"/${locale}/forecast/agriculture/l/${locId}\",\"fishing\":\"/${locale}/forecast/fishing/l/${locId}\",\"fiveday\":\"/${locale}/weather/5day/l/${locId}\",\"goRun\":\"/${locale}/forecast/gorun/l/${locId}\",\"home\":\"/${locale}\",\"hourly\":\"/${locale}/weather/hourbyhour/l/${locId}\",\"interactiveMap\":\"/${locale}/weather/radar/interactive/l/${locId}\",\"legal\":\"/${locale}/${collectionId}/${assetName}\",\"maps\":\"/maps/${collectionId}\",\"memberSettings\":\"/${locale}/member/settings\",\"memorialdayCountdown\":\"/forecast/memorial-day-countdown/l/${locId}\",\"mlbCountdown\":\"/${locale}/forecast/opening-day-countdown/l/${locId}\",\"monthly\":\"/${locale}/weather/monthly/l/${locId}\",\"notification\":\"/${locale}/life/manage-notifications\",\"premiumOnboarding\":\"/premium/onboarding\",\"privacyPolicyDirectory\":\"/${locale}/privacy-policy-directory\",\"privacySettings\":\"/${locale}/privacy-settings\",\"radar\":\"/${locale}/weather/radar/interactive/l/${locId}\",\"rss\":\"/rss\",\"search\":\"/${locale}/search/enhancedlocalsearch\",\"ski\":\"/${locale}/forecast/ski/l/${locId}\",\"slideshows\":\"/${locale}/slideshows\",\"tenday\":\"/${locale}/weather/tenday/l/${locId}\",\"testUrl\":\"/${locale}/weather/testUrl\",\"thanksgivingCountdown\":\"/forecast/thanksgiving-countdown/l/${locId}\",\"today\":\"/${locale}/weather/today/l/${locId}\",\"unsubscribe\":\"/${locale}/life/alerts/unsubscribe\",\"video\":\"/${locale}/${collectionId}/video/${videoTitle}\",\"weekend\":\"/${locale}/weather/weekend/l/${locId}\",\"yesterday\":\"//www.wunderground.com/history/daily/${locId}/yesterday\"}},\"en-IN\":{\"wxu-urls\":{\"airQuality\":\"/${locale}/forecast/air-quality/l/${locId}\",\"alertDetails\":\"/${locale}/weather/alerts/localalerts/l/${locId}\",\"alerts\":\"/${locale}/weather/alerts/localalerts/l/${locId}\",\"allergy\":\"/${locale}/forecast/allergy/l/${locId}\",\"apps\":\"/${locale}/${collectionId}/${assetName}\",\"article\":\"/${locale}/${collectionId}/news/${articleTitle}\",\"betterDecisions\":\"/mission\",\"boatBeach\":\"/${locale}/forecast/boat-beach/l/${locId}\",\"breathing\":\"/${locale}/forecast/breathing/l/${locId}\",\"callforcode\":\"/callforcode\",\"christmasCountdown\":\"/forecast/christmas-countdown/l/${locId}\",\"coldFlu\":\"/${locale}/forecast/cold-flu/l/${locId}\",\"covid19\":\"/${locale}/coronavirus/l/${locId}\",\"covid19map\":\"/${locale}/coronavirus/map/l/${locId}\",\"dataDefinitions\":\"/${locale}/data-definitions\",\"dataInventory\":\"/${locale}/data-inventory\",\"dataPartners\":\"/${locale}/data-partners\",\"dataRights\":\"/${locale}/data-rights\",\"farming\":\"/${locale}/forecast/agriculture/l/${locId}\",\"fishing\":\"/${locale}/forecast/fishing/l/${locId}\",\"fiveday\":\"/${locale}/weather/5day/l/${locId}\",\"goRun\":\"/${locale}/forecast/gorun/l/${locId}\",\"home\":\"/${locale}\",\"hourly\":\"/${locale}/weather/hourbyhour/l/${locId}\",\"interactiveMap\":\"/${locale}/weather/maps/interactive/l/${locId}\",\"legal\":\"/${locale}/${collectionId}/${assetName}\",\"maps\":\"/maps/${collectionId}\",\"memberSettings\":\"/${locale}/member/settings\",\"memorialdayCountdown\":\"/forecast/memorial-day-countdown/l/${locId}\",\"mlbCountdown\":\"/${locale}/forecast/opening-day-countdown/l/${locId}\",\"monthly\":\"/${locale}/weather/monthly/l/${locId}\",\"notification\":\"/${locale}/life/manage-notifications\",\"premiumOnboarding\":\"/premium/onboarding\",\"privacyPolicyDirectory\":\"/${locale}/privacy-policy-directory\",\"privacySettings\":\"/${locale}/privacy-settings\",\"radar\":\"/${locale}/weather/radar/interactive/l/${locId}\",\"rss\":\"/rss\",\"search\":\"/${locale}/search/enhancedlocalsearch\",\"ski\":\"/${locale}/forecast/ski/l/${locId}\",\"slideshows\":\"/${locale}/slideshows\",\"tenday\":\"/${locale}/weather/tenday/l/${locId}\",\"testUrl\":\"/${locale}/weather/testUrl\",\"thanksgivingCountdown\":\"/forecast/thanksgiving-countdown/l/${locId}\",\"today\":\"/${locale}/weather/today/l/${locId}\",\"unsubscribe\":\"/${locale}/life/alerts/unsubscribe\",\"video\":\"/${locale}/${collectionId}/video/${videoTitle}\",\"weekend\":\"/${locale}/weather/weekend/l/${locId}\",\"yesterday\":\"//www.wunderground.com/history/daily/${locId}/yesterday\"}},\"en-US\":{\"wxu-content-media\":{\"readMore\":\"Read More\",\"seeMore\":\"See More\",\"trendingVideos\":\"Trending Videos\",\"watchNow\":\"Watch Now\"},\"wxu-countries\":{\"Africa\":\"Africa\",\"Algeria\":\"Algeria\",\"Americas\":\"Americas\",\"Andorra\":\"Andorra\",\"Angola\":\"Angola\",\"Antigua and Barbuda\":\"Antigua and Barbuda\",\"Argentina\":\"Argentina\",\"Asia Pacific\":\"Asia Pacific\",\"Australia\":\"Australia\",\"Austria\":\"Austria\",\"Bahamas\":\"Bahamas\",\"Bahrain\":\"Bahrain\",\"Bangladesh\":\"Bangladesh\",\"Barbados\":\"Barbados\",\"Belarus\":\"Belarus\",\"Belgium\":\"Belgium\",\"Belize\":\"Belize\",\"Benin\":\"Benin\",\"Bolivia\":\"Bolivia\",\"Bosnia and Herzegovina\":\"Bosnia and Herzegovina\",\"Brazil\":\"Brazil\",\"Brunei\":\"Brunei\",\"Bulgaria\":\"Bulgaria\",\"Burkina Faso\":\"Burkina Faso\",\"Burundi\":\"Burundi\",\"Cameroon\":\"Cameroon\",\"Canada\":\"Canada\",\"Cape Verde\":\"Cape Verde\",\"Central African Republic\":\"Central African Republic\",\"Chad\":\"Chad\",\"Chile\":\"Chile\",\"China\":\"China\",\"Colombia\":\"Colombia\",\"Comoros\":\"Comoros\",\"Costa Rica\":\"Costa Rica\",\"Croatia\":\"Croatia\",\"Cyprus\":\"Cyprus\",\"Czech Republic\":\"Czech Republic\",\"C\u00F4te d'Ivoire\":\"C\u00F4te d'Ivoire\",\"Denmark\":\"Denmark\",\"Djibouti\":\"Djibouti\",\"Dominica\":\"Dominica\",\"Dominican Republic\":\"Dominican Republic\",\"Domocratic Republic of the Congo\":\"Domocratic Republic of the Congo\",\"East Timor\":\"East Timor\",\"Ecuador\":\"Ecuador\",\"Egypt\":\"Egypt\",\"El Salvador\":\"El Salvador\",\"Equatorial Guinea\":\"Equatorial Guinea\",\"Eritrea\":\"Eritrea\",\"Estonia\":\"Estonia\",\"Europe\":\"Europe\",\"Fiji\":\"Fiji\",\"Finland\":\"Finland\",\"France\":\"France\",\"Gabon\":\"Gabon\",\"Gambia\":\"Gambia\",\"Germany\":\"Germany\",\"Ghana\":\"Ghana\",\"Greece\":\"Greece\",\"Grenada\":\"Grenada\",\"Guatemala\":\"Guatemala\",\"Guinea\":\"Guinea\",\"Guinea-Bissau\":\"Guinea-Bissau\",\"Guyana\":\"Guyana\",\"Haiti\":\"Haiti\",\"Honduras\":\"Honduras\",\"Hong Kong SAR\":\"Hong Kong SAR\",\"Hungary\":\"Hungary\",\"Iceland\":\"Iceland\",\"India\":\"India\",\"India (English)\":\"India (English)\",\"India (Hindi)\":\"India (Hindi)\",\"Indonesia\":\"Indonesia\",\"Iran\":\"Iran\",\"Iraq\":\"Iraq\",\"Ireland\":\"Ireland\",\"Israel\":\"Israel\",\"Italy\":\"Italy\",\"Jamaica\":\"Jamaica\",\"Japan\":\"Japan\",\"Jordan\":\"Jordan\",\"Kenya\":\"Kenya\",\"Kiribati\":\"Kiribati\",\"Kuwait\":\"Kuwait\",\"Kyrgyzstan\":\"Kyrgyzstan\",\"Lebanon\":\"Lebanon\",\"Lesotho\":\"Lesotho\",\"Liberia\":\"Liberia\",\"Libya\":\"Libya\",\"Liechtenstein\":\"Liechtenstein\",\"Luxembourg\":\"Luxembourg\",\"Madagascar\":\"Madagascar\",\"Malaysia\":\"Malaysia\",\"Mali\":\"Mali\",\"Malta\":\"Malta\",\"Marshall Islands\":\"Marshall Islands\",\"Mauritania\":\"Mauritania\",\"Mauritius\":\"Mauritius\",\"Mexico\":\"Mexico\",\"Micronesia\":\"Micronesia\",\"Middle East\":\"Middle East\",\"Monaco\":\"Monaco\",\"Morocco\":\"Morocco\",\"Mozambique\":\"Mozambique\",\"Namibia\":\"Namibia\",\"Netherlands\":\"Netherlands\",\"New Zealand\":\"New Zealand\",\"Nicaragua\":\"Nicaragua\",\"Niger\":\"Niger\",\"Nigeria\":\"Nigeria\",\"North Korea\":\"North Korea\",\"Norway\":\"Norway\",\"Oman\":\"Oman\",\"Pakistan\":\"Pakistan\",\"Palau\":\"Palau\",\"Panama\":\"Panama\",\"Paraguay\":\"Paraguay\",\"Peru\":\"Peru\",\"Philippines\":\"Philippines\",\"Poland\":\"Poland\",\"Portugal\":\"Portugal\",\"Qatar\":\"Qatar\",\"Republic of Congo\":\"Republic of Congo\",\"Romania\":\"Romania\",\"Russia\":\"Russia\",\"Rwanda\":\"Rwanda\",\"Samoa\":\"Samoa\",\"San Marino\":\"San Marino\",\"Sao Tome and Principe\":\"Sao Tome and Principe\",\"Saudi Arabia\":\"Saudi Arabia\",\"Senegal\":\"Senegal\",\"Serbia\":\"Serbia\",\"Sierra Leone\":\"Sierra Leone\",\"Singapore\":\"Singapore\",\"Slovakia\":\"Slovakia\",\"Solomon Islands\":\"Solomon Islands\",\"Somalia\":\"Somalia\",\"South Africa\":\"South Africa\",\"South Korea\":\"South Korea\",\"South Sudan\":\"South Sudan\",\"Spain\":\"Spain\",\"St. Kitts and Nevis\":\"St. Kitts and Nevis\",\"St. Lucia\":\"St. Lucia\",\"St. Vincent and the Grenadines\":\"St. Vincent and the Grenadines\",\"State of Vatican City (Holy See)\":\"State of Vatican City (Holy See)\",\"Sudan\":\"Sudan\",\"Suriname\":\"Suriname\",\"Swaziland\":\"Swaziland\",\"Sweden\":\"Sweden\",\"Switzerland\":\"Switzerland\",\"Syria\":\"Syria\",\"Taiwan\":\"Taiwan\",\"Tanzania\":\"Tanzania\",\"Thailand\":\"Thailand\",\"Togo\":\"Togo\",\"Tonga\":\"Tonga\",\"Trinidad and Tobago\":\"Trinidad and Tobago\",\"Tunisia\":\"Tunisia\",\"Turkey\":\"Turkey\",\"Tuvalu\":\"Tuvalu\",\"Uganda\":\"Uganda\",\"Ukraine\":\"Ukraine\",\"United Arab Emirates\":\"United Arab Emirates\",\"United Kingdom\":\"United Kingdom\",\"United States\":\"United States\",\"Uruguay\":\"Uruguay\",\"Vanuatu\":\"Vanuatu\",\"Venezuela\":\"Venezuela\",\"Vietnam\":\"Vietnam\",\"Yemen\":\"Yemen\",\"testKey1\":\"This is a test key/value; do not translate!\"},\"wxu-footer\":{\"accessibilityStatement\":\"Accessibility Statement\",\"adChoices\":\"Ad Choices\",\"adPartners\":\"Ad Partners\",\"advertise\":\"Advertise\",\"advertiseSelfService\":\"Advertise- Self Service\",\"advertiseWithUs\":\"Advertise With Us\",\"analyticsPartners\":\"Analytics Partners\",\"careers\":\"Careers\",\"connect\":\"Connect With Us\",\"dataPartners\":\"Ads and Analytics Vendors\",\"dataRights\":\"Data Rights\",\"dataVendors\":\"Data Vendors\",\"doNotSell\":\"Do Not Sell My Personal Information\",\"downloadApps\":\"Download Apps\",\"essential\":\"This icon serves as a link to download the eSSENTIAL Accessibility assistive technology app for individuals with physical disabilities. It is featured as part of our commitment to diversity and inclusion.\",\"feedback\":\"Feedback\",\"impressum\":\"Impressum\",\"newslettersAlerts\":\"Newsletters and Alerts\",\"parentalControls\":\"Parental Controls\",\"poweredBy\":\"Powered by the\",\"pressRoom\":\"Press Room\",\"privacyLinksLabel\":\"We recognize our responsibility to use data and technology for good. Take control of your data.\",\"privacyPolicy\":\"Privacy Policy\",\"privacySettings\":\"Privacy Settings\",\"reviewAdsSettings\":\"Review My Advertising Settings\",\"termsOfUse\":\"Terms of Use\",\"tv\":\"TV\",\"weatherAPI\":\"Weather API\"},\"wxu-general\":{\"K\":\"K\",\"M\":\"M\",\"asOfTime\":\"As of ${time}\",\"brandCopyright\":\"\u00A9 Copyright ${brand} ${year1}, ${year2}\",\"cm\":\"cm\",\"ft\":\"ft\",\"in\":\"in\",\"in/hr\":\"in/hr\",\"indexOfTotal\":\"${index} of ${total}\",\"km\":\"km\",\"km/h\":\"km/h\",\"m\":\"m\",\"mb\":\"mb\",\"mi\":\"mi\",\"mm\":\"mm\",\"mm/hr\":\"mm/hr\",\"mph\":\"mph\",\"next\":\"Next\",\"noData\":\"There is no data available at this time\",\"prev\":\"Previous\",\"today\":\"Today\",\"tomorrow\":\"Tomorrow\",\"uvIndexExtreme\":\"Extreme\",\"uvIndexVal\":\"{{val}} of {{maxVal}}\"},\"wxu-hurricane-central\":{\"directionSpeedUnit\":\"${direction} at ${speed} ${windUnit}\",\"hurricaneTrackerCta\":\"Track Storm\",\"hurricaneTrackerTitle\":\"Hurricane Tracker\",\"maxWinds\":\"Max Winds\",\"movement\":\"Movement\",\"pressure\":\"Pressure\",\"pressureValue\":\"${pressure} mb\"},\"wxu-main-menu\":{\"accessibilityHelp\":\"Accessibility Help\",\"activities\":\"Activities\",\"adChoices\":\"Ad Choices\",\"adPartners\":\"Ad Partners\",\"advertise\":\"Advertise\",\"advertiseSelfService\":\"Advertise- Self Service\",\"advertiseWithUs\":\"Advertise With Us\",\"africa\":\"Africa\",\"airQualityForecast\":\"Air Quality Forecast\",\"allergyTracker\":\"Allergy Tracker\",\"americas\":\"Americas\",\"analyticsPartners\":\"Analytics Partners\",\"asiaPacific\":\"Asia Pacific\",\"awardWinningInvestigations\":\"Award-Winning Investigations\",\"backToMainMenu\":\"Back to Menu\",\"boatBeach\":\"Boat & Beach\",\"boatBeachForecast\":\"Boat & Beach Forecast\",\"careers\":\"Careers\",\"changeLanguage\":\"Change Language\",\"classicWeatherMaps\":\"Classic Weather Maps\",\"climateNews\":\"Climate News\",\"close\":\"Close\",\"coldFlu\":\"Cold & Flu\",\"dataRights\":\"Data Rights\",\"deals\":\"Seasonal Deals\",\"delete\":\"Delete\",\"doNotSell\":\"Do Not Sell My Information\",\"downloadApps\":\"Download Apps\",\"europe\":\"Europe\",\"feedback\":\"Feedback\",\"fifteenDayForecast\":\"15 Day Forecast\",\"fifteenday\":\"15 Day\",\"fishing\":\"Fishing\",\"fiveDayForecast\":\"5 Day Forecast\",\"forecast\":\"Forecast\",\"gardeningForecast\":\"Gardening Forecast\",\"getNotifications\":\"Get Notifications\",\"getSevereAlerts\":\"Get Severe Alerts\",\"health\":\"Health\",\"healthActivities\":\"Health & Activities\",\"home\":\"Home\",\"hourly\":\"Hourly\",\"hourlyForecast\":\"Hourly Forecast\",\"hurricaneCentral\":\"Hurricane Central\",\"hybrid\":\"Hybrid\",\"hybridUnitTypes\":\"Hybrid - C / millimeters / miles / mph / millibars\",\"imperialUnitTypes\":\"Imperial - F / mph / miles / inches\",\"impressum\":\"Impressum\",\"language\":\"Language\",\"localizationMenuButton\":\"Open Localization Menu\",\"locationMenuButton\":\"More options dialog for {location}\",\"mainMenu\":\"Menu\",\"manageNotifications\":\"Manage Notifications\",\"maps\":\"Maps\",\"metricUnitTypes\":\"Metric - C / millimeters / km / kmh / millibars\",\"middleEast\":\"Middle East\",\"monthly\":\"Monthly\",\"monthlyForecast\":\"Monthly Forecast\",\"more\":\"More\",\"moreForecasts\":\"More Forecasts\",\"nationalForecast\":\"National Forecast\",\"nationalNews\":\"National News\",\"news\":\"News\",\"newslettersAlerts\":\"Newsletters & Alerts\",\"parentalControls\":\"Parental Controls\",\"personalities\":\"Personalities\",\"photos\":\"Photos\",\"poweredBy\":\"Powered By\",\"pressRoom\":\"Press Room\",\"privacy\":\"Privacy\",\"privacyLinksLabel\":\"We recognize our responsibility to use data and technology for good. Take control of your data:\",\"privacyPolicy\":\"Privacy Policy\",\"privacySettings\":\"Privacy Settings\",\"radarMaps\":\"Radar Maps\",\"regionalSatellite\":\"Regional Satellite\",\"remove\":\"Remove\",\"reviewAdsSettings\":\"Review My Advertising Settings\",\"safetyPreparedness\":\"Safety & Preparedness\",\"savedLocationList\":\"Saved Locations\",\"severe\":\"Severe\",\"severeAlerts\":\"Severe Alerts\",\"siteNavigationLinks\":\"Site Navigation Links\",\"skiForecast\":\"Ski Forecast\",\"skipToMain\":\"Skip to Main Content\",\"slideshows\":\"Slideshows\",\"specialtyForecasts\":\"Specialty Forecasts\",\"tenDayForecast\":\"10 Day Forecast\",\"tenday\":\"10 Day\",\"termsOfUse\":\"Terms of Use\",\"today\":\"Today\",\"todayForecast\":\"Today's Forecast\",\"topStories\":\"Top Stories\",\"tv\":\"TV\",\"unitC\":\"\u00B0C\",\"unitF\":\"\u00B0F\",\"units\":\"Units\",\"unitsAndLanguage\":\"Units and Language\",\"video\":\"Video\",\"videoPhotos\":\"Video & Photos\",\"watchLive\":\"Watch Live\",\"waterScarcity\":\"Water Scarcity\",\"weather\":\"Weather\",\"weatherAPI\":\"Weather API\",\"weatherInMotion\":\"Weather in Motion\",\"weatherNews\":\"Weather News\",\"weekend\":\"Weekend\",\"weekendForecast\":\"Weekend Forecast\",\"yesterday\":\"Yesterday's Weather\"},\"wxu-meta\":{\"homePageDescription\":\"The Weather Channel and weather.com provide a national and local weather forecast for cities, as well as weather radar, report and hurricane coverage\",\"homePageKeywords\":\"national weather, national weather forecast, local weather, local weather forecast, weather, weather forecast, weather radar, weather report, hurricane, weather.com, weather channel\",\"homePageTitle\":\"National and Local Weather Radar, Daily Forecast, Hurricane and information from The Weather Channel and weather.com\"},\"wxu-navigation\":{\"10 Day\":\"10 Day\",\"Hourly\":\"Hourly\",\"Monthly\":\"Monthly\",\"Radar\":\"Radar\",\"Site Navigation\":\"Site Navigation\",\"Today\":\"Today\",\"Video\":\"Video\",\"Weekend\":\"Weekend\",\"airQualityForecast\":\"Air Quality Forecast\",\"allergyTracker\":\"Allergy Tracker\",\"boatBeach\":\"Boat & Beach\",\"coldFlu\":\"Cold & Flu\",\"covid19\":\"Covid-19\",\"farming\":\"Farming\",\"fifteenDay\":\"15 Day\",\"fishing\":\"Fishing\",\"gardening\":\"Gardening\",\"more\":\"More\",\"moreForecasts\":\"More Forecasts\",\"skiForecast\":\"Ski Forecast\",\"tenDay\":\"10 Day\",\"yesterday\":\"Yesterday's Weather\"},\"wxu-privacy-data-notice\":{\"ccpaSectionLinkLabel\":\"CCPA Notice\",\"headingTitle\":\"Your Privacy\",\"mainParagraph\":\"See our {{privacyPolicyLink}} to learn about the types of data we collect and how we use and share it. We collect data from your browser to personalize your weather and the ads you see.\",\"mainParagraph_usa\":\"See our {{privacyPolicyLink}} to learn about the types of data we collect and how we use and share it. We collect data from your browser to personalize your weather and the ads you see.\",\"mainParagraph_usa-ccpa\":\"Please refer to the {{ccpaSectionLink}} in our {{privacyPolicyLink}} to learn about the types of data we collect and how we use and share it. We collect data from your device to personalize your weather and the ads you see.\",\"privacyPolicyLinkLabel\":\"Privacy Policy\",\"privacySettingsLabel\":\"Review Privacy and Advertising Settings\"},\"wxu-search\":{\"addCityZip\":\"Search City or Zip Code\",\"clearAll\":\"Clear All\",\"locationDisplayName\":\"${presentationName} Weather\",\"noRecents\":\"You have no recent locations\",\"noResults\":\"No results found\",\"recentLocations\":\"Recent Locations\",\"recentLocationsList\":\"Recent Locations List\",\"searchAccessibleHint\":\"Type at least three characters to start auto complete. Recently searched locations will be displayed if there is no search query. The first option will be automatically selected. Use up and down arrows to change selection. Use escape to clear.\",\"searchDialog\":\"Search Dialog\",\"searchResultsList\":\"Search Result List\",\"searchResultsStatus\":\"${numberOfResults} Results Found for ${searchQuery}\"},\"wxu-taboola\":{\"sponsoredContentTitle\":\"Sponsored Content\"},\"wxu-today-details\":{\"pressure\":\"Pressure\"},\"wxu-today-map\":{\"improveMap\":\"Improve this map\",\"now\":\"Now\",\"radar\":\"Radar\",\"seeRadar\":\"See Radar\"},\"wxu-upsell-toast\":{\"ctaText\":\"Download App\",\"summaryText\":\"Get the world's most downloaded weather app.\",\"title\":\"Faster. Simpler.\"},\"wxu-urls\":{\"airQuality\":\"/${locale}/forecast/air-quality/l/${locId}\",\"alertDetails\":\"/${locale}/weather/alerts/localalerts/l/${locId}\",\"alerts\":\"/${locale}/weather/alerts/localalerts/l/${locId}\",\"allergy\":\"/${locale}/forecast/allergy/l/${locId}\",\"apps\":\"/${locale}/${collectionId}/${assetName}\",\"article\":\"/${locale}/${collectionId}/news/${articleTitle}\",\"betterDecisions\":\"/mission\",\"boatBeach\":\"/${locale}/forecast/boat-beach/l/${locId}\",\"breathing\":\"/${locale}/forecast/breathing/l/${locId}\",\"callforcode\":\"/callforcode\",\"christmasCountdown\":\"/forecast/christmas-countdown/l/${locId}\",\"coldFlu\":\"/${locale}/forecast/cold-flu/l/${locId}\",\"covid19\":\"/${locale}/coronavirus/l/${locId}\",\"covid19map\":\"/${locale}/coronavirus/map/l/${locId}\",\"dataDefinitions\":\"/${locale}/data-definitions\",\"dataInventory\":\"/${locale}/data-inventory\",\"dataPartners\":\"/${locale}/data-partners\",\"dataRights\":\"/${locale}/data-rights\",\"farming\":\"/${locale}/forecast/agriculture/l/${locId}\",\"fishing\":\"/${locale}/forecast/fishing/l/${locId}\",\"fiveday\":\"/${locale}/weather/5day/l/${locId}\",\"goRun\":\"/${locale}/forecast/gorun/l/${locId}\",\"home\":\"/${locale}\",\"hourly\":\"/${locale}/weather/hourbyhour/l/${locId}\",\"interactiveMap\":\"/${locale}/weather/radar/interactive/l/${locId}\",\"legal\":\"/${locale}/${collectionId}/${assetName}\",\"maps\":\"/maps/${collectionId}\",\"memberSettings\":\"/${locale}/member/settings\",\"memorialdayCountdown\":\"/forecast/memorial-day-countdown/l/${locId}\",\"mlbCountdown\":\"/${locale}/forecast/opening-day-countdown/l/${locId}\",\"monthly\":\"/${locale}/weather/monthly/l/${locId}\",\"notification\":\"/${locale}/life/manage-notifications\",\"premiumOnboarding\":\"/premium/onboarding\",\"privacyPolicyDirectory\":\"/${locale}/privacy-policy-directory\",\"privacySettings\":\"/${locale}/privacy-settings\",\"radar\":\"/${locale}/weather/radar/interactive/l/${locId}\",\"rss\":\"/rss\",\"search\":\"/${locale}/search/enhancedlocalsearch\",\"ski\":\"/${locale}/forecast/ski/l/${locId}\",\"slideshows\":\"/${locale}/slideshows\",\"tenday\":\"/${locale}/weather/tenday/l/${locId}\",\"testUrl\":\"/${locale}/weather/testUrl\",\"thanksgivingCountdown\":\"/forecast/thanksgiving-countdown/l/${locId}\",\"today\":\"/${locale}/weather/today/l/${locId}\",\"unsubscribe\":\"/${locale}/life/alerts/unsubscribe\",\"video\":\"/${locale}/${collectionId}/video/${videoTitle}\",\"weekend\":\"/${locale}/weather/weekend/l/${locId}\",\"yesterday\":\"//www.wunderground.com/history/daily/${locId}/yesterday\"},\"wxu-user-subscription\":{\"15MinUpsell\":\"Like the granularity of 15 minute forecasts? Get 7 hours worth instead of 1.\",\"4999Year\":\"$49.99/year (17% off)\",\"4xHourlyForecast\":\"4x the hourly forecasts\",\"account\":\"Account\",\"accountCreated\":\"Your account was created. Your benefits include:\",\"accountLinkLabel\":\"Account\",\"alreadyAccount\":\"Already have an account?\",\"alreadyMember\":\"Already a subscriber?\",\"backToManageAccount\":\"Back to Manage Account\",\"cancelAnytime\":\"Cancel anytime.\",\"congratulations\":\"Congratulations\",\"detailed15Minute\":\"Detailed 15-min forecasts\",\"emailLinkLabel\":\"subscriptions@weather.com\",\"fasterSpeed\":\"Faster speed (due to no ads)\",\"freeSubscription\":\"Free Subscription\",\"freeTrial\":\"Start your FREE 7-DAY Trial\",\"goPremium\":\"Go Premium\",\"havePremium\":\"Have a Premium account?\",\"hourlyUpgradeText\":\"Upgrade to Premium and get 192-hour forecasts, so you can plan farther ahead.\",\"legalText\":\"If you use the promotional code, you will be billed $0.99 per month for your Premium for Web subscription for the first three months, then $4.99 per month thereafter. Purchases not using the promotional code will be billed at $4.99 per month. The promotional code is available to first time subscribers only. Sales tax may apply. During the promotional period and thereafter, your subscription will automatically renew until you cancel. Your payment method will be retained and used to pay for any renewal periods. You may cancel the renewal of your subscription anytime. Premium for Web subscriptions are not available outside the United States or in any territory.\",\"levelUpForecast\":\"Level up your forecast\",\"logIn\":\"Log In\",\"manageAccount\":\"Manage Account\",\"manageSubscription\":\"Manage Subscription\",\"myAccount\":\"My Account\",\"noAds\":\"no ads\",\"premium\":\"Premium\",\"signOut\":\"Sign Out\",\"signUp\":\"Sign Up\",\"signUpHeader\":\"Sign Up \u2014 It\u2019s Free.\",\"signUpPopupContent\":\"Get an account so you can access your saved weather locations and preferences on your phone, computer - anywhere.\",\"signUpPopupTitle\":\"Sign Up - It's Free.\",\"signUpText\":\"Get an account so you can access your saved weather locations and preferences on your phone, computer \u2014 anywhere.\",\"siteLabel\":\"weather.com\",\"siteOnlyText\":\"This Premium subscription is for the ${siteLink} website only.\",\"siteUrl\":\"https://weather.com\",\"soldSeperatelyText\":\"The Premium subscription for The Weather Channel app is sold separately.\",\"subscribe\":\"Subscribe\",\"subscribePremium\":\"Subscribe To Premium\",\"subscribeToPremium\":\"Subscribe to Premium for Web to enjoy our best features yet.\",\"success\":\"Success!\",\"unlockAdFree\":\"Unlock an ad free experience now!\",\"unlockBetterWeather\":\"Level up your forecast.\",\"unlockHourlyForecasts\":\"Unlock more hourly forecasts\",\"unlockWeather\":\"Level up your forecast.\",\"unlockedAdFree\":\"You have already unlocked the ad free experience!\",\"upgradeYourForecast\":\"Upgrade your forecast\",\"withAds\":\"WITH ADS\",\"withoutAds\":\"WITHOUT ADS\"}},\"es\":{\"wxu-urls\":{\"airQuality\":\"/${locale}/forecast/air-quality/l/${locId}\",\"alertDetails\":\"/${locale}/weather/alerts/localalerts/l/${locId}\",\"alerts\":\"/${locale}/weather/alerts/localalerts/l/${locId}\",\"allergy\":\"/${locale}/forecast/allergy/l/${locId}\",\"apps\":\"/${locale}/${collectionId}/${assetName}\",\"article\":\"/${locale}/${collectionId}/news/${articleTitle}\",\"betterDecisions\":\"/misi\u00F3n\",\"boatBeach\":\"/${locale}/forecast/boat-beach/l/${locId}\",\"breathing\":\"/${locale}/forecast/breathing/l/${locId}\",\"callforcode\":\"/callforcode\",\"christmasCountdown\":\"/forecast/christmas-countdown/l/${locId}\",\"coldFlu\":\"/${locale}/forecast/cold-flu/l/${locId}\",\"covid19\":\"/${locale}/coronavirus/l/${locId}\",\"covid19map\":\"/${locale}/coronavirus/map/l/${locId}\",\"dataDefinitions\":\"/${locale}/data-definitions\",\"dataInventory\":\"/${locale}/data-inventory\",\"dataPartners\":\"/${locale}/data-partners\",\"dataRights\":\"/${locale}/data-rights\",\"farming\":\"/${locale}/forecast/agriculture/l/${locId}\",\"fishing\":\"/${locale}/forecast/fishing/l/${locId}\",\"fiveday\":\"/${locale}/tiempo/5dias/l/${locId}\",\"goRun\":\"/${locale}/forecast/gorun/l/${locId}\",\"home\":\"/${locale}\",\"hourly\":\"/${locale}/tiempo/horario/l/${locId}\",\"interactiveMap\":\"/${locale}/tiempo/mapas/interactive/l/${locId}\",\"legal\":\"/${locale}/${collectionId}/${assetName}\",\"maps\":\"/maps/${collectionId}\",\"memberSettings\":\"/${locale}/member/settings\",\"memorialdayCountdown\":\"/forecast/memorial-day-countdown/l/${locId}\",\"mlbCountdown\":\"/${locale}/forecast/opening-day-countdown/l/${locId}\",\"monthly\":\"/${locale}/tiempo/mensual/l/${locId}\",\"notification\":\"/${locale}/life/manage-notifications\",\"premiumOnboarding\":\"/premium/onboarding\",\"privacyPolicyDirectory\":\"/${locale}/directorio-de-pol\u00EDticas-de-privacidad\",\"privacySettings\":\"/${locale}/privacy-settings\",\"radar\":\"/${locale}/tiempo/mapas/interactive/l/${locId}\",\"rss\":\"/rss\",\"search\":\"/${locale}/search/enhancedlocalsearch\",\"ski\":\"/${locale}/forecast/ski/l/${locId}\",\"slideshows\":\"/${locale}/slideshows\",\"tenday\":\"/${locale}/tiempo/10dias/l/${locId}\",\"testUrl\":\"/${locale}/weather/testUrl\",\"thanksgivingCountdown\":\"/forecast/thanksgiving-countdown/l/${locId}\",\"today\":\"/${locale}/tiempo/hoy/l/${locId}\",\"unsubscribe\":\"/${locale}/life/alerts/unsubscribe\",\"video\":\"/${locale}/${collectionId}/video/${videoTitle}\",\"weekend\":\"/${locale}/tiempo/finde/l/${locId}\",\"yesterday\":\"//www.wunderground.com/history/daily/${locId}/yesterday\"}},\"es-AR\":{\"wxu-urls\":{\"airQuality\":\"/${locale}/forecast/air-quality/l/${locId}\",\"alertDetails\":\"/${locale}/weather/alerts/localalerts/l/${locId}\",\"alerts\":\"/${locale}/weather/alerts/localalerts/l/${locId}\",\"allergy\":\"/${locale}/forecast/allergy/l/${locId}\",\"apps\":\"/${locale}/${collectionId}/${assetName}\",\"article\":\"/${locale}/${collectionId}/news/${articleTitle}\",\"betterDecisions\":\"/misi\u00F3n\",\"boatBeach\":\"/${locale}/forecast/boat-beach/l/${locId}\",\"breathing\":\"/${locale}/forecast/breathing/l/${locId}\",\"callforcode\":\"/callforcode\",\"christmasCountdown\":\"/forecast/christmas-countdown/l/${locId}\",\"coldFlu\":\"/${locale}/forecast/cold-flu/l/${locId}\",\"covid19\":\"/${locale}/coronavirus/l/${locId}\",\"covid19map\":\"/${locale}/coronavirus/map/l/${locId}\",\"dataDefinitions\":\"/${locale}/data-definitions\",\"dataInventory\":\"/${locale}/data-inventory\",\"dataPartners\":\"/${locale}/data-partners\",\"dataRights\":\"/${locale}/data-rights\",\"farming\":\"/${locale}/forecast/agriculture/l/${locId}\",\"fishing\":\"/${locale}/forecast/fishing/l/${locId}\",\"fiveday\":\"/${locale}/tiempo/5dias/l/${locId}\",\"goRun\":\"/${locale}/forecast/gorun/l/${locId}\",\"home\":\"/${locale}\",\"hourly\":\"/${locale}/tiempo/horario/l/${locId}\",\"interactiveMap\":\"/${locale}/tiempo/mapas/interactive/l/${locId}\",\"legal\":\"/${locale}/${collectionId}/${assetName}\",\"maps\":\"/maps/${collectionId}\",\"memberSettings\":\"/${locale}/member/settings\",\"memorialdayCountdown\":\"/forecast/memorial-day-countdown/l/${locId}\",\"mlbCountdown\":\"/${locale}/forecast/opening-day-countdown/l/${locId}\",\"monthly\":\"/${locale}/tiempo/mensual/l/${locId}\",\"notification\":\"/${locale}/life/manage-notifications\",\"premiumOnboarding\":\"/premium/onboarding\",\"privacyPolicyDirectory\":\"/${locale}/directorio-de-pol\u00EDticas-de-privacidad\",\"privacySettings\":\"/${locale}/privacy-settings\",\"radar\":\"/${locale}/weather/radar/interactive/l/${locId}\",\"rss\":\"/rss\",\"search\":\"/${locale}/search/enhancedlocalsearch\",\"ski\":\"/${locale}/forecast/ski/l/${locId}\",\"slideshows\":\"/${locale}/slideshows\",\"tenday\":\"/${locale}/tiempo/10dias/l/${locId}\",\"testUrl\":\"/${locale}/weather/testUrl\",\"thanksgivingCountdown\":\"/forecast/thanksgiving-countdown/l/${locId}\",\"today\":\"/${locale}/tiempo/hoy/l/${locId}\",\"unsubscribe\":\"/${locale}/life/alerts/unsubscribe\",\"video\":\"/${locale}/${collectionId}/video/${videoTitle}\",\"weekend\":\"/${locale}/tiempo/finde/l/${locId}\",\"yesterday\":\"//www.wunderground.com/history/daily/${locId}/yesterday\"}},\"es-ES\":{\"wxu-urls\":{\"airQuality\":\"/${locale}/forecast/air-quality/l/${locId}\",\"alertDetails\":\"/${locale}/weather/alerts/localalerts/l/${locId}\",\"alerts\":\"/${locale}/weather/alerts/localalerts/l/${locId}\",\"allergy\":\"/${locale}/forecast/allergy/l/${locId}\",\"apps\":\"/${locale}/${collectionId}/${assetName}\",\"article\":\"/${locale}/${collectionId}/news/${articleTitle}\",\"betterDecisions\":\"/misi\u00F3n\",\"boatBeach\":\"/${locale}/forecast/boat-beach/l/${locId}\",\"breathing\":\"/${locale}/forecast/breathing/l/${locId}\",\"callforcode\":\"/callforcode\",\"christmasCountdown\":\"/forecast/christmas-countdown/l/${locId}\",\"coldFlu\":\"/${locale}/forecast/cold-flu/l/${locId}\",\"covid19\":\"/${locale}/coronavirus/l/${locId}\",\"covid19map\":\"/${locale}/coronavirus/map/l/${locId}\",\"dataDefinitions\":\"/${locale}/data-definitions\",\"dataInventory\":\"/${locale}/data-inventory\",\"dataPartners\":\"/${locale}/data-partners\",\"dataRights\":\"/${locale}/data-rights\",\"farming\":\"/${locale}/forecast/agriculture/l/${locId}\",\"fishing\":\"/${locale}/forecast/fishing/l/${locId}\",\"fiveday\":\"/${locale}/tiempo/5dias/l/${locId}\",\"goRun\":\"/${locale}/forecast/gorun/l/${locId}\",\"home\":\"/${locale}\",\"hourly\":\"/${locale}/tiempo/horario/l/${locId}\",\"interactiveMap\":\"/${locale}/tiempo/mapas/interactive/l/${locId}\",\"legal\":\"/${locale}/${collectionId}/${assetName}\",\"maps\":\"/maps/${collectionId}\",\"memberSettings\":\"/${locale}/member/settings\",\"memorialdayCountdown\":\"/forecast/memorial-day-countdown/l/${locId}\",\"mlbCountdown\":\"/${locale}/forecast/opening-day-countdown/l/${locId}\",\"monthly\":\"/${locale}/tiempo/mensual/l/${locId}\",\"notification\":\"/${locale}/life/manage-notifications\",\"premiumOnboarding\":\"/premium/onboarding\",\"privacyPolicyDirectory\":\"/${locale}/directorio-de-pol\u00EDticas-de-privacidad\",\"privacySettings\":\"/${locale}/privacy-settings\",\"radar\":\"/${locale}/tiempo/mapas/interactive/l/${locId}\",\"rss\":\"/rss\",\"search\":\"/${locale}/search/enhancedlocalsearch\",\"ski\":\"/${locale}/forecast/ski/l/${locId}\",\"slideshows\":\"/${locale}/slideshows\",\"tenday\":\"/${locale}/tiempo/10dias/l/${locId}\",\"testUrl\":\"/${locale}/weather/testUrl\",\"thanksgivingCountdown\":\"/forecast/thanksgiving-countdown/l/${locId}\",\"today\":\"/${locale}/tiempo/hoy/l/${locId}\",\"unsubscribe\":\"/${locale}/life/alerts/unsubscribe\",\"video\":\"/${locale}/${collectionId}/video/${videoTitle}\",\"weekend\":\"/${locale}/tiempo/finde/l/${locId}\",\"yesterday\":\"//www.wunderground.com/history/daily/${locId}/yesterday\"}},\"es-LA\":{\"wxu-urls\":{\"airQuality\":\"/${locale}/forecast/air-quality/l/${locId}\",\"alertDetails\":\"/${locale}/weather/alerts/localalerts/l/${locId}\",\"alerts\":\"/${locale}/weather/alerts/localalerts/l/${locId}\",\"allergy\":\"/${locale}/forecast/allergy/l/${locId}\",\"apps\":\"/${locale}/${collectionId}/${assetName}\",\"article\":\"/${locale}/${collectionId}/news/${articleTitle}\",\"betterDecisions\":\"/misi\u00F3n\",\"boatBeach\":\"/${locale}/forecast/boat-beach/l/${locId}\",\"breathing\":\"/${locale}/forecast/breathing/l/${locId}\",\"callforcode\":\"/callforcode\",\"christmasCountdown\":\"/forecast/christmas-countdown/l/${locId}\",\"coldFlu\":\"/${locale}/forecast/cold-flu/l/${locId}\",\"covid19\":\"/${locale}/coronavirus/l/${locId}\",\"covid19map\":\"/${locale}/coronavirus/map/l/${locId}\",\"dataDefinitions\":\"/${locale}/data-definitions\",\"dataInventory\":\"/${locale}/data-inventory\",\"dataPartners\":\"/${locale}/data-partners\",\"dataRights\":\"/${locale}/data-rights\",\"farming\":\"/${locale}/forecast/agriculture/l/${locId}\",\"fishing\":\"/${locale}/forecast/fishing/l/${locId}\",\"fiveday\":\"/${locale}/tiempo/5dias/l/${locId}\",\"goRun\":\"/${locale}/forecast/gorun/l/${locId}\",\"home\":\"/${locale}\",\"hourly\":\"/${locale}/tiempo/horario/l/${locId}\",\"interactiveMap\":\"/${locale}/tiempo/mapas/interactive/l/${locId}\",\"legal\":\"/${locale}/${collectionId}/${assetName}\",\"maps\":\"/maps/${collectionId}\",\"memberSettings\":\"/${locale}/member/settings\",\"memorialdayCountdown\":\"/forecast/memorial-day-countdown/l/${locId}\",\"mlbCountdown\":\"/${locale}/forecast/opening-day-countdown/l/${locId}\",\"monthly\":\"/${locale}/tiempo/mensual/l/${locId}\",\"notification\":\"/${locale}/life/manage-notifications\",\"premiumOnboarding\":\"/premium/onboarding\",\"privacyPolicyDirectory\":\"/${locale}/directorio-de-pol\u00EDticas-de-privacidad\",\"privacySettings\":\"/${locale}/privacy-settings\",\"radar\":\"/${locale}/weather/radar/interactive/l/${locId}\",\"rss\":\"/rss\",\"search\":\"/${locale}/search/enhancedlocalsearch\",\"ski\":\"/${locale}/forecast/ski/l/${locId}\",\"slideshows\":\"/${locale}/slideshows\",\"tenday\":\"/${locale}/tiempo/10dias/l/${locId}\",\"testUrl\":\"/${locale}/weather/testUrl\",\"thanksgivingCountdown\":\"/forecast/thanksgiving-countdown/l/${locId}\",\"today\":\"/${locale}/tiempo/hoy/l/${locId}\",\"unsubscribe\":\"/${locale}/life/alerts/unsubscribe\",\"video\":\"/${locale}/${collectionId}/video/${videoTitle}\",\"weekend\":\"/${locale}/tiempo/finde/l/${locId}\",\"yesterday\":\"//www.wunderground.com/history/daily/${locId}/yesterday\"}},\"es-US\":{\"wxu-urls\":{\"airQuality\":\"/${locale}/forecast/air-quality/l/${locId}\",\"alertDetails\":\"/${locale}/weather/alerts/localalerts/l/${locId}\",\"alerts\":\"/${locale}/weather/alerts/localalerts/l/${locId}\",\"allergy\":\"/${locale}/forecast/allergy/l/${locId}\",\"apps\":\"/${locale}/${collectionId}/${assetName}\",\"article\":\"/${locale}/${collectionId}/news/${articleTitle}\",\"betterDecisions\":\"/misi\u00F3n\",\"boatBeach\":\"/${locale}/forecast/boat-beach/l/${locId}\",\"breathing\":\"/${locale}/forecast/breathing/l/${locId}\",\"callforcode\":\"/callforcode\",\"christmasCountdown\":\"/forecast/christmas-countdown/l/${locId}\",\"coldFlu\":\"/${locale}/forecast/cold-flu/l/${locId}\",\"covid19\":\"/${locale}/coronavirus/l/${locId}\",\"covid19map\":\"/${locale}/coronavirus/map/l/${locId}\",\"dataDefinitions\":\"/${locale}/data-definitions\",\"dataInventory\":\"/${locale}/data-inventory\",\"dataPartners\":\"/${locale}/data-partners\",\"dataRights\":\"/${locale}/data-rights\",\"farming\":\"/${locale}/forecast/agriculture/l/${locId}\",\"fishing\":\"/${locale}/forecast/fishing/l/${locId}\",\"fiveday\":\"/${locale}/tiempo/5dias/l/${locId}\",\"goRun\":\"/${locale}/forecast/gorun/l/${locId}\",\"home\":\"/${locale}\",\"hourly\":\"/${locale}/tiempo/horario/l/${locId}\",\"interactiveMap\":\"/${locale}/tiempo/mapas/interactive/l/${locId}\",\"legal\":\"/${locale}/${collectionId}/${assetName}\",\"maps\":\"/maps/${collectionId}\",\"memberSettings\":\"/${locale}/member/settings\",\"memorialdayCountdown\":\"/forecast/memorial-day-countdown/l/${locId}\",\"mlbCountdown\":\"/${locale}/forecast/opening-day-countdown/l/${locId}\",\"monthly\":\"/${locale}/tiempo/mensual/l/${locId}\",\"notification\":\"/${locale}/life/manage-notifications\",\"premiumOnboarding\":\"/premium/onboarding\",\"privacyPolicyDirectory\":\"/${locale}/directorio-de-pol\u00EDticas-de-privacidad\",\"privacySettings\":\"/${locale}/privacy-settings\",\"radar\":\"/${locale}/tiempo/mapas/interactive/l/${locId}\",\"rss\":\"/rss\",\"search\":\"/${locale}/search/enhancedlocalsearch\",\"ski\":\"/${locale}/forecast/ski/l/${locId}\",\"slideshows\":\"/${locale}/slideshows\",\"tenday\":\"/${locale}/tiempo/10dias/l/${locId}\",\"testUrl\":\"/${locale}/weather/testUrl\",\"thanksgivingCountdown\":\"/forecast/thanksgiving-countdown/l/${locId}\",\"today\":\"/${locale}/tiempo/hoy/l/${locId}\",\"unsubscribe\":\"/${locale}/life/alerts/unsubscribe\",\"video\":\"/${locale}/${collectionId}/video/${videoTitle}\",\"weekend\":\"/${locale}/tiempo/finde/l/${locId}\",\"yesterday\":\"//www.wunderground.com/history/daily/${locId}/yesterday\"}},\"et-EE\":{\"wxu-urls\":{\"airQuality\":\"/${locale}/forecast/air-quality/l/${locId}\",\"alertDetails\":\"/${locale}/weather/alerts/localalerts/l/${locId}\",\"alerts\":\"/${locale}/weather/alerts/localalerts/l/${locId}\",\"allergy\":\"/${locale}/forecast/allergy/l/${locId}\",\"apps\":\"/${locale}/${collectionId}/${assetName}\",\"article\":\"/${locale}/${collectionId}/news/${articleTitle}\",\"betterDecisions\":\"/mission\",\"boatBeach\":\"/${locale}/forecast/boat-beach/l/${locId}\",\"breathing\":\"/${locale}/forecast/breathing/l/${locId}\",\"callforcode\":\"/callforcode\",\"christmasCountdown\":\"/forecast/christmas-countdown/l/${locId}\",\"coldFlu\":\"/${locale}/forecast/cold-flu/l/${locId}\",\"covid19\":\"/${locale}/coronavirus/l/${locId}\",\"covid19map\":\"/${locale}/coronavirus/map/l/${locId}\",\"dataDefinitions\":\"/${locale}/data-definitions\",\"dataInventory\":\"/${locale}/data-inventory\",\"dataPartners\":\"/${locale}/data-partners\",\"dataRights\":\"/${locale}/data-rights\",\"farming\":\"/${locale}/forecast/agriculture/l/${locId}\",\"fishing\":\"/${locale}/forecast/fishing/l/${locId}\",\"fiveday\":\"/${locale}/ilm/5paeva/l/${locId}\",\"goRun\":\"/${locale}/forecast/gorun/l/${locId}\",\"home\":\"/${locale}\",\"hourly\":\"/${locale}/ilm/tunnikaupa/l/${locId}\",\"interactiveMap\":\"/${locale}/ilm/kaardid/interaktiivne/l/${locId}\",\"legal\":\"/${locale}/${collectionId}/${assetName}\",\"maps\":\"/maps/${collectionId}\",\"memberSettings\":\"/${locale}/member/settings\",\"memorialdayCountdown\":\"/forecast/memorial-day-countdown/l/${locId}\",\"mlbCountdown\":\"/${locale}/forecast/opening-day-countdown/l/${locId}\",\"monthly\":\"/${locale}/ilm/igakuine/l/${locId}\",\"notification\":\"/${locale}/life/manage-notifications\",\"premiumOnboarding\":\"/premium/onboarding\",\"privacyPolicyDirectory\":\"/${locale}/privacy-policy-directory\",\"privacySettings\":\"/${locale}/privacy-settings\",\"radar\":\"/${locale}/weather/radar/interactive/l/${locId}\",\"rss\":\"/rss\",\"search\":\"/${locale}/search/enhancedlocalsearch\",\"ski\":\"/${locale}/forecast/ski/l/${locId}\",\"slideshows\":\"/${locale}/slideshows\",\"tenday\":\"/${locale}/ilm/kummepaeva/l/${locId}\",\"testUrl\":\"/${locale}/weather/testUrl\",\"thanksgivingCountdown\":\"/forecast/thanksgiving-countdown/l/${locId}\",\"today\":\"/${locale}/ilm/tana/l/${locId}\",\"unsubscribe\":\"/${locale}/life/alerts/unsubscribe\",\"video\":\"/${locale}/${collectionId}/video/${videoTitle}\",\"weekend\":\"/${locale}/ilm/nadalavahetus/l/${locId}\",\"yesterday\":\"//www.wunderground.com/history/daily/${locId}/yesterday\"}},\"fa-IR\":{\"wxu-urls\":{\"airQuality\":\"/${locale}/forecast/air-quality/l/${locId}\",\"alertDetails\":\"/${locale}/weather/alerts/localalerts/l/${locId}\",\"alerts\":\"/${locale}/weather/alerts/localalerts/l/${locId}\",\"allergy\":\"/${locale}/forecast/allergy/l/${locId}\",\"apps\":\"/${locale}/${collectionId}/${assetName}\",\"article\":\"/${locale}/${collectionId}/news/${articleTitle}\",\"betterDecisions\":\"/\u0645\u0623\u0645\u0648\u0631\u06CC\u062A\",\"boatBeach\":\"/${locale}/forecast/boat-beach/l/${locId}\",\"breathing\":\"/${locale}/forecast/breathing/l/${locId}\",\"callforcode\":\"/callforcode\",\"christmasCountdown\":\"/forecast/christmas-countdown/l/${locId}\",\"coldFlu\":\"/${locale}/forecast/cold-flu/l/${locId}\",\"covid19\":\"/${locale}/coronavirus/l/${locId}\",\"covid19map\":\"/${locale}/coronavirus/map/l/${locId}\",\"dataDefinitions\":\"/${locale}/data-definitions\",\"dataInventory\":\"/${locale}/data-inventory\",\"dataPartners\":\"/${locale}/data-partners\",\"dataRights\":\"/${locale}/data-rights\",\"farming\":\"/${locale}/forecast/agriculture/l/${locId}\",\"fishing\":\"/${locale}/forecast/fishing/l/${locId}\",\"fiveday\":\"/${locale}/weather/5day/l/${locId}\",\"goRun\":\"/${locale}/forecast/gorun/l/${locId}\",\"home\":\"/${locale}\",\"hourly\":\"/${locale}/weather/hourbyhour/l/${locId}\",\"interactiveMap\":\"/${locale}/weather/radar/interactive/l/${locId}\",\"legal\":\"/${locale}/${collectionId}/${assetName}\",\"maps\":\"/maps/${collectionId}\",\"memberSettings\":\"/${locale}/member/settings\",\"memorialdayCountdown\":\"/forecast/memorial-day-countdown/l/${locId}\",\"mlbCountdown\":\"/${locale}/forecast/opening-day-countdown/l/${locId}\",\"monthly\":\"/${locale}/weather/monthly/l/${locId}\",\"notification\":\"/${locale}/life/manage-notifications\",\"premiumOnboarding\":\"/premium/onboarding\",\"privacyPolicyDirectory\":\"/${locale}/privacy-policy-directory\",\"privacySettings\":\"/${locale}/privacy-settings\",\"radar\":\"/${locale}/weather/radar/interactive/l/${locId}\",\"rss\":\"/rss\",\"search\":\"/${locale}/search/enhancedlocalsearch\",\"ski\":\"/${locale}/forecast/ski/l/${locId}\",\"slideshows\":\"/${locale}/slideshows\",\"tenday\":\"/${locale}/weather/tenday/l/${locId}\",\"testUrl\":\"/${locale}/weather/testUrl\",\"thanksgivingCountdown\":\"/forecast/thanksgiving-countdown/l/${locId}\",\"today\":\"/${locale}/weather/today/l/${locId}\",\"unsubscribe\":\"/${locale}/life/alerts/unsubscribe\",\"video\":\"/${locale}/${collectionId}/video/${videoTitle}\",\"weekend\":\"/${locale}/weather/weekend/l/${locId}\",\"yesterday\":\"//www.wunderground.com/history/daily/${locId}/yesterday\"}},\"fi-FI\":{\"wxu-urls\":{\"airQuality\":\"/${locale}/forecast/air-quality/l/${locId}\",\"alertDetails\":\"/${locale}/weather/alerts/localalerts/l/${locId}\",\"alerts\":\"/${locale}/weather/alerts/localalerts/l/${locId}\",\"allergy\":\"/${locale}/forecast/allergy/l/${locId}\",\"apps\":\"/${locale}/${collectionId}/${assetName}\",\"article\":\"/${locale}/${collectionId}/news/${articleTitle}\",\"betterDecisions\":\"/mission\",\"boatBeach\":\"/${locale}/forecast/boat-beach/l/${locId}\",\"breathing\":\"/${locale}/forecast/breathing/l/${locId}\",\"callforcode\":\"/callforcode\",\"christmasCountdown\":\"/forecast/christmas-countdown/l/${locId}\",\"coldFlu\":\"/${locale}/forecast/cold-flu/l/${locId}\",\"covid19\":\"/${locale}/coronavirus/l/${locId}\",\"covid19map\":\"/${locale}/coronavirus/map/l/${locId}\",\"dataDefinitions\":\"/${locale}/data-definitions\",\"dataInventory\":\"/${locale}/data-inventory\",\"dataPartners\":\"/${locale}/data-partners\",\"dataRights\":\"/${locale}/data-rights\",\"farming\":\"/${locale}/forecast/agriculture/l/${locId}\",\"fishing\":\"/${locale}/forecast/fishing/l/${locId}\",\"fiveday\":\"/${locale}/weather/5day/l/${locId}\",\"goRun\":\"/${locale}/forecast/gorun/l/${locId}\",\"home\":\"/${locale}\",\"hourly\":\"/${locale}/weather/hourbyhour/l/${locId}\",\"interactiveMap\":\"/${locale}/weather/radar/interactive/l/${locId}\",\"legal\":\"/${locale}/${collectionId}/${assetName}\",\"maps\":\"/maps/${collectionId}\",\"memberSettings\":\"/${locale}/member/settings\",\"memorialdayCountdown\":\"/forecast/memorial-day-countdown/l/${locId}\",\"mlbCountdown\":\"/${locale}/forecast/opening-day-countdown/l/${locId}\",\"monthly\":\"/${locale}/weather/monthly/l/${locId}\",\"notification\":\"/${locale}/life/manage-notifications\",\"premiumOnboarding\":\"/premium/onboarding\",\"privacyPolicyDirectory\":\"/${locale}/privacy-policy-directory\",\"privacySettings\":\"/${locale}/privacy-settings\",\"radar\":\"/${locale}/weather/radar/interactive/l/${locId}\",\"rss\":\"/rss\",\"search\":\"/${locale}/search/enhancedlocalsearch\",\"ski\":\"/${locale}/forecast/ski/l/${locId}\",\"slideshows\":\"/${locale}/slideshows\",\"tenday\":\"/${locale}/weather/tenday/l/${locId}\",\"testUrl\":\"/${locale}/weather/testUrl\",\"thanksgivingCountdown\":\"/forecast/thanksgiving-countdown/l/${locId}\",\"today\":\"/${locale}/weather/today/l/${locId}\",\"unsubscribe\":\"/${locale}/life/alerts/unsubscribe\",\"video\":\"/${locale}/${collectionId}/video/${videoTitle}\",\"weekend\":\"/${locale}/weather/weekend/l/${locId}\",\"yesterday\":\"//www.wunderground.com/history/daily/${locId}/yesterday\"}},\"fr\":{\"wxu-urls\":{\"airQuality\":\"/${locale}/forecast/air-quality/l/${locId}\",\"alertDetails\":\"/${locale}/weather/alerts/localalerts/l/${locId}\",\"alerts\":\"/${locale}/weather/alerts/localalerts/l/${locId}\",\"allergy\":\"/${locale}/forecast/allergy/l/${locId}\",\"apps\":\"/${locale}/${collectionId}/${assetName}\",\"article\":\"/${locale}/${collectionId}/news/${articleTitle}\",\"betterDecisions\":\"/mission\",\"boatBeach\":\"/${locale}/forecast/boat-beach/l/${locId}\",\"breathing\":\"/${locale}/forecast/breathing/l/${locId}\",\"callforcode\":\"/callforcode\",\"christmasCountdown\":\"/forecast/christmas-countdown/l/${locId}\",\"coldFlu\":\"/${locale}/forecast/cold-flu/l/${locId}\",\"covid19\":\"/${locale}/coronavirus/l/${locId}\",\"covid19map\":\"/${locale}/coronavirus/map/l/${locId}\",\"dataDefinitions\":\"/${locale}/d\u00E9finitions des donn\u00E9es\",\"dataInventory\":\"/${locale}/data-inventory\",\"dataPartners\":\"/${locale}/data-partners\",\"dataRights\":\"/${locale}/droits sur les donn\u00E9es\",\"farming\":\"/${locale}/forecast/agriculture/l/${locId}\",\"fishing\":\"/${locale}/forecast/fishing/l/${locId}\",\"fiveday\":\"/${locale}/temps/5jours/l/${locId}\",\"goRun\":\"/${locale}/forecast/gorun/l/${locId}\",\"home\":\"/${locale}\",\"hourly\":\"/${locale}/temps/parheure/l/${locId}\",\"interactiveMap\":\"/${locale}/temps/cartes/interactive/l/${locId}\",\"legal\":\"/${locale}/${collectionId}/${assetName}\",\"maps\":\"/maps/${collectionId}\",\"memberSettings\":\"/${locale}/member/settings\",\"memorialdayCountdown\":\"/forecast/memorial-day-countdown/l/${locId}\",\"mlbCountdown\":\"/${locale}/forecast/opening-day-countdown/l/${locId}\",\"monthly\":\"/${locale}/temps/mensuel/l/${locId}\",\"notification\":\"/${locale}/life/manage-notifications\",\"premiumOnboarding\":\"/premium/onboarding\",\"privacyPolicyDirectory\":\"/${locale}/privacy-policy-directory\",\"privacySettings\":\"/${locale}/privacy-settings\",\"radar\":\"/${locale}/weather/radar/interactive/l/${locId}\",\"rss\":\"/rss\",\"search\":\"/${locale}/search/enhancedlocalsearch\",\"ski\":\"/${locale}/forecast/ski/l/${locId}\",\"slideshows\":\"/${locale}/slideshows\",\"tenday\":\"/${locale}/temps/10jours/l/${locId}\",\"testUrl\":\"/${locale}/weather/testUrl\",\"thanksgivingCountdown\":\"/forecast/thanksgiving-countdown/l/${locId}\",\"today\":\"/${locale}/temps/aujour/l/${locId}\",\"unsubscribe\":\"/${locale}/life/alerts/unsubscribe\",\"video\":\"/${locale}/${collectionId}/video/${videoTitle}\",\"weekend\":\"/${locale}/temps/week-end/l/${locId}\",\"yesterday\":\"//www.wunderground.com/history/daily/${locId}/yesterday\"}},\"fr-CA\":{\"wxu-urls\":{\"airQuality\":\"/${locale}/forecast/air-quality/l/${locId}\",\"alertDetails\":\"/${locale}/weather/alerts/localalerts/l/${locId}\",\"alerts\":\"/${locale}/weather/alerts/localalerts/l/${locId}\",\"allergy\":\"/${locale}/forecast/allergy/l/${locId}\",\"apps\":\"/${locale}/${collectionId}/${assetName}\",\"article\":\"/${locale}/${collectionId}/news/${articleTitle}\",\"betterDecisions\":\"/mission\",\"boatBeach\":\"/${locale}/forecast/boat-beach/l/${locId}\",\"breathing\":\"/${locale}/forecast/breathing/l/${locId}\",\"callforcode\":\"/callforcode\",\"christmasCountdown\":\"/forecast/christmas-countdown/l/${locId}\",\"coldFlu\":\"/${locale}/forecast/cold-flu/l/${locId}\",\"covid19\":\"/${locale}/coronavirus/l/${locId}\",\"covid19map\":\"/${locale}/coronavirus/map/l/${locId}\",\"dataDefinitions\":\"/${locale}/donn\u00E9es-d\u00E9finitions\",\"dataInventory\":\"/${locale}/data-inventory\",\"dataPartners\":\"/${locale}/data-partners\",\"dataRights\":\"/${locale}/donn\u00E9es-droits\",\"farming\":\"/${locale}/forecast/agriculture/l/${locId}\",\"fishing\":\"/${locale}/forecast/fishing/l/${locId}\",\"fiveday\":\"/${locale}/temps/5jours/l/${locId}\",\"goRun\":\"/${locale}/forecast/gorun/l/${locId}\",\"home\":\"/${locale}\",\"hourly\":\"/${locale}/temps/parheure/l/${locId}\",\"interactiveMap\":\"/${locale}/temps/cartes/interactive/l/${locId}\",\"legal\":\"/${locale}/${collectionId}/${assetName}\",\"maps\":\"/maps/${collectionId}\",\"memberSettings\":\"/${locale}/member/settings\",\"memorialdayCountdown\":\"/forecast/memorial-day-countdown/l/${locId}\",\"mlbCountdown\":\"/${locale}/forecast/opening-day-countdown/l/${locId}\",\"monthly\":\"/${locale}/temps/mensuel/l/${locId}\",\"notification\":\"/${locale}/life/manage-notifications\",\"premiumOnboarding\":\"/premium/onboarding\",\"privacyPolicyDirectory\":\"/${locale}/privacy-policy-directory\",\"privacySettings\":\"/${locale}/privacy-settings\",\"radar\":\"/${locale}/temps/cartes/interactive/l/${locId}\",\"rss\":\"/rss\",\"search\":\"/${locale}/search/enhancedlocalsearch\",\"ski\":\"/${locale}/forecast/ski/l/${locId}\",\"slideshows\":\"/${locale}/slideshows\",\"tenday\":\"/${locale}/temps/10jours/l/${locId}\",\"testUrl\":\"/${locale}/weather/testUrl\",\"thanksgivingCountdown\":\"/forecast/thanksgiving-countdown/l/${locId}\",\"today\":\"/${locale}/temps/aujour/l/${locId}\",\"unsubscribe\":\"/${locale}/life/alerts/unsubscribe\",\"video\":\"/${locale}/${collectionId}/video/${videoTitle}\",\"weekend\":\"/${locale}/temps/week-end/l/${locId}\",\"yesterday\":\"//www.wunderground.com/history/daily/${locId}/yesterday\"}},\"fr-FR\":{\"wxu-urls\":{\"airQuality\":\"/${locale}/forecast/air-quality/l/${locId}\",\"alertDetails\":\"/${locale}/weather/alerts/localalerts/l/${locId}\",\"alerts\":\"/${locale}/weather/alerts/localalerts/l/${locId}\",\"allergy\":\"/${locale}/forecast/allergy/l/${locId}\",\"apps\":\"/${locale}/${collectionId}/${assetName}\",\"article\":\"/${locale}/${collectionId}/news/${articleTitle}\",\"betterDecisions\":\"/mission\",\"boatBeach\":\"/${locale}/forecast/boat-beach/l/${locId}\",\"breathing\":\"/${locale}/forecast/breathing/l/${locId}\",\"callforcode\":\"/callforcode\",\"christmasCountdown\":\"/forecast/christmas-countdown/l/${locId}\",\"coldFlu\":\"/${locale}/forecast/cold-flu/l/${locId}\",\"covid19\":\"/${locale}/coronavirus/l/${locId}\",\"covid19map\":\"/${locale}/coronavirus/map/l/${locId}\",\"dataDefinitions\":\"/${locale}/d\u00E9finitions des donn\u00E9es\",\"dataInventory\":\"/${locale}/data-inventory\",\"dataPartners\":\"/${locale}/data-partners\",\"dataRights\":\"/${locale}/droits sur les donn\u00E9es\",\"farming\":\"/${locale}/forecast/agriculture/l/${locId}\",\"fishing\":\"/${locale}/forecast/fishing/l/${locId}\",\"fiveday\":\"/${locale}/temps/5jours/l/${locId}\",\"goRun\":\"/${locale}/forecast/gorun/l/${locId}\",\"home\":\"/${locale}\",\"hourly\":\"/${locale}/temps/parheure/l/${locId}\",\"interactiveMap\":\"/${locale}/temps/cartes/interactive/l/${locId}\",\"legal\":\"/${locale}/${collectionId}/${assetName}\",\"maps\":\"/maps/${collectionId}\",\"memberSettings\":\"/${locale}/member/settings\",\"memorialdayCountdown\":\"/forecast/memorial-day-countdown/l/${locId}\",\"mlbCountdown\":\"/${locale}/forecast/opening-day-countdown/l/${locId}\",\"monthly\":\"/${locale}/temps/mensuel/l/${locId}\",\"notification\":\"/${locale}/life/manage-notifications\",\"premiumOnboarding\":\"/premium/onboarding\",\"privacyPolicyDirectory\":\"/${locale}/privacy-policy-directory\",\"privacySettings\":\"/${locale}/privacy-settings\",\"radar\":\"/${locale}/weather/radar/interactive/l/${locId}\",\"rss\":\"/rss\",\"search\":\"/${locale}/search/enhancedlocalsearch\",\"ski\":\"/${locale}/forecast/ski/l/${locId}\",\"slideshows\":\"/${locale}/slideshows\",\"tenday\":\"/${locale}/temps/10jours/l/${locId}\",\"testUrl\":\"/${locale}/weather/testUrl\",\"thanksgivingCountdown\":\"/forecast/thanksgiving-countdown/l/${locId}\",\"today\":\"/${locale}/temps/aujour/l/${locId}\",\"unsubscribe\":\"/${locale}/life/alerts/unsubscribe\",\"video\":\"/${locale}/${collectionId}/video/${videoTitle}\",\"weekend\":\"/${locale}/temps/week-end/l/${locId}\",\"yesterday\":\"//www.wunderground.com/history/daily/${locId}/yesterday\"}},\"gu-IN\":{\"wxu-urls\":{\"airQuality\":\"/${locale}/forecast/air-quality/l/${locId}\",\"alertDetails\":\"/${locale}/weather/alerts/localalerts/l/${locId}\",\"alerts\":\"/${locale}/weather/alerts/localalerts/l/${locId}\",\"allergy\":\"/${locale}/forecast/allergy/l/${locId}\",\"apps\":\"/${locale}/${collectionId}/${assetName}\",\"article\":\"/${locale}/${collectionId}/news/${articleTitle}\",\"betterDecisions\":\"/mission\",\"boatBeach\":\"/${locale}/forecast/boat-beach/l/${locId}\",\"breathing\":\"/${locale}/forecast/breathing/l/${locId}\",\"callforcode\":\"/callforcode\",\"christmasCountdown\":\"/forecast/christmas-countdown/l/${locId}\",\"coldFlu\":\"/${locale}/forecast/cold-flu/l/${locId}\",\"covid19\":\"/${locale}/coronavirus/l/${locId}\",\"covid19map\":\"/${locale}/coronavirus/map/l/${locId}\",\"dataDefinitions\":\"/${locale}/data-definitions\",\"dataInventory\":\"/${locale}/data-inventory\",\"dataPartners\":\"/${locale}/data-partners\",\"dataRights\":\"/${locale}/data-rights\",\"farming\":\"/${locale}/forecast/agriculture/l/${locId}\",\"fishing\":\"/${locale}/forecast/fishing/l/${locId}\",\"fiveday\":\"/${locale}/weather/5day/l/${locId}\",\"goRun\":\"/${locale}/forecast/gorun/l/${locId}\",\"home\":\"/${locale}\",\"hourly\":\"/${locale}/weather/hourbyhour/l/${locId}\",\"interactiveMap\":\"/${locale}/weather/maps/interactive/l/${locId}\",\"legal\":\"/${locale}/${collectionId}/${assetName}\",\"maps\":\"/maps/${collectionId}\",\"memberSettings\":\"/${locale}/member/settings\",\"memorialdayCountdown\":\"/forecast/memorial-day-countdown/l/${locId}\",\"mlbCountdown\":\"/${locale}/forecast/opening-day-countdown/l/${locId}\",\"monthly\":\"/${locale}/weather/monthly/l/${locId}\",\"notification\":\"/${locale}/life/manage-notifications\",\"premiumOnboarding\":\"/premium/onboarding\",\"privacyPolicyDirectory\":\"/${locale}/privacy-policy-directory\",\"privacySettings\":\"/${locale}/privacy-settings\",\"radar\":\"/${locale}/weather/radar/interactive/l/${locId}\",\"rss\":\"/rss\",\"search\":\"/${locale}/search/enhancedlocalsearch\",\"ski\":\"/${locale}/forecast/ski/l/${locId}\",\"slideshows\":\"/${locale}/slideshows\",\"tenday\":\"/${locale}/weather/tenday/l/${locId}\",\"testUrl\":\"/${locale}/weather/testUrl\",\"thanksgivingCountdown\":\"/forecast/thanksgiving-countdown/l/${locId}\",\"today\":\"/${locale}/weather/today/l/${locId}\",\"unsubscribe\":\"/${locale}/life/alerts/unsubscribe\",\"video\":\"/${locale}/${collectionId}/video/${videoTitle}\",\"weekend\":\"/${locale}/weather/weekend/l/${locId}\",\"yesterday\":\"//www.wunderground.com/history/daily/${locId}/yesterday\"}},\"he-IL\":{\"wxu-urls\":{\"airQuality\":\"/${locale}/forecast/air-quality/l/${locId}\",\"alertDetails\":\"/${locale}/weather/alerts/localalerts/l/${locId}\",\"alerts\":\"/${locale}/weather/alerts/localalerts/l/${locId}\",\"allergy\":\"/${locale}/forecast/allergy/l/${locId}\",\"apps\":\"/${locale}/${collectionId}/${assetName}\",\"article\":\"/${locale}/${collectionId}/news/${articleTitle}\",\"betterDecisions\":\"/\u05DE\u05E9\u05D9\u05DE\u05D4\",\"boatBeach\":\"/${locale}/forecast/boat-beach/l/${locId}\",\"breathing\":\"/${locale}/forecast/breathing/l/${locId}\",\"callforcode\":\"/callforcode\",\"christmasCountdown\":\"/forecast/christmas-countdown/l/${locId}\",\"coldFlu\":\"/${locale}/forecast/cold-flu/l/${locId}\",\"covid19\":\"/ ${locale} / coronavirus / l / ${locId}\",\"covid19map\":\"/ ${locale} / coronavirus / map / l / ${locId}\",\"dataDefinitions\":\"/ ${locale} / \u05D4\u05D2\u05D3\u05E8\u05D5\u05EA \u05E0\u05EA\u05D5\u05E0\u05D9\u05DD\",\"dataInventory\":\"/${locale}/data-inventory\",\"dataPartners\":\"/${locale}/data-partners\",\"dataRights\":\"/ ${locale} / \u05D6\u05DB\u05D5\u05D9\u05D5\u05EA \u05E0\u05EA\u05D5\u05E0\u05D9\u05DD\",\"farming\":\"/${locale}/forecast/agriculture/l/${locId}\",\"fishing\":\"/${locale}/forecast/fishing/l/${locId}\",\"fiveday\":\"/${locale}/weather/5day/l/${locId}\",\"goRun\":\"/${locale}/forecast/gorun/l/${locId}\",\"home\":\"/${locale}\",\"hourly\":\"/${locale}/weather/hourbyhour/l/${locId}\",\"interactiveMap\":\"/${locale}/weather/radar/interactive/l/${locId}\",\"legal\":\"/${locale}/${collectionId}/${assetName}\",\"maps\":\"/maps/${collectionId}\",\"memberSettings\":\"/${locale}/member/settings\",\"memorialdayCountdown\":\"/forecast/memorial-day-countdown/l/${locId}\",\"mlbCountdown\":\"/${locale}/forecast/opening-day-countdown/l/${locId}\",\"monthly\":\"/${locale}/weather/monthly/l/${locId}\",\"notification\":\"/${locale}/life/manage-notifications\",\"premiumOnboarding\":\"/premium/onboarding\",\"privacyPolicyDirectory\":\"/${locale}/privacy-policy-directory\",\"privacySettings\":\"/${locale}/privacy-settings\",\"radar\":\"/${locale}/weather/radar/interactive/l/${locId}\",\"rss\":\"/rss\",\"search\":\"/${locale}/search/enhancedlocalsearch\",\"ski\":\"/${locale}/forecast/ski/l/${locId}\",\"slideshows\":\"/${locale}/slideshows\",\"tenday\":\"/${locale}/weather/tenday/l/${locId}\",\"testUrl\":\"/${locale}/weather/testUrl\",\"thanksgivingCountdown\":\"/forecast/thanksgiving-countdown/l/${locId}\",\"today\":\"/${locale}/weather/today/l/${locId}\",\"unsubscribe\":\"/${locale}/life/alerts/unsubscribe\",\"video\":\"/${locale}/${collectionId}/video/${videoTitle}\",\"weekend\":\"/${locale}/weather/weekend/l/${locId}\",\"yesterday\":\"//www.wunderground.com/history/daily/${locId}/yesterday\"}},\"hi-IN\":{\"wxu-urls\":{\"airQuality\":\"/${locale}/forecast/air-quality/l/${locId}\",\"alertDetails\":\"/${locale}/weather/alerts/localalerts/l/${locId}\",\"alerts\":\"/${locale}/weather/alerts/localalerts/l/${locId}\",\"allergy\":\"/${locale}/forecast/allergy/l/${locId}\",\"apps\":\"/${locale}/${collectionId}/${assetName}\",\"article\":\"/${locale}/${collectionId}/news/${articleTitle}\",\"betterDecisions\":\"/mission\",\"boatBeach\":\"/${locale}/forecast/boat-beach/l/${locId}\",\"breathing\":\"/${locale}/forecast/breathing/l/${locId}\",\"callforcode\":\"/callforcode\",\"christmasCountdown\":\"/forecast/christmas-countdown/l/${locId}\",\"coldFlu\":\"/${locale}/forecast/cold-flu/l/${locId}\",\"covid19\":\"/${locale}/coronavirus/l/${locId}\",\"covid19map\":\"/${locale}/coronavirus/map/l/${locId}\",\"dataDefinitions\":\"/${locale}/data-definitions\",\"dataInventory\":\"/${locale}/data-inventory\",\"dataPartners\":\"/${locale}/data-partners\",\"dataRights\":\"/${locale}/data-rights\",\"farming\":\"/${locale}/forecast/agriculture/l/${locId}\",\"fishing\":\"/${locale}/forecast/fishing/l/${locId}\",\"fiveday\":\"/${locale}/weather/5day/l/${locId}\",\"goRun\":\"/${locale}/forecast/gorun/l/${locId}\",\"home\":\"/${locale}\",\"hourly\":\"/${locale}/weather/hourbyhour/l/${locId}\",\"interactiveMap\":\"/${locale}/weather/radar/interactive/l/${locId}\",\"legal\":\"/${locale}/${collectionId}/${assetName}\",\"maps\":\"/maps/${collectionId}\",\"memberSettings\":\"/${locale}/member/settings\",\"memorialdayCountdown\":\"/forecast/memorial-day-countdown/l/${locId}\",\"mlbCountdown\":\"/${locale}/forecast/opening-day-countdown/l/${locId}\",\"monthly\":\"/${locale}/weather/monthly/l/${locId}\",\"notification\":\"/${locale}/life/manage-notifications\",\"premiumOnboarding\":\"/premium/onboarding\",\"privacyPolicyDirectory\":\"/${locale}/privacy-policy-directory\",\"privacySettings\":\"/${locale}/privacy-settings\",\"radar\":\"/${locale}/weather/radar/interactive/l/${locId}\",\"rss\":\"/rss\",\"search\":\"/${locale}/search/enhancedlocalsearch\",\"ski\":\"/${locale}/forecast/ski/l/${locId}\",\"slideshows\":\"/${locale}/slideshows\",\"tenday\":\"/${locale}/weather/tenday/l/${locId}\",\"testUrl\":\"/${locale}/weather/testUrl\",\"thanksgivingCountdown\":\"/forecast/thanksgiving-countdown/l/${locId}\",\"today\":\"/${locale}/weather/today/l/${locId}\",\"unsubscribe\":\"/${locale}/life/alerts/unsubscribe\",\"video\":\"/${locale}/${collectionId}/video/${videoTitle}\",\"weekend\":\"/${locale}/weather/weekend/l/${locId}\",\"yesterday\":\"//www.wunderground.com/history/daily/${locId}/yesterday\"}},\"hr-HR\":{\"wxu-urls\":{\"airQuality\":\"/${locale}/forecast/air-quality/l/${locId}\",\"alertDetails\":\"/${locale}/weather/alerts/localalerts/l/${locId}\",\"alerts\":\"/${locale}/weather/alerts/localalerts/l/${locId}\",\"allergy\":\"/${locale}/forecast/allergy/l/${locId}\",\"apps\":\"/${locale}/${collectionId}/${assetName}\",\"article\":\"/${locale}/${collectionId}/news/${articleTitle}\",\"betterDecisions\":\"/mission\",\"boatBeach\":\"/${locale}/forecast/boat-beach/l/${locId}\",\"breathing\":\"/${locale}/forecast/breathing/l/${locId}\",\"callforcode\":\"/callforcode\",\"christmasCountdown\":\"/forecast/christmas-countdown/l/${locId}\",\"coldFlu\":\"/${locale}/forecast/cold-flu/l/${locId}\",\"covid19\":\"/${locale}/coronavirus/l/${locId}\",\"covid19map\":\"/${locale}/coronavirus/map/l/${locId}\",\"dataDefinitions\":\"/${locale}/data-definitions\",\"dataInventory\":\"/${locale}/data-inventory\",\"dataPartners\":\"/${locale}/data-partners\",\"dataRights\":\"/${locale}/data-rights\",\"farming\":\"/${locale}/forecast/agriculture/l/${locId}\",\"fishing\":\"/${locale}/forecast/fishing/l/${locId}\",\"fiveday\":\"/${locale}/vrijeme/5dana/l/${locId}\",\"goRun\":\"/${locale}/forecast/gorun/l/${locId}\",\"home\":\"/${locale}\",\"hourly\":\"/${locale}/vrijeme/satu/l/${locId}\",\"interactiveMap\":\"/${locale}/vrijeme/karte/interactive/l/${locId}\",\"legal\":\"/${locale}/${collectionId}/${assetName}\",\"maps\":\"/maps/${collectionId}\",\"memberSettings\":\"/${locale}/member/settings\",\"memorialdayCountdown\":\"/forecast/memorial-day-countdown/l/${locId}\",\"mlbCountdown\":\"/${locale}/forecast/opening-day-countdown/l/${locId}\",\"monthly\":\"/${locale}/vrijeme/mjesecno/l/${locId}\",\"notification\":\"/${locale}/life/manage-notifications\",\"premiumOnboarding\":\"/premium/onboarding\",\"privacyPolicyDirectory\":\"/${locale}/privacy-policy-directory\",\"privacySettings\":\"/${locale}/privacy-settings\",\"radar\":\"/${locale}/vrijeme/karte/interaktivno/l/${locId}\",\"rss\":\"/rss\",\"search\":\"/${locale}/search/enhancedlocalsearch\",\"ski\":\"/${locale}/forecast/ski/l/${locId}\",\"slideshows\":\"/${locale}/slideshows\",\"tenday\":\"/${locale}/vrijeme/10dana/l/${locId}\",\"testUrl\":\"/${locale}/weather/testUrl\",\"thanksgivingCountdown\":\"/forecast/thanksgiving-countdown/l/${locId}\",\"today\":\"/${locale}/vrijeme/danas/l/${locId}\",\"unsubscribe\":\"/${locale}/life/alerts/unsubscribe\",\"video\":\"/${locale}/${collectionId}/video/${videoTitle}\",\"weekend\":\"/${locale}/vrijeme/vikend/l/${locId}\",\"yesterday\":\"//www.wunderground.com/history/daily/${locId}/yesterday\"}},\"hu-HU\":{\"wxu-urls\":{\"airQuality\":\"/${locale}/forecast/air-quality/l/${locId}\",\"alertDetails\":\"/${locale}/weather/alerts/localalerts/l/${locId}\",\"alerts\":\"/${locale}/weather/alerts/localalerts/l/${locId}\",\"allergy\":\"/${locale}/forecast/allergy/l/${locId}\",\"apps\":\"/${locale}/${collectionId}/${assetName}\",\"article\":\"/${locale}/${collectionId}/news/${articleTitle}\",\"betterDecisions\":\"/k\u00FCldet\u00E9s\",\"boatBeach\":\"/${locale}/forecast/boat-beach/l/${locId}\",\"breathing\":\"/${locale}/forecast/breathing/l/${locId}\",\"callforcode\":\"/callforcode\",\"christmasCountdown\":\"/forecast/christmas-countdown/l/${locId}\",\"coldFlu\":\"/${locale}/forecast/cold-flu/l/${locId}\",\"covid19\":\"/${locale}/coronavirus/l/${locId}\",\"covid19map\":\"/${locale}/coronavirus/map/l/${locId}\",\"dataDefinitions\":\"/${locale}/adatokkal-kapcsolatos-meghat\u00E1roz\u00E1sok\",\"dataInventory\":\"/${locale}/data-inventory\",\"dataPartners\":\"/${locale}/adatpartnerek\",\"dataRights\":\"/${locale}/adatokkal-kapcsolatos-jogok\",\"farming\":\"/${locale}/forecast/agriculture/l/${locId}\",\"fishing\":\"/${locale}/forecast/fishing/l/${locId}\",\"fiveday\":\"/${locale}/idojaras/5nap/l/${locId}\",\"goRun\":\"/${locale}/forecast/gorun/l/${locId}\",\"home\":\"/${locale}\",\"hourly\":\"/${locale}/idojaras/orankent/l/${locId}\",\"interactiveMap\":\"/${locale}/idojaras/terkepek/interactive/l/${locId}\",\"legal\":\"/${locale}/${collectionId}/${assetName}\",\"maps\":\"/maps/${collectionId}\",\"memberSettings\":\"/${locale}/member/settings\",\"memorialdayCountdown\":\"/forecast/memorial-day-countdown/l/${locId}\",\"mlbCountdown\":\"/${locale}/forecast/opening-day-countdown/l/${locId}\",\"monthly\":\"/${locale}/idojaras/havi/l/${locId}\",\"notification\":\"/${locale}/life/manage-notifications\",\"premiumOnboarding\":\"/premium/onboarding\",\"privacyPolicyDirectory\":\"/${locale}/privacy-policy-directory\",\"privacySettings\":\"/${locale}/privacy-settings\",\"radar\":\"/${locale}/idojaras/terkepek/interactive/l/${locId}\",\"rss\":\"/rss\",\"search\":\"/${locale}/search/enhancedlocalsearch\",\"ski\":\"/${locale}/forecast/ski/l/${locId}\",\"slideshows\":\"/${locale}/slideshows\",\"tenday\":\"/${locale}/idojaras/10nap/l/${locId}\",\"testUrl\":\"/${locale}/weather/testUrl\",\"thanksgivingCountdown\":\"/forecast/thanksgiving-countdown/l/${locId}\",\"today\":\"/${locale}/idojaras/ma/l/${locId}\",\"unsubscribe\":\"/${locale}/life/alerts/unsubscribe\",\"video\":\"/${locale}/${collectionId}/video/${videoTitle}\",\"weekend\":\"/${locale}/idojaras/hetvege/l/${locId}\",\"yesterday\":\"//www.wunderground.com/history/daily/${locId}/yesterday\"}},\"id-ID\":{\"wxu-urls\":{\"airQuality\":\"/${locale}/forecast/air-quality/l/${locId}\",\"alertDetails\":\"/${locale}/weather/alerts/localalerts/l/${locId}\",\"alerts\":\"/${locale}/weather/alerts/localalerts/l/${locId}\",\"allergy\":\"/${locale}/forecast/allergy/l/${locId}\",\"apps\":\"/${locale}/${collectionId}/${assetName}\",\"article\":\"/${locale}/${collectionId}/news/${articleTitle}\",\"betterDecisions\":\"/mission\",\"boatBeach\":\"/${locale}/forecast/boat-beach/l/${locId}\",\"breathing\":\"/${locale}/forecast/breathing/l/${locId}\",\"callforcode\":\"/callforcode\",\"christmasCountdown\":\"/forecast/christmas-countdown/l/${locId}\",\"coldFlu\":\"/${locale}/forecast/cold-flu/l/${locId}\",\"covid19\":\"/${locale}/coronavirus/l/${locId}\",\"covid19map\":\"/${locale}/coronavirus/map/l/${locId}\",\"dataDefinitions\":\"/${locale}/data-definitions\",\"dataInventory\":\"/${locale}/data-inventory\",\"dataPartners\":\"/${locale}/data-partners\",\"dataRights\":\"/${locale}/data-rights\",\"farming\":\"/${locale}/forecast/agriculture/l/${locId}\",\"fishing\":\"/${locale}/forecast/fishing/l/${locId}\",\"fiveday\":\"/${locale}/cuaca/5hari/l/${locId}\",\"goRun\":\"/${locale}/forecast/gorun/l/${locId}\",\"home\":\"/${locale}\",\"hourly\":\"/${locale}/cuaca/tiapjam/l/${locId}\",\"interactiveMap\":\"/${locale}/cuaca/peta/interactive/l/${locId}\",\"legal\":\"/${locale}/${collectionId}/${assetName}\",\"maps\":\"/maps/${collectionId}\",\"memberSettings\":\"/${locale}/member/settings\",\"memorialdayCountdown\":\"/forecast/memorial-day-countdown/l/${locId}\",\"mlbCountdown\":\"/${locale}/forecast/opening-day-countdown/l/${locId}\",\"monthly\":\"/${locale}/cuaca/bulanan/l/${locId}\",\"notification\":\"/${locale}/life/manage-notifications\",\"premiumOnboarding\":\"/premium/onboarding\",\"privacyPolicyDirectory\":\"/${locale}/privacy-policy-directory\",\"privacySettings\":\"/${locale}/privacy-settings\",\"radar\":\"/${locale}/cuaca/peta/interactive/l/${locId}\",\"rss\":\"/rss\",\"search\":\"/${locale}/search/enhancedlocalsearch\",\"ski\":\"/${locale}/forecast/ski/l/${locId}\",\"slideshows\":\"/${locale}/slideshows\",\"tenday\":\"/${locale}/cuaca/10hari/l/${locId}\",\"testUrl\":\"/${locale}/weather/testUrl\",\"thanksgivingCountdown\":\"/forecast/thanksgiving-countdown/l/${locId}\",\"today\":\"/${locale}/cuaca/sekarang/l/${locId}\",\"unsubscribe\":\"/${locale}/life/alerts/unsubscribe\",\"video\":\"/${locale}/${collectionId}/video/${videoTitle}\",\"weekend\":\"/${locale}/cuaca/akhirpekan/l/${locId}\",\"yesterday\":\"//www.wunderground.com/history/daily/${locId}/yesterday\"}},\"is-IS\":{\"wxu-urls\":{\"airQuality\":\"/${locale}/forecast/air-quality/l/${locId}\",\"alertDetails\":\"/${locale}/weather/alerts/localalerts/l/${locId}\",\"alerts\":\"/${locale}/weather/alerts/localalerts/l/${locId}\",\"allergy\":\"/${locale}/forecast/allergy/l/${locId}\",\"apps\":\"/${locale}/${collectionId}/${assetName}\",\"article\":\"/${locale}/${collectionId}/news/${articleTitle}\",\"betterDecisions\":\"/mission\",\"boatBeach\":\"/${locale}/forecast/boat-beach/l/${locId}\",\"breathing\":\"/${locale}/forecast/breathing/l/${locId}\",\"callforcode\":\"/callforcode\",\"christmasCountdown\":\"/forecast/christmas-countdown/l/${locId}\",\"coldFlu\":\"/${locale}/forecast/cold-flu/l/${locId}\",\"covid19\":\"/${locale}/coronavirus/l/${locId}\",\"covid19map\":\"/${locale}/coronavirus/map/l/${locId}\",\"dataDefinitions\":\"/${locale}/data-definitions\",\"dataInventory\":\"/${locale}/data-inventory\",\"dataPartners\":\"/${locale}/data-partners\",\"dataRights\":\"/${locale}/data-rights\",\"farming\":\"/${locale}/forecast/agriculture/l/${locId}\",\"fishing\":\"/${locale}/forecast/fishing/l/${locId}\",\"fiveday\":\"/${locale}/vedur/5dagar/l/${locId}\",\"goRun\":\"/${locale}/forecast/gorun/l/${locId}\",\"home\":\"/${locale}\",\"hourly\":\"/${locale}/vedur/eftirklst/l/${locId}\",\"interactiveMap\":\"/${locale}/vedur/kort/gagnvirkt/l/${locId}\",\"legal\":\"/${locale}/${collectionId}/${assetName}\",\"maps\":\"/maps/${collectionId}\",\"memberSettings\":\"/${locale}/member/settings\",\"memorialdayCountdown\":\"/forecast/memorial-day-countdown/l/${locId}\",\"mlbCountdown\":\"/${locale}/forecast/opening-day-countdown/l/${locId}\",\"monthly\":\"/${locale}/vedur/manaoarlega/l/${locId}\",\"notification\":\"/${locale}/life/manage-notifications\",\"premiumOnboarding\":\"/premium/onboarding\",\"privacyPolicyDirectory\":\"/${locale}/privacy-policy-directory\",\"privacySettings\":\"/${locale}/privacy-settings\",\"radar\":\"/${locale}/weather/radar/interactive/l/${locId}\",\"rss\":\"/rss\",\"search\":\"/${locale}/search/enhancedlocalsearch\",\"ski\":\"/${locale}/forecast/ski/l/${locId}\",\"slideshows\":\"/${locale}/slideshows\",\"tenday\":\"/${locale}/vedur/tiudagar/l/${locId}\",\"testUrl\":\"/${locale}/weather/testUrl\",\"thanksgivingCountdown\":\"/forecast/thanksgiving-countdown/l/${locId}\",\"today\":\"/${locale}/vedur/idag/l/${locId}\",\"unsubscribe\":\"/${locale}/life/alerts/unsubscribe\",\"video\":\"/${locale}/${collectionId}/video/${videoTitle}\",\"weekend\":\"/${locale}/vedur/helgi/l/${locId}\",\"yesterday\":\"//www.wunderground.com/history/daily/${locId}/yesterday\"}},\"it\":{\"wxu-urls\":{\"airQuality\":\"/${locale}/forecast/air-quality/l/${locId}\",\"alertDetails\":\"/${locale}/weather/alerts/localalerts/l/${locId}\",\"alerts\":\"/${locale}/weather/alerts/localalerts/l/${locId}\",\"allergy\":\"/${locale}/forecast/allergy/l/${locId}\",\"apps\":\"/${locale}/${collectionId}/${assetName}\",\"article\":\"/${locale}/${collectionId}/news/${articleTitle}\",\"betterDecisions\":\"/mission\",\"boatBeach\":\"/${locale}/forecast/boat-beach/l/${locId}\",\"breathing\":\"/${locale}/forecast/breathing/l/${locId}\",\"callforcode\":\"/callforcode\",\"christmasCountdown\":\"/forecast/christmas-countdown/l/${locId}\",\"coldFlu\":\"/${locale}/forecast/cold-flu/l/${locId}\",\"covid19\":\"/${locale}/coronavirus/l/${locId}\",\"covid19map\":\"/${locale}/coronavirus/map/l/${locId}\",\"dataDefinitions\":\"/${locale}/definizioni-dati\",\"dataInventory\":\"/${locale}/data-inventory\",\"dataPartners\":\"/${locale}/data-partners\",\"dataRights\":\"/${locale}/diritti-sui-dati\",\"farming\":\"/${locale}/forecast/agriculture/l/${locId}\",\"fishing\":\"/${locale}/forecast/fishing/l/${locId}\",\"fiveday\":\"/${locale}/tempo/5giorni/l/${locId}\",\"goRun\":\"/${locale}/forecast/gorun/l/${locId}\",\"home\":\"/${locale}\",\"hourly\":\"/${locale}/tempo/orario/l/${locId}\",\"interactiveMap\":\"/${locale}/tempo/mappe/interactive/l/${locId}\",\"legal\":\"/${locale}/${collectionId}/${assetName}\",\"maps\":\"/maps/${collectionId}\",\"memberSettings\":\"/${locale}/member/settings\",\"memorialdayCountdown\":\"/forecast/memorial-day-countdown/l/${locId}\",\"mlbCountdown\":\"/${locale}/forecast/opening-day-countdown/l/${locId}\",\"monthly\":\"/${locale}/tempo/mensile/l/${locId}\",\"notification\":\"/${locale}/life/manage-notifications\",\"premiumOnboarding\":\"/premium/onboarding\",\"privacyPolicyDirectory\":\"/${locale}/privacy-policy-directory\",\"privacySettings\":\"/${locale}/privacy-settings\",\"radar\":\"/${locale}/weather/radar/interactive/l/${locId}\",\"rss\":\"/rss\",\"search\":\"/${locale}/search/enhancedlocalsearch\",\"ski\":\"/${locale}/forecast/ski/l/${locId}\",\"slideshows\":\"/${locale}/slideshows\",\"tenday\":\"/${locale}/tempo/10giorni/l/${locId}\",\"testUrl\":\"/${locale}/weather/testUrl\",\"thanksgivingCountdown\":\"/forecast/thanksgiving-countdown/l/${locId}\",\"today\":\"/${locale}/tempo/oggi/l/${locId}\",\"unsubscribe\":\"/${locale}/life/alerts/unsubscribe\",\"video\":\"/${locale}/${collectionId}/video/${videoTitle}\",\"weekend\":\"/${locale}/tempo/weekend/l/${locId}\",\"yesterday\":\"//www.wunderground.com/history/daily/${locId}/yesterday\"}},\"ja-JP\":{\"wxu-urls\":{\"airQuality\":\"/${locale}/forecast/air-quality/l/${locId}\",\"alertDetails\":\"/${locale}/weather/alerts/localalerts/l/${locId}\",\"alerts\":\"/${locale}/weather/alerts/localalerts/l/${locId}\",\"allergy\":\"/${locale}/forecast/allergy/l/${locId}\",\"apps\":\"/${locale}/${collectionId}/${assetName}\",\"article\":\"/${locale}/${collectionId}/news/${articleTitle}\",\"betterDecisions\":\"/mission\",\"boatBeach\":\"/${locale}/forecast/boat-beach/l/${locId}\",\"breathing\":\"/${locale}/forecast/breathing/l/${locId}\",\"callforcode\":\"/callforcode\",\"christmasCountdown\":\"/forecast/christmas-countdown/l/${locId}\",\"coldFlu\":\"/${locale}/forecast/cold-flu/l/${locId}\",\"covid19\":\"/${locale}/coronavirus/l/${locId}\",\"covid19map\":\"/${locale}/coronavirus/map/l/${locId}\",\"dataDefinitions\":\"/${locale}/data-definitions\",\"dataInventory\":\"/${locale}/data-inventory\",\"dataPartners\":\"/${locale}/data-partners\",\"dataRights\":\"/${locale}/data-rights\",\"farming\":\"/${locale}/forecast/agriculture/l/${locId}\",\"fishing\":\"/${locale}/forecast/fishing/l/${locId}\",\"fiveday\":\"/${locale}/weather/5day/l/${locId}\",\"goRun\":\"/${locale}/forecast/gorun/l/${locId}\",\"home\":\"/${locale}\",\"hourly\":\"/${locale}/weather/hourbyhour/l/${locId}\",\"interactiveMap\":\"/${locale}/weather/radar/interactive/l/${locId}\",\"legal\":\"/${locale}/${collectionId}/${assetName}\",\"maps\":\"/maps/${collectionId}\",\"memberSettings\":\"/${locale}/member/settings\",\"memorialdayCountdown\":\"/forecast/memorial-day-countdown/l/${locId}\",\"mlbCountdown\":\"/${locale}/forecast/opening-day-countdown/l/${locId}\",\"monthly\":\"/${locale}/weather/monthly/l/${locId}\",\"notification\":\"/${locale}/life/manage-notifications\",\"premiumOnboarding\":\"/premium/onboarding\",\"privacyPolicyDirectory\":\"/${locale}/privacy-policy-directory\",\"privacySettings\":\"/${locale}/privacy-settings\",\"radar\":\"/${locale}/weather/radar/interactive/l/${locId}\",\"rss\":\"/rss\",\"search\":\"/${locale}/search/enhancedlocalsearch\",\"ski\":\"/${locale}/forecast/ski/l/${locId}\",\"slideshows\":\"/${locale}/slideshows\",\"tenday\":\"/${locale}/weather/tenday/l/${locId}\",\"testUrl\":\"/${locale}/weather/testUrl\",\"thanksgivingCountdown\":\"/forecast/thanksgiving-countdown/l/${locId}\",\"today\":\"/${locale}/weather/today/l/${locId}\",\"unsubscribe\":\"/${locale}/life/alerts/unsubscribe\",\"video\":\"/${locale}/${collectionId}/video/${videoTitle}\",\"weekend\":\"/${locale}/weather/weekend/l/${locId}\",\"yesterday\":\"//www.wunderground.com/history/daily/${locId}/yesterday\"}},\"jv\":{\"wxu-urls\":{\"airQuality\":\"/${locale}/forecast/air-quality/l/${locId}\",\"alertDetails\":\"/${locale}/weather/alerts/localalerts/l/${locId}\",\"alerts\":\"/${locale}/weather/alerts/localalerts/l/${locId}\",\"allergy\":\"/${locale}/forecast/allergy/l/${locId}\",\"apps\":\"/${locale}/${collectionId}/${assetName}\",\"article\":\"/${locale}/${collectionId}/news/${articleTitle}\",\"betterDecisions\":\"/mission\",\"boatBeach\":\"/${locale}/forecast/boat-beach/l/${locId}\",\"breathing\":\"/${locale}/forecast/breathing/l/${locId}\",\"callforcode\":\"/callforcode\",\"christmasCountdown\":\"/forecast/christmas-countdown/l/${locId}\",\"coldFlu\":\"/${locale}/forecast/cold-flu/l/${locId}\",\"covid19\":\"/${locale}/coronavirus/l/${locId}\",\"covid19map\":\"/${locale}/coronavirus/map/l/${locId}\",\"dataDefinitions\":\"/${locale}/data-definitions\",\"dataInventory\":\"/${locale}/data-inventory\",\"dataPartners\":\"/${locale}/data-partners\",\"dataRights\":\"/${locale}/data-rights\",\"farming\":\"/${locale}/forecast/agriculture/l/${locId}\",\"fishing\":\"/${locale}/forecast/fishing/l/${locId}\",\"fiveday\":\"/${locale}/cuaca/5dina/l/${locId}\",\"goRun\":\"/${locale}/forecast/gorun/l/${locId}\",\"home\":\"/${locale}\",\"hourly\":\"/${locale}/cuaca/jam-jaman/l/${locId}\",\"interactiveMap\":\"/${locale}/cuaca/peta/interaktif/l/${locId}\",\"legal\":\"/${locale}/${collectionId}/${assetName}\",\"maps\":\"/maps/${collectionId}\",\"memberSettings\":\"/${locale}/member/settings\",\"memorialdayCountdown\":\"/forecast/memorial-day-countdown/l/${locId}\",\"mlbCountdown\":\"/${locale}/forecast/opening-day-countdown/l/${locId}\",\"monthly\":\"/${locale}/cuaca/wulanan/l/${locId}\",\"notification\":\"/${locale}/life/manage-notifications\",\"premiumOnboarding\":\"/premium/onboarding\",\"privacyPolicyDirectory\":\"/${locale}/privacy-policy-directory\",\"privacySettings\":\"/${locale}/privacy-settings\",\"radar\":\"/${locale}/weather/radar/interactive/l/${locId}\",\"rss\":\"/rss\",\"search\":\"/${locale}/search/enhancedlocalsearch\",\"ski\":\"/${locale}/forecast/ski/l/${locId}\",\"slideshows\":\"/${locale}/slideshows\",\"tenday\":\"/${locale}/cuaca/sepuluhdina/l/${locId}\",\"testUrl\":\"/${locale}/weather/testUrl\",\"thanksgivingCountdown\":\"/forecast/thanksgiving-countdown/l/${locId}\",\"today\":\"/${locale}/cuaca/dina-iki/l/${locId}\",\"unsubscribe\":\"/${locale}/life/alerts/unsubscribe\",\"video\":\"/${locale}/${collectionId}/video/${videoTitle}\",\"weekend\":\"/${locale}/cuaca/pksnmingg/l/${locId}\",\"yesterday\":\"//www.wunderground.com/history/daily/${locId}/yesterday\"}},\"ka-GE\":{\"wxu-urls\":{\"airQuality\":\"/${locale}/forecast/air-quality/l/${locId}\",\"alertDetails\":\"/${locale}/weather/alerts/localalerts/l/${locId}\",\"alerts\":\"/${locale}/weather/alerts/localalerts/l/${locId}\",\"allergy\":\"/${locale}/forecast/allergy/l/${locId}\",\"apps\":\"/${locale}/${collectionId}/${assetName}\",\"article\":\"/${locale}/${collectionId}/news/${articleTitle}\",\"betterDecisions\":\"/mission\",\"boatBeach\":\"/${locale}/forecast/boat-beach/l/${locId}\",\"breathing\":\"/${locale}/forecast/breathing/l/${locId}\",\"callforcode\":\"/callforcode\",\"christmasCountdown\":\"/forecast/christmas-countdown/l/${locId}\",\"coldFlu\":\"/${locale}/forecast/cold-flu/l/${locId}\",\"covid19\":\"/${locale}/coronavirus/l/${locId}\",\"covid19map\":\"/${locale}/coronavirus/map/l/${locId}\",\"dataDefinitions\":\"/${locale}/data-definitions\",\"dataInventory\":\"/${locale}/data-inventory\",\"dataPartners\":\"/${locale}/data-partners\",\"dataRights\":\"/${locale}/data-rights\",\"farming\":\"/${locale}/forecast/agriculture/l/${locId}\",\"fishing\":\"/${locale}/forecast/fishing/l/${locId}\",\"fiveday\":\"/${locale}/weather/5day/l/${locId}\",\"goRun\":\"/${locale}/forecast/gorun/l/${locId}\",\"home\":\"/${locale}\",\"hourly\":\"/${locale}/weather/hourbyhour/l/${locId}\",\"interactiveMap\":\"/${locale}/weather/maps/interactive/l/${locId}\",\"legal\":\"/${locale}/${collectionId}/${assetName}\",\"maps\":\"/maps/${collectionId}\",\"memberSettings\":\"/${locale}/member/settings\",\"memorialdayCountdown\":\"/forecast/memorial-day-countdown/l/${locId}\",\"mlbCountdown\":\"/${locale}/forecast/opening-day-countdown/l/${locId}\",\"monthly\":\"/${locale}/weather/monthly/l/${locId}\",\"notification\":\"/${locale}/life/manage-notifications\",\"premiumOnboarding\":\"/premium/onboarding\",\"privacyPolicyDirectory\":\"/${locale}/privacy-policy-directory\",\"privacySettings\":\"/${locale}/privacy-settings\",\"radar\":\"/${locale}/weather/radar/interactive/l/${locId}\",\"rss\":\"/rss\",\"search\":\"/${locale}/search/enhancedlocalsearch\",\"ski\":\"/${locale}/forecast/ski/l/${locId}\",\"slideshows\":\"/${locale}/slideshows\",\"tenday\":\"/${locale}/weather/tenday/l/${locId}\",\"testUrl\":\"/${locale}/weather/testUrl\",\"thanksgivingCountdown\":\"/forecast/thanksgiving-countdown/l/${locId}\",\"today\":\"/${locale}/weather/today/l/${locId}\",\"unsubscribe\":\"/${locale}/life/alerts/unsubscribe\",\"video\":\"/${locale}/${collectionId}/video/${videoTitle}\",\"weekend\":\"/${locale}/weather/weekend/l/${locId}\",\"yesterday\":\"//www.wunderground.com/history/daily/${locId}/yesterday\"}},\"kk-KZ\":{\"wxu-urls\":{\"airQuality\":\"/${locale}/forecast/air-quality/l/${locId}\",\"alertDetails\":\"/${locale}/weather/alerts/localalerts/l/${locId}\",\"alerts\":\"/${locale}/weather/alerts/localalerts/l/${locId}\",\"allergy\":\"/${locale}/forecast/allergy/l/${locId}\",\"apps\":\"/${locale}/${collectionId}/${assetName}\",\"article\":\"/${locale}/${collectionId}/news/${articleTitle}\",\"betterDecisions\":\"/mission\",\"boatBeach\":\"/${locale}/forecast/boat-beach/l/${locId}\",\"breathing\":\"/${locale}/forecast/breathing/l/${locId}\",\"callforcode\":\"/callforcode\",\"christmasCountdown\":\"/forecast/christmas-countdown/l/${locId}\",\"coldFlu\":\"/${locale}/forecast/cold-flu/l/${locId}\",\"covid19\":\"/${locale}/coronavirus/l/${locId}\",\"covid19map\":\"/${locale}/coronavirus/map/l/${locId}\",\"dataDefinitions\":\"/${locale}/data-definitions\",\"dataInventory\":\"/${locale}/data-inventory\",\"dataPartners\":\"/${locale}/data-partners\",\"dataRights\":\"/${locale}/data-rights\",\"farming\":\"/${locale}/forecast/agriculture/l/${locId}\",\"fishing\":\"/${locale}/forecast/fishing/l/${locId}\",\"fiveday\":\"/${locale}/weather/5day/l/${locId}\",\"goRun\":\"/${locale}/forecast/gorun/l/${locId}\",\"home\":\"/${locale}\",\"hourly\":\"/${locale}/weather/hourbyhour/l/${locId}\",\"interactiveMap\":\"/${locale}/weather/maps/interactive/l/${locId}\",\"legal\":\"/${locale}/${collectionId}/${assetName}\",\"maps\":\"/maps/${collectionId}\",\"memberSettings\":\"/${locale}/member/settings\",\"memorialdayCountdown\":\"/forecast/memorial-day-countdown/l/${locId}\",\"mlbCountdown\":\"/${locale}/forecast/opening-day-countdown/l/${locId}\",\"monthly\":\"/${locale}/weather/monthly/l/${locId}\",\"notification\":\"/${locale}/life/manage-notifications\",\"premiumOnboarding\":\"/premium/onboarding\",\"privacyPolicyDirectory\":\"/${locale}/privacy-policy-directory\",\"privacySettings\":\"/${locale}/privacy-settings\",\"radar\":\"/${locale}/weather/radar/interactive/l/${locId}\",\"rss\":\"/rss\",\"search\":\"/${locale}/search/enhancedlocalsearch\",\"ski\":\"/${locale}/forecast/ski/l/${locId}\",\"slideshows\":\"/${locale}/slideshows\",\"tenday\":\"/${locale}/weather/tenday/l/${locId}\",\"testUrl\":\"/${locale}/weather/testUrl\",\"thanksgivingCountdown\":\"/forecast/thanksgiving-countdown/l/${locId}\",\"today\":\"/${locale}/weather/today/l/${locId}\",\"unsubscribe\":\"/${locale}/life/alerts/unsubscribe\",\"video\":\"/${locale}/${collectionId}/video/${videoTitle}\",\"weekend\":\"/${locale}/weather/weekend/l/${locId}\",\"yesterday\":\"//www.wunderground.com/history/daily/${locId}/yesterday\"}},\"kn-IN\":{\"wxu-urls\":{\"airQuality\":\"/${locale}/forecast/air-quality/l/${locId}\",\"alertDetails\":\"/${locale}/weather/alerts/localalerts/l/${locId}\",\"alerts\":\"/${locale}/weather/alerts/localalerts/l/${locId}\",\"allergy\":\"/${locale}/forecast/allergy/l/${locId}\",\"apps\":\"/${locale}/${collectionId}/${assetName}\",\"article\":\"/${locale}/${collectionId}/news/${articleTitle}\",\"betterDecisions\":\"/mission\",\"boatBeach\":\"/${locale}/forecast/boat-beach/l/${locId}\",\"breathing\":\"/${locale}/forecast/breathing/l/${locId}\",\"callforcode\":\"/callforcode\",\"christmasCountdown\":\"/forecast/christmas-countdown/l/${locId}\",\"coldFlu\":\"/${locale}/forecast/cold-flu/l/${locId}\",\"covid19\":\"/${locale}/coronavirus/l/${locId}\",\"covid19map\":\"/${locale}/coronavirus/map/l/${locId}\",\"dataDefinitions\":\"/${locale}/data-definitions\",\"dataInventory\":\"/${locale}/data-inventory\",\"dataPartners\":\"/${locale}/data-partners\",\"dataRights\":\"/${locale}/data-rights\",\"farming\":\"/${locale}/forecast/agriculture/l/${locId}\",\"fishing\":\"/${locale}/forecast/fishing/l/${locId}\",\"fiveday\":\"/${locale}/weather/5day/l/${locId}\",\"goRun\":\"/${locale}/forecast/gorun/l/${locId}\",\"home\":\"/${locale}\",\"hourly\":\"/${locale}/weather/hourbyhour/l/${locId}\",\"interactiveMap\":\"/${locale}/weather/maps/interactive/l/${locId}\",\"legal\":\"/${locale}/${collectionId}/${assetName}\",\"maps\":\"/maps/${collectionId}\",\"memberSettings\":\"/${locale}/member/settings\",\"memorialdayCountdown\":\"/forecast/memorial-day-countdown/l/${locId}\",\"mlbCountdown\":\"/${locale}/forecast/opening-day-countdown/l/${locId}\",\"monthly\":\"/${locale}/weather/monthly/l/${locId}\",\"notification\":\"/${locale}/life/manage-notifications\",\"premiumOnboarding\":\"/premium/onboarding\",\"privacyPolicyDirectory\":\"/${locale}/privacy-policy-directory\",\"privacySettings\":\"/${locale}/privacy-settings\",\"radar\":\"/${locale}/weather/radar/interactive/l/${locId}\",\"rss\":\"/rss\",\"search\":\"/${locale}/search/enhancedlocalsearch\",\"ski\":\"/${locale}/forecast/ski/l/${locId}\",\"slideshows\":\"/${locale}/slideshows\",\"tenday\":\"/${locale}/weather/tenday/l/${locId}\",\"testUrl\":\"/${locale}/weather/testUrl\",\"thanksgivingCountdown\":\"/forecast/thanksgiving-countdown/l/${locId}\",\"today\":\"/${locale}/weather/today/l/${locId}\",\"unsubscribe\":\"/${locale}/life/alerts/unsubscribe\",\"video\":\"/${locale}/${collectionId}/video/${videoTitle}\",\"weekend\":\"/${locale}/weather/weekend/l/${locId}\",\"yesterday\":\"//www.wunderground.com/history/daily/${locId}/yesterday\"}},\"ko-KR\":{\"wxu-urls\":{\"airQuality\":\"/${locale}/forecast/air-quality/l/${locId}\",\"alertDetails\":\"/${locale}/weather/alerts/localalerts/l/${locId}\",\"alerts\":\"/${locale}/weather/alerts/localalerts/l/${locId}\",\"allergy\":\"/${locale}/forecast/allergy/l/${locId}\",\"apps\":\"/${locale}/${collectionId}/${assetName}\",\"article\":\"/${locale}/${collectionId}/news/${articleTitle}\",\"betterDecisions\":\"/mission\",\"boatBeach\":\"/${locale}/forecast/boat-beach/l/${locId}\",\"breathing\":\"/${locale}/forecast/breathing/l/${locId}\",\"callforcode\":\"/callforcode\",\"christmasCountdown\":\"/forecast/christmas-countdown/l/${locId}\",\"coldFlu\":\"/${locale}/forecast/cold-flu/l/${locId}\",\"covid19\":\"/${locale}/coronavirus/l/${locId}\",\"covid19map\":\"/${locale}/coronavirus/map/l/${locId}\",\"dataDefinitions\":\"/${locale}/data-definitions\",\"dataInventory\":\"/${locale}/data-inventory\",\"dataPartners\":\"/${locale}/data-partners\",\"dataRights\":\"/${locale}/data-rights\",\"farming\":\"/${locale}/forecast/agriculture/l/${locId}\",\"fishing\":\"/${locale}/forecast/fishing/l/${locId}\",\"fiveday\":\"/${locale}/weather/5day/l/${locId}\",\"goRun\":\"/${locale}/forecast/gorun/l/${locId}\",\"home\":\"/${locale}\",\"hourly\":\"/${locale}/weather/hourbyhour/l/${locId}\",\"interactiveMap\":\"/${locale}/weather/radar/interactive/l/${locId}\",\"legal\":\"/${locale}/${collectionId}/${assetName}\",\"maps\":\"/maps/${collectionId}\",\"memberSettings\":\"/${locale}/member/settings\",\"memorialdayCountdown\":\"/forecast/memorial-day-countdown/l/${locId}\",\"mlbCountdown\":\"/${locale}/forecast/opening-day-countdown/l/${locId}\",\"monthly\":\"/${locale}/weather/monthly/l/${locId}\",\"notification\":\"/${locale}/life/manage-notifications\",\"premiumOnboarding\":\"/premium/onboarding\",\"privacyPolicyDirectory\":\"/${locale}/privacy-policy-directory\",\"privacySettings\":\"/${locale}/privacy-settings\",\"radar\":\"/${locale}/weather/radar/interactive/l/${locId}\",\"rss\":\"/rss\",\"search\":\"/${locale}/search/enhancedlocalsearch\",\"ski\":\"/${locale}/forecast/ski/l/${locId}\",\"slideshows\":\"/${locale}/slideshows\",\"tenday\":\"/${locale}/weather/tenday/l/${locId}\",\"testUrl\":\"/${locale}/weather/testUrl\",\"thanksgivingCountdown\":\"/forecast/thanksgiving-countdown/l/${locId}\",\"today\":\"/${locale}/weather/today/l/${locId}\",\"unsubscribe\":\"/${locale}/life/alerts/unsubscribe\",\"video\":\"/${locale}/${collectionId}/video/${videoTitle}\",\"weekend\":\"/${locale}/weather/weekend/l/${locId}\",\"yesterday\":\"//www.wunderground.com/history/daily/${locId}/yesterday\"}},\"lt-LT\":{\"wxu-urls\":{\"airQuality\":\"/${locale}/forecast/air-quality/l/${locId}\",\"alertDetails\":\"/${locale}/weather/alerts/localalerts/l/${locId}\",\"alerts\":\"/${locale}/weather/alerts/localalerts/l/${locId}\",\"allergy\":\"/${locale}/forecast/allergy/l/${locId}\",\"apps\":\"/${locale}/${collectionId}/${assetName}\",\"article\":\"/${locale}/${collectionId}/news/${articleTitle}\",\"betterDecisions\":\"/mission\",\"boatBeach\":\"/${locale}/forecast/boat-beach/l/${locId}\",\"breathing\":\"/${locale}/forecast/breathing/l/${locId}\",\"callforcode\":\"/callforcode\",\"christmasCountdown\":\"/forecast/christmas-countdown/l/${locId}\",\"coldFlu\":\"/${locale}/forecast/cold-flu/l/${locId}\",\"covid19\":\"/${locale}/coronavirus/l/${locId}\",\"covid19map\":\"/${locale}/coronavirus/map/l/${locId}\",\"dataDefinitions\":\"/${locale}/data-definitions\",\"dataInventory\":\"/${locale}/data-inventory\",\"dataPartners\":\"/${locale}/data-partners\",\"dataRights\":\"/${locale}/data-rights\",\"farming\":\"/${locale}/forecast/agriculture/l/${locId}\",\"fishing\":\"/${locale}/forecast/fishing/l/${locId}\",\"fiveday\":\"/${locale}/orai/5dienu/l/${locId}\",\"goRun\":\"/${locale}/forecast/gorun/l/${locId}\",\"home\":\"/${locale}\",\"hourly\":\"/${locale}/orai/kasvalanda/l/${locId}\",\"interactiveMap\":\"/${locale}/orai/zemelapiai/interaktyvus/l/${locId}\",\"legal\":\"/${locale}/${collectionId}/${assetName}\",\"maps\":\"/maps/${collectionId}\",\"memberSettings\":\"/${locale}/member/settings\",\"memorialdayCountdown\":\"/forecast/memorial-day-countdown/l/${locId}\",\"mlbCountdown\":\"/${locale}/forecast/opening-day-countdown/l/${locId}\",\"monthly\":\"/${locale}/orai/ikmenesi/l/${locId}\",\"notification\":\"/${locale}/life/manage-notifications\",\"premiumOnboarding\":\"/premium/onboarding\",\"privacyPolicyDirectory\":\"/${locale}/privacy-policy-directory\",\"privacySettings\":\"/${locale}/privacy-settings\",\"radar\":\"/${locale}/weather/radar/interactive/l/${locId}\",\"rss\":\"/rss\",\"search\":\"/${locale}/search/enhancedlocalsearch\",\"ski\":\"/${locale}/forecast/ski/l/${locId}\",\"slideshows\":\"/${locale}/slideshows\",\"tenday\":\"/${locale}/orai/desimtdienu/l/${locId}\",\"testUrl\":\"/${locale}/weather/testUrl\",\"thanksgivingCountdown\":\"/forecast/thanksgiving-countdown/l/${locId}\",\"today\":\"/${locale}/orai/siandien/l/${locId}\",\"unsubscribe\":\"/${locale}/life/alerts/unsubscribe\",\"video\":\"/${locale}/${collectionId}/video/${videoTitle}\",\"weekend\":\"/${locale}/orai/savaitgalis/l/${locId}\",\"yesterday\":\"//www.wunderground.com/history/daily/${locId}/yesterday\"}},\"lv-LV\":{\"wxu-urls\":{\"airQuality\":\"/${locale}/forecast/air-quality/l/${locId}\",\"alertDetails\":\"/${locale}/weather/alerts/localalerts/l/${locId}\",\"alerts\":\"/${locale}/weather/alerts/localalerts/l/${locId}\",\"allergy\":\"/${locale}/forecast/allergy/l/${locId}\",\"apps\":\"/${locale}/${collectionId}/${assetName}\",\"article\":\"/${locale}/${collectionId}/news/${articleTitle}\",\"betterDecisions\":\"/mission\",\"boatBeach\":\"/${locale}/forecast/boat-beach/l/${locId}\",\"breathing\":\"/${locale}/forecast/breathing/l/${locId}\",\"callforcode\":\"/callforcode\",\"christmasCountdown\":\"/forecast/christmas-countdown/l/${locId}\",\"coldFlu\":\"/${locale}/forecast/cold-flu/l/${locId}\",\"covid19\":\"/${locale}/coronavirus/l/${locId}\",\"covid19map\":\"/${locale}/coronavirus/map/l/${locId}\",\"dataDefinitions\":\"/${locale}/data-definitions\",\"dataInventory\":\"/${locale}/data-inventory\",\"dataPartners\":\"/${locale}/data-partners\",\"dataRights\":\"/${locale}/data-rights\",\"farming\":\"/${locale}/forecast/agriculture/l/${locId}\",\"fishing\":\"/${locale}/forecast/fishing/l/${locId}\",\"fiveday\":\"/${locale}/laiks/5dien/l/${locId}\",\"goRun\":\"/${locale}/forecast/gorun/l/${locId}\",\"home\":\"/${locale}\",\"hourly\":\"/${locale}/laiks/pastundam/l/${locId}\",\"interactiveMap\":\"/${locale}/laiks/kartes/interaktivs/l/${locId}\",\"legal\":\"/${locale}/${collectionId}/${assetName}\",\"maps\":\"/maps/${collectionId}\",\"memberSettings\":\"/${locale}/member/settings\",\"memorialdayCountdown\":\"/forecast/memorial-day-countdown/l/${locId}\",\"mlbCountdown\":\"/${locale}/forecast/opening-day-countdown/l/${locId}\",\"monthly\":\"/${locale}/laiks/ik-menesi/l/${locId}\",\"notification\":\"/${locale}/life/manage-notifications\",\"premiumOnboarding\":\"/premium/onboarding\",\"privacyPolicyDirectory\":\"/${locale}/privacy-policy-directory\",\"privacySettings\":\"/${locale}/privacy-settings\",\"radar\":\"/${locale}/weather/radar/interactive/l/${locId}\",\"rss\":\"/rss\",\"search\":\"/${locale}/search/enhancedlocalsearch\",\"ski\":\"/${locale}/forecast/ski/l/${locId}\",\"slideshows\":\"/${locale}/slideshows\",\"tenday\":\"/${locale}/laiks/desmitdienam/l/${locId}\",\"testUrl\":\"/${locale}/weather/testUrl\",\"thanksgivingCountdown\":\"/forecast/thanksgiving-countdown/l/${locId}\",\"today\":\"/${locale}/laiks/sodien/l/${locId}\",\"unsubscribe\":\"/${locale}/life/alerts/unsubscribe\",\"video\":\"/${locale}/${collectionId}/video/${videoTitle}\",\"weekend\":\"/${locale}/laiks/nedelasnogale/l/${locId}\",\"yesterday\":\"//www.wunderground.com/history/daily/${locId}/yesterday\"}},\"mk-MK\":{\"wxu-urls\":{\"airQuality\":\"/${locale}/forecast/air-quality/l/${locId}\",\"alertDetails\":\"/${locale}/weather/alerts/localalerts/l/${locId}\",\"alerts\":\"/${locale}/weather/alerts/localalerts/l/${locId}\",\"allergy\":\"/${locale}/forecast/allergy/l/${locId}\",\"apps\":\"/${locale}/${collectionId}/${assetName}\",\"article\":\"/${locale}/${collectionId}/news/${articleTitle}\",\"betterDecisions\":\"/mission\",\"boatBeach\":\"/${locale}/forecast/boat-beach/l/${locId}\",\"breathing\":\"/${locale}/forecast/breathing/l/${locId}\",\"callforcode\":\"/callforcode\",\"christmasCountdown\":\"/forecast/christmas-countdown/l/${locId}\",\"coldFlu\":\"/${locale}/forecast/cold-flu/l/${locId}\",\"covid19\":\"/${locale}/coronavirus/l/${locId}\",\"covid19map\":\"/${locale}/coronavirus/map/l/${locId}\",\"dataDefinitions\":\"/${locale}/data-definitions\",\"dataInventory\":\"/${locale}/data-inventory\",\"dataPartners\":\"/${locale}/data-partners\",\"dataRights\":\"/${locale}/data-rights\",\"farming\":\"/${locale}/forecast/agriculture/l/${locId}\",\"fishing\":\"/${locale}/forecast/fishing/l/${locId}\",\"fiveday\":\"/${locale}/weather/5day/l/${locId}\",\"goRun\":\"/${locale}/forecast/gorun/l/${locId}\",\"home\":\"/${locale}\",\"hourly\":\"/${locale}/weather/hourbyhour/l/${locId}\",\"interactiveMap\":\"/${locale}/weather/maps/interactive/l/${locId}\",\"legal\":\"/${locale}/${collectionId}/${assetName}\",\"maps\":\"/maps/${collectionId}\",\"memberSettings\":\"/${locale}/member/settings\",\"memorialdayCountdown\":\"/forecast/memorial-day-countdown/l/${locId}\",\"mlbCountdown\":\"/${locale}/forecast/opening-day-countdown/l/${locId}\",\"monthly\":\"/${locale}/weather/monthly/l/${locId}\",\"notification\":\"/${locale}/life/manage-notifications\",\"premiumOnboarding\":\"/premium/onboarding\",\"privacyPolicyDirectory\":\"/${locale}/privacy-policy-directory\",\"privacySettings\":\"/${locale}/privacy-settings\",\"radar\":\"/${locale}/weather/radar/interactive/l/${locId}\",\"rss\":\"/rss\",\"search\":\"/${locale}/search/enhancedlocalsearch\",\"ski\":\"/${locale}/forecast/ski/l/${locId}\",\"slideshows\":\"/${locale}/slideshows\",\"tenday\":\"/${locale}/weather/tenday/l/${locId}\",\"testUrl\":\"/${locale}/weather/testUrl\",\"thanksgivingCountdown\":\"/forecast/thanksgiving-countdown/l/${locId}\",\"today\":\"/${locale}/weather/today/l/${locId}\",\"unsubscribe\":\"/${locale}/life/alerts/unsubscribe\",\"video\":\"/${locale}/${collectionId}/video/${videoTitle}\",\"weekend\":\"/${locale}/weather/weekend/l/${locId}\",\"yesterday\":\"//www.wunderground.com/history/daily/${locId}/yesterday\"}},\"ms-MY\":{\"wxu-urls\":{\"airQuality\":\"/${locale}/forecast/air-quality/l/${locId}\",\"alertDetails\":\"/${locale}/weather/alerts/localalerts/l/${locId}\",\"alerts\":\"/${locale}/weather/alerts/localalerts/l/${locId}\",\"allergy\":\"/${locale}/forecast/allergy/l/${locId}\",\"apps\":\"/${locale}/${collectionId}/${assetName}\",\"article\":\"/${locale}/${collectionId}/news/${articleTitle}\",\"betterDecisions\":\"/mission\",\"boatBeach\":\"/${locale}/forecast/boat-beach/l/${locId}\",\"breathing\":\"/${locale}/forecast/breathing/l/${locId}\",\"callforcode\":\"/callforcode\",\"christmasCountdown\":\"/forecast/christmas-countdown/l/${locId}\",\"coldFlu\":\"/${locale}/forecast/cold-flu/l/${locId}\",\"covid19\":\"/${locale}/coronavirus/l/${locId}\",\"covid19map\":\"/${locale}/coronavirus/map/l/${locId}\",\"dataDefinitions\":\"/${locale}/data-definitions\",\"dataInventory\":\"/${locale}/data-inventory\",\"dataPartners\":\"/${locale}/data-partners\",\"dataRights\":\"/${locale}/data-rights\",\"farming\":\"/${locale}/forecast/agriculture/l/${locId}\",\"fishing\":\"/${locale}/forecast/fishing/l/${locId}\",\"fiveday\":\"/${locale}/weather/5day/l/${locId}\",\"goRun\":\"/${locale}/forecast/gorun/l/${locId}\",\"home\":\"/${locale}\",\"hourly\":\"/${locale}/weather/hourbyhour/l/${locId}\",\"interactiveMap\":\"/${locale}/weather/radar/interactive/l/${locId}\",\"legal\":\"/${locale}/${collectionId}/${assetName}\",\"maps\":\"/maps/${collectionId}\",\"memberSettings\":\"/${locale}/member/settings\",\"memorialdayCountdown\":\"/forecast/memorial-day-countdown/l/${locId}\",\"mlbCountdown\":\"/${locale}/forecast/opening-day-countdown/l/${locId}\",\"monthly\":\"/${locale}/weather/monthly/l/${locId}\",\"notification\":\"/${locale}/life/manage-notifications\",\"premiumOnboarding\":\"/premium/onboarding\",\"privacyPolicyDirectory\":\"/${locale}/privacy-policy-directory\",\"privacySettings\":\"/${locale}/privacy-settings\",\"radar\":\"/${locale}/weather/radar/interactive/l/${locId}\",\"rss\":\"/rss\",\"search\":\"/${locale}/search/enhancedlocalsearch\",\"ski\":\"/${locale}/forecast/ski/l/${locId}\",\"slideshows\":\"/${locale}/slideshows\",\"tenday\":\"/${locale}/weather/tenday/l/${locId}\",\"testUrl\":\"/${locale}/weather/testUrl\",\"thanksgivingCountdown\":\"/forecast/thanksgiving-countdown/l/${locId}\",\"today\":\"/${locale}/weather/today/l/${locId}\",\"unsubscribe\":\"/${locale}/life/alerts/unsubscribe\",\"video\":\"/${locale}/${collectionId}/video/${videoTitle}\",\"weekend\":\"/${locale}/weather/weekend/l/${locId}\",\"yesterday\":\"//www.wunderground.com/history/daily/${locId}/yesterday\"}},\"nl-NL\":{\"wxu-urls\":{\"airQuality\":\"/${locale}/forecast/air-quality/l/${locId}\",\"alertDetails\":\"/${locale}/weather/alerts/localalerts/l/${locId}\",\"alerts\":\"/${locale}/weather/alerts/localalerts/l/${locId}\",\"allergy\":\"/${locale}/forecast/allergy/l/${locId}\",\"apps\":\"/${locale}/${collectionId}/${assetName}\",\"article\":\"/${locale}/${collectionId}/news/${articleTitle}\",\"betterDecisions\":\"/missie\",\"boatBeach\":\"/${locale}/forecast/boat-beach/l/${locId}\",\"breathing\":\"/${locale}/forecast/breathing/l/${locId}\",\"callforcode\":\"/callforcode\",\"christmasCountdown\":\"/forecast/christmas-countdown/l/${locId}\",\"coldFlu\":\"/${locale}/forecast/cold-flu/l/${locId}\",\"covid19\":\"/${locale}/coronavirus/l/${locId}\",\"covid19map\":\"/${locale}/coronavirus/map/l/${locId}\",\"dataDefinitions\":\"/${locale}/definities van gegevens\",\"dataInventory\":\"/${locale}/data-inventory\",\"dataPartners\":\"/${locale}/data-partners\",\"dataRights\":\"/${locale}/gegevensrechten\",\"farming\":\"/${locale}/forecast/agriculture/l/${locId}\",\"fishing\":\"/${locale}/forecast/fishing/l/${locId}\",\"fiveday\":\"/${locale}/weer/5dagen/l/${locId}\",\"goRun\":\"/${locale}/forecast/gorun/l/${locId}\",\"home\":\"/${locale}\",\"hourly\":\"/${locale}/weer/elkuur/l/${locId}\",\"interactiveMap\":\"/${locale}/weer/kaarten/interactive/l/${locId}\",\"legal\":\"/${locale}/${collectionId}/${assetName}\",\"maps\":\"/maps/${collectionId}\",\"memberSettings\":\"/${locale}/member/settings\",\"memorialdayCountdown\":\"/forecast/memorial-day-countdown/l/${locId}\",\"mlbCountdown\":\"/${locale}/forecast/opening-day-countdown/l/${locId}\",\"monthly\":\"/${locale}/weer/monthly/l/${locId}\",\"notification\":\"/${locale}/life/manage-notifications\",\"premiumOnboarding\":\"/premium/onboarding\",\"privacyPolicyDirectory\":\"/${locale}/privacy-policy-directory\",\"privacySettings\":\"/${locale}/privacy-settings\",\"radar\":\"/${locale}/weather/radar/interactive/l/${locId}\",\"rss\":\"/rss\",\"search\":\"/${locale}/search/enhancedlocalsearch\",\"ski\":\"/${locale}/forecast/ski/l/${locId}\",\"slideshows\":\"/${locale}/slideshows\",\"tenday\":\"/${locale}/weer/10dagen/l/${locId}\",\"testUrl\":\"/${locale}/weather/testUrl\",\"thanksgivingCountdown\":\"/forecast/thanksgiving-countdown/l/${locId}\",\"today\":\"/${locale}/weer/vandaag/l/${locId}\",\"unsubscribe\":\"/${locale}/life/alerts/unsubscribe\",\"video\":\"/${locale}/${collectionId}/video/${videoTitle}\",\"weekend\":\"/${locale}/weer/weekend/l/${locId}\",\"yesterday\":\"//www.wunderground.com/history/daily/${locId}/yesterday\"}},\"no-NO\":{\"wxu-urls\":{\"airQuality\":\"/${locale}/forecast/air-quality/l/${locId}\",\"alertDetails\":\"/${locale}/weather/alerts/localalerts/l/${locId}\",\"alerts\":\"/${locale}/weather/alerts/localalerts/l/${locId}\",\"allergy\":\"/${locale}/forecast/allergy/l/${locId}\",\"apps\":\"/${locale}/${collectionId}/${assetName}\",\"article\":\"/${locale}/${collectionId}/news/${articleTitle}\",\"betterDecisions\":\"/mission\",\"boatBeach\":\"/${locale}/forecast/boat-beach/l/${locId}\",\"breathing\":\"/${locale}/forecast/breathing/l/${locId}\",\"callforcode\":\"/callforcode\",\"christmasCountdown\":\"/forecast/christmas-countdown/l/${locId}\",\"coldFlu\":\"/${locale}/forecast/cold-flu/l/${locId}\",\"covid19\":\"/${locale}/coronavirus/l/${locId}\",\"covid19map\":\"/${locale}/coronavirus/map/l/${locId}\",\"dataDefinitions\":\"/${locale}/data-definitions\",\"dataInventory\":\"/${locale}/data-inventory\",\"dataPartners\":\"/${locale}/data-partners\",\"dataRights\":\"/${locale}/data-rights\",\"farming\":\"/${locale}/forecast/agriculture/l/${locId}\",\"fishing\":\"/${locale}/forecast/fishing/l/${locId}\",\"fiveday\":\"/${locale}/weather/5day/l/${locId}\",\"goRun\":\"/${locale}/forecast/gorun/l/${locId}\",\"home\":\"/${locale}\",\"hourly\":\"/${locale}/weather/hourbyhour/l/${locId}\",\"interactiveMap\":\"/${locale}/weather/radar/interactive/l/${locId}\",\"legal\":\"/${locale}/${collectionId}/${assetName}\",\"maps\":\"/maps/${collectionId}\",\"memberSettings\":\"/${locale}/member/settings\",\"memorialdayCountdown\":\"/forecast/memorial-day-countdown/l/${locId}\",\"mlbCountdown\":\"/${locale}/forecast/opening-day-countdown/l/${locId}\",\"monthly\":\"/${locale}/weather/monthly/l/${locId}\",\"notification\":\"/${locale}/life/manage-notifications\",\"premiumOnboarding\":\"/premium/onboarding\",\"privacyPolicyDirectory\":\"/${locale}/privacy-policy-directory\",\"privacySettings\":\"/${locale}/privacy-settings\",\"radar\":\"/${locale}/weather/radar/interactive/l/${locId}\",\"rss\":\"/rss\",\"search\":\"/${locale}/search/enhancedlocalsearch\",\"ski\":\"/${locale}/forecast/ski/l/${locId}\",\"slideshows\":\"/${locale}/slideshows\",\"tenday\":\"/${locale}/weather/tenday/l/${locId}\",\"testUrl\":\"/${locale}/weather/testUrl\",\"thanksgivingCountdown\":\"/forecast/thanksgiving-countdown/l/${locId}\",\"today\":\"/${locale}/weather/today/l/${locId}\",\"unsubscribe\":\"/${locale}/life/alerts/unsubscribe\",\"video\":\"/${locale}/${collectionId}/video/${videoTitle}\",\"weekend\":\"/${locale}/weather/weekend/l/${locId}\",\"yesterday\":\"//www.wunderground.com/history/daily/${locId}/yesterday\"}},\"pl\":{\"wxu-urls\":{\"airQuality\":\"/${locale}/forecast/air-quality/l/${locId}\",\"alertDetails\":\"/${locale}/weather/alerts/localalerts/l/${locId}\",\"alerts\":\"/${locale}/weather/alerts/localalerts/l/${locId}\",\"allergy\":\"/${locale}/forecast/allergy/l/${locId}\",\"apps\":\"/${locale}/${collectionId}/${assetName}\",\"article\":\"/${locale}/${collectionId}/news/${articleTitle}\",\"betterDecisions\":\"/misja\",\"boatBeach\":\"/${locale}/forecast/boat-beach/l/${locId}\",\"breathing\":\"/${locale}/forecast/breathing/l/${locId}\",\"callforcode\":\"/callforcode\",\"christmasCountdown\":\"/forecast/christmas-countdown/l/${locId}\",\"coldFlu\":\"/${locale}/forecast/cold-flu/l/${locId}\",\"covid19\":\"/${locale}/koronawirus/l/${locId}\",\"covid19map\":\"/${locale}/koronawirus/mapa/l/${locId}\",\"dataDefinitions\":\"/${locale}/definicje-danych\",\"dataInventory\":\"/${locale}/data-inventory\",\"dataPartners\":\"/${locale}/data-partners\",\"dataRights\":\"/${locale}/prawa-do-danych\",\"farming\":\"/${locale}/forecast/agriculture/l/${locId}\",\"fishing\":\"/${locale}/forecast/fishing/l/${locId}\",\"fiveday\":\"/${locale}/pogoda/5dni/l/${locId}\",\"goRun\":\"/${locale}/forecast/gorun/l/${locId}\",\"home\":\"/${locale}\",\"hourly\":\"/${locale}/pogoda/godzinowa/l/${locId}\",\"interactiveMap\":\"/${locale}/pogoda/mapy/interactive/l/${locId}\",\"legal\":\"/${locale}/${collectionId}/${assetName}\",\"maps\":\"/maps/${collectionId}\",\"memberSettings\":\"/${locale}/member/settings\",\"memorialdayCountdown\":\"/forecast/memorial-day-countdown/l/${locId}\",\"mlbCountdown\":\"/${locale}/forecast/opening-day-countdown/l/${locId}\",\"monthly\":\"/${locale}/pogoda/miesieczne/l/${locId}\",\"notification\":\"/${locale}/life/manage-notifications\",\"premiumOnboarding\":\"/premium/onboarding\",\"privacyPolicyDirectory\":\"/${locale}/privacy-policy-directory\",\"privacySettings\":\"/${locale}/privacy-settings\",\"radar\":\"/${locale}/pogoda/mapy/interactive/l/${locId}\",\"rss\":\"/rss\",\"search\":\"/${locale}/search/enhancedlocalsearch\",\"ski\":\"/${locale}/forecast/ski/l/${locId}\",\"slideshows\":\"/${locale}/slideshows\",\"tenday\":\"/${locale}/pogoda/10dni/l/${locId}\",\"testUrl\":\"/${locale}/weather/testUrl\",\"thanksgivingCountdown\":\"/forecast/thanksgiving-countdown/l/${locId}\",\"today\":\"/${locale}/pogoda/dzisiaj/l/${locId}\",\"unsubscribe\":\"/${locale}/life/alerts/unsubscribe\",\"video\":\"/${locale}/${collectionId}/video/${videoTitle}\",\"weekend\":\"/${locale}/pogoda/weekend/l/${locId}\",\"yesterday\":\"//www.wunderground.com/history/daily/${locId}/yesterday\"}},\"pt-BR\":{\"wxu-urls\":{\"airQuality\":\"/${locale}/forecast/air-quality/l/${locId}\",\"alertDetails\":\"/${locale}/weather/alerts/localalerts/l/${locId}\",\"alerts\":\"/${locale}/weather/alerts/localalerts/l/${locId}\",\"allergy\":\"/${locale}/forecast/allergy/l/${locId}\",\"apps\":\"/${locale}/${collectionId}/${assetName}\",\"article\":\"/${locale}/${collectionId}/news/${articleTitle}\",\"betterDecisions\":\"/miss\u00E3o\",\"boatBeach\":\"/${locale}/forecast/boat-beach/l/${locId}\",\"breathing\":\"/${locale}/forecast/breathing/l/${locId}\",\"callforcode\":\"/callforcode\",\"christmasCountdown\":\"/forecast/christmas-countdown/l/${locId}\",\"coldFlu\":\"/${locale}/forecast/cold-flu/l/${locId}\",\"covid19\":\"/${locale}/coronavirus/l/${locId}\",\"covid19map\":\"/${locale}/coronavirus/map/l/${locId}\",\"dataDefinitions\":\"/${locale}/data-definitions\",\"dataInventory\":\"/${locale}/data-inventory\",\"dataPartners\":\"/${locale}/data-partners\",\"dataRights\":\"/${locale}/data-rights\",\"farming\":\"/${locale}/forecast/agriculture/l/${locId}\",\"fishing\":\"/${locale}/forecast/fishing/l/${locId}\",\"fiveday\":\"/${locale}/clima/5dias/l/${locId}\",\"goRun\":\"/${locale}/forecast/gorun/l/${locId}\",\"home\":\"/${locale}\",\"hourly\":\"/${locale}/clima/horaria/l/${locId}\",\"interactiveMap\":\"/${locale}/clima/mapas/interactive/l/${locId}\",\"legal\":\"/${locale}/${collectionId}/${assetName}\",\"maps\":\"/maps/${collectionId}\",\"memberSettings\":\"/${locale}/member/settings\",\"memorialdayCountdown\":\"/forecast/memorial-day-countdown/l/${locId}\",\"mlbCountdown\":\"/${locale}/forecast/opening-day-countdown/l/${locId}\",\"monthly\":\"/${locale}/clima/mensal/l/${locId}\",\"notification\":\"/${locale}/life/manage-notifications\",\"premiumOnboarding\":\"/premium/onboarding\",\"privacyPolicyDirectory\":\"/${locale}/diretorio-de-politicas-de-privacidade\",\"privacySettings\":\"/${locale}/privacy-settings\",\"radar\":\"/${locale}/clima/mapas/interactive/l/${locId}\",\"rss\":\"/rss\",\"search\":\"/${locale}/search/enhancedlocalsearch\",\"ski\":\"/${locale}/forecast/ski/l/${locId}\",\"slideshows\":\"/${locale}/slideshows\",\"tenday\":\"/${locale}/clima/10dias/l/${locId}\",\"testUrl\":\"/${locale}/weather/testUrl\",\"thanksgivingCountdown\":\"/forecast/thanksgiving-countdown/l/${locId}\",\"today\":\"/${locale}/clima/hoje/l/${locId}\",\"unsubscribe\":\"/${locale}/life/alerts/unsubscribe\",\"video\":\"/${locale}/${collectionId}/video/${videoTitle}\",\"weekend\":\"/${locale}/clima/fimdesemana/l/${locId}\",\"yesterday\":\"//www.wunderground.com/history/daily/${locId}/yesterday\"}},\"pt-PT\":{\"wxu-urls\":{\"airQuality\":\"/${locale}/forecast/air-quality/l/${locId}\",\"alertDetails\":\"/${locale}/weather/alerts/localalerts/l/${locId}\",\"alerts\":\"/${locale}/weather/alerts/localalerts/l/${locId}\",\"allergy\":\"/${locale}/forecast/allergy/l/${locId}\",\"apps\":\"/${locale}/${collectionId}/${assetName}\",\"article\":\"/${locale}/${collectionId}/news/${articleTitle}\",\"betterDecisions\":\"/mission\",\"boatBeach\":\"/${locale}/forecast/boat-beach/l/${locId}\",\"breathing\":\"/${locale}/forecast/breathing/l/${locId}\",\"callforcode\":\"/callforcode\",\"christmasCountdown\":\"/forecast/christmas-countdown/l/${locId}\",\"coldFlu\":\"/${locale}/forecast/cold-flu/l/${locId}\",\"covid19\":\"/${locale}/coronavirus/l/${locId}\",\"covid19map\":\"/${locale}/coronavirus/map/l/${locId}\",\"dataDefinitions\":\"/${locale}/data-definitions\",\"dataInventory\":\"/${locale}/data-inventory\",\"dataPartners\":\"/${locale}/data-partners\",\"dataRights\":\"/${locale}/data-rights\",\"farming\":\"/${locale}/forecast/agriculture/l/${locId}\",\"fishing\":\"/${locale}/forecast/fishing/l/${locId}\",\"fiveday\":\"/${locale}/clima/5dias/l/${locId}\",\"goRun\":\"/${locale}/forecast/gorun/l/${locId}\",\"home\":\"/${locale}\",\"hourly\":\"/${locale}/clima/horaria/l/${locId}\",\"interactiveMap\":\"/${locale}/clima/mapas/interactive/l/${locId}\",\"legal\":\"/${locale}/${collectionId}/${assetName}\",\"maps\":\"/maps/${collectionId}\",\"memberSettings\":\"/${locale}/member/settings\",\"memorialdayCountdown\":\"/forecast/memorial-day-countdown/l/${locId}\",\"mlbCountdown\":\"/${locale}/forecast/opening-day-countdown/l/${locId}\",\"monthly\":\"/${locale}/clima/mensalmente/l/${locId}\",\"notification\":\"/${locale}/life/manage-notifications\",\"premiumOnboarding\":\"/premium/onboarding\",\"privacyPolicyDirectory\":\"/${locale}/privacy-policy-directory\",\"privacySettings\":\"/${locale}/privacy-settings\",\"radar\":\"/${locale}/weather/radar/interactive/l/${locId}\",\"rss\":\"/rss\",\"search\":\"/${locale}/search/enhancedlocalsearch\",\"ski\":\"/${locale}/forecast/ski/l/${locId}\",\"slideshows\":\"/${locale}/slideshows\",\"tenday\":\"/${locale}/clima/10dias/l/${locId}\",\"testUrl\":\"/${locale}/weather/testUrl\",\"thanksgivingCountdown\":\"/forecast/thanksgiving-countdown/l/${locId}\",\"today\":\"/${locale}/clima/hoje/l/${locId}\",\"unsubscribe\":\"/${locale}/life/alerts/unsubscribe\",\"video\":\"/${locale}/${collectionId}/video/${videoTitle}\",\"weekend\":\"/${locale}/clima/fimdesemana/l/${locId}\",\"yesterday\":\"//www.wunderground.com/history/daily/${locId}/yesterday\"}},\"ro-RO\":{\"wxu-urls\":{\"airQuality\":\"/${locale}/forecast/air-quality/l/${locId}\",\"alertDetails\":\"/${locale}/weather/alerts/localalerts/l/${locId}\",\"alerts\":\"/${locale}/weather/alerts/localalerts/l/${locId}\",\"allergy\":\"/${locale}/forecast/allergy/l/${locId}\",\"apps\":\"/${locale}/${collectionId}/${assetName}\",\"article\":\"/${locale}/${collectionId}/news/${articleTitle}\",\"betterDecisions\":\"/mission\",\"boatBeach\":\"/${locale}/forecast/boat-beach/l/${locId}\",\"breathing\":\"/${locale}/forecast/breathing/l/${locId}\",\"callforcode\":\"/callforcode\",\"christmasCountdown\":\"/forecast/christmas-countdown/l/${locId}\",\"coldFlu\":\"/${locale}/forecast/cold-flu/l/${locId}\",\"covid19\":\"/${locale}/coronavirus/l/${locId}\",\"covid19map\":\"/${locale}/coronavirus/map/l/${locId}\",\"dataDefinitions\":\"/${locale}/data-definitions\",\"dataInventory\":\"/${locale}/data-inventory\",\"dataPartners\":\"/${locale}/data-partners\",\"dataRights\":\"/${locale}/data-rights\",\"farming\":\"/${locale}/forecast/agriculture/l/${locId}\",\"fishing\":\"/${locale}/forecast/fishing/l/${locId}\",\"fiveday\":\"/${locale}/vreme/5zile/l/${locId}\",\"goRun\":\"/${locale}/forecast/gorun/l/${locId}\",\"home\":\"/${locale}\",\"hourly\":\"/${locale}/vreme/orara/l/${locId}\",\"interactiveMap\":\"/${locale}/vreme/harti/interactive/l/${locId}\",\"legal\":\"/${locale}/${collectionId}/${assetName}\",\"maps\":\"/maps/${collectionId}\",\"memberSettings\":\"/${locale}/member/settings\",\"memorialdayCountdown\":\"/forecast/memorial-day-countdown/l/${locId}\",\"mlbCountdown\":\"/${locale}/forecast/opening-day-countdown/l/${locId}\",\"monthly\":\"/${locale}/vreme/peluni/l/${locId}\",\"notification\":\"/${locale}/life/manage-notifications\",\"premiumOnboarding\":\"/premium/onboarding\",\"privacyPolicyDirectory\":\"/${locale}/privacy-policy-directory\",\"privacySettings\":\"/${locale}/privacy-settings\",\"radar\":\"/${locale}/weather/radar/interactive/l/${locId}\",\"rss\":\"/rss\",\"search\":\"/${locale}/search/enhancedlocalsearch\",\"ski\":\"/${locale}/forecast/ski/l/${locId}\",\"slideshows\":\"/${locale}/slideshows\",\"tenday\":\"/${locale}/vreme/10zile/l/${locId}\",\"testUrl\":\"/${locale}/weather/testUrl\",\"thanksgivingCountdown\":\"/forecast/thanksgiving-countdown/l/${locId}\",\"today\":\"/${locale}/vreme/astazi/l/${locId}\",\"unsubscribe\":\"/${locale}/life/alerts/unsubscribe\",\"video\":\"/${locale}/${collectionId}/video/${videoTitle}\",\"weekend\":\"/${locale}/vreme/weekend/l/${locId}\",\"yesterday\":\"//www.wunderground.com/history/daily/${locId}/yesterday\"}},\"ru-RU\":{\"wxu-urls\":{\"airQuality\":\"/${locale}/forecast/air-quality/l/${locId}\",\"alertDetails\":\"/${locale}/weather/alerts/localalerts/l/${locId}\",\"alerts\":\"/${locale}/weather/alerts/localalerts/l/${locId}\",\"allergy\":\"/${locale}/forecast/allergy/l/${locId}\",\"apps\":\"/${locale}/${collectionId}/${assetName}\",\"article\":\"/${locale}/${collectionId}/news/${articleTitle}\",\"betterDecisions\":\"/mission\",\"boatBeach\":\"/${locale}/forecast/boat-beach/l/${locId}\",\"breathing\":\"/${locale}/forecast/breathing/l/${locId}\",\"callforcode\":\"/callforcode\",\"christmasCountdown\":\"/forecast/christmas-countdown/l/${locId}\",\"coldFlu\":\"/${locale}/forecast/cold-flu/l/${locId}\",\"covid19\":\"/${locale}/coronavirus/l/${locId}\",\"covid19map\":\"/${locale}/coronavirus/map/l/${locId}\",\"dataDefinitions\":\"/${locale}/data-definitions\",\"dataInventory\":\"/${locale}/data-inventory\",\"dataPartners\":\"/${locale}/data-partners\",\"dataRights\":\"/${locale}/data-rights\",\"farming\":\"/${locale}/forecast/agriculture/l/${locId}\",\"fishing\":\"/${locale}/forecast/fishing/l/${locId}\",\"fiveday\":\"/${locale}/weather/5day/l/${locId}\",\"goRun\":\"/${locale}/forecast/gorun/l/${locId}\",\"home\":\"/${locale}\",\"hourly\":\"/${locale}/weather/hourbyhour/l/${locId}\",\"interactiveMap\":\"/${locale}/weather/radar/interactive/l/${locId}\",\"legal\":\"/${locale}/${collectionId}/${assetName}\",\"maps\":\"/maps/${collectionId}\",\"memberSettings\":\"/${locale}/member/settings\",\"memorialdayCountdown\":\"/forecast/memorial-day-countdown/l/${locId}\",\"mlbCountdown\":\"/${locale}/forecast/opening-day-countdown/l/${locId}\",\"monthly\":\"/${locale}/weather/monthly/l/${locId}\",\"notification\":\"/${locale}/life/manage-notifications\",\"premiumOnboarding\":\"/premium/onboarding\",\"privacyPolicyDirectory\":\"/${locale}/privacy-policy-directory\",\"privacySettings\":\"/${locale}/privacy-settings\",\"radar\":\"/${locale}/weather/radar/interactive/l/${locId}\",\"rss\":\"/rss\",\"search\":\"/${locale}/search/enhancedlocalsearch\",\"ski\":\"/${locale}/forecast/ski/l/${locId}\",\"slideshows\":\"/${locale}/slideshows\",\"tenday\":\"/${locale}/weather/tenday/l/${locId}\",\"testUrl\":\"/${locale}/weather/testUrl\",\"thanksgivingCountdown\":\"/forecast/thanksgiving-countdown/l/${locId}\",\"today\":\"/${locale}/weather/today/l/${locId}\",\"unsubscribe\":\"/${locale}/life/alerts/unsubscribe\",\"video\":\"/${locale}/${collectionId}/video/${videoTitle}\",\"weekend\":\"/${locale}/weather/weekend/l/${locId}\",\"yesterday\":\"//www.wunderground.com/history/daily/${locId}/yesterday\"}},\"si-LK\":{\"wxu-urls\":{\"airQuality\":\"/${locale}/forecast/air-quality/l/${locId}\",\"alertDetails\":\"/${locale}/weather/alerts/localalerts/l/${locId}\",\"alerts\":\"/${locale}/weather/alerts/localalerts/l/${locId}\",\"allergy\":\"/${locale}/forecast/allergy/l/${locId}\",\"apps\":\"/${locale}/${collectionId}/${assetName}\",\"article\":\"/${locale}/${collectionId}/news/${articleTitle}\",\"betterDecisions\":\"/mission\",\"boatBeach\":\"/${locale}/forecast/boat-beach/l/${locId}\",\"breathing\":\"/${locale}/forecast/breathing/l/${locId}\",\"callforcode\":\"/callforcode\",\"christmasCountdown\":\"/forecast/christmas-countdown/l/${locId}\",\"coldFlu\":\"/${locale}/forecast/cold-flu/l/${locId}\",\"covid19\":\"/${locale}/coronavirus/l/${locId}\",\"covid19map\":\"/${locale}/coronavirus/map/l/${locId}\",\"dataDefinitions\":\"/${locale}/data-definitions\",\"dataInventory\":\"/${locale}/data-inventory\",\"dataPartners\":\"/${locale}/data-partners\",\"dataRights\":\"/${locale}/data-rights\",\"farming\":\"/${locale}/forecast/agriculture/l/${locId}\",\"fishing\":\"/${locale}/forecast/fishing/l/${locId}\",\"fiveday\":\"/${locale}/weather/5day/l/${locId}\",\"goRun\":\"/${locale}/forecast/gorun/l/${locId}\",\"home\":\"/${locale}\",\"hourly\":\"/${locale}/weather/hourbyhour/l/${locId}\",\"interactiveMap\":\"/${locale}/weather/maps/interactive/l/${locId}\",\"legal\":\"/${locale}/${collectionId}/${assetName}\",\"maps\":\"/maps/${collectionId}\",\"memberSettings\":\"/${locale}/member/settings\",\"memorialdayCountdown\":\"/forecast/memorial-day-countdown/l/${locId}\",\"mlbCountdown\":\"/${locale}/forecast/opening-day-countdown/l/${locId}\",\"monthly\":\"/${locale}/weather/monthly/l/${locId}\",\"notification\":\"/${locale}/life/manage-notifications\",\"premiumOnboarding\":\"/premium/onboarding\",\"privacyPolicyDirectory\":\"/${locale}/privacy-policy-directory\",\"privacySettings\":\"/${locale}/privacy-settings\",\"radar\":\"/${locale}/weather/maps/interactive/l/${locId}\",\"rss\":\"/rss\",\"search\":\"/${locale}/search/enhancedlocalsearch\",\"ski\":\"/${locale}/forecast/ski/l/${locId}\",\"slideshows\":\"/${locale}/slideshows\",\"tenday\":\"/${locale}/weather/tenday/l/${locId}\",\"testUrl\":\"/${locale}/weather/testUrl\",\"thanksgivingCountdown\":\"/forecast/thanksgiving-countdown/l/${locId}\",\"today\":\"/${locale}/weather/today/l/${locId}\",\"unsubscribe\":\"/${locale}/life/alerts/unsubscribe\",\"video\":\"/${locale}/${collectionId}/video/${videoTitle}\",\"weekend\":\"/${locale}/weather/weekend/l/${locId}\",\"yesterday\":\"//www.wunderground.com/history/daily/${locId}/yesterday\"}},\"sk-SK\":{\"wxu-urls\":{\"airQuality\":\"/${locale}/forecast/air-quality/l/${locId}\",\"alertDetails\":\"/${locale}/weather/alerts/localalerts/l/${locId}\",\"alerts\":\"/${locale}/weather/alerts/localalerts/l/${locId}\",\"allergy\":\"/${locale}/forecast/allergy/l/${locId}\",\"apps\":\"/${locale}/${collectionId}/${assetName}\",\"article\":\"/${locale}/${collectionId}/news/${articleTitle}\",\"betterDecisions\":\"/ciel\",\"boatBeach\":\"/${locale}/forecast/boat-beach/l/${locId}\",\"breathing\":\"/${locale}/forecast/breathing/l/${locId}\",\"callforcode\":\"/callforcode\",\"christmasCountdown\":\"/forecast/christmas-countdown/l/${locId}\",\"coldFlu\":\"/${locale}/forecast/cold-flu/l/${locId}\",\"covid19\":\"/${locale}/coronavirus/l/${locId}\",\"covid19map\":\"/${locale}/coronavirus/map/l/${locId}\",\"dataDefinitions\":\"/${locale}/definicie-udajov\",\"dataInventory\":\"/${locale}/data-inventory\",\"dataPartners\":\"/${locale}/data-partners\",\"dataRights\":\"/${locale}/prava-na-pristup-k-udajom\",\"farming\":\"/${locale}/forecast/agriculture/l/${locId}\",\"fishing\":\"/${locale}/forecast/fishing/l/${locId}\",\"fiveday\":\"/${locale}/pocasie/5dni/l/${locId}\",\"goRun\":\"/${locale}/forecast/gorun/l/${locId}\",\"home\":\"/${locale}\",\"hourly\":\"/${locale}/pocasie/Hodinova/l/${locId}\",\"interactiveMap\":\"/${locale}/pocasie/mapy/interactive/l/${locId}\",\"legal\":\"/${locale}/${collectionId}/${assetName}\",\"maps\":\"/maps/${collectionId}\",\"memberSettings\":\"/${locale}/member/settings\",\"memorialdayCountdown\":\"/forecast/memorial-day-countdown/l/${locId}\",\"mlbCountdown\":\"/${locale}/forecast/opening-day-countdown/l/${locId}\",\"monthly\":\"/${locale}/pocasie/mesacne/l/${locId}\",\"notification\":\"/${locale}/life/manage-notifications\",\"premiumOnboarding\":\"/premium/onboarding\",\"privacyPolicyDirectory\":\"/${locale}/privacy-policy-directory\",\"privacySettings\":\"/${locale}/privacy-settings\",\"radar\":\"/${locale}/weather/radar/interactive/l/${locId}\",\"rss\":\"/rss\",\"search\":\"/${locale}/search/enhancedlocalsearch\",\"ski\":\"/${locale}/forecast/ski/l/${locId}\",\"slideshows\":\"/${locale}/slideshows\",\"tenday\":\"/${locale}/pocasie/10dni/l/${locId}\",\"testUrl\":\"/${locale}/weather/testUrl\",\"thanksgivingCountdown\":\"/forecast/thanksgiving-countdown/l/${locId}\",\"today\":\"/${locale}/pocasie/dnes/l/${locId}\",\"unsubscribe\":\"/${locale}/life/alerts/unsubscribe\",\"video\":\"/${locale}/${collectionId}/video/${videoTitle}\",\"weekend\":\"/${locale}/pocasie/vikend/l/${locId}\",\"yesterday\":\"//www.wunderground.com/history/daily/${locId}/yesterday\"}},\"sl-SI\":{\"wxu-urls\":{\"airQuality\":\"/${locale}/forecast/air-quality/l/${locId}\",\"alertDetails\":\"/${locale}/weather/alerts/localalerts/l/${locId}\",\"alerts\":\"/${locale}/weather/alerts/localalerts/l/${locId}\",\"allergy\":\"/${locale}/forecast/allergy/l/${locId}\",\"apps\":\"/${locale}/${collectionId}/${assetName}\",\"article\":\"/${locale}/${collectionId}/news/${articleTitle}\",\"betterDecisions\":\"/mission\",\"boatBeach\":\"/${locale}/forecast/boat-beach/l/${locId}\",\"breathing\":\"/${locale}/forecast/breathing/l/${locId}\",\"callforcode\":\"/callforcode\",\"christmasCountdown\":\"/forecast/christmas-countdown/l/${locId}\",\"coldFlu\":\"/${locale}/forecast/cold-flu/l/${locId}\",\"covid19\":\"/${locale}/coronavirus/l/${locId}\",\"covid19map\":\"/${locale}/coronavirus/map/l/${locId}\",\"dataDefinitions\":\"/${locale}/data-definitions\",\"dataInventory\":\"/${locale}/data-inventory\",\"dataPartners\":\"/${locale}/data-partners\",\"dataRights\":\"/${locale}/data-rights\",\"farming\":\"/${locale}/forecast/agriculture/l/${locId}\",\"fishing\":\"/${locale}/forecast/fishing/l/${locId}\",\"fiveday\":\"/${locale}/vreme/5dni/l/${locId}\",\"goRun\":\"/${locale}/forecast/gorun/l/${locId}\",\"home\":\"/${locale}\",\"hourly\":\"/${locale}/vreme/urozauro/l/${locId}\",\"interactiveMap\":\"/${locale}/vreme/zrmljevidi/interaktivno/l/${locId}\",\"legal\":\"/${locale}/${collectionId}/${assetName}\",\"maps\":\"/maps/${collectionId}\",\"memberSettings\":\"/${locale}/member/settings\",\"memorialdayCountdown\":\"/forecast/memorial-day-countdown/l/${locId}\",\"mlbCountdown\":\"/${locale}/forecast/opening-day-countdown/l/${locId}\",\"monthly\":\"/${locale}/vreme/mesecno/l/${locId}\",\"notification\":\"/${locale}/life/manage-notifications\",\"premiumOnboarding\":\"/premium/onboarding\",\"privacyPolicyDirectory\":\"/${locale}/privacy-policy-directory\",\"privacySettings\":\"/${locale}/privacy-settings\",\"radar\":\"/${locale}/weather/radar/interactive/l/${locId}\",\"rss\":\"/rss\",\"search\":\"/${locale}/search/enhancedlocalsearch\",\"ski\":\"/${locale}/forecast/ski/l/${locId}\",\"slideshows\":\"/${locale}/slideshows\",\"tenday\":\"/${locale}/vreme/desetdni/l/${locId}\",\"testUrl\":\"/${locale}/weather/testUrl\",\"thanksgivingCountdown\":\"/forecast/thanksgiving-countdown/l/${locId}\",\"today\":\"/${locale}/vreme/danes/l/${locId}\",\"unsubscribe\":\"/${locale}/life/alerts/unsubscribe\",\"video\":\"/${locale}/${collectionId}/video/${videoTitle}\",\"weekend\":\"/${locale}/vreme/konectedna/l/${locId}\",\"yesterday\":\"//www.wunderground.com/history/daily/${locId}/yesterday\"}},\"sq-AL\":{\"wxu-urls\":{\"airQuality\":\"/${locale}/forecast/air-quality/l/${locId}\",\"alertDetails\":\"/${locale}/weather/alerts/localalerts/l/${locId}\",\"alerts\":\"/${locale}/weather/alerts/localalerts/l/${locId}\",\"allergy\":\"/${locale}/forecast/allergy/l/${locId}\",\"apps\":\"/${locale}/${collectionId}/${assetName}\",\"article\":\"/${locale}/${collectionId}/news/${articleTitle}\",\"betterDecisions\":\"/mission\",\"boatBeach\":\"/${locale}/forecast/boat-beach/l/${locId}\",\"breathing\":\"/${locale}/forecast/breathing/l/${locId}\",\"callforcode\":\"/callforcode\",\"christmasCountdown\":\"/forecast/christmas-countdown/l/${locId}\",\"coldFlu\":\"/${locale}/forecast/cold-flu/l/${locId}\",\"covid19\":\"/${locale}/coronavirus/l/${locId}\",\"covid19map\":\"/${locale}/coronavirus/map/l/${locId}\",\"dataDefinitions\":\"/${locale}/data-definitions\",\"dataInventory\":\"/${locale}/data-inventory\",\"dataPartners\":\"/${locale}/data-partners\",\"dataRights\":\"/${locale}/data-rights\",\"farming\":\"/${locale}/forecast/agriculture/l/${locId}\",\"fishing\":\"/${locale}/forecast/fishing/l/${locId}\",\"fiveday\":\"/${locale}/moti/5dite/l/${locId}\",\"goRun\":\"/${locale}/forecast/gorun/l/${locId}\",\"home\":\"/${locale}\",\"hourly\":\"/${locale}/moti/orepasore/l/${locId}\",\"interactiveMap\":\"/${locale}/moti/hartat/interaktive/l/${locId}\",\"legal\":\"/${locale}/${collectionId}/${assetName}\",\"maps\":\"/maps/${collectionId}\",\"memberSettings\":\"/${locale}/member/settings\",\"memorialdayCountdown\":\"/forecast/memorial-day-countdown/l/${locId}\",\"mlbCountdown\":\"/${locale}/forecast/opening-day-countdown/l/${locId}\",\"monthly\":\"/${locale}/moti/mujor/l/${locId}\",\"notification\":\"/${locale}/life/manage-notifications\",\"premiumOnboarding\":\"/premium/onboarding\",\"privacyPolicyDirectory\":\"/${locale}/privacy-policy-directory\",\"privacySettings\":\"/${locale}/privacy-settings\",\"radar\":\"/${locale}/weather/radar/interactive/l/${locId}\",\"rss\":\"/rss\",\"search\":\"/${locale}/search/enhancedlocalsearch\",\"ski\":\"/${locale}/forecast/ski/l/${locId}\",\"slideshows\":\"/${locale}/slideshows\",\"tenday\":\"/${locale}/moti/dhjetedite/l/${locId}\",\"testUrl\":\"/${locale}/weather/testUrl\",\"thanksgivingCountdown\":\"/forecast/thanksgiving-countdown/l/${locId}\",\"today\":\"/${locale}/moti/sot/l/${locId}\",\"unsubscribe\":\"/${locale}/life/alerts/unsubscribe\",\"video\":\"/${locale}/${collectionId}/video/${videoTitle}\",\"weekend\":\"/${locale}/moti/fundjave/l/${locId}\",\"yesterday\":\"//www.wunderground.com/history/daily/${locId}/yesterday\"}},\"sr-RS\":{\"wxu-urls\":{\"airQuality\":\"/${locale}/forecast/air-quality/l/${locId}\",\"alertDetails\":\"/${locale}/weather/alerts/localalerts/l/${locId}\",\"alerts\":\"/${locale}/weather/alerts/localalerts/l/${locId}\",\"allergy\":\"/${locale}/forecast/allergy/l/${locId}\",\"apps\":\"/${locale}/${collectionId}/${assetName}\",\"article\":\"/${locale}/${collectionId}/news/${articleTitle}\",\"betterDecisions\":\"/mission\",\"boatBeach\":\"/${locale}/forecast/boat-beach/l/${locId}\",\"breathing\":\"/${locale}/forecast/breathing/l/${locId}\",\"callforcode\":\"/callforcode\",\"christmasCountdown\":\"/forecast/christmas-countdown/l/${locId}\",\"coldFlu\":\"/${locale}/forecast/cold-flu/l/${locId}\",\"covid19\":\"/${locale}/coronavirus/l/${locId}\",\"covid19map\":\"/${locale}/coronavirus/map/l/${locId}\",\"dataDefinitions\":\"/${locale}/data-definitions\",\"dataInventory\":\"/${locale}/data-inventory\",\"dataPartners\":\"/${locale}/data-partners\",\"dataRights\":\"/${locale}/data-rights\",\"farming\":\"/${locale}/forecast/agriculture/l/${locId}\",\"fishing\":\"/${locale}/forecast/fishing/l/${locId}\",\"fiveday\":\"/${locale}/vreme/5dana/l/${locId}\",\"goRun\":\"/${locale}/forecast/gorun/l/${locId}\",\"home\":\"/${locale}\",\"hourly\":\"/${locale}/vreme/pocasovima/l/${locId}\",\"interactiveMap\":\"/${locale}/vreme/karte/interaktivno/l/${locId}\",\"legal\":\"/${locale}/${collectionId}/${assetName}\",\"maps\":\"/maps/${collectionId}\",\"memberSettings\":\"/${locale}/member/settings\",\"memorialdayCountdown\":\"/forecast/memorial-day-countdown/l/${locId}\",\"mlbCountdown\":\"/${locale}/forecast/opening-day-countdown/l/${locId}\",\"monthly\":\"/${locale}/vreme/mesecna/l/${locId}\",\"notification\":\"/${locale}/life/manage-notifications\",\"premiumOnboarding\":\"/premium/onboarding\",\"privacyPolicyDirectory\":\"/${locale}/privacy-policy-directory\",\"privacySettings\":\"/${locale}/privacy-settings\",\"radar\":\"/${locale}/weather/radar/interactive/l/${locId}\",\"rss\":\"/rss\",\"search\":\"/${locale}/search/enhancedlocalsearch\",\"ski\":\"/${locale}/forecast/ski/l/${locId}\",\"slideshows\":\"/${locale}/slideshows\",\"tenday\":\"/${locale}/vreme/desetdana/l/${locId}\",\"testUrl\":\"/${locale}/weather/testUrl\",\"thanksgivingCountdown\":\"/forecast/thanksgiving-countdown/l/${locId}\",\"today\":\"/${locale}/vreme/danas/l/${locId}\",\"unsubscribe\":\"/${locale}/life/alerts/unsubscribe\",\"video\":\"/${locale}/${collectionId}/video/${videoTitle}\",\"weekend\":\"/${locale}/haliyahewa/wikendi/l/${locId}\",\"yesterday\":\"//www.wunderground.com/history/daily/${locId}/yesterday\"}},\"sv-SE\":{\"wxu-urls\":{\"airQuality\":\"/${locale}/forecast/air-quality/l/${locId}\",\"alertDetails\":\"/${locale}/weather/alerts/localalerts/l/${locId}\",\"alerts\":\"/${locale}/weather/alerts/localalerts/l/${locId}\",\"allergy\":\"/${locale}/forecast/allergy/l/${locId}\",\"apps\":\"/${locale}/${collectionId}/${assetName}\",\"article\":\"/${locale}/${collectionId}/news/${articleTitle}\",\"betterDecisions\":\"/mission\",\"boatBeach\":\"/${locale}/forecast/boat-beach/l/${locId}\",\"breathing\":\"/${locale}/forecast/breathing/l/${locId}\",\"callforcode\":\"/callforcode\",\"christmasCountdown\":\"/forecast/christmas-countdown/l/${locId}\",\"coldFlu\":\"/${locale}/forecast/cold-flu/l/${locId}\",\"covid19\":\"/${locale}/coronavirus/l/${locId}\",\"covid19map\":\"/${locale}/coronavirus/map/l/${locId}\",\"dataDefinitions\":\"/${locale}/data-definitions\",\"dataInventory\":\"/${locale}/data-inventory\",\"dataPartners\":\"/${locale}/data-partners\",\"dataRights\":\"/${locale}/data-rights\",\"farming\":\"/${locale}/forecast/agriculture/l/${locId}\",\"fishing\":\"/${locale}/forecast/fishing/l/${locId}\",\"fiveday\":\"/${locale}/weather/5day/l/${locId}\",\"goRun\":\"/${locale}/forecast/gorun/l/${locId}\",\"home\":\"/${locale}\",\"hourly\":\"/${locale}/weather/hourbyhour/l/${locId}\",\"interactiveMap\":\"/${locale}/weather/radar/interactive/l/${locId}\",\"legal\":\"/${locale}/${collectionId}/${assetName}\",\"maps\":\"/maps/${collectionId}\",\"memberSettings\":\"/${locale}/member/settings\",\"memorialdayCountdown\":\"/forecast/memorial-day-countdown/l/${locId}\",\"mlbCountdown\":\"/${locale}/forecast/opening-day-countdown/l/${locId}\",\"monthly\":\"/${locale}/weather/monthly/l/${locId}\",\"notification\":\"/${locale}/life/manage-notifications\",\"premiumOnboarding\":\"/premium/onboarding\",\"privacyPolicyDirectory\":\"/${locale}/privacy-policy-directory\",\"privacySettings\":\"/${locale}/privacy-settings\",\"radar\":\"/${locale}/weather/radar/interactive/l/${locId}\",\"rss\":\"/rss\",\"search\":\"/${locale}/search/enhancedlocalsearch\",\"ski\":\"/${locale}/forecast/ski/l/${locId}\",\"slideshows\":\"/${locale}/slideshows\",\"tenday\":\"/${locale}/weather/tenday/l/${locId}\",\"testUrl\":\"/${locale}/weather/testUrl\",\"thanksgivingCountdown\":\"/forecast/thanksgiving-countdown/l/${locId}\",\"today\":\"/${locale}/weather/today/l/${locId}\",\"unsubscribe\":\"/${locale}/life/alerts/unsubscribe\",\"video\":\"/${locale}/${collectionId}/video/${videoTitle}\",\"weekend\":\"/${locale}/weather/weekend/l/${locId}\",\"yesterday\":\"//www.wunderground.com/history/daily/${locId}/yesterday\"}},\"sw\":{\"wxu-urls\":{\"airQuality\":\"/${locale}/forecast/air-quality/l/${locId}\",\"alertDetails\":\"/${locale}/weather/alerts/localalerts/l/${locId}\",\"alerts\":\"/${locale}/weather/alerts/localalerts/l/${locId}\",\"allergy\":\"/${locale}/forecast/allergy/l/${locId}\",\"apps\":\"/${locale}/${collectionId}/${assetName}\",\"article\":\"/${locale}/${collectionId}/news/${articleTitle}\",\"betterDecisions\":\"/mission\",\"boatBeach\":\"/${locale}/forecast/boat-beach/l/${locId}\",\"breathing\":\"/${locale}/forecast/breathing/l/${locId}\",\"callforcode\":\"/callforcode\",\"christmasCountdown\":\"/forecast/christmas-countdown/l/${locId}\",\"coldFlu\":\"/${locale}/forecast/cold-flu/l/${locId}\",\"covid19\":\"/${locale}/coronavirus/l/${locId}\",\"covid19map\":\"/${locale}/coronavirus/map/l/${locId}\",\"dataDefinitions\":\"/${locale}/data-definitions\",\"dataInventory\":\"/${locale}/data-inventory\",\"dataPartners\":\"/${locale}/data-partners\",\"dataRights\":\"/${locale}/data-rights\",\"farming\":\"/${locale}/forecast/agriculture/l/${locId}\",\"fishing\":\"/${locale}/forecast/fishing/l/${locId}\",\"fiveday\":\"/${locale}/haliyahewa/siku5/l/${locId}\",\"goRun\":\"/${locale}/forecast/gorun/l/${locId}\",\"home\":\"/${locale}\",\"hourly\":\"/${locale}/haliyahewa/saakwasaa/l/${locId}\",\"interactiveMap\":\"/${locale}/haliyahewa/ramani/mwingiliano/l/${locId}\",\"legal\":\"/${locale}/${collectionId}/${assetName}\",\"maps\":\"/maps/${collectionId}\",\"memberSettings\":\"/${locale}/member/settings\",\"memorialdayCountdown\":\"/forecast/memorial-day-countdown/l/${locId}\",\"mlbCountdown\":\"/${locale}/forecast/opening-day-countdown/l/${locId}\",\"monthly\":\"/${locale}/haliyahewa/kilamwezi/l/${locId}\",\"notification\":\"/${locale}/life/manage-notifications\",\"premiumOnboarding\":\"/premium/onboarding\",\"privacyPolicyDirectory\":\"/${locale}/privacy-policy-directory\",\"privacySettings\":\"/${locale}/privacy-settings\",\"radar\":\"/${locale}/haliyahewa/ramani/mwingiliano/l/${locId}\",\"rss\":\"/rss\",\"search\":\"/${locale}/search/enhancedlocalsearch\",\"ski\":\"/${locale}/forecast/ski/l/${locId}\",\"slideshows\":\"/${locale}/slideshows\",\"tenday\":\"/${locale}/haliyahewa/sikukumi/l/${locId}\",\"testUrl\":\"/${locale}/weather/testUrl\",\"thanksgivingCountdown\":\"/forecast/thanksgiving-countdown/l/${locId}\",\"today\":\"/${locale}/haliyahewa/leo/l/${locId}\",\"unsubscribe\":\"/${locale}/life/alerts/unsubscribe\",\"video\":\"/${locale}/${collectionId}/video/${videoTitle}\",\"weekend\":\"/${locale}/haliyahewa/wikendi/l/${locId}\",\"yesterday\":\"//www.wunderground.com/history/daily/${locId}/yesterday\"}},\"ta-IN\":{\"wxu-urls\":{\"airQuality\":\"/${locale}/forecast/air-quality/l/${locId}\",\"alertDetails\":\"/${locale}/weather/alerts/localalerts/l/${locId}\",\"alerts\":\"/${locale}/weather/alerts/localalerts/l/${locId}\",\"allergy\":\"/${locale}/forecast/allergy/l/${locId}\",\"apps\":\"/${locale}/${collectionId}/${assetName}\",\"article\":\"/${locale}/${collectionId}/news/${articleTitle}\",\"betterDecisions\":\"/mission\",\"boatBeach\":\"/${locale}/forecast/boat-beach/l/${locId}\",\"breathing\":\"/${locale}/forecast/breathing/l/${locId}\",\"callforcode\":\"/callforcode\",\"christmasCountdown\":\"/forecast/christmas-countdown/l/${locId}\",\"coldFlu\":\"/${locale}/forecast/cold-flu/l/${locId}\",\"covid19\":\"/${locale}/coronavirus/l/${locId}\",\"covid19map\":\"/${locale}/coronavirus/map/l/${locId}\",\"dataDefinitions\":\"/${locale}/data-definitions\",\"dataInventory\":\"/${locale}/data-inventory\",\"dataPartners\":\"/${locale}/data-partners\",\"dataRights\":\"/${locale}/data-rights\",\"farming\":\"/${locale}/forecast/agriculture/l/${locId}\",\"fishing\":\"/${locale}/forecast/fishing/l/${locId}\",\"fiveday\":\"/${locale}/weather/5day/l/${locId}\",\"goRun\":\"/${locale}/forecast/gorun/l/${locId}\",\"home\":\"/${locale}\",\"hourly\":\"/${locale}/weather/hourbyhour/l/${locId}\",\"interactiveMap\":\"/${locale}/weather/maps/interactive/l/${locId}\",\"legal\":\"/${locale}/${collectionId}/${assetName}\",\"maps\":\"/maps/${collectionId}\",\"memberSettings\":\"/${locale}/member/settings\",\"memorialdayCountdown\":\"/forecast/memorial-day-countdown/l/${locId}\",\"mlbCountdown\":\"/${locale}/forecast/opening-day-countdown/l/${locId}\",\"monthly\":\"/${locale}/weather/monthly/l/${locId}\",\"notification\":\"/${locale}/life/manage-notifications\",\"premiumOnboarding\":\"/premium/onboarding\",\"privacyPolicyDirectory\":\"/${locale}/privacy-policy-directory\",\"privacySettings\":\"/${locale}/privacy-settings\",\"radar\":\"/${locale}/weather/maps/interactive/l/${locId}\",\"rss\":\"/rss\",\"search\":\"/${locale}/search/enhancedlocalsearch\",\"ski\":\"/${locale}/forecast/ski/l/${locId}\",\"slideshows\":\"/${locale}/slideshows\",\"tenday\":\"/${locale}/weather/tenday/l/${locId}\",\"testUrl\":\"/${locale}/weather/testUrl\",\"thanksgivingCountdown\":\"/forecast/thanksgiving-countdown/l/${locId}\",\"today\":\"/${locale}/weather/today/l/${locId}\",\"unsubscribe\":\"/${locale}/life/alerts/unsubscribe\",\"video\":\"/${locale}/${collectionId}/video/${videoTitle}\",\"weekend\":\"/${locale}/weather/weekend/l/${locId}\",\"yesterday\":\"//www.wunderground.com/history/daily/${locId}/yesterday\"}},\"te-IN\":{\"wxu-urls\":{\"airQuality\":\"/${locale}/forecast/air-quality/l/${locId}\",\"alertDetails\":\"/${locale}/weather/alerts/localalerts/l/${locId}\",\"alerts\":\"/${locale}/weather/alerts/localalerts/l/${locId}\",\"allergy\":\"/${locale}/forecast/allergy/l/${locId}\",\"apps\":\"/${locale}/${collectionId}/${assetName}\",\"article\":\"/${locale}/${collectionId}/news/${articleTitle}\",\"betterDecisions\":\"/mission\",\"boatBeach\":\"/${locale}/forecast/boat-beach/l/${locId}\",\"breathing\":\"/${locale}/forecast/breathing/l/${locId}\",\"callforcode\":\"/callforcode\",\"christmasCountdown\":\"/forecast/christmas-countdown/l/${locId}\",\"coldFlu\":\"/${locale}/forecast/cold-flu/l/${locId}\",\"covid19\":\"/${locale}/coronavirus/l/${locId}\",\"covid19map\":\"/${locale}/coronavirus/map/l/${locId}\",\"dataDefinitions\":\"/${locale}/data-definitions\",\"dataInventory\":\"/${locale}/data-inventory\",\"dataPartners\":\"/${locale}/data-partners\",\"dataRights\":\"/${locale}/data-rights\",\"farming\":\"/${locale}/forecast/agriculture/l/${locId}\",\"fishing\":\"/${locale}/forecast/fishing/l/${locId}\",\"fiveday\":\"/${locale}/weather/5day/l/${locId}\",\"goRun\":\"/${locale}/forecast/gorun/l/${locId}\",\"home\":\"/${locale}\",\"hourly\":\"/${locale}/weather/hourbyhour/l/${locId}\",\"interactiveMap\":\"/${locale}/weather/maps/interactive/l/${locId}\",\"legal\":\"/${locale}/${collectionId}/${assetName}\",\"maps\":\"/maps/${collectionId}\",\"memberSettings\":\"/${locale}/member/settings\",\"memorialdayCountdown\":\"/forecast/memorial-day-countdown/l/${locId}\",\"mlbCountdown\":\"/${locale}/forecast/opening-day-countdown/l/${locId}\",\"monthly\":\"/${locale}/weather/monthly/l/${locId}\",\"notification\":\"/${locale}/life/manage-notifications\",\"premiumOnboarding\":\"/premium/onboarding\",\"privacyPolicyDirectory\":\"/${locale}/privacy-policy-directory\",\"privacySettings\":\"/${locale}/privacy-settings\",\"radar\":\"/${locale}/weather/radar/interactive/l/${locId}\",\"rss\":\"/rss\",\"search\":\"/${locale}/search/enhancedlocalsearch\",\"ski\":\"/${locale}/forecast/ski/l/${locId}\",\"slideshows\":\"/${locale}/slideshows\",\"tenday\":\"/${locale}/weather/tenday/l/${locId}\",\"testUrl\":\"/${locale}/weather/testUrl\",\"thanksgivingCountdown\":\"/forecast/thanksgiving-countdown/l/${locId}\",\"today\":\"/${locale}/weather/today/l/${locId}\",\"unsubscribe\":\"/${locale}/life/alerts/unsubscribe\",\"video\":\"/${locale}/${collectionId}/video/${videoTitle}\",\"weekend\":\"/${locale}/weather/weekend/l/${locId}\",\"yesterday\":\"//www.wunderground.com/history/daily/${locId}/yesterday\"}},\"tg-TJ\":{\"wxu-urls\":{\"airQuality\":\"/${locale}/forecast/air-quality/l/${locId}\",\"alertDetails\":\"/${locale}/weather/alerts/localalerts/l/${locId}\",\"alerts\":\"/${locale}/weather/alerts/localalerts/l/${locId}\",\"allergy\":\"/${locale}/forecast/allergy/l/${locId}\",\"apps\":\"/${locale}/${collectionId}/${assetName}\",\"article\":\"/${locale}/${collectionId}/news/${articleTitle}\",\"betterDecisions\":\"/mission\",\"boatBeach\":\"/${locale}/forecast/boat-beach/l/${locId}\",\"breathing\":\"/${locale}/forecast/breathing/l/${locId}\",\"callforcode\":\"/callforcode\",\"christmasCountdown\":\"/forecast/christmas-countdown/l/${locId}\",\"coldFlu\":\"/${locale}/forecast/cold-flu/l/${locId}\",\"covid19\":\"/${locale}/coronavirus/l/${locId}\",\"covid19map\":\"/${locale}/coronavirus/map/l/${locId}\",\"dataDefinitions\":\"/${locale}/data-definitions\",\"dataInventory\":\"/${locale}/data-inventory\",\"dataPartners\":\"/${locale}/data-partners\",\"dataRights\":\"/${locale}/data-rights\",\"farming\":\"/${locale}/forecast/agriculture/l/${locId}\",\"fishing\":\"/${locale}/forecast/fishing/l/${locId}\",\"fiveday\":\"/${locale}/weather/5day/l/${locId}\",\"goRun\":\"/${locale}/forecast/gorun/l/${locId}\",\"home\":\"/${locale}\",\"hourly\":\"/${locale}/weather/hourbyhour/l/${locId}\",\"interactiveMap\":\"/${locale}/weather/maps/interactive/l/${locId}\",\"legal\":\"/${locale}/${collectionId}/${assetName}\",\"maps\":\"/maps/${collectionId}\",\"memberSettings\":\"/${locale}/member/settings\",\"memorialdayCountdown\":\"/forecast/memorial-day-countdown/l/${locId}\",\"mlbCountdown\":\"/${locale}/forecast/opening-day-countdown/l/${locId}\",\"monthly\":\"/${locale}/weather/monthly/l/${locId}\",\"notification\":\"/${locale}/life/manage-notifications\",\"premiumOnboarding\":\"/premium/onboarding\",\"privacyPolicyDirectory\":\"/${locale}/privacy-policy-directory\",\"privacySettings\":\"/${locale}/privacy-settings\",\"radar\":\"/${locale}/weather/radar/interactive/l/${locId}\",\"rss\":\"/rss\",\"search\":\"/${locale}/search/enhancedlocalsearch\",\"ski\":\"/${locale}/forecast/ski/l/${locId}\",\"slideshows\":\"/${locale}/slideshows\",\"tenday\":\"/${locale}/weather/tenday/l/${locId}\",\"testUrl\":\"/${locale}/weather/testUrl\",\"thanksgivingCountdown\":\"/forecast/thanksgiving-countdown/l/${locId}\",\"today\":\"/${locale}/weather/today/l/${locId}\",\"unsubscribe\":\"/${locale}/life/alerts/unsubscribe\",\"video\":\"/${locale}/${collectionId}/video/${videoTitle}\",\"weekend\":\"/${locale}/weather/weekend/l/${locId}\",\"yesterday\":\"//www.wunderground.com/history/daily/${locId}/yesterday\"}},\"th-TH\":{\"wxu-urls\":{\"airQuality\":\"/${locale}/forecast/air-quality/l/${locId}\",\"alertDetails\":\"/${locale}/weather/alerts/localalerts/l/${locId}\",\"alerts\":\"/${locale}/weather/alerts/localalerts/l/${locId}\",\"allergy\":\"/${locale}/forecast/allergy/l/${locId}\",\"apps\":\"/${locale}/${collectionId}/${assetName}\",\"article\":\"/${locale}/${collectionId}/news/${articleTitle}\",\"betterDecisions\":\"/mission\",\"boatBeach\":\"/${locale}/forecast/boat-beach/l/${locId}\",\"breathing\":\"/${locale}/forecast/breathing/l/${locId}\",\"callforcode\":\"/callforcode\",\"christmasCountdown\":\"/forecast/christmas-countdown/l/${locId}\",\"coldFlu\":\"/${locale}/forecast/cold-flu/l/${locId}\",\"covid19\":\"/${locale}/coronavirus/l/${locId}\",\"covid19map\":\"/${locale}/coronavirus/map/l/${locId}\",\"dataDefinitions\":\"/${locale}/data-definitions\",\"dataInventory\":\"/${locale}/data-inventory\",\"dataPartners\":\"/${locale}/data-partners\",\"dataRights\":\"/${locale}/data-rights\",\"farming\":\"/${locale}/forecast/agriculture/l/${locId}\",\"fishing\":\"/${locale}/forecast/fishing/l/${locId}\",\"fiveday\":\"/${locale}/weather/5day/l/${locId}\",\"goRun\":\"/${locale}/forecast/gorun/l/${locId}\",\"home\":\"/${locale}\",\"hourly\":\"/${locale}/weather/hourbyhour/l/${locId}\",\"interactiveMap\":\"/${locale}/weather/radar/interactive/l/${locId}\",\"legal\":\"/${locale}/${collectionId}/${assetName}\",\"maps\":\"/maps/${collectionId}\",\"memberSettings\":\"/${locale}/member/settings\",\"memorialdayCountdown\":\"/forecast/memorial-day-countdown/l/${locId}\",\"mlbCountdown\":\"/${locale}/forecast/opening-day-countdown/l/${locId}\",\"monthly\":\"/${locale}/weather/monthly/l/${locId}\",\"notification\":\"/${locale}/life/manage-notifications\",\"premiumOnboarding\":\"/premium/onboarding\",\"privacyPolicyDirectory\":\"/${locale}/privacy-policy-directory\",\"privacySettings\":\"/${locale}/privacy-settings\",\"radar\":\"/${locale}/weather/radar/interactive/l/${locId}\",\"rss\":\"/rss\",\"search\":\"/${locale}/search/enhancedlocalsearch\",\"ski\":\"/${locale}/forecast/ski/l/${locId}\",\"slideshows\":\"/${locale}/slideshows\",\"tenday\":\"/${locale}/weather/tenday/l/${locId}\",\"testUrl\":\"/${locale}/weather/testUrl\",\"thanksgivingCountdown\":\"/forecast/thanksgiving-countdown/l/${locId}\",\"today\":\"/${locale}/weather/today/l/${locId}\",\"unsubscribe\":\"/${locale}/life/alerts/unsubscribe\",\"video\":\"/${locale}/${collectionId}/video/${videoTitle}\",\"weekend\":\"/${locale}/weather/weekend/l/${locId}\",\"yesterday\":\"//www.wunderground.com/history/daily/${locId}/yesterday\"}},\"tk-TM\":{\"wxu-urls\":{\"airQuality\":\"/${locale}/forecast/air-quality/l/${locId}\",\"alertDetails\":\"/${locale}/weather/alerts/localalerts/l/${locId}\",\"alerts\":\"/${locale}/weather/alerts/localalerts/l/${locId}\",\"allergy\":\"/${locale}/forecast/allergy/l/${locId}\",\"apps\":\"/${locale}/${collectionId}/${assetName}\",\"article\":\"/${locale}/${collectionId}/news/${articleTitle}\",\"betterDecisions\":\"/mission\",\"boatBeach\":\"/${locale}/forecast/boat-beach/l/${locId}\",\"breathing\":\"/${locale}/forecast/breathing/l/${locId}\",\"callforcode\":\"/callforcode\",\"christmasCountdown\":\"/forecast/christmas-countdown/l/${locId}\",\"coldFlu\":\"/${locale}/forecast/cold-flu/l/${locId}\",\"covid19\":\"/${locale}/coronavirus/l/${locId}\",\"covid19map\":\"/${locale}/coronavirus/map/l/${locId}\",\"dataDefinitions\":\"/${locale}/data-definitions\",\"dataInventory\":\"/${locale}/data-inventory\",\"dataPartners\":\"/${locale}/data-partners\",\"dataRights\":\"/${locale}/data-rights\",\"farming\":\"/${locale}/forecast/agriculture/l/${locId}\",\"fishing\":\"/${locale}/forecast/fishing/l/${locId}\",\"fiveday\":\"/${locale}/howa/5gun/l/${locId}\",\"goRun\":\"/${locale}/forecast/gorun/l/${locId}\",\"home\":\"/${locale}\",\"hourly\":\"/${locale}/howa/sagatmasagat/l/${locId}\",\"interactiveMap\":\"/${locale}/howa/kartalar/interaktiw/l/${locId}\",\"legal\":\"/${locale}/${collectionId}/${assetName}\",\"maps\":\"/maps/${collectionId}\",\"memberSettings\":\"/${locale}/member/settings\",\"memorialdayCountdown\":\"/forecast/memorial-day-countdown/l/${locId}\",\"mlbCountdown\":\"/${locale}/forecast/opening-day-countdown/l/${locId}\",\"monthly\":\"/${locale}/howa/aylyk/l/${locId}\",\"notification\":\"/${locale}/life/manage-notifications\",\"premiumOnboarding\":\"/premium/onboarding\",\"privacyPolicyDirectory\":\"/${locale}/privacy-policy-directory\",\"privacySettings\":\"/${locale}/privacy-settings\",\"radar\":\"/${locale}/weather/radar/interactive/l/${locId}\",\"rss\":\"/rss\",\"search\":\"/${locale}/search/enhancedlocalsearch\",\"ski\":\"/${locale}/forecast/ski/l/${locId}\",\"slideshows\":\"/${locale}/slideshows\",\"tenday\":\"/${locale}/howa/ongun/l/${locId}\",\"testUrl\":\"/${locale}/weather/testUrl\",\"thanksgivingCountdown\":\"/forecast/thanksgiving-countdown/l/${locId}\",\"today\":\"/${locale}/howa/sugun/l/${locId}\",\"unsubscribe\":\"/${locale}/life/alerts/unsubscribe\",\"video\":\"/${locale}/${collectionId}/video/${videoTitle}\",\"weekend\":\"/${locale}/howa/dyncguni/l/${locId}\",\"yesterday\":\"//www.wunderground.com/history/daily/${locId}/yesterday\"}},\"tl-PH\":{\"wxu-urls\":{\"airQuality\":\"/${locale}/forecast/air-quality/l/${locId}\",\"alertDetails\":\"/${locale}/weather/alerts/localalerts/l/${locId}\",\"alerts\":\"/${locale}/weather/alerts/localalerts/l/${locId}\",\"allergy\":\"/${locale}/forecast/allergy/l/${locId}\",\"apps\":\"/${locale}/${collectionId}/${assetName}\",\"article\":\"/${locale}/${collectionId}/news/${articleTitle}\",\"betterDecisions\":\"/mission\",\"boatBeach\":\"/${locale}/forecast/boat-beach/l/${locId}\",\"breathing\":\"/${locale}/forecast/breathing/l/${locId}\",\"callforcode\":\"/callforcode\",\"christmasCountdown\":\"/forecast/christmas-countdown/l/${locId}\",\"coldFlu\":\"/${locale}/forecast/cold-flu/l/${locId}\",\"covid19\":\"/${locale}/coronavirus/l/${locId}\",\"covid19map\":\"/${locale}/coronavirus/map/l/${locId}\",\"dataDefinitions\":\"/${locale}/data-definitions\",\"dataInventory\":\"/${locale}/data-inventory\",\"dataPartners\":\"/${locale}/data-partners\",\"dataRights\":\"/${locale}/data-rights\",\"farming\":\"/${locale}/forecast/agriculture/l/${locId}\",\"fishing\":\"/${locale}/forecast/fishing/l/${locId}\",\"fiveday\":\"/${locale}/weather/5day/l/${locId}\",\"goRun\":\"/${locale}/forecast/gorun/l/${locId}\",\"home\":\"/${locale}\",\"hourly\":\"/${locale}/weather/hourbyhour/l/${locId}\",\"interactiveMap\":\"/${locale}/weather/radar/interative/l/${locId}\",\"legal\":\"/${locale}/${collectionId}/${assetName}\",\"maps\":\"/maps/${collectionId}\",\"memberSettings\":\"/${locale}/member/settings\",\"memorialdayCountdown\":\"/forecast/memorial-day-countdown/l/${locId}\",\"mlbCountdown\":\"/${locale}/forecast/opening-day-countdown/l/${locId}\",\"monthly\":\"/${locale}/weather/monthly/l/${locId}\",\"notification\":\"/${locale}/life/manage-notifications\",\"premiumOnboarding\":\"/premium/onboarding\",\"privacyPolicyDirectory\":\"/${locale}/privacy-policy-directory\",\"privacySettings\":\"/${locale}/privacy-settings\",\"radar\":\"/${locale}/weather/radar/interative/l/${locId}\",\"rss\":\"/rss\",\"search\":\"/${locale}/search/enhancedlocalsearch\",\"ski\":\"/${locale}/forecast/ski/l/${locId}\",\"slideshows\":\"/${locale}/slideshows\",\"tenday\":\"/${locale}/weather/tenday/l/${locId}\",\"testUrl\":\"/${locale}/weather/testUrl\",\"thanksgivingCountdown\":\"/forecast/thanksgiving-countdown/l/${locId}\",\"today\":\"/${locale}/weather/today/l/${locId}\",\"unsubscribe\":\"/${locale}/life/alerts/unsubscribe\",\"video\":\"/${locale}/${collectionId}/video/${videoTitle}\",\"weekend\":\"/${locale}/weather/weekend/l/${locId}\",\"yesterday\":\"//www.wunderground.com/history/daily/${locId}/yesterday\"}},\"tr-TR\":{\"wxu-urls\":{\"airQuality\":\"/${locale}/forecast/air-quality/l/${locId}\",\"alertDetails\":\"/${locale}/weather/alerts/localalerts/l/${locId}\",\"alerts\":\"/${locale}/weather/alerts/localalerts/l/${locId}\",\"allergy\":\"/${locale}/forecast/allergy/l/${locId}\",\"apps\":\"/${locale}/${collectionId}/${assetName}\",\"article\":\"/${locale}/${collectionId}/news/${articleTitle}\",\"betterDecisions\":\"/mission\",\"boatBeach\":\"/${locale}/forecast/boat-beach/l/${locId}\",\"breathing\":\"/${locale}/forecast/breathing/l/${locId}\",\"callforcode\":\"/callforcode\",\"christmasCountdown\":\"/forecast/christmas-countdown/l/${locId}\",\"coldFlu\":\"/${locale}/forecast/cold-flu/l/${locId}\",\"covid19\":\"/${locale}/coronavirus/l/${locId}\",\"covid19map\":\"/${locale}/coronavirus/map/l/${locId}\",\"dataDefinitions\":\"/${locale}/data-definitions\",\"dataInventory\":\"/${locale}/data-inventory\",\"dataPartners\":\"/${locale}/data-partners\",\"dataRights\":\"/${locale}/data-rights\",\"farming\":\"/${locale}/forecast/agriculture/l/${locId}\",\"fishing\":\"/${locale}/forecast/fishing/l/${locId}\",\"fiveday\":\"/${locale}/kisisel/5gunluk/l/${locId}\",\"goRun\":\"/${locale}/forecast/gorun/l/${locId}\",\"home\":\"/${locale}\",\"hourly\":\"/${locale}/kisisel/saatlik/l/${locId}\",\"interactiveMap\":\"/${locale}/kisisel/harita/interactive/l/${locId}\",\"legal\":\"/${locale}/${collectionId}/${assetName}\",\"maps\":\"/maps/${collectionId}\",\"memberSettings\":\"/${locale}/member/settings\",\"memorialdayCountdown\":\"/forecast/memorial-day-countdown/l/${locId}\",\"mlbCountdown\":\"/${locale}/forecast/opening-day-countdown/l/${locId}\",\"monthly\":\"/${locale}/kisisel/Ayl\u0131k/l/${locId}\",\"notification\":\"/${locale}/life/manage-notifications\",\"premiumOnboarding\":\"/premium/onboarding\",\"privacyPolicyDirectory\":\"/${locale}/privacy-policy-directory\",\"privacySettings\":\"/${locale}/privacy-settings\",\"radar\":\"/${locale}/kisisel/harita/interactive/l/${locId}\",\"rss\":\"/rss\",\"search\":\"/${locale}/search/enhancedlocalsearch\",\"ski\":\"/${locale}/forecast/ski/l/${locId}\",\"slideshows\":\"/${locale}/slideshows\",\"tenday\":\"/${locale}/kisisel/10gunluk/l/${locId}\",\"testUrl\":\"/${locale}/weather/testUrl\",\"thanksgivingCountdown\":\"/forecast/thanksgiving-countdown/l/${locId}\",\"today\":\"/${locale}/kisisel/bugun/l/${locId}\",\"unsubscribe\":\"/${locale}/life/alerts/unsubscribe\",\"video\":\"/${locale}/${collectionId}/video/${videoTitle}\",\"weekend\":\"/${locale}/kisisel/haftasonu/l/${locId}\",\"yesterday\":\"//www.wunderground.com/history/daily/${locId}/yesterday\"}},\"uk-UA\":{\"wxu-urls\":{\"airQuality\":\"/${locale}/forecast/air-quality/l/${locId}\",\"alertDetails\":\"/${locale}/weather/alerts/localalerts/l/${locId}\",\"alerts\":\"/${locale}/weather/alerts/localalerts/l/${locId}\",\"allergy\":\"/${locale}/forecast/allergy/l/${locId}\",\"apps\":\"/${locale}/${collectionId}/${assetName}\",\"article\":\"/${locale}/${collectionId}/news/${articleTitle}\",\"betterDecisions\":\"/mission\",\"boatBeach\":\"/${locale}/forecast/boat-beach/l/${locId}\",\"breathing\":\"/${locale}/forecast/breathing/l/${locId}\",\"callforcode\":\"/callforcode\",\"christmasCountdown\":\"/forecast/christmas-countdown/l/${locId}\",\"coldFlu\":\"/${locale}/forecast/cold-flu/l/${locId}\",\"covid19\":\"/${locale}/coronavirus/l/${locId}\",\"covid19map\":\"/${locale}/coronavirus/map/l/${locId}\",\"dataDefinitions\":\"/${locale}/data-definitions\",\"dataInventory\":\"/${locale}/data-inventory\",\"dataPartners\":\"/${locale}/data-partners\",\"dataRights\":\"/${locale}/data-rights\",\"farming\":\"/${locale}/forecast/agriculture/l/${locId}\",\"fishing\":\"/${locale}/forecast/fishing/l/${locId}\",\"fiveday\":\"/${locale}/weather/5day/l/${locId}\",\"goRun\":\"/${locale}/forecast/gorun/l/${locId}\",\"home\":\"/${locale}\",\"hourly\":\"/${locale}/weather/hourbyhour/l/${locId}\",\"interactiveMap\":\"/${locale}/weather/radar/interactive/l/${locId}\",\"legal\":\"/${locale}/${collectionId}/${assetName}\",\"maps\":\"/maps/${collectionId}\",\"memberSettings\":\"/${locale}/member/settings\",\"memorialdayCountdown\":\"/forecast/memorial-day-countdown/l/${locId}\",\"mlbCountdown\":\"/${locale}/forecast/opening-day-countdown/l/${locId}\",\"monthly\":\"/${locale}/weather/monthly/l/${locId}\",\"notification\":\"/${locale}/life/manage-notifications\",\"premiumOnboarding\":\"/premium/onboarding\",\"privacyPolicyDirectory\":\"/${locale}/privacy-policy-directory\",\"privacySettings\":\"/${locale}/privacy-settings\",\"radar\":\"/${locale}/weather/radar/interactive/l/${locId}\",\"rss\":\"/rss\",\"search\":\"/${locale}/search/enhancedlocalsearch\",\"ski\":\"/${locale}/forecast/ski/l/${locId}\",\"slideshows\":\"/${locale}/slideshows\",\"tenday\":\"/${locale}/weather/tenday/l/${locId}\",\"testUrl\":\"/${locale}/weather/testUrl\",\"thanksgivingCountdown\":\"/forecast/thanksgiving-countdown/l/${locId}\",\"today\":\"/${locale}/weather/today/l/${locId}\",\"unsubscribe\":\"/${locale}/life/alerts/unsubscribe\",\"video\":\"/${locale}/${collectionId}/video/${videoTitle}\",\"weekend\":\"/${locale}/weather/weekend/l/${locId}\",\"yesterday\":\"//www.wunderground.com/history/daily/${locId}/yesterday\"}},\"ur\":{\"wxu-urls\":{\"airQuality\":\"/${locale}/forecast/air-quality/l/${locId}\",\"alertDetails\":\"/${locale}/weather/alerts/localalerts/l/${locId}\",\"alerts\":\"/${locale}/weather/alerts/localalerts/l/${locId}\",\"allergy\":\"/${locale}/forecast/allergy/l/${locId}\",\"apps\":\"/${locale}/${collectionId}/${assetName}\",\"article\":\"/${locale}/${collectionId}/news/${articleTitle}\",\"betterDecisions\":\"/mission\",\"boatBeach\":\"/${locale}/forecast/boat-beach/l/${locId}\",\"breathing\":\"/${locale}/forecast/breathing/l/${locId}\",\"callforcode\":\"/callforcode\",\"christmasCountdown\":\"/forecast/christmas-countdown/l/${locId}\",\"coldFlu\":\"/${locale}/forecast/cold-flu/l/${locId}\",\"covid19\":\"/${locale}/coronavirus/l/${locId}\",\"covid19map\":\"/${locale}/coronavirus/map/l/${locId}\",\"dataDefinitions\":\"/${locale}/data-definitions\",\"dataInventory\":\"/${locale}/data-inventory\",\"dataPartners\":\"/${locale}/data-partners\",\"dataRights\":\"/${locale}/data-rights\",\"farming\":\"/${locale}/forecast/agriculture/l/${locId}\",\"fishing\":\"/${locale}/forecast/fishing/l/${locId}\",\"fiveday\":\"/${locale}/weather/5day/l/${locId}\",\"goRun\":\"/${locale}/forecast/gorun/l/${locId}\",\"home\":\"/${locale}\",\"hourly\":\"/${locale}/weather/hourbyhour/l/${locId}\",\"interactiveMap\":\"/${locale}/weather/radar/interactive/l/${locId}\",\"legal\":\"/${locale}/${collectionId}/${assetName}\",\"maps\":\"/maps/${collectionId}\",\"memberSettings\":\"/${locale}/member/settings\",\"memorialdayCountdown\":\"/forecast/memorial-day-countdown/l/${locId}\",\"mlbCountdown\":\"/${locale}/forecast/opening-day-countdown/l/${locId}\",\"monthly\":\"/${locale}/weather/monthly/l/${locId}\",\"notification\":\"/${locale}/life/manage-notifications\",\"premiumOnboarding\":\"/premium/onboarding\",\"privacyPolicyDirectory\":\"/${locale}/privacy-policy-directory\",\"privacySettings\":\"/${locale}/privacy-settings\",\"radar\":\"/${locale}/weather/radar/interactive/l/${locId}\",\"rss\":\"/rss\",\"search\":\"/${locale}/search/enhancedlocalsearch\",\"ski\":\"/${locale}/forecast/ski/l/${locId}\",\"slideshows\":\"/${locale}/slideshows\",\"tenday\":\"/${locale}/weather/tenday/l/${locId}\",\"testUrl\":\"/${locale}/weather/testUrl\",\"thanksgivingCountdown\":\"/forecast/thanksgiving-countdown/l/${locId}\",\"today\":\"/${locale}/weather/today/l/${locId}\",\"unsubscribe\":\"/${locale}/life/alerts/unsubscribe\",\"video\":\"/${locale}/${collectionId}/video/${videoTitle}\",\"weekend\":\"/${locale}/weather/weekend/l/${locId}\",\"yesterday\":\"//www.wunderground.com/history/daily/${locId}/yesterday\"}},\"uz-UZ\":{\"wxu-urls\":{\"airQuality\":\"/${locale}/forecast/air-quality/l/${locId}\",\"alertDetails\":\"/${locale}/weather/alerts/localalerts/l/${locId}\",\"alerts\":\"/${locale}/weather/alerts/localalerts/l/${locId}\",\"allergy\":\"/${locale}/forecast/allergy/l/${locId}\",\"apps\":\"/${locale}/${collectionId}/${assetName}\",\"article\":\"/${locale}/${collectionId}/news/${articleTitle}\",\"betterDecisions\":\"/mission\",\"boatBeach\":\"/${locale}/forecast/boat-beach/l/${locId}\",\"breathing\":\"/${locale}/forecast/breathing/l/${locId}\",\"callforcode\":\"/callforcode\",\"christmasCountdown\":\"/forecast/christmas-countdown/l/${locId}\",\"coldFlu\":\"/${locale}/forecast/cold-flu/l/${locId}\",\"covid19\":\"/${locale}/coronavirus/l/${locId}\",\"covid19map\":\"/${locale}/coronavirus/map/l/${locId}\",\"dataDefinitions\":\"/${locale}/data-definitions\",\"dataInventory\":\"/${locale}/data-inventory\",\"dataPartners\":\"/${locale}/data-partners\",\"dataRights\":\"/${locale}/data-rights\",\"farming\":\"/${locale}/forecast/agriculture/l/${locId}\",\"fishing\":\"/${locale}/forecast/fishing/l/${locId}\",\"fiveday\":\"/${locale}/ob-havo/5kun/l/${locId}\",\"goRun\":\"/${locale}/forecast/gorun/l/${locId}\",\"home\":\"/${locale}\",\"hourly\":\"/${locale}/ob-havo/soatma-soat/l/${locId}\",\"interactiveMap\":\"/${locale}/ob-havo/xaritalar/interaktiv/l/${locId}\",\"legal\":\"/${locale}/${collectionId}/${assetName}\",\"maps\":\"/maps/${collectionId}\",\"memberSettings\":\"/${locale}/member/settings\",\"memorialdayCountdown\":\"/forecast/memorial-day-countdown/l/${locId}\",\"mlbCountdown\":\"/${locale}/forecast/opening-day-countdown/l/${locId}\",\"monthly\":\"/${locale}/ob-havo/oylik/l/${locId}\",\"notification\":\"/${locale}/life/manage-notifications\",\"premiumOnboarding\":\"/premium/onboarding\",\"privacyPolicyDirectory\":\"/${locale}/privacy-policy-directory\",\"privacySettings\":\"/${locale}/privacy-settings\",\"radar\":\"/${locale}/weather/radar/interactive/l/${locId}\",\"rss\":\"/rss\",\"search\":\"/${locale}/search/enhancedlocalsearch\",\"ski\":\"/${locale}/forecast/ski/l/${locId}\",\"slideshows\":\"/${locale}/slideshows\",\"tenday\":\"/${locale}/ob-havo/10kun/l/${locId}\",\"testUrl\":\"/${locale}/weather/testUrl\",\"thanksgivingCountdown\":\"/forecast/thanksgiving-countdown/l/${locId}\",\"today\":\"/${locale}/ob-havo/bugun/l/${locId}\",\"unsubscribe\":\"/${locale}/life/alerts/unsubscribe\",\"video\":\"/${locale}/${collectionId}/video/${videoTitle}\",\"weekend\":\"/${locale}/ob-havo/dam-olish-kunlari/l/${locId}\",\"yesterday\":\"//www.wunderground.com/history/daily/${locId}/yesterday\"}},\"vi-VN\":{\"wxu-urls\":{\"airQuality\":\"/${locale}/forecast/air-quality/l/${locId}\",\"alertDetails\":\"/${locale}/weather/alerts/localalerts/l/${locId}\",\"alerts\":\"/${locale}/weather/alerts/localalerts/l/${locId}\",\"allergy\":\"/${locale}/forecast/allergy/l/${locId}\",\"apps\":\"/${locale}/${collectionId}/${assetName}\",\"article\":\"/${locale}/${collectionId}/news/${articleTitle}\",\"betterDecisions\":\"/mission\",\"boatBeach\":\"/${locale}/forecast/boat-beach/l/${locId}\",\"breathing\":\"/${locale}/forecast/breathing/l/${locId}\",\"callforcode\":\"/callforcode\",\"christmasCountdown\":\"/forecast/christmas-countdown/l/${locId}\",\"coldFlu\":\"/${locale}/forecast/cold-flu/l/${locId}\",\"covid19\":\"/${locale}/coronavirus/l/${locId}\",\"covid19map\":\"/${locale}/coronavirus/map/l/${locId}\",\"dataDefinitions\":\"/${locale}/data-definitions\",\"dataInventory\":\"/${locale}/data-inventory\",\"dataPartners\":\"/${locale}/data-partners\",\"dataRights\":\"/${locale}/data-rights\",\"farming\":\"/${locale}/forecast/agriculture/l/${locId}\",\"fishing\":\"/${locale}/forecast/fishing/l/${locId}\",\"fiveday\":\"/${locale}/weather/5day/l/${locId}\",\"goRun\":\"/${locale}/forecast/gorun/l/${locId}\",\"home\":\"/${locale}\",\"hourly\":\"/${locale}/weather/hourbyhour/l/${locId}\",\"interactiveMap\":\"/${locale}/weather/radar/interactive/l/${locId}\",\"legal\":\"/${locale}/${collectionId}/${assetName}\",\"maps\":\"/maps/${collectionId}\",\"memberSettings\":\"/${locale}/member/settings\",\"memorialdayCountdown\":\"/forecast/memorial-day-countdown/l/${locId}\",\"mlbCountdown\":\"/${locale}/forecast/opening-day-countdown/l/${locId}\",\"monthly\":\"/${locale}/weather/monthly/l/${locId}\",\"notification\":\"/${locale}/life/manage-notifications\",\"premiumOnboarding\":\"/premium/onboarding\",\"privacyPolicyDirectory\":\"/${locale}/privacy-policy-directory\",\"privacySettings\":\"/${locale}/privacy-settings\",\"radar\":\"/${locale}/weather/radar/interactive/l/${locId}\",\"rss\":\"/rss\",\"search\":\"/${locale}/search/enhancedlocalsearch\",\"ski\":\"/${locale}/forecast/ski/l/${locId}\",\"slideshows\":\"/${locale}/slideshows\",\"tenday\":\"/${locale}/weather/tenday/l/${locId}\",\"testUrl\":\"/${locale}/weather/testUrl\",\"thanksgivingCountdown\":\"/forecast/thanksgiving-countdown/l/${locId}\",\"today\":\"/${locale}/weather/today/l/${locId}\",\"unsubscribe\":\"/${locale}/life/alerts/unsubscribe\",\"video\":\"/${locale}/${collectionId}/video/${videoTitle}\",\"weekend\":\"/${locale}/weather/weekend/l/${locId}\",\"yesterday\":\"//www.wunderground.com/history/daily/${locId}/yesterday\"}},\"xc-MN\":{\"wxu-urls\":{\"airQuality\":\"/${locale}/forecast/air-quality/l/${locId}\",\"alertDetails\":\"/${locale}/weather/alerts/localalerts/l/${locId}\",\"alerts\":\"/${locale}/weather/alerts/localalerts/l/${locId}\",\"allergy\":\"/${locale}/forecast/allergy/l/${locId}\",\"apps\":\"/${locale}/${collectionId}/${assetName}\",\"article\":\"/${locale}/${collectionId}/news/${articleTitle}\",\"betterDecisions\":\"/mission\",\"boatBeach\":\"/${locale}/forecast/boat-beach/l/${locId}\",\"breathing\":\"/${locale}/forecast/breathing/l/${locId}\",\"callforcode\":\"/callforcode\",\"christmasCountdown\":\"/forecast/christmas-countdown/l/${locId}\",\"coldFlu\":\"/${locale}/forecast/cold-flu/l/${locId}\",\"covid19\":\"/${locale}/coronavirus/l/${locId}\",\"covid19map\":\"/${locale}/coronavirus/map/l/${locId}\",\"dataDefinitions\":\"/${locale}/data-definitions\",\"dataInventory\":\"/${locale}/data-inventory\",\"dataPartners\":\"/${locale}/data-partners\",\"dataRights\":\"/${locale}/data-rights\",\"farming\":\"/${locale}/forecast/agriculture/l/${locId}\",\"fishing\":\"/${locale}/forecast/fishing/l/${locId}\",\"fiveday\":\"/${locale}/weather/5day/l/${locId}\",\"goRun\":\"/${locale}/forecast/gorun/l/${locId}\",\"home\":\"/${locale}\",\"hourly\":\"/${locale}/weather/hourbyhour/l/${locId}\",\"interactiveMap\":\"/${locale}/weather/maps/interactive/l/${locId}\",\"legal\":\"/${locale}/${collectionId}/${assetName}\",\"maps\":\"/maps/${collectionId}\",\"memberSettings\":\"/${locale}/member/settings\",\"memorialdayCountdown\":\"/forecast/memorial-day-countdown/l/${locId}\",\"mlbCountdown\":\"/${locale}/forecast/opening-day-countdown/l/${locId}\",\"monthly\":\"/${locale}/weather/monthly/l/${locId}\",\"notification\":\"/${locale}/life/manage-notifications\",\"premiumOnboarding\":\"/premium/onboarding\",\"privacyPolicyDirectory\":\"/${locale}/privacy-policy-directory\",\"privacySettings\":\"/${locale}/privacy-settings\",\"radar\":\"/${locale}/weather/radar/interactive/l/${locId}\",\"rss\":\"/rss\",\"search\":\"/${locale}/search/enhancedlocalsearch\",\"ski\":\"/${locale}/forecast/ski/l/${locId}\",\"slideshows\":\"/${locale}/slideshows\",\"tenday\":\"/${locale}/weather/tenday/l/${locId}\",\"testUrl\":\"/${locale}/weather/testUrl\",\"thanksgivingCountdown\":\"/forecast/thanksgiving-countdown/l/${locId}\",\"today\":\"/${locale}/weather/today/l/${locId}\",\"unsubscribe\":\"/${locale}/life/alerts/unsubscribe\",\"video\":\"/${locale}/${collectionId}/video/${videoTitle}\",\"weekend\":\"/${locale}/weather/weekend/l/${locId}\",\"yesterday\":\"//www.wunderground.com/history/daily/${locId}/yesterday\"}},\"zh-CN\":{\"wxu-urls\":{\"airQuality\":\"/${locale}/forecast/air-quality/l/${locId}\",\"alertDetails\":\"/${locale}/weather/alerts/localalerts/l/${locId}\",\"alerts\":\"/${locale}/weather/alerts/localalerts/l/${locId}\",\"allergy\":\"/${locale}/forecast/allergy/l/${locId}\",\"apps\":\"/${locale}/${collectionId}/${assetName}\",\"article\":\"/${locale}/${collectionId}/news/${articleTitle}\",\"betterDecisions\":\"/mission\",\"boatBeach\":\"/${locale}/forecast/boat-beach/l/${locId}\",\"breathing\":\"/${locale}/forecast/breathing/l/${locId}\",\"callforcode\":\"/callforcode\",\"christmasCountdown\":\"/forecast/christmas-countdown/l/${locId}\",\"coldFlu\":\"/${locale}/forecast/cold-flu/l/${locId}\",\"covid19\":\"/${locale}/coronavirus/l/${locId}\",\"covid19map\":\"/${locale}/coronavirus/map/l/${locId}\",\"dataDefinitions\":\"/${locale}/data-definitions\",\"dataInventory\":\"/${locale}/data-inventory\",\"dataPartners\":\"/${locale}/data-partners\",\"dataRights\":\"/${locale}/data-rights\",\"farming\":\"/${locale}/forecast/agriculture/l/${locId}\",\"fishing\":\"/${locale}/forecast/fishing/l/${locId}\",\"fiveday\":\"/${locale}/weather/5day/l/${locId}\",\"goRun\":\"/${locale}/forecast/gorun/l/${locId}\",\"home\":\"/${locale}\",\"hourly\":\"/${locale}/weather/hourbyhour/l/${locId}\",\"interactiveMap\":\"/${locale}/weather/radar/interactive/l/${locId}\",\"legal\":\"/${locale}/${collectionId}/${assetName}\",\"maps\":\"/maps/${collectionId}\",\"memberSettings\":\"/${locale}/member/settings\",\"memorialdayCountdown\":\"/forecast/memorial-day-countdown/l/${locId}\",\"mlbCountdown\":\"/${locale}/forecast/opening-day-countdown/l/${locId}\",\"monthly\":\"/${locale}/weather/monthly/l/${locId}\",\"notification\":\"/${locale}/life/manage-notifications\",\"premiumOnboarding\":\"/premium/onboarding\",\"privacyPolicyDirectory\":\"/${locale}/privacy-policy-directory\",\"privacySettings\":\"/${locale}/privacy-settings\",\"radar\":\"/${locale}/weather/radar/interactive/l/${locId}\",\"rss\":\"/rss\",\"search\":\"/${locale}/search/enhancedlocalsearch\",\"ski\":\"/${locale}/forecast/ski/l/${locId}\",\"slideshows\":\"/${locale}/slideshows\",\"tenday\":\"/${locale}/weather/tenday/l/${locId}\",\"testUrl\":\"/${locale}/weather/testUrl\",\"thanksgivingCountdown\":\"/forecast/thanksgiving-countdown/l/${locId}\",\"today\":\"/${locale}/weather/today/l/${locId}\",\"unsubscribe\":\"/${locale}/life/alerts/unsubscribe\",\"video\":\"/${locale}/${collectionId}/video/${videoTitle}\",\"weekend\":\"/${locale}/weather/weekend/l/${locId}\",\"yesterday\":\"//www.wunderground.com/history/daily/${locId}/yesterday\"}},\"zh-HK\":{\"wxu-urls\":{\"airQuality\":\"/${locale}/forecast/air-quality/l/${locId}\",\"alertDetails\":\"/${locale}/weather/alerts/localalerts/l/${locId}\",\"alerts\":\"/${locale}/weather/alerts/localalerts/l/${locId}\",\"allergy\":\"/${locale}/forecast/allergy/l/${locId}\",\"apps\":\"/${locale}/${collectionId}/${assetName}\",\"article\":\"/${locale}/${collectionId}/news/${articleTitle}\",\"betterDecisions\":\"/mission\",\"boatBeach\":\"/${locale}/forecast/boat-beach/l/${locId}\",\"breathing\":\"/${locale}/forecast/breathing/l/${locId}\",\"callforcode\":\"/callforcode\",\"christmasCountdown\":\"/forecast/christmas-countdown/l/${locId}\",\"coldFlu\":\"/${locale}/forecast/cold-flu/l/${locId}\",\"covid19\":\"/${locale}/coronavirus/l/${locId}\",\"covid19map\":\"/${locale}/coronavirus/map/l/${locId}\",\"dataDefinitions\":\"/${locale}/data-definitions\",\"dataInventory\":\"/${locale}/data-inventory\",\"dataPartners\":\"/${locale}/data-partners\",\"dataRights\":\"/${locale}/data-rights\",\"farming\":\"/${locale}/forecast/agriculture/l/${locId}\",\"fishing\":\"/${locale}/forecast/fishing/l/${locId}\",\"fiveday\":\"/${locale}/weather/5day/l/${locId}\",\"goRun\":\"/${locale}/forecast/gorun/l/${locId}\",\"home\":\"/${locale}\",\"hourly\":\"/${locale}/weather/hourbyhour/l/${locId}\",\"interactiveMap\":\"/${locale}/weather/radar/interactive/l/${locId}\",\"legal\":\"/${locale}/${collectionId}/${assetName}\",\"maps\":\"/maps/${collectionId}\",\"memberSettings\":\"/${locale}/member/settings\",\"memorialdayCountdown\":\"/forecast/memorial-day-countdown/l/${locId}\",\"mlbCountdown\":\"/${locale}/forecast/opening-day-countdown/l/${locId}\",\"monthly\":\"/${locale}/weather/monthly/l/${locId}\",\"notification\":\"/${locale}/life/manage-notifications\",\"premiumOnboarding\":\"/premium/onboarding\",\"privacyPolicyDirectory\":\"/${locale}/privacy-policy-directory\",\"privacySettings\":\"/${locale}/privacy-settings\",\"radar\":\"/${locale}/weather/radar/interactive/l/${locId}\",\"rss\":\"/rss\",\"search\":\"/${locale}/search/enhancedlocalsearch\",\"ski\":\"/${locale}/forecast/ski/l/${locId}\",\"slideshows\":\"/${locale}/slideshows\",\"tenday\":\"/${locale}/weather/tenday/l/${locId}\",\"testUrl\":\"/${locale}/weather/testUrl\",\"thanksgivingCountdown\":\"/forecast/thanksgiving-countdown/l/${locId}\",\"today\":\"/${locale}/weather/today/l/${locId}\",\"unsubscribe\":\"/${locale}/life/alerts/unsubscribe\",\"video\":\"/${locale}/${collectionId}/video/${videoTitle}\",\"weekend\":\"/${locale}/weather/weekend/l/${locId}\",\"yesterday\":\"//www.wunderground.com/history/daily/${locId}/yesterday\"}},\"zh-TW\":{\"wxu-urls\":{\"airQuality\":\"/${locale}/forecast/air-quality/l/${locId}\",\"alertDetails\":\"/${locale}/weather/alerts/localalerts/l/${locId}\",\"alerts\":\"/${locale}/weather/alerts/localalerts/l/${locId}\",\"allergy\":\"/${locale}/forecast/allergy/l/${locId}\",\"apps\":\"/${locale}/${collectionId}/${assetName}\",\"article\":\"/${locale}/${collectionId}/news/${articleTitle}\",\"betterDecisions\":\"/mission\",\"boatBeach\":\"/${locale}/forecast/boat-beach/l/${locId}\",\"breathing\":\"/${locale}/forecast/breathing/l/${locId}\",\"callforcode\":\"/callforcode\",\"christmasCountdown\":\"/forecast/christmas-countdown/l/${locId}\",\"coldFlu\":\"/${locale}/forecast/cold-flu/l/${locId}\",\"covid19\":\"/${locale}/coronavirus/l/${locId}\",\"covid19map\":\"/${locale}/coronavirus/map/l/${locId}\",\"dataDefinitions\":\"/${locale}/data-definitions\",\"dataInventory\":\"/${locale}/data-inventory\",\"dataPartners\":\"/${locale}/data-partners\",\"dataRights\":\"/${locale}/data-rights\",\"farming\":\"/${locale}/forecast/agriculture/l/${locId}\",\"fishing\":\"/${locale}/forecast/fishing/l/${locId}\",\"fiveday\":\"/${locale}/weather/5day/l/${locId}\",\"goRun\":\"/${locale}/forecast/gorun/l/${locId}\",\"home\":\"/${locale}\",\"hourly\":\"/${locale}/weather/hourbyhour/l/${locId}\",\"interactiveMap\":\"/${locale}/weather/radar/interactive/l/${locId}\",\"legal\":\"/${locale}/${collectionId}/${assetName}\",\"maps\":\"/maps/${collectionId}\",\"memberSettings\":\"/${locale}/member/settings\",\"memorialdayCountdown\":\"/forecast/memorial-day-countdown/l/${locId}\",\"mlbCountdown\":\"/${locale}/forecast/opening-day-countdown/l/${locId}\",\"monthly\":\"/${locale}/weather/monthly/l/${locId}\",\"notification\":\"/${locale}/life/manage-notifications\",\"premiumOnboarding\":\"/premium/onboarding\",\"privacyPolicyDirectory\":\"/${locale}/privacy-policy-directory\",\"privacySettings\":\"/${locale}/privacy-settings\",\"radar\":\"/${locale}/weather/radar/interactive/l/${locId}\",\"rss\":\"/rss\",\"search\":\"/${locale}/search/enhancedlocalsearch\",\"ski\":\"/${locale}/forecast/ski/l/${locId}\",\"slideshows\":\"/${locale}/slideshows\",\"tenday\":\"/${locale}/weather/tenday/l/${locId}\",\"testUrl\":\"/${locale}/weather/testUrl\",\"thanksgivingCountdown\":\"/forecast/thanksgiving-countdown/l/${locId}\",\"today\":\"/${locale}/weather/today/l/${locId}\",\"unsubscribe\":\"/${locale}/life/alerts/unsubscribe\",\"video\":\"/${locale}/${collectionId}/video/${videoTitle}\",\"weekend\":\"/${locale}/weather/weekend/l/${locId}\",\"yesterday\":\"//www.wunderground.com/history/daily/${locId}/yesterday\"}}}");</script><script>if ('serviceWorker' in navigator) {
      window.addEventListener('load', () => {
        navigator.serviceWorker.register('/daybreak-home/assets/service-worker.js');
      });
    }</script><div id="dpr-manager"></div></body></html>]
	at org.testng.Assert.fail(Assert.java:97)
	at org.testng.Assert.assertEqualsImpl(Assert.java:136)
	at org.testng.Assert.assertEquals(Assert.java:118)
	at org.testng.Assert.assertEquals(Assert.java:563)
	at info.seleniumcucumber.steps.CommonSteps.mockingResponse(CommonSteps.java:270)
	at ✽.Mocking response(file:///Users/minhdao/Minh-selenium-cucumber-java/src/test/resources/features/weather-intercept.feature:12)

]]></system-out>
  </testcase>
  <testcase name="runScenario[&quot;Purchase successfull scenario&quot;, &quot;Optional[Purchase feature]&quot;](3)" classname="info.seleniumcucumber.RunnerTestNG" time="123.768">
    <failure message="no such element: Unable to locate element: {&quot;method&quot;:&quot;xpath&quot;,&quot;selector&quot;:&quot;//label[contains(text(),&apos;I agree to the terms of service and will adhere to them unconditionally.&apos;)]&quot;}&#10;  (Session info: chrome=95.0.4638.69)&#10;For documentation on this error, please visit: https://selenium.dev/exceptions/#no_such_element&#10;Build info: version: &apos;4.0.0&apos;, revision: &apos;3a21814679&apos;&#10;System info: host: &apos;Minh-Dao-Macbook.local&apos;, ip: &apos;2402:800:63aa:c6ee:d576:7080:1fe8:aeb9%en0&apos;, os.name: &apos;Mac OS X&apos;, os.arch: &apos;x86_64&apos;, os.version: &apos;10.16&apos;, java.version: &apos;1.8.0_301&apos;&#10;Driver info: org.openqa.selenium.chrome.ChromeDriver&#10;Command: [09aa7536fcb5185b76817aaef5af32de, findElement {using=xpath, value=//label[contains(text(),&apos;I agree to the terms of service and will adhere to them unconditionally.&apos;)]}]&#10;Capabilities {acceptInsecureCerts: false, browserName: chrome, browserVersion: 95.0.4638.69, chrome: {chromedriverVersion: 94.0.4606.41 (333e85df3c9b6..., userDataDir: /var/folders/bp/l9qv2lc13mb...}, goog:chromeOptions: {debuggerAddress: localhost:60652}, javascriptEnabled: true, networkConnectionEnabled: false, pageLoadStrategy: normal, platform: MAC, platformName: MAC, proxy: Proxy(), se:cdp: ws://localhost:60652/devtoo..., se:cdpVersion: 95.0.4638.69, setWindowRect: true, strictFileInteractability: false, timeouts: {implicit: 0, pageLoad: 300000, script: 30000}, unhandledPromptBehavior: dismiss and notify, webauthn:extension:credBlob: true, webauthn:extension:largeBlob: true, webauthn:virtualAuthenticators: true}&#10;Session ID: 09aa7536fcb5185b76817aaef5af32de" type="org.openqa.selenium.NoSuchElementException"><![CDATA[org.openqa.selenium.NoSuchElementException: 
no such element: Unable to locate element: {"method":"xpath","selector":"//label[contains(text(),'I agree to the terms of service and will adhere to them unconditionally.')]"}
  (Session info: chrome=95.0.4638.69)
For documentation on this error, please visit: https://selenium.dev/exceptions/#no_such_element
Build info: version: '4.0.0', revision: '3a21814679'
System info: host: 'Minh-Dao-Macbook.local', ip: '2402:800:63aa:c6ee:d576:7080:1fe8:aeb9%en0', os.name: 'Mac OS X', os.arch: 'x86_64', os.version: '10.16', java.version: '1.8.0_301'
Driver info: org.openqa.selenium.chrome.ChromeDriver
Command: [09aa7536fcb5185b76817aaef5af32de, findElement {using=xpath, value=//label[contains(text(),'I agree to the terms of service and will adhere to them unconditionally.')]}]
Capabilities {acceptInsecureCerts: false, browserName: chrome, browserVersion: 95.0.4638.69, chrome: {chromedriverVersion: 94.0.4606.41 (333e85df3c9b6..., userDataDir: /var/folders/bp/l9qv2lc13mb...}, goog:chromeOptions: {debuggerAddress: localhost:60652}, javascriptEnabled: true, networkConnectionEnabled: false, pageLoadStrategy: normal, platform: MAC, platformName: MAC, proxy: Proxy(), se:cdp: ws://localhost:60652/devtoo..., se:cdpVersion: 95.0.4638.69, setWindowRect: true, strictFileInteractability: false, timeouts: {implicit: 0, pageLoad: 300000, script: 30000}, unhandledPromptBehavior: dismiss and notify, webauthn:extension:credBlob: true, webauthn:extension:largeBlob: true, webauthn:virtualAuthenticators: true}
Session ID: 09aa7536fcb5185b76817aaef5af32de
]]></failure>
    <system-out><![CDATA[  Given I want to go to automationpractice website           # info.seleniumcucumber.steps.APHomePageSteps.i_want_to_go_to_automationpractice_website()
  And verify the mystore title                               # info.seleniumcucumber.steps.APHomePageSteps.verify_the_mystore_title()
  Given I want to go to automationpractice website           # info.seleniumcucumber.steps.APHomePageSteps.i_want_to_go_to_automationpractice_website()
  And verify the mystore title                               # info.seleniumcucumber.steps.APHomePageSteps.verify_the_mystore_title()
  When I click on sign in                                    # info.seleniumcucumber.steps.APHomePageSteps.i_click_on_sign_in()
  Then I should see the login page                           # info.seleniumcucumber.steps.APSignInPageSteps.i_should_see_the_login_page()
  When I click on sign in                                    # info.seleniumcucumber.steps.APHomePageSteps.i_click_on_sign_in()
  Then I should see the login page                           # info.seleniumcucumber.steps.APSignInPageSteps.i_should_see_the_login_page()
  When I enter "Minh" login credentials                      # info.seleniumcucumber.steps.APSignInPageSteps.i_enter_login_credentials(java.lang.String)
  Then I should see the my account page                      # info.seleniumcucumber.steps.APMyAccountPageSteps.i_should_see_the_my_account_page()
  When I enter "Minh" login credentials                      # info.seleniumcucumber.steps.APSignInPageSteps.i_enter_login_credentials(java.lang.String)
  Then I should see the my account page                      # info.seleniumcucumber.steps.APMyAccountPageSteps.i_should_see_the_my_account_page()
  When I choose the option women and choose tshirts          # info.seleniumcucumber.steps.APMyAccountPageSteps.i_choose_the_option_women_and_choose_tshirts()
  Then I should see the tshirts section                      # info.seleniumcucumber.steps.APTshirtsSectionPageSteps.i_should_see_the_tshirts_section()
  When I choose medium size                                  # info.seleniumcucumber.steps.APTshirtsSectionPageSteps.i_choose_medium_size()
  And I add the faded short sleeve tshirt to the cart        # info.seleniumcucumber.steps.APTshirtsSectionPageSteps.i_add_the_faded_short_sleeve_tshirt_to_the_cart()
  When I choose the option women and choose tshirts          # info.seleniumcucumber.steps.APMyAccountPageSteps.i_choose_the_option_women_and_choose_tshirts()
  Then I should see the tshirts section                      # info.seleniumcucumber.steps.APTshirtsSectionPageSteps.i_should_see_the_tshirts_section()
  When I choose medium size                                  # info.seleniumcucumber.steps.APTshirtsSectionPageSteps.i_choose_medium_size()
  And I add the faded short sleeve tshirt to the cart        # info.seleniumcucumber.steps.APTshirtsSectionPageSteps.i_add_the_faded_short_sleeve_tshirt_to_the_cart()
  And I choose proceed to checkout on tshirts selection page # info.seleniumcucumber.steps.APTshirtsSectionPageSteps.i_choose_proceed_to_checkout_on_tshirts_selection_page()
  Then I should see my order page                            # info.seleniumcucumber.steps.APOrderPageSteps.i_should_see_my_order_page()
  And I choose proceed to checkout on tshirts selection page # info.seleniumcucumber.steps.APTshirtsSectionPageSteps.i_choose_proceed_to_checkout_on_tshirts_selection_page()
  Then I should see my order page                            # info.seleniumcucumber.steps.APOrderPageSteps.i_should_see_my_order_page()
  When I choose proceed to checkout on order page            # info.seleniumcucumber.steps.APOrderPageSteps.i_choose_proceed_to_checkout_on_order_page()
  And I choose the payment method cheque                     # info.seleniumcucumber.steps.APOrderPageSteps.i_choose_the_payment_method_cheque()
  When I choose proceed to checkout on order page            # info.seleniumcucumber.steps.APOrderPageSteps.i_choose_proceed_to_checkout_on_order_page()
      org.openqa.selenium.NoSuchElementException: no such element: Unable to locate element: {"method":"xpath","selector":"//label[contains(text(),'I agree to the terms of service and will adhere to them unconditionally.')]"}
  (Session info: chrome=95.0.4638.69)
For documentation on this error, please visit: https://selenium.dev/exceptions/#no_such_element
Build info: version: '4.0.0', revision: '3a21814679'
System info: host: 'Minh-Dao-Macbook.local', ip: '2402:800:63aa:c6ee:d576:7080:1fe8:aeb9%en0', os.name: 'Mac OS X', os.arch: 'x86_64', os.version: '10.16', java.version: '1.8.0_301'
Driver info: org.openqa.selenium.chrome.ChromeDriver
Command: [09aa7536fcb5185b76817aaef5af32de, findElement {using=xpath, value=//label[contains(text(),'I agree to the terms of service and will adhere to them unconditionally.')]}]
Capabilities {acceptInsecureCerts: false, browserName: chrome, browserVersion: 95.0.4638.69, chrome: {chromedriverVersion: 94.0.4606.41 (333e85df3c9b6..., userDataDir: /var/folders/bp/l9qv2lc13mb...}, goog:chromeOptions: {debuggerAddress: localhost:60652}, javascriptEnabled: true, networkConnectionEnabled: false, pageLoadStrategy: normal, platform: MAC, platformName: MAC, proxy: Proxy(), se:cdp: ws://localhost:60652/devtoo..., se:cdpVersion: 95.0.4638.69, setWindowRect: true, strictFileInteractability: false, timeouts: {implicit: 0, pageLoad: 300000, script: 30000}, unhandledPromptBehavior: dismiss and notify, webauthn:extension:credBlob: true, webauthn:extension:largeBlob: true, webauthn:virtualAuthenticators: true}
Session ID: 09aa7536fcb5185b76817aaef5af32de
	at sun.reflect.GeneratedConstructorAccessor32.newInstance(Unknown Source)
	at sun.reflect.DelegatingConstructorAccessorImpl.newInstance(DelegatingConstructorAccessorImpl.java:45)
	at java.lang.reflect.Constructor.newInstance(Constructor.java:423)
	at org.openqa.selenium.remote.codec.w3c.W3CHttpResponseCodec.createException(W3CHttpResponseCodec.java:200)
	at org.openqa.selenium.remote.codec.w3c.W3CHttpResponseCodec.decode(W3CHttpResponseCodec.java:133)
	at org.openqa.selenium.remote.codec.w3c.W3CHttpResponseCodec.decode(W3CHttpResponseCodec.java:53)
	at org.openqa.selenium.remote.HttpCommandExecutor.execute(HttpCommandExecutor.java:184)
	at org.openqa.selenium.remote.service.DriverCommandExecutor.invokeExecute(DriverCommandExecutor.java:164)
	at org.openqa.selenium.remote.service.DriverCommandExecutor.execute(DriverCommandExecutor.java:139)
	at org.openqa.selenium.remote.RemoteWebDriver.execute(RemoteWebDriver.java:559)
	at org.openqa.selenium.remote.ElementLocation$ElementFinder$2.findElement(ElementLocation.java:162)
	at org.openqa.selenium.remote.ElementLocation.findElement(ElementLocation.java:60)
	at org.openqa.selenium.remote.RemoteWebDriver.findElement(RemoteWebDriver.java:383)
	at org.openqa.selenium.remote.RemoteWebDriver.findElement(RemoteWebDriver.java:375)
	at org.openqa.selenium.support.pagefactory.DefaultElementLocator.findElement(DefaultElementLocator.java:70)
	at org.openqa.selenium.support.pagefactory.internal.LocatingElementHandler.invoke(LocatingElementHandler.java:39)
	at com.sun.proxy.$Proxy26.click(Unknown Source)
	at info.seleniumcucumber.utils.ClickElementsMethodsByElement.click(ClickElementsMethodsByElement.java:17)
	at info.seleniumcucumber.pageAndActionObjects.APOrderPage.agreeTermsAndConditions(APOrderPage.java:36)
	at info.seleniumcucumber.steps.APOrderPageSteps.i_choose_proceed_to_checkout_on_order_page(APOrderPageSteps.java:28)
	at ✽.I choose proceed to checkout on order page(file:///Users/minhdao/Minh-selenium-cucumber-java/src/test/resources/features/Purchase.feature:17)

  And I choose the payment method cheque                     # info.seleniumcucumber.steps.APOrderPageSteps.i_choose_the_payment_method_cheque()
  And I confirm my order                                     # info.seleniumcucumber.steps.APOrderPageSteps.i_confirm_my_order()
  Then I should see order confirmation page                  # info.seleniumcucumber.steps.APOrderConfirmationPageSteps.i_should_see_order_confirmation_page()
  And validate the payment amount                            # info.seleniumcucumber.steps.APOrderConfirmationPageSteps.validate_the_payment_amount()
]]></system-out>
  </testcase>
  <testcase name="runScenario[&quot;Purchase successfull scenario&quot;, &quot;Optional[Purchase feature]&quot;](4)" classname="info.seleniumcucumber.RunnerTestNG" time="137.116">
    <system-out><![CDATA[  And I confirm my order                                     # info.seleniumcucumber.steps.APOrderPageSteps.i_confirm_my_order()
  Then I should see order confirmation page                  # info.seleniumcucumber.steps.APOrderConfirmationPageSteps.i_should_see_order_confirmation_page()
  And validate the payment amount                            # info.seleniumcucumber.steps.APOrderConfirmationPageSteps.validate_the_payment_amount()
]]></system-out>
  </testcase>
</testsuite>